<?xml version="1.0" encoding="UTF-8"?>
<!-- Generated by org.testng.reporters.JUnitReportReporter -->
<testsuite hostname="saurabhsoni" failures="0" tests="4" name="Runner.TestRunner" time="199.833" errors="0" timestamp="14 Jan 2021 12:48:12 GMT" skipped="0">
  <testcase classname="Runner.TestRunner" name="feature" time="59.396"/>
  <testcase classname="Runner.TestRunner" name="feature" time="79.418"/>
  <testcase classname="Runner.TestRunner" name="feature" time="11.706"/>
  <testcase classname="Runner.TestRunner" name="feature" time="49.313"/>
</testsuite> <!-- Runner.TestRunner -->
