<?xml version="1.0" encoding="UTF-8"?>
<testsuite xmlns:xsi="http://www.w3.org/2001/XMLSchema-instance" xsi:noNamespaceSchemaLocation="https://maven.apache.org/surefire/maven-surefire-plugin/xsd/surefire-test-report-3.0.xsd" version="3.0" name="TestSuite" time="211.19" tests="4" errors="0" skipped="0" failures="1">
  <properties>
    <property name="sun.desktop" value="windows"/>
    <property name="awt.toolkit" value="sun.awt.windows.WToolkit"/>
    <property name="file.encoding.pkg" value="sun.io"/>
    <property name="java.specification.version" value="1.8"/>
    <property name="sun.cpu.isalist" value="amd64"/>
    <property name="sun.jnu.encoding" value="Cp1252"/>
    <property name="java.class.path" value="C:\Users\saurabhsoni\eclipse-workspace\Saurabh_Soni_3155142_AppiumAssignment\target\test-classes;C:\Users\saurabhsoni\eclipse-workspace\Saurabh_Soni_3155142_AppiumAssignment\target\classes;C:\Users\saurabhsoni\.m2\repository\com\vimalselvam\cucumber-extentsreport\3.0.2\cucumber-extentsreport-3.0.2.jar;C:\Users\saurabhsoni\.m2\repository\info\cukes\cucumber-picocontainer\1.2.5\cucumber-picocontainer-1.2.5.jar;C:\Users\saurabhsoni\.m2\repository\org\picocontainer\picocontainer\2.15\picocontainer-2.15.jar;C:\Users\saurabhsoni\.m2\repository\com\aventstack\extentreports\3.1.2\extentreports-3.1.2.jar;C:\Users\saurabhsoni\.m2\repository\org\freemarker\freemarker\2.3.23\freemarker-2.3.23.jar;C:\Users\saurabhsoni\.m2\repository\org\mongodb\mongodb-driver\3.3.0\mongodb-driver-3.3.0.jar;C:\Users\saurabhsoni\.m2\repository\org\mongodb\bson\3.3.0\bson-3.3.0.jar;C:\Users\saurabhsoni\.m2\repository\org\mongodb\mongodb-driver-core\3.3.0\mongodb-driver-core-3.3.0.jar;C:\Users\saurabhsoni\.m2\repository\org\apache\httpcomponents\httpclient\4.5.2\httpclient-4.5.2.jar;C:\Users\saurabhsoni\.m2\repository\org\apache\httpcomponents\httpcore\4.4.4\httpcore-4.4.4.jar;C:\Users\saurabhsoni\.m2\repository\commons-codec\commons-codec\1.9\commons-codec-1.9.jar;C:\Users\saurabhsoni\.m2\repository\org\apache\httpcomponents\httpmime\4.5.2\httpmime-4.5.2.jar;C:\Users\saurabhsoni\.m2\repository\org\jsoup\jsoup\1.9.2\jsoup-1.9.2.jar;C:\Users\saurabhsoni\.m2\repository\com\google\code\gson\gson\2.8.0\gson-2.8.0.jar;C:\Users\saurabhsoni\.m2\repository\info\cukes\cucumber-java\1.2.5\cucumber-java-1.2.5.jar;C:\Users\saurabhsoni\.m2\repository\info\cukes\cucumber-core\1.2.5\cucumber-core-1.2.5.jar;C:\Users\saurabhsoni\.m2\repository\info\cukes\cucumber-html\0.2.3\cucumber-html-0.2.3.jar;C:\Users\saurabhsoni\.m2\repository\info\cukes\cucumber-testng\1.2.5\cucumber-testng-1.2.5.jar;C:\Users\saurabhsoni\.m2\repository\org\testng\testng\6.14.3\testng-6.14.3.jar;C:\Users\saurabhsoni\.m2\repository\com\beust\jcommander\1.72\jcommander-1.72.jar;C:\Users\saurabhsoni\.m2\repository\org\apache-extras\beanshell\bsh\2.0b6\bsh-2.0b6.jar;C:\Users\saurabhsoni\.m2\repository\info\cukes\cucumber-jvm-deps\1.0.5\cucumber-jvm-deps-1.0.5.jar;C:\Users\saurabhsoni\.m2\repository\net\masterthought\cucumber-reporting\1.0.0\cucumber-reporting-1.0.0.jar;C:\Users\saurabhsoni\.m2\repository\org\apache\velocity\velocity\1.7\velocity-1.7.jar;C:\Users\saurabhsoni\.m2\repository\commons-collections\commons-collections\3.2.1\commons-collections-3.2.1.jar;C:\Users\saurabhsoni\.m2\repository\commons-lang\commons-lang\2.4\commons-lang-2.4.jar;C:\Users\saurabhsoni\.m2\repository\velocity-tools\velocity-tools\1.4\velocity-tools-1.4.jar;C:\Users\saurabhsoni\.m2\repository\joda-time\joda-time\2.9.1\joda-time-2.9.1.jar;C:\Users\saurabhsoni\.m2\repository\org\apache\commons\commons-lang3\3.4\commons-lang3-3.4.jar;C:\Users\saurabhsoni\.m2\repository\commons-io\commons-io\2.4\commons-io-2.4.jar;C:\Users\saurabhsoni\.m2\repository\net\lingala\zip4j\zip4j\1.3.2\zip4j-1.3.2.jar;C:\Users\saurabhsoni\.m2\repository\org\apache\maven\plugins\maven-gpg-plugin\1.6\maven-gpg-plugin-1.6.jar;C:\Users\saurabhsoni\.m2\repository\org\apache\maven\maven-plugin-api\2.2.1\maven-plugin-api-2.2.1.jar;C:\Users\saurabhsoni\.m2\repository\org\apache\maven\maven-project\2.2.1\maven-project-2.2.1.jar;C:\Users\saurabhsoni\.m2\repository\org\apache\maven\maven-settings\2.2.1\maven-settings-2.2.1.jar;C:\Users\saurabhsoni\.m2\repository\org\apache\maven\maven-profile\2.2.1\maven-profile-2.2.1.jar;C:\Users\saurabhsoni\.m2\repository\org\apache\maven\maven-artifact-manager\2.2.1\maven-artifact-manager-2.2.1.jar;C:\Users\saurabhsoni\.m2\repository\org\apache\maven\wagon\wagon-provider-api\1.0-beta-6\wagon-provider-api-1.0-beta-6.jar;C:\Users\saurabhsoni\.m2\repository\backport-util-concurrent\backport-util-concurrent\3.1\backport-util-concurrent-3.1.jar;C:\Users\saurabhsoni\.m2\repository\org\apache\maven\maven-plugin-registry\2.2.1\maven-plugin-registry-2.2.1.jar;C:\Users\saurabhsoni\.m2\repository\org\codehaus\plexus\plexus-interpolation\1.11\plexus-interpolation-1.11.jar;C:\Users\saurabhsoni\.m2\repository\org\codehaus\plexus\plexus-container-default\1.0-alpha-9-stable-1\plexus-container-default-1.0-alpha-9-stable-1.jar;C:\Users\saurabhsoni\.m2\repository\junit\junit\3.8.1\junit-3.8.1.jar;C:\Users\saurabhsoni\.m2\repository\classworlds\classworlds\1.1-alpha-2\classworlds-1.1-alpha-2.jar;C:\Users\saurabhsoni\.m2\repository\org\apache\maven\maven-artifact\2.2.1\maven-artifact-2.2.1.jar;C:\Users\saurabhsoni\.m2\repository\org\apache\maven\maven-repository-metadata\2.2.1\maven-repository-metadata-2.2.1.jar;C:\Users\saurabhsoni\.m2\repository\org\apache\maven\maven-model\2.2.1\maven-model-2.2.1.jar;C:\Users\saurabhsoni\.m2\repository\org\codehaus\plexus\plexus-utils\3.0.20\plexus-utils-3.0.20.jar;C:\Users\saurabhsoni\.m2\repository\org\sonatype\plexus\plexus-sec-dispatcher\1.4\plexus-sec-dispatcher-1.4.jar;C:\Users\saurabhsoni\.m2\repository\org\sonatype\plexus\plexus-cipher\1.4\plexus-cipher-1.4.jar;C:\Users\saurabhsoni\.m2\repository\info\cukes\gherkin\2.12.2\gherkin-2.12.2.jar;C:\Users\saurabhsoni\.m2\repository\org\uncommons\reportng\1.1.4\reportng-1.1.4.jar;C:\Users\saurabhsoni\.m2\repository\velocity\velocity\1.4\velocity-1.4.jar;C:\Users\saurabhsoni\.m2\repository\velocity\velocity-dep\1.4\velocity-dep-1.4.jar;C:\Users\saurabhsoni\.m2\repository\com\relevantcodes\extentreports\2.41.1\extentreports-2.41.1.jar;C:\Users\saurabhsoni\.m2\repository\org\xerial\sqlite-jdbc\3.8.11.1\sqlite-jdbc-3.8.11.1.jar;C:\Users\saurabhsoni\.m2\repository\com\google\inject\guice\4.1.0\guice-4.1.0.jar;C:\Users\saurabhsoni\.m2\repository\javax\inject\javax.inject\1\javax.inject-1.jar;C:\Users\saurabhsoni\.m2\repository\aopalliance\aopalliance\1.0\aopalliance-1.0.jar;C:\Users\saurabhsoni\.m2\repository\org\apache\poi\poi\3.6\poi-3.6.jar;C:\Users\saurabhsoni\.m2\repository\commons-logging\commons-logging\1.1\commons-logging-1.1.jar;C:\Users\saurabhsoni\.m2\repository\logkit\logkit\1.0.1\logkit-1.0.1.jar;C:\Users\saurabhsoni\.m2\repository\avalon-framework\avalon-framework\4.1.3\avalon-framework-4.1.3.jar;C:\Users\saurabhsoni\.m2\repository\javax\servlet\servlet-api\2.3\servlet-api-2.3.jar;C:\Users\saurabhsoni\.m2\repository\org\apache\poi\poi-ooxml\3.6\poi-ooxml-3.6.jar;C:\Users\saurabhsoni\.m2\repository\dom4j\dom4j\1.1\dom4j-1.1.jar;C:\Users\saurabhsoni\.m2\repository\org\apache\xmlbeans\xmlbeans\2.3.0\xmlbeans-2.3.0.jar;C:\Users\saurabhsoni\.m2\repository\stax\stax-api\1.0.1\stax-api-1.0.1.jar;C:\Users\saurabhsoni\.m2\repository\org\apache\poi\poi-ooxml-schemas\3.6\poi-ooxml-schemas-3.6.jar;C:\Users\saurabhsoni\.m2\repository\org\apache\geronimo\specs\geronimo-stax-api_1.0_spec\1.0\geronimo-stax-api_1.0_spec-1.0.jar;C:\Users\saurabhsoni\.m2\repository\log4j\log4j\1.2.17\log4j-1.2.17.jar;C:\Users\saurabhsoni\.m2\repository\org\seleniumhq\selenium\selenium-java\3.141.5\selenium-java-3.141.5.jar;C:\Users\saurabhsoni\.m2\repository\org\seleniumhq\selenium\selenium-chrome-driver\3.141.5\selenium-chrome-driver-3.141.5.jar;C:\Users\saurabhsoni\.m2\repository\org\seleniumhq\selenium\selenium-edge-driver\3.141.5\selenium-edge-driver-3.141.5.jar;C:\Users\saurabhsoni\.m2\repository\org\seleniumhq\selenium\selenium-firefox-driver\3.141.5\selenium-firefox-driver-3.141.5.jar;C:\Users\saurabhsoni\.m2\repository\org\seleniumhq\selenium\selenium-ie-driver\3.141.5\selenium-ie-driver-3.141.5.jar;C:\Users\saurabhsoni\.m2\repository\org\seleniumhq\selenium\selenium-opera-driver\3.141.5\selenium-opera-driver-3.141.5.jar;C:\Users\saurabhsoni\.m2\repository\org\seleniumhq\selenium\selenium-remote-driver\3.141.5\selenium-remote-driver-3.141.5.jar;C:\Users\saurabhsoni\.m2\repository\org\seleniumhq\selenium\selenium-safari-driver\3.141.5\selenium-safari-driver-3.141.5.jar;C:\Users\saurabhsoni\.m2\repository\org\seleniumhq\selenium\selenium-support\3.141.5\selenium-support-3.141.5.jar;C:\Users\saurabhsoni\.m2\repository\net\bytebuddy\byte-buddy\1.8.15\byte-buddy-1.8.15.jar;C:\Users\saurabhsoni\.m2\repository\org\apache\commons\commons-exec\1.3\commons-exec-1.3.jar;C:\Users\saurabhsoni\.m2\repository\com\squareup\okhttp3\okhttp\3.11.0\okhttp-3.11.0.jar;C:\Users\saurabhsoni\.m2\repository\com\squareup\okio\okio\1.14.0\okio-1.14.0.jar;C:\Users\saurabhsoni\.m2\repository\io\appium\java-client\6.1.0\java-client-6.1.0.jar;C:\Users\saurabhsoni\.m2\repository\cglib\cglib\3.2.6\cglib-3.2.6.jar;C:\Users\saurabhsoni\.m2\repository\org\ow2\asm\asm\6.0\asm-6.0.jar;C:\Users\saurabhsoni\.m2\repository\org\apache\ant\ant\1.9.6\ant-1.9.6.jar;C:\Users\saurabhsoni\.m2\repository\org\apache\ant\ant-launcher\1.9.6\ant-launcher-1.9.6.jar;C:\Users\saurabhsoni\.m2\repository\commons-validator\commons-validator\1.6\commons-validator-1.6.jar;C:\Users\saurabhsoni\.m2\repository\commons-beanutils\commons-beanutils\1.9.2\commons-beanutils-1.9.2.jar;C:\Users\saurabhsoni\.m2\repository\commons-digester\commons-digester\1.8.1\commons-digester-1.8.1.jar;C:\Users\saurabhsoni\.m2\repository\org\springframework\spring-context\5.0.5.RELEASE\spring-context-5.0.5.RELEASE.jar;C:\Users\saurabhsoni\.m2\repository\org\springframework\spring-aop\5.0.5.RELEASE\spring-aop-5.0.5.RELEASE.jar;C:\Users\saurabhsoni\.m2\repository\org\springframework\spring-beans\5.0.5.RELEASE\spring-beans-5.0.5.RELEASE.jar;C:\Users\saurabhsoni\.m2\repository\org\springframework\spring-core\5.0.5.RELEASE\spring-core-5.0.5.RELEASE.jar;C:\Users\saurabhsoni\.m2\repository\org\springframework\spring-jcl\5.0.5.RELEASE\spring-jcl-5.0.5.RELEASE.jar;C:\Users\saurabhsoni\.m2\repository\org\springframework\spring-expression\5.0.5.RELEASE\spring-expression-5.0.5.RELEASE.jar;C:\Users\saurabhsoni\.m2\repository\org\aspectj\aspectjweaver\1.9.1\aspectjweaver-1.9.1.jar;C:\Users\saurabhsoni\.m2\repository\org\openpnp\opencv\3.2.0-1\opencv-3.2.0-1.jar;C:\Users\saurabhsoni\.m2\repository\com\google\guava\guava\23.6-jre\guava-23.6-jre.jar;C:\Users\saurabhsoni\.m2\repository\com\google\code\findbugs\jsr305\1.3.9\jsr305-1.3.9.jar;C:\Users\saurabhsoni\.m2\repository\org\checkerframework\checker-compat-qual\2.0.0\checker-compat-qual-2.0.0.jar;C:\Users\saurabhsoni\.m2\repository\com\google\errorprone\error_prone_annotations\2.1.3\error_prone_annotations-2.1.3.jar;C:\Users\saurabhsoni\.m2\repository\com\google\j2objc\j2objc-annotations\1.1\j2objc-annotations-1.1.jar;C:\Users\saurabhsoni\.m2\repository\org\codehaus\mojo\animal-sniffer-annotations\1.14\animal-sniffer-annotations-1.14.jar;C:\Users\saurabhsoni\.m2\repository\org\seleniumhq\selenium\selenium-api\3.141.5\selenium-api-3.141.5.jar;"/>
    <property name="java.vm.vendor" value="Oracle Corporation"/>
    <property name="sun.arch.data.model" value="64"/>
    <property name="user.variant" value=""/>
    <property name="java.vendor.url" value="http://java.oracle.com/"/>
    <property name="user.timezone" value="Asia/Calcutta"/>
    <property name="java.vm.specification.version" value="1.8"/>
    <property name="os.name" value="Windows 10"/>
    <property name="user.country" value="IN"/>
    <property name="sun.java.launcher" value="SUN_STANDARD"/>
    <property name="sun.boot.library.path" value="C:\Program Files\Java\jdk1.8.0_221\jre\bin"/>
    <property name="sun.java.command" value="C:\Users\saurabhsoni\AppData\Local\Temp\surefire6838024676948910615\surefirebooter8753540722333053184.jar C:\Users\saurabhsoni\AppData\Local\Temp\surefire6838024676948910615 2021-01-14T18-20-06_449-jvmRun1 surefire2724118074059051762tmp surefire_01217816772857216087tmp"/>
    <property name="surefire.test.class.path" value="C:\Users\saurabhsoni\eclipse-workspace\Saurabh_Soni_3155142_AppiumAssignment\target\test-classes;C:\Users\saurabhsoni\eclipse-workspace\Saurabh_Soni_3155142_AppiumAssignment\target\classes;C:\Users\saurabhsoni\.m2\repository\com\vimalselvam\cucumber-extentsreport\3.0.2\cucumber-extentsreport-3.0.2.jar;C:\Users\saurabhsoni\.m2\repository\info\cukes\cucumber-picocontainer\1.2.5\cucumber-picocontainer-1.2.5.jar;C:\Users\saurabhsoni\.m2\repository\org\picocontainer\picocontainer\2.15\picocontainer-2.15.jar;C:\Users\saurabhsoni\.m2\repository\com\aventstack\extentreports\3.1.2\extentreports-3.1.2.jar;C:\Users\saurabhsoni\.m2\repository\org\freemarker\freemarker\2.3.23\freemarker-2.3.23.jar;C:\Users\saurabhsoni\.m2\repository\org\mongodb\mongodb-driver\3.3.0\mongodb-driver-3.3.0.jar;C:\Users\saurabhsoni\.m2\repository\org\mongodb\bson\3.3.0\bson-3.3.0.jar;C:\Users\saurabhsoni\.m2\repository\org\mongodb\mongodb-driver-core\3.3.0\mongodb-driver-core-3.3.0.jar;C:\Users\saurabhsoni\.m2\repository\org\apache\httpcomponents\httpclient\4.5.2\httpclient-4.5.2.jar;C:\Users\saurabhsoni\.m2\repository\org\apache\httpcomponents\httpcore\4.4.4\httpcore-4.4.4.jar;C:\Users\saurabhsoni\.m2\repository\commons-codec\commons-codec\1.9\commons-codec-1.9.jar;C:\Users\saurabhsoni\.m2\repository\org\apache\httpcomponents\httpmime\4.5.2\httpmime-4.5.2.jar;C:\Users\saurabhsoni\.m2\repository\org\jsoup\jsoup\1.9.2\jsoup-1.9.2.jar;C:\Users\saurabhsoni\.m2\repository\com\google\code\gson\gson\2.8.0\gson-2.8.0.jar;C:\Users\saurabhsoni\.m2\repository\info\cukes\cucumber-java\1.2.5\cucumber-java-1.2.5.jar;C:\Users\saurabhsoni\.m2\repository\info\cukes\cucumber-core\1.2.5\cucumber-core-1.2.5.jar;C:\Users\saurabhsoni\.m2\repository\info\cukes\cucumber-html\0.2.3\cucumber-html-0.2.3.jar;C:\Users\saurabhsoni\.m2\repository\info\cukes\cucumber-testng\1.2.5\cucumber-testng-1.2.5.jar;C:\Users\saurabhsoni\.m2\repository\org\testng\testng\6.14.3\testng-6.14.3.jar;C:\Users\saurabhsoni\.m2\repository\com\beust\jcommander\1.72\jcommander-1.72.jar;C:\Users\saurabhsoni\.m2\repository\org\apache-extras\beanshell\bsh\2.0b6\bsh-2.0b6.jar;C:\Users\saurabhsoni\.m2\repository\info\cukes\cucumber-jvm-deps\1.0.5\cucumber-jvm-deps-1.0.5.jar;C:\Users\saurabhsoni\.m2\repository\net\masterthought\cucumber-reporting\1.0.0\cucumber-reporting-1.0.0.jar;C:\Users\saurabhsoni\.m2\repository\org\apache\velocity\velocity\1.7\velocity-1.7.jar;C:\Users\saurabhsoni\.m2\repository\commons-collections\commons-collections\3.2.1\commons-collections-3.2.1.jar;C:\Users\saurabhsoni\.m2\repository\commons-lang\commons-lang\2.4\commons-lang-2.4.jar;C:\Users\saurabhsoni\.m2\repository\velocity-tools\velocity-tools\1.4\velocity-tools-1.4.jar;C:\Users\saurabhsoni\.m2\repository\joda-time\joda-time\2.9.1\joda-time-2.9.1.jar;C:\Users\saurabhsoni\.m2\repository\org\apache\commons\commons-lang3\3.4\commons-lang3-3.4.jar;C:\Users\saurabhsoni\.m2\repository\commons-io\commons-io\2.4\commons-io-2.4.jar;C:\Users\saurabhsoni\.m2\repository\net\lingala\zip4j\zip4j\1.3.2\zip4j-1.3.2.jar;C:\Users\saurabhsoni\.m2\repository\org\apache\maven\plugins\maven-gpg-plugin\1.6\maven-gpg-plugin-1.6.jar;C:\Users\saurabhsoni\.m2\repository\org\apache\maven\maven-plugin-api\2.2.1\maven-plugin-api-2.2.1.jar;C:\Users\saurabhsoni\.m2\repository\org\apache\maven\maven-project\2.2.1\maven-project-2.2.1.jar;C:\Users\saurabhsoni\.m2\repository\org\apache\maven\maven-settings\2.2.1\maven-settings-2.2.1.jar;C:\Users\saurabhsoni\.m2\repository\org\apache\maven\maven-profile\2.2.1\maven-profile-2.2.1.jar;C:\Users\saurabhsoni\.m2\repository\org\apache\maven\maven-artifact-manager\2.2.1\maven-artifact-manager-2.2.1.jar;C:\Users\saurabhsoni\.m2\repository\org\apache\maven\wagon\wagon-provider-api\1.0-beta-6\wagon-provider-api-1.0-beta-6.jar;C:\Users\saurabhsoni\.m2\repository\backport-util-concurrent\backport-util-concurrent\3.1\backport-util-concurrent-3.1.jar;C:\Users\saurabhsoni\.m2\repository\org\apache\maven\maven-plugin-registry\2.2.1\maven-plugin-registry-2.2.1.jar;C:\Users\saurabhsoni\.m2\repository\org\codehaus\plexus\plexus-interpolation\1.11\plexus-interpolation-1.11.jar;C:\Users\saurabhsoni\.m2\repository\org\codehaus\plexus\plexus-container-default\1.0-alpha-9-stable-1\plexus-container-default-1.0-alpha-9-stable-1.jar;C:\Users\saurabhsoni\.m2\repository\junit\junit\3.8.1\junit-3.8.1.jar;C:\Users\saurabhsoni\.m2\repository\classworlds\classworlds\1.1-alpha-2\classworlds-1.1-alpha-2.jar;C:\Users\saurabhsoni\.m2\repository\org\apache\maven\maven-artifact\2.2.1\maven-artifact-2.2.1.jar;C:\Users\saurabhsoni\.m2\repository\org\apache\maven\maven-repository-metadata\2.2.1\maven-repository-metadata-2.2.1.jar;C:\Users\saurabhsoni\.m2\repository\org\apache\maven\maven-model\2.2.1\maven-model-2.2.1.jar;C:\Users\saurabhsoni\.m2\repository\org\codehaus\plexus\plexus-utils\3.0.20\plexus-utils-3.0.20.jar;C:\Users\saurabhsoni\.m2\repository\org\sonatype\plexus\plexus-sec-dispatcher\1.4\plexus-sec-dispatcher-1.4.jar;C:\Users\saurabhsoni\.m2\repository\org\sonatype\plexus\plexus-cipher\1.4\plexus-cipher-1.4.jar;C:\Users\saurabhsoni\.m2\repository\info\cukes\gherkin\2.12.2\gherkin-2.12.2.jar;C:\Users\saurabhsoni\.m2\repository\org\uncommons\reportng\1.1.4\reportng-1.1.4.jar;C:\Users\saurabhsoni\.m2\repository\velocity\velocity\1.4\velocity-1.4.jar;C:\Users\saurabhsoni\.m2\repository\velocity\velocity-dep\1.4\velocity-dep-1.4.jar;C:\Users\saurabhsoni\.m2\repository\com\relevantcodes\extentreports\2.41.1\extentreports-2.41.1.jar;C:\Users\saurabhsoni\.m2\repository\org\xerial\sqlite-jdbc\3.8.11.1\sqlite-jdbc-3.8.11.1.jar;C:\Users\saurabhsoni\.m2\repository\com\google\inject\guice\4.1.0\guice-4.1.0.jar;C:\Users\saurabhsoni\.m2\repository\javax\inject\javax.inject\1\javax.inject-1.jar;C:\Users\saurabhsoni\.m2\repository\aopalliance\aopalliance\1.0\aopalliance-1.0.jar;C:\Users\saurabhsoni\.m2\repository\org\apache\poi\poi\3.6\poi-3.6.jar;C:\Users\saurabhsoni\.m2\repository\commons-logging\commons-logging\1.1\commons-logging-1.1.jar;C:\Users\saurabhsoni\.m2\repository\logkit\logkit\1.0.1\logkit-1.0.1.jar;C:\Users\saurabhsoni\.m2\repository\avalon-framework\avalon-framework\4.1.3\avalon-framework-4.1.3.jar;C:\Users\saurabhsoni\.m2\repository\javax\servlet\servlet-api\2.3\servlet-api-2.3.jar;C:\Users\saurabhsoni\.m2\repository\org\apache\poi\poi-ooxml\3.6\poi-ooxml-3.6.jar;C:\Users\saurabhsoni\.m2\repository\dom4j\dom4j\1.1\dom4j-1.1.jar;C:\Users\saurabhsoni\.m2\repository\org\apache\xmlbeans\xmlbeans\2.3.0\xmlbeans-2.3.0.jar;C:\Users\saurabhsoni\.m2\repository\stax\stax-api\1.0.1\stax-api-1.0.1.jar;C:\Users\saurabhsoni\.m2\repository\org\apache\poi\poi-ooxml-schemas\3.6\poi-ooxml-schemas-3.6.jar;C:\Users\saurabhsoni\.m2\repository\org\apache\geronimo\specs\geronimo-stax-api_1.0_spec\1.0\geronimo-stax-api_1.0_spec-1.0.jar;C:\Users\saurabhsoni\.m2\repository\log4j\log4j\1.2.17\log4j-1.2.17.jar;C:\Users\saurabhsoni\.m2\repository\org\seleniumhq\selenium\selenium-java\3.141.5\selenium-java-3.141.5.jar;C:\Users\saurabhsoni\.m2\repository\org\seleniumhq\selenium\selenium-chrome-driver\3.141.5\selenium-chrome-driver-3.141.5.jar;C:\Users\saurabhsoni\.m2\repository\org\seleniumhq\selenium\selenium-edge-driver\3.141.5\selenium-edge-driver-3.141.5.jar;C:\Users\saurabhsoni\.m2\repository\org\seleniumhq\selenium\selenium-firefox-driver\3.141.5\selenium-firefox-driver-3.141.5.jar;C:\Users\saurabhsoni\.m2\repository\org\seleniumhq\selenium\selenium-ie-driver\3.141.5\selenium-ie-driver-3.141.5.jar;C:\Users\saurabhsoni\.m2\repository\org\seleniumhq\selenium\selenium-opera-driver\3.141.5\selenium-opera-driver-3.141.5.jar;C:\Users\saurabhsoni\.m2\repository\org\seleniumhq\selenium\selenium-remote-driver\3.141.5\selenium-remote-driver-3.141.5.jar;C:\Users\saurabhsoni\.m2\repository\org\seleniumhq\selenium\selenium-safari-driver\3.141.5\selenium-safari-driver-3.141.5.jar;C:\Users\saurabhsoni\.m2\repository\org\seleniumhq\selenium\selenium-support\3.141.5\selenium-support-3.141.5.jar;C:\Users\saurabhsoni\.m2\repository\net\bytebuddy\byte-buddy\1.8.15\byte-buddy-1.8.15.jar;C:\Users\saurabhsoni\.m2\repository\org\apache\commons\commons-exec\1.3\commons-exec-1.3.jar;C:\Users\saurabhsoni\.m2\repository\com\squareup\okhttp3\okhttp\3.11.0\okhttp-3.11.0.jar;C:\Users\saurabhsoni\.m2\repository\com\squareup\okio\okio\1.14.0\okio-1.14.0.jar;C:\Users\saurabhsoni\.m2\repository\io\appium\java-client\6.1.0\java-client-6.1.0.jar;C:\Users\saurabhsoni\.m2\repository\cglib\cglib\3.2.6\cglib-3.2.6.jar;C:\Users\saurabhsoni\.m2\repository\org\ow2\asm\asm\6.0\asm-6.0.jar;C:\Users\saurabhsoni\.m2\repository\org\apache\ant\ant\1.9.6\ant-1.9.6.jar;C:\Users\saurabhsoni\.m2\repository\org\apache\ant\ant-launcher\1.9.6\ant-launcher-1.9.6.jar;C:\Users\saurabhsoni\.m2\repository\commons-validator\commons-validator\1.6\commons-validator-1.6.jar;C:\Users\saurabhsoni\.m2\repository\commons-beanutils\commons-beanutils\1.9.2\commons-beanutils-1.9.2.jar;C:\Users\saurabhsoni\.m2\repository\commons-digester\commons-digester\1.8.1\commons-digester-1.8.1.jar;C:\Users\saurabhsoni\.m2\repository\org\springframework\spring-context\5.0.5.RELEASE\spring-context-5.0.5.RELEASE.jar;C:\Users\saurabhsoni\.m2\repository\org\springframework\spring-aop\5.0.5.RELEASE\spring-aop-5.0.5.RELEASE.jar;C:\Users\saurabhsoni\.m2\repository\org\springframework\spring-beans\5.0.5.RELEASE\spring-beans-5.0.5.RELEASE.jar;C:\Users\saurabhsoni\.m2\repository\org\springframework\spring-core\5.0.5.RELEASE\spring-core-5.0.5.RELEASE.jar;C:\Users\saurabhsoni\.m2\repository\org\springframework\spring-jcl\5.0.5.RELEASE\spring-jcl-5.0.5.RELEASE.jar;C:\Users\saurabhsoni\.m2\repository\org\springframework\spring-expression\5.0.5.RELEASE\spring-expression-5.0.5.RELEASE.jar;C:\Users\saurabhsoni\.m2\repository\org\aspectj\aspectjweaver\1.9.1\aspectjweaver-1.9.1.jar;C:\Users\saurabhsoni\.m2\repository\org\openpnp\opencv\3.2.0-1\opencv-3.2.0-1.jar;C:\Users\saurabhsoni\.m2\repository\com\google\guava\guava\23.6-jre\guava-23.6-jre.jar;C:\Users\saurabhsoni\.m2\repository\com\google\code\findbugs\jsr305\1.3.9\jsr305-1.3.9.jar;C:\Users\saurabhsoni\.m2\repository\org\checkerframework\checker-compat-qual\2.0.0\checker-compat-qual-2.0.0.jar;C:\Users\saurabhsoni\.m2\repository\com\google\errorprone\error_prone_annotations\2.1.3\error_prone_annotations-2.1.3.jar;C:\Users\saurabhsoni\.m2\repository\com\google\j2objc\j2objc-annotations\1.1\j2objc-annotations-1.1.jar;C:\Users\saurabhsoni\.m2\repository\org\codehaus\mojo\animal-sniffer-annotations\1.14\animal-sniffer-annotations-1.14.jar;C:\Users\saurabhsoni\.m2\repository\org\seleniumhq\selenium\selenium-api\3.141.5\selenium-api-3.141.5.jar;"/>
    <property name="sun.cpu.endian" value="little"/>
    <property name="user.home" value="C:\Users\saurabhsoni"/>
    <property name="user.language" value="en"/>
    <property name="java.specification.vendor" value="Oracle Corporation"/>
    <property name="java.home" value="C:\Program Files\Java\jdk1.8.0_221\jre"/>
    <property name="basedir" value="C:\Users\saurabhsoni\eclipse-workspace\Saurabh_Soni_3155142_AppiumAssignment"/>
    <property name="file.separator" value="\"/>
    <property name="line.separator" value="&#10;"/>
    <property name="java.vm.specification.vendor" value="Oracle Corporation"/>
    <property name="java.specification.name" value="Java Platform API Specification"/>
    <property name="java.awt.graphicsenv" value="sun.awt.Win32GraphicsEnvironment"/>
    <property name="surefire.real.class.path" value="C:\Users\saurabhsoni\AppData\Local\Temp\surefire6838024676948910615\surefirebooter8753540722333053184.jar"/>
    <property name="sun.boot.class.path" value="C:\Program Files\Java\jdk1.8.0_221\jre\lib\resources.jar;C:\Program Files\Java\jdk1.8.0_221\jre\lib\rt.jar;C:\Program Files\Java\jdk1.8.0_221\jre\lib\sunrsasign.jar;C:\Program Files\Java\jdk1.8.0_221\jre\lib\jsse.jar;C:\Program Files\Java\jdk1.8.0_221\jre\lib\jce.jar;C:\Program Files\Java\jdk1.8.0_221\jre\lib\charsets.jar;C:\Program Files\Java\jdk1.8.0_221\jre\lib\jfr.jar;C:\Program Files\Java\jdk1.8.0_221\jre\classes"/>
    <property name="user.script" value=""/>
    <property name="sun.management.compiler" value="HotSpot 64-Bit Tiered Compilers"/>
    <property name="java.runtime.version" value="1.8.0_221-b11"/>
    <property name="user.name" value="saurabhsoni"/>
    <property name="path.separator" value=";"/>
    <property name="os.version" value="10.0"/>
    <property name="java.endorsed.dirs" value="C:\Program Files\Java\jdk1.8.0_221\jre\lib\endorsed"/>
    <property name="java.runtime.name" value="Java(TM) SE Runtime Environment"/>
    <property name="file.encoding" value="Cp1252"/>
    <property name="java.vm.name" value="Java HotSpot(TM) 64-Bit Server VM"/>
    <property name="localRepository" value="C:\Users\saurabhsoni\.m2\repository"/>
    <property name="java.vendor.url.bug" value="http://bugreport.sun.com/bugreport/"/>
    <property name="java.io.tmpdir" value="C:\Users\SAURAB~1\AppData\Local\Temp\"/>
    <property name="java.version" value="1.8.0_221"/>
    <property name="user.dir" value="C:\Users\saurabhsoni\eclipse-workspace\Saurabh_Soni_3155142_AppiumAssignment"/>
    <property name="os.arch" value="amd64"/>
    <property name="java.vm.specification.name" value="Java Virtual Machine Specification"/>
    <property name="java.awt.printerjob" value="sun.awt.windows.WPrinterJob"/>
    <property name="sun.os.patch.level" value=""/>
    <property name="java.library.path" value="C:\Program Files\Java\jdk1.8.0_221\jre\bin;C:\Windows\Sun\Java\bin;C:\Windows\system32;C:\Windows;C:\Program Files\Microsoft MPI\Bin\;C:\Program Files\Java\jdk1.8.0_221\bin;C:\Program Files (x86)\Common Files\Oracle\Java\javapath;C:\Windows\system32;C:\Windows;C:\Windows\System32\Wbem;C:\Windows\System32\WindowsPowerShell\v1.0\;C:\Windows\System32\OpenSSH\;C:\Program Files\TortoiseSVN\bin;C:\Program Files (x86)\Microsoft SQL Server\150\DTS\Binn\;C:\Program Files\Microsoft SQL Server\Client SDK\ODBC\130\Tools\Binn\;C:\Program Files (x86)\Microsoft SQL Server\140\Tools\Binn\;C:\Program Files\Microsoft SQL Server\140\Tools\Binn\;C:\Program Files\Microsoft SQL Server\140\DTS\Binn\;C:\Program Files\dotnet\;C:\Program Files\Microsoft SQL Server\130\Tools\Binn\;C:\Program Files (x86)\Microsoft SQL Server\140\DTS\Binn\;C:\Program Files (x86)\Microsoft SQL Server\Client SDK\ODBC\130\Tools\Binn\;C:\Program Files (x86)\Microsoft SQL Server\140\Tools\Binn\ManagementStudio\;C:\apache-maven-3.6.3\bin;C:\Program Files\nodejs\;C:\Users\saurabhsoni\AppData\Local\Android\Sdk\platform-tools;C:\Users\saurabhsoni\AppData\Local\Android\Sdk\tools;C:\Users\saurabhsoni\AppData\Local\Programs\Python\Python39\Scripts\;C:\Users\saurabhsoni\AppData\Local\Programs\Python\Python39\;C:\Users\saurabhsoni\AppData\Local\Microsoft\WindowsApps;C:\Users\saurabhsoni\.dotnet\tools;C:\Program Files\JetBrains\PyCharm Community Edition 2020.3.1\bin;C:\Users\saurabhsoni\AppData\Roaming\npm;."/>
    <property name="java.vm.info" value="mixed mode"/>
    <property name="java.vendor" value="Oracle Corporation"/>
    <property name="java.vm.version" value="25.221-b11"/>
    <property name="java.ext.dirs" value="C:\Program Files\Java\jdk1.8.0_221\jre\lib\ext;C:\Windows\Sun\Java\lib\ext"/>
    <property name="sun.io.unicode.encoding" value="UnicodeLittle"/>
    <property name="java.class.version" value="52.0"/>
  </properties>
  <testcase name="feature[Search a Job using Filter to WorkIndia](1)" classname="Runner.TestRunner" time="61.553">
    <system-out><![CDATA[[TestNGContentHandler] [WARN] It is strongly recommended to add "<!DOCTYPE suite SYSTEM "http://testng.org/testng-1.0.dtd" >" at the top of your file, otherwise TestNG may fail or not work as expected.
&amp#27;[35m[Appium]&amp#27;[39m Welcome to Appium v1.19.1
&amp#27;[35m[Appium]&amp#27;[39m Appium REST http interface listener started on 0.0.0.0:4723
&amp#27;[35m[HTTP]&amp#27;[39m &amp#27;[37m-->&amp#27;[39m &amp#27;[37mGET&amp#27;[39m &amp#27;[37m/wd/hub/status&amp#27;[39m
&amp#27;[35m[HTTP]&amp#27;[39m &amp#27;[90m{}&amp#27;[39m
[debug] &amp#27;[35m[GENERIC]&amp#27;[39m Calling AppiumDriver.getStatus() with args: []
[debug] &amp#27;[35m[GENERIC]&amp#27;[39m Responding to client with driver.getStatus() result: {"build":{"version":"1.19.1"}}
&amp#27;[35m[HTTP]&amp#27;[39m &amp#27;[37m<-- GET /wd/hub/status &amp#27;[39m&amp#27;[32m200&amp#27;[39m &amp#27;[90m13 ms - 68&amp#27;[39m
&amp#27;[35m[HTTP]&amp#27;[39m &amp#27;[90m&amp#27;[39m
Feature: Search a Job using Filter to WorkIndia
  In order to find a job as a user

  @tag6
  Scenario Outline: User should be able to find job using filter into the Application # FindJob.feature:5
    Given User has already on Registration page
    When User enter the "<Name>" and "<PhoneNumber>"
    And User click on Submit button
    When User select DELHI
    Then User enter Area "<Area_name>"
    Then User click on the Submit button
    Given User should be on Please fill more Details
    When User Select Gender , Qualifications , school medium and Fluency in english
    And About Experience , Age and Area of Interest
    And Click on Submit Button
    Then Choose your Area of Skills and Digree
    Then Click on Submit button
    Then Choose Language
    Then User clicks on Jobs and Filters option
    Then User chooses the Interested Areas
    Then User selects Experience and Qualification level
    Then User selects the Gender
    Then User clicks on Apply button
    Then User choose a job among filtered options
    Then User clicks on Back button

    Examples: 
&amp#27;[35m[HTTP]&amp#27;[39m &amp#27;[37m-->&amp#27;[39m &amp#27;[37mPOST&amp#27;[39m &amp#27;[37m/wd/hub/session&amp#27;[39m
&amp#27;[35m[HTTP]&amp#27;[39m &amp#27;[90m{"desiredCapabilities":{"app":"./Resources/in.workindia.apk","appActivity":".RegisterActivity","appPackage":"in.workindia.nileshdungarwal.workindiaandroid","platformVersion":"8.1","skipDeviceInitialization":"true","skipServerInstallation":"false","platformName":"Android"},"capabilities":{"alwaysMatch":{"appium:app":"./Resources/in.workindia.apk","appium:appActivity":".RegisterActivity","appium:appPackage":"in.workindia.nileshdungarwal.workindiaandroid","platformName":"android","appium:platformVersion":"8.1","skipDeviceInitialization":"true","skipServerInstallation":"false"},"firstMatch":[{}]}}&amp#27;[39m
[debug] &amp#27;[35m[W3C]&amp#27;[39m Calling AppiumDriver.createSession() with args: [{"app":"./Resources/in.workindia.apk","appActivity":".RegisterActivity","appPackage":"in.workindia.nileshdungarwal.workindiaandroid","platformVersion":"8.1","skipDeviceInitialization":"true","skipServerInstallation":"false","platformName":"Android"},null,{"alwaysMatch":{"appium:app":"./Resources/in.workindia.apk","appium:appActivity":".RegisterActivity","appium:appPackage":"in.workindia.nileshdungarwal.workindiaandroid","platformName":"android","appium:platformVersion":"8.1","skipDeviceInitialization":"true","skipServerInstallation":"false"},"firstMatch":[{}]}]
[debug] &amp#27;[35m[BaseDriver]&amp#27;[39m Event 'newSessionRequested' logged at 1610628614524 (18:20:14 GMT+0530 (India Standard Time))
&amp#27;[35m[BaseDriver]&amp#27;[39m The following capabilities are not standard capabilities and should have an extension prefix:
&amp#27;[35m[BaseDriver]&amp#27;[39m   skipDeviceInitialization
&amp#27;[35m[BaseDriver]&amp#27;[39m   skipServerInstallation
&amp#27;[35m[Appium]&amp#27;[39m 
&amp#27;[35m[Appium]&amp#27;[39m ======================================================================
&amp#27;[35m[Appium]&amp#27;[39m   DEPRECATION WARNING:
&amp#27;[35m[Appium]&amp#27;[39m 
&amp#27;[35m[Appium]&amp#27;[39m   The 'automationName' capability was not provided in the desired 
&amp#27;[35m[Appium]&amp#27;[39m   capabilities for this Android session
&amp#27;[35m[Appium]&amp#27;[39m 
&amp#27;[35m[Appium]&amp#27;[39m   Setting 'automationName=UiAutomator2' by default and using the 
&amp#27;[35m[Appium]&amp#27;[39m   UiAutomator2 Driver
&amp#27;[35m[Appium]&amp#27;[39m 
&amp#27;[35m[Appium]&amp#27;[39m   The next major version of Appium (2.x) will **require** the 
&amp#27;[35m[Appium]&amp#27;[39m   'automationName' capability to be set for all sessions on all 
&amp#27;[35m[Appium]&amp#27;[39m   platforms
&amp#27;[35m[Appium]&amp#27;[39m 
&amp#27;[35m[Appium]&amp#27;[39m   In previous versions (Appium <= 1.13.x), the default was 
&amp#27;[35m[Appium]&amp#27;[39m   'automationName=UiAutomator1'
&amp#27;[35m[Appium]&amp#27;[39m 
&amp#27;[35m[Appium]&amp#27;[39m   If you wish to use that automation instead of UiAutomator2, please 
&amp#27;[35m[Appium]&amp#27;[39m   add 'automationName=UiAutomator1' to your desired capabilities
&amp#27;[35m[Appium]&amp#27;[39m 
&amp#27;[35m[Appium]&amp#27;[39m   For more information about drivers, please visit 
&amp#27;[35m[Appium]&amp#27;[39m   http://appium.io/docs/en/about-appium/intro/ and explore the 
&amp#27;[35m[Appium]&amp#27;[39m   'Drivers' menu
&amp#27;[35m[Appium]&amp#27;[39m 
&amp#27;[35m[Appium]&amp#27;[39m ======================================================================
&amp#27;[35m[Appium]&amp#27;[39m 
&amp#27;[35m[Appium]&amp#27;[39m Appium v1.19.1 creating new AndroidUiautomator2Driver (v1.59.0) session
[debug] &amp#27;[35m[BaseDriver]&amp#27;[39m W3C capabilities and MJSONWP desired capabilities were provided
[debug] &amp#27;[35m[BaseDriver]&amp#27;[39m Creating session with W3C capabilities: {
[debug] &amp#27;[35m[BaseDriver]&amp#27;[39m   "alwaysMatch": {
[debug] &amp#27;[35m[BaseDriver]&amp#27;[39m     "platformName": "android",
[debug] &amp#27;[35m[BaseDriver]&amp#27;[39m     "appium:skipDeviceInitialization": "true",
[debug] &amp#27;[35m[BaseDriver]&amp#27;[39m     "appium:skipServerInstallation": "false",
[debug] &amp#27;[35m[BaseDriver]&amp#27;[39m     "appium:app": "./Resources/in.workindia.apk",
[debug] &amp#27;[35m[BaseDriver]&amp#27;[39m     "appium:appActivity": ".RegisterActivity",
[debug] &amp#27;[35m[BaseDriver]&amp#27;[39m     "appium:appPackage": "in.workindia.nileshdungarwal.workindiaandroid",
[debug] &amp#27;[35m[BaseDriver]&amp#27;[39m     "appium:platformVersion": "8.1"
[debug] &amp#27;[35m[BaseDriver]&amp#27;[39m   },
[debug] &amp#27;[35m[BaseDriver]&amp#27;[39m   "firstMatch": [
[debug] &amp#27;[35m[BaseDriver]&amp#27;[39m     {}
[debug] &amp#27;[35m[BaseDriver]&amp#27;[39m   ]
[debug] &amp#27;[35m[BaseDriver]&amp#27;[39m }
&amp#27;[35m[BaseDriver]&amp#27;[39m Capability 'skipServerInstallation' changed from string to boolean. This may cause unexpected behavior
&amp#27;[35m[BaseDriver]&amp#27;[39m Capability 'skipDeviceInitialization' changed from string to boolean. This may cause unexpected behavior
&amp#27;[35m[BaseDriver]&amp#27;[39m Session created with session id: c2100e22-d6d2-40fc-b84e-a0779fb7b915
&amp#27;[35m[BaseDriver]&amp#27;[39m Using local app './Resources/in.workindia.apk'
&amp#27;[35m[BaseDriver]&amp#27;[39m The current application path './Resources/in.workindia.apk' is not absolute and has been rewritten to 'C:\Users\saurabhsoni\eclipse-workspace\Saurabh_Soni_3155142_AppiumAssignment\Resources\in.workindia.apk'. Consider using absolute paths rather than relative
[debug] &amp#27;[35m[UiAutomator2]&amp#27;[39m Checking whether app is actually present
&amp#27;[35m[ADB]&amp#27;[39m Found 1 'build-tools' folders under 'C:\Users\saurabhsoni\AppData\Local\Android\Sdk' (newest first):
&amp#27;[35m[ADB]&amp#27;[39m     C:/Users/saurabhsoni/AppData/Local/Android/Sdk/build-tools/30.0.3
&amp#27;[35m[ADB]&amp#27;[39m Using 'adb.exe' from 'C:\Users\saurabhsoni\AppData\Local\Android\Sdk\platform-tools\adb.exe'
[debug] &amp#27;[35m[ADB]&amp#27;[39m Running 'C:\Users\saurabhsoni\AppData\Local\Android\Sdk\platform-tools\adb.exe -P 5037 start-server'
&amp#27;[35m[AndroidDriver]&amp#27;[39m Retrieving device list
[debug] &amp#27;[35m[ADB]&amp#27;[39m Trying to find a connected android device
[debug] &amp#27;[35m[ADB]&amp#27;[39m Getting connected devices
[debug] &amp#27;[35m[ADB]&amp#27;[39m Connected devices: [{"udid":"emulator-5554","state":"device"}]
&amp#27;[35m[AndroidDriver]&amp#27;[39m Looking for a device with Android '8.1.0'
[debug] &amp#27;[35m[ADB]&amp#27;[39m Setting device id to emulator-5554
&amp#27;[35m[ADB]&amp#27;[39m Getting device platform version
[debug] &amp#27;[35m[ADB]&amp#27;[39m Running 'C:\Users\saurabhsoni\AppData\Local\Android\Sdk\platform-tools\adb.exe -P 5037 -s emulator-5554 shell getprop ro.build.version.release'
[debug] &amp#27;[35m[ADB]&amp#27;[39m Current device property 'ro.build.version.release': 8.1.0
&amp#27;[35m[AndroidDriver]&amp#27;[39m Using device: emulator-5554
&amp#27;[35m[ADB]&amp#27;[39m Using 'adb.exe' from 'C:\Users\saurabhsoni\AppData\Local\Android\Sdk\platform-tools\adb.exe'
[debug] &amp#27;[35m[ADB]&amp#27;[39m Running 'C:\Users\saurabhsoni\AppData\Local\Android\Sdk\platform-tools\adb.exe -P 5037 start-server'
[debug] &amp#27;[35m[ADB]&amp#27;[39m Setting device id to emulator-5554
[debug] &amp#27;[35m[ADB]&amp#27;[39m Running 'C:\Users\saurabhsoni\AppData\Local\Android\Sdk\platform-tools\adb.exe -P 5037 -s emulator-5554 shell getprop ro.build.version.sdk'
[debug] &amp#27;[35m[ADB]&amp#27;[39m Current device property 'ro.build.version.sdk': 27
[debug] &amp#27;[35m[ADB]&amp#27;[39m Device API level: 27
&amp#27;[35m[AndroidDriver]&amp#27;[39m 'skipDeviceInitialization' is set. Skipping device initialization.
[debug] &amp#27;[35m[Logcat]&amp#27;[39m Starting logs capture with command: C:\\Users\\saurabhsoni\\AppData\\Local\\Android\\Sdk\\platform-tools\\adb.exe -P 5037 -s emulator-5554 logcat -v threadtime
[debug] &amp#27;[35m[UiAutomator2]&amp#27;[39m Forwarding UiAutomator2 Server port 6790 to local port 8200
[debug] &amp#27;[35m[ADB]&amp#27;[39m Forwarding system: 8200 to device: 6790
[debug] &amp#27;[35m[ADB]&amp#27;[39m Running 'C:\Users\saurabhsoni\AppData\Local\Android\Sdk\platform-tools\adb.exe -P 5037 -s emulator-5554 forward tcp:8200 tcp:6790'
[debug] &amp#27;[35m[ADB]&amp#27;[39m Getting install status for io.appium.uiautomator2.server
[debug] &amp#27;[35m[ADB]&amp#27;[39m Running 'C:\Users\saurabhsoni\AppData\Local\Android\Sdk\platform-tools\adb.exe -P 5037 -s emulator-5554 shell dumpsys package io.appium.uiautomator2.server'
[debug] &amp#27;[35m[ADB]&amp#27;[39m 'io.appium.uiautomator2.server' is installed
[debug] &amp#27;[35m[ADB]&amp#27;[39m Getting package info for 'io.appium.uiautomator2.server'
[debug] &amp#27;[35m[ADB]&amp#27;[39m Running 'C:\Users\saurabhsoni\AppData\Local\Android\Sdk\platform-tools\adb.exe -P 5037 -s emulator-5554 shell dumpsys package io.appium.uiautomator2.server'
[debug] &amp#27;[35m[ADB]&amp#27;[39m The version name of the installed 'io.appium.uiautomator2.server' is greater or equal to the application version name ('4.15.0' >= '4.15.0')
[debug] &amp#27;[35m[UiAutomator2]&amp#27;[39m io.appium.uiautomator2.server installation state: sameVersionInstalled
[debug] &amp#27;[35m[ADB]&amp#27;[39m Checking app cert for C:\Users\saurabhsoni\AppData\Roaming\npm\node_modules\appium\node_modules\appium-uiautomator2-server\apks\appium-uiautomator2-server-v4.15.0.apk
&amp#27;[35m[ADB]&amp#27;[39m Using 'apksigner.jar' from 'C:\Users\saurabhsoni\AppData\Local\Android\Sdk\build-tools\30.0.3\lib\apksigner.jar'
[debug] &amp#27;[35m[ADB]&amp#27;[39m Starting apksigner: 'C:\\Program Files\\Java\\jdk1.8.0_221\\bin\\java.exe' -Xmx1024M -Xss1m -jar C:\\Users\\saurabhsoni\\AppData\\Local\\Android\\Sdk\\build-tools\\30.0.3\\lib\\apksigner.jar verify --print-certs C:\\Users\\saurabhsoni\\AppData\\Roaming\\npm\\node_modules\\appium\\node_modules\\appium-uiautomator2-server\\apks\\appium-uiautomator2-server-v4.15.0.apk
[debug] &amp#27;[35m[ADB]&amp#27;[39m apksigner stdout: Signer #1 certificate DN: EMAILADDRESS=android@android.com, CN=Android, OU=Android, O=Android, L=Mountain View, ST=California, C=US
[debug] &amp#27;[35m[ADB]&amp#27;[39m Signer #1 certificate SHA-256 digest: a40da80a59d170caa950cf15c18c454d47a39b26989d8b640ecd745ba71bf5dc
[debug] &amp#27;[35m[ADB]&amp#27;[39m Signer #1 certificate SHA-1 digest: 61ed377e85d386a8dfee6b864bd85b0bfaa5af81
[debug] &amp#27;[35m[ADB]&amp#27;[39m Signer #1 certificate MD5 digest: e89b158e4bcf988ebd09eb83f5378e87
[debug] &amp#27;[35m[ADB]&amp#27;[39m 
[debug] &amp#27;[35m[ADB]&amp#27;[39m sha256 hash did match for 'appium-uiautomator2-server-v4.15.0.apk'
&amp#27;[35m[ADB]&amp#27;[39m 'C:\Users\saurabhsoni\AppData\Roaming\npm\node_modules\appium\node_modules\appium-uiautomator2-server\apks\appium-uiautomator2-server-v4.15.0.apk' is signed with the default certificate
[debug] &amp#27;[35m[ADB]&amp#27;[39m Getting install status for io.appium.uiautomator2.server.test
[debug] &amp#27;[35m[ADB]&amp#27;[39m Running 'C:\Users\saurabhsoni\AppData\Local\Android\Sdk\platform-tools\adb.exe -P 5037 -s emulator-5554 shell dumpsys package io.appium.uiautomator2.server.test'
[debug] &amp#27;[35m[ADB]&amp#27;[39m 'io.appium.uiautomator2.server.test' is installed
[debug] &amp#27;[35m[ADB]&amp#27;[39m Checking app cert for C:\Users\saurabhsoni\AppData\Roaming\npm\node_modules\appium\node_modules\appium-uiautomator2-server\apks\appium-uiautomator2-server-debug-androidTest.apk
[debug] &amp#27;[35m[ADB]&amp#27;[39m Starting apksigner: 'C:\\Program Files\\Java\\jdk1.8.0_221\\bin\\java.exe' -Xmx1024M -Xss1m -jar C:\\Users\\saurabhsoni\\AppData\\Local\\Android\\Sdk\\build-tools\\30.0.3\\lib\\apksigner.jar verify --print-certs C:\\Users\\saurabhsoni\\AppData\\Roaming\\npm\\node_modules\\appium\\node_modules\\appium-uiautomator2-server\\apks\\appium-uiautomator2-server-debug-androidTest.apk
[debug] &amp#27;[35m[ADB]&amp#27;[39m apksigner stdout: Signer #1 certificate DN: EMAILADDRESS=android@android.com, CN=Android, OU=Android, O=Android, L=Mountain View, ST=California, C=US
[debug] &amp#27;[35m[ADB]&amp#27;[39m Signer #1 certificate SHA-256 digest: a40da80a59d170caa950cf15c18c454d47a39b26989d8b640ecd745ba71bf5dc
[debug] &amp#27;[35m[ADB]&amp#27;[39m Signer #1 certificate SHA-1 digest: 61ed377e85d386a8dfee6b864bd85b0bfaa5af81
[debug] &amp#27;[35m[ADB]&amp#27;[39m Signer #1 certificate MD5 digest: e89b158e4bcf988ebd09eb83f5378e87
[debug] &amp#27;[35m[ADB]&amp#27;[39m 
[debug] &amp#27;[35m[ADB]&amp#27;[39m sha256 hash did match for 'appium-uiautomator2-server-debug-androidTest.apk'
&amp#27;[35m[ADB]&amp#27;[39m 'C:\Users\saurabhsoni\AppData\Roaming\npm\node_modules\appium\node_modules\appium-uiautomator2-server\apks\appium-uiautomator2-server-debug-androidTest.apk' is signed with the default certificate
&amp#27;[35m[UiAutomator2]&amp#27;[39m Server packages are not going to be (re)installed
[debug] &amp#27;[35m[UiAutomator2]&amp#27;[39m Waiting up to 30000ms for services to be available
[debug] &amp#27;[35m[ADB]&amp#27;[39m Running 'C:\Users\saurabhsoni\AppData\Local\Android\Sdk\platform-tools\adb.exe -P 5037 -s emulator-5554 shell pm list instrumentation'
[debug] &amp#27;[35m[UiAutomator2]&amp#27;[39m Instrumentation target 'io.appium.uiautomator2.server.test/androidx.test.runner.AndroidJUnitRunner' is available
[debug] &amp#27;[35m[ADB]&amp#27;[39m Checking app cert for C:\Users\saurabhsoni\eclipse-workspace\Saurabh_Soni_3155142_AppiumAssignment\Resources\in.workindia.apk
[debug] &amp#27;[35m[ADB]&amp#27;[39m Starting apksigner: 'C:\\Program Files\\Java\\jdk1.8.0_221\\bin\\java.exe' -Xmx1024M -Xss1m -jar C:\\Users\\saurabhsoni\\AppData\\Local\\Android\\Sdk\\build-tools\\30.0.3\\lib\\apksigner.jar verify --print-certs C:\\Users\\saurabhsoni\\eclipse-workspace\\Saurabh_Soni_3155142_AppiumAssignment\\Resources\\in.workindia.apk
[debug] &amp#27;[35m[ADB]&amp#27;[39m apksigner stdout: Signer #1 certificate DN: CN=Nilesh Dungarwal, OU=WorkIndia, O=WorkIndia, L=Mumbai, ST=Maharashtra, C=IN
[debug] &amp#27;[35m[ADB]&amp#27;[39m Signer #1 certificate SHA-256 digest: 0fdc1fed6cd07d2c4854153ee799955c35f5dd671743e3c4610c90914d2f7d32
[debug] &amp#27;[35m[ADB]&amp#27;[39m Signer #1 certificate SHA-1 digest: 2e328de1bc8d9844c8a7634fa66f9363c00f613d
[debug] &amp#27;[35m[ADB]&amp#27;[39m Signer #1 certificate MD5 digest: c47446d10c7a53d63b2f43c2e34ce656
[debug] &amp#27;[35m[ADB]&amp#27;[39m 
&amp#27;[35m[ADB]&amp#27;[39m 'C:\Users\saurabhsoni\eclipse-workspace\Saurabh_Soni_3155142_AppiumAssignment\Resources\in.workindia.apk' is signed with a non-default certificate
[debug] &amp#27;[35m[ADB]&amp#27;[39m Getting install status for in.workindia.nileshdungarwal.workindiaandroid
[debug] &amp#27;[35m[ADB]&amp#27;[39m Running 'C:\Users\saurabhsoni\AppData\Local\Android\Sdk\platform-tools\adb.exe -P 5037 -s emulator-5554 shell dumpsys package in.workindia.nileshdungarwal.workindiaandroid'
[debug] &amp#27;[35m[ADB]&amp#27;[39m 'in.workindia.nileshdungarwal.workindiaandroid' is installed
[debug] &amp#27;[35m[ADB]&amp#27;[39m Getting package info for 'in.workindia.nileshdungarwal.workindiaandroid'
[debug] &amp#27;[35m[ADB]&amp#27;[39m Running 'C:\Users\saurabhsoni\AppData\Local\Android\Sdk\platform-tools\adb.exe -P 5037 -s emulator-5554 shell dumpsys package in.workindia.nileshdungarwal.workindiaandroid'
[debug] &amp#27;[35m[ADB]&amp#27;[39m The version name of the installed 'in.workindia.nileshdungarwal.workindiaandroid' is greater or equal to the application version name ('4.1.1' >= '4.1.1')
[debug] &amp#27;[35m[ADB]&amp#27;[39m There is no need to install/upgrade 'C:\Users\saurabhsoni\eclipse-workspace\Saurabh_Soni_3155142_AppiumAssignment\Resources\in.workindia.apk'
&amp#27;[35m[AndroidDriver]&amp#27;[39m Performing fast reset on 'in.workindia.nileshdungarwal.workindiaandroid'
[debug] &amp#27;[35m[ADB]&amp#27;[39m Getting install status for in.workindia.nileshdungarwal.workindiaandroid
[debug] &amp#27;[35m[ADB]&amp#27;[39m Running 'C:\Users\saurabhsoni\AppData\Local\Android\Sdk\platform-tools\adb.exe -P 5037 -s emulator-5554 shell dumpsys package in.workindia.nileshdungarwal.workindiaandroid'
[debug] &amp#27;[35m[ADB]&amp#27;[39m 'in.workindia.nileshdungarwal.workindiaandroid' is installed
[debug] &amp#27;[35m[ADB]&amp#27;[39m Running 'C:\Users\saurabhsoni\AppData\Local\Android\Sdk\platform-tools\adb.exe -P 5037 -s emulator-5554 shell am force-stop in.workindia.nileshdungarwal.workindiaandroid'
[debug] &amp#27;[35m[ADB]&amp#27;[39m Running 'C:\Users\saurabhsoni\AppData\Local\Android\Sdk\platform-tools\adb.exe -P 5037 -s emulator-5554 shell pm clear in.workindia.nileshdungarwal.workindiaandroid'
[debug] &amp#27;[35m[AndroidDriver]&amp#27;[39m Performed fast reset on the installed 'in.workindia.nileshdungarwal.workindiaandroid' application (stop and clear)
[debug] &amp#27;[35m[UiAutomator2]&amp#27;[39m Performing shallow cleanup of automation leftovers
[debug] &amp#27;[35m[UiAutomator2]&amp#27;[39m No obsolete sessions have been detected (socket hang up)
[debug] &amp#27;[35m[ADB]&amp#27;[39m Running 'C:\Users\saurabhsoni\AppData\Local\Android\Sdk\platform-tools\adb.exe -P 5037 -s emulator-5554 shell am force-stop io.appium.uiautomator2.server.test'
&amp#27;[35m[UiAutomator2]&amp#27;[39m Starting UIAutomator2 server 4.15.0
&amp#27;[35m[UiAutomator2]&amp#27;[39m Using UIAutomator2 server from 'C:\Users\saurabhsoni\AppData\Roaming\npm\node_modules\appium\node_modules\appium-uiautomator2-server\apks\appium-uiautomator2-server-v4.15.0.apk' and test from 'C:\Users\saurabhsoni\AppData\Roaming\npm\node_modules\appium\node_modules\appium-uiautomator2-server\apks\appium-uiautomator2-server-debug-androidTest.apk'
&amp#27;[35m[UiAutomator2]&amp#27;[39m Waiting up to 30000ms for UiAutomator2 to be online...
[debug] &amp#27;[35m[ADB]&amp#27;[39m Creating ADB subprocess with args: ["-P",5037,"-s","emulator-5554","shell","am","instrument","-w","io.appium.uiautomator2.server.test/androidx.test.runner.AndroidJUnitRunner"]
[debug] &amp#27;[35m[Instrumentation]&amp#27;[39m io.appium.uiautomator2.server.test.AppiumUiAutomator2Server:
[debug] &amp#27;[35m[WD Proxy]&amp#27;[39m Matched '/status' to command name 'getStatus'
[debug] &amp#27;[35m[WD Proxy]&amp#27;[39m Proxying [GET /status] to [GET http://127.0.0.1:8200/wd/hub/status] with no body
&amp#27;[35m[WD Proxy]&amp#27;[39m socket hang up
[debug] &amp#27;[35m[WD Proxy]&amp#27;[39m Matched '/status' to command name 'getStatus'
[debug] &amp#27;[35m[WD Proxy]&amp#27;[39m Proxying [GET /status] to [GET http://127.0.0.1:8200/wd/hub/status] with no body
[debug] &amp#27;[35m[WD Proxy]&amp#27;[39m Got response with status 200: {"sessionId":"None","value":{"message":"UiAutomator2 Server is ready to accept commands","ready":true}}
[debug] &amp#27;[35m[UiAutomator2]&amp#27;[39m The initialization of the instrumentation process took 2162ms
[debug] &amp#27;[35m[WD Proxy]&amp#27;[39m Matched '/session' to command name 'createSession'
[debug] &amp#27;[35m[WD Proxy]&amp#27;[39m Proxying [POST /session] to [POST http://127.0.0.1:8200/wd/hub/session] with body: {"capabilities":{"firstMatch":[{"platform":"LINUX","webStorageEnabled":false,"takesScreenshot":true,"javascriptEnabled":true,"databaseEnabled":false,"networkConnectionEnabled":true,"locationContextEnabled":false,"warnings":{},"desired":{"platformName":"android","skipDeviceInitialization":true,"skipServerInstallation":false,"app":"./Resources/in.workindia.apk","appActivity":".RegisterActivity","appPackage":"in.workindia.nileshdungarwal.workindiaandroid","platformVersion":"8.1"},"platformName":"android","skipDeviceInitialization":true,"skipServerInstallation":false,"app":"./Resources/in.workindia.apk","appActivity":".RegisterActivity","appPackage":"in.workindia.nileshdungarwal.workindiaandroid","platformVersion":"8.1","deviceName":"emulator-5554","deviceUDID":"emulator-5554"}],"alwaysMatch":{}}}
[debug] &amp#27;[35m[WD Proxy]&amp#27;[39m Got response with status 200: {"sessionId":"f789331e-141a-4136-ac16-2f2228185ffc","value":{"capabilities":{"firstMatch":[{"platform":"LINUX","webStorageEnabled":false,"takesScreenshot":true,"javascriptEnabled":true,"databaseEnabled":false,"networkConnectionEnabled":true,"locationContextEnabled":false,"warnings":{},"desired":{"platformName":"android","skipDeviceInitialization":true,"skipServerInstallation":false,"app":"./Resources/in.workindia.apk","appActivity":".RegisterActivity","appPackage":"in.workindia.nileshdungarwal.workindiaandroid","platformVersion":"8.1"},"platformName":"android","skipDeviceInitialization":true,"skipServerInstallation":false,"app":"./Resources/in.workindia.apk","appActivity":".RegisterActivity","appPackage":"in.workindia.nileshdungarwal.workindiaandroid","platformVersion":"8.1","deviceName":"emulator-5554","deviceUDID":"emulator-5554"}],"alwaysMatch":{}},"sessionId":"f789331e-141a-4136-ac16-2f2228185ffc"}}
&amp#27;[35m[WD Proxy]&amp#27;[39m Determined the downstream protocol as 'W3C'
[debug] &amp#27;[35m[WD Proxy]&amp#27;[39m Proxying [GET /appium/device/info] to [GET http://127.0.0.1:8200/wd/hub/session/f789331e-141a-4136-ac16-2f2228185ffc/appium/device/info] with no body
[debug] &amp#27;[35m[WD Proxy]&amp#27;[39m Got response with status 200: {"sessionId":"f789331e-141a-4136-ac16-2f2228185ffc","value":{"androidId":"d0cbdccec5cf9e3d","apiVersion":"27","bluetooth":null,"brand":"google","carrierName":"Android","displayDensity":440,"locale":"en_US","manufacturer":"Google","model":"Android SDK built for x86","networks":[{"capabilities":{"SSID":null,"linkDownBandwidthKbps":102400,"linkUpstreamBandwidthKbps":51200,"networkCapabilities":"NET_CAPABILITY_MMS,NET_CAPABILITY_SUPL,NET_CAPABILITY_DUN,NET_CAPABILITY_FOTA,NET_CAPABILITY_IMS,NET_CAPABILITY_CBS,NET_CAPABILITY_IA,NET_CAPABILITY_INTERNET,NET_CAPABILITY_NOT_RESTRICTED,NET_CAPABILITY_TRUSTED,NET_CAPABILITY_NOT_VPN,NET_CAPABILITY_VALIDATED","signalStrength":-2147483648,"transportTypes":"TRANSPORT_CELLULAR"},"detailedState":"CONNECTED","extraInfo":"epc.tmobile.com","isAvailable":true,"isConnected":true,"isFailover":false,"isRoaming":false,"state":"CONNECTED","subtype":13,"subtypeName":"LTE","type":0,"typeName":"MOBILE"},{"capabilities":{"SSID":null,"linkDownBandwidthKbps":1048576,"linkUpstreamBandwidt...
[debug] &amp#27;[35m[ADB]&amp#27;[39m Running 'C:\Users\saurabhsoni\AppData\Local\Android\Sdk\platform-tools\adb.exe -P 5037 -s emulator-5554 shell dumpsys window'
&amp#27;[35m[AndroidDriver]&amp#27;[39m Screen already unlocked, doing nothing
&amp#27;[35m[UiAutomator2]&amp#27;[39m Starting 'in.workindia.nileshdungarwal.workindiaandroid/.RegisterActivity and waiting for 'in.workindia.nileshdungarwal.workindiaandroid/.RegisterActivity'
[debug] &amp#27;[35m[ADB]&amp#27;[39m Running 'C:\Users\saurabhsoni\AppData\Local\Android\Sdk\platform-tools\adb.exe -P 5037 -s emulator-5554 shell am start -W -n in.workindia.nileshdungarwal.workindiaandroid/.RegisterActivity -S -a android.intent.action.MAIN -c android.intent.category.LAUNCHER -f 0x10200000'
[debug] &amp#27;[35m[WD Proxy]&amp#27;[39m Proxying [GET /appium/device/pixel_ratio] to [GET http://127.0.0.1:8200/wd/hub/session/f789331e-141a-4136-ac16-2f2228185ffc/appium/device/pixel_ratio] with no body
[debug] &amp#27;[35m[WD Proxy]&amp#27;[39m Got response with status 200: {"sessionId":"f789331e-141a-4136-ac16-2f2228185ffc","value":2.75}
[debug] &amp#27;[35m[WD Proxy]&amp#27;[39m Matched '/appium/device/system_bars' to command name 'getSystemBars'
[debug] &amp#27;[35m[WD Proxy]&amp#27;[39m Proxying [GET /appium/device/system_bars] to [GET http://127.0.0.1:8200/wd/hub/session/f789331e-141a-4136-ac16-2f2228185ffc/appium/device/system_bars] with no body
[debug] &amp#27;[35m[WD Proxy]&amp#27;[39m Got response with status 200: {"sessionId":"f789331e-141a-4136-ac16-2f2228185ffc","value":{"statusBar":66}}
[debug] &amp#27;[35m[WD Proxy]&amp#27;[39m Matched '/window/current/size' to command name 'getWindowSize'
[debug] &amp#27;[35m[WD Proxy]&amp#27;[39m Proxying [GET /window/current/size] to [GET http://127.0.0.1:8200/wd/hub/session/f789331e-141a-4136-ac16-2f2228185ffc/window/current/size] with no body
[debug] &amp#27;[35m[WD Proxy]&amp#27;[39m Got response with status 200: {"sessionId":"f789331e-141a-4136-ac16-2f2228185ffc","value":{"height":2028,"width":1080}}
&amp#27;[35m[Appium]&amp#27;[39m New AndroidUiautomator2Driver session created successfully, session c2100e22-d6d2-40fc-b84e-a0779fb7b915 added to master session list
[debug] &amp#27;[35m[BaseDriver]&amp#27;[39m Event 'newSessionStarted' logged at 1610628624554 (18:20:24 GMT+0530 (India Standard Time))
[debug] &amp#27;[35m[W3C (c2100e22)]&amp#27;[39m Cached the protocol value 'W3C' for the new session c2100e22-d6d2-40fc-b84e-a0779fb7b915
[debug] &amp#27;[35m[W3C (c2100e22)]&amp#27;[39m Responding to client with driver.createSession() result: {"capabilities":{"platform":"LINUX","webStorageEnabled":false,"takesScreenshot":true,"javascriptEnabled":true,"databaseEnabled":false,"networkConnectionEnabled":true,"locationContextEnabled":false,"warnings":{},"desired":{"platformName":"android","skipDeviceInitialization":true,"skipServerInstallation":false,"app":"./Resources/in.workindia.apk","appActivity":".RegisterActivity","appPackage":"in.workindia.nileshdungarwal.workindiaandroid","platformVersion":"8.1"},"platformName":"android","skipDeviceInitialization":true,"skipServerInstallation":false,"app":"./Resources/in.workindia.apk","appActivity":".RegisterActivity","appPackage":"in.workindia.nileshdungarwal.workindiaandroid","platformVersion":"8.1.0","deviceName":"emulator-5554","deviceUDID":"emulator-5554","deviceApiLevel":27,"deviceScreenSize":"1080x2160","deviceScreenDensity":440,"deviceModel":"Android SDK built for x86","deviceManufacturer":"Google","pixelRatio":2.75,"statBarHeight":66,"viewportRect":{"left":0,"top":66,"width":1080,"height":1962}}}
&amp#27;[35m[HTTP]&amp#27;[39m &amp#27;[37m<-- POST /wd/hub/session &amp#27;[39m&amp#27;[32m200&amp#27;[39m &amp#27;[90m10036 ms - 1081&amp#27;[39m
&amp#27;[35m[HTTP]&amp#27;[39m &amp#27;[90m&amp#27;[39m
&amp#27;[35m[HTTP]&amp#27;[39m &amp#27;[37m-->&amp#27;[39m &amp#27;[37mGET&amp#27;[39m &amp#27;[37m/wd/hub/session/c2100e22-d6d2-40fc-b84e-a0779fb7b915&amp#27;[39m
&amp#27;[35m[HTTP]&amp#27;[39m &amp#27;[90m{}&amp#27;[39m
[debug] &amp#27;[35m[W3C (c2100e22)]&amp#27;[39m Calling AppiumDriver.getSession() with args: ["c2100e22-d6d2-40fc-b84e-a0779fb7b915"]
[debug] &amp#27;[35m[UiAutomator2]&amp#27;[39m Getting session details from server to mix in
[debug] &amp#27;[35m[WD Proxy]&amp#27;[39m Matched '/' to command name 'getSession'
[debug] &amp#27;[35m[WD Proxy]&amp#27;[39m Proxying [GET /] to [GET http://127.0.0.1:8200/wd/hub/session/f789331e-141a-4136-ac16-2f2228185ffc] with no body
[debug] &amp#27;[35m[WD Proxy]&amp#27;[39m Got response with status 200: {"sessionId":"f789331e-141a-4136-ac16-2f2228185ffc","value":{"lastScrollData":null}}
[debug] &amp#27;[35m[W3C (c2100e22)]&amp#27;[39m Responding to client with driver.getSession() result: {"platform":"LINUX","webStorageEnabled":false,"takesScreenshot":true,"javascriptEnabled":true,"databaseEnabled":false,"networkConnectionEnabled":true,"locationContextEnabled":false,"warnings":{},"desired":{"platformName":"android","skipDeviceInitialization":true,"skipServerInstallation":false,"app":"./Resources/in.workindia.apk","appActivity":".RegisterActivity","appPackage":"in.workindia.nileshdungarwal.workindiaandroid","platformVersion":"8.1"},"platformName":"android","skipDeviceInitialization":true,"skipServerInstallation":false,"app":"./Resources/in.workindia.apk","appActivity":".RegisterActivity","appPackage":"in.workindia.nileshdungarwal.workindiaandroid","platformVersion":"8.1.0","deviceName":"emulator-5554","deviceUDID":"emulator-5554","deviceApiLevel":27,"deviceScreenSize":"1080x2160","deviceScreenDensity":440,"deviceModel":"Android SDK built for x86","deviceManufacturer":"Google","pixelRatio":2.75,"statBarHeight":66,"viewportRect":{"left":0,"top":66,"width":1080,"height":1962},"lastScrollData":n...
&amp#27;[35m[HTTP]&amp#27;[39m &amp#27;[37m<-- GET /wd/hub/session/c2100e22-d6d2-40fc-b84e-a0779fb7b915 &amp#27;[39m&amp#27;[32m200&amp#27;[39m &amp#27;[90m23 ms - 1035&amp#27;[39m
&amp#27;[35m[HTTP]&amp#27;[39m &amp#27;[90m&amp#27;[39m
&amp#27;[35m[HTTP]&amp#27;[39m &amp#27;[37m-->&amp#27;[39m &amp#27;[37mGET&amp#27;[39m &amp#27;[37m/wd/hub/session/c2100e22-d6d2-40fc-b84e-a0779fb7b915&amp#27;[39m
&amp#27;[35m[HTTP]&amp#27;[39m &amp#27;[90m{}&amp#27;[39m
[debug] &amp#27;[35m[W3C (c2100e22)]&amp#27;[39m Calling AppiumDriver.getSession() with args: ["c2100e22-d6d2-40fc-b84e-a0779fb7b915"]
[debug] &amp#27;[35m[UiAutomator2]&amp#27;[39m Getting session details from server to mix in
[debug] &amp#27;[35m[WD Proxy]&amp#27;[39m Matched '/' to command name 'getSession'
[debug] &amp#27;[35m[WD Proxy]&amp#27;[39m Proxying [GET /] to [GET http://127.0.0.1:8200/wd/hub/session/f789331e-141a-4136-ac16-2f2228185ffc] with no body
[debug] &amp#27;[35m[WD Proxy]&amp#27;[39m Got response with status 200: {"sessionId":"f789331e-141a-4136-ac16-2f2228185ffc","value":{"lastScrollData":null}}
[debug] &amp#27;[35m[W3C (c2100e22)]&amp#27;[39m Responding to client with driver.getSession() result: {"platform":"LINUX","webStorageEnabled":false,"takesScreenshot":true,"javascriptEnabled":true,"databaseEnabled":false,"networkConnectionEnabled":true,"locationContextEnabled":false,"warnings":{},"desired":{"platformName":"android","skipDeviceInitialization":true,"skipServerInstallation":false,"app":"./Resources/in.workindia.apk","appActivity":".RegisterActivity","appPackage":"in.workindia.nileshdungarwal.workindiaandroid","platformVersion":"8.1"},"platformName":"android","skipDeviceInitialization":true,"skipServerInstallation":false,"app":"./Resources/in.workindia.apk","appActivity":".RegisterActivity","appPackage":"in.workindia.nileshdungarwal.workindiaandroid","platformVersion":"8.1.0","deviceName":"emulator-5554","deviceUDID":"emulator-5554","deviceApiLevel":27,"deviceScreenSize":"1080x2160","deviceScreenDensity":440,"deviceModel":"Android SDK built for x86","deviceManufacturer":"Google","pixelRatio":2.75,"statBarHeight":66,"viewportRect":{"left":0,"top":66,"width":1080,"height":1962},"lastScrollData":n...
&amp#27;[35m[HTTP]&amp#27;[39m &amp#27;[37m<-- GET /wd/hub/session/c2100e22-d6d2-40fc-b84e-a0779fb7b915 &amp#27;[39m&amp#27;[32m200&amp#27;[39m &amp#27;[90m26 ms - 1035&amp#27;[39m
&amp#27;[35m[HTTP]&amp#27;[39m &amp#27;[90m&amp#27;[39m
&amp#27;[35m[HTTP]&amp#27;[39m &amp#27;[37m-->&amp#27;[39m &amp#27;[37mPOST&amp#27;[39m &amp#27;[37m/wd/hub/session/c2100e22-d6d2-40fc-b84e-a0779fb7b915/timeouts&amp#27;[39m
&amp#27;[35m[HTTP]&amp#27;[39m &amp#27;[90m{"implicit":10000}&amp#27;[39m
[debug] &amp#27;[35m[W3C (c2100e22)]&amp#27;[39m Calling AppiumDriver.timeouts() with args: [null,null,null,null,10000,"c2100e22-d6d2-40fc-b84e-a0779fb7b915"]
[debug] &amp#27;[35m[BaseDriver]&amp#27;[39m W3C timeout argument: {"implicit":10000}}
[debug] &amp#27;[35m[BaseDriver]&amp#27;[39m Set implicit wait to 10000ms
[debug] &amp#27;[35m[W3C (c2100e22)]&amp#27;[39m Responding to client with driver.timeouts() result: null
&amp#27;[35m[HTTP]&amp#27;[39m &amp#27;[37m<-- POST /wd/hub/session/c2100e22-d6d2-40fc-b84e-a0779fb7b915/timeouts &amp#27;[39m&amp#27;[32m200&amp#27;[39m &amp#27;[90m6 ms - 14&amp#27;[39m
&amp#27;[35m[HTTP]&amp#27;[39m &amp#27;[90m&amp#27;[39m
&amp#27;[35m[HTTP]&amp#27;[39m &amp#27;[37m-->&amp#27;[39m &amp#27;[37mGET&amp#27;[39m &amp#27;[37m/wd/hub/session/c2100e22-d6d2-40fc-b84e-a0779fb7b915&amp#27;[39m
&amp#27;[35m[HTTP]&amp#27;[39m &amp#27;[90m{}&amp#27;[39m
[debug] &amp#27;[35m[W3C (c2100e22)]&amp#27;[39m Calling AppiumDriver.getSession() with args: ["c2100e22-d6d2-40fc-b84e-a0779fb7b915"]
[debug] &amp#27;[35m[UiAutomator2]&amp#27;[39m Getting session details from server to mix in
[debug] &amp#27;[35m[WD Proxy]&amp#27;[39m Matched '/' to command name 'getSession'
[debug] &amp#27;[35m[WD Proxy]&amp#27;[39m Proxying [GET /] to [GET http://127.0.0.1:8200/wd/hub/session/f789331e-141a-4136-ac16-2f2228185ffc] with no body
[debug] &amp#27;[35m[WD Proxy]&amp#27;[39m Got response with status 200: {"sessionId":"f789331e-141a-4136-ac16-2f2228185ffc","value":{"lastScrollData":null}}
[debug] &amp#27;[35m[W3C (c2100e22)]&amp#27;[39m Responding to client with driver.getSession() result: {"platform":"LINUX","webStorageEnabled":false,"takesScreenshot":true,"javascriptEnabled":true,"databaseEnabled":false,"networkConnectionEnabled":true,"locationContextEnabled":false,"warnings":{},"desired":{"platformName":"android","skipDeviceInitialization":true,"skipServerInstallation":false,"app":"./Resources/in.workindia.apk","appActivity":".RegisterActivity","appPackage":"in.workindia.nileshdungarwal.workindiaandroid","platformVersion":"8.1"},"platformName":"android","skipDeviceInitialization":true,"skipServerInstallation":false,"app":"./Resources/in.workindia.apk","appActivity":".RegisterActivity","appPackage":"in.workindia.nileshdungarwal.workindiaandroid","platformVersion":"8.1.0","deviceName":"emulator-5554","deviceUDID":"emulator-5554","deviceApiLevel":27,"deviceScreenSize":"1080x2160","deviceScreenDensity":440,"deviceModel":"Android SDK built for x86","deviceManufacturer":"Google","pixelRatio":2.75,"statBarHeight":66,"viewportRect":{"left":0,"top":66,"width":1080,"height":1962},"lastScrollData":n...
&amp#27;[35m[HTTP]&amp#27;[39m &amp#27;[37m<-- GET /wd/hub/session/c2100e22-d6d2-40fc-b84e-a0779fb7b915 &amp#27;[39m&amp#27;[32m200&amp#27;[39m &amp#27;[90m13 ms - 1035&amp#27;[39m
&amp#27;[35m[HTTP]&amp#27;[39m &amp#27;[90m&amp#27;[39m
&amp#27;[35m[HTTP]&amp#27;[39m &amp#27;[37m-->&amp#27;[39m &amp#27;[37mGET&amp#27;[39m &amp#27;[37m/wd/hub/session/c2100e22-d6d2-40fc-b84e-a0779fb7b915&amp#27;[39m
&amp#27;[35m[HTTP]&amp#27;[39m &amp#27;[90m{}&amp#27;[39m
[debug] &amp#27;[35m[W3C (c2100e22)]&amp#27;[39m Calling AppiumDriver.getSession() with args: ["c2100e22-d6d2-40fc-b84e-a0779fb7b915"]
[debug] &amp#27;[35m[UiAutomator2]&amp#27;[39m Getting session details from server to mix in
[debug] &amp#27;[35m[WD Proxy]&amp#27;[39m Matched '/' to command name 'getSession'
[debug] &amp#27;[35m[WD Proxy]&amp#27;[39m Proxying [GET /] to [GET http://127.0.0.1:8200/wd/hub/session/f789331e-141a-4136-ac16-2f2228185ffc] with no body
[debug] &amp#27;[35m[WD Proxy]&amp#27;[39m Got response with status 200: {"sessionId":"f789331e-141a-4136-ac16-2f2228185ffc","value":{"lastScrollData":null}}
[debug] &amp#27;[35m[W3C (c2100e22)]&amp#27;[39m Responding to client with driver.getSession() result: {"platform":"LINUX","webStorageEnabled":false,"takesScreenshot":true,"javascriptEnabled":true,"databaseEnabled":false,"networkConnectionEnabled":true,"locationContextEnabled":false,"warnings":{},"desired":{"platformName":"android","skipDeviceInitialization":true,"skipServerInstallation":false,"app":"./Resources/in.workindia.apk","appActivity":".RegisterActivity","appPackage":"in.workindia.nileshdungarwal.workindiaandroid","platformVersion":"8.1"},"platformName":"android","skipDeviceInitialization":true,"skipServerInstallation":false,"app":"./Resources/in.workindia.apk","appActivity":".RegisterActivity","appPackage":"in.workindia.nileshdungarwal.workindiaandroid","platformVersion":"8.1.0","deviceName":"emulator-5554","deviceUDID":"emulator-5554","deviceApiLevel":27,"deviceScreenSize":"1080x2160","deviceScreenDensity":440,"deviceModel":"Android SDK built for x86","deviceManufacturer":"Google","pixelRatio":2.75,"statBarHeight":66,"viewportRect":{"left":0,"top":66,"width":1080,"height":1962},"lastScrollData":n...
&amp#27;[35m[HTTP]&amp#27;[39m &amp#27;[37m<-- GET /wd/hub/session/c2100e22-d6d2-40fc-b84e-a0779fb7b915 &amp#27;[39m&amp#27;[32m200&amp#27;[39m &amp#27;[90m17 ms - 1035&amp#27;[39m
&amp#27;[35m[HTTP]&amp#27;[39m &amp#27;[90m&amp#27;[39m
&amp#27;[35m[HTTP]&amp#27;[39m &amp#27;[37m-->&amp#27;[39m &amp#27;[37mPOST&amp#27;[39m &amp#27;[37m/wd/hub/session/c2100e22-d6d2-40fc-b84e-a0779fb7b915/element&amp#27;[39m
&amp#27;[35m[HTTP]&amp#27;[39m &amp#27;[90m{"using":"xpath","value":"//android.widget.FrameLayout/android.widget.LinearLayout/android.widget.FrameLayout/android.widget.LinearLayout/android.widget.TextView[1]"}&amp#27;[39m
[debug] &amp#27;[35m[W3C (c2100e22)]&amp#27;[39m Calling AppiumDriver.findElement() with args: ["xpath","//android.widget.FrameLayout/android.widget.LinearLayout/android.widget.FrameLayout/android.widget.LinearLayout/android.widget.TextView[1]","c2100e22-d6d2-40fc-b84e-a0779fb7b915"]
[debug] &amp#27;[35m[BaseDriver]&amp#27;[39m Valid locator strategies for this request: xpath, id, class name, accessibility id, css selector, -android uiautomator
[debug] &amp#27;[35m[BaseDriver]&amp#27;[39m Waiting up to 10000 ms for condition
[debug] &amp#27;[35m[WD Proxy]&amp#27;[39m Matched '/element' to command name 'findElement'
[debug] &amp#27;[35m[WD Proxy]&amp#27;[39m Proxying [POST /element] to [POST http://127.0.0.1:8200/wd/hub/session/f789331e-141a-4136-ac16-2f2228185ffc/element] with body: {"strategy":"xpath","selector":"//android.widget.FrameLayout/android.widget.LinearLayout/android.widget.FrameLayout/android.widget.LinearLayout/android.widget.TextView[1]","context":"","multiple":false}
[debug] &amp#27;[35m[WD Proxy]&amp#27;[39m Got response with status 200: {"sessionId":"f789331e-141a-4136-ac16-2f2228185ffc","value":{"ELEMENT":"77ac743e-c52f-4108-bed2-9433fc96be82","element-6066-11e4-a52e-4f735466cecf":"77ac743e-c52f-4108-bed2-9433fc96be82"}}
[debug] &amp#27;[35m[W3C (c2100e22)]&amp#27;[39m Responding to client with driver.findElement() result: {"element-6066-11e4-a52e-4f735466cecf":"77ac743e-c52f-4108-bed2-9433fc96be82","ELEMENT":"77ac743e-c52f-4108-bed2-9433fc96be82"}
&amp#27;[35m[HTTP]&amp#27;[39m &amp#27;[37m<-- POST /wd/hub/session/c2100e22-d6d2-40fc-b84e-a0779fb7b915/element &amp#27;[39m&amp#27;[32m200&amp#27;[39m &amp#27;[90m147 ms - 137&amp#27;[39m
&amp#27;[35m[HTTP]&amp#27;[39m &amp#27;[90m&amp#27;[39m
&amp#27;[35m[HTTP]&amp#27;[39m &amp#27;[37m-->&amp#27;[39m &amp#27;[37mGET&amp#27;[39m &amp#27;[37m/wd/hub/session/c2100e22-d6d2-40fc-b84e-a0779fb7b915/element/77ac743e-c52f-4108-bed2-9433fc96be82/text&amp#27;[39m
&amp#27;[35m[HTTP]&amp#27;[39m &amp#27;[90m{}&amp#27;[39m
&amp#27;[35m[W3C (c2100e22)]&amp#27;[39m Driver proxy active, passing request on via HTTP proxy
[debug] &amp#27;[35m[WD Proxy]&amp#27;[39m Matched '/wd/hub/session/c2100e22-d6d2-40fc-b84e-a0779fb7b915/element/77ac743e-c52f-4108-bed2-9433fc96be82/text' to command name 'getText'
[debug] &amp#27;[35m[WD Proxy]&amp#27;[39m Proxying [GET /wd/hub/session/c2100e22-d6d2-40fc-b84e-a0779fb7b915/element/77ac743e-c52f-4108-bed2-9433fc96be82/text] to [GET http://127.0.0.1:8200/wd/hub/session/f789331e-141a-4136-ac16-2f2228185ffc/element/77ac743e-c52f-4108-bed2-9433fc96be82/text] with no body
[debug] &amp#27;[35m[WD Proxy]&amp#27;[39m Got response with status 200: {"sessionId":"f789331e-141a-4136-ac16-2f2228185ffc","value":"Job Search"}
&amp#27;[35m[WD Proxy]&amp#27;[39m Replacing sessionId f789331e-141a-4136-ac16-2f2228185ffc with c2100e22-d6d2-40fc-b84e-a0779fb7b915
&amp#27;[35m[HTTP]&amp#27;[39m &amp#27;[37m<-- GET /wd/hub/session/c2100e22-d6d2-40fc-b84e-a0779fb7b915/element/77ac743e-c52f-4108-bed2-9433fc96be82/text &amp#27;[39m&amp#27;[32m200&amp#27;[39m &amp#27;[90m26 ms - 73&amp#27;[39m
&amp#27;[35m[HTTP]&amp#27;[39m &amp#27;[90m&amp#27;[39m
&amp#27;[35m[HTTP]&amp#27;[39m &amp#27;[37m-->&amp#27;[39m &amp#27;[37mGET&amp#27;[39m &amp#27;[37m/wd/hub/session/c2100e22-d6d2-40fc-b84e-a0779fb7b915&amp#27;[39m
&amp#27;[35m[HTTP]&amp#27;[39m &amp#27;[90m{}&amp#27;[39m
[debug] &amp#27;[35m[W3C (c2100e22)]&amp#27;[39m Calling AppiumDriver.getSession() with args: ["c2100e22-d6d2-40fc-b84e-a0779fb7b915"]
[debug] &amp#27;[35m[UiAutomator2]&amp#27;[39m Getting session details from server to mix in
[debug] &amp#27;[35m[WD Proxy]&amp#27;[39m Matched '/' to command name 'getSession'
[debug] &amp#27;[35m[WD Proxy]&amp#27;[39m Proxying [GET /] to [GET http://127.0.0.1:8200/wd/hub/session/f789331e-141a-4136-ac16-2f2228185ffc] with no body
[debug] &amp#27;[35m[WD Proxy]&amp#27;[39m Got response with status 200: {"sessionId":"f789331e-141a-4136-ac16-2f2228185ffc","value":{"lastScrollData":null}}
[debug] &amp#27;[35m[W3C (c2100e22)]&amp#27;[39m Responding to client with driver.getSession() result: {"platform":"LINUX","webStorageEnabled":false,"takesScreenshot":true,"javascriptEnabled":true,"databaseEnabled":false,"networkConnectionEnabled":true,"locationContextEnabled":false,"warnings":{},"desired":{"platformName":"android","skipDeviceInitialization":true,"skipServerInstallation":false,"app":"./Resources/in.workindia.apk","appActivity":".RegisterActivity","appPackage":"in.workindia.nileshdungarwal.workindiaandroid","platformVersion":"8.1"},"platformName":"android","skipDeviceInitialization":true,"skipServerInstallation":false,"app":"./Resources/in.workindia.apk","appActivity":".RegisterActivity","appPackage":"in.workindia.nileshdungarwal.workindiaandroid","platformVersion":"8.1.0","deviceName":"emulator-5554","deviceUDID":"emulator-5554","deviceApiLevel":27,"deviceScreenSize":"1080x2160","deviceScreenDensity":440,"deviceModel":"Android SDK built for x86","deviceManufacturer":"Google","pixelRatio":2.75,"statBarHeight":66,"viewportRect":{"left":0,"top":66,"width":1080,"height":1962},"lastScrollData":n...
&amp#27;[35m[HTTP]&amp#27;[39m &amp#27;[37m<-- GET /wd/hub/session/c2100e22-d6d2-40fc-b84e-a0779fb7b915 &amp#27;[39m&amp#27;[32m200&amp#27;[39m &amp#27;[90m22 ms - 1035&amp#27;[39m
&amp#27;[35m[HTTP]&amp#27;[39m &amp#27;[90m&amp#27;[39m
&amp#27;[35m[HTTP]&amp#27;[39m &amp#27;[37m-->&amp#27;[39m &amp#27;[37mPOST&amp#27;[39m &amp#27;[37m/wd/hub/session/c2100e22-d6d2-40fc-b84e-a0779fb7b915/element&amp#27;[39m
&amp#27;[35m[HTTP]&amp#27;[39m &amp#27;[90m{"using":"id","value":"in.workindia.nileshdungarwal.workindiaandroid:id/et_name"}&amp#27;[39m
[debug] &amp#27;[35m[W3C (c2100e22)]&amp#27;[39m Calling AppiumDriver.findElement() with args: ["id","in.workindia.nileshdungarwal.workindiaandroid:id/et_name","c2100e22-d6d2-40fc-b84e-a0779fb7b915"]
[debug] &amp#27;[35m[BaseDriver]&amp#27;[39m Valid locator strategies for this request: xpath, id, class name, accessibility id, css selector, -android uiautomator
[debug] &amp#27;[35m[BaseDriver]&amp#27;[39m Waiting up to 10000 ms for condition
[debug] &amp#27;[35m[WD Proxy]&amp#27;[39m Matched '/element' to command name 'findElement'
[debug] &amp#27;[35m[WD Proxy]&amp#27;[39m Proxying [POST /element] to [POST http://127.0.0.1:8200/wd/hub/session/f789331e-141a-4136-ac16-2f2228185ffc/element] with body: {"strategy":"id","selector":"in.workindia.nileshdungarwal.workindiaandroid:id/et_name","context":"","multiple":false}
[debug] &amp#27;[35m[WD Proxy]&amp#27;[39m Got response with status 200: {"sessionId":"f789331e-141a-4136-ac16-2f2228185ffc","value":{"ELEMENT":"6fea72f7-16be-4c81-aaa1-059ff5c4b4ed","element-6066-11e4-a52e-4f735466cecf":"6fea72f7-16be-4c81-aaa1-059ff5c4b4ed"}}
[debug] &amp#27;[35m[W3C (c2100e22)]&amp#27;[39m Responding to client with driver.findElement() result: {"element-6066-11e4-a52e-4f735466cecf":"6fea72f7-16be-4c81-aaa1-059ff5c4b4ed","ELEMENT":"6fea72f7-16be-4c81-aaa1-059ff5c4b4ed"}
&amp#27;[35m[HTTP]&amp#27;[39m &amp#27;[37m<-- POST /wd/hub/session/c2100e22-d6d2-40fc-b84e-a0779fb7b915/element &amp#27;[39m&amp#27;[32m200&amp#27;[39m &amp#27;[90m35 ms - 137&amp#27;[39m
&amp#27;[35m[HTTP]&amp#27;[39m &amp#27;[90m&amp#27;[39m
&amp#27;[35m[HTTP]&amp#27;[39m &amp#27;[37m-->&amp#27;[39m &amp#27;[37mPOST&amp#27;[39m &amp#27;[37m/wd/hub/session/c2100e22-d6d2-40fc-b84e-a0779fb7b915/element/6fea72f7-16be-4c81-aaa1-059ff5c4b4ed/value&amp#27;[39m
&amp#27;[35m[HTTP]&amp#27;[39m &amp#27;[90m{"id":"6fea72f7-16be-4c81-aaa1-059ff5c4b4ed","text":"Sobhit","value":["S","o","b","h","i","t"]}&amp#27;[39m
[debug] &amp#27;[35m[W3C (c2100e22)]&amp#27;[39m Calling AppiumDriver.setValue() with args: [["S","o","b","h","i","t"],"6fea72f7-16be-4c81-aaa1-059ff5c4b4ed","c2100e22-d6d2-40fc-b84e-a0779fb7b915"]
[debug] &amp#27;[35m[WD Proxy]&amp#27;[39m Matched '/element/6fea72f7-16be-4c81-aaa1-059ff5c4b4ed/value' to command name 'setValue'
[debug] &amp#27;[35m[Protocol Converter]&amp#27;[39m Added 'value' property ["S","o","b","h","i","t"] to 'setValue' request body
[debug] &amp#27;[35m[WD Proxy]&amp#27;[39m Proxying [POST /element/6fea72f7-16be-4c81-aaa1-059ff5c4b4ed/value] to [POST http://127.0.0.1:8200/wd/hub/session/f789331e-141a-4136-ac16-2f2228185ffc/element/6fea72f7-16be-4c81-aaa1-059ff5c4b4ed/value] with body: {"elementId":"6fea72f7-16be-4c81-aaa1-059ff5c4b4ed","text":"Sobhit","replace":false,"value":["S","o","b","h","i","t"]}
[debug] &amp#27;[35m[WD Proxy]&amp#27;[39m Got response with status 200: {"sessionId":"f789331e-141a-4136-ac16-2f2228185ffc","value":null}
[debug] &amp#27;[35m[W3C (c2100e22)]&amp#27;[39m Responding to client with driver.setValue() result: null
&amp#27;[35m[HTTP]&amp#27;[39m &amp#27;[37m<-- POST /wd/hub/session/c2100e22-d6d2-40fc-b84e-a0779fb7b915/element/6fea72f7-16be-4c81-aaa1-059ff5c4b4ed/value &amp#27;[39m&amp#27;[32m200&amp#27;[39m &amp#27;[90m52 ms - 14&amp#27;[39m
&amp#27;[35m[HTTP]&amp#27;[39m &amp#27;[90m&amp#27;[39m
&amp#27;[35m[HTTP]&amp#27;[39m &amp#27;[37m-->&amp#27;[39m &amp#27;[37mGET&amp#27;[39m &amp#27;[37m/wd/hub/session/c2100e22-d6d2-40fc-b84e-a0779fb7b915&amp#27;[39m
&amp#27;[35m[HTTP]&amp#27;[39m &amp#27;[90m{}&amp#27;[39m
[debug] &amp#27;[35m[W3C (c2100e22)]&amp#27;[39m Calling AppiumDriver.getSession() with args: ["c2100e22-d6d2-40fc-b84e-a0779fb7b915"]
[debug] &amp#27;[35m[UiAutomator2]&amp#27;[39m Getting session details from server to mix in
[debug] &amp#27;[35m[WD Proxy]&amp#27;[39m Matched '/' to command name 'getSession'
[debug] &amp#27;[35m[WD Proxy]&amp#27;[39m Proxying [GET /] to [GET http://127.0.0.1:8200/wd/hub/session/f789331e-141a-4136-ac16-2f2228185ffc] with no body
[debug] &amp#27;[35m[WD Proxy]&amp#27;[39m Got response with status 200: {"sessionId":"f789331e-141a-4136-ac16-2f2228185ffc","value":{"lastScrollData":null}}
[debug] &amp#27;[35m[W3C (c2100e22)]&amp#27;[39m Responding to client with driver.getSession() result: {"platform":"LINUX","webStorageEnabled":false,"takesScreenshot":true,"javascriptEnabled":true,"databaseEnabled":false,"networkConnectionEnabled":true,"locationContextEnabled":false,"warnings":{},"desired":{"platformName":"android","skipDeviceInitialization":true,"skipServerInstallation":false,"app":"./Resources/in.workindia.apk","appActivity":".RegisterActivity","appPackage":"in.workindia.nileshdungarwal.workindiaandroid","platformVersion":"8.1"},"platformName":"android","skipDeviceInitialization":true,"skipServerInstallation":false,"app":"./Resources/in.workindia.apk","appActivity":".RegisterActivity","appPackage":"in.workindia.nileshdungarwal.workindiaandroid","platformVersion":"8.1.0","deviceName":"emulator-5554","deviceUDID":"emulator-5554","deviceApiLevel":27,"deviceScreenSize":"1080x2160","deviceScreenDensity":440,"deviceModel":"Android SDK built for x86","deviceManufacturer":"Google","pixelRatio":2.75,"statBarHeight":66,"viewportRect":{"left":0,"top":66,"width":1080,"height":1962},"lastScrollData":n...
&amp#27;[35m[HTTP]&amp#27;[39m &amp#27;[37m<-- GET /wd/hub/session/c2100e22-d6d2-40fc-b84e-a0779fb7b915 &amp#27;[39m&amp#27;[32m200&amp#27;[39m &amp#27;[90m15 ms - 1035&amp#27;[39m
&amp#27;[35m[HTTP]&amp#27;[39m &amp#27;[90m&amp#27;[39m
&amp#27;[35m[HTTP]&amp#27;[39m &amp#27;[37m-->&amp#27;[39m &amp#27;[37mPOST&amp#27;[39m &amp#27;[37m/wd/hub/session/c2100e22-d6d2-40fc-b84e-a0779fb7b915/element&amp#27;[39m
&amp#27;[35m[HTTP]&amp#27;[39m &amp#27;[90m{"using":"id","value":"in.workindia.nileshdungarwal.workindiaandroid:id/et_number"}&amp#27;[39m
[debug] &amp#27;[35m[W3C (c2100e22)]&amp#27;[39m Calling AppiumDriver.findElement() with args: ["id","in.workindia.nileshdungarwal.workindiaandroid:id/et_number","c2100e22-d6d2-40fc-b84e-a0779fb7b915"]
[debug] &amp#27;[35m[BaseDriver]&amp#27;[39m Valid locator strategies for this request: xpath, id, class name, accessibility id, css selector, -android uiautomator
[debug] &amp#27;[35m[BaseDriver]&amp#27;[39m Waiting up to 10000 ms for condition
[debug] &amp#27;[35m[WD Proxy]&amp#27;[39m Matched '/element' to command name 'findElement'
[debug] &amp#27;[35m[WD Proxy]&amp#27;[39m Proxying [POST /element] to [POST http://127.0.0.1:8200/wd/hub/session/f789331e-141a-4136-ac16-2f2228185ffc/element] with body: {"strategy":"id","selector":"in.workindia.nileshdungarwal.workindiaandroid:id/et_number","context":"","multiple":false}
[debug] &amp#27;[35m[WD Proxy]&amp#27;[39m Got response with status 200: {"sessionId":"f789331e-141a-4136-ac16-2f2228185ffc","value":{"ELEMENT":"71bcd330-3ac9-4b29-bad1-adfbe77522f4","element-6066-11e4-a52e-4f735466cecf":"71bcd330-3ac9-4b29-bad1-adfbe77522f4"}}
[debug] &amp#27;[35m[W3C (c2100e22)]&amp#27;[39m Responding to client with driver.findElement() result: {"element-6066-11e4-a52e-4f735466cecf":"71bcd330-3ac9-4b29-bad1-adfbe77522f4","ELEMENT":"71bcd330-3ac9-4b29-bad1-adfbe77522f4"}
&amp#27;[35m[HTTP]&amp#27;[39m &amp#27;[37m<-- POST /wd/hub/session/c2100e22-d6d2-40fc-b84e-a0779fb7b915/element &amp#27;[39m&amp#27;[32m200&amp#27;[39m &amp#27;[90m484 ms - 137&amp#27;[39m
&amp#27;[35m[HTTP]&amp#27;[39m &amp#27;[90m&amp#27;[39m
&amp#27;[35m[HTTP]&amp#27;[39m &amp#27;[37m-->&amp#27;[39m &amp#27;[37mPOST&amp#27;[39m &amp#27;[37m/wd/hub/session/c2100e22-d6d2-40fc-b84e-a0779fb7b915/element/71bcd330-3ac9-4b29-bad1-adfbe77522f4/value&amp#27;[39m
&amp#27;[35m[HTTP]&amp#27;[39m &amp#27;[90m{"id":"71bcd330-3ac9-4b29-bad1-adfbe77522f4","text":"1234567890","value":["1","2","3","4","5","6","7","8","9","0"]}&amp#27;[39m
[debug] &amp#27;[35m[W3C (c2100e22)]&amp#27;[39m Calling AppiumDriver.setValue() with args: [["1","2","3","4","5","6","7","8","9","0"],"71bcd330-3ac9-4b29-bad1-adfbe77522f4","c2100e22-d6d2-40fc-b84e-a0779fb7b915"]
[debug] &amp#27;[35m[WD Proxy]&amp#27;[39m Matched '/element/71bcd330-3ac9-4b29-bad1-adfbe77522f4/value' to command name 'setValue'
[debug] &amp#27;[35m[Protocol Converter]&amp#27;[39m Added 'value' property ["1","2","3","4","5","6","7","8","9","0"] to 'setValue' request body
[debug] &amp#27;[35m[WD Proxy]&amp#27;[39m Proxying [POST /element/71bcd330-3ac9-4b29-bad1-adfbe77522f4/value] to [POST http://127.0.0.1:8200/wd/hub/session/f789331e-141a-4136-ac16-2f2228185ffc/element/71bcd330-3ac9-4b29-bad1-adfbe77522f4/value] with body: {"elementId":"71bcd330-3ac9-4b29-bad1-adfbe77522f4","text":"1234567890","replace":false,"value":["1","2","3","4","5","6","7","8","9","0"]}
[debug] &amp#27;[35m[WD Proxy]&amp#27;[39m Got response with status 200: {"sessionId":"f789331e-141a-4136-ac16-2f2228185ffc","value":null}
[debug] &amp#27;[35m[W3C (c2100e22)]&amp#27;[39m Responding to client with driver.setValue() result: null
&amp#27;[35m[HTTP]&amp#27;[39m &amp#27;[37m<-- POST /wd/hub/session/c2100e22-d6d2-40fc-b84e-a0779fb7b915/element/71bcd330-3ac9-4b29-bad1-adfbe77522f4/value &amp#27;[39m&amp#27;[32m200&amp#27;[39m &amp#27;[90m30 ms - 14&amp#27;[39m
&amp#27;[35m[HTTP]&amp#27;[39m &amp#27;[90m&amp#27;[39m
&amp#27;[35m[HTTP]&amp#27;[39m &amp#27;[37m-->&amp#27;[39m &amp#27;[37mGET&amp#27;[39m &amp#27;[37m/wd/hub/session/c2100e22-d6d2-40fc-b84e-a0779fb7b915&amp#27;[39m
&amp#27;[35m[HTTP]&amp#27;[39m &amp#27;[90m{}&amp#27;[39m
[debug] &amp#27;[35m[W3C (c2100e22)]&amp#27;[39m Calling AppiumDriver.getSession() with args: ["c2100e22-d6d2-40fc-b84e-a0779fb7b915"]
[debug] &amp#27;[35m[UiAutomator2]&amp#27;[39m Getting session details from server to mix in
[debug] &amp#27;[35m[WD Proxy]&amp#27;[39m Matched '/' to command name 'getSession'
[debug] &amp#27;[35m[WD Proxy]&amp#27;[39m Proxying [GET /] to [GET http://127.0.0.1:8200/wd/hub/session/f789331e-141a-4136-ac16-2f2228185ffc] with no body
[debug] &amp#27;[35m[WD Proxy]&amp#27;[39m Got response with status 200: {"sessionId":"f789331e-141a-4136-ac16-2f2228185ffc","value":{"lastScrollData":null}}
[debug] &amp#27;[35m[W3C (c2100e22)]&amp#27;[39m Responding to client with driver.getSession() result: {"platform":"LINUX","webStorageEnabled":false,"takesScreenshot":true,"javascriptEnabled":true,"databaseEnabled":false,"networkConnectionEnabled":true,"locationContextEnabled":false,"warnings":{},"desired":{"platformName":"android","skipDeviceInitialization":true,"skipServerInstallation":false,"app":"./Resources/in.workindia.apk","appActivity":".RegisterActivity","appPackage":"in.workindia.nileshdungarwal.workindiaandroid","platformVersion":"8.1"},"platformName":"android","skipDeviceInitialization":true,"skipServerInstallation":false,"app":"./Resources/in.workindia.apk","appActivity":".RegisterActivity","appPackage":"in.workindia.nileshdungarwal.workindiaandroid","platformVersion":"8.1.0","deviceName":"emulator-5554","deviceUDID":"emulator-5554","deviceApiLevel":27,"deviceScreenSize":"1080x2160","deviceScreenDensity":440,"deviceModel":"Android SDK built for x86","deviceManufacturer":"Google","pixelRatio":2.75,"statBarHeight":66,"viewportRect":{"left":0,"top":66,"width":1080,"height":1962},"lastScrollData":n...
&amp#27;[35m[HTTP]&amp#27;[39m &amp#27;[37m<-- GET /wd/hub/session/c2100e22-d6d2-40fc-b84e-a0779fb7b915 &amp#27;[39m&amp#27;[32m200&amp#27;[39m &amp#27;[90m15 ms - 1035&amp#27;[39m
&amp#27;[35m[HTTP]&amp#27;[39m &amp#27;[90m&amp#27;[39m
&amp#27;[35m[HTTP]&amp#27;[39m &amp#27;[37m-->&amp#27;[39m &amp#27;[37mGET&amp#27;[39m &amp#27;[37m/wd/hub/session/c2100e22-d6d2-40fc-b84e-a0779fb7b915&amp#27;[39m
&amp#27;[35m[HTTP]&amp#27;[39m &amp#27;[90m{}&amp#27;[39m
[debug] &amp#27;[35m[W3C (c2100e22)]&amp#27;[39m Calling AppiumDriver.getSession() with args: ["c2100e22-d6d2-40fc-b84e-a0779fb7b915"]
[debug] &amp#27;[35m[UiAutomator2]&amp#27;[39m Getting session details from server to mix in
[debug] &amp#27;[35m[WD Proxy]&amp#27;[39m Matched '/' to command name 'getSession'
[debug] &amp#27;[35m[WD Proxy]&amp#27;[39m Proxying [GET /] to [GET http://127.0.0.1:8200/wd/hub/session/f789331e-141a-4136-ac16-2f2228185ffc] with no body
[debug] &amp#27;[35m[WD Proxy]&amp#27;[39m Got response with status 200: {"sessionId":"f789331e-141a-4136-ac16-2f2228185ffc","value":{"lastScrollData":null}}
[debug] &amp#27;[35m[W3C (c2100e22)]&amp#27;[39m Responding to client with driver.getSession() result: {"platform":"LINUX","webStorageEnabled":false,"takesScreenshot":true,"javascriptEnabled":true,"databaseEnabled":false,"networkConnectionEnabled":true,"locationContextEnabled":false,"warnings":{},"desired":{"platformName":"android","skipDeviceInitialization":true,"skipServerInstallation":false,"app":"./Resources/in.workindia.apk","appActivity":".RegisterActivity","appPackage":"in.workindia.nileshdungarwal.workindiaandroid","platformVersion":"8.1"},"platformName":"android","skipDeviceInitialization":true,"skipServerInstallation":false,"app":"./Resources/in.workindia.apk","appActivity":".RegisterActivity","appPackage":"in.workindia.nileshdungarwal.workindiaandroid","platformVersion":"8.1.0","deviceName":"emulator-5554","deviceUDID":"emulator-5554","deviceApiLevel":27,"deviceScreenSize":"1080x2160","deviceScreenDensity":440,"deviceModel":"Android SDK built for x86","deviceManufacturer":"Google","pixelRatio":2.75,"statBarHeight":66,"viewportRect":{"left":0,"top":66,"width":1080,"height":1962},"lastScrollData":n...
&amp#27;[35m[HTTP]&amp#27;[39m &amp#27;[37m<-- GET /wd/hub/session/c2100e22-d6d2-40fc-b84e-a0779fb7b915 &amp#27;[39m&amp#27;[32m200&amp#27;[39m &amp#27;[90m17 ms - 1035&amp#27;[39m
&amp#27;[35m[HTTP]&amp#27;[39m &amp#27;[90m&amp#27;[39m
&amp#27;[35m[HTTP]&amp#27;[39m &amp#27;[37m-->&amp#27;[39m &amp#27;[37mGET&amp#27;[39m &amp#27;[37m/wd/hub/session/c2100e22-d6d2-40fc-b84e-a0779fb7b915&amp#27;[39m
&amp#27;[35m[HTTP]&amp#27;[39m &amp#27;[90m{}&amp#27;[39m
[debug] &amp#27;[35m[W3C (c2100e22)]&amp#27;[39m Calling AppiumDriver.getSession() with args: ["c2100e22-d6d2-40fc-b84e-a0779fb7b915"]
[debug] &amp#27;[35m[UiAutomator2]&amp#27;[39m Getting session details from server to mix in
[debug] &amp#27;[35m[WD Proxy]&amp#27;[39m Matched '/' to command name 'getSession'
[debug] &amp#27;[35m[WD Proxy]&amp#27;[39m Proxying [GET /] to [GET http://127.0.0.1:8200/wd/hub/session/f789331e-141a-4136-ac16-2f2228185ffc] with no body
[debug] &amp#27;[35m[WD Proxy]&amp#27;[39m Got response with status 200: {"sessionId":"f789331e-141a-4136-ac16-2f2228185ffc","value":{"lastScrollData":null}}
[debug] &amp#27;[35m[W3C (c2100e22)]&amp#27;[39m Responding to client with driver.getSession() result: {"platform":"LINUX","webStorageEnabled":false,"takesScreenshot":true,"javascriptEnabled":true,"databaseEnabled":false,"networkConnectionEnabled":true,"locationContextEnabled":false,"warnings":{},"desired":{"platformName":"android","skipDeviceInitialization":true,"skipServerInstallation":false,"app":"./Resources/in.workindia.apk","appActivity":".RegisterActivity","appPackage":"in.workindia.nileshdungarwal.workindiaandroid","platformVersion":"8.1"},"platformName":"android","skipDeviceInitialization":true,"skipServerInstallation":false,"app":"./Resources/in.workindia.apk","appActivity":".RegisterActivity","appPackage":"in.workindia.nileshdungarwal.workindiaandroid","platformVersion":"8.1.0","deviceName":"emulator-5554","deviceUDID":"emulator-5554","deviceApiLevel":27,"deviceScreenSize":"1080x2160","deviceScreenDensity":440,"deviceModel":"Android SDK built for x86","deviceManufacturer":"Google","pixelRatio":2.75,"statBarHeight":66,"viewportRect":{"left":0,"top":66,"width":1080,"height":1962},"lastScrollData":n...
&amp#27;[35m[HTTP]&amp#27;[39m &amp#27;[37m<-- GET /wd/hub/session/c2100e22-d6d2-40fc-b84e-a0779fb7b915 &amp#27;[39m&amp#27;[32m200&amp#27;[39m &amp#27;[90m15 ms - 1035&amp#27;[39m
&amp#27;[35m[HTTP]&amp#27;[39m &amp#27;[90m&amp#27;[39m
&amp#27;[35m[HTTP]&amp#27;[39m &amp#27;[37m-->&amp#27;[39m &amp#27;[37mPOST&amp#27;[39m &amp#27;[37m/wd/hub/session/c2100e22-d6d2-40fc-b84e-a0779fb7b915/element&amp#27;[39m
&amp#27;[35m[HTTP]&amp#27;[39m &amp#27;[90m{"using":"id","value":"in.workindia.nileshdungarwal.workindiaandroid:id/btn_submit"}&amp#27;[39m
[debug] &amp#27;[35m[W3C (c2100e22)]&amp#27;[39m Calling AppiumDriver.findElement() with args: ["id","in.workindia.nileshdungarwal.workindiaandroid:id/btn_submit","c2100e22-d6d2-40fc-b84e-a0779fb7b915"]
[debug] &amp#27;[35m[BaseDriver]&amp#27;[39m Valid locator strategies for this request: xpath, id, class name, accessibility id, css selector, -android uiautomator
[debug] &amp#27;[35m[BaseDriver]&amp#27;[39m Waiting up to 10000 ms for condition
[debug] &amp#27;[35m[WD Proxy]&amp#27;[39m Matched '/element' to command name 'findElement'
[debug] &amp#27;[35m[WD Proxy]&amp#27;[39m Proxying [POST /element] to [POST http://127.0.0.1:8200/wd/hub/session/f789331e-141a-4136-ac16-2f2228185ffc/element] with body: {"strategy":"id","selector":"in.workindia.nileshdungarwal.workindiaandroid:id/btn_submit","context":"","multiple":false}
[debug] &amp#27;[35m[WD Proxy]&amp#27;[39m Got response with status 200: {"sessionId":"f789331e-141a-4136-ac16-2f2228185ffc","value":{"ELEMENT":"7d368ac7-96e7-41bc-8f22-acffa7a0d7c4","element-6066-11e4-a52e-4f735466cecf":"7d368ac7-96e7-41bc-8f22-acffa7a0d7c4"}}
[debug] &amp#27;[35m[W3C (c2100e22)]&amp#27;[39m Responding to client with driver.findElement() result: {"element-6066-11e4-a52e-4f735466cecf":"7d368ac7-96e7-41bc-8f22-acffa7a0d7c4","ELEMENT":"7d368ac7-96e7-41bc-8f22-acffa7a0d7c4"}
&amp#27;[35m[HTTP]&amp#27;[39m &amp#27;[37m<-- POST /wd/hub/session/c2100e22-d6d2-40fc-b84e-a0779fb7b915/element &amp#27;[39m&amp#27;[32m200&amp#27;[39m &amp#27;[90m437 ms - 137&amp#27;[39m
&amp#27;[35m[HTTP]&amp#27;[39m &amp#27;[90m&amp#27;[39m
&amp#27;[35m[HTTP]&amp#27;[39m &amp#27;[37m-->&amp#27;[39m &amp#27;[37mPOST&amp#27;[39m &amp#27;[37m/wd/hub/session/c2100e22-d6d2-40fc-b84e-a0779fb7b915/element/7d368ac7-96e7-41bc-8f22-acffa7a0d7c4/click&amp#27;[39m
&amp#27;[35m[HTTP]&amp#27;[39m &amp#27;[90m{"id":"7d368ac7-96e7-41bc-8f22-acffa7a0d7c4"}&amp#27;[39m
[debug] &amp#27;[35m[W3C (c2100e22)]&amp#27;[39m Calling AppiumDriver.click() with args: ["7d368ac7-96e7-41bc-8f22-acffa7a0d7c4","c2100e22-d6d2-40fc-b84e-a0779fb7b915"]
[debug] &amp#27;[35m[WD Proxy]&amp#27;[39m Matched '/element/7d368ac7-96e7-41bc-8f22-acffa7a0d7c4/click' to command name 'click'
[debug] &amp#27;[35m[WD Proxy]&amp#27;[39m Proxying [POST /element/7d368ac7-96e7-41bc-8f22-acffa7a0d7c4/click] to [POST http://127.0.0.1:8200/wd/hub/session/f789331e-141a-4136-ac16-2f2228185ffc/element/7d368ac7-96e7-41bc-8f22-acffa7a0d7c4/click] with body: {"element":"7d368ac7-96e7-41bc-8f22-acffa7a0d7c4"}
[debug] &amp#27;[35m[WD Proxy]&amp#27;[39m Got response with status 200: {"sessionId":"f789331e-141a-4136-ac16-2f2228185ffc","value":null}
[debug] &amp#27;[35m[W3C (c2100e22)]&amp#27;[39m Responding to client with driver.click() result: null
&amp#27;[35m[HTTP]&amp#27;[39m &amp#27;[37m<-- POST /wd/hub/session/c2100e22-d6d2-40fc-b84e-a0779fb7b915/element/7d368ac7-96e7-41bc-8f22-acffa7a0d7c4/click &amp#27;[39m&amp#27;[32m200&amp#27;[39m &amp#27;[90m26 ms - 14&amp#27;[39m
&amp#27;[35m[HTTP]&amp#27;[39m &amp#27;[90m&amp#27;[39m
&amp#27;[35m[HTTP]&amp#27;[39m &amp#27;[37m-->&amp#27;[39m &amp#27;[37mPOST&amp#27;[39m &amp#27;[37m/wd/hub/session/c2100e22-d6d2-40fc-b84e-a0779fb7b915/timeouts&amp#27;[39m
&amp#27;[35m[HTTP]&amp#27;[39m &amp#27;[90m{"implicit":50000}&amp#27;[39m
[debug] &amp#27;[35m[W3C (c2100e22)]&amp#27;[39m Calling AppiumDriver.timeouts() with args: [null,null,null,null,50000,"c2100e22-d6d2-40fc-b84e-a0779fb7b915"]
[debug] &amp#27;[35m[BaseDriver]&amp#27;[39m W3C timeout argument: {"implicit":50000}}
[debug] &amp#27;[35m[BaseDriver]&amp#27;[39m Set implicit wait to 50000ms
[debug] &amp#27;[35m[W3C (c2100e22)]&amp#27;[39m Responding to client with driver.timeouts() result: null
&amp#27;[35m[HTTP]&amp#27;[39m &amp#27;[37m<-- POST /wd/hub/session/c2100e22-d6d2-40fc-b84e-a0779fb7b915/timeouts &amp#27;[39m&amp#27;[32m200&amp#27;[39m &amp#27;[90m4 ms - 14&amp#27;[39m
&amp#27;[35m[HTTP]&amp#27;[39m &amp#27;[90m&amp#27;[39m
&amp#27;[35m[HTTP]&amp#27;[39m &amp#27;[37m-->&amp#27;[39m &amp#27;[37mGET&amp#27;[39m &amp#27;[37m/wd/hub/session/c2100e22-d6d2-40fc-b84e-a0779fb7b915&amp#27;[39m
&amp#27;[35m[HTTP]&amp#27;[39m &amp#27;[90m{}&amp#27;[39m
[debug] &amp#27;[35m[W3C (c2100e22)]&amp#27;[39m Calling AppiumDriver.getSession() with args: ["c2100e22-d6d2-40fc-b84e-a0779fb7b915"]
[debug] &amp#27;[35m[UiAutomator2]&amp#27;[39m Getting session details from server to mix in
[debug] &amp#27;[35m[WD Proxy]&amp#27;[39m Matched '/' to command name 'getSession'
[debug] &amp#27;[35m[WD Proxy]&amp#27;[39m Proxying [GET /] to [GET http://127.0.0.1:8200/wd/hub/session/f789331e-141a-4136-ac16-2f2228185ffc] with no body
[debug] &amp#27;[35m[WD Proxy]&amp#27;[39m Got response with status 200: {"sessionId":"f789331e-141a-4136-ac16-2f2228185ffc","value":{"lastScrollData":null}}
[debug] &amp#27;[35m[W3C (c2100e22)]&amp#27;[39m Responding to client with driver.getSession() result: {"platform":"LINUX","webStorageEnabled":false,"takesScreenshot":true,"javascriptEnabled":true,"databaseEnabled":false,"networkConnectionEnabled":true,"locationContextEnabled":false,"warnings":{},"desired":{"platformName":"android","skipDeviceInitialization":true,"skipServerInstallation":false,"app":"./Resources/in.workindia.apk","appActivity":".RegisterActivity","appPackage":"in.workindia.nileshdungarwal.workindiaandroid","platformVersion":"8.1"},"platformName":"android","skipDeviceInitialization":true,"skipServerInstallation":false,"app":"./Resources/in.workindia.apk","appActivity":".RegisterActivity","appPackage":"in.workindia.nileshdungarwal.workindiaandroid","platformVersion":"8.1.0","deviceName":"emulator-5554","deviceUDID":"emulator-5554","deviceApiLevel":27,"deviceScreenSize":"1080x2160","deviceScreenDensity":440,"deviceModel":"Android SDK built for x86","deviceManufacturer":"Google","pixelRatio":2.75,"statBarHeight":66,"viewportRect":{"left":0,"top":66,"width":1080,"height":1962},"lastScrollData":n...
&amp#27;[35m[HTTP]&amp#27;[39m &amp#27;[37m<-- GET /wd/hub/session/c2100e22-d6d2-40fc-b84e-a0779fb7b915 &amp#27;[39m&amp#27;[32m200&amp#27;[39m &amp#27;[90m15 ms - 1035&amp#27;[39m
&amp#27;[35m[HTTP]&amp#27;[39m &amp#27;[90m&amp#27;[39m
&amp#27;[35m[HTTP]&amp#27;[39m &amp#27;[37m-->&amp#27;[39m &amp#27;[37mGET&amp#27;[39m &amp#27;[37m/wd/hub/session/c2100e22-d6d2-40fc-b84e-a0779fb7b915&amp#27;[39m
&amp#27;[35m[HTTP]&amp#27;[39m &amp#27;[90m{}&amp#27;[39m
[debug] &amp#27;[35m[W3C (c2100e22)]&amp#27;[39m Calling AppiumDriver.getSession() with args: ["c2100e22-d6d2-40fc-b84e-a0779fb7b915"]
[debug] &amp#27;[35m[UiAutomator2]&amp#27;[39m Getting session details from server to mix in
[debug] &amp#27;[35m[WD Proxy]&amp#27;[39m Matched '/' to command name 'getSession'
[debug] &amp#27;[35m[WD Proxy]&amp#27;[39m Proxying [GET /] to [GET http://127.0.0.1:8200/wd/hub/session/f789331e-141a-4136-ac16-2f2228185ffc] with no body
[debug] &amp#27;[35m[WD Proxy]&amp#27;[39m Got response with status 200: {"sessionId":"f789331e-141a-4136-ac16-2f2228185ffc","value":{"lastScrollData":null}}
[debug] &amp#27;[35m[W3C (c2100e22)]&amp#27;[39m Responding to client with driver.getSession() result: {"platform":"LINUX","webStorageEnabled":false,"takesScreenshot":true,"javascriptEnabled":true,"databaseEnabled":false,"networkConnectionEnabled":true,"locationContextEnabled":false,"warnings":{},"desired":{"platformName":"android","skipDeviceInitialization":true,"skipServerInstallation":false,"app":"./Resources/in.workindia.apk","appActivity":".RegisterActivity","appPackage":"in.workindia.nileshdungarwal.workindiaandroid","platformVersion":"8.1"},"platformName":"android","skipDeviceInitialization":true,"skipServerInstallation":false,"app":"./Resources/in.workindia.apk","appActivity":".RegisterActivity","appPackage":"in.workindia.nileshdungarwal.workindiaandroid","platformVersion":"8.1.0","deviceName":"emulator-5554","deviceUDID":"emulator-5554","deviceApiLevel":27,"deviceScreenSize":"1080x2160","deviceScreenDensity":440,"deviceModel":"Android SDK built for x86","deviceManufacturer":"Google","pixelRatio":2.75,"statBarHeight":66,"viewportRect":{"left":0,"top":66,"width":1080,"height":1962},"lastScrollData":n...
&amp#27;[35m[HTTP]&amp#27;[39m &amp#27;[37m<-- GET /wd/hub/session/c2100e22-d6d2-40fc-b84e-a0779fb7b915 &amp#27;[39m&amp#27;[32m200&amp#27;[39m &amp#27;[90m13 ms - 1035&amp#27;[39m
&amp#27;[35m[HTTP]&amp#27;[39m &amp#27;[90m&amp#27;[39m
&amp#27;[35m[HTTP]&amp#27;[39m &amp#27;[37m-->&amp#27;[39m &amp#27;[37mGET&amp#27;[39m &amp#27;[37m/wd/hub/session/c2100e22-d6d2-40fc-b84e-a0779fb7b915&amp#27;[39m
&amp#27;[35m[HTTP]&amp#27;[39m &amp#27;[90m{}&amp#27;[39m
[debug] &amp#27;[35m[W3C (c2100e22)]&amp#27;[39m Calling AppiumDriver.getSession() with args: ["c2100e22-d6d2-40fc-b84e-a0779fb7b915"]
[debug] &amp#27;[35m[UiAutomator2]&amp#27;[39m Getting session details from server to mix in
[debug] &amp#27;[35m[WD Proxy]&amp#27;[39m Matched '/' to command name 'getSession'
[debug] &amp#27;[35m[WD Proxy]&amp#27;[39m Proxying [GET /] to [GET http://127.0.0.1:8200/wd/hub/session/f789331e-141a-4136-ac16-2f2228185ffc] with no body
[debug] &amp#27;[35m[WD Proxy]&amp#27;[39m Got response with status 200: {"sessionId":"f789331e-141a-4136-ac16-2f2228185ffc","value":{"lastScrollData":null}}
[debug] &amp#27;[35m[W3C (c2100e22)]&amp#27;[39m Responding to client with driver.getSession() result: {"platform":"LINUX","webStorageEnabled":false,"takesScreenshot":true,"javascriptEnabled":true,"databaseEnabled":false,"networkConnectionEnabled":true,"locationContextEnabled":false,"warnings":{},"desired":{"platformName":"android","skipDeviceInitialization":true,"skipServerInstallation":false,"app":"./Resources/in.workindia.apk","appActivity":".RegisterActivity","appPackage":"in.workindia.nileshdungarwal.workindiaandroid","platformVersion":"8.1"},"platformName":"android","skipDeviceInitialization":true,"skipServerInstallation":false,"app":"./Resources/in.workindia.apk","appActivity":".RegisterActivity","appPackage":"in.workindia.nileshdungarwal.workindiaandroid","platformVersion":"8.1.0","deviceName":"emulator-5554","deviceUDID":"emulator-5554","deviceApiLevel":27,"deviceScreenSize":"1080x2160","deviceScreenDensity":440,"deviceModel":"Android SDK built for x86","deviceManufacturer":"Google","pixelRatio":2.75,"statBarHeight":66,"viewportRect":{"left":0,"top":66,"width":1080,"height":1962},"lastScrollData":n...
&amp#27;[35m[HTTP]&amp#27;[39m &amp#27;[37m<-- GET /wd/hub/session/c2100e22-d6d2-40fc-b84e-a0779fb7b915 &amp#27;[39m&amp#27;[32m200&amp#27;[39m &amp#27;[90m15 ms - 1035&amp#27;[39m
&amp#27;[35m[HTTP]&amp#27;[39m &amp#27;[90m&amp#27;[39m
&amp#27;[35m[HTTP]&amp#27;[39m &amp#27;[37m-->&amp#27;[39m &amp#27;[37mPOST&amp#27;[39m &amp#27;[37m/wd/hub/session/c2100e22-d6d2-40fc-b84e-a0779fb7b915/element&amp#27;[39m
&amp#27;[35m[HTTP]&amp#27;[39m &amp#27;[90m{"using":"id","value":"in.workindia.nileshdungarwal.workindiaandroid:id/rb_delhi"}&amp#27;[39m
[debug] &amp#27;[35m[W3C (c2100e22)]&amp#27;[39m Calling AppiumDriver.findElement() with args: ["id","in.workindia.nileshdungarwal.workindiaandroid:id/rb_delhi","c2100e22-d6d2-40fc-b84e-a0779fb7b915"]
[debug] &amp#27;[35m[BaseDriver]&amp#27;[39m Valid locator strategies for this request: xpath, id, class name, accessibility id, css selector, -android uiautomator
[debug] &amp#27;[35m[BaseDriver]&amp#27;[39m Waiting up to 50000 ms for condition
[debug] &amp#27;[35m[WD Proxy]&amp#27;[39m Matched '/element' to command name 'findElement'
[debug] &amp#27;[35m[WD Proxy]&amp#27;[39m Proxying [POST /element] to [POST http://127.0.0.1:8200/wd/hub/session/f789331e-141a-4136-ac16-2f2228185ffc/element] with body: {"strategy":"id","selector":"in.workindia.nileshdungarwal.workindiaandroid:id/rb_delhi","context":"","multiple":false}
&amp#27;[35m[WD Proxy]&amp#27;[39m Got response with status 404: {"sessionId":"f789331e-141a-4136-ac16-2f2228185ffc","value":{"error":"no such element","message":"An element could not be located on the page using the given search parameters","stacktrace":"io.appium.uiautomator2.common.exceptions.ElementNotFoundException: An element could not be located on the page using the given search parameters\n\tat io.appium.uiautomator2.handler.FindElement.safeHandle(FindElement.java:73)\n\tat io.appium.uiautomator2.handler.request.SafeRequestHandler.handle(SafeRequestHandler.java:41)\n\tat io.appium.uiautomator2.server.AppiumServlet.handleRequest(AppiumServlet.java:261)\n\tat io.appium.uiautomator2.server.AppiumServlet.handleHttpRequest(AppiumServlet.java:255)\n\tat io.appium.uiautomator2.http.ServerHandler.channelRead(ServerHandler.java:68)\n\tat io.netty.channel.AbstractChannelHandlerContext.invokeChannelRead(AbstractChannelHandlerContext.java:366)\n\tat io.netty.channel.AbstractChannelHandlerContext.invokeChannelRead(AbstractChannelHandlerContext.java:352)\n\tat io.netty.chann...
[debug] &amp#27;[35m[W3C]&amp#27;[39m Matched W3C error code 'no such element' to NoSuchElementError
[debug] &amp#27;[35m[BaseDriver]&amp#27;[39m Waited for 197 ms so far
[debug] &amp#27;[35m[WD Proxy]&amp#27;[39m Matched '/element' to command name 'findElement'
[debug] &amp#27;[35m[WD Proxy]&amp#27;[39m Proxying [POST /element] to [POST http://127.0.0.1:8200/wd/hub/session/f789331e-141a-4136-ac16-2f2228185ffc/element] with body: {"strategy":"id","selector":"in.workindia.nileshdungarwal.workindiaandroid:id/rb_delhi","context":"","multiple":false}
&amp#27;[35m[WD Proxy]&amp#27;[39m Got response with status 404: {"sessionId":"f789331e-141a-4136-ac16-2f2228185ffc","value":{"error":"no such element","message":"An element could not be located on the page using the given search parameters","stacktrace":"io.appium.uiautomator2.common.exceptions.ElementNotFoundException: An element could not be located on the page using the given search parameters\n\tat io.appium.uiautomator2.handler.FindElement.safeHandle(FindElement.java:73)\n\tat io.appium.uiautomator2.handler.request.SafeRequestHandler.handle(SafeRequestHandler.java:41)\n\tat io.appium.uiautomator2.server.AppiumServlet.handleRequest(AppiumServlet.java:261)\n\tat io.appium.uiautomator2.server.AppiumServlet.handleHttpRequest(AppiumServlet.java:255)\n\tat io.appium.uiautomator2.http.ServerHandler.channelRead(ServerHandler.java:68)\n\tat io.netty.channel.AbstractChannelHandlerContext.invokeChannelRead(AbstractChannelHandlerContext.java:366)\n\tat io.netty.channel.AbstractChannelHandlerContext.invokeChannelRead(AbstractChannelHandlerContext.java:352)\n\tat io.netty.chann...
[debug] &amp#27;[35m[W3C]&amp#27;[39m Matched W3C error code 'no such element' to NoSuchElementError
[debug] &amp#27;[35m[BaseDriver]&amp#27;[39m Waited for 838 ms so far
[debug] &amp#27;[35m[WD Proxy]&amp#27;[39m Matched '/element' to command name 'findElement'
[debug] &amp#27;[35m[WD Proxy]&amp#27;[39m Proxying [POST /element] to [POST http://127.0.0.1:8200/wd/hub/session/f789331e-141a-4136-ac16-2f2228185ffc/element] with body: {"strategy":"id","selector":"in.workindia.nileshdungarwal.workindiaandroid:id/rb_delhi","context":"","multiple":false}
&amp#27;[35m[WD Proxy]&amp#27;[39m Got response with status 404: {"sessionId":"f789331e-141a-4136-ac16-2f2228185ffc","value":{"error":"no such element","message":"An element could not be located on the page using the given search parameters","stacktrace":"io.appium.uiautomator2.common.exceptions.ElementNotFoundException: An element could not be located on the page using the given search parameters\n\tat io.appium.uiautomator2.handler.FindElement.safeHandle(FindElement.java:73)\n\tat io.appium.uiautomator2.handler.request.SafeRequestHandler.handle(SafeRequestHandler.java:41)\n\tat io.appium.uiautomator2.server.AppiumServlet.handleRequest(AppiumServlet.java:261)\n\tat io.appium.uiautomator2.server.AppiumServlet.handleHttpRequest(AppiumServlet.java:255)\n\tat io.appium.uiautomator2.http.ServerHandler.channelRead(ServerHandler.java:68)\n\tat io.netty.channel.AbstractChannelHandlerContext.invokeChannelRead(AbstractChannelHandlerContext.java:366)\n\tat io.netty.channel.AbstractChannelHandlerContext.invokeChannelRead(AbstractChannelHandlerContext.java:352)\n\tat io.netty.chann...
[debug] &amp#27;[35m[W3C]&amp#27;[39m Matched W3C error code 'no such element' to NoSuchElementError
[debug] &amp#27;[35m[BaseDriver]&amp#27;[39m Waited for 1360 ms so far
[debug] &amp#27;[35m[WD Proxy]&amp#27;[39m Matched '/element' to command name 'findElement'
[debug] &amp#27;[35m[WD Proxy]&amp#27;[39m Proxying [POST /element] to [POST http://127.0.0.1:8200/wd/hub/session/f789331e-141a-4136-ac16-2f2228185ffc/element] with body: {"strategy":"id","selector":"in.workindia.nileshdungarwal.workindiaandroid:id/rb_delhi","context":"","multiple":false}
&amp#27;[35m[WD Proxy]&amp#27;[39m Got response with status 404: {"sessionId":"f789331e-141a-4136-ac16-2f2228185ffc","value":{"error":"no such element","message":"An element could not be located on the page using the given search parameters","stacktrace":"io.appium.uiautomator2.common.exceptions.ElementNotFoundException: An element could not be located on the page using the given search parameters\n\tat io.appium.uiautomator2.handler.FindElement.safeHandle(FindElement.java:73)\n\tat io.appium.uiautomator2.handler.request.SafeRequestHandler.handle(SafeRequestHandler.java:41)\n\tat io.appium.uiautomator2.server.AppiumServlet.handleRequest(AppiumServlet.java:261)\n\tat io.appium.uiautomator2.server.AppiumServlet.handleHttpRequest(AppiumServlet.java:255)\n\tat io.appium.uiautomator2.http.ServerHandler.channelRead(ServerHandler.java:68)\n\tat io.netty.channel.AbstractChannelHandlerContext.invokeChannelRead(AbstractChannelHandlerContext.java:366)\n\tat io.netty.channel.AbstractChannelHandlerContext.invokeChannelRead(AbstractChannelHandlerContext.java:352)\n\tat io.netty.chann...
[debug] &amp#27;[35m[W3C]&amp#27;[39m Matched W3C error code 'no such element' to NoSuchElementError
[debug] &amp#27;[35m[BaseDriver]&amp#27;[39m Waited for 1889 ms so far
[debug] &amp#27;[35m[WD Proxy]&amp#27;[39m Matched '/element' to command name 'findElement'
[debug] &amp#27;[35m[WD Proxy]&amp#27;[39m Proxying [POST /element] to [POST http://127.0.0.1:8200/wd/hub/session/f789331e-141a-4136-ac16-2f2228185ffc/element] with body: {"strategy":"id","selector":"in.workindia.nileshdungarwal.workindiaandroid:id/rb_delhi","context":"","multiple":false}
&amp#27;[35m[WD Proxy]&amp#27;[39m Got response with status 404: {"sessionId":"f789331e-141a-4136-ac16-2f2228185ffc","value":{"error":"no such element","message":"An element could not be located on the page using the given search parameters","stacktrace":"io.appium.uiautomator2.common.exceptions.ElementNotFoundException: An element could not be located on the page using the given search parameters\n\tat io.appium.uiautomator2.handler.FindElement.safeHandle(FindElement.java:73)\n\tat io.appium.uiautomator2.handler.request.SafeRequestHandler.handle(SafeRequestHandler.java:41)\n\tat io.appium.uiautomator2.server.AppiumServlet.handleRequest(AppiumServlet.java:261)\n\tat io.appium.uiautomator2.server.AppiumServlet.handleHttpRequest(AppiumServlet.java:255)\n\tat io.appium.uiautomator2.http.ServerHandler.channelRead(ServerHandler.java:68)\n\tat io.netty.channel.AbstractChannelHandlerContext.invokeChannelRead(AbstractChannelHandlerContext.java:366)\n\tat io.netty.channel.AbstractChannelHandlerContext.invokeChannelRead(AbstractChannelHandlerContext.java:352)\n\tat io.netty.chann...
[debug] &amp#27;[35m[W3C]&amp#27;[39m Matched W3C error code 'no such element' to NoSuchElementError
[debug] &amp#27;[35m[BaseDriver]&amp#27;[39m Waited for 2421 ms so far
[debug] &amp#27;[35m[WD Proxy]&amp#27;[39m Matched '/element' to command name 'findElement'
[debug] &amp#27;[35m[WD Proxy]&amp#27;[39m Proxying [POST /element] to [POST http://127.0.0.1:8200/wd/hub/session/f789331e-141a-4136-ac16-2f2228185ffc/element] with body: {"strategy":"id","selector":"in.workindia.nileshdungarwal.workindiaandroid:id/rb_delhi","context":"","multiple":false}
&amp#27;[35m[WD Proxy]&amp#27;[39m Got response with status 404: {"sessionId":"f789331e-141a-4136-ac16-2f2228185ffc","value":{"error":"no such element","message":"An element could not be located on the page using the given search parameters","stacktrace":"io.appium.uiautomator2.common.exceptions.ElementNotFoundException: An element could not be located on the page using the given search parameters\n\tat io.appium.uiautomator2.handler.FindElement.safeHandle(FindElement.java:73)\n\tat io.appium.uiautomator2.handler.request.SafeRequestHandler.handle(SafeRequestHandler.java:41)\n\tat io.appium.uiautomator2.server.AppiumServlet.handleRequest(AppiumServlet.java:261)\n\tat io.appium.uiautomator2.server.AppiumServlet.handleHttpRequest(AppiumServlet.java:255)\n\tat io.appium.uiautomator2.http.ServerHandler.channelRead(ServerHandler.java:68)\n\tat io.netty.channel.AbstractChannelHandlerContext.invokeChannelRead(AbstractChannelHandlerContext.java:366)\n\tat io.netty.channel.AbstractChannelHandlerContext.invokeChannelRead(AbstractChannelHandlerContext.java:352)\n\tat io.netty.chann...
[debug] &amp#27;[35m[W3C]&amp#27;[39m Matched W3C error code 'no such element' to NoSuchElementError
[debug] &amp#27;[35m[BaseDriver]&amp#27;[39m Waited for 2951 ms so far
[debug] &amp#27;[35m[WD Proxy]&amp#27;[39m Matched '/element' to command name 'findElement'
[debug] &amp#27;[35m[WD Proxy]&amp#27;[39m Proxying [POST /element] to [POST http://127.0.0.1:8200/wd/hub/session/f789331e-141a-4136-ac16-2f2228185ffc/element] with body: {"strategy":"id","selector":"in.workindia.nileshdungarwal.workindiaandroid:id/rb_delhi","context":"","multiple":false}
&amp#27;[35m[WD Proxy]&amp#27;[39m Got response with status 404: {"sessionId":"f789331e-141a-4136-ac16-2f2228185ffc","value":{"error":"no such element","message":"An element could not be located on the page using the given search parameters","stacktrace":"io.appium.uiautomator2.common.exceptions.ElementNotFoundException: An element could not be located on the page using the given search parameters\n\tat io.appium.uiautomator2.handler.FindElement.safeHandle(FindElement.java:73)\n\tat io.appium.uiautomator2.handler.request.SafeRequestHandler.handle(SafeRequestHandler.java:41)\n\tat io.appium.uiautomator2.server.AppiumServlet.handleRequest(AppiumServlet.java:261)\n\tat io.appium.uiautomator2.server.AppiumServlet.handleHttpRequest(AppiumServlet.java:255)\n\tat io.appium.uiautomator2.http.ServerHandler.channelRead(ServerHandler.java:68)\n\tat io.netty.channel.AbstractChannelHandlerContext.invokeChannelRead(AbstractChannelHandlerContext.java:366)\n\tat io.netty.channel.AbstractChannelHandlerContext.invokeChannelRead(AbstractChannelHandlerContext.java:352)\n\tat io.netty.chann...
[debug] &amp#27;[35m[W3C]&amp#27;[39m Matched W3C error code 'no such element' to NoSuchElementError
[debug] &amp#27;[35m[BaseDriver]&amp#27;[39m Waited for 3479 ms so far
[debug] &amp#27;[35m[WD Proxy]&amp#27;[39m Matched '/element' to command name 'findElement'
[debug] &amp#27;[35m[WD Proxy]&amp#27;[39m Proxying [POST /element] to [POST http://127.0.0.1:8200/wd/hub/session/f789331e-141a-4136-ac16-2f2228185ffc/element] with body: {"strategy":"id","selector":"in.workindia.nileshdungarwal.workindiaandroid:id/rb_delhi","context":"","multiple":false}
&amp#27;[35m[WD Proxy]&amp#27;[39m Got response with status 404: {"sessionId":"f789331e-141a-4136-ac16-2f2228185ffc","value":{"error":"no such element","message":"An element could not be located on the page using the given search parameters","stacktrace":"io.appium.uiautomator2.common.exceptions.ElementNotFoundException: An element could not be located on the page using the given search parameters\n\tat io.appium.uiautomator2.handler.FindElement.safeHandle(FindElement.java:73)\n\tat io.appium.uiautomator2.handler.request.SafeRequestHandler.handle(SafeRequestHandler.java:41)\n\tat io.appium.uiautomator2.server.AppiumServlet.handleRequest(AppiumServlet.java:261)\n\tat io.appium.uiautomator2.server.AppiumServlet.handleHttpRequest(AppiumServlet.java:255)\n\tat io.appium.uiautomator2.http.ServerHandler.channelRead(ServerHandler.java:68)\n\tat io.netty.channel.AbstractChannelHandlerContext.invokeChannelRead(AbstractChannelHandlerContext.java:366)\n\tat io.netty.channel.AbstractChannelHandlerContext.invokeChannelRead(AbstractChannelHandlerContext.java:352)\n\tat io.netty.chann...
[debug] &amp#27;[35m[W3C]&amp#27;[39m Matched W3C error code 'no such element' to NoSuchElementError
[debug] &amp#27;[35m[BaseDriver]&amp#27;[39m Waited for 4005 ms so far
[debug] &amp#27;[35m[WD Proxy]&amp#27;[39m Matched '/element' to command name 'findElement'
[debug] &amp#27;[35m[WD Proxy]&amp#27;[39m Proxying [POST /element] to [POST http://127.0.0.1:8200/wd/hub/session/f789331e-141a-4136-ac16-2f2228185ffc/element] with body: {"strategy":"id","selector":"in.workindia.nileshdungarwal.workindiaandroid:id/rb_delhi","context":"","multiple":false}
&amp#27;[35m[WD Proxy]&amp#27;[39m Got response with status 404: {"sessionId":"f789331e-141a-4136-ac16-2f2228185ffc","value":{"error":"no such element","message":"An element could not be located on the page using the given search parameters","stacktrace":"io.appium.uiautomator2.common.exceptions.ElementNotFoundException: An element could not be located on the page using the given search parameters\n\tat io.appium.uiautomator2.handler.FindElement.safeHandle(FindElement.java:73)\n\tat io.appium.uiautomator2.handler.request.SafeRequestHandler.handle(SafeRequestHandler.java:41)\n\tat io.appium.uiautomator2.server.AppiumServlet.handleRequest(AppiumServlet.java:261)\n\tat io.appium.uiautomator2.server.AppiumServlet.handleHttpRequest(AppiumServlet.java:255)\n\tat io.appium.uiautomator2.http.ServerHandler.channelRead(ServerHandler.java:68)\n\tat io.netty.channel.AbstractChannelHandlerContext.invokeChannelRead(AbstractChannelHandlerContext.java:366)\n\tat io.netty.channel.AbstractChannelHandlerContext.invokeChannelRead(AbstractChannelHandlerContext.java:352)\n\tat io.netty.chann...
[debug] &amp#27;[35m[W3C]&amp#27;[39m Matched W3C error code 'no such element' to NoSuchElementError
[debug] &amp#27;[35m[BaseDriver]&amp#27;[39m Waited for 4527 ms so far
[debug] &amp#27;[35m[WD Proxy]&amp#27;[39m Matched '/element' to command name 'findElement'
[debug] &amp#27;[35m[WD Proxy]&amp#27;[39m Proxying [POST /element] to [POST http://127.0.0.1:8200/wd/hub/session/f789331e-141a-4136-ac16-2f2228185ffc/element] with body: {"strategy":"id","selector":"in.workindia.nileshdungarwal.workindiaandroid:id/rb_delhi","context":"","multiple":false}
&amp#27;[35m[WD Proxy]&amp#27;[39m Got response with status 404: {"sessionId":"f789331e-141a-4136-ac16-2f2228185ffc","value":{"error":"no such element","message":"An element could not be located on the page using the given search parameters","stacktrace":"io.appium.uiautomator2.common.exceptions.ElementNotFoundException: An element could not be located on the page using the given search parameters\n\tat io.appium.uiautomator2.handler.FindElement.safeHandle(FindElement.java:73)\n\tat io.appium.uiautomator2.handler.request.SafeRequestHandler.handle(SafeRequestHandler.java:41)\n\tat io.appium.uiautomator2.server.AppiumServlet.handleRequest(AppiumServlet.java:261)\n\tat io.appium.uiautomator2.server.AppiumServlet.handleHttpRequest(AppiumServlet.java:255)\n\tat io.appium.uiautomator2.http.ServerHandler.channelRead(ServerHandler.java:68)\n\tat io.netty.channel.AbstractChannelHandlerContext.invokeChannelRead(AbstractChannelHandlerContext.java:366)\n\tat io.netty.channel.AbstractChannelHandlerContext.invokeChannelRead(AbstractChannelHandlerContext.java:352)\n\tat io.netty.chann...
[debug] &amp#27;[35m[W3C]&amp#27;[39m Matched W3C error code 'no such element' to NoSuchElementError
[debug] &amp#27;[35m[BaseDriver]&amp#27;[39m Waited for 5050 ms so far
[debug] &amp#27;[35m[WD Proxy]&amp#27;[39m Matched '/element' to command name 'findElement'
[debug] &amp#27;[35m[WD Proxy]&amp#27;[39m Proxying [POST /element] to [POST http://127.0.0.1:8200/wd/hub/session/f789331e-141a-4136-ac16-2f2228185ffc/element] with body: {"strategy":"id","selector":"in.workindia.nileshdungarwal.workindiaandroid:id/rb_delhi","context":"","multiple":false}
&amp#27;[35m[WD Proxy]&amp#27;[39m Got response with status 404: {"sessionId":"f789331e-141a-4136-ac16-2f2228185ffc","value":{"error":"no such element","message":"An element could not be located on the page using the given search parameters","stacktrace":"io.appium.uiautomator2.common.exceptions.ElementNotFoundException: An element could not be located on the page using the given search parameters\n\tat io.appium.uiautomator2.handler.FindElement.safeHandle(FindElement.java:73)\n\tat io.appium.uiautomator2.handler.request.SafeRequestHandler.handle(SafeRequestHandler.java:41)\n\tat io.appium.uiautomator2.server.AppiumServlet.handleRequest(AppiumServlet.java:261)\n\tat io.appium.uiautomator2.server.AppiumServlet.handleHttpRequest(AppiumServlet.java:255)\n\tat io.appium.uiautomator2.http.ServerHandler.channelRead(ServerHandler.java:68)\n\tat io.netty.channel.AbstractChannelHandlerContext.invokeChannelRead(AbstractChannelHandlerContext.java:366)\n\tat io.netty.channel.AbstractChannelHandlerContext.invokeChannelRead(AbstractChannelHandlerContext.java:352)\n\tat io.netty.chann...
[debug] &amp#27;[35m[W3C]&amp#27;[39m Matched W3C error code 'no such element' to NoSuchElementError
[debug] &amp#27;[35m[BaseDriver]&amp#27;[39m Waited for 5574 ms so far
[debug] &amp#27;[35m[WD Proxy]&amp#27;[39m Matched '/element' to command name 'findElement'
[debug] &amp#27;[35m[WD Proxy]&amp#27;[39m Proxying [POST /element] to [POST http://127.0.0.1:8200/wd/hub/session/f789331e-141a-4136-ac16-2f2228185ffc/element] with body: {"strategy":"id","selector":"in.workindia.nileshdungarwal.workindiaandroid:id/rb_delhi","context":"","multiple":false}
&amp#27;[35m[WD Proxy]&amp#27;[39m Got response with status 404: {"sessionId":"f789331e-141a-4136-ac16-2f2228185ffc","value":{"error":"no such element","message":"An element could not be located on the page using the given search parameters","stacktrace":"io.appium.uiautomator2.common.exceptions.ElementNotFoundException: An element could not be located on the page using the given search parameters\n\tat io.appium.uiautomator2.handler.FindElement.safeHandle(FindElement.java:73)\n\tat io.appium.uiautomator2.handler.request.SafeRequestHandler.handle(SafeRequestHandler.java:41)\n\tat io.appium.uiautomator2.server.AppiumServlet.handleRequest(AppiumServlet.java:261)\n\tat io.appium.uiautomator2.server.AppiumServlet.handleHttpRequest(AppiumServlet.java:255)\n\tat io.appium.uiautomator2.http.ServerHandler.channelRead(ServerHandler.java:68)\n\tat io.netty.channel.AbstractChannelHandlerContext.invokeChannelRead(AbstractChannelHandlerContext.java:366)\n\tat io.netty.channel.AbstractChannelHandlerContext.invokeChannelRead(AbstractChannelHandlerContext.java:352)\n\tat io.netty.chann...
[debug] &amp#27;[35m[W3C]&amp#27;[39m Matched W3C error code 'no such element' to NoSuchElementError
[debug] &amp#27;[35m[BaseDriver]&amp#27;[39m Waited for 6101 ms so far
[debug] &amp#27;[35m[WD Proxy]&amp#27;[39m Matched '/element' to command name 'findElement'
[debug] &amp#27;[35m[WD Proxy]&amp#27;[39m Proxying [POST /element] to [POST http://127.0.0.1:8200/wd/hub/session/f789331e-141a-4136-ac16-2f2228185ffc/element] with body: {"strategy":"id","selector":"in.workindia.nileshdungarwal.workindiaandroid:id/rb_delhi","context":"","multiple":false}
[debug] &amp#27;[35m[WD Proxy]&amp#27;[39m Got response with status 200: {"sessionId":"f789331e-141a-4136-ac16-2f2228185ffc","value":{"ELEMENT":"56fb34bc-0723-43b8-b251-ae5364aba639","element-6066-11e4-a52e-4f735466cecf":"56fb34bc-0723-43b8-b251-ae5364aba639"}}
[debug] &amp#27;[35m[W3C (c2100e22)]&amp#27;[39m Responding to client with driver.findElement() result: {"element-6066-11e4-a52e-4f735466cecf":"56fb34bc-0723-43b8-b251-ae5364aba639","ELEMENT":"56fb34bc-0723-43b8-b251-ae5364aba639"}
&amp#27;[35m[HTTP]&amp#27;[39m &amp#27;[37m<-- POST /wd/hub/session/c2100e22-d6d2-40fc-b84e-a0779fb7b915/element &amp#27;[39m&amp#27;[32m200&amp#27;[39m &amp#27;[90m8340 ms - 137&amp#27;[39m
&amp#27;[35m[HTTP]&amp#27;[39m &amp#27;[90m&amp#27;[39m
&amp#27;[35m[HTTP]&amp#27;[39m &amp#27;[37m-->&amp#27;[39m &amp#27;[37mPOST&amp#27;[39m &amp#27;[37m/wd/hub/session/c2100e22-d6d2-40fc-b84e-a0779fb7b915/element/56fb34bc-0723-43b8-b251-ae5364aba639/click&amp#27;[39m
&amp#27;[35m[HTTP]&amp#27;[39m &amp#27;[90m{"id":"56fb34bc-0723-43b8-b251-ae5364aba639"}&amp#27;[39m
[debug] &amp#27;[35m[W3C (c2100e22)]&amp#27;[39m Calling AppiumDriver.click() with args: ["56fb34bc-0723-43b8-b251-ae5364aba639","c2100e22-d6d2-40fc-b84e-a0779fb7b915"]
[debug] &amp#27;[35m[WD Proxy]&amp#27;[39m Matched '/element/56fb34bc-0723-43b8-b251-ae5364aba639/click' to command name 'click'
[debug] &amp#27;[35m[WD Proxy]&amp#27;[39m Proxying [POST /element/56fb34bc-0723-43b8-b251-ae5364aba639/click] to [POST http://127.0.0.1:8200/wd/hub/session/f789331e-141a-4136-ac16-2f2228185ffc/element/56fb34bc-0723-43b8-b251-ae5364aba639/click] with body: {"element":"56fb34bc-0723-43b8-b251-ae5364aba639"}
[debug] &amp#27;[35m[WD Proxy]&amp#27;[39m Got response with status 200: {"sessionId":"f789331e-141a-4136-ac16-2f2228185ffc","value":null}
[debug] &amp#27;[35m[W3C (c2100e22)]&amp#27;[39m Responding to client with driver.click() result: null
&amp#27;[35m[HTTP]&amp#27;[39m &amp#27;[37m<-- POST /wd/hub/session/c2100e22-d6d2-40fc-b84e-a0779fb7b915/element/56fb34bc-0723-43b8-b251-ae5364aba639/click &amp#27;[39m&amp#27;[32m200&amp#27;[39m &amp#27;[90m356 ms - 14&amp#27;[39m
&amp#27;[35m[HTTP]&amp#27;[39m &amp#27;[90m&amp#27;[39m
&amp#27;[35m[HTTP]&amp#27;[39m &amp#27;[37m-->&amp#27;[39m &amp#27;[37mGET&amp#27;[39m &amp#27;[37m/wd/hub/session/c2100e22-d6d2-40fc-b84e-a0779fb7b915&amp#27;[39m
&amp#27;[35m[HTTP]&amp#27;[39m &amp#27;[90m{}&amp#27;[39m
[debug] &amp#27;[35m[W3C (c2100e22)]&amp#27;[39m Calling AppiumDriver.getSession() with args: ["c2100e22-d6d2-40fc-b84e-a0779fb7b915"]
[debug] &amp#27;[35m[UiAutomator2]&amp#27;[39m Getting session details from server to mix in
[debug] &amp#27;[35m[WD Proxy]&amp#27;[39m Matched '/' to command name 'getSession'
[debug] &amp#27;[35m[WD Proxy]&amp#27;[39m Proxying [GET /] to [GET http://127.0.0.1:8200/wd/hub/session/f789331e-141a-4136-ac16-2f2228185ffc] with no body
[debug] &amp#27;[35m[WD Proxy]&amp#27;[39m Got response with status 200: {"sessionId":"f789331e-141a-4136-ac16-2f2228185ffc","value":{"lastScrollData":null}}
[debug] &amp#27;[35m[W3C (c2100e22)]&amp#27;[39m Responding to client with driver.getSession() result: {"platform":"LINUX","webStorageEnabled":false,"takesScreenshot":true,"javascriptEnabled":true,"databaseEnabled":false,"networkConnectionEnabled":true,"locationContextEnabled":false,"warnings":{},"desired":{"platformName":"android","skipDeviceInitialization":true,"skipServerInstallation":false,"app":"./Resources/in.workindia.apk","appActivity":".RegisterActivity","appPackage":"in.workindia.nileshdungarwal.workindiaandroid","platformVersion":"8.1"},"platformName":"android","skipDeviceInitialization":true,"skipServerInstallation":false,"app":"./Resources/in.workindia.apk","appActivity":".RegisterActivity","appPackage":"in.workindia.nileshdungarwal.workindiaandroid","platformVersion":"8.1.0","deviceName":"emulator-5554","deviceUDID":"emulator-5554","deviceApiLevel":27,"deviceScreenSize":"1080x2160","deviceScreenDensity":440,"deviceModel":"Android SDK built for x86","deviceManufacturer":"Google","pixelRatio":2.75,"statBarHeight":66,"viewportRect":{"left":0,"top":66,"width":1080,"height":1962},"lastScrollData":n...
&amp#27;[35m[HTTP]&amp#27;[39m &amp#27;[37m<-- GET /wd/hub/session/c2100e22-d6d2-40fc-b84e-a0779fb7b915 &amp#27;[39m&amp#27;[32m200&amp#27;[39m &amp#27;[90m26 ms - 1035&amp#27;[39m
&amp#27;[35m[HTTP]&amp#27;[39m &amp#27;[90m&amp#27;[39m
&amp#27;[35m[HTTP]&amp#27;[39m &amp#27;[37m-->&amp#27;[39m &amp#27;[37mGET&amp#27;[39m &amp#27;[37m/wd/hub/session/c2100e22-d6d2-40fc-b84e-a0779fb7b915&amp#27;[39m
&amp#27;[35m[HTTP]&amp#27;[39m &amp#27;[90m{}&amp#27;[39m
[debug] &amp#27;[35m[W3C (c2100e22)]&amp#27;[39m Calling AppiumDriver.getSession() with args: ["c2100e22-d6d2-40fc-b84e-a0779fb7b915"]
[debug] &amp#27;[35m[UiAutomator2]&amp#27;[39m Getting session details from server to mix in
[debug] &amp#27;[35m[WD Proxy]&amp#27;[39m Matched '/' to command name 'getSession'
[debug] &amp#27;[35m[WD Proxy]&amp#27;[39m Proxying [GET /] to [GET http://127.0.0.1:8200/wd/hub/session/f789331e-141a-4136-ac16-2f2228185ffc] with no body
[debug] &amp#27;[35m[WD Proxy]&amp#27;[39m Got response with status 200: {"sessionId":"f789331e-141a-4136-ac16-2f2228185ffc","value":{"lastScrollData":null}}
[debug] &amp#27;[35m[W3C (c2100e22)]&amp#27;[39m Responding to client with driver.getSession() result: {"platform":"LINUX","webStorageEnabled":false,"takesScreenshot":true,"javascriptEnabled":true,"databaseEnabled":false,"networkConnectionEnabled":true,"locationContextEnabled":false,"warnings":{},"desired":{"platformName":"android","skipDeviceInitialization":true,"skipServerInstallation":false,"app":"./Resources/in.workindia.apk","appActivity":".RegisterActivity","appPackage":"in.workindia.nileshdungarwal.workindiaandroid","platformVersion":"8.1"},"platformName":"android","skipDeviceInitialization":true,"skipServerInstallation":false,"app":"./Resources/in.workindia.apk","appActivity":".RegisterActivity","appPackage":"in.workindia.nileshdungarwal.workindiaandroid","platformVersion":"8.1.0","deviceName":"emulator-5554","deviceUDID":"emulator-5554","deviceApiLevel":27,"deviceScreenSize":"1080x2160","deviceScreenDensity":440,"deviceModel":"Android SDK built for x86","deviceManufacturer":"Google","pixelRatio":2.75,"statBarHeight":66,"viewportRect":{"left":0,"top":66,"width":1080,"height":1962},"lastScrollData":n...
&amp#27;[35m[HTTP]&amp#27;[39m &amp#27;[37m<-- GET /wd/hub/session/c2100e22-d6d2-40fc-b84e-a0779fb7b915 &amp#27;[39m&amp#27;[32m200&amp#27;[39m &amp#27;[90m29 ms - 1035&amp#27;[39m
&amp#27;[35m[HTTP]&amp#27;[39m &amp#27;[90m&amp#27;[39m
&amp#27;[35m[HTTP]&amp#27;[39m &amp#27;[37m-->&amp#27;[39m &amp#27;[37mGET&amp#27;[39m &amp#27;[37m/wd/hub/session/c2100e22-d6d2-40fc-b84e-a0779fb7b915&amp#27;[39m
&amp#27;[35m[HTTP]&amp#27;[39m &amp#27;[90m{}&amp#27;[39m
[debug] &amp#27;[35m[W3C (c2100e22)]&amp#27;[39m Calling AppiumDriver.getSession() with args: ["c2100e22-d6d2-40fc-b84e-a0779fb7b915"]
[debug] &amp#27;[35m[UiAutomator2]&amp#27;[39m Getting session details from server to mix in
[debug] &amp#27;[35m[WD Proxy]&amp#27;[39m Matched '/' to command name 'getSession'
[debug] &amp#27;[35m[WD Proxy]&amp#27;[39m Proxying [GET /] to [GET http://127.0.0.1:8200/wd/hub/session/f789331e-141a-4136-ac16-2f2228185ffc] with no body
[debug] &amp#27;[35m[WD Proxy]&amp#27;[39m Got response with status 200: {"sessionId":"f789331e-141a-4136-ac16-2f2228185ffc","value":{"lastScrollData":null}}
[debug] &amp#27;[35m[W3C (c2100e22)]&amp#27;[39m Responding to client with driver.getSession() result: {"platform":"LINUX","webStorageEnabled":false,"takesScreenshot":true,"javascriptEnabled":true,"databaseEnabled":false,"networkConnectionEnabled":true,"locationContextEnabled":false,"warnings":{},"desired":{"platformName":"android","skipDeviceInitialization":true,"skipServerInstallation":false,"app":"./Resources/in.workindia.apk","appActivity":".RegisterActivity","appPackage":"in.workindia.nileshdungarwal.workindiaandroid","platformVersion":"8.1"},"platformName":"android","skipDeviceInitialization":true,"skipServerInstallation":false,"app":"./Resources/in.workindia.apk","appActivity":".RegisterActivity","appPackage":"in.workindia.nileshdungarwal.workindiaandroid","platformVersion":"8.1.0","deviceName":"emulator-5554","deviceUDID":"emulator-5554","deviceApiLevel":27,"deviceScreenSize":"1080x2160","deviceScreenDensity":440,"deviceModel":"Android SDK built for x86","deviceManufacturer":"Google","pixelRatio":2.75,"statBarHeight":66,"viewportRect":{"left":0,"top":66,"width":1080,"height":1962},"lastScrollData":n...
&amp#27;[35m[HTTP]&amp#27;[39m &amp#27;[37m<-- GET /wd/hub/session/c2100e22-d6d2-40fc-b84e-a0779fb7b915 &amp#27;[39m&amp#27;[32m200&amp#27;[39m &amp#27;[90m16 ms - 1035&amp#27;[39m
&amp#27;[35m[HTTP]&amp#27;[39m &amp#27;[90m&amp#27;[39m
&amp#27;[35m[HTTP]&amp#27;[39m &amp#27;[37m-->&amp#27;[39m &amp#27;[37mPOST&amp#27;[39m &amp#27;[37m/wd/hub/session/c2100e22-d6d2-40fc-b84e-a0779fb7b915/element&amp#27;[39m
&amp#27;[35m[HTTP]&amp#27;[39m &amp#27;[90m{"using":"id","value":"in.workindia.nileshdungarwal.workindiaandroid:id/act_auto_complete"}&amp#27;[39m
[debug] &amp#27;[35m[W3C (c2100e22)]&amp#27;[39m Calling AppiumDriver.findElement() with args: ["id","in.workindia.nileshdungarwal.workindiaandroid:id/act_auto_complete","c2100e22-d6d2-40fc-b84e-a0779fb7b915"]
[debug] &amp#27;[35m[BaseDriver]&amp#27;[39m Valid locator strategies for this request: xpath, id, class name, accessibility id, css selector, -android uiautomator
[debug] &amp#27;[35m[BaseDriver]&amp#27;[39m Waiting up to 50000 ms for condition
[debug] &amp#27;[35m[WD Proxy]&amp#27;[39m Matched '/element' to command name 'findElement'
[debug] &amp#27;[35m[WD Proxy]&amp#27;[39m Proxying [POST /element] to [POST http://127.0.0.1:8200/wd/hub/session/f789331e-141a-4136-ac16-2f2228185ffc/element] with body: {"strategy":"id","selector":"in.workindia.nileshdungarwal.workindiaandroid:id/act_auto_complete","context":"","multiple":false}
&amp#27;[35m[WD Proxy]&amp#27;[39m Got response with status 404: {"sessionId":"f789331e-141a-4136-ac16-2f2228185ffc","value":{"error":"no such element","message":"An element could not be located on the page using the given search parameters","stacktrace":"io.appium.uiautomator2.common.exceptions.ElementNotFoundException: An element could not be located on the page using the given search parameters\n\tat io.appium.uiautomator2.handler.FindElement.safeHandle(FindElement.java:73)\n\tat io.appium.uiautomator2.handler.request.SafeRequestHandler.handle(SafeRequestHandler.java:41)\n\tat io.appium.uiautomator2.server.AppiumServlet.handleRequest(AppiumServlet.java:261)\n\tat io.appium.uiautomator2.server.AppiumServlet.handleHttpRequest(AppiumServlet.java:255)\n\tat io.appium.uiautomator2.http.ServerHandler.channelRead(ServerHandler.java:68)\n\tat io.netty.channel.AbstractChannelHandlerContext.invokeChannelRead(AbstractChannelHandlerContext.java:366)\n\tat io.netty.channel.AbstractChannelHandlerContext.invokeChannelRead(AbstractChannelHandlerContext.java:352)\n\tat io.netty.chann...
[debug] &amp#27;[35m[W3C]&amp#27;[39m Matched W3C error code 'no such element' to NoSuchElementError
[debug] &amp#27;[35m[BaseDriver]&amp#27;[39m Waited for 664 ms so far
[debug] &amp#27;[35m[WD Proxy]&amp#27;[39m Matched '/element' to command name 'findElement'
[debug] &amp#27;[35m[WD Proxy]&amp#27;[39m Proxying [POST /element] to [POST http://127.0.0.1:8200/wd/hub/session/f789331e-141a-4136-ac16-2f2228185ffc/element] with body: {"strategy":"id","selector":"in.workindia.nileshdungarwal.workindiaandroid:id/act_auto_complete","context":"","multiple":false}
[debug] &amp#27;[35m[WD Proxy]&amp#27;[39m Got response with status 200: {"sessionId":"f789331e-141a-4136-ac16-2f2228185ffc","value":{"ELEMENT":"e6b67fe6-90a6-4a8a-a13d-e941badf723e","element-6066-11e4-a52e-4f735466cecf":"e6b67fe6-90a6-4a8a-a13d-e941badf723e"}}
[debug] &amp#27;[35m[W3C (c2100e22)]&amp#27;[39m Responding to client with driver.findElement() result: {"element-6066-11e4-a52e-4f735466cecf":"e6b67fe6-90a6-4a8a-a13d-e941badf723e","ELEMENT":"e6b67fe6-90a6-4a8a-a13d-e941badf723e"}
&amp#27;[35m[HTTP]&amp#27;[39m &amp#27;[37m<-- POST /wd/hub/session/c2100e22-d6d2-40fc-b84e-a0779fb7b915/element &amp#27;[39m&amp#27;[32m200&amp#27;[39m &amp#27;[90m1504 ms - 137&amp#27;[39m
&amp#27;[35m[HTTP]&amp#27;[39m &amp#27;[90m&amp#27;[39m
&amp#27;[35m[HTTP]&amp#27;[39m &amp#27;[37m-->&amp#27;[39m &amp#27;[37mPOST&amp#27;[39m &amp#27;[37m/wd/hub/session/c2100e22-d6d2-40fc-b84e-a0779fb7b915/element/e6b67fe6-90a6-4a8a-a13d-e941badf723e/value&amp#27;[39m
&amp#27;[35m[HTTP]&amp#27;[39m &amp#27;[90m{"id":"e6b67fe6-90a6-4a8a-a13d-e941badf723e","text":"Karol Bagh","value":["K","a","r","o","l"," ","B","a","g","h"]}&amp#27;[39m
[debug] &amp#27;[35m[W3C (c2100e22)]&amp#27;[39m Calling AppiumDriver.setValue() with args: [["K","a","r","o","l"," ","B","a","g","h"],"e6b67fe6-90a6-4a8a-a13d-e941badf723e","c2100e22-d6d2-40fc-b84e-a0779fb7b915"]
[debug] &amp#27;[35m[WD Proxy]&amp#27;[39m Matched '/element/e6b67fe6-90a6-4a8a-a13d-e941badf723e/value' to command name 'setValue'
[debug] &amp#27;[35m[Protocol Converter]&amp#27;[39m Added 'value' property ["K","a","r","o","l"," ","B","a","g","h"] to 'setValue' request body
[debug] &amp#27;[35m[WD Proxy]&amp#27;[39m Proxying [POST /element/e6b67fe6-90a6-4a8a-a13d-e941badf723e/value] to [POST http://127.0.0.1:8200/wd/hub/session/f789331e-141a-4136-ac16-2f2228185ffc/element/e6b67fe6-90a6-4a8a-a13d-e941badf723e/value] with body: {"elementId":"e6b67fe6-90a6-4a8a-a13d-e941badf723e","text":"Karol Bagh","replace":false,"value":["K","a","r","o","l"," ","B","a","g","h"]}
[debug] &amp#27;[35m[WD Proxy]&amp#27;[39m Got response with status 200: {"sessionId":"f789331e-141a-4136-ac16-2f2228185ffc","value":null}
[debug] &amp#27;[35m[W3C (c2100e22)]&amp#27;[39m Responding to client with driver.setValue() result: null
&amp#27;[35m[HTTP]&amp#27;[39m &amp#27;[37m<-- POST /wd/hub/session/c2100e22-d6d2-40fc-b84e-a0779fb7b915/element/e6b67fe6-90a6-4a8a-a13d-e941badf723e/value &amp#27;[39m&amp#27;[32m200&amp#27;[39m &amp#27;[90m571 ms - 14&amp#27;[39m
&amp#27;[35m[HTTP]&amp#27;[39m &amp#27;[90m&amp#27;[39m
&amp#27;[35m[HTTP]&amp#27;[39m &amp#27;[37m-->&amp#27;[39m &amp#27;[37mGET&amp#27;[39m &amp#27;[37m/wd/hub/session/c2100e22-d6d2-40fc-b84e-a0779fb7b915&amp#27;[39m
&amp#27;[35m[HTTP]&amp#27;[39m &amp#27;[90m{}&amp#27;[39m
[debug] &amp#27;[35m[W3C (c2100e22)]&amp#27;[39m Calling AppiumDriver.getSession() with args: ["c2100e22-d6d2-40fc-b84e-a0779fb7b915"]
[debug] &amp#27;[35m[UiAutomator2]&amp#27;[39m Getting session details from server to mix in
[debug] &amp#27;[35m[WD Proxy]&amp#27;[39m Matched '/' to command name 'getSession'
[debug] &amp#27;[35m[WD Proxy]&amp#27;[39m Proxying [GET /] to [GET http://127.0.0.1:8200/wd/hub/session/f789331e-141a-4136-ac16-2f2228185ffc] with no body
[debug] &amp#27;[35m[WD Proxy]&amp#27;[39m Got response with status 200: {"sessionId":"f789331e-141a-4136-ac16-2f2228185ffc","value":{"lastScrollData":null}}
[debug] &amp#27;[35m[W3C (c2100e22)]&amp#27;[39m Responding to client with driver.getSession() result: {"platform":"LINUX","webStorageEnabled":false,"takesScreenshot":true,"javascriptEnabled":true,"databaseEnabled":false,"networkConnectionEnabled":true,"locationContextEnabled":false,"warnings":{},"desired":{"platformName":"android","skipDeviceInitialization":true,"skipServerInstallation":false,"app":"./Resources/in.workindia.apk","appActivity":".RegisterActivity","appPackage":"in.workindia.nileshdungarwal.workindiaandroid","platformVersion":"8.1"},"platformName":"android","skipDeviceInitialization":true,"skipServerInstallation":false,"app":"./Resources/in.workindia.apk","appActivity":".RegisterActivity","appPackage":"in.workindia.nileshdungarwal.workindiaandroid","platformVersion":"8.1.0","deviceName":"emulator-5554","deviceUDID":"emulator-5554","deviceApiLevel":27,"deviceScreenSize":"1080x2160","deviceScreenDensity":440,"deviceModel":"Android SDK built for x86","deviceManufacturer":"Google","pixelRatio":2.75,"statBarHeight":66,"viewportRect":{"left":0,"top":66,"width":1080,"height":1962},"lastScrollData":n...
&amp#27;[35m[HTTP]&amp#27;[39m &amp#27;[37m<-- GET /wd/hub/session/c2100e22-d6d2-40fc-b84e-a0779fb7b915 &amp#27;[39m&amp#27;[32m200&amp#27;[39m &amp#27;[90m19 ms - 1035&amp#27;[39m
&amp#27;[35m[HTTP]&amp#27;[39m &amp#27;[90m&amp#27;[39m
&amp#27;[35m[HTTP]&amp#27;[39m &amp#27;[37m-->&amp#27;[39m &amp#27;[37mGET&amp#27;[39m &amp#27;[37m/wd/hub/session/c2100e22-d6d2-40fc-b84e-a0779fb7b915&amp#27;[39m
&amp#27;[35m[HTTP]&amp#27;[39m &amp#27;[90m{}&amp#27;[39m
[debug] &amp#27;[35m[W3C (c2100e22)]&amp#27;[39m Calling AppiumDriver.getSession() with args: ["c2100e22-d6d2-40fc-b84e-a0779fb7b915"]
[debug] &amp#27;[35m[UiAutomator2]&amp#27;[39m Getting session details from server to mix in
[debug] &amp#27;[35m[WD Proxy]&amp#27;[39m Matched '/' to command name 'getSession'
[debug] &amp#27;[35m[WD Proxy]&amp#27;[39m Proxying [GET /] to [GET http://127.0.0.1:8200/wd/hub/session/f789331e-141a-4136-ac16-2f2228185ffc] with no body
[debug] &amp#27;[35m[WD Proxy]&amp#27;[39m Got response with status 200: {"sessionId":"f789331e-141a-4136-ac16-2f2228185ffc","value":{"lastScrollData":null}}
[debug] &amp#27;[35m[W3C (c2100e22)]&amp#27;[39m Responding to client with driver.getSession() result: {"platform":"LINUX","webStorageEnabled":false,"takesScreenshot":true,"javascriptEnabled":true,"databaseEnabled":false,"networkConnectionEnabled":true,"locationContextEnabled":false,"warnings":{},"desired":{"platformName":"android","skipDeviceInitialization":true,"skipServerInstallation":false,"app":"./Resources/in.workindia.apk","appActivity":".RegisterActivity","appPackage":"in.workindia.nileshdungarwal.workindiaandroid","platformVersion":"8.1"},"platformName":"android","skipDeviceInitialization":true,"skipServerInstallation":false,"app":"./Resources/in.workindia.apk","appActivity":".RegisterActivity","appPackage":"in.workindia.nileshdungarwal.workindiaandroid","platformVersion":"8.1.0","deviceName":"emulator-5554","deviceUDID":"emulator-5554","deviceApiLevel":27,"deviceScreenSize":"1080x2160","deviceScreenDensity":440,"deviceModel":"Android SDK built for x86","deviceManufacturer":"Google","pixelRatio":2.75,"statBarHeight":66,"viewportRect":{"left":0,"top":66,"width":1080,"height":1962},"lastScrollData":n...
&amp#27;[35m[HTTP]&amp#27;[39m &amp#27;[37m<-- GET /wd/hub/session/c2100e22-d6d2-40fc-b84e-a0779fb7b915 &amp#27;[39m&amp#27;[32m200&amp#27;[39m &amp#27;[90m14 ms - 1035&amp#27;[39m
&amp#27;[35m[HTTP]&amp#27;[39m &amp#27;[90m&amp#27;[39m
&amp#27;[35m[HTTP]&amp#27;[39m &amp#27;[37m-->&amp#27;[39m &amp#27;[37mGET&amp#27;[39m &amp#27;[37m/wd/hub/session/c2100e22-d6d2-40fc-b84e-a0779fb7b915&amp#27;[39m
&amp#27;[35m[HTTP]&amp#27;[39m &amp#27;[90m{}&amp#27;[39m
[debug] &amp#27;[35m[W3C (c2100e22)]&amp#27;[39m Calling AppiumDriver.getSession() with args: ["c2100e22-d6d2-40fc-b84e-a0779fb7b915"]
[debug] &amp#27;[35m[UiAutomator2]&amp#27;[39m Getting session details from server to mix in
[debug] &amp#27;[35m[WD Proxy]&amp#27;[39m Matched '/' to command name 'getSession'
[debug] &amp#27;[35m[WD Proxy]&amp#27;[39m Proxying [GET /] to [GET http://127.0.0.1:8200/wd/hub/session/f789331e-141a-4136-ac16-2f2228185ffc] with no body
[debug] &amp#27;[35m[WD Proxy]&amp#27;[39m Got response with status 200: {"sessionId":"f789331e-141a-4136-ac16-2f2228185ffc","value":{"lastScrollData":null}}
[debug] &amp#27;[35m[W3C (c2100e22)]&amp#27;[39m Responding to client with driver.getSession() result: {"platform":"LINUX","webStorageEnabled":false,"takesScreenshot":true,"javascriptEnabled":true,"databaseEnabled":false,"networkConnectionEnabled":true,"locationContextEnabled":false,"warnings":{},"desired":{"platformName":"android","skipDeviceInitialization":true,"skipServerInstallation":false,"app":"./Resources/in.workindia.apk","appActivity":".RegisterActivity","appPackage":"in.workindia.nileshdungarwal.workindiaandroid","platformVersion":"8.1"},"platformName":"android","skipDeviceInitialization":true,"skipServerInstallation":false,"app":"./Resources/in.workindia.apk","appActivity":".RegisterActivity","appPackage":"in.workindia.nileshdungarwal.workindiaandroid","platformVersion":"8.1.0","deviceName":"emulator-5554","deviceUDID":"emulator-5554","deviceApiLevel":27,"deviceScreenSize":"1080x2160","deviceScreenDensity":440,"deviceModel":"Android SDK built for x86","deviceManufacturer":"Google","pixelRatio":2.75,"statBarHeight":66,"viewportRect":{"left":0,"top":66,"width":1080,"height":1962},"lastScrollData":n...
&amp#27;[35m[HTTP]&amp#27;[39m &amp#27;[37m<-- GET /wd/hub/session/c2100e22-d6d2-40fc-b84e-a0779fb7b915 &amp#27;[39m&amp#27;[32m200&amp#27;[39m &amp#27;[90m21 ms - 1035&amp#27;[39m
&amp#27;[35m[HTTP]&amp#27;[39m &amp#27;[90m&amp#27;[39m
&amp#27;[35m[HTTP]&amp#27;[39m &amp#27;[37m-->&amp#27;[39m &amp#27;[37mPOST&amp#27;[39m &amp#27;[37m/wd/hub/session/c2100e22-d6d2-40fc-b84e-a0779fb7b915/element&amp#27;[39m
&amp#27;[35m[HTTP]&amp#27;[39m &amp#27;[90m{"using":"id","value":"in.workindia.nileshdungarwal.workindiaandroid:id/btn_done"}&amp#27;[39m
[debug] &amp#27;[35m[W3C (c2100e22)]&amp#27;[39m Calling AppiumDriver.findElement() with args: ["id","in.workindia.nileshdungarwal.workindiaandroid:id/btn_done","c2100e22-d6d2-40fc-b84e-a0779fb7b915"]
[debug] &amp#27;[35m[BaseDriver]&amp#27;[39m Valid locator strategies for this request: xpath, id, class name, accessibility id, css selector, -android uiautomator
[debug] &amp#27;[35m[BaseDriver]&amp#27;[39m Waiting up to 50000 ms for condition
[debug] &amp#27;[35m[WD Proxy]&amp#27;[39m Matched '/element' to command name 'findElement'
[debug] &amp#27;[35m[WD Proxy]&amp#27;[39m Proxying [POST /element] to [POST http://127.0.0.1:8200/wd/hub/session/f789331e-141a-4136-ac16-2f2228185ffc/element] with body: {"strategy":"id","selector":"in.workindia.nileshdungarwal.workindiaandroid:id/btn_done","context":"","multiple":false}
[debug] &amp#27;[35m[WD Proxy]&amp#27;[39m Got response with status 200: {"sessionId":"f789331e-141a-4136-ac16-2f2228185ffc","value":{"ELEMENT":"f62bb6ed-3527-481f-b2d7-af3eee7a0ef2","element-6066-11e4-a52e-4f735466cecf":"f62bb6ed-3527-481f-b2d7-af3eee7a0ef2"}}
[debug] &amp#27;[35m[W3C (c2100e22)]&amp#27;[39m Responding to client with driver.findElement() result: {"element-6066-11e4-a52e-4f735466cecf":"f62bb6ed-3527-481f-b2d7-af3eee7a0ef2","ELEMENT":"f62bb6ed-3527-481f-b2d7-af3eee7a0ef2"}
&amp#27;[35m[HTTP]&amp#27;[39m &amp#27;[37m<-- POST /wd/hub/session/c2100e22-d6d2-40fc-b84e-a0779fb7b915/element &amp#27;[39m&amp#27;[32m200&amp#27;[39m &amp#27;[90m901 ms - 137&amp#27;[39m
&amp#27;[35m[HTTP]&amp#27;[39m &amp#27;[90m&amp#27;[39m
&amp#27;[35m[HTTP]&amp#27;[39m &amp#27;[37m-->&amp#27;[39m &amp#27;[37mPOST&amp#27;[39m &amp#27;[37m/wd/hub/session/c2100e22-d6d2-40fc-b84e-a0779fb7b915/element/f62bb6ed-3527-481f-b2d7-af3eee7a0ef2/click&amp#27;[39m
&amp#27;[35m[HTTP]&amp#27;[39m &amp#27;[90m{"id":"f62bb6ed-3527-481f-b2d7-af3eee7a0ef2"}&amp#27;[39m
[debug] &amp#27;[35m[W3C (c2100e22)]&amp#27;[39m Calling AppiumDriver.click() with args: ["f62bb6ed-3527-481f-b2d7-af3eee7a0ef2","c2100e22-d6d2-40fc-b84e-a0779fb7b915"]
[debug] &amp#27;[35m[WD Proxy]&amp#27;[39m Matched '/element/f62bb6ed-3527-481f-b2d7-af3eee7a0ef2/click' to command name 'click'
[debug] &amp#27;[35m[WD Proxy]&amp#27;[39m Proxying [POST /element/f62bb6ed-3527-481f-b2d7-af3eee7a0ef2/click] to [POST http://127.0.0.1:8200/wd/hub/session/f789331e-141a-4136-ac16-2f2228185ffc/element/f62bb6ed-3527-481f-b2d7-af3eee7a0ef2/click] with body: {"element":"f62bb6ed-3527-481f-b2d7-af3eee7a0ef2"}
[debug] &amp#27;[35m[WD Proxy]&amp#27;[39m Got response with status 200: {"sessionId":"f789331e-141a-4136-ac16-2f2228185ffc","value":null}
[debug] &amp#27;[35m[W3C (c2100e22)]&amp#27;[39m Responding to client with driver.click() result: null
&amp#27;[35m[HTTP]&amp#27;[39m &amp#27;[37m<-- POST /wd/hub/session/c2100e22-d6d2-40fc-b84e-a0779fb7b915/element/f62bb6ed-3527-481f-b2d7-af3eee7a0ef2/click &amp#27;[39m&amp#27;[32m200&amp#27;[39m &amp#27;[90m42 ms - 14&amp#27;[39m
&amp#27;[35m[HTTP]&amp#27;[39m &amp#27;[90m&amp#27;[39m
&amp#27;[35m[HTTP]&amp#27;[39m &amp#27;[37m-->&amp#27;[39m &amp#27;[37mGET&amp#27;[39m &amp#27;[37m/wd/hub/session/c2100e22-d6d2-40fc-b84e-a0779fb7b915&amp#27;[39m
&amp#27;[35m[HTTP]&amp#27;[39m &amp#27;[90m{}&amp#27;[39m
[debug] &amp#27;[35m[W3C (c2100e22)]&amp#27;[39m Calling AppiumDriver.getSession() with args: ["c2100e22-d6d2-40fc-b84e-a0779fb7b915"]
[debug] &amp#27;[35m[UiAutomator2]&amp#27;[39m Getting session details from server to mix in
[debug] &amp#27;[35m[WD Proxy]&amp#27;[39m Matched '/' to command name 'getSession'
[debug] &amp#27;[35m[WD Proxy]&amp#27;[39m Proxying [GET /] to [GET http://127.0.0.1:8200/wd/hub/session/f789331e-141a-4136-ac16-2f2228185ffc] with no body
[debug] &amp#27;[35m[WD Proxy]&amp#27;[39m Got response with status 200: {"sessionId":"f789331e-141a-4136-ac16-2f2228185ffc","value":{"lastScrollData":null}}
[debug] &amp#27;[35m[W3C (c2100e22)]&amp#27;[39m Responding to client with driver.getSession() result: {"platform":"LINUX","webStorageEnabled":false,"takesScreenshot":true,"javascriptEnabled":true,"databaseEnabled":false,"networkConnectionEnabled":true,"locationContextEnabled":false,"warnings":{},"desired":{"platformName":"android","skipDeviceInitialization":true,"skipServerInstallation":false,"app":"./Resources/in.workindia.apk","appActivity":".RegisterActivity","appPackage":"in.workindia.nileshdungarwal.workindiaandroid","platformVersion":"8.1"},"platformName":"android","skipDeviceInitialization":true,"skipServerInstallation":false,"app":"./Resources/in.workindia.apk","appActivity":".RegisterActivity","appPackage":"in.workindia.nileshdungarwal.workindiaandroid","platformVersion":"8.1.0","deviceName":"emulator-5554","deviceUDID":"emulator-5554","deviceApiLevel":27,"deviceScreenSize":"1080x2160","deviceScreenDensity":440,"deviceModel":"Android SDK built for x86","deviceManufacturer":"Google","pixelRatio":2.75,"statBarHeight":66,"viewportRect":{"left":0,"top":66,"width":1080,"height":1962},"lastScrollData":n...
&amp#27;[35m[HTTP]&amp#27;[39m &amp#27;[37m<-- GET /wd/hub/session/c2100e22-d6d2-40fc-b84e-a0779fb7b915 &amp#27;[39m&amp#27;[32m200&amp#27;[39m &amp#27;[90m15 ms - 1035&amp#27;[39m
&amp#27;[35m[HTTP]&amp#27;[39m &amp#27;[90m&amp#27;[39m
&amp#27;[35m[HTTP]&amp#27;[39m &amp#27;[37m-->&amp#27;[39m &amp#27;[37mGET&amp#27;[39m &amp#27;[37m/wd/hub/session/c2100e22-d6d2-40fc-b84e-a0779fb7b915&amp#27;[39m
&amp#27;[35m[HTTP]&amp#27;[39m &amp#27;[90m{}&amp#27;[39m
[debug] &amp#27;[35m[W3C (c2100e22)]&amp#27;[39m Calling AppiumDriver.getSession() with args: ["c2100e22-d6d2-40fc-b84e-a0779fb7b915"]
[debug] &amp#27;[35m[UiAutomator2]&amp#27;[39m Getting session details from server to mix in
[debug] &amp#27;[35m[WD Proxy]&amp#27;[39m Matched '/' to command name 'getSession'
[debug] &amp#27;[35m[WD Proxy]&amp#27;[39m Proxying [GET /] to [GET http://127.0.0.1:8200/wd/hub/session/f789331e-141a-4136-ac16-2f2228185ffc] with no body
[debug] &amp#27;[35m[WD Proxy]&amp#27;[39m Got response with status 200: {"sessionId":"f789331e-141a-4136-ac16-2f2228185ffc","value":{"lastScrollData":null}}
[debug] &amp#27;[35m[W3C (c2100e22)]&amp#27;[39m Responding to client with driver.getSession() result: {"platform":"LINUX","webStorageEnabled":false,"takesScreenshot":true,"javascriptEnabled":true,"databaseEnabled":false,"networkConnectionEnabled":true,"locationContextEnabled":false,"warnings":{},"desired":{"platformName":"android","skipDeviceInitialization":true,"skipServerInstallation":false,"app":"./Resources/in.workindia.apk","appActivity":".RegisterActivity","appPackage":"in.workindia.nileshdungarwal.workindiaandroid","platformVersion":"8.1"},"platformName":"android","skipDeviceInitialization":true,"skipServerInstallation":false,"app":"./Resources/in.workindia.apk","appActivity":".RegisterActivity","appPackage":"in.workindia.nileshdungarwal.workindiaandroid","platformVersion":"8.1.0","deviceName":"emulator-5554","deviceUDID":"emulator-5554","deviceApiLevel":27,"deviceScreenSize":"1080x2160","deviceScreenDensity":440,"deviceModel":"Android SDK built for x86","deviceManufacturer":"Google","pixelRatio":2.75,"statBarHeight":66,"viewportRect":{"left":0,"top":66,"width":1080,"height":1962},"lastScrollData":n...
&amp#27;[35m[HTTP]&amp#27;[39m &amp#27;[37m<-- GET /wd/hub/session/c2100e22-d6d2-40fc-b84e-a0779fb7b915 &amp#27;[39m&amp#27;[32m200&amp#27;[39m &amp#27;[90m13 ms - 1035&amp#27;[39m
&amp#27;[35m[HTTP]&amp#27;[39m &amp#27;[90m&amp#27;[39m
&amp#27;[35m[HTTP]&amp#27;[39m &amp#27;[37m-->&amp#27;[39m &amp#27;[37mPOST&amp#27;[39m &amp#27;[37m/wd/hub/session/c2100e22-d6d2-40fc-b84e-a0779fb7b915/element&amp#27;[39m
&amp#27;[35m[HTTP]&amp#27;[39m &amp#27;[90m{"using":"id","value":"in.workindia.nileshdungarwal.workindiaandroid:id/tv_my_gender"}&amp#27;[39m
[debug] &amp#27;[35m[W3C (c2100e22)]&amp#27;[39m Calling AppiumDriver.findElement() with args: ["id","in.workindia.nileshdungarwal.workindiaandroid:id/tv_my_gender","c2100e22-d6d2-40fc-b84e-a0779fb7b915"]
[debug] &amp#27;[35m[BaseDriver]&amp#27;[39m Valid locator strategies for this request: xpath, id, class name, accessibility id, css selector, -android uiautomator
[debug] &amp#27;[35m[BaseDriver]&amp#27;[39m Waiting up to 50000 ms for condition
[debug] &amp#27;[35m[WD Proxy]&amp#27;[39m Matched '/element' to command name 'findElement'
[debug] &amp#27;[35m[WD Proxy]&amp#27;[39m Proxying [POST /element] to [POST http://127.0.0.1:8200/wd/hub/session/f789331e-141a-4136-ac16-2f2228185ffc/element] with body: {"strategy":"id","selector":"in.workindia.nileshdungarwal.workindiaandroid:id/tv_my_gender","context":"","multiple":false}
&amp#27;[35m[WD Proxy]&amp#27;[39m Got response with status 404: {"sessionId":"f789331e-141a-4136-ac16-2f2228185ffc","value":{"error":"no such element","message":"An element could not be located on the page using the given search parameters","stacktrace":"io.appium.uiautomator2.common.exceptions.ElementNotFoundException: An element could not be located on the page using the given search parameters\n\tat io.appium.uiautomator2.handler.FindElement.safeHandle(FindElement.java:73)\n\tat io.appium.uiautomator2.handler.request.SafeRequestHandler.handle(SafeRequestHandler.java:41)\n\tat io.appium.uiautomator2.server.AppiumServlet.handleRequest(AppiumServlet.java:261)\n\tat io.appium.uiautomator2.server.AppiumServlet.handleHttpRequest(AppiumServlet.java:255)\n\tat io.appium.uiautomator2.http.ServerHandler.channelRead(ServerHandler.java:68)\n\tat io.netty.channel.AbstractChannelHandlerContext.invokeChannelRead(AbstractChannelHandlerContext.java:366)\n\tat io.netty.channel.AbstractChannelHandlerContext.invokeChannelRead(AbstractChannelHandlerContext.java:352)\n\tat io.netty.chann...
[debug] &amp#27;[35m[W3C]&amp#27;[39m Matched W3C error code 'no such element' to NoSuchElementError
[debug] &amp#27;[35m[BaseDriver]&amp#27;[39m Waited for 56 ms so far
[debug] &amp#27;[35m[WD Proxy]&amp#27;[39m Matched '/element' to command name 'findElement'
[debug] &amp#27;[35m[WD Proxy]&amp#27;[39m Proxying [POST /element] to [POST http://127.0.0.1:8200/wd/hub/session/f789331e-141a-4136-ac16-2f2228185ffc/element] with body: {"strategy":"id","selector":"in.workindia.nileshdungarwal.workindiaandroid:id/tv_my_gender","context":"","multiple":false}
&amp#27;[35m[WD Proxy]&amp#27;[39m Got response with status 404: {"sessionId":"f789331e-141a-4136-ac16-2f2228185ffc","value":{"error":"no such element","message":"An element could not be located on the page using the given search parameters","stacktrace":"io.appium.uiautomator2.common.exceptions.ElementNotFoundException: An element could not be located on the page using the given search parameters\n\tat io.appium.uiautomator2.handler.FindElement.safeHandle(FindElement.java:73)\n\tat io.appium.uiautomator2.handler.request.SafeRequestHandler.handle(SafeRequestHandler.java:41)\n\tat io.appium.uiautomator2.server.AppiumServlet.handleRequest(AppiumServlet.java:261)\n\tat io.appium.uiautomator2.server.AppiumServlet.handleHttpRequest(AppiumServlet.java:255)\n\tat io.appium.uiautomator2.http.ServerHandler.channelRead(ServerHandler.java:68)\n\tat io.netty.channel.AbstractChannelHandlerContext.invokeChannelRead(AbstractChannelHandlerContext.java:366)\n\tat io.netty.channel.AbstractChannelHandlerContext.invokeChannelRead(AbstractChannelHandlerContext.java:352)\n\tat io.netty.chann...
[debug] &amp#27;[35m[W3C]&amp#27;[39m Matched W3C error code 'no such element' to NoSuchElementError
[debug] &amp#27;[35m[BaseDriver]&amp#27;[39m Waited for 1664 ms so far
[debug] &amp#27;[35m[WD Proxy]&amp#27;[39m Matched '/element' to command name 'findElement'
[debug] &amp#27;[35m[WD Proxy]&amp#27;[39m Proxying [POST /element] to [POST http://127.0.0.1:8200/wd/hub/session/f789331e-141a-4136-ac16-2f2228185ffc/element] with body: {"strategy":"id","selector":"in.workindia.nileshdungarwal.workindiaandroid:id/tv_my_gender","context":"","multiple":false}
[debug] &amp#27;[35m[WD Proxy]&amp#27;[39m Got response with status 200: {"sessionId":"f789331e-141a-4136-ac16-2f2228185ffc","value":{"ELEMENT":"6d81c95a-c52d-40d4-b452-5fb85a5f3729","element-6066-11e4-a52e-4f735466cecf":"6d81c95a-c52d-40d4-b452-5fb85a5f3729"}}
[debug] &amp#27;[35m[W3C (c2100e22)]&amp#27;[39m Responding to client with driver.findElement() result: {"element-6066-11e4-a52e-4f735466cecf":"6d81c95a-c52d-40d4-b452-5fb85a5f3729","ELEMENT":"6d81c95a-c52d-40d4-b452-5fb85a5f3729"}
&amp#27;[35m[HTTP]&amp#27;[39m &amp#27;[37m<-- POST /wd/hub/session/c2100e22-d6d2-40fc-b84e-a0779fb7b915/element &amp#27;[39m&amp#27;[32m200&amp#27;[39m &amp#27;[90m2493 ms - 137&amp#27;[39m
&amp#27;[35m[HTTP]&amp#27;[39m &amp#27;[90m&amp#27;[39m
&amp#27;[35m[HTTP]&amp#27;[39m &amp#27;[37m-->&amp#27;[39m &amp#27;[37mGET&amp#27;[39m &amp#27;[37m/wd/hub/session/c2100e22-d6d2-40fc-b84e-a0779fb7b915/element/6d81c95a-c52d-40d4-b452-5fb85a5f3729/text&amp#27;[39m
&amp#27;[35m[HTTP]&amp#27;[39m &amp#27;[90m{}&amp#27;[39m
&amp#27;[35m[W3C (c2100e22)]&amp#27;[39m Driver proxy active, passing request on via HTTP proxy
[debug] &amp#27;[35m[WD Proxy]&amp#27;[39m Matched '/wd/hub/session/c2100e22-d6d2-40fc-b84e-a0779fb7b915/element/6d81c95a-c52d-40d4-b452-5fb85a5f3729/text' to command name 'getText'
[debug] &amp#27;[35m[WD Proxy]&amp#27;[39m Proxying [GET /wd/hub/session/c2100e22-d6d2-40fc-b84e-a0779fb7b915/element/6d81c95a-c52d-40d4-b452-5fb85a5f3729/text] to [GET http://127.0.0.1:8200/wd/hub/session/f789331e-141a-4136-ac16-2f2228185ffc/element/6d81c95a-c52d-40d4-b452-5fb85a5f3729/text] with no body
[debug] &amp#27;[35m[WD Proxy]&amp#27;[39m Got response with status 200: {"sessionId":"f789331e-141a-4136-ac16-2f2228185ffc","value":"My Gender *"}
&amp#27;[35m[WD Proxy]&amp#27;[39m Replacing sessionId f789331e-141a-4136-ac16-2f2228185ffc with c2100e22-d6d2-40fc-b84e-a0779fb7b915
&amp#27;[35m[HTTP]&amp#27;[39m &amp#27;[37m<-- GET /wd/hub/session/c2100e22-d6d2-40fc-b84e-a0779fb7b915/element/6d81c95a-c52d-40d4-b452-5fb85a5f3729/text &amp#27;[39m&amp#27;[32m200&amp#27;[39m &amp#27;[90m22 ms - 74&amp#27;[39m
&amp#27;[35m[HTTP]&amp#27;[39m &amp#27;[90m&amp#27;[39m
&amp#27;[35m[HTTP]&amp#27;[39m &amp#27;[37m-->&amp#27;[39m &amp#27;[37mGET&amp#27;[39m &amp#27;[37m/wd/hub/session/c2100e22-d6d2-40fc-b84e-a0779fb7b915&amp#27;[39m
&amp#27;[35m[HTTP]&amp#27;[39m &amp#27;[90m{}&amp#27;[39m
[debug] &amp#27;[35m[W3C (c2100e22)]&amp#27;[39m Calling AppiumDriver.getSession() with args: ["c2100e22-d6d2-40fc-b84e-a0779fb7b915"]
[debug] &amp#27;[35m[UiAutomator2]&amp#27;[39m Getting session details from server to mix in
[debug] &amp#27;[35m[WD Proxy]&amp#27;[39m Matched '/' to command name 'getSession'
[debug] &amp#27;[35m[WD Proxy]&amp#27;[39m Proxying [GET /] to [GET http://127.0.0.1:8200/wd/hub/session/f789331e-141a-4136-ac16-2f2228185ffc] with no body
[debug] &amp#27;[35m[WD Proxy]&amp#27;[39m Got response with status 200: {"sessionId":"f789331e-141a-4136-ac16-2f2228185ffc","value":{"lastScrollData":null}}
[debug] &amp#27;[35m[W3C (c2100e22)]&amp#27;[39m Responding to client with driver.getSession() result: {"platform":"LINUX","webStorageEnabled":false,"takesScreenshot":true,"javascriptEnabled":true,"databaseEnabled":false,"networkConnectionEnabled":true,"locationContextEnabled":false,"warnings":{},"desired":{"platformName":"android","skipDeviceInitialization":true,"skipServerInstallation":false,"app":"./Resources/in.workindia.apk","appActivity":".RegisterActivity","appPackage":"in.workindia.nileshdungarwal.workindiaandroid","platformVersion":"8.1"},"platformName":"android","skipDeviceInitialization":true,"skipServerInstallation":false,"app":"./Resources/in.workindia.apk","appActivity":".RegisterActivity","appPackage":"in.workindia.nileshdungarwal.workindiaandroid","platformVersion":"8.1.0","deviceName":"emulator-5554","deviceUDID":"emulator-5554","deviceApiLevel":27,"deviceScreenSize":"1080x2160","deviceScreenDensity":440,"deviceModel":"Android SDK built for x86","deviceManufacturer":"Google","pixelRatio":2.75,"statBarHeight":66,"viewportRect":{"left":0,"top":66,"width":1080,"height":1962},"lastScrollData":n...
&amp#27;[35m[HTTP]&amp#27;[39m &amp#27;[37m<-- GET /wd/hub/session/c2100e22-d6d2-40fc-b84e-a0779fb7b915 &amp#27;[39m&amp#27;[32m200&amp#27;[39m &amp#27;[90m16 ms - 1035&amp#27;[39m
&amp#27;[35m[HTTP]&amp#27;[39m &amp#27;[90m&amp#27;[39m
&amp#27;[35m[HTTP]&amp#27;[39m &amp#27;[37m-->&amp#27;[39m &amp#27;[37mPOST&amp#27;[39m &amp#27;[37m/wd/hub/session/c2100e22-d6d2-40fc-b84e-a0779fb7b915/element&amp#27;[39m
&amp#27;[35m[HTTP]&amp#27;[39m &amp#27;[90m{"using":"id","value":"in.workindia.nileshdungarwal.workindiaandroid:id/rg_male"}&amp#27;[39m
[debug] &amp#27;[35m[W3C (c2100e22)]&amp#27;[39m Calling AppiumDriver.findElement() with args: ["id","in.workindia.nileshdungarwal.workindiaandroid:id/rg_male","c2100e22-d6d2-40fc-b84e-a0779fb7b915"]
[debug] &amp#27;[35m[BaseDriver]&amp#27;[39m Valid locator strategies for this request: xpath, id, class name, accessibility id, css selector, -android uiautomator
[debug] &amp#27;[35m[BaseDriver]&amp#27;[39m Waiting up to 50000 ms for condition
[debug] &amp#27;[35m[WD Proxy]&amp#27;[39m Matched '/element' to command name 'findElement'
[debug] &amp#27;[35m[WD Proxy]&amp#27;[39m Proxying [POST /element] to [POST http://127.0.0.1:8200/wd/hub/session/f789331e-141a-4136-ac16-2f2228185ffc/element] with body: {"strategy":"id","selector":"in.workindia.nileshdungarwal.workindiaandroid:id/rg_male","context":"","multiple":false}
[debug] &amp#27;[35m[WD Proxy]&amp#27;[39m Got response with status 200: {"sessionId":"f789331e-141a-4136-ac16-2f2228185ffc","value":{"ELEMENT":"21c2178f-4cc9-46ad-82a8-952b7b1ac41e","element-6066-11e4-a52e-4f735466cecf":"21c2178f-4cc9-46ad-82a8-952b7b1ac41e"}}
[debug] &amp#27;[35m[W3C (c2100e22)]&amp#27;[39m Responding to client with driver.findElement() result: {"element-6066-11e4-a52e-4f735466cecf":"21c2178f-4cc9-46ad-82a8-952b7b1ac41e","ELEMENT":"21c2178f-4cc9-46ad-82a8-952b7b1ac41e"}
&amp#27;[35m[HTTP]&amp#27;[39m &amp#27;[37m<-- POST /wd/hub/session/c2100e22-d6d2-40fc-b84e-a0779fb7b915/element &amp#27;[39m&amp#27;[32m200&amp#27;[39m &amp#27;[90m42 ms - 137&amp#27;[39m
&amp#27;[35m[HTTP]&amp#27;[39m &amp#27;[90m&amp#27;[39m
&amp#27;[35m[HTTP]&amp#27;[39m &amp#27;[37m-->&amp#27;[39m &amp#27;[37mPOST&amp#27;[39m &amp#27;[37m/wd/hub/session/c2100e22-d6d2-40fc-b84e-a0779fb7b915/element/21c2178f-4cc9-46ad-82a8-952b7b1ac41e/click&amp#27;[39m
&amp#27;[35m[HTTP]&amp#27;[39m &amp#27;[90m{"id":"21c2178f-4cc9-46ad-82a8-952b7b1ac41e"}&amp#27;[39m
[debug] &amp#27;[35m[W3C (c2100e22)]&amp#27;[39m Calling AppiumDriver.click() with args: ["21c2178f-4cc9-46ad-82a8-952b7b1ac41e","c2100e22-d6d2-40fc-b84e-a0779fb7b915"]
[debug] &amp#27;[35m[WD Proxy]&amp#27;[39m Matched '/element/21c2178f-4cc9-46ad-82a8-952b7b1ac41e/click' to command name 'click'
[debug] &amp#27;[35m[WD Proxy]&amp#27;[39m Proxying [POST /element/21c2178f-4cc9-46ad-82a8-952b7b1ac41e/click] to [POST http://127.0.0.1:8200/wd/hub/session/f789331e-141a-4136-ac16-2f2228185ffc/element/21c2178f-4cc9-46ad-82a8-952b7b1ac41e/click] with body: {"element":"21c2178f-4cc9-46ad-82a8-952b7b1ac41e"}
[debug] &amp#27;[35m[WD Proxy]&amp#27;[39m Got response with status 200: {"sessionId":"f789331e-141a-4136-ac16-2f2228185ffc","value":null}
[debug] &amp#27;[35m[W3C (c2100e22)]&amp#27;[39m Responding to client with driver.click() result: null
&amp#27;[35m[HTTP]&amp#27;[39m &amp#27;[37m<-- POST /wd/hub/session/c2100e22-d6d2-40fc-b84e-a0779fb7b915/element/21c2178f-4cc9-46ad-82a8-952b7b1ac41e/click &amp#27;[39m&amp#27;[32m200&amp#27;[39m &amp#27;[90m36 ms - 14&amp#27;[39m
&amp#27;[35m[HTTP]&amp#27;[39m &amp#27;[90m&amp#27;[39m
&amp#27;[35m[HTTP]&amp#27;[39m &amp#27;[37m-->&amp#27;[39m &amp#27;[37mGET&amp#27;[39m &amp#27;[37m/wd/hub/session/c2100e22-d6d2-40fc-b84e-a0779fb7b915&amp#27;[39m
&amp#27;[35m[HTTP]&amp#27;[39m &amp#27;[90m{}&amp#27;[39m
[debug] &amp#27;[35m[W3C (c2100e22)]&amp#27;[39m Calling AppiumDriver.getSession() with args: ["c2100e22-d6d2-40fc-b84e-a0779fb7b915"]
[debug] &amp#27;[35m[UiAutomator2]&amp#27;[39m Getting session details from server to mix in
[debug] &amp#27;[35m[WD Proxy]&amp#27;[39m Matched '/' to command name 'getSession'
[debug] &amp#27;[35m[WD Proxy]&amp#27;[39m Proxying [GET /] to [GET http://127.0.0.1:8200/wd/hub/session/f789331e-141a-4136-ac16-2f2228185ffc] with no body
[debug] &amp#27;[35m[WD Proxy]&amp#27;[39m Got response with status 200: {"sessionId":"f789331e-141a-4136-ac16-2f2228185ffc","value":{"lastScrollData":null}}
[debug] &amp#27;[35m[W3C (c2100e22)]&amp#27;[39m Responding to client with driver.getSession() result: {"platform":"LINUX","webStorageEnabled":false,"takesScreenshot":true,"javascriptEnabled":true,"databaseEnabled":false,"networkConnectionEnabled":true,"locationContextEnabled":false,"warnings":{},"desired":{"platformName":"android","skipDeviceInitialization":true,"skipServerInstallation":false,"app":"./Resources/in.workindia.apk","appActivity":".RegisterActivity","appPackage":"in.workindia.nileshdungarwal.workindiaandroid","platformVersion":"8.1"},"platformName":"android","skipDeviceInitialization":true,"skipServerInstallation":false,"app":"./Resources/in.workindia.apk","appActivity":".RegisterActivity","appPackage":"in.workindia.nileshdungarwal.workindiaandroid","platformVersion":"8.1.0","deviceName":"emulator-5554","deviceUDID":"emulator-5554","deviceApiLevel":27,"deviceScreenSize":"1080x2160","deviceScreenDensity":440,"deviceModel":"Android SDK built for x86","deviceManufacturer":"Google","pixelRatio":2.75,"statBarHeight":66,"viewportRect":{"left":0,"top":66,"width":1080,"height":1962},"lastScrollData":n...
&amp#27;[35m[HTTP]&amp#27;[39m &amp#27;[37m<-- GET /wd/hub/session/c2100e22-d6d2-40fc-b84e-a0779fb7b915 &amp#27;[39m&amp#27;[32m200&amp#27;[39m &amp#27;[90m19 ms - 1035&amp#27;[39m
&amp#27;[35m[HTTP]&amp#27;[39m &amp#27;[90m&amp#27;[39m
&amp#27;[35m[HTTP]&amp#27;[39m &amp#27;[37m-->&amp#27;[39m &amp#27;[37mPOST&amp#27;[39m &amp#27;[37m/wd/hub/session/c2100e22-d6d2-40fc-b84e-a0779fb7b915/element&amp#27;[39m
&amp#27;[35m[HTTP]&amp#27;[39m &amp#27;[90m{"using":"id","value":"in.workindia.nileshdungarwal.workindiaandroid:id/rb_graduate"}&amp#27;[39m
[debug] &amp#27;[35m[W3C (c2100e22)]&amp#27;[39m Calling AppiumDriver.findElement() with args: ["id","in.workindia.nileshdungarwal.workindiaandroid:id/rb_graduate","c2100e22-d6d2-40fc-b84e-a0779fb7b915"]
[debug] &amp#27;[35m[BaseDriver]&amp#27;[39m Valid locator strategies for this request: xpath, id, class name, accessibility id, css selector, -android uiautomator
[debug] &amp#27;[35m[BaseDriver]&amp#27;[39m Waiting up to 50000 ms for condition
[debug] &amp#27;[35m[WD Proxy]&amp#27;[39m Matched '/element' to command name 'findElement'
[debug] &amp#27;[35m[WD Proxy]&amp#27;[39m Proxying [POST /element] to [POST http://127.0.0.1:8200/wd/hub/session/f789331e-141a-4136-ac16-2f2228185ffc/element] with body: {"strategy":"id","selector":"in.workindia.nileshdungarwal.workindiaandroid:id/rb_graduate","context":"","multiple":false}
[debug] &amp#27;[35m[WD Proxy]&amp#27;[39m Got response with status 200: {"sessionId":"f789331e-141a-4136-ac16-2f2228185ffc","value":{"ELEMENT":"85b4c798-b763-442b-bd11-2b11eb334ffe","element-6066-11e4-a52e-4f735466cecf":"85b4c798-b763-442b-bd11-2b11eb334ffe"}}
[debug] &amp#27;[35m[W3C (c2100e22)]&amp#27;[39m Responding to client with driver.findElement() result: {"element-6066-11e4-a52e-4f735466cecf":"85b4c798-b763-442b-bd11-2b11eb334ffe","ELEMENT":"85b4c798-b763-442b-bd11-2b11eb334ffe"}
&amp#27;[35m[HTTP]&amp#27;[39m &amp#27;[37m<-- POST /wd/hub/session/c2100e22-d6d2-40fc-b84e-a0779fb7b915/element &amp#27;[39m&amp#27;[32m200&amp#27;[39m &amp#27;[90m479 ms - 137&amp#27;[39m
&amp#27;[35m[HTTP]&amp#27;[39m &amp#27;[90m&amp#27;[39m
&amp#27;[35m[HTTP]&amp#27;[39m &amp#27;[37m-->&amp#27;[39m &amp#27;[37mPOST&amp#27;[39m &amp#27;[37m/wd/hub/session/c2100e22-d6d2-40fc-b84e-a0779fb7b915/element/85b4c798-b763-442b-bd11-2b11eb334ffe/click&amp#27;[39m
&amp#27;[35m[HTTP]&amp#27;[39m &amp#27;[90m{"id":"85b4c798-b763-442b-bd11-2b11eb334ffe"}&amp#27;[39m
[debug] &amp#27;[35m[W3C (c2100e22)]&amp#27;[39m Calling AppiumDriver.click() with args: ["85b4c798-b763-442b-bd11-2b11eb334ffe","c2100e22-d6d2-40fc-b84e-a0779fb7b915"]
[debug] &amp#27;[35m[WD Proxy]&amp#27;[39m Matched '/element/85b4c798-b763-442b-bd11-2b11eb334ffe/click' to command name 'click'
[debug] &amp#27;[35m[WD Proxy]&amp#27;[39m Proxying [POST /element/85b4c798-b763-442b-bd11-2b11eb334ffe/click] to [POST http://127.0.0.1:8200/wd/hub/session/f789331e-141a-4136-ac16-2f2228185ffc/element/85b4c798-b763-442b-bd11-2b11eb334ffe/click] with body: {"element":"85b4c798-b763-442b-bd11-2b11eb334ffe"}
[debug] &amp#27;[35m[WD Proxy]&amp#27;[39m Got response with status 200: {"sessionId":"f789331e-141a-4136-ac16-2f2228185ffc","value":null}
[debug] &amp#27;[35m[W3C (c2100e22)]&amp#27;[39m Responding to client with driver.click() result: null
&amp#27;[35m[HTTP]&amp#27;[39m &amp#27;[37m<-- POST /wd/hub/session/c2100e22-d6d2-40fc-b84e-a0779fb7b915/element/85b4c798-b763-442b-bd11-2b11eb334ffe/click &amp#27;[39m&amp#27;[32m200&amp#27;[39m &amp#27;[90m28 ms - 14&amp#27;[39m
&amp#27;[35m[HTTP]&amp#27;[39m &amp#27;[90m&amp#27;[39m
&amp#27;[35m[HTTP]&amp#27;[39m &amp#27;[37m-->&amp#27;[39m &amp#27;[37mGET&amp#27;[39m &amp#27;[37m/wd/hub/session/c2100e22-d6d2-40fc-b84e-a0779fb7b915&amp#27;[39m
&amp#27;[35m[HTTP]&amp#27;[39m &amp#27;[90m{}&amp#27;[39m
[debug] &amp#27;[35m[W3C (c2100e22)]&amp#27;[39m Calling AppiumDriver.getSession() with args: ["c2100e22-d6d2-40fc-b84e-a0779fb7b915"]
[debug] &amp#27;[35m[UiAutomator2]&amp#27;[39m Getting session details from server to mix in
[debug] &amp#27;[35m[WD Proxy]&amp#27;[39m Matched '/' to command name 'getSession'
[debug] &amp#27;[35m[WD Proxy]&amp#27;[39m Proxying [GET /] to [GET http://127.0.0.1:8200/wd/hub/session/f789331e-141a-4136-ac16-2f2228185ffc] with no body
[debug] &amp#27;[35m[WD Proxy]&amp#27;[39m Got response with status 200: {"sessionId":"f789331e-141a-4136-ac16-2f2228185ffc","value":{"lastScrollData":null}}
[debug] &amp#27;[35m[W3C (c2100e22)]&amp#27;[39m Responding to client with driver.getSession() result: {"platform":"LINUX","webStorageEnabled":false,"takesScreenshot":true,"javascriptEnabled":true,"databaseEnabled":false,"networkConnectionEnabled":true,"locationContextEnabled":false,"warnings":{},"desired":{"platformName":"android","skipDeviceInitialization":true,"skipServerInstallation":false,"app":"./Resources/in.workindia.apk","appActivity":".RegisterActivity","appPackage":"in.workindia.nileshdungarwal.workindiaandroid","platformVersion":"8.1"},"platformName":"android","skipDeviceInitialization":true,"skipServerInstallation":false,"app":"./Resources/in.workindia.apk","appActivity":".RegisterActivity","appPackage":"in.workindia.nileshdungarwal.workindiaandroid","platformVersion":"8.1.0","deviceName":"emulator-5554","deviceUDID":"emulator-5554","deviceApiLevel":27,"deviceScreenSize":"1080x2160","deviceScreenDensity":440,"deviceModel":"Android SDK built for x86","deviceManufacturer":"Google","pixelRatio":2.75,"statBarHeight":66,"viewportRect":{"left":0,"top":66,"width":1080,"height":1962},"lastScrollData":n...
&amp#27;[35m[HTTP]&amp#27;[39m &amp#27;[37m<-- GET /wd/hub/session/c2100e22-d6d2-40fc-b84e-a0779fb7b915 &amp#27;[39m&amp#27;[32m200&amp#27;[39m &amp#27;[90m11 ms - 1035&amp#27;[39m
&amp#27;[35m[HTTP]&amp#27;[39m &amp#27;[90m&amp#27;[39m
&amp#27;[35m[HTTP]&amp#27;[39m &amp#27;[37m-->&amp#27;[39m &amp#27;[37mPOST&amp#27;[39m &amp#27;[37m/wd/hub/session/c2100e22-d6d2-40fc-b84e-a0779fb7b915/element&amp#27;[39m
&amp#27;[35m[HTTP]&amp#27;[39m &amp#27;[90m{"using":"id","value":"in.workindia.nileshdungarwal.workindiaandroid:id/cb_hindi"}&amp#27;[39m
[debug] &amp#27;[35m[W3C (c2100e22)]&amp#27;[39m Calling AppiumDriver.findElement() with args: ["id","in.workindia.nileshdungarwal.workindiaandroid:id/cb_hindi","c2100e22-d6d2-40fc-b84e-a0779fb7b915"]
[debug] &amp#27;[35m[BaseDriver]&amp#27;[39m Valid locator strategies for this request: xpath, id, class name, accessibility id, css selector, -android uiautomator
[debug] &amp#27;[35m[BaseDriver]&amp#27;[39m Waiting up to 50000 ms for condition
[debug] &amp#27;[35m[WD Proxy]&amp#27;[39m Matched '/element' to command name 'findElement'
[debug] &amp#27;[35m[WD Proxy]&amp#27;[39m Proxying [POST /element] to [POST http://127.0.0.1:8200/wd/hub/session/f789331e-141a-4136-ac16-2f2228185ffc/element] with body: {"strategy":"id","selector":"in.workindia.nileshdungarwal.workindiaandroid:id/cb_hindi","context":"","multiple":false}
[debug] &amp#27;[35m[WD Proxy]&amp#27;[39m Got response with status 200: {"sessionId":"f789331e-141a-4136-ac16-2f2228185ffc","value":{"ELEMENT":"c3b072a0-d338-44e5-815e-b70c425f3170","element-6066-11e4-a52e-4f735466cecf":"c3b072a0-d338-44e5-815e-b70c425f3170"}}
[debug] &amp#27;[35m[W3C (c2100e22)]&amp#27;[39m Responding to client with driver.findElement() result: {"element-6066-11e4-a52e-4f735466cecf":"c3b072a0-d338-44e5-815e-b70c425f3170","ELEMENT":"c3b072a0-d338-44e5-815e-b70c425f3170"}
&amp#27;[35m[HTTP]&amp#27;[39m &amp#27;[37m<-- POST /wd/hub/session/c2100e22-d6d2-40fc-b84e-a0779fb7b915/element &amp#27;[39m&amp#27;[32m200&amp#27;[39m &amp#27;[90m614 ms - 137&amp#27;[39m
&amp#27;[35m[HTTP]&amp#27;[39m &amp#27;[90m&amp#27;[39m
&amp#27;[35m[HTTP]&amp#27;[39m &amp#27;[37m-->&amp#27;[39m &amp#27;[37mPOST&amp#27;[39m &amp#27;[37m/wd/hub/session/c2100e22-d6d2-40fc-b84e-a0779fb7b915/element/c3b072a0-d338-44e5-815e-b70c425f3170/click&amp#27;[39m
&amp#27;[35m[HTTP]&amp#27;[39m &amp#27;[90m{"id":"c3b072a0-d338-44e5-815e-b70c425f3170"}&amp#27;[39m
[debug] &amp#27;[35m[W3C (c2100e22)]&amp#27;[39m Calling AppiumDriver.click() with args: ["c3b072a0-d338-44e5-815e-b70c425f3170","c2100e22-d6d2-40fc-b84e-a0779fb7b915"]
[debug] &amp#27;[35m[WD Proxy]&amp#27;[39m Matched '/element/c3b072a0-d338-44e5-815e-b70c425f3170/click' to command name 'click'
[debug] &amp#27;[35m[WD Proxy]&amp#27;[39m Proxying [POST /element/c3b072a0-d338-44e5-815e-b70c425f3170/click] to [POST http://127.0.0.1:8200/wd/hub/session/f789331e-141a-4136-ac16-2f2228185ffc/element/c3b072a0-d338-44e5-815e-b70c425f3170/click] with body: {"element":"c3b072a0-d338-44e5-815e-b70c425f3170"}
[debug] &amp#27;[35m[WD Proxy]&amp#27;[39m Got response with status 200: {"sessionId":"f789331e-141a-4136-ac16-2f2228185ffc","value":null}
[debug] &amp#27;[35m[W3C (c2100e22)]&amp#27;[39m Responding to client with driver.click() result: null
&amp#27;[35m[HTTP]&amp#27;[39m &amp#27;[37m<-- POST /wd/hub/session/c2100e22-d6d2-40fc-b84e-a0779fb7b915/element/c3b072a0-d338-44e5-815e-b70c425f3170/click &amp#27;[39m&amp#27;[32m200&amp#27;[39m &amp#27;[90m639 ms - 14&amp#27;[39m
&amp#27;[35m[HTTP]&amp#27;[39m &amp#27;[90m&amp#27;[39m
&amp#27;[35m[HTTP]&amp#27;[39m &amp#27;[37m-->&amp#27;[39m &amp#27;[37mGET&amp#27;[39m &amp#27;[37m/wd/hub/session/c2100e22-d6d2-40fc-b84e-a0779fb7b915&amp#27;[39m
&amp#27;[35m[HTTP]&amp#27;[39m &amp#27;[90m{}&amp#27;[39m
[debug] &amp#27;[35m[W3C (c2100e22)]&amp#27;[39m Calling AppiumDriver.getSession() with args: ["c2100e22-d6d2-40fc-b84e-a0779fb7b915"]
[debug] &amp#27;[35m[UiAutomator2]&amp#27;[39m Getting session details from server to mix in
[debug] &amp#27;[35m[WD Proxy]&amp#27;[39m Matched '/' to command name 'getSession'
[debug] &amp#27;[35m[WD Proxy]&amp#27;[39m Proxying [GET /] to [GET http://127.0.0.1:8200/wd/hub/session/f789331e-141a-4136-ac16-2f2228185ffc] with no body
[debug] &amp#27;[35m[WD Proxy]&amp#27;[39m Got response with status 200: {"sessionId":"f789331e-141a-4136-ac16-2f2228185ffc","value":{"lastScrollData":null}}
[debug] &amp#27;[35m[W3C (c2100e22)]&amp#27;[39m Responding to client with driver.getSession() result: {"platform":"LINUX","webStorageEnabled":false,"takesScreenshot":true,"javascriptEnabled":true,"databaseEnabled":false,"networkConnectionEnabled":true,"locationContextEnabled":false,"warnings":{},"desired":{"platformName":"android","skipDeviceInitialization":true,"skipServerInstallation":false,"app":"./Resources/in.workindia.apk","appActivity":".RegisterActivity","appPackage":"in.workindia.nileshdungarwal.workindiaandroid","platformVersion":"8.1"},"platformName":"android","skipDeviceInitialization":true,"skipServerInstallation":false,"app":"./Resources/in.workindia.apk","appActivity":".RegisterActivity","appPackage":"in.workindia.nileshdungarwal.workindiaandroid","platformVersion":"8.1.0","deviceName":"emulator-5554","deviceUDID":"emulator-5554","deviceApiLevel":27,"deviceScreenSize":"1080x2160","deviceScreenDensity":440,"deviceModel":"Android SDK built for x86","deviceManufacturer":"Google","pixelRatio":2.75,"statBarHeight":66,"viewportRect":{"left":0,"top":66,"width":1080,"height":1962},"lastScrollData":n...
&amp#27;[35m[HTTP]&amp#27;[39m &amp#27;[37m<-- GET /wd/hub/session/c2100e22-d6d2-40fc-b84e-a0779fb7b915 &amp#27;[39m&amp#27;[32m200&amp#27;[39m &amp#27;[90m18 ms - 1035&amp#27;[39m
&amp#27;[35m[HTTP]&amp#27;[39m &amp#27;[90m&amp#27;[39m
&amp#27;[35m[HTTP]&amp#27;[39m &amp#27;[37m-->&amp#27;[39m &amp#27;[37mPOST&amp#27;[39m &amp#27;[37m/wd/hub/session/c2100e22-d6d2-40fc-b84e-a0779fb7b915/element&amp#27;[39m
&amp#27;[35m[HTTP]&amp#27;[39m &amp#27;[90m{"using":"id","value":"in.workindia.nileshdungarwal.workindiaandroid:id/rg_eng_level_2"}&amp#27;[39m
[debug] &amp#27;[35m[W3C (c2100e22)]&amp#27;[39m Calling AppiumDriver.findElement() with args: ["id","in.workindia.nileshdungarwal.workindiaandroid:id/rg_eng_level_2","c2100e22-d6d2-40fc-b84e-a0779fb7b915"]
[debug] &amp#27;[35m[BaseDriver]&amp#27;[39m Valid locator strategies for this request: xpath, id, class name, accessibility id, css selector, -android uiautomator
[debug] &amp#27;[35m[BaseDriver]&amp#27;[39m Waiting up to 50000 ms for condition
[debug] &amp#27;[35m[WD Proxy]&amp#27;[39m Matched '/element' to command name 'findElement'
[debug] &amp#27;[35m[WD Proxy]&amp#27;[39m Proxying [POST /element] to [POST http://127.0.0.1:8200/wd/hub/session/f789331e-141a-4136-ac16-2f2228185ffc/element] with body: {"strategy":"id","selector":"in.workindia.nileshdungarwal.workindiaandroid:id/rg_eng_level_2","context":"","multiple":false}
[debug] &amp#27;[35m[WD Proxy]&amp#27;[39m Got response with status 200: {"sessionId":"f789331e-141a-4136-ac16-2f2228185ffc","value":{"ELEMENT":"e4083f8f-d855-4887-8006-8f32309f0cd6","element-6066-11e4-a52e-4f735466cecf":"e4083f8f-d855-4887-8006-8f32309f0cd6"}}
[debug] &amp#27;[35m[W3C (c2100e22)]&amp#27;[39m Responding to client with driver.findElement() result: {"element-6066-11e4-a52e-4f735466cecf":"e4083f8f-d855-4887-8006-8f32309f0cd6","ELEMENT":"e4083f8f-d855-4887-8006-8f32309f0cd6"}
&amp#27;[35m[HTTP]&amp#27;[39m &amp#27;[37m<-- POST /wd/hub/session/c2100e22-d6d2-40fc-b84e-a0779fb7b915/element &amp#27;[39m&amp#27;[32m200&amp#27;[39m &amp#27;[90m39 ms - 137&amp#27;[39m
&amp#27;[35m[HTTP]&amp#27;[39m &amp#27;[90m&amp#27;[39m
&amp#27;[35m[HTTP]&amp#27;[39m &amp#27;[37m-->&amp#27;[39m &amp#27;[37mPOST&amp#27;[39m &amp#27;[37m/wd/hub/session/c2100e22-d6d2-40fc-b84e-a0779fb7b915/element/e4083f8f-d855-4887-8006-8f32309f0cd6/click&amp#27;[39m
&amp#27;[35m[HTTP]&amp#27;[39m &amp#27;[90m{"id":"e4083f8f-d855-4887-8006-8f32309f0cd6"}&amp#27;[39m
[debug] &amp#27;[35m[W3C (c2100e22)]&amp#27;[39m Calling AppiumDriver.click() with args: ["e4083f8f-d855-4887-8006-8f32309f0cd6","c2100e22-d6d2-40fc-b84e-a0779fb7b915"]
[debug] &amp#27;[35m[WD Proxy]&amp#27;[39m Matched '/element/e4083f8f-d855-4887-8006-8f32309f0cd6/click' to command name 'click'
[debug] &amp#27;[35m[WD Proxy]&amp#27;[39m Proxying [POST /element/e4083f8f-d855-4887-8006-8f32309f0cd6/click] to [POST http://127.0.0.1:8200/wd/hub/session/f789331e-141a-4136-ac16-2f2228185ffc/element/e4083f8f-d855-4887-8006-8f32309f0cd6/click] with body: {"element":"e4083f8f-d855-4887-8006-8f32309f0cd6"}
[debug] &amp#27;[35m[WD Proxy]&amp#27;[39m Got response with status 200: {"sessionId":"f789331e-141a-4136-ac16-2f2228185ffc","value":null}
[debug] &amp#27;[35m[W3C (c2100e22)]&amp#27;[39m Responding to client with driver.click() result: null
&amp#27;[35m[HTTP]&amp#27;[39m &amp#27;[37m<-- POST /wd/hub/session/c2100e22-d6d2-40fc-b84e-a0779fb7b915/element/e4083f8f-d855-4887-8006-8f32309f0cd6/click &amp#27;[39m&amp#27;[32m200&amp#27;[39m &amp#27;[90m24 ms - 14&amp#27;[39m
&amp#27;[35m[HTTP]&amp#27;[39m &amp#27;[90m&amp#27;[39m
&amp#27;[35m[HTTP]&amp#27;[39m &amp#27;[37m-->&amp#27;[39m &amp#27;[37mGET&amp#27;[39m &amp#27;[37m/wd/hub/session/c2100e22-d6d2-40fc-b84e-a0779fb7b915&amp#27;[39m
&amp#27;[35m[HTTP]&amp#27;[39m &amp#27;[90m{}&amp#27;[39m
[debug] &amp#27;[35m[W3C (c2100e22)]&amp#27;[39m Calling AppiumDriver.getSession() with args: ["c2100e22-d6d2-40fc-b84e-a0779fb7b915"]
[debug] &amp#27;[35m[UiAutomator2]&amp#27;[39m Getting session details from server to mix in
[debug] &amp#27;[35m[WD Proxy]&amp#27;[39m Matched '/' to command name 'getSession'
[debug] &amp#27;[35m[WD Proxy]&amp#27;[39m Proxying [GET /] to [GET http://127.0.0.1:8200/wd/hub/session/f789331e-141a-4136-ac16-2f2228185ffc] with no body
[debug] &amp#27;[35m[WD Proxy]&amp#27;[39m Got response with status 200: {"sessionId":"f789331e-141a-4136-ac16-2f2228185ffc","value":{"lastScrollData":null}}
[debug] &amp#27;[35m[W3C (c2100e22)]&amp#27;[39m Responding to client with driver.getSession() result: {"platform":"LINUX","webStorageEnabled":false,"takesScreenshot":true,"javascriptEnabled":true,"databaseEnabled":false,"networkConnectionEnabled":true,"locationContextEnabled":false,"warnings":{},"desired":{"platformName":"android","skipDeviceInitialization":true,"skipServerInstallation":false,"app":"./Resources/in.workindia.apk","appActivity":".RegisterActivity","appPackage":"in.workindia.nileshdungarwal.workindiaandroid","platformVersion":"8.1"},"platformName":"android","skipDeviceInitialization":true,"skipServerInstallation":false,"app":"./Resources/in.workindia.apk","appActivity":".RegisterActivity","appPackage":"in.workindia.nileshdungarwal.workindiaandroid","platformVersion":"8.1.0","deviceName":"emulator-5554","deviceUDID":"emulator-5554","deviceApiLevel":27,"deviceScreenSize":"1080x2160","deviceScreenDensity":440,"deviceModel":"Android SDK built for x86","deviceManufacturer":"Google","pixelRatio":2.75,"statBarHeight":66,"viewportRect":{"left":0,"top":66,"width":1080,"height":1962},"lastScrollData":n...
&amp#27;[35m[HTTP]&amp#27;[39m &amp#27;[37m<-- GET /wd/hub/session/c2100e22-d6d2-40fc-b84e-a0779fb7b915 &amp#27;[39m&amp#27;[32m200&amp#27;[39m &amp#27;[90m12 ms - 1035&amp#27;[39m
&amp#27;[35m[HTTP]&amp#27;[39m &amp#27;[90m&amp#27;[39m
&amp#27;[35m[HTTP]&amp#27;[39m &amp#27;[37m-->&amp#27;[39m &amp#27;[37mGET&amp#27;[39m &amp#27;[37m/wd/hub/session/c2100e22-d6d2-40fc-b84e-a0779fb7b915&amp#27;[39m
&amp#27;[35m[HTTP]&amp#27;[39m &amp#27;[90m{}&amp#27;[39m
[debug] &amp#27;[35m[W3C (c2100e22)]&amp#27;[39m Calling AppiumDriver.getSession() with args: ["c2100e22-d6d2-40fc-b84e-a0779fb7b915"]
[debug] &amp#27;[35m[UiAutomator2]&amp#27;[39m Getting session details from server to mix in
[debug] &amp#27;[35m[WD Proxy]&amp#27;[39m Matched '/' to command name 'getSession'
[debug] &amp#27;[35m[WD Proxy]&amp#27;[39m Proxying [GET /] to [GET http://127.0.0.1:8200/wd/hub/session/f789331e-141a-4136-ac16-2f2228185ffc] with no body
[debug] &amp#27;[35m[WD Proxy]&amp#27;[39m Got response with status 200: {"sessionId":"f789331e-141a-4136-ac16-2f2228185ffc","value":{"lastScrollData":null}}
[debug] &amp#27;[35m[W3C (c2100e22)]&amp#27;[39m Responding to client with driver.getSession() result: {"platform":"LINUX","webStorageEnabled":false,"takesScreenshot":true,"javascriptEnabled":true,"databaseEnabled":false,"networkConnectionEnabled":true,"locationContextEnabled":false,"warnings":{},"desired":{"platformName":"android","skipDeviceInitialization":true,"skipServerInstallation":false,"app":"./Resources/in.workindia.apk","appActivity":".RegisterActivity","appPackage":"in.workindia.nileshdungarwal.workindiaandroid","platformVersion":"8.1"},"platformName":"android","skipDeviceInitialization":true,"skipServerInstallation":false,"app":"./Resources/in.workindia.apk","appActivity":".RegisterActivity","appPackage":"in.workindia.nileshdungarwal.workindiaandroid","platformVersion":"8.1.0","deviceName":"emulator-5554","deviceUDID":"emulator-5554","deviceApiLevel":27,"deviceScreenSize":"1080x2160","deviceScreenDensity":440,"deviceModel":"Android SDK built for x86","deviceManufacturer":"Google","pixelRatio":2.75,"statBarHeight":66,"viewportRect":{"left":0,"top":66,"width":1080,"height":1962},"lastScrollData":n...
&amp#27;[35m[HTTP]&amp#27;[39m &amp#27;[37m<-- GET /wd/hub/session/c2100e22-d6d2-40fc-b84e-a0779fb7b915 &amp#27;[39m&amp#27;[32m200&amp#27;[39m &amp#27;[90m12 ms - 1035&amp#27;[39m
&amp#27;[35m[HTTP]&amp#27;[39m &amp#27;[90m&amp#27;[39m
&amp#27;[35m[HTTP]&amp#27;[39m &amp#27;[37m-->&amp#27;[39m &amp#27;[37mGET&amp#27;[39m &amp#27;[37m/wd/hub/session/c2100e22-d6d2-40fc-b84e-a0779fb7b915/window/rect&amp#27;[39m
&amp#27;[35m[HTTP]&amp#27;[39m &amp#27;[90m{}&amp#27;[39m
[debug] &amp#27;[35m[W3C (c2100e22)]&amp#27;[39m Calling AppiumDriver.getWindowRect() with args: ["c2100e22-d6d2-40fc-b84e-a0779fb7b915"]
[debug] &amp#27;[35m[WD Proxy]&amp#27;[39m Matched '/window/current/size' to command name 'getWindowSize'
[debug] &amp#27;[35m[WD Proxy]&amp#27;[39m Proxying [GET /window/current/size] to [GET http://127.0.0.1:8200/wd/hub/session/f789331e-141a-4136-ac16-2f2228185ffc/window/current/size] with no body
[debug] &amp#27;[35m[WD Proxy]&amp#27;[39m Got response with status 200: {"sessionId":"f789331e-141a-4136-ac16-2f2228185ffc","value":{"height":2028,"width":1080}}
[debug] &amp#27;[35m[W3C (c2100e22)]&amp#27;[39m Responding to client with driver.getWindowRect() result: {"width":1080,"height":2028,"x":0,"y":0}
&amp#27;[35m[HTTP]&amp#27;[39m &amp#27;[37m<-- GET /wd/hub/session/c2100e22-d6d2-40fc-b84e-a0779fb7b915/window/rect &amp#27;[39m&amp#27;[32m200&amp#27;[39m &amp#27;[90m27 ms - 50&amp#27;[39m
&amp#27;[35m[HTTP]&amp#27;[39m &amp#27;[90m&amp#27;[39m
&amp#27;[35m[HTTP]&amp#27;[39m &amp#27;[37m-->&amp#27;[39m &amp#27;[37mPOST&amp#27;[39m &amp#27;[37m/wd/hub/session/c2100e22-d6d2-40fc-b84e-a0779fb7b915/touch/perform&amp#27;[39m
&amp#27;[35m[HTTP]&amp#27;[39m &amp#27;[90m{"actions":[{"action":"press","options":{"x":540,"y":1419}},{"action":"wait","options":{"ms":1000}},{"action":"moveTo","options":{"x":540,"y":202}},{"action":"release","options":{}}]}&amp#27;[39m
[debug] &amp#27;[35m[W3C (c2100e22)]&amp#27;[39m Calling AppiumDriver.performTouch() with args: [[{"action":"press","options":{"x":540,"y":1419}},{"action":"wait","options":{"ms":1000}},{"action":"moveTo","options":{"x":540,"y":202}},{"action":"release","options":{}}],"c2100e22-d6d2-40fc-b84e-a0779fb7b915"]
[debug] &amp#27;[35m[WD Proxy]&amp#27;[39m Matched '/touch/perform' to command name 'performTouch'
[debug] &amp#27;[35m[WD Proxy]&amp#27;[39m Proxying [POST /touch/perform] to [POST http://127.0.0.1:8200/wd/hub/session/f789331e-141a-4136-ac16-2f2228185ffc/touch/perform] with body: {"startX":540,"startY":1419,"endX":540,"endY":202,"steps":28}
[debug] &amp#27;[35m[WD Proxy]&amp#27;[39m Got response with status 200: {"sessionId":"f789331e-141a-4136-ac16-2f2228185ffc","value":null}
[debug] &amp#27;[35m[W3C (c2100e22)]&amp#27;[39m Responding to client with driver.performTouch() result: null
&amp#27;[35m[HTTP]&amp#27;[39m &amp#27;[37m<-- POST /wd/hub/session/c2100e22-d6d2-40fc-b84e-a0779fb7b915/touch/perform &amp#27;[39m&amp#27;[32m200&amp#27;[39m &amp#27;[90m1512 ms - 14&amp#27;[39m
&amp#27;[35m[HTTP]&amp#27;[39m &amp#27;[90m&amp#27;[39m
&amp#27;[35m[HTTP]&amp#27;[39m &amp#27;[37m-->&amp#27;[39m &amp#27;[37mPOST&amp#27;[39m &amp#27;[37m/wd/hub/session/c2100e22-d6d2-40fc-b84e-a0779fb7b915/timeouts&amp#27;[39m
&amp#27;[35m[HTTP]&amp#27;[39m &amp#27;[90m{"implicit":50000}&amp#27;[39m
[debug] &amp#27;[35m[W3C (c2100e22)]&amp#27;[39m Calling AppiumDriver.timeouts() with args: [null,null,null,null,50000,"c2100e22-d6d2-40fc-b84e-a0779fb7b915"]
[debug] &amp#27;[35m[BaseDriver]&amp#27;[39m W3C timeout argument: {"implicit":50000}}
[debug] &amp#27;[35m[BaseDriver]&amp#27;[39m Set implicit wait to 50000ms
[debug] &amp#27;[35m[W3C (c2100e22)]&amp#27;[39m Responding to client with driver.timeouts() result: null
&amp#27;[35m[HTTP]&amp#27;[39m &amp#27;[37m<-- POST /wd/hub/session/c2100e22-d6d2-40fc-b84e-a0779fb7b915/timeouts &amp#27;[39m&amp#27;[32m200&amp#27;[39m &amp#27;[90m12 ms - 14&amp#27;[39m
&amp#27;[35m[HTTP]&amp#27;[39m &amp#27;[90m&amp#27;[39m
&amp#27;[35m[HTTP]&amp#27;[39m &amp#27;[37m-->&amp#27;[39m &amp#27;[37mGET&amp#27;[39m &amp#27;[37m/wd/hub/session/c2100e22-d6d2-40fc-b84e-a0779fb7b915&amp#27;[39m
&amp#27;[35m[HTTP]&amp#27;[39m &amp#27;[90m{}&amp#27;[39m
[debug] &amp#27;[35m[W3C (c2100e22)]&amp#27;[39m Calling AppiumDriver.getSession() with args: ["c2100e22-d6d2-40fc-b84e-a0779fb7b915"]
[debug] &amp#27;[35m[UiAutomator2]&amp#27;[39m Getting session details from server to mix in
[debug] &amp#27;[35m[WD Proxy]&amp#27;[39m Matched '/' to command name 'getSession'
[debug] &amp#27;[35m[WD Proxy]&amp#27;[39m Proxying [GET /] to [GET http://127.0.0.1:8200/wd/hub/session/f789331e-141a-4136-ac16-2f2228185ffc] with no body
[debug] &amp#27;[35m[WD Proxy]&amp#27;[39m Got response with status 200: {"sessionId":"f789331e-141a-4136-ac16-2f2228185ffc","value":{"lastScrollData":{"toIndex":-1,"maxScrollY":2299,"maxScrollX":0,"scrollY":1601,"scrollX":0,"fromIndex":-1,"itemCount":-1}}}
[debug] &amp#27;[35m[W3C (c2100e22)]&amp#27;[39m Responding to client with driver.getSession() result: {"platform":"LINUX","webStorageEnabled":false,"takesScreenshot":true,"javascriptEnabled":true,"databaseEnabled":false,"networkConnectionEnabled":true,"locationContextEnabled":false,"warnings":{},"desired":{"platformName":"android","skipDeviceInitialization":true,"skipServerInstallation":false,"app":"./Resources/in.workindia.apk","appActivity":".RegisterActivity","appPackage":"in.workindia.nileshdungarwal.workindiaandroid","platformVersion":"8.1"},"platformName":"android","skipDeviceInitialization":true,"skipServerInstallation":false,"app":"./Resources/in.workindia.apk","appActivity":".RegisterActivity","appPackage":"in.workindia.nileshdungarwal.workindiaandroid","platformVersion":"8.1.0","deviceName":"emulator-5554","deviceUDID":"emulator-5554","deviceApiLevel":27,"deviceScreenSize":"1080x2160","deviceScreenDensity":440,"deviceModel":"Android SDK built for x86","deviceManufacturer":"Google","pixelRatio":2.75,"statBarHeight":66,"viewportRect":{"left":0,"top":66,"width":1080,"height":1962},"lastScrollData":{...
&amp#27;[35m[HTTP]&amp#27;[39m &amp#27;[37m<-- GET /wd/hub/session/c2100e22-d6d2-40fc-b84e-a0779fb7b915 &amp#27;[39m&amp#27;[32m200&amp#27;[39m &amp#27;[90m22 ms - 1135&amp#27;[39m
&amp#27;[35m[HTTP]&amp#27;[39m &amp#27;[90m&amp#27;[39m
&amp#27;[35m[HTTP]&amp#27;[39m &amp#27;[37m-->&amp#27;[39m &amp#27;[37mGET&amp#27;[39m &amp#27;[37m/wd/hub/session/c2100e22-d6d2-40fc-b84e-a0779fb7b915&amp#27;[39m
&amp#27;[35m[HTTP]&amp#27;[39m &amp#27;[90m{}&amp#27;[39m
[debug] &amp#27;[35m[W3C (c2100e22)]&amp#27;[39m Calling AppiumDriver.getSession() with args: ["c2100e22-d6d2-40fc-b84e-a0779fb7b915"]
[debug] &amp#27;[35m[UiAutomator2]&amp#27;[39m Getting session details from server to mix in
[debug] &amp#27;[35m[WD Proxy]&amp#27;[39m Matched '/' to command name 'getSession'
[debug] &amp#27;[35m[WD Proxy]&amp#27;[39m Proxying [GET /] to [GET http://127.0.0.1:8200/wd/hub/session/f789331e-141a-4136-ac16-2f2228185ffc] with no body
[debug] &amp#27;[35m[WD Proxy]&amp#27;[39m Got response with status 200: {"sessionId":"f789331e-141a-4136-ac16-2f2228185ffc","value":{"lastScrollData":{"toIndex":-1,"maxScrollY":2299,"maxScrollX":0,"scrollY":1601,"scrollX":0,"fromIndex":-1,"itemCount":-1}}}
[debug] &amp#27;[35m[W3C (c2100e22)]&amp#27;[39m Responding to client with driver.getSession() result: {"platform":"LINUX","webStorageEnabled":false,"takesScreenshot":true,"javascriptEnabled":true,"databaseEnabled":false,"networkConnectionEnabled":true,"locationContextEnabled":false,"warnings":{},"desired":{"platformName":"android","skipDeviceInitialization":true,"skipServerInstallation":false,"app":"./Resources/in.workindia.apk","appActivity":".RegisterActivity","appPackage":"in.workindia.nileshdungarwal.workindiaandroid","platformVersion":"8.1"},"platformName":"android","skipDeviceInitialization":true,"skipServerInstallation":false,"app":"./Resources/in.workindia.apk","appActivity":".RegisterActivity","appPackage":"in.workindia.nileshdungarwal.workindiaandroid","platformVersion":"8.1.0","deviceName":"emulator-5554","deviceUDID":"emulator-5554","deviceApiLevel":27,"deviceScreenSize":"1080x2160","deviceScreenDensity":440,"deviceModel":"Android SDK built for x86","deviceManufacturer":"Google","pixelRatio":2.75,"statBarHeight":66,"viewportRect":{"left":0,"top":66,"width":1080,"height":1962},"lastScrollData":{...
&amp#27;[35m[HTTP]&amp#27;[39m &amp#27;[37m<-- GET /wd/hub/session/c2100e22-d6d2-40fc-b84e-a0779fb7b915 &amp#27;[39m&amp#27;[32m200&amp#27;[39m &amp#27;[90m18 ms - 1135&amp#27;[39m
&amp#27;[35m[HTTP]&amp#27;[39m &amp#27;[90m&amp#27;[39m
&amp#27;[35m[HTTP]&amp#27;[39m &amp#27;[37m-->&amp#27;[39m &amp#27;[37mGET&amp#27;[39m &amp#27;[37m/wd/hub/session/c2100e22-d6d2-40fc-b84e-a0779fb7b915&amp#27;[39m
&amp#27;[35m[HTTP]&amp#27;[39m &amp#27;[90m{}&amp#27;[39m
[debug] &amp#27;[35m[W3C (c2100e22)]&amp#27;[39m Calling AppiumDriver.getSession() with args: ["c2100e22-d6d2-40fc-b84e-a0779fb7b915"]
[debug] &amp#27;[35m[UiAutomator2]&amp#27;[39m Getting session details from server to mix in
[debug] &amp#27;[35m[WD Proxy]&amp#27;[39m Matched '/' to command name 'getSession'
[debug] &amp#27;[35m[WD Proxy]&amp#27;[39m Proxying [GET /] to [GET http://127.0.0.1:8200/wd/hub/session/f789331e-141a-4136-ac16-2f2228185ffc] with no body
[debug] &amp#27;[35m[WD Proxy]&amp#27;[39m Got response with status 200: {"sessionId":"f789331e-141a-4136-ac16-2f2228185ffc","value":{"lastScrollData":{"toIndex":-1,"maxScrollY":2299,"maxScrollX":0,"scrollY":1601,"scrollX":0,"fromIndex":-1,"itemCount":-1}}}
[debug] &amp#27;[35m[W3C (c2100e22)]&amp#27;[39m Responding to client with driver.getSession() result: {"platform":"LINUX","webStorageEnabled":false,"takesScreenshot":true,"javascriptEnabled":true,"databaseEnabled":false,"networkConnectionEnabled":true,"locationContextEnabled":false,"warnings":{},"desired":{"platformName":"android","skipDeviceInitialization":true,"skipServerInstallation":false,"app":"./Resources/in.workindia.apk","appActivity":".RegisterActivity","appPackage":"in.workindia.nileshdungarwal.workindiaandroid","platformVersion":"8.1"},"platformName":"android","skipDeviceInitialization":true,"skipServerInstallation":false,"app":"./Resources/in.workindia.apk","appActivity":".RegisterActivity","appPackage":"in.workindia.nileshdungarwal.workindiaandroid","platformVersion":"8.1.0","deviceName":"emulator-5554","deviceUDID":"emulator-5554","deviceApiLevel":27,"deviceScreenSize":"1080x2160","deviceScreenDensity":440,"deviceModel":"Android SDK built for x86","deviceManufacturer":"Google","pixelRatio":2.75,"statBarHeight":66,"viewportRect":{"left":0,"top":66,"width":1080,"height":1962},"lastScrollData":{...
&amp#27;[35m[HTTP]&amp#27;[39m &amp#27;[37m<-- GET /wd/hub/session/c2100e22-d6d2-40fc-b84e-a0779fb7b915 &amp#27;[39m&amp#27;[32m200&amp#27;[39m &amp#27;[90m21 ms - 1135&amp#27;[39m
&amp#27;[35m[HTTP]&amp#27;[39m &amp#27;[90m&amp#27;[39m
&amp#27;[35m[HTTP]&amp#27;[39m &amp#27;[37m-->&amp#27;[39m &amp#27;[37mPOST&amp#27;[39m &amp#27;[37m/wd/hub/session/c2100e22-d6d2-40fc-b84e-a0779fb7b915/element&amp#27;[39m
&amp#27;[35m[HTTP]&amp#27;[39m &amp#27;[90m{"using":"id","value":"in.workindia.nileshdungarwal.workindiaandroid:id/cb_fresher"}&amp#27;[39m
[debug] &amp#27;[35m[W3C (c2100e22)]&amp#27;[39m Calling AppiumDriver.findElement() with args: ["id","in.workindia.nileshdungarwal.workindiaandroid:id/cb_fresher","c2100e22-d6d2-40fc-b84e-a0779fb7b915"]
[debug] &amp#27;[35m[BaseDriver]&amp#27;[39m Valid locator strategies for this request: xpath, id, class name, accessibility id, css selector, -android uiautomator
[debug] &amp#27;[35m[BaseDriver]&amp#27;[39m Waiting up to 50000 ms for condition
[debug] &amp#27;[35m[WD Proxy]&amp#27;[39m Matched '/element' to command name 'findElement'
[debug] &amp#27;[35m[WD Proxy]&amp#27;[39m Proxying [POST /element] to [POST http://127.0.0.1:8200/wd/hub/session/f789331e-141a-4136-ac16-2f2228185ffc/element] with body: {"strategy":"id","selector":"in.workindia.nileshdungarwal.workindiaandroid:id/cb_fresher","context":"","multiple":false}
[debug] &amp#27;[35m[WD Proxy]&amp#27;[39m Got response with status 200: {"sessionId":"f789331e-141a-4136-ac16-2f2228185ffc","value":{"ELEMENT":"485def36-07dd-4fc3-8488-896bd2954396","element-6066-11e4-a52e-4f735466cecf":"485def36-07dd-4fc3-8488-896bd2954396"}}
[debug] &amp#27;[35m[W3C (c2100e22)]&amp#27;[39m Responding to client with driver.findElement() result: {"element-6066-11e4-a52e-4f735466cecf":"485def36-07dd-4fc3-8488-896bd2954396","ELEMENT":"485def36-07dd-4fc3-8488-896bd2954396"}
&amp#27;[35m[HTTP]&amp#27;[39m &amp#27;[37m<-- POST /wd/hub/session/c2100e22-d6d2-40fc-b84e-a0779fb7b915/element &amp#27;[39m&amp#27;[32m200&amp#27;[39m &amp#27;[90m201 ms - 137&amp#27;[39m
&amp#27;[35m[HTTP]&amp#27;[39m &amp#27;[90m&amp#27;[39m
&amp#27;[35m[HTTP]&amp#27;[39m &amp#27;[37m-->&amp#27;[39m &amp#27;[37mPOST&amp#27;[39m &amp#27;[37m/wd/hub/session/c2100e22-d6d2-40fc-b84e-a0779fb7b915/element/485def36-07dd-4fc3-8488-896bd2954396/click&amp#27;[39m
&amp#27;[35m[HTTP]&amp#27;[39m &amp#27;[90m{"id":"485def36-07dd-4fc3-8488-896bd2954396"}&amp#27;[39m
[debug] &amp#27;[35m[W3C (c2100e22)]&amp#27;[39m Calling AppiumDriver.click() with args: ["485def36-07dd-4fc3-8488-896bd2954396","c2100e22-d6d2-40fc-b84e-a0779fb7b915"]
[debug] &amp#27;[35m[WD Proxy]&amp#27;[39m Matched '/element/485def36-07dd-4fc3-8488-896bd2954396/click' to command name 'click'
[debug] &amp#27;[35m[WD Proxy]&amp#27;[39m Proxying [POST /element/485def36-07dd-4fc3-8488-896bd2954396/click] to [POST http://127.0.0.1:8200/wd/hub/session/f789331e-141a-4136-ac16-2f2228185ffc/element/485def36-07dd-4fc3-8488-896bd2954396/click] with body: {"element":"485def36-07dd-4fc3-8488-896bd2954396"}
[debug] &amp#27;[35m[WD Proxy]&amp#27;[39m Got response with status 200: {"sessionId":"f789331e-141a-4136-ac16-2f2228185ffc","value":null}
[debug] &amp#27;[35m[W3C (c2100e22)]&amp#27;[39m Responding to client with driver.click() result: null
&amp#27;[35m[HTTP]&amp#27;[39m &amp#27;[37m<-- POST /wd/hub/session/c2100e22-d6d2-40fc-b84e-a0779fb7b915/element/485def36-07dd-4fc3-8488-896bd2954396/click &amp#27;[39m&amp#27;[32m200&amp#27;[39m &amp#27;[90m127 ms - 14&amp#27;[39m
&amp#27;[35m[HTTP]&amp#27;[39m &amp#27;[90m&amp#27;[39m
&amp#27;[35m[HTTP]&amp#27;[39m &amp#27;[37m-->&amp#27;[39m &amp#27;[37mGET&amp#27;[39m &amp#27;[37m/wd/hub/session/c2100e22-d6d2-40fc-b84e-a0779fb7b915&amp#27;[39m
&amp#27;[35m[HTTP]&amp#27;[39m &amp#27;[90m{}&amp#27;[39m
[debug] &amp#27;[35m[W3C (c2100e22)]&amp#27;[39m Calling AppiumDriver.getSession() with args: ["c2100e22-d6d2-40fc-b84e-a0779fb7b915"]
[debug] &amp#27;[35m[UiAutomator2]&amp#27;[39m Getting session details from server to mix in
[debug] &amp#27;[35m[WD Proxy]&amp#27;[39m Matched '/' to command name 'getSession'
[debug] &amp#27;[35m[WD Proxy]&amp#27;[39m Proxying [GET /] to [GET http://127.0.0.1:8200/wd/hub/session/f789331e-141a-4136-ac16-2f2228185ffc] with no body
[debug] &amp#27;[35m[WD Proxy]&amp#27;[39m Got response with status 200: {"sessionId":"f789331e-141a-4136-ac16-2f2228185ffc","value":{"lastScrollData":{"toIndex":-1,"maxScrollY":2299,"maxScrollX":0,"scrollY":1601,"scrollX":0,"fromIndex":-1,"itemCount":-1}}}
[debug] &amp#27;[35m[W3C (c2100e22)]&amp#27;[39m Responding to client with driver.getSession() result: {"platform":"LINUX","webStorageEnabled":false,"takesScreenshot":true,"javascriptEnabled":true,"databaseEnabled":false,"networkConnectionEnabled":true,"locationContextEnabled":false,"warnings":{},"desired":{"platformName":"android","skipDeviceInitialization":true,"skipServerInstallation":false,"app":"./Resources/in.workindia.apk","appActivity":".RegisterActivity","appPackage":"in.workindia.nileshdungarwal.workindiaandroid","platformVersion":"8.1"},"platformName":"android","skipDeviceInitialization":true,"skipServerInstallation":false,"app":"./Resources/in.workindia.apk","appActivity":".RegisterActivity","appPackage":"in.workindia.nileshdungarwal.workindiaandroid","platformVersion":"8.1.0","deviceName":"emulator-5554","deviceUDID":"emulator-5554","deviceApiLevel":27,"deviceScreenSize":"1080x2160","deviceScreenDensity":440,"deviceModel":"Android SDK built for x86","deviceManufacturer":"Google","pixelRatio":2.75,"statBarHeight":66,"viewportRect":{"left":0,"top":66,"width":1080,"height":1962},"lastScrollData":{...
&amp#27;[35m[HTTP]&amp#27;[39m &amp#27;[37m<-- GET /wd/hub/session/c2100e22-d6d2-40fc-b84e-a0779fb7b915 &amp#27;[39m&amp#27;[32m200&amp#27;[39m &amp#27;[90m23 ms - 1135&amp#27;[39m
&amp#27;[35m[HTTP]&amp#27;[39m &amp#27;[90m&amp#27;[39m
&amp#27;[35m[HTTP]&amp#27;[39m &amp#27;[37m-->&amp#27;[39m &amp#27;[37mPOST&amp#27;[39m &amp#27;[37m/wd/hub/session/c2100e22-d6d2-40fc-b84e-a0779fb7b915/element&amp#27;[39m
&amp#27;[35m[HTTP]&amp#27;[39m &amp#27;[90m{"using":"id","value":"in.workindia.nileshdungarwal.workindiaandroid:id/et_age"}&amp#27;[39m
[debug] &amp#27;[35m[W3C (c2100e22)]&amp#27;[39m Calling AppiumDriver.findElement() with args: ["id","in.workindia.nileshdungarwal.workindiaandroid:id/et_age","c2100e22-d6d2-40fc-b84e-a0779fb7b915"]
[debug] &amp#27;[35m[BaseDriver]&amp#27;[39m Valid locator strategies for this request: xpath, id, class name, accessibility id, css selector, -android uiautomator
[debug] &amp#27;[35m[BaseDriver]&amp#27;[39m Waiting up to 50000 ms for condition
[debug] &amp#27;[35m[WD Proxy]&amp#27;[39m Matched '/element' to command name 'findElement'
[debug] &amp#27;[35m[WD Proxy]&amp#27;[39m Proxying [POST /element] to [POST http://127.0.0.1:8200/wd/hub/session/f789331e-141a-4136-ac16-2f2228185ffc/element] with body: {"strategy":"id","selector":"in.workindia.nileshdungarwal.workindiaandroid:id/et_age","context":"","multiple":false}
[debug] &amp#27;[35m[WD Proxy]&amp#27;[39m Got response with status 200: {"sessionId":"f789331e-141a-4136-ac16-2f2228185ffc","value":{"ELEMENT":"7d5b4dcd-a52e-4795-8655-f89e794954e4","element-6066-11e4-a52e-4f735466cecf":"7d5b4dcd-a52e-4795-8655-f89e794954e4"}}
[debug] &amp#27;[35m[W3C (c2100e22)]&amp#27;[39m Responding to client with driver.findElement() result: {"element-6066-11e4-a52e-4f735466cecf":"7d5b4dcd-a52e-4795-8655-f89e794954e4","ELEMENT":"7d5b4dcd-a52e-4795-8655-f89e794954e4"}
&amp#27;[35m[HTTP]&amp#27;[39m &amp#27;[37m<-- POST /wd/hub/session/c2100e22-d6d2-40fc-b84e-a0779fb7b915/element &amp#27;[39m&amp#27;[32m200&amp#27;[39m &amp#27;[90m511 ms - 137&amp#27;[39m
&amp#27;[35m[HTTP]&amp#27;[39m &amp#27;[90m&amp#27;[39m
&amp#27;[35m[HTTP]&amp#27;[39m &amp#27;[37m-->&amp#27;[39m &amp#27;[37mPOST&amp#27;[39m &amp#27;[37m/wd/hub/session/c2100e22-d6d2-40fc-b84e-a0779fb7b915/element/7d5b4dcd-a52e-4795-8655-f89e794954e4/click&amp#27;[39m
&amp#27;[35m[HTTP]&amp#27;[39m &amp#27;[90m{"id":"7d5b4dcd-a52e-4795-8655-f89e794954e4"}&amp#27;[39m
[debug] &amp#27;[35m[W3C (c2100e22)]&amp#27;[39m Calling AppiumDriver.click() with args: ["7d5b4dcd-a52e-4795-8655-f89e794954e4","c2100e22-d6d2-40fc-b84e-a0779fb7b915"]
[debug] &amp#27;[35m[WD Proxy]&amp#27;[39m Matched '/element/7d5b4dcd-a52e-4795-8655-f89e794954e4/click' to command name 'click'
[debug] &amp#27;[35m[WD Proxy]&amp#27;[39m Proxying [POST /element/7d5b4dcd-a52e-4795-8655-f89e794954e4/click] to [POST http://127.0.0.1:8200/wd/hub/session/f789331e-141a-4136-ac16-2f2228185ffc/element/7d5b4dcd-a52e-4795-8655-f89e794954e4/click] with body: {"element":"7d5b4dcd-a52e-4795-8655-f89e794954e4"}
[debug] &amp#27;[35m[WD Proxy]&amp#27;[39m Got response with status 200: {"sessionId":"f789331e-141a-4136-ac16-2f2228185ffc","value":null}
[debug] &amp#27;[35m[W3C (c2100e22)]&amp#27;[39m Responding to client with driver.click() result: null
&amp#27;[35m[HTTP]&amp#27;[39m &amp#27;[37m<-- POST /wd/hub/session/c2100e22-d6d2-40fc-b84e-a0779fb7b915/element/7d5b4dcd-a52e-4795-8655-f89e794954e4/click &amp#27;[39m&amp#27;[32m200&amp#27;[39m &amp#27;[90m28 ms - 14&amp#27;[39m
&amp#27;[35m[HTTP]&amp#27;[39m &amp#27;[90m&amp#27;[39m
&amp#27;[35m[HTTP]&amp#27;[39m &amp#27;[37m-->&amp#27;[39m &amp#27;[37mGET&amp#27;[39m &amp#27;[37m/wd/hub/session/c2100e22-d6d2-40fc-b84e-a0779fb7b915&amp#27;[39m
&amp#27;[35m[HTTP]&amp#27;[39m &amp#27;[90m{}&amp#27;[39m
[debug] &amp#27;[35m[W3C (c2100e22)]&amp#27;[39m Calling AppiumDriver.getSession() with args: ["c2100e22-d6d2-40fc-b84e-a0779fb7b915"]
[debug] &amp#27;[35m[UiAutomator2]&amp#27;[39m Getting session details from server to mix in
[debug] &amp#27;[35m[WD Proxy]&amp#27;[39m Matched '/' to command name 'getSession'
[debug] &amp#27;[35m[WD Proxy]&amp#27;[39m Proxying [GET /] to [GET http://127.0.0.1:8200/wd/hub/session/f789331e-141a-4136-ac16-2f2228185ffc] with no body
[debug] &amp#27;[35m[WD Proxy]&amp#27;[39m Got response with status 200: {"sessionId":"f789331e-141a-4136-ac16-2f2228185ffc","value":{"lastScrollData":{"toIndex":-1,"maxScrollY":2299,"maxScrollX":0,"scrollY":1601,"scrollX":0,"fromIndex":-1,"itemCount":-1}}}
[debug] &amp#27;[35m[W3C (c2100e22)]&amp#27;[39m Responding to client with driver.getSession() result: {"platform":"LINUX","webStorageEnabled":false,"takesScreenshot":true,"javascriptEnabled":true,"databaseEnabled":false,"networkConnectionEnabled":true,"locationContextEnabled":false,"warnings":{},"desired":{"platformName":"android","skipDeviceInitialization":true,"skipServerInstallation":false,"app":"./Resources/in.workindia.apk","appActivity":".RegisterActivity","appPackage":"in.workindia.nileshdungarwal.workindiaandroid","platformVersion":"8.1"},"platformName":"android","skipDeviceInitialization":true,"skipServerInstallation":false,"app":"./Resources/in.workindia.apk","appActivity":".RegisterActivity","appPackage":"in.workindia.nileshdungarwal.workindiaandroid","platformVersion":"8.1.0","deviceName":"emulator-5554","deviceUDID":"emulator-5554","deviceApiLevel":27,"deviceScreenSize":"1080x2160","deviceScreenDensity":440,"deviceModel":"Android SDK built for x86","deviceManufacturer":"Google","pixelRatio":2.75,"statBarHeight":66,"viewportRect":{"left":0,"top":66,"width":1080,"height":1962},"lastScrollData":{...
&amp#27;[35m[HTTP]&amp#27;[39m &amp#27;[37m<-- GET /wd/hub/session/c2100e22-d6d2-40fc-b84e-a0779fb7b915 &amp#27;[39m&amp#27;[32m200&amp#27;[39m &amp#27;[90m13 ms - 1135&amp#27;[39m
&amp#27;[35m[HTTP]&amp#27;[39m &amp#27;[90m&amp#27;[39m
&amp#27;[35m[HTTP]&amp#27;[39m &amp#27;[37m-->&amp#27;[39m &amp#27;[37mPOST&amp#27;[39m &amp#27;[37m/wd/hub/session/c2100e22-d6d2-40fc-b84e-a0779fb7b915/element&amp#27;[39m
&amp#27;[35m[HTTP]&amp#27;[39m &amp#27;[90m{"using":"xpath","value":"//android.widget.TextView[9]"}&amp#27;[39m
[debug] &amp#27;[35m[W3C (c2100e22)]&amp#27;[39m Calling AppiumDriver.findElement() with args: ["xpath","//android.widget.TextView[9]","c2100e22-d6d2-40fc-b84e-a0779fb7b915"]
[debug] &amp#27;[35m[BaseDriver]&amp#27;[39m Valid locator strategies for this request: xpath, id, class name, accessibility id, css selector, -android uiautomator
[debug] &amp#27;[35m[BaseDriver]&amp#27;[39m Waiting up to 50000 ms for condition
[debug] &amp#27;[35m[WD Proxy]&amp#27;[39m Matched '/element' to command name 'findElement'
[debug] &amp#27;[35m[WD Proxy]&amp#27;[39m Proxying [POST /element] to [POST http://127.0.0.1:8200/wd/hub/session/f789331e-141a-4136-ac16-2f2228185ffc/element] with body: {"strategy":"xpath","selector":"//android.widget.TextView[9]","context":"","multiple":false}
&amp#27;[35m[WD Proxy]&amp#27;[39m Got response with status 404: {"sessionId":"f789331e-141a-4136-ac16-2f2228185ffc","value":{"error":"no such element","message":"An element could not be located on the page using the given search parameters","stacktrace":"io.appium.uiautomator2.common.exceptions.ElementNotFoundException: An element could not be located on the page using the given search parameters\n\tat io.appium.uiautomator2.handler.FindElement.findElement(FindElement.java:96)\n\tat io.appium.uiautomator2.handler.FindElement.safeHandle(FindElement.java:71)\n\tat io.appium.uiautomator2.handler.request.SafeRequestHandler.handle(SafeRequestHandler.java:41)\n\tat io.appium.uiautomator2.server.AppiumServlet.handleRequest(AppiumServlet.java:261)\n\tat io.appium.uiautomator2.server.AppiumServlet.handleHttpRequest(AppiumServlet.java:255)\n\tat io.appium.uiautomator2.http.ServerHandler.channelRead(ServerHandler.java:68)\n\tat io.netty.channel.AbstractChannelHandlerContext.invokeChannelRead(AbstractChannelHandlerContext.java:366)\n\tat io.netty.channel.AbstractChannelHandlerCont...
[debug] &amp#27;[35m[W3C]&amp#27;[39m Matched W3C error code 'no such element' to NoSuchElementError
[debug] &amp#27;[35m[BaseDriver]&amp#27;[39m Waited for 836 ms so far
[debug] &amp#27;[35m[WD Proxy]&amp#27;[39m Matched '/element' to command name 'findElement'
[debug] &amp#27;[35m[WD Proxy]&amp#27;[39m Proxying [POST /element] to [POST http://127.0.0.1:8200/wd/hub/session/f789331e-141a-4136-ac16-2f2228185ffc/element] with body: {"strategy":"xpath","selector":"//android.widget.TextView[9]","context":"","multiple":false}
[debug] &amp#27;[35m[WD Proxy]&amp#27;[39m Got response with status 200: {"sessionId":"f789331e-141a-4136-ac16-2f2228185ffc","value":{"ELEMENT":"b152648e-f505-4f7f-9511-0dbf94cd4bb8","element-6066-11e4-a52e-4f735466cecf":"b152648e-f505-4f7f-9511-0dbf94cd4bb8"}}
[debug] &amp#27;[35m[W3C (c2100e22)]&amp#27;[39m Responding to client with driver.findElement() result: {"element-6066-11e4-a52e-4f735466cecf":"b152648e-f505-4f7f-9511-0dbf94cd4bb8","ELEMENT":"b152648e-f505-4f7f-9511-0dbf94cd4bb8"}
&amp#27;[35m[HTTP]&amp#27;[39m &amp#27;[37m<-- POST /wd/hub/session/c2100e22-d6d2-40fc-b84e-a0779fb7b915/element &amp#27;[39m&amp#27;[32m200&amp#27;[39m &amp#27;[90m1405 ms - 137&amp#27;[39m
&amp#27;[35m[HTTP]&amp#27;[39m &amp#27;[90m&amp#27;[39m
&amp#27;[35m[HTTP]&amp#27;[39m &amp#27;[37m-->&amp#27;[39m &amp#27;[37mPOST&amp#27;[39m &amp#27;[37m/wd/hub/session/c2100e22-d6d2-40fc-b84e-a0779fb7b915/element/b152648e-f505-4f7f-9511-0dbf94cd4bb8/click&amp#27;[39m
&amp#27;[35m[HTTP]&amp#27;[39m &amp#27;[90m{"id":"b152648e-f505-4f7f-9511-0dbf94cd4bb8"}&amp#27;[39m
[debug] &amp#27;[35m[W3C (c2100e22)]&amp#27;[39m Calling AppiumDriver.click() with args: ["b152648e-f505-4f7f-9511-0dbf94cd4bb8","c2100e22-d6d2-40fc-b84e-a0779fb7b915"]
[debug] &amp#27;[35m[WD Proxy]&amp#27;[39m Matched '/element/b152648e-f505-4f7f-9511-0dbf94cd4bb8/click' to command name 'click'
[debug] &amp#27;[35m[WD Proxy]&amp#27;[39m Proxying [POST /element/b152648e-f505-4f7f-9511-0dbf94cd4bb8/click] to [POST http://127.0.0.1:8200/wd/hub/session/f789331e-141a-4136-ac16-2f2228185ffc/element/b152648e-f505-4f7f-9511-0dbf94cd4bb8/click] with body: {"element":"b152648e-f505-4f7f-9511-0dbf94cd4bb8"}
[debug] &amp#27;[35m[WD Proxy]&amp#27;[39m Got response with status 200: {"sessionId":"f789331e-141a-4136-ac16-2f2228185ffc","value":null}
[debug] &amp#27;[35m[W3C (c2100e22)]&amp#27;[39m Responding to client with driver.click() result: null
&amp#27;[35m[HTTP]&amp#27;[39m &amp#27;[37m<-- POST /wd/hub/session/c2100e22-d6d2-40fc-b84e-a0779fb7b915/element/b152648e-f505-4f7f-9511-0dbf94cd4bb8/click &amp#27;[39m&amp#27;[32m200&amp#27;[39m &amp#27;[90m710 ms - 14&amp#27;[39m
&amp#27;[35m[HTTP]&amp#27;[39m &amp#27;[90m&amp#27;[39m
&amp#27;[35m[HTTP]&amp#27;[39m &amp#27;[37m-->&amp#27;[39m &amp#27;[37mGET&amp#27;[39m &amp#27;[37m/wd/hub/session/c2100e22-d6d2-40fc-b84e-a0779fb7b915&amp#27;[39m
&amp#27;[35m[HTTP]&amp#27;[39m &amp#27;[90m{}&amp#27;[39m
[debug] &amp#27;[35m[W3C (c2100e22)]&amp#27;[39m Calling AppiumDriver.getSession() with args: ["c2100e22-d6d2-40fc-b84e-a0779fb7b915"]
[debug] &amp#27;[35m[UiAutomator2]&amp#27;[39m Getting session details from server to mix in
[debug] &amp#27;[35m[WD Proxy]&amp#27;[39m Matched '/' to command name 'getSession'
[debug] &amp#27;[35m[WD Proxy]&amp#27;[39m Proxying [GET /] to [GET http://127.0.0.1:8200/wd/hub/session/f789331e-141a-4136-ac16-2f2228185ffc] with no body
[debug] &amp#27;[35m[WD Proxy]&amp#27;[39m Got response with status 200: {"sessionId":"f789331e-141a-4136-ac16-2f2228185ffc","value":{"lastScrollData":{"toIndex":-1,"maxScrollY":2299,"maxScrollX":0,"scrollY":1601,"scrollX":0,"fromIndex":-1,"itemCount":-1}}}
[debug] &amp#27;[35m[W3C (c2100e22)]&amp#27;[39m Responding to client with driver.getSession() result: {"platform":"LINUX","webStorageEnabled":false,"takesScreenshot":true,"javascriptEnabled":true,"databaseEnabled":false,"networkConnectionEnabled":true,"locationContextEnabled":false,"warnings":{},"desired":{"platformName":"android","skipDeviceInitialization":true,"skipServerInstallation":false,"app":"./Resources/in.workindia.apk","appActivity":".RegisterActivity","appPackage":"in.workindia.nileshdungarwal.workindiaandroid","platformVersion":"8.1"},"platformName":"android","skipDeviceInitialization":true,"skipServerInstallation":false,"app":"./Resources/in.workindia.apk","appActivity":".RegisterActivity","appPackage":"in.workindia.nileshdungarwal.workindiaandroid","platformVersion":"8.1.0","deviceName":"emulator-5554","deviceUDID":"emulator-5554","deviceApiLevel":27,"deviceScreenSize":"1080x2160","deviceScreenDensity":440,"deviceModel":"Android SDK built for x86","deviceManufacturer":"Google","pixelRatio":2.75,"statBarHeight":66,"viewportRect":{"left":0,"top":66,"width":1080,"height":1962},"lastScrollData":{...
&amp#27;[35m[HTTP]&amp#27;[39m &amp#27;[37m<-- GET /wd/hub/session/c2100e22-d6d2-40fc-b84e-a0779fb7b915 &amp#27;[39m&amp#27;[32m200&amp#27;[39m &amp#27;[90m11 ms - 1135&amp#27;[39m
&amp#27;[35m[HTTP]&amp#27;[39m &amp#27;[90m&amp#27;[39m
&amp#27;[35m[HTTP]&amp#27;[39m &amp#27;[37m-->&amp#27;[39m &amp#27;[37mPOST&amp#27;[39m &amp#27;[37m/wd/hub/session/c2100e22-d6d2-40fc-b84e-a0779fb7b915/element&amp#27;[39m
&amp#27;[35m[HTTP]&amp#27;[39m &amp#27;[90m{"using":"xpath","value":"//android.widget.FrameLayout[1]/android.widget.CheckBox"}&amp#27;[39m
[debug] &amp#27;[35m[W3C (c2100e22)]&amp#27;[39m Calling AppiumDriver.findElement() with args: ["xpath","//android.widget.FrameLayout[1]/android.widget.CheckBox","c2100e22-d6d2-40fc-b84e-a0779fb7b915"]
[debug] &amp#27;[35m[BaseDriver]&amp#27;[39m Valid locator strategies for this request: xpath, id, class name, accessibility id, css selector, -android uiautomator
[debug] &amp#27;[35m[BaseDriver]&amp#27;[39m Waiting up to 50000 ms for condition
[debug] &amp#27;[35m[WD Proxy]&amp#27;[39m Matched '/element' to command name 'findElement'
[debug] &amp#27;[35m[WD Proxy]&amp#27;[39m Proxying [POST /element] to [POST http://127.0.0.1:8200/wd/hub/session/f789331e-141a-4136-ac16-2f2228185ffc/element] with body: {"strategy":"xpath","selector":"//android.widget.FrameLayout[1]/android.widget.CheckBox","context":"","multiple":false}
[debug] &amp#27;[35m[WD Proxy]&amp#27;[39m Got response with status 200: {"sessionId":"f789331e-141a-4136-ac16-2f2228185ffc","value":{"ELEMENT":"952cd869-84ee-477b-804e-0daed2914f30","element-6066-11e4-a52e-4f735466cecf":"952cd869-84ee-477b-804e-0daed2914f30"}}
[debug] &amp#27;[35m[W3C (c2100e22)]&amp#27;[39m Responding to client with driver.findElement() result: {"element-6066-11e4-a52e-4f735466cecf":"952cd869-84ee-477b-804e-0daed2914f30","ELEMENT":"952cd869-84ee-477b-804e-0daed2914f30"}
&amp#27;[35m[HTTP]&amp#27;[39m &amp#27;[37m<-- POST /wd/hub/session/c2100e22-d6d2-40fc-b84e-a0779fb7b915/element &amp#27;[39m&amp#27;[32m200&amp#27;[39m &amp#27;[90m88 ms - 137&amp#27;[39m
&amp#27;[35m[HTTP]&amp#27;[39m &amp#27;[90m&amp#27;[39m
&amp#27;[35m[HTTP]&amp#27;[39m &amp#27;[37m-->&amp#27;[39m &amp#27;[37mPOST&amp#27;[39m &amp#27;[37m/wd/hub/session/c2100e22-d6d2-40fc-b84e-a0779fb7b915/element/952cd869-84ee-477b-804e-0daed2914f30/click&amp#27;[39m
&amp#27;[35m[HTTP]&amp#27;[39m &amp#27;[90m{"id":"952cd869-84ee-477b-804e-0daed2914f30"}&amp#27;[39m
[debug] &amp#27;[35m[W3C (c2100e22)]&amp#27;[39m Calling AppiumDriver.click() with args: ["952cd869-84ee-477b-804e-0daed2914f30","c2100e22-d6d2-40fc-b84e-a0779fb7b915"]
[debug] &amp#27;[35m[WD Proxy]&amp#27;[39m Matched '/element/952cd869-84ee-477b-804e-0daed2914f30/click' to command name 'click'
[debug] &amp#27;[35m[WD Proxy]&amp#27;[39m Proxying [POST /element/952cd869-84ee-477b-804e-0daed2914f30/click] to [POST http://127.0.0.1:8200/wd/hub/session/f789331e-141a-4136-ac16-2f2228185ffc/element/952cd869-84ee-477b-804e-0daed2914f30/click] with body: {"element":"952cd869-84ee-477b-804e-0daed2914f30"}
[debug] &amp#27;[35m[WD Proxy]&amp#27;[39m Got response with status 200: {"sessionId":"f789331e-141a-4136-ac16-2f2228185ffc","value":null}
[debug] &amp#27;[35m[W3C (c2100e22)]&amp#27;[39m Responding to client with driver.click() result: null
&amp#27;[35m[HTTP]&amp#27;[39m &amp#27;[37m<-- POST /wd/hub/session/c2100e22-d6d2-40fc-b84e-a0779fb7b915/element/952cd869-84ee-477b-804e-0daed2914f30/click &amp#27;[39m&amp#27;[32m200&amp#27;[39m &amp#27;[90m34 ms - 14&amp#27;[39m
&amp#27;[35m[HTTP]&amp#27;[39m &amp#27;[90m&amp#27;[39m
&amp#27;[35m[HTTP]&amp#27;[39m &amp#27;[37m-->&amp#27;[39m &amp#27;[37mGET&amp#27;[39m &amp#27;[37m/wd/hub/session/c2100e22-d6d2-40fc-b84e-a0779fb7b915&amp#27;[39m
&amp#27;[35m[HTTP]&amp#27;[39m &amp#27;[90m{}&amp#27;[39m
[debug] &amp#27;[35m[W3C (c2100e22)]&amp#27;[39m Calling AppiumDriver.getSession() with args: ["c2100e22-d6d2-40fc-b84e-a0779fb7b915"]
[debug] &amp#27;[35m[UiAutomator2]&amp#27;[39m Getting session details from server to mix in
[debug] &amp#27;[35m[WD Proxy]&amp#27;[39m Matched '/' to command name 'getSession'
[debug] &amp#27;[35m[WD Proxy]&amp#27;[39m Proxying [GET /] to [GET http://127.0.0.1:8200/wd/hub/session/f789331e-141a-4136-ac16-2f2228185ffc] with no body
[debug] &amp#27;[35m[WD Proxy]&amp#27;[39m Got response with status 200: {"sessionId":"f789331e-141a-4136-ac16-2f2228185ffc","value":{"lastScrollData":{"toIndex":-1,"maxScrollY":2299,"maxScrollX":0,"scrollY":1601,"scrollX":0,"fromIndex":-1,"itemCount":-1}}}
[debug] &amp#27;[35m[W3C (c2100e22)]&amp#27;[39m Responding to client with driver.getSession() result: {"platform":"LINUX","webStorageEnabled":false,"takesScreenshot":true,"javascriptEnabled":true,"databaseEnabled":false,"networkConnectionEnabled":true,"locationContextEnabled":false,"warnings":{},"desired":{"platformName":"android","skipDeviceInitialization":true,"skipServerInstallation":false,"app":"./Resources/in.workindia.apk","appActivity":".RegisterActivity","appPackage":"in.workindia.nileshdungarwal.workindiaandroid","platformVersion":"8.1"},"platformName":"android","skipDeviceInitialization":true,"skipServerInstallation":false,"app":"./Resources/in.workindia.apk","appActivity":".RegisterActivity","appPackage":"in.workindia.nileshdungarwal.workindiaandroid","platformVersion":"8.1.0","deviceName":"emulator-5554","deviceUDID":"emulator-5554","deviceApiLevel":27,"deviceScreenSize":"1080x2160","deviceScreenDensity":440,"deviceModel":"Android SDK built for x86","deviceManufacturer":"Google","pixelRatio":2.75,"statBarHeight":66,"viewportRect":{"left":0,"top":66,"width":1080,"height":1962},"lastScrollData":{...
&amp#27;[35m[HTTP]&amp#27;[39m &amp#27;[37m<-- GET /wd/hub/session/c2100e22-d6d2-40fc-b84e-a0779fb7b915 &amp#27;[39m&amp#27;[32m200&amp#27;[39m &amp#27;[90m17 ms - 1135&amp#27;[39m
&amp#27;[35m[HTTP]&amp#27;[39m &amp#27;[90m&amp#27;[39m
&amp#27;[35m[HTTP]&amp#27;[39m &amp#27;[37m-->&amp#27;[39m &amp#27;[37mPOST&amp#27;[39m &amp#27;[37m/wd/hub/session/c2100e22-d6d2-40fc-b84e-a0779fb7b915/element&amp#27;[39m
&amp#27;[35m[HTTP]&amp#27;[39m &amp#27;[90m{"using":"xpath","value":"//android.widget.FrameLayout[2]/android.widget.CheckBox"}&amp#27;[39m
[debug] &amp#27;[35m[W3C (c2100e22)]&amp#27;[39m Calling AppiumDriver.findElement() with args: ["xpath","//android.widget.FrameLayout[2]/android.widget.CheckBox","c2100e22-d6d2-40fc-b84e-a0779fb7b915"]
[debug] &amp#27;[35m[BaseDriver]&amp#27;[39m Valid locator strategies for this request: xpath, id, class name, accessibility id, css selector, -android uiautomator
[debug] &amp#27;[35m[BaseDriver]&amp#27;[39m Waiting up to 50000 ms for condition
[debug] &amp#27;[35m[WD Proxy]&amp#27;[39m Matched '/element' to command name 'findElement'
[debug] &amp#27;[35m[WD Proxy]&amp#27;[39m Proxying [POST /element] to [POST http://127.0.0.1:8200/wd/hub/session/f789331e-141a-4136-ac16-2f2228185ffc/element] with body: {"strategy":"xpath","selector":"//android.widget.FrameLayout[2]/android.widget.CheckBox","context":"","multiple":false}
[debug] &amp#27;[35m[WD Proxy]&amp#27;[39m Got response with status 200: {"sessionId":"f789331e-141a-4136-ac16-2f2228185ffc","value":{"ELEMENT":"ea89948d-ed07-4b0e-828c-aa5b978f5e78","element-6066-11e4-a52e-4f735466cecf":"ea89948d-ed07-4b0e-828c-aa5b978f5e78"}}
[debug] &amp#27;[35m[W3C (c2100e22)]&amp#27;[39m Responding to client with driver.findElement() result: {"element-6066-11e4-a52e-4f735466cecf":"ea89948d-ed07-4b0e-828c-aa5b978f5e78","ELEMENT":"ea89948d-ed07-4b0e-828c-aa5b978f5e78"}
&amp#27;[35m[HTTP]&amp#27;[39m &amp#27;[37m<-- POST /wd/hub/session/c2100e22-d6d2-40fc-b84e-a0779fb7b915/element &amp#27;[39m&amp#27;[32m200&amp#27;[39m &amp#27;[90m547 ms - 137&amp#27;[39m
&amp#27;[35m[HTTP]&amp#27;[39m &amp#27;[90m&amp#27;[39m
&amp#27;[35m[HTTP]&amp#27;[39m &amp#27;[37m-->&amp#27;[39m &amp#27;[37mPOST&amp#27;[39m &amp#27;[37m/wd/hub/session/c2100e22-d6d2-40fc-b84e-a0779fb7b915/element/ea89948d-ed07-4b0e-828c-aa5b978f5e78/click&amp#27;[39m
&amp#27;[35m[HTTP]&amp#27;[39m &amp#27;[90m{"id":"ea89948d-ed07-4b0e-828c-aa5b978f5e78"}&amp#27;[39m
[debug] &amp#27;[35m[W3C (c2100e22)]&amp#27;[39m Calling AppiumDriver.click() with args: ["ea89948d-ed07-4b0e-828c-aa5b978f5e78","c2100e22-d6d2-40fc-b84e-a0779fb7b915"]
[debug] &amp#27;[35m[WD Proxy]&amp#27;[39m Matched '/element/ea89948d-ed07-4b0e-828c-aa5b978f5e78/click' to command name 'click'
[debug] &amp#27;[35m[WD Proxy]&amp#27;[39m Proxying [POST /element/ea89948d-ed07-4b0e-828c-aa5b978f5e78/click] to [POST http://127.0.0.1:8200/wd/hub/session/f789331e-141a-4136-ac16-2f2228185ffc/element/ea89948d-ed07-4b0e-828c-aa5b978f5e78/click] with body: {"element":"ea89948d-ed07-4b0e-828c-aa5b978f5e78"}
[debug] &amp#27;[35m[WD Proxy]&amp#27;[39m Got response with status 200: {"sessionId":"f789331e-141a-4136-ac16-2f2228185ffc","value":null}
[debug] &amp#27;[35m[W3C (c2100e22)]&amp#27;[39m Responding to client with driver.click() result: null
&amp#27;[35m[HTTP]&amp#27;[39m &amp#27;[37m<-- POST /wd/hub/session/c2100e22-d6d2-40fc-b84e-a0779fb7b915/element/ea89948d-ed07-4b0e-828c-aa5b978f5e78/click &amp#27;[39m&amp#27;[32m200&amp#27;[39m &amp#27;[90m23 ms - 14&amp#27;[39m
&amp#27;[35m[HTTP]&amp#27;[39m &amp#27;[90m&amp#27;[39m
&amp#27;[35m[HTTP]&amp#27;[39m &amp#27;[37m-->&amp#27;[39m &amp#27;[37mGET&amp#27;[39m &amp#27;[37m/wd/hub/session/c2100e22-d6d2-40fc-b84e-a0779fb7b915&amp#27;[39m
&amp#27;[35m[HTTP]&amp#27;[39m &amp#27;[90m{}&amp#27;[39m
[debug] &amp#27;[35m[W3C (c2100e22)]&amp#27;[39m Calling AppiumDriver.getSession() with args: ["c2100e22-d6d2-40fc-b84e-a0779fb7b915"]
[debug] &amp#27;[35m[UiAutomator2]&amp#27;[39m Getting session details from server to mix in
[debug] &amp#27;[35m[WD Proxy]&amp#27;[39m Matched '/' to command name 'getSession'
[debug] &amp#27;[35m[WD Proxy]&amp#27;[39m Proxying [GET /] to [GET http://127.0.0.1:8200/wd/hub/session/f789331e-141a-4136-ac16-2f2228185ffc] with no body
[debug] &amp#27;[35m[WD Proxy]&amp#27;[39m Got response with status 200: {"sessionId":"f789331e-141a-4136-ac16-2f2228185ffc","value":{"lastScrollData":{"toIndex":-1,"maxScrollY":2299,"maxScrollX":0,"scrollY":1601,"scrollX":0,"fromIndex":-1,"itemCount":-1}}}
[debug] &amp#27;[35m[W3C (c2100e22)]&amp#27;[39m Responding to client with driver.getSession() result: {"platform":"LINUX","webStorageEnabled":false,"takesScreenshot":true,"javascriptEnabled":true,"databaseEnabled":false,"networkConnectionEnabled":true,"locationContextEnabled":false,"warnings":{},"desired":{"platformName":"android","skipDeviceInitialization":true,"skipServerInstallation":false,"app":"./Resources/in.workindia.apk","appActivity":".RegisterActivity","appPackage":"in.workindia.nileshdungarwal.workindiaandroid","platformVersion":"8.1"},"platformName":"android","skipDeviceInitialization":true,"skipServerInstallation":false,"app":"./Resources/in.workindia.apk","appActivity":".RegisterActivity","appPackage":"in.workindia.nileshdungarwal.workindiaandroid","platformVersion":"8.1.0","deviceName":"emulator-5554","deviceUDID":"emulator-5554","deviceApiLevel":27,"deviceScreenSize":"1080x2160","deviceScreenDensity":440,"deviceModel":"Android SDK built for x86","deviceManufacturer":"Google","pixelRatio":2.75,"statBarHeight":66,"viewportRect":{"left":0,"top":66,"width":1080,"height":1962},"lastScrollData":{...
&amp#27;[35m[HTTP]&amp#27;[39m &amp#27;[37m<-- GET /wd/hub/session/c2100e22-d6d2-40fc-b84e-a0779fb7b915 &amp#27;[39m&amp#27;[32m200&amp#27;[39m &amp#27;[90m12 ms - 1135&amp#27;[39m
&amp#27;[35m[HTTP]&amp#27;[39m &amp#27;[90m&amp#27;[39m
&amp#27;[35m[HTTP]&amp#27;[39m &amp#27;[37m-->&amp#27;[39m &amp#27;[37mGET&amp#27;[39m &amp#27;[37m/wd/hub/session/c2100e22-d6d2-40fc-b84e-a0779fb7b915&amp#27;[39m
&amp#27;[35m[HTTP]&amp#27;[39m &amp#27;[90m{}&amp#27;[39m
[debug] &amp#27;[35m[W3C (c2100e22)]&amp#27;[39m Calling AppiumDriver.getSession() with args: ["c2100e22-d6d2-40fc-b84e-a0779fb7b915"]
[debug] &amp#27;[35m[UiAutomator2]&amp#27;[39m Getting session details from server to mix in
[debug] &amp#27;[35m[WD Proxy]&amp#27;[39m Matched '/' to command name 'getSession'
[debug] &amp#27;[35m[WD Proxy]&amp#27;[39m Proxying [GET /] to [GET http://127.0.0.1:8200/wd/hub/session/f789331e-141a-4136-ac16-2f2228185ffc] with no body
[debug] &amp#27;[35m[WD Proxy]&amp#27;[39m Got response with status 200: {"sessionId":"f789331e-141a-4136-ac16-2f2228185ffc","value":{"lastScrollData":{"toIndex":-1,"maxScrollY":2299,"maxScrollX":0,"scrollY":1601,"scrollX":0,"fromIndex":-1,"itemCount":-1}}}
[debug] &amp#27;[35m[W3C (c2100e22)]&amp#27;[39m Responding to client with driver.getSession() result: {"platform":"LINUX","webStorageEnabled":false,"takesScreenshot":true,"javascriptEnabled":true,"databaseEnabled":false,"networkConnectionEnabled":true,"locationContextEnabled":false,"warnings":{},"desired":{"platformName":"android","skipDeviceInitialization":true,"skipServerInstallation":false,"app":"./Resources/in.workindia.apk","appActivity":".RegisterActivity","appPackage":"in.workindia.nileshdungarwal.workindiaandroid","platformVersion":"8.1"},"platformName":"android","skipDeviceInitialization":true,"skipServerInstallation":false,"app":"./Resources/in.workindia.apk","appActivity":".RegisterActivity","appPackage":"in.workindia.nileshdungarwal.workindiaandroid","platformVersion":"8.1.0","deviceName":"emulator-5554","deviceUDID":"emulator-5554","deviceApiLevel":27,"deviceScreenSize":"1080x2160","deviceScreenDensity":440,"deviceModel":"Android SDK built for x86","deviceManufacturer":"Google","pixelRatio":2.75,"statBarHeight":66,"viewportRect":{"left":0,"top":66,"width":1080,"height":1962},"lastScrollData":{...
&amp#27;[35m[HTTP]&amp#27;[39m &amp#27;[37m<-- GET /wd/hub/session/c2100e22-d6d2-40fc-b84e-a0779fb7b915 &amp#27;[39m&amp#27;[32m200&amp#27;[39m &amp#27;[90m12 ms - 1135&amp#27;[39m
&amp#27;[35m[HTTP]&amp#27;[39m &amp#27;[90m&amp#27;[39m
&amp#27;[35m[HTTP]&amp#27;[39m &amp#27;[37m-->&amp#27;[39m &amp#27;[37mGET&amp#27;[39m &amp#27;[37m/wd/hub/session/c2100e22-d6d2-40fc-b84e-a0779fb7b915/window/rect&amp#27;[39m
&amp#27;[35m[HTTP]&amp#27;[39m &amp#27;[90m{}&amp#27;[39m
[debug] &amp#27;[35m[W3C (c2100e22)]&amp#27;[39m Calling AppiumDriver.getWindowRect() with args: ["c2100e22-d6d2-40fc-b84e-a0779fb7b915"]
[debug] &amp#27;[35m[WD Proxy]&amp#27;[39m Matched '/window/current/size' to command name 'getWindowSize'
[debug] &amp#27;[35m[WD Proxy]&amp#27;[39m Proxying [GET /window/current/size] to [GET http://127.0.0.1:8200/wd/hub/session/f789331e-141a-4136-ac16-2f2228185ffc/window/current/size] with no body
[debug] &amp#27;[35m[WD Proxy]&amp#27;[39m Got response with status 200: {"sessionId":"f789331e-141a-4136-ac16-2f2228185ffc","value":{"height":2028,"width":1080}}
[debug] &amp#27;[35m[W3C (c2100e22)]&amp#27;[39m Responding to client with driver.getWindowRect() result: {"width":1080,"height":2028,"x":0,"y":0}
&amp#27;[35m[HTTP]&amp#27;[39m &amp#27;[37m<-- GET /wd/hub/session/c2100e22-d6d2-40fc-b84e-a0779fb7b915/window/rect &amp#27;[39m&amp#27;[32m200&amp#27;[39m &amp#27;[90m18 ms - 50&amp#27;[39m
&amp#27;[35m[HTTP]&amp#27;[39m &amp#27;[90m&amp#27;[39m
&amp#27;[35m[HTTP]&amp#27;[39m &amp#27;[37m-->&amp#27;[39m &amp#27;[37mPOST&amp#27;[39m &amp#27;[37m/wd/hub/session/c2100e22-d6d2-40fc-b84e-a0779fb7b915/touch/perform&amp#27;[39m
&amp#27;[35m[HTTP]&amp#27;[39m &amp#27;[90m{"actions":[{"action":"press","options":{"x":540,"y":1419}},{"action":"wait","options":{"ms":1000}},{"action":"moveTo","options":{"x":540,"y":202}},{"action":"release","options":{}}]}&amp#27;[39m
[debug] &amp#27;[35m[W3C (c2100e22)]&amp#27;[39m Calling AppiumDriver.performTouch() with args: [[{"action":"press","options":{"x":540,"y":1419}},{"action":"wait","options":{"ms":1000}},{"action":"moveTo","options":{"x":540,"y":202}},{"action":"release","options":{}}],"c2100e22-d6d2-40fc-b84e-a0779fb7b915"]
[debug] &amp#27;[35m[WD Proxy]&amp#27;[39m Matched '/touch/perform' to command name 'performTouch'
[debug] &amp#27;[35m[WD Proxy]&amp#27;[39m Proxying [POST /touch/perform] to [POST http://127.0.0.1:8200/wd/hub/session/f789331e-141a-4136-ac16-2f2228185ffc/touch/perform] with body: {"startX":540,"startY":1419,"endX":540,"endY":202,"steps":28}
[debug] &amp#27;[35m[WD Proxy]&amp#27;[39m Got response with status 200: {"sessionId":"f789331e-141a-4136-ac16-2f2228185ffc","value":null}
[debug] &amp#27;[35m[W3C (c2100e22)]&amp#27;[39m Responding to client with driver.performTouch() result: null
&amp#27;[35m[HTTP]&amp#27;[39m &amp#27;[37m<-- POST /wd/hub/session/c2100e22-d6d2-40fc-b84e-a0779fb7b915/touch/perform &amp#27;[39m&amp#27;[32m200&amp#27;[39m &amp#27;[90m1441 ms - 14&amp#27;[39m
&amp#27;[35m[HTTP]&amp#27;[39m &amp#27;[90m&amp#27;[39m
&amp#27;[35m[HTTP]&amp#27;[39m &amp#27;[37m-->&amp#27;[39m &amp#27;[37mGET&amp#27;[39m &amp#27;[37m/wd/hub/session/c2100e22-d6d2-40fc-b84e-a0779fb7b915&amp#27;[39m
&amp#27;[35m[HTTP]&amp#27;[39m &amp#27;[90m{}&amp#27;[39m
[debug] &amp#27;[35m[W3C (c2100e22)]&amp#27;[39m Calling AppiumDriver.getSession() with args: ["c2100e22-d6d2-40fc-b84e-a0779fb7b915"]
[debug] &amp#27;[35m[UiAutomator2]&amp#27;[39m Getting session details from server to mix in
[debug] &amp#27;[35m[WD Proxy]&amp#27;[39m Matched '/' to command name 'getSession'
[debug] &amp#27;[35m[WD Proxy]&amp#27;[39m Proxying [GET /] to [GET http://127.0.0.1:8200/wd/hub/session/f789331e-141a-4136-ac16-2f2228185ffc] with no body
[debug] &amp#27;[35m[WD Proxy]&amp#27;[39m Got response with status 200: {"sessionId":"f789331e-141a-4136-ac16-2f2228185ffc","value":{"lastScrollData":{"toIndex":-1,"maxScrollY":2299,"maxScrollX":0,"scrollY":2299,"scrollX":0,"fromIndex":-1,"itemCount":-1}}}
[debug] &amp#27;[35m[W3C (c2100e22)]&amp#27;[39m Responding to client with driver.getSession() result: {"platform":"LINUX","webStorageEnabled":false,"takesScreenshot":true,"javascriptEnabled":true,"databaseEnabled":false,"networkConnectionEnabled":true,"locationContextEnabled":false,"warnings":{},"desired":{"platformName":"android","skipDeviceInitialization":true,"skipServerInstallation":false,"app":"./Resources/in.workindia.apk","appActivity":".RegisterActivity","appPackage":"in.workindia.nileshdungarwal.workindiaandroid","platformVersion":"8.1"},"platformName":"android","skipDeviceInitialization":true,"skipServerInstallation":false,"app":"./Resources/in.workindia.apk","appActivity":".RegisterActivity","appPackage":"in.workindia.nileshdungarwal.workindiaandroid","platformVersion":"8.1.0","deviceName":"emulator-5554","deviceUDID":"emulator-5554","deviceApiLevel":27,"deviceScreenSize":"1080x2160","deviceScreenDensity":440,"deviceModel":"Android SDK built for x86","deviceManufacturer":"Google","pixelRatio":2.75,"statBarHeight":66,"viewportRect":{"left":0,"top":66,"width":1080,"height":1962},"lastScrollData":{...
&amp#27;[35m[HTTP]&amp#27;[39m &amp#27;[37m<-- GET /wd/hub/session/c2100e22-d6d2-40fc-b84e-a0779fb7b915 &amp#27;[39m&amp#27;[32m200&amp#27;[39m &amp#27;[90m21 ms - 1135&amp#27;[39m
&amp#27;[35m[HTTP]&amp#27;[39m &amp#27;[90m&amp#27;[39m
&amp#27;[35m[HTTP]&amp#27;[39m &amp#27;[37m-->&amp#27;[39m &amp#27;[37mGET&amp#27;[39m &amp#27;[37m/wd/hub/session/c2100e22-d6d2-40fc-b84e-a0779fb7b915&amp#27;[39m
&amp#27;[35m[HTTP]&amp#27;[39m &amp#27;[90m{}&amp#27;[39m
[debug] &amp#27;[35m[W3C (c2100e22)]&amp#27;[39m Calling AppiumDriver.getSession() with args: ["c2100e22-d6d2-40fc-b84e-a0779fb7b915"]
[debug] &amp#27;[35m[UiAutomator2]&amp#27;[39m Getting session details from server to mix in
[debug] &amp#27;[35m[WD Proxy]&amp#27;[39m Matched '/' to command name 'getSession'
[debug] &amp#27;[35m[WD Proxy]&amp#27;[39m Proxying [GET /] to [GET http://127.0.0.1:8200/wd/hub/session/f789331e-141a-4136-ac16-2f2228185ffc] with no body
[debug] &amp#27;[35m[WD Proxy]&amp#27;[39m Got response with status 200: {"sessionId":"f789331e-141a-4136-ac16-2f2228185ffc","value":{"lastScrollData":{"toIndex":-1,"maxScrollY":2299,"maxScrollX":0,"scrollY":2299,"scrollX":0,"fromIndex":-1,"itemCount":-1}}}
[debug] &amp#27;[35m[W3C (c2100e22)]&amp#27;[39m Responding to client with driver.getSession() result: {"platform":"LINUX","webStorageEnabled":false,"takesScreenshot":true,"javascriptEnabled":true,"databaseEnabled":false,"networkConnectionEnabled":true,"locationContextEnabled":false,"warnings":{},"desired":{"platformName":"android","skipDeviceInitialization":true,"skipServerInstallation":false,"app":"./Resources/in.workindia.apk","appActivity":".RegisterActivity","appPackage":"in.workindia.nileshdungarwal.workindiaandroid","platformVersion":"8.1"},"platformName":"android","skipDeviceInitialization":true,"skipServerInstallation":false,"app":"./Resources/in.workindia.apk","appActivity":".RegisterActivity","appPackage":"in.workindia.nileshdungarwal.workindiaandroid","platformVersion":"8.1.0","deviceName":"emulator-5554","deviceUDID":"emulator-5554","deviceApiLevel":27,"deviceScreenSize":"1080x2160","deviceScreenDensity":440,"deviceModel":"Android SDK built for x86","deviceManufacturer":"Google","pixelRatio":2.75,"statBarHeight":66,"viewportRect":{"left":0,"top":66,"width":1080,"height":1962},"lastScrollData":{...
&amp#27;[35m[HTTP]&amp#27;[39m &amp#27;[37m<-- GET /wd/hub/session/c2100e22-d6d2-40fc-b84e-a0779fb7b915 &amp#27;[39m&amp#27;[32m200&amp#27;[39m &amp#27;[90m23 ms - 1135&amp#27;[39m
&amp#27;[35m[HTTP]&amp#27;[39m &amp#27;[90m&amp#27;[39m
&amp#27;[35m[HTTP]&amp#27;[39m &amp#27;[37m-->&amp#27;[39m &amp#27;[37mGET&amp#27;[39m &amp#27;[37m/wd/hub/session/c2100e22-d6d2-40fc-b84e-a0779fb7b915&amp#27;[39m
&amp#27;[35m[HTTP]&amp#27;[39m &amp#27;[90m{}&amp#27;[39m
[debug] &amp#27;[35m[W3C (c2100e22)]&amp#27;[39m Calling AppiumDriver.getSession() with args: ["c2100e22-d6d2-40fc-b84e-a0779fb7b915"]
[debug] &amp#27;[35m[UiAutomator2]&amp#27;[39m Getting session details from server to mix in
[debug] &amp#27;[35m[WD Proxy]&amp#27;[39m Matched '/' to command name 'getSession'
[debug] &amp#27;[35m[WD Proxy]&amp#27;[39m Proxying [GET /] to [GET http://127.0.0.1:8200/wd/hub/session/f789331e-141a-4136-ac16-2f2228185ffc] with no body
[debug] &amp#27;[35m[WD Proxy]&amp#27;[39m Got response with status 200: {"sessionId":"f789331e-141a-4136-ac16-2f2228185ffc","value":{"lastScrollData":{"toIndex":-1,"maxScrollY":2299,"maxScrollX":0,"scrollY":2299,"scrollX":0,"fromIndex":-1,"itemCount":-1}}}
[debug] &amp#27;[35m[W3C (c2100e22)]&amp#27;[39m Responding to client with driver.getSession() result: {"platform":"LINUX","webStorageEnabled":false,"takesScreenshot":true,"javascriptEnabled":true,"databaseEnabled":false,"networkConnectionEnabled":true,"locationContextEnabled":false,"warnings":{},"desired":{"platformName":"android","skipDeviceInitialization":true,"skipServerInstallation":false,"app":"./Resources/in.workindia.apk","appActivity":".RegisterActivity","appPackage":"in.workindia.nileshdungarwal.workindiaandroid","platformVersion":"8.1"},"platformName":"android","skipDeviceInitialization":true,"skipServerInstallation":false,"app":"./Resources/in.workindia.apk","appActivity":".RegisterActivity","appPackage":"in.workindia.nileshdungarwal.workindiaandroid","platformVersion":"8.1.0","deviceName":"emulator-5554","deviceUDID":"emulator-5554","deviceApiLevel":27,"deviceScreenSize":"1080x2160","deviceScreenDensity":440,"deviceModel":"Android SDK built for x86","deviceManufacturer":"Google","pixelRatio":2.75,"statBarHeight":66,"viewportRect":{"left":0,"top":66,"width":1080,"height":1962},"lastScrollData":{...
&amp#27;[35m[HTTP]&amp#27;[39m &amp#27;[37m<-- GET /wd/hub/session/c2100e22-d6d2-40fc-b84e-a0779fb7b915 &amp#27;[39m&amp#27;[32m200&amp#27;[39m &amp#27;[90m24 ms - 1135&amp#27;[39m
&amp#27;[35m[HTTP]&amp#27;[39m &amp#27;[90m&amp#27;[39m
&amp#27;[35m[HTTP]&amp#27;[39m &amp#27;[37m-->&amp#27;[39m &amp#27;[37mPOST&amp#27;[39m &amp#27;[37m/wd/hub/session/c2100e22-d6d2-40fc-b84e-a0779fb7b915/element&amp#27;[39m
&amp#27;[35m[HTTP]&amp#27;[39m &amp#27;[90m{"using":"id","value":"in.workindia.nileshdungarwal.workindiaandroid:id/btn_done"}&amp#27;[39m
[debug] &amp#27;[35m[W3C (c2100e22)]&amp#27;[39m Calling AppiumDriver.findElement() with args: ["id","in.workindia.nileshdungarwal.workindiaandroid:id/btn_done","c2100e22-d6d2-40fc-b84e-a0779fb7b915"]
[debug] &amp#27;[35m[BaseDriver]&amp#27;[39m Valid locator strategies for this request: xpath, id, class name, accessibility id, css selector, -android uiautomator
[debug] &amp#27;[35m[BaseDriver]&amp#27;[39m Waiting up to 50000 ms for condition
[debug] &amp#27;[35m[WD Proxy]&amp#27;[39m Matched '/element' to command name 'findElement'
[debug] &amp#27;[35m[WD Proxy]&amp#27;[39m Proxying [POST /element] to [POST http://127.0.0.1:8200/wd/hub/session/f789331e-141a-4136-ac16-2f2228185ffc/element] with body: {"strategy":"id","selector":"in.workindia.nileshdungarwal.workindiaandroid:id/btn_done","context":"","multiple":false}
[debug] &amp#27;[35m[WD Proxy]&amp#27;[39m Got response with status 200: {"sessionId":"f789331e-141a-4136-ac16-2f2228185ffc","value":{"ELEMENT":"f31469c7-2e97-4e10-9612-8530529299ff","element-6066-11e4-a52e-4f735466cecf":"f31469c7-2e97-4e10-9612-8530529299ff"}}
[debug] &amp#27;[35m[W3C (c2100e22)]&amp#27;[39m Responding to client with driver.findElement() result: {"element-6066-11e4-a52e-4f735466cecf":"f31469c7-2e97-4e10-9612-8530529299ff","ELEMENT":"f31469c7-2e97-4e10-9612-8530529299ff"}
&amp#27;[35m[HTTP]&amp#27;[39m &amp#27;[37m<-- POST /wd/hub/session/c2100e22-d6d2-40fc-b84e-a0779fb7b915/element &amp#27;[39m&amp#27;[32m200&amp#27;[39m &amp#27;[90m44 ms - 137&amp#27;[39m
&amp#27;[35m[HTTP]&amp#27;[39m &amp#27;[90m&amp#27;[39m
&amp#27;[35m[HTTP]&amp#27;[39m &amp#27;[37m-->&amp#27;[39m &amp#27;[37mPOST&amp#27;[39m &amp#27;[37m/wd/hub/session/c2100e22-d6d2-40fc-b84e-a0779fb7b915/element/f31469c7-2e97-4e10-9612-8530529299ff/click&amp#27;[39m
&amp#27;[35m[HTTP]&amp#27;[39m &amp#27;[90m{"id":"f31469c7-2e97-4e10-9612-8530529299ff"}&amp#27;[39m
[debug] &amp#27;[35m[W3C (c2100e22)]&amp#27;[39m Calling AppiumDriver.click() with args: ["f31469c7-2e97-4e10-9612-8530529299ff","c2100e22-d6d2-40fc-b84e-a0779fb7b915"]
[debug] &amp#27;[35m[WD Proxy]&amp#27;[39m Matched '/element/f31469c7-2e97-4e10-9612-8530529299ff/click' to command name 'click'
[debug] &amp#27;[35m[WD Proxy]&amp#27;[39m Proxying [POST /element/f31469c7-2e97-4e10-9612-8530529299ff/click] to [POST http://127.0.0.1:8200/wd/hub/session/f789331e-141a-4136-ac16-2f2228185ffc/element/f31469c7-2e97-4e10-9612-8530529299ff/click] with body: {"element":"f31469c7-2e97-4e10-9612-8530529299ff"}
[debug] &amp#27;[35m[WD Proxy]&amp#27;[39m Got response with status 200: {"sessionId":"f789331e-141a-4136-ac16-2f2228185ffc","value":null}
[debug] &amp#27;[35m[W3C (c2100e22)]&amp#27;[39m Responding to client with driver.click() result: null
&amp#27;[35m[HTTP]&amp#27;[39m &amp#27;[37m<-- POST /wd/hub/session/c2100e22-d6d2-40fc-b84e-a0779fb7b915/element/f31469c7-2e97-4e10-9612-8530529299ff/click &amp#27;[39m&amp#27;[32m200&amp#27;[39m &amp#27;[90m25 ms - 14&amp#27;[39m
&amp#27;[35m[HTTP]&amp#27;[39m &amp#27;[90m&amp#27;[39m
&amp#27;[35m[HTTP]&amp#27;[39m &amp#27;[37m-->&amp#27;[39m &amp#27;[37mGET&amp#27;[39m &amp#27;[37m/wd/hub/session/c2100e22-d6d2-40fc-b84e-a0779fb7b915&amp#27;[39m
&amp#27;[35m[HTTP]&amp#27;[39m &amp#27;[90m{}&amp#27;[39m
[debug] &amp#27;[35m[W3C (c2100e22)]&amp#27;[39m Calling AppiumDriver.getSession() with args: ["c2100e22-d6d2-40fc-b84e-a0779fb7b915"]
[debug] &amp#27;[35m[UiAutomator2]&amp#27;[39m Getting session details from server to mix in
[debug] &amp#27;[35m[WD Proxy]&amp#27;[39m Matched '/' to command name 'getSession'
[debug] &amp#27;[35m[WD Proxy]&amp#27;[39m Proxying [GET /] to [GET http://127.0.0.1:8200/wd/hub/session/f789331e-141a-4136-ac16-2f2228185ffc] with no body
[debug] &amp#27;[35m[WD Proxy]&amp#27;[39m Got response with status 200: {"sessionId":"f789331e-141a-4136-ac16-2f2228185ffc","value":{"lastScrollData":{"toIndex":-1,"maxScrollY":2299,"maxScrollX":0,"scrollY":2299,"scrollX":0,"fromIndex":-1,"itemCount":-1}}}
[debug] &amp#27;[35m[W3C (c2100e22)]&amp#27;[39m Responding to client with driver.getSession() result: {"platform":"LINUX","webStorageEnabled":false,"takesScreenshot":true,"javascriptEnabled":true,"databaseEnabled":false,"networkConnectionEnabled":true,"locationContextEnabled":false,"warnings":{},"desired":{"platformName":"android","skipDeviceInitialization":true,"skipServerInstallation":false,"app":"./Resources/in.workindia.apk","appActivity":".RegisterActivity","appPackage":"in.workindia.nileshdungarwal.workindiaandroid","platformVersion":"8.1"},"platformName":"android","skipDeviceInitialization":true,"skipServerInstallation":false,"app":"./Resources/in.workindia.apk","appActivity":".RegisterActivity","appPackage":"in.workindia.nileshdungarwal.workindiaandroid","platformVersion":"8.1.0","deviceName":"emulator-5554","deviceUDID":"emulator-5554","deviceApiLevel":27,"deviceScreenSize":"1080x2160","deviceScreenDensity":440,"deviceModel":"Android SDK built for x86","deviceManufacturer":"Google","pixelRatio":2.75,"statBarHeight":66,"viewportRect":{"left":0,"top":66,"width":1080,"height":1962},"lastScrollData":{...
&amp#27;[35m[HTTP]&amp#27;[39m &amp#27;[37m<-- GET /wd/hub/session/c2100e22-d6d2-40fc-b84e-a0779fb7b915 &amp#27;[39m&amp#27;[32m200&amp#27;[39m &amp#27;[90m13 ms - 1135&amp#27;[39m
&amp#27;[35m[HTTP]&amp#27;[39m &amp#27;[90m&amp#27;[39m
&amp#27;[35m[HTTP]&amp#27;[39m &amp#27;[37m-->&amp#27;[39m &amp#27;[37mGET&amp#27;[39m &amp#27;[37m/wd/hub/session/c2100e22-d6d2-40fc-b84e-a0779fb7b915&amp#27;[39m
&amp#27;[35m[HTTP]&amp#27;[39m &amp#27;[90m{}&amp#27;[39m
[debug] &amp#27;[35m[W3C (c2100e22)]&amp#27;[39m Calling AppiumDriver.getSession() with args: ["c2100e22-d6d2-40fc-b84e-a0779fb7b915"]
[debug] &amp#27;[35m[UiAutomator2]&amp#27;[39m Getting session details from server to mix in
[debug] &amp#27;[35m[WD Proxy]&amp#27;[39m Matched '/' to command name 'getSession'
[debug] &amp#27;[35m[WD Proxy]&amp#27;[39m Proxying [GET /] to [GET http://127.0.0.1:8200/wd/hub/session/f789331e-141a-4136-ac16-2f2228185ffc] with no body
[debug] &amp#27;[35m[WD Proxy]&amp#27;[39m Got response with status 200: {"sessionId":"f789331e-141a-4136-ac16-2f2228185ffc","value":{"lastScrollData":{"toIndex":-1,"maxScrollY":2299,"maxScrollX":0,"scrollY":2299,"scrollX":0,"fromIndex":-1,"itemCount":-1}}}
[debug] &amp#27;[35m[W3C (c2100e22)]&amp#27;[39m Responding to client with driver.getSession() result: {"platform":"LINUX","webStorageEnabled":false,"takesScreenshot":true,"javascriptEnabled":true,"databaseEnabled":false,"networkConnectionEnabled":true,"locationContextEnabled":false,"warnings":{},"desired":{"platformName":"android","skipDeviceInitialization":true,"skipServerInstallation":false,"app":"./Resources/in.workindia.apk","appActivity":".RegisterActivity","appPackage":"in.workindia.nileshdungarwal.workindiaandroid","platformVersion":"8.1"},"platformName":"android","skipDeviceInitialization":true,"skipServerInstallation":false,"app":"./Resources/in.workindia.apk","appActivity":".RegisterActivity","appPackage":"in.workindia.nileshdungarwal.workindiaandroid","platformVersion":"8.1.0","deviceName":"emulator-5554","deviceUDID":"emulator-5554","deviceApiLevel":27,"deviceScreenSize":"1080x2160","deviceScreenDensity":440,"deviceModel":"Android SDK built for x86","deviceManufacturer":"Google","pixelRatio":2.75,"statBarHeight":66,"viewportRect":{"left":0,"top":66,"width":1080,"height":1962},"lastScrollData":{...
&amp#27;[35m[HTTP]&amp#27;[39m &amp#27;[37m<-- GET /wd/hub/session/c2100e22-d6d2-40fc-b84e-a0779fb7b915 &amp#27;[39m&amp#27;[32m200&amp#27;[39m &amp#27;[90m13 ms - 1135&amp#27;[39m
&amp#27;[35m[HTTP]&amp#27;[39m &amp#27;[90m&amp#27;[39m
&amp#27;[35m[HTTP]&amp#27;[39m &amp#27;[37m-->&amp#27;[39m &amp#27;[37mPOST&amp#27;[39m &amp#27;[37m/wd/hub/session/c2100e22-d6d2-40fc-b84e-a0779fb7b915/element&amp#27;[39m
&amp#27;[35m[HTTP]&amp#27;[39m &amp#27;[90m{"using":"id","value":"in.workindia.nileshdungarwal.workindiaandroid:id/tv_profile_heading"}&amp#27;[39m
[debug] &amp#27;[35m[W3C (c2100e22)]&amp#27;[39m Calling AppiumDriver.findElement() with args: ["id","in.workindia.nileshdungarwal.workindiaandroid:id/tv_profile_heading","c2100e22-d6d2-40fc-b84e-a0779fb7b915"]
[debug] &amp#27;[35m[BaseDriver]&amp#27;[39m Valid locator strategies for this request: xpath, id, class name, accessibility id, css selector, -android uiautomator
[debug] &amp#27;[35m[BaseDriver]&amp#27;[39m Waiting up to 50000 ms for condition
[debug] &amp#27;[35m[WD Proxy]&amp#27;[39m Matched '/element' to command name 'findElement'
[debug] &amp#27;[35m[WD Proxy]&amp#27;[39m Proxying [POST /element] to [POST http://127.0.0.1:8200/wd/hub/session/f789331e-141a-4136-ac16-2f2228185ffc/element] with body: {"strategy":"id","selector":"in.workindia.nileshdungarwal.workindiaandroid:id/tv_profile_heading","context":"","multiple":false}
&amp#27;[35m[WD Proxy]&amp#27;[39m Got response with status 404: {"sessionId":"f789331e-141a-4136-ac16-2f2228185ffc","value":{"error":"no such element","message":"An element could not be located on the page using the given search parameters","stacktrace":"io.appium.uiautomator2.common.exceptions.ElementNotFoundException: An element could not be located on the page using the given search parameters\n\tat io.appium.uiautomator2.handler.FindElement.safeHandle(FindElement.java:73)\n\tat io.appium.uiautomator2.handler.request.SafeRequestHandler.handle(SafeRequestHandler.java:41)\n\tat io.appium.uiautomator2.server.AppiumServlet.handleRequest(AppiumServlet.java:261)\n\tat io.appium.uiautomator2.server.AppiumServlet.handleHttpRequest(AppiumServlet.java:255)\n\tat io.appium.uiautomator2.http.ServerHandler.channelRead(ServerHandler.java:68)\n\tat io.netty.channel.AbstractChannelHandlerContext.invokeChannelRead(AbstractChannelHandlerContext.java:366)\n\tat io.netty.channel.AbstractChannelHandlerContext.invokeChannelRead(AbstractChannelHandlerContext.java:352)\n\tat io.netty.chann...
[debug] &amp#27;[35m[W3C]&amp#27;[39m Matched W3C error code 'no such element' to NoSuchElementError
[debug] &amp#27;[35m[BaseDriver]&amp#27;[39m Waited for 1756 ms so far
[debug] &amp#27;[35m[WD Proxy]&amp#27;[39m Matched '/element' to command name 'findElement'
[debug] &amp#27;[35m[WD Proxy]&amp#27;[39m Proxying [POST /element] to [POST http://127.0.0.1:8200/wd/hub/session/f789331e-141a-4136-ac16-2f2228185ffc/element] with body: {"strategy":"id","selector":"in.workindia.nileshdungarwal.workindiaandroid:id/tv_profile_heading","context":"","multiple":false}
[debug] &amp#27;[35m[WD Proxy]&amp#27;[39m Got response with status 200: {"sessionId":"f789331e-141a-4136-ac16-2f2228185ffc","value":{"ELEMENT":"ae402f47-bb82-4574-9cb1-fce31fabeede","element-6066-11e4-a52e-4f735466cecf":"ae402f47-bb82-4574-9cb1-fce31fabeede"}}
[debug] &amp#27;[35m[W3C (c2100e22)]&amp#27;[39m Responding to client with driver.findElement() result: {"element-6066-11e4-a52e-4f735466cecf":"ae402f47-bb82-4574-9cb1-fce31fabeede","ELEMENT":"ae402f47-bb82-4574-9cb1-fce31fabeede"}
&amp#27;[35m[HTTP]&amp#27;[39m &amp#27;[37m<-- POST /wd/hub/session/c2100e22-d6d2-40fc-b84e-a0779fb7b915/element &amp#27;[39m&amp#27;[32m200&amp#27;[39m &amp#27;[90m2288 ms - 137&amp#27;[39m
&amp#27;[35m[HTTP]&amp#27;[39m &amp#27;[90m&amp#27;[39m
&amp#27;[35m[HTTP]&amp#27;[39m &amp#27;[37m-->&amp#27;[39m &amp#27;[37mGET&amp#27;[39m &amp#27;[37m/wd/hub/session/c2100e22-d6d2-40fc-b84e-a0779fb7b915/element/ae402f47-bb82-4574-9cb1-fce31fabeede/text&amp#27;[39m
&amp#27;[35m[HTTP]&amp#27;[39m &amp#27;[90m{}&amp#27;[39m
&amp#27;[35m[W3C (c2100e22)]&amp#27;[39m Driver proxy active, passing request on via HTTP proxy
[debug] &amp#27;[35m[WD Proxy]&amp#27;[39m Matched '/wd/hub/session/c2100e22-d6d2-40fc-b84e-a0779fb7b915/element/ae402f47-bb82-4574-9cb1-fce31fabeede/text' to command name 'getText'
[debug] &amp#27;[35m[WD Proxy]&amp#27;[39m Proxying [GET /wd/hub/session/c2100e22-d6d2-40fc-b84e-a0779fb7b915/element/ae402f47-bb82-4574-9cb1-fce31fabeede/text] to [GET http://127.0.0.1:8200/wd/hub/session/f789331e-141a-4136-ac16-2f2228185ffc/element/ae402f47-bb82-4574-9cb1-fce31fabeede/text] with no body
[debug] &amp#27;[35m[WD Proxy]&amp#27;[39m Got response with status 200: {"sessionId":"f789331e-141a-4136-ac16-2f2228185ffc","value":"Sobhit,\nAapke Bare Me Bataye"}
&amp#27;[35m[WD Proxy]&amp#27;[39m Replacing sessionId f789331e-141a-4136-ac16-2f2228185ffc with c2100e22-d6d2-40fc-b84e-a0779fb7b915
&amp#27;[35m[HTTP]&amp#27;[39m &amp#27;[37m<-- GET /wd/hub/session/c2100e22-d6d2-40fc-b84e-a0779fb7b915/element/ae402f47-bb82-4574-9cb1-fce31fabeede/text &amp#27;[39m&amp#27;[32m200&amp#27;[39m &amp#27;[90m25 ms - 92&amp#27;[39m
&amp#27;[35m[HTTP]&amp#27;[39m &amp#27;[90m&amp#27;[39m
&amp#27;[35m[HTTP]&amp#27;[39m &amp#27;[37m-->&amp#27;[39m &amp#27;[37mGET&amp#27;[39m &amp#27;[37m/wd/hub/session/c2100e22-d6d2-40fc-b84e-a0779fb7b915&amp#27;[39m
&amp#27;[35m[HTTP]&amp#27;[39m &amp#27;[90m{}&amp#27;[39m
[debug] &amp#27;[35m[W3C (c2100e22)]&amp#27;[39m Calling AppiumDriver.getSession() with args: ["c2100e22-d6d2-40fc-b84e-a0779fb7b915"]
[debug] &amp#27;[35m[UiAutomator2]&amp#27;[39m Getting session details from server to mix in
[debug] &amp#27;[35m[WD Proxy]&amp#27;[39m Matched '/' to command name 'getSession'
[debug] &amp#27;[35m[WD Proxy]&amp#27;[39m Proxying [GET /] to [GET http://127.0.0.1:8200/wd/hub/session/f789331e-141a-4136-ac16-2f2228185ffc] with no body
[debug] &amp#27;[35m[WD Proxy]&amp#27;[39m Got response with status 200: {"sessionId":"f789331e-141a-4136-ac16-2f2228185ffc","value":{"lastScrollData":{"toIndex":-1,"maxScrollY":2299,"maxScrollX":0,"scrollY":2299,"scrollX":0,"fromIndex":-1,"itemCount":-1}}}
[debug] &amp#27;[35m[W3C (c2100e22)]&amp#27;[39m Responding to client with driver.getSession() result: {"platform":"LINUX","webStorageEnabled":false,"takesScreenshot":true,"javascriptEnabled":true,"databaseEnabled":false,"networkConnectionEnabled":true,"locationContextEnabled":false,"warnings":{},"desired":{"platformName":"android","skipDeviceInitialization":true,"skipServerInstallation":false,"app":"./Resources/in.workindia.apk","appActivity":".RegisterActivity","appPackage":"in.workindia.nileshdungarwal.workindiaandroid","platformVersion":"8.1"},"platformName":"android","skipDeviceInitialization":true,"skipServerInstallation":false,"app":"./Resources/in.workindia.apk","appActivity":".RegisterActivity","appPackage":"in.workindia.nileshdungarwal.workindiaandroid","platformVersion":"8.1.0","deviceName":"emulator-5554","deviceUDID":"emulator-5554","deviceApiLevel":27,"deviceScreenSize":"1080x2160","deviceScreenDensity":440,"deviceModel":"Android SDK built for x86","deviceManufacturer":"Google","pixelRatio":2.75,"statBarHeight":66,"viewportRect":{"left":0,"top":66,"width":1080,"height":1962},"lastScrollData":{...
&amp#27;[35m[HTTP]&amp#27;[39m &amp#27;[37m<-- GET /wd/hub/session/c2100e22-d6d2-40fc-b84e-a0779fb7b915 &amp#27;[39m&amp#27;[32m200&amp#27;[39m &amp#27;[90m17 ms - 1135&amp#27;[39m
&amp#27;[35m[HTTP]&amp#27;[39m &amp#27;[90m&amp#27;[39m
&amp#27;[35m[HTTP]&amp#27;[39m &amp#27;[37m-->&amp#27;[39m &amp#27;[37mPOST&amp#27;[39m &amp#27;[37m/wd/hub/session/c2100e22-d6d2-40fc-b84e-a0779fb7b915/element&amp#27;[39m
&amp#27;[35m[HTTP]&amp#27;[39m &amp#27;[90m{"using":"id","value":"in.workindia.nileshdungarwal.workindiaandroid:id/et_skill_1"}&amp#27;[39m
[debug] &amp#27;[35m[W3C (c2100e22)]&amp#27;[39m Calling AppiumDriver.findElement() with args: ["id","in.workindia.nileshdungarwal.workindiaandroid:id/et_skill_1","c2100e22-d6d2-40fc-b84e-a0779fb7b915"]
[debug] &amp#27;[35m[BaseDriver]&amp#27;[39m Valid locator strategies for this request: xpath, id, class name, accessibility id, css selector, -android uiautomator
[debug] &amp#27;[35m[BaseDriver]&amp#27;[39m Waiting up to 50000 ms for condition
[debug] &amp#27;[35m[WD Proxy]&amp#27;[39m Matched '/element' to command name 'findElement'
[debug] &amp#27;[35m[WD Proxy]&amp#27;[39m Proxying [POST /element] to [POST http://127.0.0.1:8200/wd/hub/session/f789331e-141a-4136-ac16-2f2228185ffc/element] with body: {"strategy":"id","selector":"in.workindia.nileshdungarwal.workindiaandroid:id/et_skill_1","context":"","multiple":false}
[debug] &amp#27;[35m[WD Proxy]&amp#27;[39m Got response with status 200: {"sessionId":"f789331e-141a-4136-ac16-2f2228185ffc","value":{"ELEMENT":"15b10754-895d-4dbe-a0bb-7122ee0d7b85","element-6066-11e4-a52e-4f735466cecf":"15b10754-895d-4dbe-a0bb-7122ee0d7b85"}}
[debug] &amp#27;[35m[W3C (c2100e22)]&amp#27;[39m Responding to client with driver.findElement() result: {"element-6066-11e4-a52e-4f735466cecf":"15b10754-895d-4dbe-a0bb-7122ee0d7b85","ELEMENT":"15b10754-895d-4dbe-a0bb-7122ee0d7b85"}
&amp#27;[35m[HTTP]&amp#27;[39m &amp#27;[37m<-- POST /wd/hub/session/c2100e22-d6d2-40fc-b84e-a0779fb7b915/element &amp#27;[39m&amp#27;[32m200&amp#27;[39m &amp#27;[90m37 ms - 137&amp#27;[39m
&amp#27;[35m[HTTP]&amp#27;[39m &amp#27;[90m&amp#27;[39m
&amp#27;[35m[HTTP]&amp#27;[39m &amp#27;[37m-->&amp#27;[39m &amp#27;[37mPOST&amp#27;[39m &amp#27;[37m/wd/hub/session/c2100e22-d6d2-40fc-b84e-a0779fb7b915/element/15b10754-895d-4dbe-a0bb-7122ee0d7b85/click&amp#27;[39m
&amp#27;[35m[HTTP]&amp#27;[39m &amp#27;[90m{"id":"15b10754-895d-4dbe-a0bb-7122ee0d7b85"}&amp#27;[39m
[debug] &amp#27;[35m[W3C (c2100e22)]&amp#27;[39m Calling AppiumDriver.click() with args: ["15b10754-895d-4dbe-a0bb-7122ee0d7b85","c2100e22-d6d2-40fc-b84e-a0779fb7b915"]
[debug] &amp#27;[35m[WD Proxy]&amp#27;[39m Matched '/element/15b10754-895d-4dbe-a0bb-7122ee0d7b85/click' to command name 'click'
[debug] &amp#27;[35m[WD Proxy]&amp#27;[39m Proxying [POST /element/15b10754-895d-4dbe-a0bb-7122ee0d7b85/click] to [POST http://127.0.0.1:8200/wd/hub/session/f789331e-141a-4136-ac16-2f2228185ffc/element/15b10754-895d-4dbe-a0bb-7122ee0d7b85/click] with body: {"element":"15b10754-895d-4dbe-a0bb-7122ee0d7b85"}
[debug] &amp#27;[35m[WD Proxy]&amp#27;[39m Got response with status 200: {"sessionId":"f789331e-141a-4136-ac16-2f2228185ffc","value":null}
[debug] &amp#27;[35m[W3C (c2100e22)]&amp#27;[39m Responding to client with driver.click() result: null
&amp#27;[35m[HTTP]&amp#27;[39m &amp#27;[37m<-- POST /wd/hub/session/c2100e22-d6d2-40fc-b84e-a0779fb7b915/element/15b10754-895d-4dbe-a0bb-7122ee0d7b85/click &amp#27;[39m&amp#27;[32m200&amp#27;[39m &amp#27;[90m36 ms - 14&amp#27;[39m
&amp#27;[35m[HTTP]&amp#27;[39m &amp#27;[90m&amp#27;[39m
&amp#27;[35m[HTTP]&amp#27;[39m &amp#27;[37m-->&amp#27;[39m &amp#27;[37mPOST&amp#27;[39m &amp#27;[37m/wd/hub/session/c2100e22-d6d2-40fc-b84e-a0779fb7b915/timeouts&amp#27;[39m
&amp#27;[35m[HTTP]&amp#27;[39m &amp#27;[90m{"implicit":50000}&amp#27;[39m
[debug] &amp#27;[35m[W3C (c2100e22)]&amp#27;[39m Calling AppiumDriver.timeouts() with args: [null,null,null,null,50000,"c2100e22-d6d2-40fc-b84e-a0779fb7b915"]
[debug] &amp#27;[35m[BaseDriver]&amp#27;[39m W3C timeout argument: {"implicit":50000}}
[debug] &amp#27;[35m[BaseDriver]&amp#27;[39m Set implicit wait to 50000ms
[debug] &amp#27;[35m[W3C (c2100e22)]&amp#27;[39m Responding to client with driver.timeouts() result: null
&amp#27;[35m[HTTP]&amp#27;[39m &amp#27;[37m<-- POST /wd/hub/session/c2100e22-d6d2-40fc-b84e-a0779fb7b915/timeouts &amp#27;[39m&amp#27;[32m200&amp#27;[39m &amp#27;[90m4 ms - 14&amp#27;[39m
&amp#27;[35m[HTTP]&amp#27;[39m &amp#27;[90m&amp#27;[39m
&amp#27;[35m[HTTP]&amp#27;[39m &amp#27;[37m-->&amp#27;[39m &amp#27;[37mGET&amp#27;[39m &amp#27;[37m/wd/hub/session/c2100e22-d6d2-40fc-b84e-a0779fb7b915&amp#27;[39m
&amp#27;[35m[HTTP]&amp#27;[39m &amp#27;[90m{}&amp#27;[39m
[debug] &amp#27;[35m[W3C (c2100e22)]&amp#27;[39m Calling AppiumDriver.getSession() with args: ["c2100e22-d6d2-40fc-b84e-a0779fb7b915"]
[debug] &amp#27;[35m[UiAutomator2]&amp#27;[39m Getting session details from server to mix in
[debug] &amp#27;[35m[WD Proxy]&amp#27;[39m Matched '/' to command name 'getSession'
[debug] &amp#27;[35m[WD Proxy]&amp#27;[39m Proxying [GET /] to [GET http://127.0.0.1:8200/wd/hub/session/f789331e-141a-4136-ac16-2f2228185ffc] with no body
[debug] &amp#27;[35m[WD Proxy]&amp#27;[39m Got response with status 200: {"sessionId":"f789331e-141a-4136-ac16-2f2228185ffc","value":{"lastScrollData":{"toIndex":-1,"maxScrollY":2299,"maxScrollX":0,"scrollY":2299,"scrollX":0,"fromIndex":-1,"itemCount":-1}}}
[debug] &amp#27;[35m[W3C (c2100e22)]&amp#27;[39m Responding to client with driver.getSession() result: {"platform":"LINUX","webStorageEnabled":false,"takesScreenshot":true,"javascriptEnabled":true,"databaseEnabled":false,"networkConnectionEnabled":true,"locationContextEnabled":false,"warnings":{},"desired":{"platformName":"android","skipDeviceInitialization":true,"skipServerInstallation":false,"app":"./Resources/in.workindia.apk","appActivity":".RegisterActivity","appPackage":"in.workindia.nileshdungarwal.workindiaandroid","platformVersion":"8.1"},"platformName":"android","skipDeviceInitialization":true,"skipServerInstallation":false,"app":"./Resources/in.workindia.apk","appActivity":".RegisterActivity","appPackage":"in.workindia.nileshdungarwal.workindiaandroid","platformVersion":"8.1.0","deviceName":"emulator-5554","deviceUDID":"emulator-5554","deviceApiLevel":27,"deviceScreenSize":"1080x2160","deviceScreenDensity":440,"deviceModel":"Android SDK built for x86","deviceManufacturer":"Google","pixelRatio":2.75,"statBarHeight":66,"viewportRect":{"left":0,"top":66,"width":1080,"height":1962},"lastScrollData":{...
&amp#27;[35m[HTTP]&amp#27;[39m &amp#27;[37m<-- GET /wd/hub/session/c2100e22-d6d2-40fc-b84e-a0779fb7b915 &amp#27;[39m&amp#27;[32m200&amp#27;[39m &amp#27;[90m38 ms - 1135&amp#27;[39m
&amp#27;[35m[HTTP]&amp#27;[39m &amp#27;[90m&amp#27;[39m
&amp#27;[35m[HTTP]&amp#27;[39m &amp#27;[37m-->&amp#27;[39m &amp#27;[37mPOST&amp#27;[39m &amp#27;[37m/wd/hub/session/c2100e22-d6d2-40fc-b84e-a0779fb7b915/element&amp#27;[39m
&amp#27;[35m[HTTP]&amp#27;[39m &amp#27;[90m{"using":"xpath","value":"//android.widget.LinearLayout[1]/android.widget.LinearLayout/android.widget.LinearLayout/android.widget.CheckBox"}&amp#27;[39m
[debug] &amp#27;[35m[W3C (c2100e22)]&amp#27;[39m Calling AppiumDriver.findElement() with args: ["xpath","//android.widget.LinearLayout[1]/android.widget.LinearLayout/android.widget.LinearLayout/android.widget.CheckBox","c2100e22-d6d2-40fc-b84e-a0779fb7b915"]
[debug] &amp#27;[35m[BaseDriver]&amp#27;[39m Valid locator strategies for this request: xpath, id, class name, accessibility id, css selector, -android uiautomator
[debug] &amp#27;[35m[BaseDriver]&amp#27;[39m Waiting up to 50000 ms for condition
[debug] &amp#27;[35m[WD Proxy]&amp#27;[39m Matched '/element' to command name 'findElement'
[debug] &amp#27;[35m[WD Proxy]&amp#27;[39m Proxying [POST /element] to [POST http://127.0.0.1:8200/wd/hub/session/f789331e-141a-4136-ac16-2f2228185ffc/element] with body: {"strategy":"xpath","selector":"//android.widget.LinearLayout[1]/android.widget.LinearLayout/android.widget.LinearLayout/android.widget.CheckBox","context":"","multiple":false}
[debug] &amp#27;[35m[WD Proxy]&amp#27;[39m Got response with status 200: {"sessionId":"f789331e-141a-4136-ac16-2f2228185ffc","value":{"ELEMENT":"7ae73d20-eb1b-4383-9d1b-af8561df9b95","element-6066-11e4-a52e-4f735466cecf":"7ae73d20-eb1b-4383-9d1b-af8561df9b95"}}
[debug] &amp#27;[35m[W3C (c2100e22)]&amp#27;[39m Responding to client with driver.findElement() result: {"element-6066-11e4-a52e-4f735466cecf":"7ae73d20-eb1b-4383-9d1b-af8561df9b95","ELEMENT":"7ae73d20-eb1b-4383-9d1b-af8561df9b95"}
&amp#27;[35m[HTTP]&amp#27;[39m &amp#27;[37m<-- POST /wd/hub/session/c2100e22-d6d2-40fc-b84e-a0779fb7b915/element &amp#27;[39m&amp#27;[32m200&amp#27;[39m &amp#27;[90m1304 ms - 137&amp#27;[39m
&amp#27;[35m[HTTP]&amp#27;[39m &amp#27;[90m&amp#27;[39m
&amp#27;[35m[HTTP]&amp#27;[39m &amp#27;[37m-->&amp#27;[39m &amp#27;[37mPOST&amp#27;[39m &amp#27;[37m/wd/hub/session/c2100e22-d6d2-40fc-b84e-a0779fb7b915/element/7ae73d20-eb1b-4383-9d1b-af8561df9b95/click&amp#27;[39m
&amp#27;[35m[HTTP]&amp#27;[39m &amp#27;[90m{"id":"7ae73d20-eb1b-4383-9d1b-af8561df9b95"}&amp#27;[39m
[debug] &amp#27;[35m[W3C (c2100e22)]&amp#27;[39m Calling AppiumDriver.click() with args: ["7ae73d20-eb1b-4383-9d1b-af8561df9b95","c2100e22-d6d2-40fc-b84e-a0779fb7b915"]
[debug] &amp#27;[35m[WD Proxy]&amp#27;[39m Matched '/element/7ae73d20-eb1b-4383-9d1b-af8561df9b95/click' to command name 'click'
[debug] &amp#27;[35m[WD Proxy]&amp#27;[39m Proxying [POST /element/7ae73d20-eb1b-4383-9d1b-af8561df9b95/click] to [POST http://127.0.0.1:8200/wd/hub/session/f789331e-141a-4136-ac16-2f2228185ffc/element/7ae73d20-eb1b-4383-9d1b-af8561df9b95/click] with body: {"element":"7ae73d20-eb1b-4383-9d1b-af8561df9b95"}
[debug] &amp#27;[35m[WD Proxy]&amp#27;[39m Got response with status 200: {"sessionId":"f789331e-141a-4136-ac16-2f2228185ffc","value":null}
[debug] &amp#27;[35m[W3C (c2100e22)]&amp#27;[39m Responding to client with driver.click() result: null
&amp#27;[35m[HTTP]&amp#27;[39m &amp#27;[37m<-- POST /wd/hub/session/c2100e22-d6d2-40fc-b84e-a0779fb7b915/element/7ae73d20-eb1b-4383-9d1b-af8561df9b95/click &amp#27;[39m&amp#27;[32m200&amp#27;[39m &amp#27;[90m448 ms - 14&amp#27;[39m
&amp#27;[35m[HTTP]&amp#27;[39m &amp#27;[90m&amp#27;[39m
&amp#27;[35m[HTTP]&amp#27;[39m &amp#27;[37m-->&amp#27;[39m &amp#27;[37mGET&amp#27;[39m &amp#27;[37m/wd/hub/session/c2100e22-d6d2-40fc-b84e-a0779fb7b915&amp#27;[39m
&amp#27;[35m[HTTP]&amp#27;[39m &amp#27;[90m{}&amp#27;[39m
[debug] &amp#27;[35m[W3C (c2100e22)]&amp#27;[39m Calling AppiumDriver.getSession() with args: ["c2100e22-d6d2-40fc-b84e-a0779fb7b915"]
[debug] &amp#27;[35m[UiAutomator2]&amp#27;[39m Getting session details from server to mix in
[debug] &amp#27;[35m[WD Proxy]&amp#27;[39m Matched '/' to command name 'getSession'
[debug] &amp#27;[35m[WD Proxy]&amp#27;[39m Proxying [GET /] to [GET http://127.0.0.1:8200/wd/hub/session/f789331e-141a-4136-ac16-2f2228185ffc] with no body
[debug] &amp#27;[35m[WD Proxy]&amp#27;[39m Got response with status 200: {"sessionId":"f789331e-141a-4136-ac16-2f2228185ffc","value":{"lastScrollData":{"toIndex":-1,"maxScrollY":2299,"maxScrollX":0,"scrollY":2299,"scrollX":0,"fromIndex":-1,"itemCount":-1}}}
[debug] &amp#27;[35m[W3C (c2100e22)]&amp#27;[39m Responding to client with driver.getSession() result: {"platform":"LINUX","webStorageEnabled":false,"takesScreenshot":true,"javascriptEnabled":true,"databaseEnabled":false,"networkConnectionEnabled":true,"locationContextEnabled":false,"warnings":{},"desired":{"platformName":"android","skipDeviceInitialization":true,"skipServerInstallation":false,"app":"./Resources/in.workindia.apk","appActivity":".RegisterActivity","appPackage":"in.workindia.nileshdungarwal.workindiaandroid","platformVersion":"8.1"},"platformName":"android","skipDeviceInitialization":true,"skipServerInstallation":false,"app":"./Resources/in.workindia.apk","appActivity":".RegisterActivity","appPackage":"in.workindia.nileshdungarwal.workindiaandroid","platformVersion":"8.1.0","deviceName":"emulator-5554","deviceUDID":"emulator-5554","deviceApiLevel":27,"deviceScreenSize":"1080x2160","deviceScreenDensity":440,"deviceModel":"Android SDK built for x86","deviceManufacturer":"Google","pixelRatio":2.75,"statBarHeight":66,"viewportRect":{"left":0,"top":66,"width":1080,"height":1962},"lastScrollData":{...
&amp#27;[35m[HTTP]&amp#27;[39m &amp#27;[37m<-- GET /wd/hub/session/c2100e22-d6d2-40fc-b84e-a0779fb7b915 &amp#27;[39m&amp#27;[32m200&amp#27;[39m &amp#27;[90m24 ms - 1135&amp#27;[39m
&amp#27;[35m[HTTP]&amp#27;[39m &amp#27;[90m&amp#27;[39m
&amp#27;[35m[HTTP]&amp#27;[39m &amp#27;[37m-->&amp#27;[39m &amp#27;[37mPOST&amp#27;[39m &amp#27;[37m/wd/hub/session/c2100e22-d6d2-40fc-b84e-a0779fb7b915/element&amp#27;[39m
&amp#27;[35m[HTTP]&amp#27;[39m &amp#27;[90m{"using":"xpath","value":"//android.widget.LinearLayout[2]/android.widget.LinearLayout/android.widget.LinearLayout/android.widget.CheckBox"}&amp#27;[39m
[debug] &amp#27;[35m[W3C (c2100e22)]&amp#27;[39m Calling AppiumDriver.findElement() with args: ["xpath","//android.widget.LinearLayout[2]/android.widget.LinearLayout/android.widget.LinearLayout/android.widget.CheckBox","c2100e22-d6d2-40fc-b84e-a0779fb7b915"]
[debug] &amp#27;[35m[BaseDriver]&amp#27;[39m Valid locator strategies for this request: xpath, id, class name, accessibility id, css selector, -android uiautomator
[debug] &amp#27;[35m[BaseDriver]&amp#27;[39m Waiting up to 50000 ms for condition
[debug] &amp#27;[35m[WD Proxy]&amp#27;[39m Matched '/element' to command name 'findElement'
[debug] &amp#27;[35m[WD Proxy]&amp#27;[39m Proxying [POST /element] to [POST http://127.0.0.1:8200/wd/hub/session/f789331e-141a-4136-ac16-2f2228185ffc/element] with body: {"strategy":"xpath","selector":"//android.widget.LinearLayout[2]/android.widget.LinearLayout/android.widget.LinearLayout/android.widget.CheckBox","context":"","multiple":false}
[debug] &amp#27;[35m[WD Proxy]&amp#27;[39m Got response with status 200: {"sessionId":"f789331e-141a-4136-ac16-2f2228185ffc","value":{"ELEMENT":"86c849c5-67bf-447a-87c8-5946c3d3ad41","element-6066-11e4-a52e-4f735466cecf":"86c849c5-67bf-447a-87c8-5946c3d3ad41"}}
[debug] &amp#27;[35m[W3C (c2100e22)]&amp#27;[39m Responding to client with driver.findElement() result: {"element-6066-11e4-a52e-4f735466cecf":"86c849c5-67bf-447a-87c8-5946c3d3ad41","ELEMENT":"86c849c5-67bf-447a-87c8-5946c3d3ad41"}
&amp#27;[35m[HTTP]&amp#27;[39m &amp#27;[37m<-- POST /wd/hub/session/c2100e22-d6d2-40fc-b84e-a0779fb7b915/element &amp#27;[39m&amp#27;[32m200&amp#27;[39m &amp#27;[90m608 ms - 137&amp#27;[39m
&amp#27;[35m[HTTP]&amp#27;[39m &amp#27;[90m&amp#27;[39m
&amp#27;[35m[HTTP]&amp#27;[39m &amp#27;[37m-->&amp#27;[39m &amp#27;[37mPOST&amp#27;[39m &amp#27;[37m/wd/hub/session/c2100e22-d6d2-40fc-b84e-a0779fb7b915/element/86c849c5-67bf-447a-87c8-5946c3d3ad41/click&amp#27;[39m
&amp#27;[35m[HTTP]&amp#27;[39m &amp#27;[90m{"id":"86c849c5-67bf-447a-87c8-5946c3d3ad41"}&amp#27;[39m
[debug] &amp#27;[35m[W3C (c2100e22)]&amp#27;[39m Calling AppiumDriver.click() with args: ["86c849c5-67bf-447a-87c8-5946c3d3ad41","c2100e22-d6d2-40fc-b84e-a0779fb7b915"]
[debug] &amp#27;[35m[WD Proxy]&amp#27;[39m Matched '/element/86c849c5-67bf-447a-87c8-5946c3d3ad41/click' to command name 'click'
[debug] &amp#27;[35m[WD Proxy]&amp#27;[39m Proxying [POST /element/86c849c5-67bf-447a-87c8-5946c3d3ad41/click] to [POST http://127.0.0.1:8200/wd/hub/session/f789331e-141a-4136-ac16-2f2228185ffc/element/86c849c5-67bf-447a-87c8-5946c3d3ad41/click] with body: {"element":"86c849c5-67bf-447a-87c8-5946c3d3ad41"}
[debug] &amp#27;[35m[WD Proxy]&amp#27;[39m Got response with status 200: {"sessionId":"f789331e-141a-4136-ac16-2f2228185ffc","value":null}
[debug] &amp#27;[35m[W3C (c2100e22)]&amp#27;[39m Responding to client with driver.click() result: null
&amp#27;[35m[HTTP]&amp#27;[39m &amp#27;[37m<-- POST /wd/hub/session/c2100e22-d6d2-40fc-b84e-a0779fb7b915/element/86c849c5-67bf-447a-87c8-5946c3d3ad41/click &amp#27;[39m&amp#27;[32m200&amp#27;[39m &amp#27;[90m29 ms - 14&amp#27;[39m
&amp#27;[35m[HTTP]&amp#27;[39m &amp#27;[90m&amp#27;[39m
&amp#27;[35m[HTTP]&amp#27;[39m &amp#27;[37m-->&amp#27;[39m &amp#27;[37mGET&amp#27;[39m &amp#27;[37m/wd/hub/session/c2100e22-d6d2-40fc-b84e-a0779fb7b915&amp#27;[39m
&amp#27;[35m[HTTP]&amp#27;[39m &amp#27;[90m{}&amp#27;[39m
[debug] &amp#27;[35m[W3C (c2100e22)]&amp#27;[39m Calling AppiumDriver.getSession() with args: ["c2100e22-d6d2-40fc-b84e-a0779fb7b915"]
[debug] &amp#27;[35m[UiAutomator2]&amp#27;[39m Getting session details from server to mix in
[debug] &amp#27;[35m[WD Proxy]&amp#27;[39m Matched '/' to command name 'getSession'
[debug] &amp#27;[35m[WD Proxy]&amp#27;[39m Proxying [GET /] to [GET http://127.0.0.1:8200/wd/hub/session/f789331e-141a-4136-ac16-2f2228185ffc] with no body
[debug] &amp#27;[35m[WD Proxy]&amp#27;[39m Got response with status 200: {"sessionId":"f789331e-141a-4136-ac16-2f2228185ffc","value":{"lastScrollData":{"toIndex":-1,"maxScrollY":2299,"maxScrollX":0,"scrollY":2299,"scrollX":0,"fromIndex":-1,"itemCount":-1}}}
[debug] &amp#27;[35m[W3C (c2100e22)]&amp#27;[39m Responding to client with driver.getSession() result: {"platform":"LINUX","webStorageEnabled":false,"takesScreenshot":true,"javascriptEnabled":true,"databaseEnabled":false,"networkConnectionEnabled":true,"locationContextEnabled":false,"warnings":{},"desired":{"platformName":"android","skipDeviceInitialization":true,"skipServerInstallation":false,"app":"./Resources/in.workindia.apk","appActivity":".RegisterActivity","appPackage":"in.workindia.nileshdungarwal.workindiaandroid","platformVersion":"8.1"},"platformName":"android","skipDeviceInitialization":true,"skipServerInstallation":false,"app":"./Resources/in.workindia.apk","appActivity":".RegisterActivity","appPackage":"in.workindia.nileshdungarwal.workindiaandroid","platformVersion":"8.1.0","deviceName":"emulator-5554","deviceUDID":"emulator-5554","deviceApiLevel":27,"deviceScreenSize":"1080x2160","deviceScreenDensity":440,"deviceModel":"Android SDK built for x86","deviceManufacturer":"Google","pixelRatio":2.75,"statBarHeight":66,"viewportRect":{"left":0,"top":66,"width":1080,"height":1962},"lastScrollData":{...
&amp#27;[35m[HTTP]&amp#27;[39m &amp#27;[37m<-- GET /wd/hub/session/c2100e22-d6d2-40fc-b84e-a0779fb7b915 &amp#27;[39m&amp#27;[32m200&amp#27;[39m &amp#27;[90m14 ms - 1135&amp#27;[39m
&amp#27;[35m[HTTP]&amp#27;[39m &amp#27;[90m&amp#27;[39m
&amp#27;[35m[HTTP]&amp#27;[39m &amp#27;[37m-->&amp#27;[39m &amp#27;[37mPOST&amp#27;[39m &amp#27;[37m/wd/hub/session/c2100e22-d6d2-40fc-b84e-a0779fb7b915/element&amp#27;[39m
&amp#27;[35m[HTTP]&amp#27;[39m &amp#27;[90m{"using":"id","value":"android:id/button1"}&amp#27;[39m
[debug] &amp#27;[35m[W3C (c2100e22)]&amp#27;[39m Calling AppiumDriver.findElement() with args: ["id","android:id/button1","c2100e22-d6d2-40fc-b84e-a0779fb7b915"]
[debug] &amp#27;[35m[BaseDriver]&amp#27;[39m Valid locator strategies for this request: xpath, id, class name, accessibility id, css selector, -android uiautomator
[debug] &amp#27;[35m[BaseDriver]&amp#27;[39m Waiting up to 50000 ms for condition
[debug] &amp#27;[35m[WD Proxy]&amp#27;[39m Matched '/element' to command name 'findElement'
[debug] &amp#27;[35m[WD Proxy]&amp#27;[39m Proxying [POST /element] to [POST http://127.0.0.1:8200/wd/hub/session/f789331e-141a-4136-ac16-2f2228185ffc/element] with body: {"strategy":"id","selector":"android:id/button1","context":"","multiple":false}
[debug] &amp#27;[35m[WD Proxy]&amp#27;[39m Got response with status 200: {"sessionId":"f789331e-141a-4136-ac16-2f2228185ffc","value":{"ELEMENT":"ca611cd7-1508-431e-a012-d4ff450bb35b","element-6066-11e4-a52e-4f735466cecf":"ca611cd7-1508-431e-a012-d4ff450bb35b"}}
[debug] &amp#27;[35m[W3C (c2100e22)]&amp#27;[39m Responding to client with driver.findElement() result: {"element-6066-11e4-a52e-4f735466cecf":"ca611cd7-1508-431e-a012-d4ff450bb35b","ELEMENT":"ca611cd7-1508-431e-a012-d4ff450bb35b"}
&amp#27;[35m[HTTP]&amp#27;[39m &amp#27;[37m<-- POST /wd/hub/session/c2100e22-d6d2-40fc-b84e-a0779fb7b915/element &amp#27;[39m&amp#27;[32m200&amp#27;[39m &amp#27;[90m573 ms - 137&amp#27;[39m
&amp#27;[35m[HTTP]&amp#27;[39m &amp#27;[90m&amp#27;[39m
&amp#27;[35m[HTTP]&amp#27;[39m &amp#27;[37m-->&amp#27;[39m &amp#27;[37mPOST&amp#27;[39m &amp#27;[37m/wd/hub/session/c2100e22-d6d2-40fc-b84e-a0779fb7b915/element/ca611cd7-1508-431e-a012-d4ff450bb35b/click&amp#27;[39m
&amp#27;[35m[HTTP]&amp#27;[39m &amp#27;[90m{"id":"ca611cd7-1508-431e-a012-d4ff450bb35b"}&amp#27;[39m
[debug] &amp#27;[35m[W3C (c2100e22)]&amp#27;[39m Calling AppiumDriver.click() with args: ["ca611cd7-1508-431e-a012-d4ff450bb35b","c2100e22-d6d2-40fc-b84e-a0779fb7b915"]
[debug] &amp#27;[35m[WD Proxy]&amp#27;[39m Matched '/element/ca611cd7-1508-431e-a012-d4ff450bb35b/click' to command name 'click'
[debug] &amp#27;[35m[WD Proxy]&amp#27;[39m Proxying [POST /element/ca611cd7-1508-431e-a012-d4ff450bb35b/click] to [POST http://127.0.0.1:8200/wd/hub/session/f789331e-141a-4136-ac16-2f2228185ffc/element/ca611cd7-1508-431e-a012-d4ff450bb35b/click] with body: {"element":"ca611cd7-1508-431e-a012-d4ff450bb35b"}
[debug] &amp#27;[35m[WD Proxy]&amp#27;[39m Got response with status 200: {"sessionId":"f789331e-141a-4136-ac16-2f2228185ffc","value":null}
[debug] &amp#27;[35m[W3C (c2100e22)]&amp#27;[39m Responding to client with driver.click() result: null
&amp#27;[35m[HTTP]&amp#27;[39m &amp#27;[37m<-- POST /wd/hub/session/c2100e22-d6d2-40fc-b84e-a0779fb7b915/element/ca611cd7-1508-431e-a012-d4ff450bb35b/click &amp#27;[39m&amp#27;[32m200&amp#27;[39m &amp#27;[90m35 ms - 14&amp#27;[39m
&amp#27;[35m[HTTP]&amp#27;[39m &amp#27;[90m&amp#27;[39m
&amp#27;[35m[HTTP]&amp#27;[39m &amp#27;[37m-->&amp#27;[39m &amp#27;[37mGET&amp#27;[39m &amp#27;[37m/wd/hub/session/c2100e22-d6d2-40fc-b84e-a0779fb7b915&amp#27;[39m
&amp#27;[35m[HTTP]&amp#27;[39m &amp#27;[90m{}&amp#27;[39m
[debug] &amp#27;[35m[W3C (c2100e22)]&amp#27;[39m Calling AppiumDriver.getSession() with args: ["c2100e22-d6d2-40fc-b84e-a0779fb7b915"]
[debug] &amp#27;[35m[UiAutomator2]&amp#27;[39m Getting session details from server to mix in
[debug] &amp#27;[35m[WD Proxy]&amp#27;[39m Matched '/' to command name 'getSession'
[debug] &amp#27;[35m[WD Proxy]&amp#27;[39m Proxying [GET /] to [GET http://127.0.0.1:8200/wd/hub/session/f789331e-141a-4136-ac16-2f2228185ffc] with no body
[debug] &amp#27;[35m[WD Proxy]&amp#27;[39m Got response with status 200: {"sessionId":"f789331e-141a-4136-ac16-2f2228185ffc","value":{"lastScrollData":{"toIndex":-1,"maxScrollY":2299,"maxScrollX":0,"scrollY":2299,"scrollX":0,"fromIndex":-1,"itemCount":-1}}}
[debug] &amp#27;[35m[W3C (c2100e22)]&amp#27;[39m Responding to client with driver.getSession() result: {"platform":"LINUX","webStorageEnabled":false,"takesScreenshot":true,"javascriptEnabled":true,"databaseEnabled":false,"networkConnectionEnabled":true,"locationContextEnabled":false,"warnings":{},"desired":{"platformName":"android","skipDeviceInitialization":true,"skipServerInstallation":false,"app":"./Resources/in.workindia.apk","appActivity":".RegisterActivity","appPackage":"in.workindia.nileshdungarwal.workindiaandroid","platformVersion":"8.1"},"platformName":"android","skipDeviceInitialization":true,"skipServerInstallation":false,"app":"./Resources/in.workindia.apk","appActivity":".RegisterActivity","appPackage":"in.workindia.nileshdungarwal.workindiaandroid","platformVersion":"8.1.0","deviceName":"emulator-5554","deviceUDID":"emulator-5554","deviceApiLevel":27,"deviceScreenSize":"1080x2160","deviceScreenDensity":440,"deviceModel":"Android SDK built for x86","deviceManufacturer":"Google","pixelRatio":2.75,"statBarHeight":66,"viewportRect":{"left":0,"top":66,"width":1080,"height":1962},"lastScrollData":{...
&amp#27;[35m[HTTP]&amp#27;[39m &amp#27;[37m<-- GET /wd/hub/session/c2100e22-d6d2-40fc-b84e-a0779fb7b915 &amp#27;[39m&amp#27;[32m200&amp#27;[39m &amp#27;[90m19 ms - 1135&amp#27;[39m
&amp#27;[35m[HTTP]&amp#27;[39m &amp#27;[90m&amp#27;[39m
&amp#27;[35m[HTTP]&amp#27;[39m &amp#27;[37m-->&amp#27;[39m &amp#27;[37mPOST&amp#27;[39m &amp#27;[37m/wd/hub/session/c2100e22-d6d2-40fc-b84e-a0779fb7b915/element&amp#27;[39m
&amp#27;[35m[HTTP]&amp#27;[39m &amp#27;[90m{"using":"id","value":"in.workindia.nileshdungarwal.workindiaandroid:id/et_course"}&amp#27;[39m
[debug] &amp#27;[35m[W3C (c2100e22)]&amp#27;[39m Calling AppiumDriver.findElement() with args: ["id","in.workindia.nileshdungarwal.workindiaandroid:id/et_course","c2100e22-d6d2-40fc-b84e-a0779fb7b915"]
[debug] &amp#27;[35m[BaseDriver]&amp#27;[39m Valid locator strategies for this request: xpath, id, class name, accessibility id, css selector, -android uiautomator
[debug] &amp#27;[35m[BaseDriver]&amp#27;[39m Waiting up to 50000 ms for condition
[debug] &amp#27;[35m[WD Proxy]&amp#27;[39m Matched '/element' to command name 'findElement'
[debug] &amp#27;[35m[WD Proxy]&amp#27;[39m Proxying [POST /element] to [POST http://127.0.0.1:8200/wd/hub/session/f789331e-141a-4136-ac16-2f2228185ffc/element] with body: {"strategy":"id","selector":"in.workindia.nileshdungarwal.workindiaandroid:id/et_course","context":"","multiple":false}
[debug] &amp#27;[35m[WD Proxy]&amp#27;[39m Got response with status 200: {"sessionId":"f789331e-141a-4136-ac16-2f2228185ffc","value":{"ELEMENT":"d5977cda-89e5-4559-9543-be11a5601759","element-6066-11e4-a52e-4f735466cecf":"d5977cda-89e5-4559-9543-be11a5601759"}}
[debug] &amp#27;[35m[W3C (c2100e22)]&amp#27;[39m Responding to client with driver.findElement() result: {"element-6066-11e4-a52e-4f735466cecf":"d5977cda-89e5-4559-9543-be11a5601759","ELEMENT":"d5977cda-89e5-4559-9543-be11a5601759"}
&amp#27;[35m[HTTP]&amp#27;[39m &amp#27;[37m<-- POST /wd/hub/session/c2100e22-d6d2-40fc-b84e-a0779fb7b915/element &amp#27;[39m&amp#27;[32m200&amp#27;[39m &amp#27;[90m80 ms - 137&amp#27;[39m
&amp#27;[35m[HTTP]&amp#27;[39m &amp#27;[90m&amp#27;[39m
&amp#27;[35m[HTTP]&amp#27;[39m &amp#27;[37m-->&amp#27;[39m &amp#27;[37mPOST&amp#27;[39m &amp#27;[37m/wd/hub/session/c2100e22-d6d2-40fc-b84e-a0779fb7b915/element/d5977cda-89e5-4559-9543-be11a5601759/click&amp#27;[39m
&amp#27;[35m[HTTP]&amp#27;[39m &amp#27;[90m{"id":"d5977cda-89e5-4559-9543-be11a5601759"}&amp#27;[39m
[debug] &amp#27;[35m[W3C (c2100e22)]&amp#27;[39m Calling AppiumDriver.click() with args: ["d5977cda-89e5-4559-9543-be11a5601759","c2100e22-d6d2-40fc-b84e-a0779fb7b915"]
[debug] &amp#27;[35m[WD Proxy]&amp#27;[39m Matched '/element/d5977cda-89e5-4559-9543-be11a5601759/click' to command name 'click'
[debug] &amp#27;[35m[WD Proxy]&amp#27;[39m Proxying [POST /element/d5977cda-89e5-4559-9543-be11a5601759/click] to [POST http://127.0.0.1:8200/wd/hub/session/f789331e-141a-4136-ac16-2f2228185ffc/element/d5977cda-89e5-4559-9543-be11a5601759/click] with body: {"element":"d5977cda-89e5-4559-9543-be11a5601759"}
[debug] &amp#27;[35m[WD Proxy]&amp#27;[39m Got response with status 200: {"sessionId":"f789331e-141a-4136-ac16-2f2228185ffc","value":null}
[debug] &amp#27;[35m[W3C (c2100e22)]&amp#27;[39m Responding to client with driver.click() result: null
&amp#27;[35m[HTTP]&amp#27;[39m &amp#27;[37m<-- POST /wd/hub/session/c2100e22-d6d2-40fc-b84e-a0779fb7b915/element/d5977cda-89e5-4559-9543-be11a5601759/click &amp#27;[39m&amp#27;[32m200&amp#27;[39m &amp#27;[90m510 ms - 14&amp#27;[39m
&amp#27;[35m[HTTP]&amp#27;[39m &amp#27;[90m&amp#27;[39m
&amp#27;[35m[HTTP]&amp#27;[39m &amp#27;[37m-->&amp#27;[39m &amp#27;[37mGET&amp#27;[39m &amp#27;[37m/wd/hub/session/c2100e22-d6d2-40fc-b84e-a0779fb7b915&amp#27;[39m
&amp#27;[35m[HTTP]&amp#27;[39m &amp#27;[90m{}&amp#27;[39m
[debug] &amp#27;[35m[W3C (c2100e22)]&amp#27;[39m Calling AppiumDriver.getSession() with args: ["c2100e22-d6d2-40fc-b84e-a0779fb7b915"]
[debug] &amp#27;[35m[UiAutomator2]&amp#27;[39m Getting session details from server to mix in
[debug] &amp#27;[35m[WD Proxy]&amp#27;[39m Matched '/' to command name 'getSession'
[debug] &amp#27;[35m[WD Proxy]&amp#27;[39m Proxying [GET /] to [GET http://127.0.0.1:8200/wd/hub/session/f789331e-141a-4136-ac16-2f2228185ffc] with no body
[debug] &amp#27;[35m[WD Proxy]&amp#27;[39m Got response with status 200: {"sessionId":"f789331e-141a-4136-ac16-2f2228185ffc","value":{"lastScrollData":{"toIndex":-1,"maxScrollY":2299,"maxScrollX":0,"scrollY":2299,"scrollX":0,"fromIndex":-1,"itemCount":-1}}}
[debug] &amp#27;[35m[W3C (c2100e22)]&amp#27;[39m Responding to client with driver.getSession() result: {"platform":"LINUX","webStorageEnabled":false,"takesScreenshot":true,"javascriptEnabled":true,"databaseEnabled":false,"networkConnectionEnabled":true,"locationContextEnabled":false,"warnings":{},"desired":{"platformName":"android","skipDeviceInitialization":true,"skipServerInstallation":false,"app":"./Resources/in.workindia.apk","appActivity":".RegisterActivity","appPackage":"in.workindia.nileshdungarwal.workindiaandroid","platformVersion":"8.1"},"platformName":"android","skipDeviceInitialization":true,"skipServerInstallation":false,"app":"./Resources/in.workindia.apk","appActivity":".RegisterActivity","appPackage":"in.workindia.nileshdungarwal.workindiaandroid","platformVersion":"8.1.0","deviceName":"emulator-5554","deviceUDID":"emulator-5554","deviceApiLevel":27,"deviceScreenSize":"1080x2160","deviceScreenDensity":440,"deviceModel":"Android SDK built for x86","deviceManufacturer":"Google","pixelRatio":2.75,"statBarHeight":66,"viewportRect":{"left":0,"top":66,"width":1080,"height":1962},"lastScrollData":{...
&amp#27;[35m[HTTP]&amp#27;[39m &amp#27;[37m<-- GET /wd/hub/session/c2100e22-d6d2-40fc-b84e-a0779fb7b915 &amp#27;[39m&amp#27;[32m200&amp#27;[39m &amp#27;[90m22 ms - 1135&amp#27;[39m
&amp#27;[35m[HTTP]&amp#27;[39m &amp#27;[90m&amp#27;[39m
&amp#27;[35m[HTTP]&amp#27;[39m &amp#27;[37m-->&amp#27;[39m &amp#27;[37mPOST&amp#27;[39m &amp#27;[37m/wd/hub/session/c2100e22-d6d2-40fc-b84e-a0779fb7b915/element&amp#27;[39m
&amp#27;[35m[HTTP]&amp#27;[39m &amp#27;[90m{"using":"xpath","value":"//android.widget.ListView/android.widget.CheckedTextView[11]"}&amp#27;[39m
[debug] &amp#27;[35m[W3C (c2100e22)]&amp#27;[39m Calling AppiumDriver.findElement() with args: ["xpath","//android.widget.ListView/android.widget.CheckedTextView[11]","c2100e22-d6d2-40fc-b84e-a0779fb7b915"]
[debug] &amp#27;[35m[BaseDriver]&amp#27;[39m Valid locator strategies for this request: xpath, id, class name, accessibility id, css selector, -android uiautomator
[debug] &amp#27;[35m[BaseDriver]&amp#27;[39m Waiting up to 50000 ms for condition
[debug] &amp#27;[35m[WD Proxy]&amp#27;[39m Matched '/element' to command name 'findElement'
[debug] &amp#27;[35m[WD Proxy]&amp#27;[39m Proxying [POST /element] to [POST http://127.0.0.1:8200/wd/hub/session/f789331e-141a-4136-ac16-2f2228185ffc/element] with body: {"strategy":"xpath","selector":"//android.widget.ListView/android.widget.CheckedTextView[11]","context":"","multiple":false}
[debug] &amp#27;[35m[WD Proxy]&amp#27;[39m Got response with status 200: {"sessionId":"f789331e-141a-4136-ac16-2f2228185ffc","value":{"ELEMENT":"a30a74dc-bf51-4def-9ffb-8f31d1e472b2","element-6066-11e4-a52e-4f735466cecf":"a30a74dc-bf51-4def-9ffb-8f31d1e472b2"}}
[debug] &amp#27;[35m[W3C (c2100e22)]&amp#27;[39m Responding to client with driver.findElement() result: {"element-6066-11e4-a52e-4f735466cecf":"a30a74dc-bf51-4def-9ffb-8f31d1e472b2","ELEMENT":"a30a74dc-bf51-4def-9ffb-8f31d1e472b2"}
&amp#27;[35m[HTTP]&amp#27;[39m &amp#27;[37m<-- POST /wd/hub/session/c2100e22-d6d2-40fc-b84e-a0779fb7b915/element &amp#27;[39m&amp#27;[32m200&amp#27;[39m &amp#27;[90m268 ms - 137&amp#27;[39m
&amp#27;[35m[HTTP]&amp#27;[39m &amp#27;[90m&amp#27;[39m
&amp#27;[35m[HTTP]&amp#27;[39m &amp#27;[37m-->&amp#27;[39m &amp#27;[37mPOST&amp#27;[39m &amp#27;[37m/wd/hub/session/c2100e22-d6d2-40fc-b84e-a0779fb7b915/element/a30a74dc-bf51-4def-9ffb-8f31d1e472b2/click&amp#27;[39m
&amp#27;[35m[HTTP]&amp#27;[39m &amp#27;[90m{"id":"a30a74dc-bf51-4def-9ffb-8f31d1e472b2"}&amp#27;[39m
[debug] &amp#27;[35m[W3C (c2100e22)]&amp#27;[39m Calling AppiumDriver.click() with args: ["a30a74dc-bf51-4def-9ffb-8f31d1e472b2","c2100e22-d6d2-40fc-b84e-a0779fb7b915"]
[debug] &amp#27;[35m[WD Proxy]&amp#27;[39m Matched '/element/a30a74dc-bf51-4def-9ffb-8f31d1e472b2/click' to command name 'click'
[debug] &amp#27;[35m[WD Proxy]&amp#27;[39m Proxying [POST /element/a30a74dc-bf51-4def-9ffb-8f31d1e472b2/click] to [POST http://127.0.0.1:8200/wd/hub/session/f789331e-141a-4136-ac16-2f2228185ffc/element/a30a74dc-bf51-4def-9ffb-8f31d1e472b2/click] with body: {"element":"a30a74dc-bf51-4def-9ffb-8f31d1e472b2"}
[debug] &amp#27;[35m[WD Proxy]&amp#27;[39m Got response with status 200: {"sessionId":"f789331e-141a-4136-ac16-2f2228185ffc","value":null}
[debug] &amp#27;[35m[W3C (c2100e22)]&amp#27;[39m Responding to client with driver.click() result: null
&amp#27;[35m[HTTP]&amp#27;[39m &amp#27;[37m<-- POST /wd/hub/session/c2100e22-d6d2-40fc-b84e-a0779fb7b915/element/a30a74dc-bf51-4def-9ffb-8f31d1e472b2/click &amp#27;[39m&amp#27;[32m200&amp#27;[39m &amp#27;[90m1399 ms - 14&amp#27;[39m
&amp#27;[35m[HTTP]&amp#27;[39m &amp#27;[90m&amp#27;[39m
&amp#27;[35m[HTTP]&amp#27;[39m &amp#27;[37m-->&amp#27;[39m &amp#27;[37mGET&amp#27;[39m &amp#27;[37m/wd/hub/session/c2100e22-d6d2-40fc-b84e-a0779fb7b915&amp#27;[39m
&amp#27;[35m[HTTP]&amp#27;[39m &amp#27;[90m{}&amp#27;[39m
[debug] &amp#27;[35m[W3C (c2100e22)]&amp#27;[39m Calling AppiumDriver.getSession() with args: ["c2100e22-d6d2-40fc-b84e-a0779fb7b915"]
[debug] &amp#27;[35m[UiAutomator2]&amp#27;[39m Getting session details from server to mix in
[debug] &amp#27;[35m[WD Proxy]&amp#27;[39m Matched '/' to command name 'getSession'
[debug] &amp#27;[35m[WD Proxy]&amp#27;[39m Proxying [GET /] to [GET http://127.0.0.1:8200/wd/hub/session/f789331e-141a-4136-ac16-2f2228185ffc] with no body
[debug] &amp#27;[35m[WD Proxy]&amp#27;[39m Got response with status 200: {"sessionId":"f789331e-141a-4136-ac16-2f2228185ffc","value":{"lastScrollData":{"toIndex":-1,"maxScrollY":2299,"maxScrollX":0,"scrollY":2299,"scrollX":0,"fromIndex":-1,"itemCount":-1}}}
[debug] &amp#27;[35m[W3C (c2100e22)]&amp#27;[39m Responding to client with driver.getSession() result: {"platform":"LINUX","webStorageEnabled":false,"takesScreenshot":true,"javascriptEnabled":true,"databaseEnabled":false,"networkConnectionEnabled":true,"locationContextEnabled":false,"warnings":{},"desired":{"platformName":"android","skipDeviceInitialization":true,"skipServerInstallation":false,"app":"./Resources/in.workindia.apk","appActivity":".RegisterActivity","appPackage":"in.workindia.nileshdungarwal.workindiaandroid","platformVersion":"8.1"},"platformName":"android","skipDeviceInitialization":true,"skipServerInstallation":false,"app":"./Resources/in.workindia.apk","appActivity":".RegisterActivity","appPackage":"in.workindia.nileshdungarwal.workindiaandroid","platformVersion":"8.1.0","deviceName":"emulator-5554","deviceUDID":"emulator-5554","deviceApiLevel":27,"deviceScreenSize":"1080x2160","deviceScreenDensity":440,"deviceModel":"Android SDK built for x86","deviceManufacturer":"Google","pixelRatio":2.75,"statBarHeight":66,"viewportRect":{"left":0,"top":66,"width":1080,"height":1962},"lastScrollData":{...
&amp#27;[35m[HTTP]&amp#27;[39m &amp#27;[37m<-- GET /wd/hub/session/c2100e22-d6d2-40fc-b84e-a0779fb7b915 &amp#27;[39m&amp#27;[32m200&amp#27;[39m &amp#27;[90m15 ms - 1135&amp#27;[39m
&amp#27;[35m[HTTP]&amp#27;[39m &amp#27;[90m&amp#27;[39m
&amp#27;[35m[HTTP]&amp#27;[39m &amp#27;[37m-->&amp#27;[39m &amp#27;[37mGET&amp#27;[39m &amp#27;[37m/wd/hub/session/c2100e22-d6d2-40fc-b84e-a0779fb7b915&amp#27;[39m
&amp#27;[35m[HTTP]&amp#27;[39m &amp#27;[90m{}&amp#27;[39m
[debug] &amp#27;[35m[W3C (c2100e22)]&amp#27;[39m Calling AppiumDriver.getSession() with args: ["c2100e22-d6d2-40fc-b84e-a0779fb7b915"]
[debug] &amp#27;[35m[UiAutomator2]&amp#27;[39m Getting session details from server to mix in
[debug] &amp#27;[35m[WD Proxy]&amp#27;[39m Matched '/' to command name 'getSession'
[debug] &amp#27;[35m[WD Proxy]&amp#27;[39m Proxying [GET /] to [GET http://127.0.0.1:8200/wd/hub/session/f789331e-141a-4136-ac16-2f2228185ffc] with no body
[debug] &amp#27;[35m[WD Proxy]&amp#27;[39m Got response with status 200: {"sessionId":"f789331e-141a-4136-ac16-2f2228185ffc","value":{"lastScrollData":{"toIndex":-1,"maxScrollY":2299,"maxScrollX":0,"scrollY":2299,"scrollX":0,"fromIndex":-1,"itemCount":-1}}}
[debug] &amp#27;[35m[W3C (c2100e22)]&amp#27;[39m Responding to client with driver.getSession() result: {"platform":"LINUX","webStorageEnabled":false,"takesScreenshot":true,"javascriptEnabled":true,"databaseEnabled":false,"networkConnectionEnabled":true,"locationContextEnabled":false,"warnings":{},"desired":{"platformName":"android","skipDeviceInitialization":true,"skipServerInstallation":false,"app":"./Resources/in.workindia.apk","appActivity":".RegisterActivity","appPackage":"in.workindia.nileshdungarwal.workindiaandroid","platformVersion":"8.1"},"platformName":"android","skipDeviceInitialization":true,"skipServerInstallation":false,"app":"./Resources/in.workindia.apk","appActivity":".RegisterActivity","appPackage":"in.workindia.nileshdungarwal.workindiaandroid","platformVersion":"8.1.0","deviceName":"emulator-5554","deviceUDID":"emulator-5554","deviceApiLevel":27,"deviceScreenSize":"1080x2160","deviceScreenDensity":440,"deviceModel":"Android SDK built for x86","deviceManufacturer":"Google","pixelRatio":2.75,"statBarHeight":66,"viewportRect":{"left":0,"top":66,"width":1080,"height":1962},"lastScrollData":{...
&amp#27;[35m[HTTP]&amp#27;[39m &amp#27;[37m<-- GET /wd/hub/session/c2100e22-d6d2-40fc-b84e-a0779fb7b915 &amp#27;[39m&amp#27;[32m200&amp#27;[39m &amp#27;[90m12 ms - 1135&amp#27;[39m
&amp#27;[35m[HTTP]&amp#27;[39m &amp#27;[90m&amp#27;[39m
&amp#27;[35m[HTTP]&amp#27;[39m &amp#27;[37m-->&amp#27;[39m &amp#27;[37mGET&amp#27;[39m &amp#27;[37m/wd/hub/session/c2100e22-d6d2-40fc-b84e-a0779fb7b915&amp#27;[39m
&amp#27;[35m[HTTP]&amp#27;[39m &amp#27;[90m{}&amp#27;[39m
[debug] &amp#27;[35m[W3C (c2100e22)]&amp#27;[39m Calling AppiumDriver.getSession() with args: ["c2100e22-d6d2-40fc-b84e-a0779fb7b915"]
[debug] &amp#27;[35m[UiAutomator2]&amp#27;[39m Getting session details from server to mix in
[debug] &amp#27;[35m[WD Proxy]&amp#27;[39m Matched '/' to command name 'getSession'
[debug] &amp#27;[35m[WD Proxy]&amp#27;[39m Proxying [GET /] to [GET http://127.0.0.1:8200/wd/hub/session/f789331e-141a-4136-ac16-2f2228185ffc] with no body
[debug] &amp#27;[35m[WD Proxy]&amp#27;[39m Got response with status 200: {"sessionId":"f789331e-141a-4136-ac16-2f2228185ffc","value":{"lastScrollData":{"toIndex":-1,"maxScrollY":2299,"maxScrollX":0,"scrollY":2299,"scrollX":0,"fromIndex":-1,"itemCount":-1}}}
[debug] &amp#27;[35m[W3C (c2100e22)]&amp#27;[39m Responding to client with driver.getSession() result: {"platform":"LINUX","webStorageEnabled":false,"takesScreenshot":true,"javascriptEnabled":true,"databaseEnabled":false,"networkConnectionEnabled":true,"locationContextEnabled":false,"warnings":{},"desired":{"platformName":"android","skipDeviceInitialization":true,"skipServerInstallation":false,"app":"./Resources/in.workindia.apk","appActivity":".RegisterActivity","appPackage":"in.workindia.nileshdungarwal.workindiaandroid","platformVersion":"8.1"},"platformName":"android","skipDeviceInitialization":true,"skipServerInstallation":false,"app":"./Resources/in.workindia.apk","appActivity":".RegisterActivity","appPackage":"in.workindia.nileshdungarwal.workindiaandroid","platformVersion":"8.1.0","deviceName":"emulator-5554","deviceUDID":"emulator-5554","deviceApiLevel":27,"deviceScreenSize":"1080x2160","deviceScreenDensity":440,"deviceModel":"Android SDK built for x86","deviceManufacturer":"Google","pixelRatio":2.75,"statBarHeight":66,"viewportRect":{"left":0,"top":66,"width":1080,"height":1962},"lastScrollData":{...
&amp#27;[35m[HTTP]&amp#27;[39m &amp#27;[37m<-- GET /wd/hub/session/c2100e22-d6d2-40fc-b84e-a0779fb7b915 &amp#27;[39m&amp#27;[32m200&amp#27;[39m &amp#27;[90m13 ms - 1135&amp#27;[39m
&amp#27;[35m[HTTP]&amp#27;[39m &amp#27;[90m&amp#27;[39m
&amp#27;[35m[HTTP]&amp#27;[39m &amp#27;[37m-->&amp#27;[39m &amp#27;[37mPOST&amp#27;[39m &amp#27;[37m/wd/hub/session/c2100e22-d6d2-40fc-b84e-a0779fb7b915/element&amp#27;[39m
&amp#27;[35m[HTTP]&amp#27;[39m &amp#27;[90m{"using":"id","value":"in.workindia.nileshdungarwal.workindiaandroid:id/btn_done"}&amp#27;[39m
[debug] &amp#27;[35m[W3C (c2100e22)]&amp#27;[39m Calling AppiumDriver.findElement() with args: ["id","in.workindia.nileshdungarwal.workindiaandroid:id/btn_done","c2100e22-d6d2-40fc-b84e-a0779fb7b915"]
[debug] &amp#27;[35m[BaseDriver]&amp#27;[39m Valid locator strategies for this request: xpath, id, class name, accessibility id, css selector, -android uiautomator
[debug] &amp#27;[35m[BaseDriver]&amp#27;[39m Waiting up to 50000 ms for condition
[debug] &amp#27;[35m[WD Proxy]&amp#27;[39m Matched '/element' to command name 'findElement'
[debug] &amp#27;[35m[WD Proxy]&amp#27;[39m Proxying [POST /element] to [POST http://127.0.0.1:8200/wd/hub/session/f789331e-141a-4136-ac16-2f2228185ffc/element] with body: {"strategy":"id","selector":"in.workindia.nileshdungarwal.workindiaandroid:id/btn_done","context":"","multiple":false}
[debug] &amp#27;[35m[WD Proxy]&amp#27;[39m Got response with status 200: {"sessionId":"f789331e-141a-4136-ac16-2f2228185ffc","value":{"ELEMENT":"53ffbe62-8bae-4ff7-a487-de149050d482","element-6066-11e4-a52e-4f735466cecf":"53ffbe62-8bae-4ff7-a487-de149050d482"}}
[debug] &amp#27;[35m[W3C (c2100e22)]&amp#27;[39m Responding to client with driver.findElement() result: {"element-6066-11e4-a52e-4f735466cecf":"53ffbe62-8bae-4ff7-a487-de149050d482","ELEMENT":"53ffbe62-8bae-4ff7-a487-de149050d482"}
&amp#27;[35m[HTTP]&amp#27;[39m &amp#27;[37m<-- POST /wd/hub/session/c2100e22-d6d2-40fc-b84e-a0779fb7b915/element &amp#27;[39m&amp#27;[32m200&amp#27;[39m &amp#27;[90m43 ms - 137&amp#27;[39m
&amp#27;[35m[HTTP]&amp#27;[39m &amp#27;[90m&amp#27;[39m
&amp#27;[35m[HTTP]&amp#27;[39m &amp#27;[37m-->&amp#27;[39m &amp#27;[37mPOST&amp#27;[39m &amp#27;[37m/wd/hub/session/c2100e22-d6d2-40fc-b84e-a0779fb7b915/element/53ffbe62-8bae-4ff7-a487-de149050d482/click&amp#27;[39m
&amp#27;[35m[HTTP]&amp#27;[39m &amp#27;[90m{"id":"53ffbe62-8bae-4ff7-a487-de149050d482"}&amp#27;[39m
[debug] &amp#27;[35m[W3C (c2100e22)]&amp#27;[39m Calling AppiumDriver.click() with args: ["53ffbe62-8bae-4ff7-a487-de149050d482","c2100e22-d6d2-40fc-b84e-a0779fb7b915"]
[debug] &amp#27;[35m[WD Proxy]&amp#27;[39m Matched '/element/53ffbe62-8bae-4ff7-a487-de149050d482/click' to command name 'click'
[debug] &amp#27;[35m[WD Proxy]&amp#27;[39m Proxying [POST /element/53ffbe62-8bae-4ff7-a487-de149050d482/click] to [POST http://127.0.0.1:8200/wd/hub/session/f789331e-141a-4136-ac16-2f2228185ffc/element/53ffbe62-8bae-4ff7-a487-de149050d482/click] with body: {"element":"53ffbe62-8bae-4ff7-a487-de149050d482"}
[debug] &amp#27;[35m[WD Proxy]&amp#27;[39m Got response with status 200: {"sessionId":"f789331e-141a-4136-ac16-2f2228185ffc","value":null}
[debug] &amp#27;[35m[W3C (c2100e22)]&amp#27;[39m Responding to client with driver.click() result: null
&amp#27;[35m[HTTP]&amp#27;[39m &amp#27;[37m<-- POST /wd/hub/session/c2100e22-d6d2-40fc-b84e-a0779fb7b915/element/53ffbe62-8bae-4ff7-a487-de149050d482/click &amp#27;[39m&amp#27;[32m200&amp#27;[39m &amp#27;[90m24 ms - 14&amp#27;[39m
&amp#27;[35m[HTTP]&amp#27;[39m &amp#27;[90m&amp#27;[39m
&amp#27;[35m[HTTP]&amp#27;[39m &amp#27;[37m-->&amp#27;[39m &amp#27;[37mGET&amp#27;[39m &amp#27;[37m/wd/hub/session/c2100e22-d6d2-40fc-b84e-a0779fb7b915&amp#27;[39m
&amp#27;[35m[HTTP]&amp#27;[39m &amp#27;[90m{}&amp#27;[39m
[debug] &amp#27;[35m[W3C (c2100e22)]&amp#27;[39m Calling AppiumDriver.getSession() with args: ["c2100e22-d6d2-40fc-b84e-a0779fb7b915"]
[debug] &amp#27;[35m[UiAutomator2]&amp#27;[39m Getting session details from server to mix in
[debug] &amp#27;[35m[WD Proxy]&amp#27;[39m Matched '/' to command name 'getSession'
[debug] &amp#27;[35m[WD Proxy]&amp#27;[39m Proxying [GET /] to [GET http://127.0.0.1:8200/wd/hub/session/f789331e-141a-4136-ac16-2f2228185ffc] with no body
[debug] &amp#27;[35m[WD Proxy]&amp#27;[39m Got response with status 200: {"sessionId":"f789331e-141a-4136-ac16-2f2228185ffc","value":{"lastScrollData":{"toIndex":-1,"maxScrollY":2299,"maxScrollX":0,"scrollY":2299,"scrollX":0,"fromIndex":-1,"itemCount":-1}}}
[debug] &amp#27;[35m[W3C (c2100e22)]&amp#27;[39m Responding to client with driver.getSession() result: {"platform":"LINUX","webStorageEnabled":false,"takesScreenshot":true,"javascriptEnabled":true,"databaseEnabled":false,"networkConnectionEnabled":true,"locationContextEnabled":false,"warnings":{},"desired":{"platformName":"android","skipDeviceInitialization":true,"skipServerInstallation":false,"app":"./Resources/in.workindia.apk","appActivity":".RegisterActivity","appPackage":"in.workindia.nileshdungarwal.workindiaandroid","platformVersion":"8.1"},"platformName":"android","skipDeviceInitialization":true,"skipServerInstallation":false,"app":"./Resources/in.workindia.apk","appActivity":".RegisterActivity","appPackage":"in.workindia.nileshdungarwal.workindiaandroid","platformVersion":"8.1.0","deviceName":"emulator-5554","deviceUDID":"emulator-5554","deviceApiLevel":27,"deviceScreenSize":"1080x2160","deviceScreenDensity":440,"deviceModel":"Android SDK built for x86","deviceManufacturer":"Google","pixelRatio":2.75,"statBarHeight":66,"viewportRect":{"left":0,"top":66,"width":1080,"height":1962},"lastScrollData":{...
&amp#27;[35m[HTTP]&amp#27;[39m &amp#27;[37m<-- GET /wd/hub/session/c2100e22-d6d2-40fc-b84e-a0779fb7b915 &amp#27;[39m&amp#27;[32m200&amp#27;[39m &amp#27;[90m13 ms - 1135&amp#27;[39m
&amp#27;[35m[HTTP]&amp#27;[39m &amp#27;[90m&amp#27;[39m
&amp#27;[35m[HTTP]&amp#27;[39m &amp#27;[37m-->&amp#27;[39m &amp#27;[37mGET&amp#27;[39m &amp#27;[37m/wd/hub/session/c2100e22-d6d2-40fc-b84e-a0779fb7b915&amp#27;[39m
&amp#27;[35m[HTTP]&amp#27;[39m &amp#27;[90m{}&amp#27;[39m
[debug] &amp#27;[35m[W3C (c2100e22)]&amp#27;[39m Calling AppiumDriver.getSession() with args: ["c2100e22-d6d2-40fc-b84e-a0779fb7b915"]
[debug] &amp#27;[35m[UiAutomator2]&amp#27;[39m Getting session details from server to mix in
[debug] &amp#27;[35m[WD Proxy]&amp#27;[39m Matched '/' to command name 'getSession'
[debug] &amp#27;[35m[WD Proxy]&amp#27;[39m Proxying [GET /] to [GET http://127.0.0.1:8200/wd/hub/session/f789331e-141a-4136-ac16-2f2228185ffc] with no body
[debug] &amp#27;[35m[WD Proxy]&amp#27;[39m Got response with status 200: {"sessionId":"f789331e-141a-4136-ac16-2f2228185ffc","value":{"lastScrollData":{"toIndex":-1,"maxScrollY":2299,"maxScrollX":0,"scrollY":2299,"scrollX":0,"fromIndex":-1,"itemCount":-1}}}
[debug] &amp#27;[35m[W3C (c2100e22)]&amp#27;[39m Responding to client with driver.getSession() result: {"platform":"LINUX","webStorageEnabled":false,"takesScreenshot":true,"javascriptEnabled":true,"databaseEnabled":false,"networkConnectionEnabled":true,"locationContextEnabled":false,"warnings":{},"desired":{"platformName":"android","skipDeviceInitialization":true,"skipServerInstallation":false,"app":"./Resources/in.workindia.apk","appActivity":".RegisterActivity","appPackage":"in.workindia.nileshdungarwal.workindiaandroid","platformVersion":"8.1"},"platformName":"android","skipDeviceInitialization":true,"skipServerInstallation":false,"app":"./Resources/in.workindia.apk","appActivity":".RegisterActivity","appPackage":"in.workindia.nileshdungarwal.workindiaandroid","platformVersion":"8.1.0","deviceName":"emulator-5554","deviceUDID":"emulator-5554","deviceApiLevel":27,"deviceScreenSize":"1080x2160","deviceScreenDensity":440,"deviceModel":"Android SDK built for x86","deviceManufacturer":"Google","pixelRatio":2.75,"statBarHeight":66,"viewportRect":{"left":0,"top":66,"width":1080,"height":1962},"lastScrollData":{...
&amp#27;[35m[HTTP]&amp#27;[39m &amp#27;[37m<-- GET /wd/hub/session/c2100e22-d6d2-40fc-b84e-a0779fb7b915 &amp#27;[39m&amp#27;[32m200&amp#27;[39m &amp#27;[90m17 ms - 1135&amp#27;[39m
&amp#27;[35m[HTTP]&amp#27;[39m &amp#27;[90m&amp#27;[39m
&amp#27;[35m[HTTP]&amp#27;[39m &amp#27;[37m-->&amp#27;[39m &amp#27;[37mGET&amp#27;[39m &amp#27;[37m/wd/hub/session/c2100e22-d6d2-40fc-b84e-a0779fb7b915&amp#27;[39m
&amp#27;[35m[HTTP]&amp#27;[39m &amp#27;[90m{}&amp#27;[39m
[debug] &amp#27;[35m[W3C (c2100e22)]&amp#27;[39m Calling AppiumDriver.getSession() with args: ["c2100e22-d6d2-40fc-b84e-a0779fb7b915"]
[debug] &amp#27;[35m[UiAutomator2]&amp#27;[39m Getting session details from server to mix in
[debug] &amp#27;[35m[WD Proxy]&amp#27;[39m Matched '/' to command name 'getSession'
[debug] &amp#27;[35m[WD Proxy]&amp#27;[39m Proxying [GET /] to [GET http://127.0.0.1:8200/wd/hub/session/f789331e-141a-4136-ac16-2f2228185ffc] with no body
[debug] &amp#27;[35m[WD Proxy]&amp#27;[39m Got response with status 200: {"sessionId":"f789331e-141a-4136-ac16-2f2228185ffc","value":{"lastScrollData":{"toIndex":-1,"maxScrollY":2299,"maxScrollX":0,"scrollY":2299,"scrollX":0,"fromIndex":-1,"itemCount":-1}}}
[debug] &amp#27;[35m[W3C (c2100e22)]&amp#27;[39m Responding to client with driver.getSession() result: {"platform":"LINUX","webStorageEnabled":false,"takesScreenshot":true,"javascriptEnabled":true,"databaseEnabled":false,"networkConnectionEnabled":true,"locationContextEnabled":false,"warnings":{},"desired":{"platformName":"android","skipDeviceInitialization":true,"skipServerInstallation":false,"app":"./Resources/in.workindia.apk","appActivity":".RegisterActivity","appPackage":"in.workindia.nileshdungarwal.workindiaandroid","platformVersion":"8.1"},"platformName":"android","skipDeviceInitialization":true,"skipServerInstallation":false,"app":"./Resources/in.workindia.apk","appActivity":".RegisterActivity","appPackage":"in.workindia.nileshdungarwal.workindiaandroid","platformVersion":"8.1.0","deviceName":"emulator-5554","deviceUDID":"emulator-5554","deviceApiLevel":27,"deviceScreenSize":"1080x2160","deviceScreenDensity":440,"deviceModel":"Android SDK built for x86","deviceManufacturer":"Google","pixelRatio":2.75,"statBarHeight":66,"viewportRect":{"left":0,"top":66,"width":1080,"height":1962},"lastScrollData":{...
&amp#27;[35m[HTTP]&amp#27;[39m &amp#27;[37m<-- GET /wd/hub/session/c2100e22-d6d2-40fc-b84e-a0779fb7b915 &amp#27;[39m&amp#27;[32m200&amp#27;[39m &amp#27;[90m15 ms - 1135&amp#27;[39m
&amp#27;[35m[HTTP]&amp#27;[39m &amp#27;[90m&amp#27;[39m
&amp#27;[35m[HTTP]&amp#27;[39m &amp#27;[37m-->&amp#27;[39m &amp#27;[37mPOST&amp#27;[39m &amp#27;[37m/wd/hub/session/c2100e22-d6d2-40fc-b84e-a0779fb7b915/element&amp#27;[39m
&amp#27;[35m[HTTP]&amp#27;[39m &amp#27;[90m{"using":"id","value":"in.workindia.nileshdungarwal.workindiaandroid:id/btn_english"}&amp#27;[39m
[debug] &amp#27;[35m[W3C (c2100e22)]&amp#27;[39m Calling AppiumDriver.findElement() with args: ["id","in.workindia.nileshdungarwal.workindiaandroid:id/btn_english","c2100e22-d6d2-40fc-b84e-a0779fb7b915"]
[debug] &amp#27;[35m[BaseDriver]&amp#27;[39m Valid locator strategies for this request: xpath, id, class name, accessibility id, css selector, -android uiautomator
[debug] &amp#27;[35m[BaseDriver]&amp#27;[39m Waiting up to 50000 ms for condition
[debug] &amp#27;[35m[WD Proxy]&amp#27;[39m Matched '/element' to command name 'findElement'
[debug] &amp#27;[35m[WD Proxy]&amp#27;[39m Proxying [POST /element] to [POST http://127.0.0.1:8200/wd/hub/session/f789331e-141a-4136-ac16-2f2228185ffc/element] with body: {"strategy":"id","selector":"in.workindia.nileshdungarwal.workindiaandroid:id/btn_english","context":"","multiple":false}
&amp#27;[35m[WD Proxy]&amp#27;[39m Got response with status 404: {"sessionId":"f789331e-141a-4136-ac16-2f2228185ffc","value":{"error":"no such element","message":"An element could not be located on the page using the given search parameters","stacktrace":"io.appium.uiautomator2.common.exceptions.ElementNotFoundException: An element could not be located on the page using the given search parameters\n\tat io.appium.uiautomator2.handler.FindElement.safeHandle(FindElement.java:73)\n\tat io.appium.uiautomator2.handler.request.SafeRequestHandler.handle(SafeRequestHandler.java:41)\n\tat io.appium.uiautomator2.server.AppiumServlet.handleRequest(AppiumServlet.java:261)\n\tat io.appium.uiautomator2.server.AppiumServlet.handleHttpRequest(AppiumServlet.java:255)\n\tat io.appium.uiautomator2.http.ServerHandler.channelRead(ServerHandler.java:68)\n\tat io.netty.channel.AbstractChannelHandlerContext.invokeChannelRead(AbstractChannelHandlerContext.java:366)\n\tat io.netty.channel.AbstractChannelHandlerContext.invokeChannelRead(AbstractChannelHandlerContext.java:352)\n\tat io.netty.chann...
[debug] &amp#27;[35m[W3C]&amp#27;[39m Matched W3C error code 'no such element' to NoSuchElementError
[debug] &amp#27;[35m[BaseDriver]&amp#27;[39m Waited for 91 ms so far
[debug] &amp#27;[35m[WD Proxy]&amp#27;[39m Matched '/element' to command name 'findElement'
[debug] &amp#27;[35m[WD Proxy]&amp#27;[39m Proxying [POST /element] to [POST http://127.0.0.1:8200/wd/hub/session/f789331e-141a-4136-ac16-2f2228185ffc/element] with body: {"strategy":"id","selector":"in.workindia.nileshdungarwal.workindiaandroid:id/btn_english","context":"","multiple":false}
[debug] &amp#27;[35m[WD Proxy]&amp#27;[39m Got response with status 200: {"sessionId":"f789331e-141a-4136-ac16-2f2228185ffc","value":{"ELEMENT":"e088c490-cb60-4213-8833-c682630b68dd","element-6066-11e4-a52e-4f735466cecf":"e088c490-cb60-4213-8833-c682630b68dd"}}
[debug] &amp#27;[35m[W3C (c2100e22)]&amp#27;[39m Responding to client with driver.findElement() result: {"element-6066-11e4-a52e-4f735466cecf":"e088c490-cb60-4213-8833-c682630b68dd","ELEMENT":"e088c490-cb60-4213-8833-c682630b68dd"}
&amp#27;[35m[HTTP]&amp#27;[39m &amp#27;[37m<-- POST /wd/hub/session/c2100e22-d6d2-40fc-b84e-a0779fb7b915/element &amp#27;[39m&amp#27;[32m200&amp#27;[39m &amp#27;[90m1059 ms - 137&amp#27;[39m
&amp#27;[35m[HTTP]&amp#27;[39m &amp#27;[90m&amp#27;[39m
&amp#27;[35m[HTTP]&amp#27;[39m &amp#27;[37m-->&amp#27;[39m &amp#27;[37mPOST&amp#27;[39m &amp#27;[37m/wd/hub/session/c2100e22-d6d2-40fc-b84e-a0779fb7b915/element/e088c490-cb60-4213-8833-c682630b68dd/click&amp#27;[39m
&amp#27;[35m[HTTP]&amp#27;[39m &amp#27;[90m{"id":"e088c490-cb60-4213-8833-c682630b68dd"}&amp#27;[39m
[debug] &amp#27;[35m[W3C (c2100e22)]&amp#27;[39m Calling AppiumDriver.click() with args: ["e088c490-cb60-4213-8833-c682630b68dd","c2100e22-d6d2-40fc-b84e-a0779fb7b915"]
[debug] &amp#27;[35m[WD Proxy]&amp#27;[39m Matched '/element/e088c490-cb60-4213-8833-c682630b68dd/click' to command name 'click'
[debug] &amp#27;[35m[WD Proxy]&amp#27;[39m Proxying [POST /element/e088c490-cb60-4213-8833-c682630b68dd/click] to [POST http://127.0.0.1:8200/wd/hub/session/f789331e-141a-4136-ac16-2f2228185ffc/element/e088c490-cb60-4213-8833-c682630b68dd/click] with body: {"element":"e088c490-cb60-4213-8833-c682630b68dd"}
[debug] &amp#27;[35m[WD Proxy]&amp#27;[39m Got response with status 200: {"sessionId":"f789331e-141a-4136-ac16-2f2228185ffc","value":null}
[debug] &amp#27;[35m[W3C (c2100e22)]&amp#27;[39m Responding to client with driver.click() result: null
&amp#27;[35m[HTTP]&amp#27;[39m &amp#27;[37m<-- POST /wd/hub/session/c2100e22-d6d2-40fc-b84e-a0779fb7b915/element/e088c490-cb60-4213-8833-c682630b68dd/click &amp#27;[39m&amp#27;[32m200&amp#27;[39m &amp#27;[90m628 ms - 14&amp#27;[39m
&amp#27;[35m[HTTP]&amp#27;[39m &amp#27;[90m&amp#27;[39m
&amp#27;[35m[HTTP]&amp#27;[39m &amp#27;[37m-->&amp#27;[39m &amp#27;[37mGET&amp#27;[39m &amp#27;[37m/wd/hub/session/c2100e22-d6d2-40fc-b84e-a0779fb7b915&amp#27;[39m
&amp#27;[35m[HTTP]&amp#27;[39m &amp#27;[90m{}&amp#27;[39m
[debug] &amp#27;[35m[W3C (c2100e22)]&amp#27;[39m Calling AppiumDriver.getSession() with args: ["c2100e22-d6d2-40fc-b84e-a0779fb7b915"]
[debug] &amp#27;[35m[UiAutomator2]&amp#27;[39m Getting session details from server to mix in
[debug] &amp#27;[35m[WD Proxy]&amp#27;[39m Matched '/' to command name 'getSession'
[debug] &amp#27;[35m[WD Proxy]&amp#27;[39m Proxying [GET /] to [GET http://127.0.0.1:8200/wd/hub/session/f789331e-141a-4136-ac16-2f2228185ffc] with no body
[debug] &amp#27;[35m[WD Proxy]&amp#27;[39m Got response with status 200: {"sessionId":"f789331e-141a-4136-ac16-2f2228185ffc","value":{"lastScrollData":{"toIndex":-1,"maxScrollY":2299,"maxScrollX":0,"scrollY":2299,"scrollX":0,"fromIndex":-1,"itemCount":-1}}}
[debug] &amp#27;[35m[W3C (c2100e22)]&amp#27;[39m Responding to client with driver.getSession() result: {"platform":"LINUX","webStorageEnabled":false,"takesScreenshot":true,"javascriptEnabled":true,"databaseEnabled":false,"networkConnectionEnabled":true,"locationContextEnabled":false,"warnings":{},"desired":{"platformName":"android","skipDeviceInitialization":true,"skipServerInstallation":false,"app":"./Resources/in.workindia.apk","appActivity":".RegisterActivity","appPackage":"in.workindia.nileshdungarwal.workindiaandroid","platformVersion":"8.1"},"platformName":"android","skipDeviceInitialization":true,"skipServerInstallation":false,"app":"./Resources/in.workindia.apk","appActivity":".RegisterActivity","appPackage":"in.workindia.nileshdungarwal.workindiaandroid","platformVersion":"8.1.0","deviceName":"emulator-5554","deviceUDID":"emulator-5554","deviceApiLevel":27,"deviceScreenSize":"1080x2160","deviceScreenDensity":440,"deviceModel":"Android SDK built for x86","deviceManufacturer":"Google","pixelRatio":2.75,"statBarHeight":66,"viewportRect":{"left":0,"top":66,"width":1080,"height":1962},"lastScrollData":{...
&amp#27;[35m[HTTP]&amp#27;[39m &amp#27;[37m<-- GET /wd/hub/session/c2100e22-d6d2-40fc-b84e-a0779fb7b915 &amp#27;[39m&amp#27;[32m200&amp#27;[39m &amp#27;[90m11 ms - 1135&amp#27;[39m
&amp#27;[35m[HTTP]&amp#27;[39m &amp#27;[90m&amp#27;[39m
&amp#27;[35m[HTTP]&amp#27;[39m &amp#27;[37m-->&amp#27;[39m &amp#27;[37mGET&amp#27;[39m &amp#27;[37m/wd/hub/session/c2100e22-d6d2-40fc-b84e-a0779fb7b915&amp#27;[39m
&amp#27;[35m[HTTP]&amp#27;[39m &amp#27;[90m{}&amp#27;[39m
[debug] &amp#27;[35m[W3C (c2100e22)]&amp#27;[39m Calling AppiumDriver.getSession() with args: ["c2100e22-d6d2-40fc-b84e-a0779fb7b915"]
[debug] &amp#27;[35m[UiAutomator2]&amp#27;[39m Getting session details from server to mix in
[debug] &amp#27;[35m[WD Proxy]&amp#27;[39m Matched '/' to command name 'getSession'
[debug] &amp#27;[35m[WD Proxy]&amp#27;[39m Proxying [GET /] to [GET http://127.0.0.1:8200/wd/hub/session/f789331e-141a-4136-ac16-2f2228185ffc] with no body
[debug] &amp#27;[35m[WD Proxy]&amp#27;[39m Got response with status 200: {"sessionId":"f789331e-141a-4136-ac16-2f2228185ffc","value":{"lastScrollData":{"toIndex":-1,"maxScrollY":2299,"maxScrollX":0,"scrollY":2299,"scrollX":0,"fromIndex":-1,"itemCount":-1}}}
[debug] &amp#27;[35m[W3C (c2100e22)]&amp#27;[39m Responding to client with driver.getSession() result: {"platform":"LINUX","webStorageEnabled":false,"takesScreenshot":true,"javascriptEnabled":true,"databaseEnabled":false,"networkConnectionEnabled":true,"locationContextEnabled":false,"warnings":{},"desired":{"platformName":"android","skipDeviceInitialization":true,"skipServerInstallation":false,"app":"./Resources/in.workindia.apk","appActivity":".RegisterActivity","appPackage":"in.workindia.nileshdungarwal.workindiaandroid","platformVersion":"8.1"},"platformName":"android","skipDeviceInitialization":true,"skipServerInstallation":false,"app":"./Resources/in.workindia.apk","appActivity":".RegisterActivity","appPackage":"in.workindia.nileshdungarwal.workindiaandroid","platformVersion":"8.1.0","deviceName":"emulator-5554","deviceUDID":"emulator-5554","deviceApiLevel":27,"deviceScreenSize":"1080x2160","deviceScreenDensity":440,"deviceModel":"Android SDK built for x86","deviceManufacturer":"Google","pixelRatio":2.75,"statBarHeight":66,"viewportRect":{"left":0,"top":66,"width":1080,"height":1962},"lastScrollData":{...
&amp#27;[35m[HTTP]&amp#27;[39m &amp#27;[37m<-- GET /wd/hub/session/c2100e22-d6d2-40fc-b84e-a0779fb7b915 &amp#27;[39m&amp#27;[32m200&amp#27;[39m &amp#27;[90m11 ms - 1135&amp#27;[39m
&amp#27;[35m[HTTP]&amp#27;[39m &amp#27;[90m&amp#27;[39m
&amp#27;[35m[HTTP]&amp#27;[39m &amp#27;[37m-->&amp#27;[39m &amp#27;[37mGET&amp#27;[39m &amp#27;[37m/wd/hub/session/c2100e22-d6d2-40fc-b84e-a0779fb7b915&amp#27;[39m
&amp#27;[35m[HTTP]&amp#27;[39m &amp#27;[90m{}&amp#27;[39m
[debug] &amp#27;[35m[W3C (c2100e22)]&amp#27;[39m Calling AppiumDriver.getSession() with args: ["c2100e22-d6d2-40fc-b84e-a0779fb7b915"]
[debug] &amp#27;[35m[UiAutomator2]&amp#27;[39m Getting session details from server to mix in
[debug] &amp#27;[35m[WD Proxy]&amp#27;[39m Matched '/' to command name 'getSession'
[debug] &amp#27;[35m[WD Proxy]&amp#27;[39m Proxying [GET /] to [GET http://127.0.0.1:8200/wd/hub/session/f789331e-141a-4136-ac16-2f2228185ffc] with no body
[debug] &amp#27;[35m[WD Proxy]&amp#27;[39m Got response with status 200: {"sessionId":"f789331e-141a-4136-ac16-2f2228185ffc","value":{"lastScrollData":{"toIndex":-1,"maxScrollY":2299,"maxScrollX":0,"scrollY":2299,"scrollX":0,"fromIndex":-1,"itemCount":-1}}}
[debug] &amp#27;[35m[W3C (c2100e22)]&amp#27;[39m Responding to client with driver.getSession() result: {"platform":"LINUX","webStorageEnabled":false,"takesScreenshot":true,"javascriptEnabled":true,"databaseEnabled":false,"networkConnectionEnabled":true,"locationContextEnabled":false,"warnings":{},"desired":{"platformName":"android","skipDeviceInitialization":true,"skipServerInstallation":false,"app":"./Resources/in.workindia.apk","appActivity":".RegisterActivity","appPackage":"in.workindia.nileshdungarwal.workindiaandroid","platformVersion":"8.1"},"platformName":"android","skipDeviceInitialization":true,"skipServerInstallation":false,"app":"./Resources/in.workindia.apk","appActivity":".RegisterActivity","appPackage":"in.workindia.nileshdungarwal.workindiaandroid","platformVersion":"8.1.0","deviceName":"emulator-5554","deviceUDID":"emulator-5554","deviceApiLevel":27,"deviceScreenSize":"1080x2160","deviceScreenDensity":440,"deviceModel":"Android SDK built for x86","deviceManufacturer":"Google","pixelRatio":2.75,"statBarHeight":66,"viewportRect":{"left":0,"top":66,"width":1080,"height":1962},"lastScrollData":{...
&amp#27;[35m[HTTP]&amp#27;[39m &amp#27;[37m<-- GET /wd/hub/session/c2100e22-d6d2-40fc-b84e-a0779fb7b915 &amp#27;[39m&amp#27;[32m200&amp#27;[39m &amp#27;[90m13 ms - 1135&amp#27;[39m
&amp#27;[35m[HTTP]&amp#27;[39m &amp#27;[90m&amp#27;[39m
&amp#27;[35m[HTTP]&amp#27;[39m &amp#27;[37m-->&amp#27;[39m &amp#27;[37mPOST&amp#27;[39m &amp#27;[37m/wd/hub/session/c2100e22-d6d2-40fc-b84e-a0779fb7b915/element&amp#27;[39m
&amp#27;[35m[HTTP]&amp#27;[39m &amp#27;[90m{"using":"xpath","value":"//android.view.ViewGroup/android.widget.FrameLayout[1]/android.widget.ImageView"}&amp#27;[39m
[debug] &amp#27;[35m[W3C (c2100e22)]&amp#27;[39m Calling AppiumDriver.findElement() with args: ["xpath","//android.view.ViewGroup/android.widget.FrameLayout[1]/android.widget.ImageView","c2100e22-d6d2-40fc-b84e-a0779fb7b915"]
[debug] &amp#27;[35m[BaseDriver]&amp#27;[39m Valid locator strategies for this request: xpath, id, class name, accessibility id, css selector, -android uiautomator
[debug] &amp#27;[35m[BaseDriver]&amp#27;[39m Waiting up to 50000 ms for condition
[debug] &amp#27;[35m[WD Proxy]&amp#27;[39m Matched '/element' to command name 'findElement'
[debug] &amp#27;[35m[WD Proxy]&amp#27;[39m Proxying [POST /element] to [POST http://127.0.0.1:8200/wd/hub/session/f789331e-141a-4136-ac16-2f2228185ffc/element] with body: {"strategy":"xpath","selector":"//android.view.ViewGroup/android.widget.FrameLayout[1]/android.widget.ImageView","context":"","multiple":false}
[debug] &amp#27;[35m[WD Proxy]&amp#27;[39m Got response with status 200: {"sessionId":"f789331e-141a-4136-ac16-2f2228185ffc","value":{"ELEMENT":"137b80e5-d587-4420-89cb-191488eceb7f","element-6066-11e4-a52e-4f735466cecf":"137b80e5-d587-4420-89cb-191488eceb7f"}}
[debug] &amp#27;[35m[W3C (c2100e22)]&amp#27;[39m Responding to client with driver.findElement() result: {"element-6066-11e4-a52e-4f735466cecf":"137b80e5-d587-4420-89cb-191488eceb7f","ELEMENT":"137b80e5-d587-4420-89cb-191488eceb7f"}
&amp#27;[35m[HTTP]&amp#27;[39m &amp#27;[37m<-- POST /wd/hub/session/c2100e22-d6d2-40fc-b84e-a0779fb7b915/element &amp#27;[39m&amp#27;[32m200&amp#27;[39m &amp#27;[90m146 ms - 137&amp#27;[39m
&amp#27;[35m[HTTP]&amp#27;[39m &amp#27;[90m&amp#27;[39m
&amp#27;[35m[HTTP]&amp#27;[39m &amp#27;[37m-->&amp#27;[39m &amp#27;[37mPOST&amp#27;[39m &amp#27;[37m/wd/hub/session/c2100e22-d6d2-40fc-b84e-a0779fb7b915/element/137b80e5-d587-4420-89cb-191488eceb7f/click&amp#27;[39m
&amp#27;[35m[HTTP]&amp#27;[39m &amp#27;[90m{"id":"137b80e5-d587-4420-89cb-191488eceb7f"}&amp#27;[39m
[debug] &amp#27;[35m[W3C (c2100e22)]&amp#27;[39m Calling AppiumDriver.click() with args: ["137b80e5-d587-4420-89cb-191488eceb7f","c2100e22-d6d2-40fc-b84e-a0779fb7b915"]
[debug] &amp#27;[35m[WD Proxy]&amp#27;[39m Matched '/element/137b80e5-d587-4420-89cb-191488eceb7f/click' to command name 'click'
[debug] &amp#27;[35m[WD Proxy]&amp#27;[39m Proxying [POST /element/137b80e5-d587-4420-89cb-191488eceb7f/click] to [POST http://127.0.0.1:8200/wd/hub/session/f789331e-141a-4136-ac16-2f2228185ffc/element/137b80e5-d587-4420-89cb-191488eceb7f/click] with body: {"element":"137b80e5-d587-4420-89cb-191488eceb7f"}
[debug] &amp#27;[35m[WD Proxy]&amp#27;[39m Got response with status 200: {"sessionId":"f789331e-141a-4136-ac16-2f2228185ffc","value":null}
[debug] &amp#27;[35m[W3C (c2100e22)]&amp#27;[39m Responding to client with driver.click() result: null
&amp#27;[35m[HTTP]&amp#27;[39m &amp#27;[37m<-- POST /wd/hub/session/c2100e22-d6d2-40fc-b84e-a0779fb7b915/element/137b80e5-d587-4420-89cb-191488eceb7f/click &amp#27;[39m&amp#27;[32m200&amp#27;[39m &amp#27;[90m577 ms - 14&amp#27;[39m
&amp#27;[35m[HTTP]&amp#27;[39m &amp#27;[90m&amp#27;[39m
&amp#27;[35m[HTTP]&amp#27;[39m &amp#27;[37m-->&amp#27;[39m &amp#27;[37mPOST&amp#27;[39m &amp#27;[37m/wd/hub/session/c2100e22-d6d2-40fc-b84e-a0779fb7b915/timeouts&amp#27;[39m
&amp#27;[35m[HTTP]&amp#27;[39m &amp#27;[90m{"implicit":50000}&amp#27;[39m
[debug] &amp#27;[35m[W3C (c2100e22)]&amp#27;[39m Calling AppiumDriver.timeouts() with args: [null,null,null,null,50000,"c2100e22-d6d2-40fc-b84e-a0779fb7b915"]
[debug] &amp#27;[35m[BaseDriver]&amp#27;[39m W3C timeout argument: {"implicit":50000}}
[debug] &amp#27;[35m[BaseDriver]&amp#27;[39m Set implicit wait to 50000ms
[debug] &amp#27;[35m[W3C (c2100e22)]&amp#27;[39m Responding to client with driver.timeouts() result: null
&amp#27;[35m[HTTP]&amp#27;[39m &amp#27;[37m<-- POST /wd/hub/session/c2100e22-d6d2-40fc-b84e-a0779fb7b915/timeouts &amp#27;[39m&amp#27;[32m200&amp#27;[39m &amp#27;[90m2 ms - 14&amp#27;[39m
&amp#27;[35m[HTTP]&amp#27;[39m &amp#27;[90m&amp#27;[39m
&amp#27;[35m[HTTP]&amp#27;[39m &amp#27;[37m-->&amp#27;[39m &amp#27;[37mGET&amp#27;[39m &amp#27;[37m/wd/hub/session/c2100e22-d6d2-40fc-b84e-a0779fb7b915&amp#27;[39m
&amp#27;[35m[HTTP]&amp#27;[39m &amp#27;[90m{}&amp#27;[39m
[debug] &amp#27;[35m[W3C (c2100e22)]&amp#27;[39m Calling AppiumDriver.getSession() with args: ["c2100e22-d6d2-40fc-b84e-a0779fb7b915"]
[debug] &amp#27;[35m[UiAutomator2]&amp#27;[39m Getting session details from server to mix in
[debug] &amp#27;[35m[WD Proxy]&amp#27;[39m Matched '/' to command name 'getSession'
[debug] &amp#27;[35m[WD Proxy]&amp#27;[39m Proxying [GET /] to [GET http://127.0.0.1:8200/wd/hub/session/f789331e-141a-4136-ac16-2f2228185ffc] with no body
[debug] &amp#27;[35m[WD Proxy]&amp#27;[39m Got response with status 200: {"sessionId":"f789331e-141a-4136-ac16-2f2228185ffc","value":{"lastScrollData":{"toIndex":-1,"maxScrollY":2299,"maxScrollX":0,"scrollY":2299,"scrollX":0,"fromIndex":-1,"itemCount":-1}}}
[debug] &amp#27;[35m[W3C (c2100e22)]&amp#27;[39m Responding to client with driver.getSession() result: {"platform":"LINUX","webStorageEnabled":false,"takesScreenshot":true,"javascriptEnabled":true,"databaseEnabled":false,"networkConnectionEnabled":true,"locationContextEnabled":false,"warnings":{},"desired":{"platformName":"android","skipDeviceInitialization":true,"skipServerInstallation":false,"app":"./Resources/in.workindia.apk","appActivity":".RegisterActivity","appPackage":"in.workindia.nileshdungarwal.workindiaandroid","platformVersion":"8.1"},"platformName":"android","skipDeviceInitialization":true,"skipServerInstallation":false,"app":"./Resources/in.workindia.apk","appActivity":".RegisterActivity","appPackage":"in.workindia.nileshdungarwal.workindiaandroid","platformVersion":"8.1.0","deviceName":"emulator-5554","deviceUDID":"emulator-5554","deviceApiLevel":27,"deviceScreenSize":"1080x2160","deviceScreenDensity":440,"deviceModel":"Android SDK built for x86","deviceManufacturer":"Google","pixelRatio":2.75,"statBarHeight":66,"viewportRect":{"left":0,"top":66,"width":1080,"height":1962},"lastScrollData":{...
&amp#27;[35m[HTTP]&amp#27;[39m &amp#27;[37m<-- GET /wd/hub/session/c2100e22-d6d2-40fc-b84e-a0779fb7b915 &amp#27;[39m&amp#27;[32m200&amp#27;[39m &amp#27;[90m12 ms - 1135&amp#27;[39m
&amp#27;[35m[HTTP]&amp#27;[39m &amp#27;[90m&amp#27;[39m
&amp#27;[35m[HTTP]&amp#27;[39m &amp#27;[37m-->&amp#27;[39m &amp#27;[37mPOST&amp#27;[39m &amp#27;[37m/wd/hub/session/c2100e22-d6d2-40fc-b84e-a0779fb7b915/element&amp#27;[39m
&amp#27;[35m[HTTP]&amp#27;[39m &amp#27;[90m{"using":"xpath","value":"//*[@text='Filter']"}&amp#27;[39m
[debug] &amp#27;[35m[W3C (c2100e22)]&amp#27;[39m Calling AppiumDriver.findElement() with args: ["xpath","//*[@text='Filter']","c2100e22-d6d2-40fc-b84e-a0779fb7b915"]
[debug] &amp#27;[35m[BaseDriver]&amp#27;[39m Valid locator strategies for this request: xpath, id, class name, accessibility id, css selector, -android uiautomator
[debug] &amp#27;[35m[BaseDriver]&amp#27;[39m Waiting up to 50000 ms for condition
[debug] &amp#27;[35m[WD Proxy]&amp#27;[39m Matched '/element' to command name 'findElement'
[debug] &amp#27;[35m[WD Proxy]&amp#27;[39m Proxying [POST /element] to [POST http://127.0.0.1:8200/wd/hub/session/f789331e-141a-4136-ac16-2f2228185ffc/element] with body: {"strategy":"xpath","selector":"//*[@text='Filter']","context":"","multiple":false}
[debug] &amp#27;[35m[WD Proxy]&amp#27;[39m Got response with status 200: {"sessionId":"f789331e-141a-4136-ac16-2f2228185ffc","value":{"ELEMENT":"0f813e49-8d13-4809-a722-e250e3f4cbca","element-6066-11e4-a52e-4f735466cecf":"0f813e49-8d13-4809-a722-e250e3f4cbca"}}
[debug] &amp#27;[35m[W3C (c2100e22)]&amp#27;[39m Responding to client with driver.findElement() result: {"element-6066-11e4-a52e-4f735466cecf":"0f813e49-8d13-4809-a722-e250e3f4cbca","ELEMENT":"0f813e49-8d13-4809-a722-e250e3f4cbca"}
&amp#27;[35m[HTTP]&amp#27;[39m &amp#27;[37m<-- POST /wd/hub/session/c2100e22-d6d2-40fc-b84e-a0779fb7b915/element &amp#27;[39m&amp#27;[32m200&amp#27;[39m &amp#27;[90m692 ms - 137&amp#27;[39m
&amp#27;[35m[HTTP]&amp#27;[39m &amp#27;[90m&amp#27;[39m
&amp#27;[35m[HTTP]&amp#27;[39m &amp#27;[37m-->&amp#27;[39m &amp#27;[37mPOST&amp#27;[39m &amp#27;[37m/wd/hub/session/c2100e22-d6d2-40fc-b84e-a0779fb7b915/element/0f813e49-8d13-4809-a722-e250e3f4cbca/click&amp#27;[39m
&amp#27;[35m[HTTP]&amp#27;[39m &amp#27;[90m{"id":"0f813e49-8d13-4809-a722-e250e3f4cbca"}&amp#27;[39m
[debug] &amp#27;[35m[W3C (c2100e22)]&amp#27;[39m Calling AppiumDriver.click() with args: ["0f813e49-8d13-4809-a722-e250e3f4cbca","c2100e22-d6d2-40fc-b84e-a0779fb7b915"]
[debug] &amp#27;[35m[WD Proxy]&amp#27;[39m Matched '/element/0f813e49-8d13-4809-a722-e250e3f4cbca/click' to command name 'click'
[debug] &amp#27;[35m[WD Proxy]&amp#27;[39m Proxying [POST /element/0f813e49-8d13-4809-a722-e250e3f4cbca/click] to [POST http://127.0.0.1:8200/wd/hub/session/f789331e-141a-4136-ac16-2f2228185ffc/element/0f813e49-8d13-4809-a722-e250e3f4cbca/click] with body: {"element":"0f813e49-8d13-4809-a722-e250e3f4cbca"}
[debug] &amp#27;[35m[WD Proxy]&amp#27;[39m Got response with status 200: {"sessionId":"f789331e-141a-4136-ac16-2f2228185ffc","value":null}
[debug] &amp#27;[35m[W3C (c2100e22)]&amp#27;[39m Responding to client with driver.click() result: null
&amp#27;[35m[HTTP]&amp#27;[39m &amp#27;[37m<-- POST /wd/hub/session/c2100e22-d6d2-40fc-b84e-a0779fb7b915/element/0f813e49-8d13-4809-a722-e250e3f4cbca/click &amp#27;[39m&amp#27;[32m200&amp#27;[39m &amp#27;[90m21 ms - 14&amp#27;[39m
&amp#27;[35m[HTTP]&amp#27;[39m &amp#27;[90m&amp#27;[39m
&amp#27;[35m[HTTP]&amp#27;[39m &amp#27;[37m-->&amp#27;[39m &amp#27;[37mPOST&amp#27;[39m &amp#27;[37m/wd/hub/session/c2100e22-d6d2-40fc-b84e-a0779fb7b915/timeouts&amp#27;[39m
&amp#27;[35m[HTTP]&amp#27;[39m &amp#27;[90m{"implicit":50000}&amp#27;[39m
[debug] &amp#27;[35m[W3C (c2100e22)]&amp#27;[39m Calling AppiumDriver.timeouts() with args: [null,null,null,null,50000,"c2100e22-d6d2-40fc-b84e-a0779fb7b915"]
[debug] &amp#27;[35m[BaseDriver]&amp#27;[39m W3C timeout argument: {"implicit":50000}}
[debug] &amp#27;[35m[BaseDriver]&amp#27;[39m Set implicit wait to 50000ms
[debug] &amp#27;[35m[W3C (c2100e22)]&amp#27;[39m Responding to client with driver.timeouts() result: null
&amp#27;[35m[HTTP]&amp#27;[39m &amp#27;[37m<-- POST /wd/hub/session/c2100e22-d6d2-40fc-b84e-a0779fb7b915/timeouts &amp#27;[39m&amp#27;[32m200&amp#27;[39m &amp#27;[90m3 ms - 14&amp#27;[39m
&amp#27;[35m[HTTP]&amp#27;[39m &amp#27;[90m&amp#27;[39m
&amp#27;[35m[HTTP]&amp#27;[39m &amp#27;[37m-->&amp#27;[39m &amp#27;[37mGET&amp#27;[39m &amp#27;[37m/wd/hub/session/c2100e22-d6d2-40fc-b84e-a0779fb7b915&amp#27;[39m
&amp#27;[35m[HTTP]&amp#27;[39m &amp#27;[90m{}&amp#27;[39m
[debug] &amp#27;[35m[W3C (c2100e22)]&amp#27;[39m Calling AppiumDriver.getSession() with args: ["c2100e22-d6d2-40fc-b84e-a0779fb7b915"]
[debug] &amp#27;[35m[UiAutomator2]&amp#27;[39m Getting session details from server to mix in
[debug] &amp#27;[35m[WD Proxy]&amp#27;[39m Matched '/' to command name 'getSession'
[debug] &amp#27;[35m[WD Proxy]&amp#27;[39m Proxying [GET /] to [GET http://127.0.0.1:8200/wd/hub/session/f789331e-141a-4136-ac16-2f2228185ffc] with no body
[debug] &amp#27;[35m[WD Proxy]&amp#27;[39m Got response with status 200: {"sessionId":"f789331e-141a-4136-ac16-2f2228185ffc","value":{"lastScrollData":{"toIndex":-1,"maxScrollY":2299,"maxScrollX":0,"scrollY":2299,"scrollX":0,"fromIndex":-1,"itemCount":-1}}}
[debug] &amp#27;[35m[W3C (c2100e22)]&amp#27;[39m Responding to client with driver.getSession() result: {"platform":"LINUX","webStorageEnabled":false,"takesScreenshot":true,"javascriptEnabled":true,"databaseEnabled":false,"networkConnectionEnabled":true,"locationContextEnabled":false,"warnings":{},"desired":{"platformName":"android","skipDeviceInitialization":true,"skipServerInstallation":false,"app":"./Resources/in.workindia.apk","appActivity":".RegisterActivity","appPackage":"in.workindia.nileshdungarwal.workindiaandroid","platformVersion":"8.1"},"platformName":"android","skipDeviceInitialization":true,"skipServerInstallation":false,"app":"./Resources/in.workindia.apk","appActivity":".RegisterActivity","appPackage":"in.workindia.nileshdungarwal.workindiaandroid","platformVersion":"8.1.0","deviceName":"emulator-5554","deviceUDID":"emulator-5554","deviceApiLevel":27,"deviceScreenSize":"1080x2160","deviceScreenDensity":440,"deviceModel":"Android SDK built for x86","deviceManufacturer":"Google","pixelRatio":2.75,"statBarHeight":66,"viewportRect":{"left":0,"top":66,"width":1080,"height":1962},"lastScrollData":{...
&amp#27;[35m[HTTP]&amp#27;[39m &amp#27;[37m<-- GET /wd/hub/session/c2100e22-d6d2-40fc-b84e-a0779fb7b915 &amp#27;[39m&amp#27;[32m200&amp#27;[39m &amp#27;[90m14 ms - 1135&amp#27;[39m
&amp#27;[35m[HTTP]&amp#27;[39m &amp#27;[90m&amp#27;[39m
&amp#27;[35m[HTTP]&amp#27;[39m &amp#27;[37m-->&amp#27;[39m &amp#27;[37mGET&amp#27;[39m &amp#27;[37m/wd/hub/session/c2100e22-d6d2-40fc-b84e-a0779fb7b915&amp#27;[39m
&amp#27;[35m[HTTP]&amp#27;[39m &amp#27;[90m{}&amp#27;[39m
[debug] &amp#27;[35m[W3C (c2100e22)]&amp#27;[39m Calling AppiumDriver.getSession() with args: ["c2100e22-d6d2-40fc-b84e-a0779fb7b915"]
[debug] &amp#27;[35m[UiAutomator2]&amp#27;[39m Getting session details from server to mix in
[debug] &amp#27;[35m[WD Proxy]&amp#27;[39m Matched '/' to command name 'getSession'
[debug] &amp#27;[35m[WD Proxy]&amp#27;[39m Proxying [GET /] to [GET http://127.0.0.1:8200/wd/hub/session/f789331e-141a-4136-ac16-2f2228185ffc] with no body
[debug] &amp#27;[35m[WD Proxy]&amp#27;[39m Got response with status 200: {"sessionId":"f789331e-141a-4136-ac16-2f2228185ffc","value":{"lastScrollData":{"toIndex":-1,"maxScrollY":2299,"maxScrollX":0,"scrollY":2299,"scrollX":0,"fromIndex":-1,"itemCount":-1}}}
[debug] &amp#27;[35m[W3C (c2100e22)]&amp#27;[39m Responding to client with driver.getSession() result: {"platform":"LINUX","webStorageEnabled":false,"takesScreenshot":true,"javascriptEnabled":true,"databaseEnabled":false,"networkConnectionEnabled":true,"locationContextEnabled":false,"warnings":{},"desired":{"platformName":"android","skipDeviceInitialization":true,"skipServerInstallation":false,"app":"./Resources/in.workindia.apk","appActivity":".RegisterActivity","appPackage":"in.workindia.nileshdungarwal.workindiaandroid","platformVersion":"8.1"},"platformName":"android","skipDeviceInitialization":true,"skipServerInstallation":false,"app":"./Resources/in.workindia.apk","appActivity":".RegisterActivity","appPackage":"in.workindia.nileshdungarwal.workindiaandroid","platformVersion":"8.1.0","deviceName":"emulator-5554","deviceUDID":"emulator-5554","deviceApiLevel":27,"deviceScreenSize":"1080x2160","deviceScreenDensity":440,"deviceModel":"Android SDK built for x86","deviceManufacturer":"Google","pixelRatio":2.75,"statBarHeight":66,"viewportRect":{"left":0,"top":66,"width":1080,"height":1962},"lastScrollData":{...
&amp#27;[35m[HTTP]&amp#27;[39m &amp#27;[37m<-- GET /wd/hub/session/c2100e22-d6d2-40fc-b84e-a0779fb7b915 &amp#27;[39m&amp#27;[32m200&amp#27;[39m &amp#27;[90m16 ms - 1135&amp#27;[39m
&amp#27;[35m[HTTP]&amp#27;[39m &amp#27;[90m&amp#27;[39m
&amp#27;[35m[HTTP]&amp#27;[39m &amp#27;[37m-->&amp#27;[39m &amp#27;[37mPOST&amp#27;[39m &amp#27;[37m/wd/hub/session/c2100e22-d6d2-40fc-b84e-a0779fb7b915/element&amp#27;[39m
&amp#27;[35m[HTTP]&amp#27;[39m &amp#27;[90m{"using":"xpath","value":"//android.widget.LinearLayout/android.widget.TextView"}&amp#27;[39m
[debug] &amp#27;[35m[W3C (c2100e22)]&amp#27;[39m Calling AppiumDriver.findElement() with args: ["xpath","//android.widget.LinearLayout/android.widget.TextView","c2100e22-d6d2-40fc-b84e-a0779fb7b915"]
[debug] &amp#27;[35m[BaseDriver]&amp#27;[39m Valid locator strategies for this request: xpath, id, class name, accessibility id, css selector, -android uiautomator
[debug] &amp#27;[35m[BaseDriver]&amp#27;[39m Waiting up to 50000 ms for condition
[debug] &amp#27;[35m[WD Proxy]&amp#27;[39m Matched '/element' to command name 'findElement'
[debug] &amp#27;[35m[WD Proxy]&amp#27;[39m Proxying [POST /element] to [POST http://127.0.0.1:8200/wd/hub/session/f789331e-141a-4136-ac16-2f2228185ffc/element] with body: {"strategy":"xpath","selector":"//android.widget.LinearLayout/android.widget.TextView","context":"","multiple":false}
&amp#27;[35m[WD Proxy]&amp#27;[39m Got response with status 404: {"sessionId":"f789331e-141a-4136-ac16-2f2228185ffc","value":{"error":"no such element","message":"An element could not be located on the page using the given search parameters","stacktrace":"io.appium.uiautomator2.common.exceptions.ElementNotFoundException: An element could not be located on the page using the given search parameters\n\tat io.appium.uiautomator2.handler.FindElement.findElement(FindElement.java:96)\n\tat io.appium.uiautomator2.handler.FindElement.safeHandle(FindElement.java:71)\n\tat io.appium.uiautomator2.handler.request.SafeRequestHandler.handle(SafeRequestHandler.java:41)\n\tat io.appium.uiautomator2.server.AppiumServlet.handleRequest(AppiumServlet.java:261)\n\tat io.appium.uiautomator2.server.AppiumServlet.handleHttpRequest(AppiumServlet.java:255)\n\tat io.appium.uiautomator2.http.ServerHandler.channelRead(ServerHandler.java:68)\n\tat io.netty.channel.AbstractChannelHandlerContext.invokeChannelRead(AbstractChannelHandlerContext.java:366)\n\tat io.netty.channel.AbstractChannelHandlerCont...
[debug] &amp#27;[35m[W3C]&amp#27;[39m Matched W3C error code 'no such element' to NoSuchElementError
[debug] &amp#27;[35m[BaseDriver]&amp#27;[39m Waited for 560 ms so far
[debug] &amp#27;[35m[WD Proxy]&amp#27;[39m Matched '/element' to command name 'findElement'
[debug] &amp#27;[35m[WD Proxy]&amp#27;[39m Proxying [POST /element] to [POST http://127.0.0.1:8200/wd/hub/session/f789331e-141a-4136-ac16-2f2228185ffc/element] with body: {"strategy":"xpath","selector":"//android.widget.LinearLayout/android.widget.TextView","context":"","multiple":false}
[debug] &amp#27;[35m[WD Proxy]&amp#27;[39m Got response with status 200: {"sessionId":"f789331e-141a-4136-ac16-2f2228185ffc","value":{"ELEMENT":"9ad0ebf2-0362-41f0-be32-6fd08ac25d6f","element-6066-11e4-a52e-4f735466cecf":"9ad0ebf2-0362-41f0-be32-6fd08ac25d6f"}}
[debug] &amp#27;[35m[W3C (c2100e22)]&amp#27;[39m Responding to client with driver.findElement() result: {"element-6066-11e4-a52e-4f735466cecf":"9ad0ebf2-0362-41f0-be32-6fd08ac25d6f","ELEMENT":"9ad0ebf2-0362-41f0-be32-6fd08ac25d6f"}
&amp#27;[35m[HTTP]&amp#27;[39m &amp#27;[37m<-- POST /wd/hub/session/c2100e22-d6d2-40fc-b84e-a0779fb7b915/element &amp#27;[39m&amp#27;[32m200&amp#27;[39m &amp#27;[90m1291 ms - 137&amp#27;[39m
&amp#27;[35m[HTTP]&amp#27;[39m &amp#27;[90m&amp#27;[39m
&amp#27;[35m[HTTP]&amp#27;[39m &amp#27;[37m-->&amp#27;[39m &amp#27;[37mGET&amp#27;[39m &amp#27;[37m/wd/hub/session/c2100e22-d6d2-40fc-b84e-a0779fb7b915/element/9ad0ebf2-0362-41f0-be32-6fd08ac25d6f/text&amp#27;[39m
&amp#27;[35m[HTTP]&amp#27;[39m &amp#27;[90m{}&amp#27;[39m
&amp#27;[35m[W3C (c2100e22)]&amp#27;[39m Driver proxy active, passing request on via HTTP proxy
[debug] &amp#27;[35m[WD Proxy]&amp#27;[39m Matched '/wd/hub/session/c2100e22-d6d2-40fc-b84e-a0779fb7b915/element/9ad0ebf2-0362-41f0-be32-6fd08ac25d6f/text' to command name 'getText'
[debug] &amp#27;[35m[WD Proxy]&amp#27;[39m Proxying [GET /wd/hub/session/c2100e22-d6d2-40fc-b84e-a0779fb7b915/element/9ad0ebf2-0362-41f0-be32-6fd08ac25d6f/text] to [GET http://127.0.0.1:8200/wd/hub/session/f789331e-141a-4136-ac16-2f2228185ffc/element/9ad0ebf2-0362-41f0-be32-6fd08ac25d6f/text] with no body
[debug] &amp#27;[35m[WD Proxy]&amp#27;[39m Got response with status 200: {"sessionId":"f789331e-141a-4136-ac16-2f2228185ffc","value":"I Am Interested In"}
&amp#27;[35m[WD Proxy]&amp#27;[39m Replacing sessionId f789331e-141a-4136-ac16-2f2228185ffc with c2100e22-d6d2-40fc-b84e-a0779fb7b915
&amp#27;[35m[HTTP]&amp#27;[39m &amp#27;[37m<-- GET /wd/hub/session/c2100e22-d6d2-40fc-b84e-a0779fb7b915/element/9ad0ebf2-0362-41f0-be32-6fd08ac25d6f/text &amp#27;[39m&amp#27;[32m200&amp#27;[39m &amp#27;[90m13 ms - 81&amp#27;[39m
&amp#27;[35m[HTTP]&amp#27;[39m &amp#27;[90m&amp#27;[39m
&amp#27;[35m[HTTP]&amp#27;[39m &amp#27;[37m-->&amp#27;[39m &amp#27;[37mGET&amp#27;[39m &amp#27;[37m/wd/hub/session/c2100e22-d6d2-40fc-b84e-a0779fb7b915&amp#27;[39m
&amp#27;[35m[HTTP]&amp#27;[39m &amp#27;[90m{}&amp#27;[39m
[debug] &amp#27;[35m[W3C (c2100e22)]&amp#27;[39m Calling AppiumDriver.getSession() with args: ["c2100e22-d6d2-40fc-b84e-a0779fb7b915"]
[debug] &amp#27;[35m[UiAutomator2]&amp#27;[39m Getting session details from server to mix in
[debug] &amp#27;[35m[WD Proxy]&amp#27;[39m Matched '/' to command name 'getSession'
[debug] &amp#27;[35m[WD Proxy]&amp#27;[39m Proxying [GET /] to [GET http://127.0.0.1:8200/wd/hub/session/f789331e-141a-4136-ac16-2f2228185ffc] with no body
[debug] &amp#27;[35m[WD Proxy]&amp#27;[39m Got response with status 200: {"sessionId":"f789331e-141a-4136-ac16-2f2228185ffc","value":{"lastScrollData":{"toIndex":-1,"maxScrollY":2299,"maxScrollX":0,"scrollY":2299,"scrollX":0,"fromIndex":-1,"itemCount":-1}}}
[debug] &amp#27;[35m[W3C (c2100e22)]&amp#27;[39m Responding to client with driver.getSession() result: {"platform":"LINUX","webStorageEnabled":false,"takesScreenshot":true,"javascriptEnabled":true,"databaseEnabled":false,"networkConnectionEnabled":true,"locationContextEnabled":false,"warnings":{},"desired":{"platformName":"android","skipDeviceInitialization":true,"skipServerInstallation":false,"app":"./Resources/in.workindia.apk","appActivity":".RegisterActivity","appPackage":"in.workindia.nileshdungarwal.workindiaandroid","platformVersion":"8.1"},"platformName":"android","skipDeviceInitialization":true,"skipServerInstallation":false,"app":"./Resources/in.workindia.apk","appActivity":".RegisterActivity","appPackage":"in.workindia.nileshdungarwal.workindiaandroid","platformVersion":"8.1.0","deviceName":"emulator-5554","deviceUDID":"emulator-5554","deviceApiLevel":27,"deviceScreenSize":"1080x2160","deviceScreenDensity":440,"deviceModel":"Android SDK built for x86","deviceManufacturer":"Google","pixelRatio":2.75,"statBarHeight":66,"viewportRect":{"left":0,"top":66,"width":1080,"height":1962},"lastScrollData":{...
&amp#27;[35m[HTTP]&amp#27;[39m &amp#27;[37m<-- GET /wd/hub/session/c2100e22-d6d2-40fc-b84e-a0779fb7b915 &amp#27;[39m&amp#27;[32m200&amp#27;[39m &amp#27;[90m12 ms - 1135&amp#27;[39m
&amp#27;[35m[HTTP]&amp#27;[39m &amp#27;[90m&amp#27;[39m
&amp#27;[35m[HTTP]&amp#27;[39m &amp#27;[37m-->&amp#27;[39m &amp#27;[37mPOST&amp#27;[39m &amp#27;[37m/wd/hub/session/c2100e22-d6d2-40fc-b84e-a0779fb7b915/element&amp#27;[39m
&amp#27;[35m[HTTP]&amp#27;[39m &amp#27;[90m{"using":"xpath","value":"//*[@text='Business Development']"}&amp#27;[39m
[debug] &amp#27;[35m[W3C (c2100e22)]&amp#27;[39m Calling AppiumDriver.findElement() with args: ["xpath","//*[@text='Business Development']","c2100e22-d6d2-40fc-b84e-a0779fb7b915"]
[debug] &amp#27;[35m[BaseDriver]&amp#27;[39m Valid locator strategies for this request: xpath, id, class name, accessibility id, css selector, -android uiautomator
[debug] &amp#27;[35m[BaseDriver]&amp#27;[39m Waiting up to 50000 ms for condition
[debug] &amp#27;[35m[WD Proxy]&amp#27;[39m Matched '/element' to command name 'findElement'
[debug] &amp#27;[35m[WD Proxy]&amp#27;[39m Proxying [POST /element] to [POST http://127.0.0.1:8200/wd/hub/session/f789331e-141a-4136-ac16-2f2228185ffc/element] with body: {"strategy":"xpath","selector":"//*[@text='Business Development']","context":"","multiple":false}
[debug] &amp#27;[35m[WD Proxy]&amp#27;[39m Got response with status 200: {"sessionId":"f789331e-141a-4136-ac16-2f2228185ffc","value":{"ELEMENT":"3d2537ae-e09a-4482-97c7-dd9904b3edb2","element-6066-11e4-a52e-4f735466cecf":"3d2537ae-e09a-4482-97c7-dd9904b3edb2"}}
[debug] &amp#27;[35m[W3C (c2100e22)]&amp#27;[39m Responding to client with driver.findElement() result: {"element-6066-11e4-a52e-4f735466cecf":"3d2537ae-e09a-4482-97c7-dd9904b3edb2","ELEMENT":"3d2537ae-e09a-4482-97c7-dd9904b3edb2"}
&amp#27;[35m[HTTP]&amp#27;[39m &amp#27;[37m<-- POST /wd/hub/session/c2100e22-d6d2-40fc-b84e-a0779fb7b915/element &amp#27;[39m&amp#27;[32m200&amp#27;[39m &amp#27;[90m80 ms - 137&amp#27;[39m
&amp#27;[35m[HTTP]&amp#27;[39m &amp#27;[90m&amp#27;[39m
&amp#27;[35m[HTTP]&amp#27;[39m &amp#27;[37m-->&amp#27;[39m &amp#27;[37mPOST&amp#27;[39m &amp#27;[37m/wd/hub/session/c2100e22-d6d2-40fc-b84e-a0779fb7b915/element/3d2537ae-e09a-4482-97c7-dd9904b3edb2/click&amp#27;[39m
&amp#27;[35m[HTTP]&amp#27;[39m &amp#27;[90m{"id":"3d2537ae-e09a-4482-97c7-dd9904b3edb2"}&amp#27;[39m
[debug] &amp#27;[35m[W3C (c2100e22)]&amp#27;[39m Calling AppiumDriver.click() with args: ["3d2537ae-e09a-4482-97c7-dd9904b3edb2","c2100e22-d6d2-40fc-b84e-a0779fb7b915"]
[debug] &amp#27;[35m[WD Proxy]&amp#27;[39m Matched '/element/3d2537ae-e09a-4482-97c7-dd9904b3edb2/click' to command name 'click'
[debug] &amp#27;[35m[WD Proxy]&amp#27;[39m Proxying [POST /element/3d2537ae-e09a-4482-97c7-dd9904b3edb2/click] to [POST http://127.0.0.1:8200/wd/hub/session/f789331e-141a-4136-ac16-2f2228185ffc/element/3d2537ae-e09a-4482-97c7-dd9904b3edb2/click] with body: {"element":"3d2537ae-e09a-4482-97c7-dd9904b3edb2"}
[debug] &amp#27;[35m[WD Proxy]&amp#27;[39m Got response with status 200: {"sessionId":"f789331e-141a-4136-ac16-2f2228185ffc","value":null}
[debug] &amp#27;[35m[W3C (c2100e22)]&amp#27;[39m Responding to client with driver.click() result: null
&amp#27;[35m[HTTP]&amp#27;[39m &amp#27;[37m<-- POST /wd/hub/session/c2100e22-d6d2-40fc-b84e-a0779fb7b915/element/3d2537ae-e09a-4482-97c7-dd9904b3edb2/click &amp#27;[39m&amp#27;[32m200&amp#27;[39m &amp#27;[90m25 ms - 14&amp#27;[39m
&amp#27;[35m[HTTP]&amp#27;[39m &amp#27;[90m&amp#27;[39m
&amp#27;[35m[HTTP]&amp#27;[39m &amp#27;[37m-->&amp#27;[39m &amp#27;[37mGET&amp#27;[39m &amp#27;[37m/wd/hub/session/c2100e22-d6d2-40fc-b84e-a0779fb7b915&amp#27;[39m
&amp#27;[35m[HTTP]&amp#27;[39m &amp#27;[90m{}&amp#27;[39m
[debug] &amp#27;[35m[W3C (c2100e22)]&amp#27;[39m Calling AppiumDriver.getSession() with args: ["c2100e22-d6d2-40fc-b84e-a0779fb7b915"]
[debug] &amp#27;[35m[UiAutomator2]&amp#27;[39m Getting session details from server to mix in
[debug] &amp#27;[35m[WD Proxy]&amp#27;[39m Matched '/' to command name 'getSession'
[debug] &amp#27;[35m[WD Proxy]&amp#27;[39m Proxying [GET /] to [GET http://127.0.0.1:8200/wd/hub/session/f789331e-141a-4136-ac16-2f2228185ffc] with no body
[debug] &amp#27;[35m[WD Proxy]&amp#27;[39m Got response with status 200: {"sessionId":"f789331e-141a-4136-ac16-2f2228185ffc","value":{"lastScrollData":{"toIndex":-1,"maxScrollY":2299,"maxScrollX":0,"scrollY":2299,"scrollX":0,"fromIndex":-1,"itemCount":-1}}}
[debug] &amp#27;[35m[W3C (c2100e22)]&amp#27;[39m Responding to client with driver.getSession() result: {"platform":"LINUX","webStorageEnabled":false,"takesScreenshot":true,"javascriptEnabled":true,"databaseEnabled":false,"networkConnectionEnabled":true,"locationContextEnabled":false,"warnings":{},"desired":{"platformName":"android","skipDeviceInitialization":true,"skipServerInstallation":false,"app":"./Resources/in.workindia.apk","appActivity":".RegisterActivity","appPackage":"in.workindia.nileshdungarwal.workindiaandroid","platformVersion":"8.1"},"platformName":"android","skipDeviceInitialization":true,"skipServerInstallation":false,"app":"./Resources/in.workindia.apk","appActivity":".RegisterActivity","appPackage":"in.workindia.nileshdungarwal.workindiaandroid","platformVersion":"8.1.0","deviceName":"emulator-5554","deviceUDID":"emulator-5554","deviceApiLevel":27,"deviceScreenSize":"1080x2160","deviceScreenDensity":440,"deviceModel":"Android SDK built for x86","deviceManufacturer":"Google","pixelRatio":2.75,"statBarHeight":66,"viewportRect":{"left":0,"top":66,"width":1080,"height":1962},"lastScrollData":{...
&amp#27;[35m[HTTP]&amp#27;[39m &amp#27;[37m<-- GET /wd/hub/session/c2100e22-d6d2-40fc-b84e-a0779fb7b915 &amp#27;[39m&amp#27;[32m200&amp#27;[39m &amp#27;[90m11 ms - 1135&amp#27;[39m
&amp#27;[35m[HTTP]&amp#27;[39m &amp#27;[90m&amp#27;[39m
&amp#27;[35m[HTTP]&amp#27;[39m &amp#27;[37m-->&amp#27;[39m &amp#27;[37mPOST&amp#27;[39m &amp#27;[37m/wd/hub/session/c2100e22-d6d2-40fc-b84e-a0779fb7b915/element&amp#27;[39m
&amp#27;[35m[HTTP]&amp#27;[39m &amp#27;[90m{"using":"xpath","value":"//android.widget.GridView/android.widget.FrameLayout[1]/android.widget.CheckBox"}&amp#27;[39m
[debug] &amp#27;[35m[W3C (c2100e22)]&amp#27;[39m Calling AppiumDriver.findElement() with args: ["xpath","//android.widget.GridView/android.widget.FrameLayout[1]/android.widget.CheckBox","c2100e22-d6d2-40fc-b84e-a0779fb7b915"]
[debug] &amp#27;[35m[BaseDriver]&amp#27;[39m Valid locator strategies for this request: xpath, id, class name, accessibility id, css selector, -android uiautomator
[debug] &amp#27;[35m[BaseDriver]&amp#27;[39m Waiting up to 50000 ms for condition
[debug] &amp#27;[35m[WD Proxy]&amp#27;[39m Matched '/element' to command name 'findElement'
[debug] &amp#27;[35m[WD Proxy]&amp#27;[39m Proxying [POST /element] to [POST http://127.0.0.1:8200/wd/hub/session/f789331e-141a-4136-ac16-2f2228185ffc/element] with body: {"strategy":"xpath","selector":"//android.widget.GridView/android.widget.FrameLayout[1]/android.widget.CheckBox","context":"","multiple":false}
[debug] &amp#27;[35m[WD Proxy]&amp#27;[39m Got response with status 200: {"sessionId":"f789331e-141a-4136-ac16-2f2228185ffc","value":{"ELEMENT":"e208f255-13a0-4fa7-9268-a474a36dc38e","element-6066-11e4-a52e-4f735466cecf":"e208f255-13a0-4fa7-9268-a474a36dc38e"}}
[debug] &amp#27;[35m[W3C (c2100e22)]&amp#27;[39m Responding to client with driver.findElement() result: {"element-6066-11e4-a52e-4f735466cecf":"e208f255-13a0-4fa7-9268-a474a36dc38e","ELEMENT":"e208f255-13a0-4fa7-9268-a474a36dc38e"}
&amp#27;[35m[HTTP]&amp#27;[39m &amp#27;[37m<-- POST /wd/hub/session/c2100e22-d6d2-40fc-b84e-a0779fb7b915/element &amp#27;[39m&amp#27;[32m200&amp#27;[39m &amp#27;[90m849 ms - 137&amp#27;[39m
&amp#27;[35m[HTTP]&amp#27;[39m &amp#27;[90m&amp#27;[39m
&amp#27;[35m[HTTP]&amp#27;[39m &amp#27;[37m-->&amp#27;[39m &amp#27;[37mPOST&amp#27;[39m &amp#27;[37m/wd/hub/session/c2100e22-d6d2-40fc-b84e-a0779fb7b915/element/e208f255-13a0-4fa7-9268-a474a36dc38e/click&amp#27;[39m
&amp#27;[35m[HTTP]&amp#27;[39m &amp#27;[90m{"id":"e208f255-13a0-4fa7-9268-a474a36dc38e"}&amp#27;[39m
[debug] &amp#27;[35m[W3C (c2100e22)]&amp#27;[39m Calling AppiumDriver.click() with args: ["e208f255-13a0-4fa7-9268-a474a36dc38e","c2100e22-d6d2-40fc-b84e-a0779fb7b915"]
[debug] &amp#27;[35m[WD Proxy]&amp#27;[39m Matched '/element/e208f255-13a0-4fa7-9268-a474a36dc38e/click' to command name 'click'
[debug] &amp#27;[35m[WD Proxy]&amp#27;[39m Proxying [POST /element/e208f255-13a0-4fa7-9268-a474a36dc38e/click] to [POST http://127.0.0.1:8200/wd/hub/session/f789331e-141a-4136-ac16-2f2228185ffc/element/e208f255-13a0-4fa7-9268-a474a36dc38e/click] with body: {"element":"e208f255-13a0-4fa7-9268-a474a36dc38e"}
[debug] &amp#27;[35m[WD Proxy]&amp#27;[39m Got response with status 200: {"sessionId":"f789331e-141a-4136-ac16-2f2228185ffc","value":null}
[debug] &amp#27;[35m[W3C (c2100e22)]&amp#27;[39m Responding to client with driver.click() result: null
&amp#27;[35m[HTTP]&amp#27;[39m &amp#27;[37m<-- POST /wd/hub/session/c2100e22-d6d2-40fc-b84e-a0779fb7b915/element/e208f255-13a0-4fa7-9268-a474a36dc38e/click &amp#27;[39m&amp#27;[32m200&amp#27;[39m &amp#27;[90m33 ms - 14&amp#27;[39m
&amp#27;[35m[HTTP]&amp#27;[39m &amp#27;[90m&amp#27;[39m
&amp#27;[35m[HTTP]&amp#27;[39m &amp#27;[37m-->&amp#27;[39m &amp#27;[37mGET&amp#27;[39m &amp#27;[37m/wd/hub/session/c2100e22-d6d2-40fc-b84e-a0779fb7b915&amp#27;[39m
&amp#27;[35m[HTTP]&amp#27;[39m &amp#27;[90m{}&amp#27;[39m
[debug] &amp#27;[35m[W3C (c2100e22)]&amp#27;[39m Calling AppiumDriver.getSession() with args: ["c2100e22-d6d2-40fc-b84e-a0779fb7b915"]
[debug] &amp#27;[35m[UiAutomator2]&amp#27;[39m Getting session details from server to mix in
[debug] &amp#27;[35m[WD Proxy]&amp#27;[39m Matched '/' to command name 'getSession'
[debug] &amp#27;[35m[WD Proxy]&amp#27;[39m Proxying [GET /] to [GET http://127.0.0.1:8200/wd/hub/session/f789331e-141a-4136-ac16-2f2228185ffc] with no body
[debug] &amp#27;[35m[WD Proxy]&amp#27;[39m Got response with status 200: {"sessionId":"f789331e-141a-4136-ac16-2f2228185ffc","value":{"lastScrollData":{"toIndex":-1,"maxScrollY":2299,"maxScrollX":0,"scrollY":2299,"scrollX":0,"fromIndex":-1,"itemCount":-1}}}
[debug] &amp#27;[35m[W3C (c2100e22)]&amp#27;[39m Responding to client with driver.getSession() result: {"platform":"LINUX","webStorageEnabled":false,"takesScreenshot":true,"javascriptEnabled":true,"databaseEnabled":false,"networkConnectionEnabled":true,"locationContextEnabled":false,"warnings":{},"desired":{"platformName":"android","skipDeviceInitialization":true,"skipServerInstallation":false,"app":"./Resources/in.workindia.apk","appActivity":".RegisterActivity","appPackage":"in.workindia.nileshdungarwal.workindiaandroid","platformVersion":"8.1"},"platformName":"android","skipDeviceInitialization":true,"skipServerInstallation":false,"app":"./Resources/in.workindia.apk","appActivity":".RegisterActivity","appPackage":"in.workindia.nileshdungarwal.workindiaandroid","platformVersion":"8.1.0","deviceName":"emulator-5554","deviceUDID":"emulator-5554","deviceApiLevel":27,"deviceScreenSize":"1080x2160","deviceScreenDensity":440,"deviceModel":"Android SDK built for x86","deviceManufacturer":"Google","pixelRatio":2.75,"statBarHeight":66,"viewportRect":{"left":0,"top":66,"width":1080,"height":1962},"lastScrollData":{...
&amp#27;[35m[HTTP]&amp#27;[39m &amp#27;[37m<-- GET /wd/hub/session/c2100e22-d6d2-40fc-b84e-a0779fb7b915 &amp#27;[39m&amp#27;[32m200&amp#27;[39m &amp#27;[90m13 ms - 1135&amp#27;[39m
&amp#27;[35m[HTTP]&amp#27;[39m &amp#27;[90m&amp#27;[39m
&amp#27;[35m[HTTP]&amp#27;[39m &amp#27;[37m-->&amp#27;[39m &amp#27;[37mGET&amp#27;[39m &amp#27;[37m/wd/hub/session/c2100e22-d6d2-40fc-b84e-a0779fb7b915&amp#27;[39m
&amp#27;[35m[HTTP]&amp#27;[39m &amp#27;[90m{}&amp#27;[39m
[debug] &amp#27;[35m[W3C (c2100e22)]&amp#27;[39m Calling AppiumDriver.getSession() with args: ["c2100e22-d6d2-40fc-b84e-a0779fb7b915"]
[debug] &amp#27;[35m[UiAutomator2]&amp#27;[39m Getting session details from server to mix in
[debug] &amp#27;[35m[WD Proxy]&amp#27;[39m Matched '/' to command name 'getSession'
[debug] &amp#27;[35m[WD Proxy]&amp#27;[39m Proxying [GET /] to [GET http://127.0.0.1:8200/wd/hub/session/f789331e-141a-4136-ac16-2f2228185ffc] with no body
[debug] &amp#27;[35m[WD Proxy]&amp#27;[39m Got response with status 200: {"sessionId":"f789331e-141a-4136-ac16-2f2228185ffc","value":{"lastScrollData":{"toIndex":-1,"maxScrollY":2299,"maxScrollX":0,"scrollY":2299,"scrollX":0,"fromIndex":-1,"itemCount":-1}}}
[debug] &amp#27;[35m[W3C (c2100e22)]&amp#27;[39m Responding to client with driver.getSession() result: {"platform":"LINUX","webStorageEnabled":false,"takesScreenshot":true,"javascriptEnabled":true,"databaseEnabled":false,"networkConnectionEnabled":true,"locationContextEnabled":false,"warnings":{},"desired":{"platformName":"android","skipDeviceInitialization":true,"skipServerInstallation":false,"app":"./Resources/in.workindia.apk","appActivity":".RegisterActivity","appPackage":"in.workindia.nileshdungarwal.workindiaandroid","platformVersion":"8.1"},"platformName":"android","skipDeviceInitialization":true,"skipServerInstallation":false,"app":"./Resources/in.workindia.apk","appActivity":".RegisterActivity","appPackage":"in.workindia.nileshdungarwal.workindiaandroid","platformVersion":"8.1.0","deviceName":"emulator-5554","deviceUDID":"emulator-5554","deviceApiLevel":27,"deviceScreenSize":"1080x2160","deviceScreenDensity":440,"deviceModel":"Android SDK built for x86","deviceManufacturer":"Google","pixelRatio":2.75,"statBarHeight":66,"viewportRect":{"left":0,"top":66,"width":1080,"height":1962},"lastScrollData":{...
&amp#27;[35m[HTTP]&amp#27;[39m &amp#27;[37m<-- GET /wd/hub/session/c2100e22-d6d2-40fc-b84e-a0779fb7b915 &amp#27;[39m&amp#27;[32m200&amp#27;[39m &amp#27;[90m19 ms - 1135&amp#27;[39m
&amp#27;[35m[HTTP]&amp#27;[39m &amp#27;[90m&amp#27;[39m
&amp#27;[35m[HTTP]&amp#27;[39m &amp#27;[37m-->&amp#27;[39m &amp#27;[37mGET&amp#27;[39m &amp#27;[37m/wd/hub/session/c2100e22-d6d2-40fc-b84e-a0779fb7b915/window/rect&amp#27;[39m
&amp#27;[35m[HTTP]&amp#27;[39m &amp#27;[90m{}&amp#27;[39m
[debug] &amp#27;[35m[W3C (c2100e22)]&amp#27;[39m Calling AppiumDriver.getWindowRect() with args: ["c2100e22-d6d2-40fc-b84e-a0779fb7b915"]
[debug] &amp#27;[35m[WD Proxy]&amp#27;[39m Matched '/window/current/size' to command name 'getWindowSize'
[debug] &amp#27;[35m[WD Proxy]&amp#27;[39m Proxying [GET /window/current/size] to [GET http://127.0.0.1:8200/wd/hub/session/f789331e-141a-4136-ac16-2f2228185ffc/window/current/size] with no body
[debug] &amp#27;[35m[WD Proxy]&amp#27;[39m Got response with status 200: {"sessionId":"f789331e-141a-4136-ac16-2f2228185ffc","value":{"height":2028,"width":1080}}
[debug] &amp#27;[35m[W3C (c2100e22)]&amp#27;[39m Responding to client with driver.getWindowRect() result: {"width":1080,"height":2028,"x":0,"y":0}
&amp#27;[35m[HTTP]&amp#27;[39m &amp#27;[37m<-- GET /wd/hub/session/c2100e22-d6d2-40fc-b84e-a0779fb7b915/window/rect &amp#27;[39m&amp#27;[32m200&amp#27;[39m &amp#27;[90m15 ms - 50&amp#27;[39m
&amp#27;[35m[HTTP]&amp#27;[39m &amp#27;[90m&amp#27;[39m
&amp#27;[35m[HTTP]&amp#27;[39m &amp#27;[37m-->&amp#27;[39m &amp#27;[37mPOST&amp#27;[39m &amp#27;[37m/wd/hub/session/c2100e22-d6d2-40fc-b84e-a0779fb7b915/touch/perform&amp#27;[39m
&amp#27;[35m[HTTP]&amp#27;[39m &amp#27;[90m{"actions":[{"action":"press","options":{"x":540,"y":1419}},{"action":"wait","options":{"ms":1000}},{"action":"moveTo","options":{"x":540,"y":202}},{"action":"release","options":{}}]}&amp#27;[39m
[debug] &amp#27;[35m[W3C (c2100e22)]&amp#27;[39m Calling AppiumDriver.performTouch() with args: [[{"action":"press","options":{"x":540,"y":1419}},{"action":"wait","options":{"ms":1000}},{"action":"moveTo","options":{"x":540,"y":202}},{"action":"release","options":{}}],"c2100e22-d6d2-40fc-b84e-a0779fb7b915"]
[debug] &amp#27;[35m[WD Proxy]&amp#27;[39m Matched '/touch/perform' to command name 'performTouch'
[debug] &amp#27;[35m[WD Proxy]&amp#27;[39m Proxying [POST /touch/perform] to [POST http://127.0.0.1:8200/wd/hub/session/f789331e-141a-4136-ac16-2f2228185ffc/touch/perform] with body: {"startX":540,"startY":1419,"endX":540,"endY":202,"steps":28}
[debug] &amp#27;[35m[WD Proxy]&amp#27;[39m Got response with status 200: {"sessionId":"f789331e-141a-4136-ac16-2f2228185ffc","value":null}
[debug] &amp#27;[35m[W3C (c2100e22)]&amp#27;[39m Responding to client with driver.performTouch() result: null
&amp#27;[35m[HTTP]&amp#27;[39m &amp#27;[37m<-- POST /wd/hub/session/c2100e22-d6d2-40fc-b84e-a0779fb7b915/touch/perform &amp#27;[39m&amp#27;[32m200&amp#27;[39m &amp#27;[90m1255 ms - 14&amp#27;[39m
&amp#27;[35m[HTTP]&amp#27;[39m &amp#27;[90m&amp#27;[39m
&amp#27;[35m[HTTP]&amp#27;[39m &amp#27;[37m-->&amp#27;[39m &amp#27;[37mPOST&amp#27;[39m &amp#27;[37m/wd/hub/session/c2100e22-d6d2-40fc-b84e-a0779fb7b915/element&amp#27;[39m
&amp#27;[35m[HTTP]&amp#27;[39m &amp#27;[90m{"using":"xpath","value":"//*[@text='I Am Fresher/Experience']"}&amp#27;[39m
[debug] &amp#27;[35m[W3C (c2100e22)]&amp#27;[39m Calling AppiumDriver.findElement() with args: ["xpath","//*[@text='I Am Fresher/Experience']","c2100e22-d6d2-40fc-b84e-a0779fb7b915"]
[debug] &amp#27;[35m[BaseDriver]&amp#27;[39m Valid locator strategies for this request: xpath, id, class name, accessibility id, css selector, -android uiautomator
[debug] &amp#27;[35m[BaseDriver]&amp#27;[39m Waiting up to 50000 ms for condition
[debug] &amp#27;[35m[WD Proxy]&amp#27;[39m Matched '/element' to command name 'findElement'
[debug] &amp#27;[35m[WD Proxy]&amp#27;[39m Proxying [POST /element] to [POST http://127.0.0.1:8200/wd/hub/session/f789331e-141a-4136-ac16-2f2228185ffc/element] with body: {"strategy":"xpath","selector":"//*[@text='I Am Fresher/Experience']","context":"","multiple":false}
[debug] &amp#27;[35m[WD Proxy]&amp#27;[39m Got response with status 200: {"sessionId":"f789331e-141a-4136-ac16-2f2228185ffc","value":{"ELEMENT":"24c542dd-58c5-402c-bc87-72111ccf9180","element-6066-11e4-a52e-4f735466cecf":"24c542dd-58c5-402c-bc87-72111ccf9180"}}
[debug] &amp#27;[35m[W3C (c2100e22)]&amp#27;[39m Responding to client with driver.findElement() result: {"element-6066-11e4-a52e-4f735466cecf":"24c542dd-58c5-402c-bc87-72111ccf9180","ELEMENT":"24c542dd-58c5-402c-bc87-72111ccf9180"}
&amp#27;[35m[HTTP]&amp#27;[39m &amp#27;[37m<-- POST /wd/hub/session/c2100e22-d6d2-40fc-b84e-a0779fb7b915/element &amp#27;[39m&amp#27;[32m200&amp#27;[39m &amp#27;[90m369 ms - 137&amp#27;[39m
&amp#27;[35m[HTTP]&amp#27;[39m &amp#27;[90m&amp#27;[39m
&amp#27;[35m[HTTP]&amp#27;[39m &amp#27;[37m-->&amp#27;[39m &amp#27;[37mGET&amp#27;[39m &amp#27;[37m/wd/hub/session/c2100e22-d6d2-40fc-b84e-a0779fb7b915/element/24c542dd-58c5-402c-bc87-72111ccf9180/text&amp#27;[39m
&amp#27;[35m[HTTP]&amp#27;[39m &amp#27;[90m{}&amp#27;[39m
&amp#27;[35m[W3C (c2100e22)]&amp#27;[39m Driver proxy active, passing request on via HTTP proxy
[debug] &amp#27;[35m[WD Proxy]&amp#27;[39m Matched '/wd/hub/session/c2100e22-d6d2-40fc-b84e-a0779fb7b915/element/24c542dd-58c5-402c-bc87-72111ccf9180/text' to command name 'getText'
[debug] &amp#27;[35m[WD Proxy]&amp#27;[39m Proxying [GET /wd/hub/session/c2100e22-d6d2-40fc-b84e-a0779fb7b915/element/24c542dd-58c5-402c-bc87-72111ccf9180/text] to [GET http://127.0.0.1:8200/wd/hub/session/f789331e-141a-4136-ac16-2f2228185ffc/element/24c542dd-58c5-402c-bc87-72111ccf9180/text] with no body
[debug] &amp#27;[35m[WD Proxy]&amp#27;[39m Got response with status 200: {"sessionId":"f789331e-141a-4136-ac16-2f2228185ffc","value":"I Am Fresher/Experience"}
&amp#27;[35m[WD Proxy]&amp#27;[39m Replacing sessionId f789331e-141a-4136-ac16-2f2228185ffc with c2100e22-d6d2-40fc-b84e-a0779fb7b915
&amp#27;[35m[HTTP]&amp#27;[39m &amp#27;[37m<-- GET /wd/hub/session/c2100e22-d6d2-40fc-b84e-a0779fb7b915/element/24c542dd-58c5-402c-bc87-72111ccf9180/text &amp#27;[39m&amp#27;[32m200&amp#27;[39m &amp#27;[90m51 ms - 86&amp#27;[39m
&amp#27;[35m[HTTP]&amp#27;[39m &amp#27;[90m&amp#27;[39m
&amp#27;[35m[HTTP]&amp#27;[39m &amp#27;[37m-->&amp#27;[39m &amp#27;[37mGET&amp#27;[39m &amp#27;[37m/wd/hub/session/c2100e22-d6d2-40fc-b84e-a0779fb7b915&amp#27;[39m
&amp#27;[35m[HTTP]&amp#27;[39m &amp#27;[90m{}&amp#27;[39m
[debug] &amp#27;[35m[W3C (c2100e22)]&amp#27;[39m Calling AppiumDriver.getSession() with args: ["c2100e22-d6d2-40fc-b84e-a0779fb7b915"]
[debug] &amp#27;[35m[UiAutomator2]&amp#27;[39m Getting session details from server to mix in
[debug] &amp#27;[35m[WD Proxy]&amp#27;[39m Matched '/' to command name 'getSession'
[debug] &amp#27;[35m[WD Proxy]&amp#27;[39m Proxying [GET /] to [GET http://127.0.0.1:8200/wd/hub/session/f789331e-141a-4136-ac16-2f2228185ffc] with no body
[debug] &amp#27;[35m[WD Proxy]&amp#27;[39m Got response with status 200: {"sessionId":"f789331e-141a-4136-ac16-2f2228185ffc","value":{"lastScrollData":null}}
[debug] &amp#27;[35m[W3C (c2100e22)]&amp#27;[39m Responding to client with driver.getSession() result: {"platform":"LINUX","webStorageEnabled":false,"takesScreenshot":true,"javascriptEnabled":true,"databaseEnabled":false,"networkConnectionEnabled":true,"locationContextEnabled":false,"warnings":{},"desired":{"platformName":"android","skipDeviceInitialization":true,"skipServerInstallation":false,"app":"./Resources/in.workindia.apk","appActivity":".RegisterActivity","appPackage":"in.workindia.nileshdungarwal.workindiaandroid","platformVersion":"8.1"},"platformName":"android","skipDeviceInitialization":true,"skipServerInstallation":false,"app":"./Resources/in.workindia.apk","appActivity":".RegisterActivity","appPackage":"in.workindia.nileshdungarwal.workindiaandroid","platformVersion":"8.1.0","deviceName":"emulator-5554","deviceUDID":"emulator-5554","deviceApiLevel":27,"deviceScreenSize":"1080x2160","deviceScreenDensity":440,"deviceModel":"Android SDK built for x86","deviceManufacturer":"Google","pixelRatio":2.75,"statBarHeight":66,"viewportRect":{"left":0,"top":66,"width":1080,"height":1962},"lastScrollData":n...
&amp#27;[35m[HTTP]&amp#27;[39m &amp#27;[37m<-- GET /wd/hub/session/c2100e22-d6d2-40fc-b84e-a0779fb7b915 &amp#27;[39m&amp#27;[32m200&amp#27;[39m &amp#27;[90m15 ms - 1035&amp#27;[39m
&amp#27;[35m[HTTP]&amp#27;[39m &amp#27;[90m&amp#27;[39m
&amp#27;[35m[HTTP]&amp#27;[39m &amp#27;[37m-->&amp#27;[39m &amp#27;[37mPOST&amp#27;[39m &amp#27;[37m/wd/hub/session/c2100e22-d6d2-40fc-b84e-a0779fb7b915/element&amp#27;[39m
&amp#27;[35m[HTTP]&amp#27;[39m &amp#27;[90m{"using":"id","value":"in.workindia.nileshdungarwal.workindiaandroid:id/cb_fresher"}&amp#27;[39m
[debug] &amp#27;[35m[W3C (c2100e22)]&amp#27;[39m Calling AppiumDriver.findElement() with args: ["id","in.workindia.nileshdungarwal.workindiaandroid:id/cb_fresher","c2100e22-d6d2-40fc-b84e-a0779fb7b915"]
[debug] &amp#27;[35m[BaseDriver]&amp#27;[39m Valid locator strategies for this request: xpath, id, class name, accessibility id, css selector, -android uiautomator
[debug] &amp#27;[35m[BaseDriver]&amp#27;[39m Waiting up to 50000 ms for condition
[debug] &amp#27;[35m[WD Proxy]&amp#27;[39m Matched '/element' to command name 'findElement'
[debug] &amp#27;[35m[WD Proxy]&amp#27;[39m Proxying [POST /element] to [POST http://127.0.0.1:8200/wd/hub/session/f789331e-141a-4136-ac16-2f2228185ffc/element] with body: {"strategy":"id","selector":"in.workindia.nileshdungarwal.workindiaandroid:id/cb_fresher","context":"","multiple":false}
[debug] &amp#27;[35m[WD Proxy]&amp#27;[39m Got response with status 200: {"sessionId":"f789331e-141a-4136-ac16-2f2228185ffc","value":{"ELEMENT":"9d625454-251d-43fc-ad66-5692ed522a7a","element-6066-11e4-a52e-4f735466cecf":"9d625454-251d-43fc-ad66-5692ed522a7a"}}
[debug] &amp#27;[35m[W3C (c2100e22)]&amp#27;[39m Responding to client with driver.findElement() result: {"element-6066-11e4-a52e-4f735466cecf":"9d625454-251d-43fc-ad66-5692ed522a7a","ELEMENT":"9d625454-251d-43fc-ad66-5692ed522a7a"}
&amp#27;[35m[HTTP]&amp#27;[39m &amp#27;[37m<-- POST /wd/hub/session/c2100e22-d6d2-40fc-b84e-a0779fb7b915/element &amp#27;[39m&amp#27;[32m200&amp#27;[39m &amp#27;[90m48 ms - 137&amp#27;[39m
&amp#27;[35m[HTTP]&amp#27;[39m &amp#27;[90m&amp#27;[39m
&amp#27;[35m[HTTP]&amp#27;[39m &amp#27;[37m-->&amp#27;[39m &amp#27;[37mPOST&amp#27;[39m &amp#27;[37m/wd/hub/session/c2100e22-d6d2-40fc-b84e-a0779fb7b915/element/9d625454-251d-43fc-ad66-5692ed522a7a/click&amp#27;[39m
&amp#27;[35m[HTTP]&amp#27;[39m &amp#27;[90m{"id":"9d625454-251d-43fc-ad66-5692ed522a7a"}&amp#27;[39m
[debug] &amp#27;[35m[W3C (c2100e22)]&amp#27;[39m Calling AppiumDriver.click() with args: ["9d625454-251d-43fc-ad66-5692ed522a7a","c2100e22-d6d2-40fc-b84e-a0779fb7b915"]
[debug] &amp#27;[35m[WD Proxy]&amp#27;[39m Matched '/element/9d625454-251d-43fc-ad66-5692ed522a7a/click' to command name 'click'
[debug] &amp#27;[35m[WD Proxy]&amp#27;[39m Proxying [POST /element/9d625454-251d-43fc-ad66-5692ed522a7a/click] to [POST http://127.0.0.1:8200/wd/hub/session/f789331e-141a-4136-ac16-2f2228185ffc/element/9d625454-251d-43fc-ad66-5692ed522a7a/click] with body: {"element":"9d625454-251d-43fc-ad66-5692ed522a7a"}
[debug] &amp#27;[35m[WD Proxy]&amp#27;[39m Got response with status 200: {"sessionId":"f789331e-141a-4136-ac16-2f2228185ffc","value":null}
[debug] &amp#27;[35m[W3C (c2100e22)]&amp#27;[39m Responding to client with driver.click() result: null
&amp#27;[35m[HTTP]&amp#27;[39m &amp#27;[37m<-- POST /wd/hub/session/c2100e22-d6d2-40fc-b84e-a0779fb7b915/element/9d625454-251d-43fc-ad66-5692ed522a7a/click &amp#27;[39m&amp#27;[32m200&amp#27;[39m &amp#27;[90m32 ms - 14&amp#27;[39m
&amp#27;[35m[HTTP]&amp#27;[39m &amp#27;[90m&amp#27;[39m
&amp#27;[35m[HTTP]&amp#27;[39m &amp#27;[37m-->&amp#27;[39m &amp#27;[37mGET&amp#27;[39m &amp#27;[37m/wd/hub/session/c2100e22-d6d2-40fc-b84e-a0779fb7b915&amp#27;[39m
&amp#27;[35m[HTTP]&amp#27;[39m &amp#27;[90m{}&amp#27;[39m
[debug] &amp#27;[35m[W3C (c2100e22)]&amp#27;[39m Calling AppiumDriver.getSession() with args: ["c2100e22-d6d2-40fc-b84e-a0779fb7b915"]
[debug] &amp#27;[35m[UiAutomator2]&amp#27;[39m Getting session details from server to mix in
[debug] &amp#27;[35m[WD Proxy]&amp#27;[39m Matched '/' to command name 'getSession'
[debug] &amp#27;[35m[WD Proxy]&amp#27;[39m Proxying [GET /] to [GET http://127.0.0.1:8200/wd/hub/session/f789331e-141a-4136-ac16-2f2228185ffc] with no body
[debug] &amp#27;[35m[WD Proxy]&amp#27;[39m Got response with status 200: {"sessionId":"f789331e-141a-4136-ac16-2f2228185ffc","value":{"lastScrollData":null}}
[debug] &amp#27;[35m[W3C (c2100e22)]&amp#27;[39m Responding to client with driver.getSession() result: {"platform":"LINUX","webStorageEnabled":false,"takesScreenshot":true,"javascriptEnabled":true,"databaseEnabled":false,"networkConnectionEnabled":true,"locationContextEnabled":false,"warnings":{},"desired":{"platformName":"android","skipDeviceInitialization":true,"skipServerInstallation":false,"app":"./Resources/in.workindia.apk","appActivity":".RegisterActivity","appPackage":"in.workindia.nileshdungarwal.workindiaandroid","platformVersion":"8.1"},"platformName":"android","skipDeviceInitialization":true,"skipServerInstallation":false,"app":"./Resources/in.workindia.apk","appActivity":".RegisterActivity","appPackage":"in.workindia.nileshdungarwal.workindiaandroid","platformVersion":"8.1.0","deviceName":"emulator-5554","deviceUDID":"emulator-5554","deviceApiLevel":27,"deviceScreenSize":"1080x2160","deviceScreenDensity":440,"deviceModel":"Android SDK built for x86","deviceManufacturer":"Google","pixelRatio":2.75,"statBarHeight":66,"viewportRect":{"left":0,"top":66,"width":1080,"height":1962},"lastScrollData":n...
&amp#27;[35m[HTTP]&amp#27;[39m &amp#27;[37m<-- GET /wd/hub/session/c2100e22-d6d2-40fc-b84e-a0779fb7b915 &amp#27;[39m&amp#27;[32m200&amp#27;[39m &amp#27;[90m17 ms - 1035&amp#27;[39m
&amp#27;[35m[HTTP]&amp#27;[39m &amp#27;[90m&amp#27;[39m
&amp#27;[35m[HTTP]&amp#27;[39m &amp#27;[37m-->&amp#27;[39m &amp#27;[37mPOST&amp#27;[39m &amp#27;[37m/wd/hub/session/c2100e22-d6d2-40fc-b84e-a0779fb7b915/element&amp#27;[39m
&amp#27;[35m[HTTP]&amp#27;[39m &amp#27;[90m{"using":"id","value":"in.workindia.nileshdungarwal.workindiaandroid:id/rg_male"}&amp#27;[39m
[debug] &amp#27;[35m[W3C (c2100e22)]&amp#27;[39m Calling AppiumDriver.findElement() with args: ["id","in.workindia.nileshdungarwal.workindiaandroid:id/rg_male","c2100e22-d6d2-40fc-b84e-a0779fb7b915"]
[debug] &amp#27;[35m[BaseDriver]&amp#27;[39m Valid locator strategies for this request: xpath, id, class name, accessibility id, css selector, -android uiautomator
[debug] &amp#27;[35m[BaseDriver]&amp#27;[39m Waiting up to 50000 ms for condition
[debug] &amp#27;[35m[WD Proxy]&amp#27;[39m Matched '/element' to command name 'findElement'
[debug] &amp#27;[35m[WD Proxy]&amp#27;[39m Proxying [POST /element] to [POST http://127.0.0.1:8200/wd/hub/session/f789331e-141a-4136-ac16-2f2228185ffc/element] with body: {"strategy":"id","selector":"in.workindia.nileshdungarwal.workindiaandroid:id/rg_male","context":"","multiple":false}
[debug] &amp#27;[35m[WD Proxy]&amp#27;[39m Got response with status 200: {"sessionId":"f789331e-141a-4136-ac16-2f2228185ffc","value":{"ELEMENT":"6ce45b7a-bfea-4b2c-916c-7065ae7ed51e","element-6066-11e4-a52e-4f735466cecf":"6ce45b7a-bfea-4b2c-916c-7065ae7ed51e"}}
[debug] &amp#27;[35m[W3C (c2100e22)]&amp#27;[39m Responding to client with driver.findElement() result: {"element-6066-11e4-a52e-4f735466cecf":"6ce45b7a-bfea-4b2c-916c-7065ae7ed51e","ELEMENT":"6ce45b7a-bfea-4b2c-916c-7065ae7ed51e"}
&amp#27;[35m[HTTP]&amp#27;[39m &amp#27;[37m<-- POST /wd/hub/session/c2100e22-d6d2-40fc-b84e-a0779fb7b915/element &amp#27;[39m&amp#27;[32m200&amp#27;[39m &amp#27;[90m509 ms - 137&amp#27;[39m
&amp#27;[35m[HTTP]&amp#27;[39m &amp#27;[90m&amp#27;[39m
&amp#27;[35m[HTTP]&amp#27;[39m &amp#27;[37m-->&amp#27;[39m &amp#27;[37mPOST&amp#27;[39m &amp#27;[37m/wd/hub/session/c2100e22-d6d2-40fc-b84e-a0779fb7b915/element/6ce45b7a-bfea-4b2c-916c-7065ae7ed51e/click&amp#27;[39m
&amp#27;[35m[HTTP]&amp#27;[39m &amp#27;[90m{"id":"6ce45b7a-bfea-4b2c-916c-7065ae7ed51e"}&amp#27;[39m
[debug] &amp#27;[35m[W3C (c2100e22)]&amp#27;[39m Calling AppiumDriver.click() with args: ["6ce45b7a-bfea-4b2c-916c-7065ae7ed51e","c2100e22-d6d2-40fc-b84e-a0779fb7b915"]
[debug] &amp#27;[35m[WD Proxy]&amp#27;[39m Matched '/element/6ce45b7a-bfea-4b2c-916c-7065ae7ed51e/click' to command name 'click'
[debug] &amp#27;[35m[WD Proxy]&amp#27;[39m Proxying [POST /element/6ce45b7a-bfea-4b2c-916c-7065ae7ed51e/click] to [POST http://127.0.0.1:8200/wd/hub/session/f789331e-141a-4136-ac16-2f2228185ffc/element/6ce45b7a-bfea-4b2c-916c-7065ae7ed51e/click] with body: {"element":"6ce45b7a-bfea-4b2c-916c-7065ae7ed51e"}
[debug] &amp#27;[35m[WD Proxy]&amp#27;[39m Got response with status 200: {"sessionId":"f789331e-141a-4136-ac16-2f2228185ffc","value":null}
[debug] &amp#27;[35m[W3C (c2100e22)]&amp#27;[39m Responding to client with driver.click() result: null
&amp#27;[35m[HTTP]&amp#27;[39m &amp#27;[37m<-- POST /wd/hub/session/c2100e22-d6d2-40fc-b84e-a0779fb7b915/element/6ce45b7a-bfea-4b2c-916c-7065ae7ed51e/click &amp#27;[39m&amp#27;[32m200&amp#27;[39m &amp#27;[90m27 ms - 14&amp#27;[39m
&amp#27;[35m[HTTP]&amp#27;[39m &amp#27;[90m&amp#27;[39m
&amp#27;[35m[HTTP]&amp#27;[39m &amp#27;[37m-->&amp#27;[39m &amp#27;[37mGET&amp#27;[39m &amp#27;[37m/wd/hub/session/c2100e22-d6d2-40fc-b84e-a0779fb7b915&amp#27;[39m
&amp#27;[35m[HTTP]&amp#27;[39m &amp#27;[90m{}&amp#27;[39m
[debug] &amp#27;[35m[W3C (c2100e22)]&amp#27;[39m Calling AppiumDriver.getSession() with args: ["c2100e22-d6d2-40fc-b84e-a0779fb7b915"]
[debug] &amp#27;[35m[UiAutomator2]&amp#27;[39m Getting session details from server to mix in
[debug] &amp#27;[35m[WD Proxy]&amp#27;[39m Matched '/' to command name 'getSession'
[debug] &amp#27;[35m[WD Proxy]&amp#27;[39m Proxying [GET /] to [GET http://127.0.0.1:8200/wd/hub/session/f789331e-141a-4136-ac16-2f2228185ffc] with no body
[debug] &amp#27;[35m[WD Proxy]&amp#27;[39m Got response with status 200: {"sessionId":"f789331e-141a-4136-ac16-2f2228185ffc","value":{"lastScrollData":null}}
[debug] &amp#27;[35m[W3C (c2100e22)]&amp#27;[39m Responding to client with driver.getSession() result: {"platform":"LINUX","webStorageEnabled":false,"takesScreenshot":true,"javascriptEnabled":true,"databaseEnabled":false,"networkConnectionEnabled":true,"locationContextEnabled":false,"warnings":{},"desired":{"platformName":"android","skipDeviceInitialization":true,"skipServerInstallation":false,"app":"./Resources/in.workindia.apk","appActivity":".RegisterActivity","appPackage":"in.workindia.nileshdungarwal.workindiaandroid","platformVersion":"8.1"},"platformName":"android","skipDeviceInitialization":true,"skipServerInstallation":false,"app":"./Resources/in.workindia.apk","appActivity":".RegisterActivity","appPackage":"in.workindia.nileshdungarwal.workindiaandroid","platformVersion":"8.1.0","deviceName":"emulator-5554","deviceUDID":"emulator-5554","deviceApiLevel":27,"deviceScreenSize":"1080x2160","deviceScreenDensity":440,"deviceModel":"Android SDK built for x86","deviceManufacturer":"Google","pixelRatio":2.75,"statBarHeight":66,"viewportRect":{"left":0,"top":66,"width":1080,"height":1962},"lastScrollData":n...
&amp#27;[35m[HTTP]&amp#27;[39m &amp#27;[37m<-- GET /wd/hub/session/c2100e22-d6d2-40fc-b84e-a0779fb7b915 &amp#27;[39m&amp#27;[32m200&amp#27;[39m &amp#27;[90m10 ms - 1035&amp#27;[39m
&amp#27;[35m[HTTP]&amp#27;[39m &amp#27;[90m&amp#27;[39m
&amp#27;[35m[HTTP]&amp#27;[39m &amp#27;[37m-->&amp#27;[39m &amp#27;[37mPOST&amp#27;[39m &amp#27;[37m/wd/hub/session/c2100e22-d6d2-40fc-b84e-a0779fb7b915/element&amp#27;[39m
&amp#27;[35m[HTTP]&amp#27;[39m &amp#27;[90m{"using":"id","value":"in.workindia.nileshdungarwal.workindiaandroid:id/btn_apply"}&amp#27;[39m
[debug] &amp#27;[35m[W3C (c2100e22)]&amp#27;[39m Calling AppiumDriver.findElement() with args: ["id","in.workindia.nileshdungarwal.workindiaandroid:id/btn_apply","c2100e22-d6d2-40fc-b84e-a0779fb7b915"]
[debug] &amp#27;[35m[BaseDriver]&amp#27;[39m Valid locator strategies for this request: xpath, id, class name, accessibility id, css selector, -android uiautomator
[debug] &amp#27;[35m[BaseDriver]&amp#27;[39m Waiting up to 50000 ms for condition
[debug] &amp#27;[35m[WD Proxy]&amp#27;[39m Matched '/element' to command name 'findElement'
[debug] &amp#27;[35m[WD Proxy]&amp#27;[39m Proxying [POST /element] to [POST http://127.0.0.1:8200/wd/hub/session/f789331e-141a-4136-ac16-2f2228185ffc/element] with body: {"strategy":"id","selector":"in.workindia.nileshdungarwal.workindiaandroid:id/btn_apply","context":"","multiple":false}
[debug] &amp#27;[35m[WD Proxy]&amp#27;[39m Got response with status 200: {"sessionId":"f789331e-141a-4136-ac16-2f2228185ffc","value":{"ELEMENT":"67625617-3f76-4593-bccd-9beeaa3900cb","element-6066-11e4-a52e-4f735466cecf":"67625617-3f76-4593-bccd-9beeaa3900cb"}}
[debug] &amp#27;[35m[W3C (c2100e22)]&amp#27;[39m Responding to client with driver.findElement() result: {"element-6066-11e4-a52e-4f735466cecf":"67625617-3f76-4593-bccd-9beeaa3900cb","ELEMENT":"67625617-3f76-4593-bccd-9beeaa3900cb"}
&amp#27;[35m[HTTP]&amp#27;[39m &amp#27;[37m<-- POST /wd/hub/session/c2100e22-d6d2-40fc-b84e-a0779fb7b915/element &amp#27;[39m&amp#27;[32m200&amp#27;[39m &amp#27;[90m520 ms - 137&amp#27;[39m
&amp#27;[35m[HTTP]&amp#27;[39m &amp#27;[90m&amp#27;[39m
&amp#27;[35m[HTTP]&amp#27;[39m &amp#27;[37m-->&amp#27;[39m &amp#27;[37mPOST&amp#27;[39m &amp#27;[37m/wd/hub/session/c2100e22-d6d2-40fc-b84e-a0779fb7b915/element/67625617-3f76-4593-bccd-9beeaa3900cb/click&amp#27;[39m
&amp#27;[35m[HTTP]&amp#27;[39m &amp#27;[90m{"id":"67625617-3f76-4593-bccd-9beeaa3900cb"}&amp#27;[39m
[debug] &amp#27;[35m[W3C (c2100e22)]&amp#27;[39m Calling AppiumDriver.click() with args: ["67625617-3f76-4593-bccd-9beeaa3900cb","c2100e22-d6d2-40fc-b84e-a0779fb7b915"]
[debug] &amp#27;[35m[WD Proxy]&amp#27;[39m Matched '/element/67625617-3f76-4593-bccd-9beeaa3900cb/click' to command name 'click'
[debug] &amp#27;[35m[WD Proxy]&amp#27;[39m Proxying [POST /element/67625617-3f76-4593-bccd-9beeaa3900cb/click] to [POST http://127.0.0.1:8200/wd/hub/session/f789331e-141a-4136-ac16-2f2228185ffc/element/67625617-3f76-4593-bccd-9beeaa3900cb/click] with body: {"element":"67625617-3f76-4593-bccd-9beeaa3900cb"}
[debug] &amp#27;[35m[WD Proxy]&amp#27;[39m Got response with status 200: {"sessionId":"f789331e-141a-4136-ac16-2f2228185ffc","value":null}
[debug] &amp#27;[35m[W3C (c2100e22)]&amp#27;[39m Responding to client with driver.click() result: null
&amp#27;[35m[HTTP]&amp#27;[39m &amp#27;[37m<-- POST /wd/hub/session/c2100e22-d6d2-40fc-b84e-a0779fb7b915/element/67625617-3f76-4593-bccd-9beeaa3900cb/click &amp#27;[39m&amp#27;[32m200&amp#27;[39m &amp#27;[90m27 ms - 14&amp#27;[39m
&amp#27;[35m[HTTP]&amp#27;[39m &amp#27;[90m&amp#27;[39m
&amp#27;[35m[HTTP]&amp#27;[39m &amp#27;[37m-->&amp#27;[39m &amp#27;[37mGET&amp#27;[39m &amp#27;[37m/wd/hub/session/c2100e22-d6d2-40fc-b84e-a0779fb7b915&amp#27;[39m
&amp#27;[35m[HTTP]&amp#27;[39m &amp#27;[90m{}&amp#27;[39m
[debug] &amp#27;[35m[W3C (c2100e22)]&amp#27;[39m Calling AppiumDriver.getSession() with args: ["c2100e22-d6d2-40fc-b84e-a0779fb7b915"]
[debug] &amp#27;[35m[UiAutomator2]&amp#27;[39m Getting session details from server to mix in
[debug] &amp#27;[35m[WD Proxy]&amp#27;[39m Matched '/' to command name 'getSession'
[debug] &amp#27;[35m[WD Proxy]&amp#27;[39m Proxying [GET /] to [GET http://127.0.0.1:8200/wd/hub/session/f789331e-141a-4136-ac16-2f2228185ffc] with no body
[debug] &amp#27;[35m[WD Proxy]&amp#27;[39m Got response with status 200: {"sessionId":"f789331e-141a-4136-ac16-2f2228185ffc","value":{"lastScrollData":null}}
[debug] &amp#27;[35m[W3C (c2100e22)]&amp#27;[39m Responding to client with driver.getSession() result: {"platform":"LINUX","webStorageEnabled":false,"takesScreenshot":true,"javascriptEnabled":true,"databaseEnabled":false,"networkConnectionEnabled":true,"locationContextEnabled":false,"warnings":{},"desired":{"platformName":"android","skipDeviceInitialization":true,"skipServerInstallation":false,"app":"./Resources/in.workindia.apk","appActivity":".RegisterActivity","appPackage":"in.workindia.nileshdungarwal.workindiaandroid","platformVersion":"8.1"},"platformName":"android","skipDeviceInitialization":true,"skipServerInstallation":false,"app":"./Resources/in.workindia.apk","appActivity":".RegisterActivity","appPackage":"in.workindia.nileshdungarwal.workindiaandroid","platformVersion":"8.1.0","deviceName":"emulator-5554","deviceUDID":"emulator-5554","deviceApiLevel":27,"deviceScreenSize":"1080x2160","deviceScreenDensity":440,"deviceModel":"Android SDK built for x86","deviceManufacturer":"Google","pixelRatio":2.75,"statBarHeight":66,"viewportRect":{"left":0,"top":66,"width":1080,"height":1962},"lastScrollData":n...
&amp#27;[35m[HTTP]&amp#27;[39m &amp#27;[37m<-- GET /wd/hub/session/c2100e22-d6d2-40fc-b84e-a0779fb7b915 &amp#27;[39m&amp#27;[32m200&amp#27;[39m &amp#27;[90m9 ms - 1035&amp#27;[39m
&amp#27;[35m[HTTP]&amp#27;[39m &amp#27;[90m&amp#27;[39m
&amp#27;[35m[HTTP]&amp#27;[39m &amp#27;[37m-->&amp#27;[39m &amp#27;[37mPOST&amp#27;[39m &amp#27;[37m/wd/hub/session/c2100e22-d6d2-40fc-b84e-a0779fb7b915/element&amp#27;[39m
&amp#27;[35m[HTTP]&amp#27;[39m &amp#27;[90m{"using":"xpath","value":"//android.support.v7.widget.RecyclerView/android.widget.LinearLayout[2]/android.widget.LinearLayout"}&amp#27;[39m
[debug] &amp#27;[35m[W3C (c2100e22)]&amp#27;[39m Calling AppiumDriver.findElement() with args: ["xpath","//android.support.v7.widget.RecyclerView/android.widget.LinearLayout[2]/android.widget.LinearLayout","c2100e22-d6d2-40fc-b84e-a0779fb7b915"]
[debug] &amp#27;[35m[BaseDriver]&amp#27;[39m Valid locator strategies for this request: xpath, id, class name, accessibility id, css selector, -android uiautomator
[debug] &amp#27;[35m[BaseDriver]&amp#27;[39m Waiting up to 50000 ms for condition
[debug] &amp#27;[35m[WD Proxy]&amp#27;[39m Matched '/element' to command name 'findElement'
[debug] &amp#27;[35m[WD Proxy]&amp#27;[39m Proxying [POST /element] to [POST http://127.0.0.1:8200/wd/hub/session/f789331e-141a-4136-ac16-2f2228185ffc/element] with body: {"strategy":"xpath","selector":"//android.support.v7.widget.RecyclerView/android.widget.LinearLayout[2]/android.widget.LinearLayout","context":"","multiple":false}
&amp#27;[35m[WD Proxy]&amp#27;[39m Got response with status 404: {"sessionId":"f789331e-141a-4136-ac16-2f2228185ffc","value":{"error":"no such element","message":"An element could not be located on the page using the given search parameters","stacktrace":"io.appium.uiautomator2.common.exceptions.ElementNotFoundException: An element could not be located on the page using the given search parameters\n\tat io.appium.uiautomator2.handler.FindElement.findElement(FindElement.java:96)\n\tat io.appium.uiautomator2.handler.FindElement.safeHandle(FindElement.java:71)\n\tat io.appium.uiautomator2.handler.request.SafeRequestHandler.handle(SafeRequestHandler.java:41)\n\tat io.appium.uiautomator2.server.AppiumServlet.handleRequest(AppiumServlet.java:261)\n\tat io.appium.uiautomator2.server.AppiumServlet.handleHttpRequest(AppiumServlet.java:255)\n\tat io.appium.uiautomator2.http.ServerHandler.channelRead(ServerHandler.java:68)\n\tat io.netty.channel.AbstractChannelHandlerContext.invokeChannelRead(AbstractChannelHandlerContext.java:366)\n\tat io.netty.channel.AbstractChannelHandlerCont...
[debug] &amp#27;[35m[W3C]&amp#27;[39m Matched W3C error code 'no such element' to NoSuchElementError
[debug] &amp#27;[35m[BaseDriver]&amp#27;[39m Waited for 291 ms so far
[debug] &amp#27;[35m[WD Proxy]&amp#27;[39m Matched '/element' to command name 'findElement'
[debug] &amp#27;[35m[WD Proxy]&amp#27;[39m Proxying [POST /element] to [POST http://127.0.0.1:8200/wd/hub/session/f789331e-141a-4136-ac16-2f2228185ffc/element] with body: {"strategy":"xpath","selector":"//android.support.v7.widget.RecyclerView/android.widget.LinearLayout[2]/android.widget.LinearLayout","context":"","multiple":false}
[debug] &amp#27;[35m[WD Proxy]&amp#27;[39m Got response with status 200: {"sessionId":"f789331e-141a-4136-ac16-2f2228185ffc","value":{"ELEMENT":"b6b1f138-c346-4e18-8340-d9bae517a5a4","element-6066-11e4-a52e-4f735466cecf":"b6b1f138-c346-4e18-8340-d9bae517a5a4"}}
[debug] &amp#27;[35m[W3C (c2100e22)]&amp#27;[39m Responding to client with driver.findElement() result: {"element-6066-11e4-a52e-4f735466cecf":"b6b1f138-c346-4e18-8340-d9bae517a5a4","ELEMENT":"b6b1f138-c346-4e18-8340-d9bae517a5a4"}
&amp#27;[35m[HTTP]&amp#27;[39m &amp#27;[37m<-- POST /wd/hub/session/c2100e22-d6d2-40fc-b84e-a0779fb7b915/element &amp#27;[39m&amp#27;[32m200&amp#27;[39m &amp#27;[90m955 ms - 137&amp#27;[39m
&amp#27;[35m[HTTP]&amp#27;[39m &amp#27;[90m&amp#27;[39m
&amp#27;[35m[HTTP]&amp#27;[39m &amp#27;[37m-->&amp#27;[39m &amp#27;[37mPOST&amp#27;[39m &amp#27;[37m/wd/hub/session/c2100e22-d6d2-40fc-b84e-a0779fb7b915/element/b6b1f138-c346-4e18-8340-d9bae517a5a4/click&amp#27;[39m
&amp#27;[35m[HTTP]&amp#27;[39m &amp#27;[90m{"id":"b6b1f138-c346-4e18-8340-d9bae517a5a4"}&amp#27;[39m
[debug] &amp#27;[35m[W3C (c2100e22)]&amp#27;[39m Calling AppiumDriver.click() with args: ["b6b1f138-c346-4e18-8340-d9bae517a5a4","c2100e22-d6d2-40fc-b84e-a0779fb7b915"]
[debug] &amp#27;[35m[WD Proxy]&amp#27;[39m Matched '/element/b6b1f138-c346-4e18-8340-d9bae517a5a4/click' to command name 'click'
[debug] &amp#27;[35m[WD Proxy]&amp#27;[39m Proxying [POST /element/b6b1f138-c346-4e18-8340-d9bae517a5a4/click] to [POST http://127.0.0.1:8200/wd/hub/session/f789331e-141a-4136-ac16-2f2228185ffc/element/b6b1f138-c346-4e18-8340-d9bae517a5a4/click] with body: {"element":"b6b1f138-c346-4e18-8340-d9bae517a5a4"}
[debug] &amp#27;[35m[WD Proxy]&amp#27;[39m Got response with status 200: {"sessionId":"f789331e-141a-4136-ac16-2f2228185ffc","value":null}
[debug] &amp#27;[35m[W3C (c2100e22)]&amp#27;[39m Responding to client with driver.click() result: null
&amp#27;[35m[HTTP]&amp#27;[39m &amp#27;[37m<-- POST /wd/hub/session/c2100e22-d6d2-40fc-b84e-a0779fb7b915/element/b6b1f138-c346-4e18-8340-d9bae517a5a4/click &amp#27;[39m&amp#27;[32m200&amp#27;[39m &amp#27;[90m18 ms - 14&amp#27;[39m
&amp#27;[35m[HTTP]&amp#27;[39m &amp#27;[90m&amp#27;[39m
&amp#27;[35m[HTTP]&amp#27;[39m &amp#27;[37m-->&amp#27;[39m &amp#27;[37mGET&amp#27;[39m &amp#27;[37m/wd/hub/session/c2100e22-d6d2-40fc-b84e-a0779fb7b915&amp#27;[39m
&amp#27;[35m[HTTP]&amp#27;[39m &amp#27;[90m{}&amp#27;[39m
[debug] &amp#27;[35m[W3C (c2100e22)]&amp#27;[39m Calling AppiumDriver.getSession() with args: ["c2100e22-d6d2-40fc-b84e-a0779fb7b915"]
[debug] &amp#27;[35m[UiAutomator2]&amp#27;[39m Getting session details from server to mix in
[debug] &amp#27;[35m[WD Proxy]&amp#27;[39m Matched '/' to command name 'getSession'
[debug] &amp#27;[35m[WD Proxy]&amp#27;[39m Proxying [GET /] to [GET http://127.0.0.1:8200/wd/hub/session/f789331e-141a-4136-ac16-2f2228185ffc] with no body
[debug] &amp#27;[35m[WD Proxy]&amp#27;[39m Got response with status 200: {"sessionId":"f789331e-141a-4136-ac16-2f2228185ffc","value":{"lastScrollData":null}}
[debug] &amp#27;[35m[W3C (c2100e22)]&amp#27;[39m Responding to client with driver.getSession() result: {"platform":"LINUX","webStorageEnabled":false,"takesScreenshot":true,"javascriptEnabled":true,"databaseEnabled":false,"networkConnectionEnabled":true,"locationContextEnabled":false,"warnings":{},"desired":{"platformName":"android","skipDeviceInitialization":true,"skipServerInstallation":false,"app":"./Resources/in.workindia.apk","appActivity":".RegisterActivity","appPackage":"in.workindia.nileshdungarwal.workindiaandroid","platformVersion":"8.1"},"platformName":"android","skipDeviceInitialization":true,"skipServerInstallation":false,"app":"./Resources/in.workindia.apk","appActivity":".RegisterActivity","appPackage":"in.workindia.nileshdungarwal.workindiaandroid","platformVersion":"8.1.0","deviceName":"emulator-5554","deviceUDID":"emulator-5554","deviceApiLevel":27,"deviceScreenSize":"1080x2160","deviceScreenDensity":440,"deviceModel":"Android SDK built for x86","deviceManufacturer":"Google","pixelRatio":2.75,"statBarHeight":66,"viewportRect":{"left":0,"top":66,"width":1080,"height":1962},"lastScrollData":n...
&amp#27;[35m[HTTP]&amp#27;[39m &amp#27;[37m<-- GET /wd/hub/session/c2100e22-d6d2-40fc-b84e-a0779fb7b915 &amp#27;[39m&amp#27;[32m200&amp#27;[39m &amp#27;[90m12 ms - 1035&amp#27;[39m
&amp#27;[35m[HTTP]&amp#27;[39m &amp#27;[90m&amp#27;[39m
&amp#27;[35m[HTTP]&amp#27;[39m &amp#27;[37m-->&amp#27;[39m &amp#27;[37mGET&amp#27;[39m &amp#27;[37m/wd/hub/session/c2100e22-d6d2-40fc-b84e-a0779fb7b915&amp#27;[39m
&amp#27;[35m[HTTP]&amp#27;[39m &amp#27;[90m{}&amp#27;[39m
[debug] &amp#27;[35m[W3C (c2100e22)]&amp#27;[39m Calling AppiumDriver.getSession() with args: ["c2100e22-d6d2-40fc-b84e-a0779fb7b915"]
[debug] &amp#27;[35m[UiAutomator2]&amp#27;[39m Getting session details from server to mix in
[debug] &amp#27;[35m[WD Proxy]&amp#27;[39m Matched '/' to command name 'getSession'
[debug] &amp#27;[35m[WD Proxy]&amp#27;[39m Proxying [GET /] to [GET http://127.0.0.1:8200/wd/hub/session/f789331e-141a-4136-ac16-2f2228185ffc] with no body
[debug] &amp#27;[35m[WD Proxy]&amp#27;[39m Got response with status 200: {"sessionId":"f789331e-141a-4136-ac16-2f2228185ffc","value":{"lastScrollData":null}}
[debug] &amp#27;[35m[W3C (c2100e22)]&amp#27;[39m Responding to client with driver.getSession() result: {"platform":"LINUX","webStorageEnabled":false,"takesScreenshot":true,"javascriptEnabled":true,"databaseEnabled":false,"networkConnectionEnabled":true,"locationContextEnabled":false,"warnings":{},"desired":{"platformName":"android","skipDeviceInitialization":true,"skipServerInstallation":false,"app":"./Resources/in.workindia.apk","appActivity":".RegisterActivity","appPackage":"in.workindia.nileshdungarwal.workindiaandroid","platformVersion":"8.1"},"platformName":"android","skipDeviceInitialization":true,"skipServerInstallation":false,"app":"./Resources/in.workindia.apk","appActivity":".RegisterActivity","appPackage":"in.workindia.nileshdungarwal.workindiaandroid","platformVersion":"8.1.0","deviceName":"emulator-5554","deviceUDID":"emulator-5554","deviceApiLevel":27,"deviceScreenSize":"1080x2160","deviceScreenDensity":440,"deviceModel":"Android SDK built for x86","deviceManufacturer":"Google","pixelRatio":2.75,"statBarHeight":66,"viewportRect":{"left":0,"top":66,"width":1080,"height":1962},"lastScrollData":n...
&amp#27;[35m[HTTP]&amp#27;[39m &amp#27;[37m<-- GET /wd/hub/session/c2100e22-d6d2-40fc-b84e-a0779fb7b915 &amp#27;[39m&amp#27;[32m200&amp#27;[39m &amp#27;[90m13 ms - 1035&amp#27;[39m
&amp#27;[35m[HTTP]&amp#27;[39m &amp#27;[90m&amp#27;[39m
&amp#27;[35m[HTTP]&amp#27;[39m &amp#27;[37m-->&amp#27;[39m &amp#27;[37mGET&amp#27;[39m &amp#27;[37m/wd/hub/session/c2100e22-d6d2-40fc-b84e-a0779fb7b915/window/rect&amp#27;[39m
&amp#27;[35m[HTTP]&amp#27;[39m &amp#27;[90m{}&amp#27;[39m
[debug] &amp#27;[35m[W3C (c2100e22)]&amp#27;[39m Calling AppiumDriver.getWindowRect() with args: ["c2100e22-d6d2-40fc-b84e-a0779fb7b915"]
[debug] &amp#27;[35m[WD Proxy]&amp#27;[39m Matched '/window/current/size' to command name 'getWindowSize'
[debug] &amp#27;[35m[WD Proxy]&amp#27;[39m Proxying [GET /window/current/size] to [GET http://127.0.0.1:8200/wd/hub/session/f789331e-141a-4136-ac16-2f2228185ffc/window/current/size] with no body
[debug] &amp#27;[35m[WD Proxy]&amp#27;[39m Got response with status 200: {"sessionId":"f789331e-141a-4136-ac16-2f2228185ffc","value":{"height":2028,"width":1080}}
[debug] &amp#27;[35m[W3C (c2100e22)]&amp#27;[39m Responding to client with driver.getWindowRect() result: {"width":1080,"height":2028,"x":0,"y":0}
&amp#27;[35m[HTTP]&amp#27;[39m &amp#27;[37m<-- GET /wd/hub/session/c2100e22-d6d2-40fc-b84e-a0779fb7b915/window/rect &amp#27;[39m&amp#27;[32m200&amp#27;[39m &amp#27;[90m14 ms - 50&amp#27;[39m
&amp#27;[35m[HTTP]&amp#27;[39m &amp#27;[90m&amp#27;[39m
&amp#27;[35m[HTTP]&amp#27;[39m &amp#27;[37m-->&amp#27;[39m &amp#27;[37mPOST&amp#27;[39m &amp#27;[37m/wd/hub/session/c2100e22-d6d2-40fc-b84e-a0779fb7b915/touch/perform&amp#27;[39m
&amp#27;[35m[HTTP]&amp#27;[39m &amp#27;[90m{"actions":[{"action":"press","options":{"x":540,"y":1419}},{"action":"wait","options":{"ms":1000}},{"action":"moveTo","options":{"x":540,"y":202}},{"action":"release","options":{}}]}&amp#27;[39m
[debug] &amp#27;[35m[W3C (c2100e22)]&amp#27;[39m Calling AppiumDriver.performTouch() with args: [[{"action":"press","options":{"x":540,"y":1419}},{"action":"wait","options":{"ms":1000}},{"action":"moveTo","options":{"x":540,"y":202}},{"action":"release","options":{}}],"c2100e22-d6d2-40fc-b84e-a0779fb7b915"]
[debug] &amp#27;[35m[WD Proxy]&amp#27;[39m Matched '/touch/perform' to command name 'performTouch'
[debug] &amp#27;[35m[WD Proxy]&amp#27;[39m Proxying [POST /touch/perform] to [POST http://127.0.0.1:8200/wd/hub/session/f789331e-141a-4136-ac16-2f2228185ffc/touch/perform] with body: {"startX":540,"startY":1419,"endX":540,"endY":202,"steps":28}
[debug] &amp#27;[35m[WD Proxy]&amp#27;[39m Got response with status 200: {"sessionId":"f789331e-141a-4136-ac16-2f2228185ffc","value":null}
[debug] &amp#27;[35m[W3C (c2100e22)]&amp#27;[39m Responding to client with driver.performTouch() result: null
&amp#27;[35m[HTTP]&amp#27;[39m &amp#27;[37m<-- POST /wd/hub/session/c2100e22-d6d2-40fc-b84e-a0779fb7b915/touch/perform &amp#27;[39m&amp#27;[32m200&amp#27;[39m &amp#27;[90m1892 ms - 14&amp#27;[39m
&amp#27;[35m[HTTP]&amp#27;[39m &amp#27;[90m&amp#27;[39m
&amp#27;[35m[HTTP]&amp#27;[39m &amp#27;[37m-->&amp#27;[39m &amp#27;[37mGET&amp#27;[39m &amp#27;[37m/wd/hub/session/c2100e22-d6d2-40fc-b84e-a0779fb7b915&amp#27;[39m
&amp#27;[35m[HTTP]&amp#27;[39m &amp#27;[90m{}&amp#27;[39m
[debug] &amp#27;[35m[W3C (c2100e22)]&amp#27;[39m Calling AppiumDriver.getSession() with args: ["c2100e22-d6d2-40fc-b84e-a0779fb7b915"]
[debug] &amp#27;[35m[UiAutomator2]&amp#27;[39m Getting session details from server to mix in
[debug] &amp#27;[35m[WD Proxy]&amp#27;[39m Matched '/' to command name 'getSession'
[debug] &amp#27;[35m[WD Proxy]&amp#27;[39m Proxying [GET /] to [GET http://127.0.0.1:8200/wd/hub/session/f789331e-141a-4136-ac16-2f2228185ffc] with no body
[debug] &amp#27;[35m[WD Proxy]&amp#27;[39m Got response with status 200: {"sessionId":"f789331e-141a-4136-ac16-2f2228185ffc","value":{"lastScrollData":{"toIndex":0,"maxScrollY":-1,"maxScrollX":-1,"scrollY":-1,"scrollX":-1,"fromIndex":0,"itemCount":2}}}
[debug] &amp#27;[35m[W3C (c2100e22)]&amp#27;[39m Responding to client with driver.getSession() result: {"platform":"LINUX","webStorageEnabled":false,"takesScreenshot":true,"javascriptEnabled":true,"databaseEnabled":false,"networkConnectionEnabled":true,"locationContextEnabled":false,"warnings":{},"desired":{"platformName":"android","skipDeviceInitialization":true,"skipServerInstallation":false,"app":"./Resources/in.workindia.apk","appActivity":".RegisterActivity","appPackage":"in.workindia.nileshdungarwal.workindiaandroid","platformVersion":"8.1"},"platformName":"android","skipDeviceInitialization":true,"skipServerInstallation":false,"app":"./Resources/in.workindia.apk","appActivity":".RegisterActivity","appPackage":"in.workindia.nileshdungarwal.workindiaandroid","platformVersion":"8.1.0","deviceName":"emulator-5554","deviceUDID":"emulator-5554","deviceApiLevel":27,"deviceScreenSize":"1080x2160","deviceScreenDensity":440,"deviceModel":"Android SDK built for x86","deviceManufacturer":"Google","pixelRatio":2.75,"statBarHeight":66,"viewportRect":{"left":0,"top":66,"width":1080,"height":1962},"lastScrollData":{...
&amp#27;[35m[HTTP]&amp#27;[39m &amp#27;[37m<-- GET /wd/hub/session/c2100e22-d6d2-40fc-b84e-a0779fb7b915 &amp#27;[39m&amp#27;[32m200&amp#27;[39m &amp#27;[90m14 ms - 1130&amp#27;[39m
&amp#27;[35m[HTTP]&amp#27;[39m &amp#27;[90m&amp#27;[39m
&amp#27;[35m[HTTP]&amp#27;[39m &amp#27;[37m-->&amp#27;[39m &amp#27;[37mGET&amp#27;[39m &amp#27;[37m/wd/hub/session/c2100e22-d6d2-40fc-b84e-a0779fb7b915&amp#27;[39m
&amp#27;[35m[HTTP]&amp#27;[39m &amp#27;[90m{}&amp#27;[39m
[debug] &amp#27;[35m[W3C (c2100e22)]&amp#27;[39m Calling AppiumDriver.getSession() with args: ["c2100e22-d6d2-40fc-b84e-a0779fb7b915"]
[debug] &amp#27;[35m[UiAutomator2]&amp#27;[39m Getting session details from server to mix in
[debug] &amp#27;[35m[WD Proxy]&amp#27;[39m Matched '/' to command name 'getSession'
[debug] &amp#27;[35m[WD Proxy]&amp#27;[39m Proxying [GET /] to [GET http://127.0.0.1:8200/wd/hub/session/f789331e-141a-4136-ac16-2f2228185ffc] with no body
[debug] &amp#27;[35m[WD Proxy]&amp#27;[39m Got response with status 200: {"sessionId":"f789331e-141a-4136-ac16-2f2228185ffc","value":{"lastScrollData":{"toIndex":0,"maxScrollY":-1,"maxScrollX":-1,"scrollY":-1,"scrollX":-1,"fromIndex":0,"itemCount":2}}}
[debug] &amp#27;[35m[W3C (c2100e22)]&amp#27;[39m Responding to client with driver.getSession() result: {"platform":"LINUX","webStorageEnabled":false,"takesScreenshot":true,"javascriptEnabled":true,"databaseEnabled":false,"networkConnectionEnabled":true,"locationContextEnabled":false,"warnings":{},"desired":{"platformName":"android","skipDeviceInitialization":true,"skipServerInstallation":false,"app":"./Resources/in.workindia.apk","appActivity":".RegisterActivity","appPackage":"in.workindia.nileshdungarwal.workindiaandroid","platformVersion":"8.1"},"platformName":"android","skipDeviceInitialization":true,"skipServerInstallation":false,"app":"./Resources/in.workindia.apk","appActivity":".RegisterActivity","appPackage":"in.workindia.nileshdungarwal.workindiaandroid","platformVersion":"8.1.0","deviceName":"emulator-5554","deviceUDID":"emulator-5554","deviceApiLevel":27,"deviceScreenSize":"1080x2160","deviceScreenDensity":440,"deviceModel":"Android SDK built for x86","deviceManufacturer":"Google","pixelRatio":2.75,"statBarHeight":66,"viewportRect":{"left":0,"top":66,"width":1080,"height":1962},"lastScrollData":{...
&amp#27;[35m[HTTP]&amp#27;[39m &amp#27;[37m<-- GET /wd/hub/session/c2100e22-d6d2-40fc-b84e-a0779fb7b915 &amp#27;[39m&amp#27;[32m200&amp#27;[39m &amp#27;[90m12 ms - 1130&amp#27;[39m
&amp#27;[35m[HTTP]&amp#27;[39m &amp#27;[90m&amp#27;[39m
&amp#27;[35m[HTTP]&amp#27;[39m &amp#27;[37m-->&amp#27;[39m &amp#27;[37mGET&amp#27;[39m &amp#27;[37m/wd/hub/session/c2100e22-d6d2-40fc-b84e-a0779fb7b915&amp#27;[39m
&amp#27;[35m[HTTP]&amp#27;[39m &amp#27;[90m{}&amp#27;[39m
[debug] &amp#27;[35m[W3C (c2100e22)]&amp#27;[39m Calling AppiumDriver.getSession() with args: ["c2100e22-d6d2-40fc-b84e-a0779fb7b915"]
[debug] &amp#27;[35m[UiAutomator2]&amp#27;[39m Getting session details from server to mix in
[debug] &amp#27;[35m[WD Proxy]&amp#27;[39m Matched '/' to command name 'getSession'
[debug] &amp#27;[35m[WD Proxy]&amp#27;[39m Proxying [GET /] to [GET http://127.0.0.1:8200/wd/hub/session/f789331e-141a-4136-ac16-2f2228185ffc] with no body
[debug] &amp#27;[35m[WD Proxy]&amp#27;[39m Got response with status 200: {"sessionId":"f789331e-141a-4136-ac16-2f2228185ffc","value":{"lastScrollData":{"toIndex":0,"maxScrollY":-1,"maxScrollX":-1,"scrollY":-1,"scrollX":-1,"fromIndex":0,"itemCount":2}}}
[debug] &amp#27;[35m[W3C (c2100e22)]&amp#27;[39m Responding to client with driver.getSession() result: {"platform":"LINUX","webStorageEnabled":false,"takesScreenshot":true,"javascriptEnabled":true,"databaseEnabled":false,"networkConnectionEnabled":true,"locationContextEnabled":false,"warnings":{},"desired":{"platformName":"android","skipDeviceInitialization":true,"skipServerInstallation":false,"app":"./Resources/in.workindia.apk","appActivity":".RegisterActivity","appPackage":"in.workindia.nileshdungarwal.workindiaandroid","platformVersion":"8.1"},"platformName":"android","skipDeviceInitialization":true,"skipServerInstallation":false,"app":"./Resources/in.workindia.apk","appActivity":".RegisterActivity","appPackage":"in.workindia.nileshdungarwal.workindiaandroid","platformVersion":"8.1.0","deviceName":"emulator-5554","deviceUDID":"emulator-5554","deviceApiLevel":27,"deviceScreenSize":"1080x2160","deviceScreenDensity":440,"deviceModel":"Android SDK built for x86","deviceManufacturer":"Google","pixelRatio":2.75,"statBarHeight":66,"viewportRect":{"left":0,"top":66,"width":1080,"height":1962},"lastScrollData":{...
&amp#27;[35m[HTTP]&amp#27;[39m &amp#27;[37m<-- GET /wd/hub/session/c2100e22-d6d2-40fc-b84e-a0779fb7b915 &amp#27;[39m&amp#27;[32m200&amp#27;[39m &amp#27;[90m11 ms - 1130&amp#27;[39m
&amp#27;[35m[HTTP]&amp#27;[39m &amp#27;[90m&amp#27;[39m
&amp#27;[35m[HTTP]&amp#27;[39m &amp#27;[37m-->&amp#27;[39m &amp#27;[37mPOST&amp#27;[39m &amp#27;[37m/wd/hub/session/c2100e22-d6d2-40fc-b84e-a0779fb7b915/element&amp#27;[39m
&amp#27;[35m[HTTP]&amp#27;[39m &amp#27;[90m{"using":"xpath","value":"//*[@class='android.widget.ImageButton']"}&amp#27;[39m
[debug] &amp#27;[35m[W3C (c2100e22)]&amp#27;[39m Calling AppiumDriver.findElement() with args: ["xpath","//*[@class='android.widget.ImageButton']","c2100e22-d6d2-40fc-b84e-a0779fb7b915"]
[debug] &amp#27;[35m[BaseDriver]&amp#27;[39m Valid locator strategies for this request: xpath, id, class name, accessibility id, css selector, -android uiautomator
[debug] &amp#27;[35m[BaseDriver]&amp#27;[39m Waiting up to 50000 ms for condition
[debug] &amp#27;[35m[WD Proxy]&amp#27;[39m Matched '/element' to command name 'findElement'
[debug] &amp#27;[35m[WD Proxy]&amp#27;[39m Proxying [POST /element] to [POST http://127.0.0.1:8200/wd/hub/session/f789331e-141a-4136-ac16-2f2228185ffc/element] with body: {"strategy":"xpath","selector":"//*[@class='android.widget.ImageButton']","context":"","multiple":false}
[debug] &amp#27;[35m[WD Proxy]&amp#27;[39m Got response with status 200: {"sessionId":"f789331e-141a-4136-ac16-2f2228185ffc","value":{"ELEMENT":"90cd9645-e368-4d43-aa2f-707783df486a","element-6066-11e4-a52e-4f735466cecf":"90cd9645-e368-4d43-aa2f-707783df486a"}}
[debug] &amp#27;[35m[W3C (c2100e22)]&amp#27;[39m Responding to client with driver.findElement() result: {"element-6066-11e4-a52e-4f735466cecf":"90cd9645-e368-4d43-aa2f-707783df486a","ELEMENT":"90cd9645-e368-4d43-aa2f-707783df486a"}
&amp#27;[35m[HTTP]&amp#27;[39m &amp#27;[37m<-- POST /wd/hub/session/c2100e22-d6d2-40fc-b84e-a0779fb7b915/element &amp#27;[39m&amp#27;[32m200&amp#27;[39m &amp#27;[90m102 ms - 137&amp#27;[39m
&amp#27;[35m[HTTP]&amp#27;[39m &amp#27;[90m&amp#27;[39m
&amp#27;[35m[HTTP]&amp#27;[39m &amp#27;[37m-->&amp#27;[39m &amp#27;[37mPOST&amp#27;[39m &amp#27;[37m/wd/hub/session/c2100e22-d6d2-40fc-b84e-a0779fb7b915/element/90cd9645-e368-4d43-aa2f-707783df486a/click&amp#27;[39m
&amp#27;[35m[HTTP]&amp#27;[39m &amp#27;[90m{"id":"90cd9645-e368-4d43-aa2f-707783df486a"}&amp#27;[39m
[debug] &amp#27;[35m[W3C (c2100e22)]&amp#27;[39m Calling AppiumDriver.click() with args: ["90cd9645-e368-4d43-aa2f-707783df486a","c2100e22-d6d2-40fc-b84e-a0779fb7b915"]
[debug] &amp#27;[35m[WD Proxy]&amp#27;[39m Matched '/element/90cd9645-e368-4d43-aa2f-707783df486a/click' to command name 'click'
[debug] &amp#27;[35m[WD Proxy]&amp#27;[39m Proxying [POST /element/90cd9645-e368-4d43-aa2f-707783df486a/click] to [POST http://127.0.0.1:8200/wd/hub/session/f789331e-141a-4136-ac16-2f2228185ffc/element/90cd9645-e368-4d43-aa2f-707783df486a/click] with body: {"element":"90cd9645-e368-4d43-aa2f-707783df486a"}
[debug] &amp#27;[35m[WD Proxy]&amp#27;[39m Got response with status 200: {"sessionId":"f789331e-141a-4136-ac16-2f2228185ffc","value":null}
[debug] &amp#27;[35m[W3C (c2100e22)]&amp#27;[39m Responding to client with driver.click() result: null
&amp#27;[35m[HTTP]&amp#27;[39m &amp#27;[37m<-- POST /wd/hub/session/c2100e22-d6d2-40fc-b84e-a0779fb7b915/element/90cd9645-e368-4d43-aa2f-707783df486a/click &amp#27;[39m&amp#27;[32m200&amp#27;[39m &amp#27;[90m17 ms - 14&amp#27;[39m
&amp#27;[35m[HTTP]&amp#27;[39m &amp#27;[90m&amp#27;[39m
&amp#27;[35m[HTTP]&amp#27;[39m &amp#27;[37m-->&amp#27;[39m &amp#27;[37mPOST&amp#27;[39m &amp#27;[37m/wd/hub/session/c2100e22-d6d2-40fc-b84e-a0779fb7b915/timeouts&amp#27;[39m
&amp#27;[35m[HTTP]&amp#27;[39m &amp#27;[90m{"implicit":50000}&amp#27;[39m
[debug] &amp#27;[35m[W3C (c2100e22)]&amp#27;[39m Calling AppiumDriver.timeouts() with args: [null,null,null,null,50000,"c2100e22-d6d2-40fc-b84e-a0779fb7b915"]
[debug] &amp#27;[35m[BaseDriver]&amp#27;[39m W3C timeout argument: {"implicit":50000}}
[debug] &amp#27;[35m[BaseDriver]&amp#27;[39m Set implicit wait to 50000ms
[debug] &amp#27;[35m[W3C (c2100e22)]&amp#27;[39m Responding to client with driver.timeouts() result: null
&amp#27;[35m[HTTP]&amp#27;[39m &amp#27;[37m<-- POST /wd/hub/session/c2100e22-d6d2-40fc-b84e-a0779fb7b915/timeouts &amp#27;[39m&amp#27;[32m200&amp#27;[39m &amp#27;[90m2 ms - 14&amp#27;[39m
&amp#27;[35m[HTTP]&amp#27;[39m &amp#27;[90m&amp#27;[39m
&amp#27;[35m[HTTP]&amp#27;[39m &amp#27;[37m-->&amp#27;[39m &amp#27;[37mDELETE&amp#27;[39m &amp#27;[37m/wd/hub/session/c2100e22-d6d2-40fc-b84e-a0779fb7b915&amp#27;[39m
&amp#27;[35m[HTTP]&amp#27;[39m &amp#27;[90m{}&amp#27;[39m
[debug] &amp#27;[35m[W3C (c2100e22)]&amp#27;[39m Calling AppiumDriver.deleteSession() with args: ["c2100e22-d6d2-40fc-b84e-a0779fb7b915"]
[debug] &amp#27;[35m[BaseDriver]&amp#27;[39m Event 'quitSessionRequested' logged at 1610628674326 (18:21:14 GMT+0530 (India Standard Time))
&amp#27;[35m[Appium]&amp#27;[39m Removing session c2100e22-d6d2-40fc-b84e-a0779fb7b915 from our master session list
[debug] &amp#27;[35m[UiAutomator2]&amp#27;[39m Deleting UiAutomator2 session
[debug] &amp#27;[35m[UiAutomator2]&amp#27;[39m Deleting UiAutomator2 server session
[debug] &amp#27;[35m[WD Proxy]&amp#27;[39m Matched '/' to command name 'deleteSession'
[debug] &amp#27;[35m[WD Proxy]&amp#27;[39m Proxying [DELETE /] to [DELETE http://127.0.0.1:8200/wd/hub/session/f789331e-141a-4136-ac16-2f2228185ffc] with no body
[debug] &amp#27;[35m[WD Proxy]&amp#27;[39m Got response with status 200: {"sessionId":"f789331e-141a-4136-ac16-2f2228185ffc","value":null}
[debug] &amp#27;[35m[ADB]&amp#27;[39m Running 'C:\Users\saurabhsoni\AppData\Local\Android\Sdk\platform-tools\adb.exe -P 5037 -s emulator-5554 shell am force-stop in.workindia.nileshdungarwal.workindiaandroid'
[debug] &amp#27;[35m[Instrumentation]&amp#27;[39m .
[debug] &amp#27;[35m[Logcat]&amp#27;[39m Stopping logcat capture
[debug] &amp#27;[35m[ADB]&amp#27;[39m Removing forwarded port socket connection: 8200 
[debug] &amp#27;[35m[ADB]&amp#27;[39m Running 'C:\Users\saurabhsoni\AppData\Local\Android\Sdk\platform-tools\adb.exe -P 5037 -s emulator-5554 forward --remove tcp:8200'
[debug] &amp#27;[35m[BaseDriver]&amp#27;[39m Event 'quitSessionFinished' logged at 1610628674584 (18:21:14 GMT+0530 (India Standard Time))
[debug] &amp#27;[35m[W3C (c2100e22)]&amp#27;[39m Received response: null
[debug] &amp#27;[35m[W3C (c2100e22)]&amp#27;[39m But deleting session, so not returning
[debug] &amp#27;[35m[W3C (c2100e22)]&amp#27;[39m Responding to client with driver.deleteSession() result: null
[debug] &amp#27;[35m[W3C (c2100e22)]&amp#27;[39m Destroying socket connection
&amp#27;[35m[HTTP]&amp#27;[39m &amp#27;[37m<-- DELETE /wd/hub/session/c2100e22-d6d2-40fc-b84e-a0779fb7b915 &amp#27;[39m&amp#27;[32m200&amp#27;[39m &amp#27;[90m260 ms - 14&amp#27;[39m
&amp#27;[35m[HTTP]&amp#27;[39m &amp#27;[90m&amp#27;[39m

  @tag6
  Scenario Outline: User should be able to find job using filter into the Application # FindJob.feature:28
    Given User has already on Registration page                                       # RegistrationStepDef.user_has_already_on_Registration_page()
    When User enter the "Sobhit" and "1234567890"                                     # RegistrationStepDef.user_enter_the_and(String,String)
    And User click on Submit button                                                   # RegistrationStepDef.user_click_on_Submit_button()
    When User select DELHI                                                            # RegistrationStepDef.user_select_DELHI()
    Then User enter Area "Karol Bagh"                                                 # RegistrationStepDef.user_enter_Area(String)
    Then User click on the Submit button                                              # RegistrationStepDef.user_click_on_the_Submit_button()
    Given User should be on Please fill more Details                                  # RegistrationStepDef.user_should_be_on_Please_fill_more_Details()
    When User Select Gender , Qualifications , school medium and Fluency in english   # RegistrationStepDef.user_Select_Gender_Qualifications_school_medium_and_Fluency_in_english()
    And About Experience , Age and Area of Interest                                   # RegistrationStepDef.about_Experience_Age_and_Area_of_Interest()
    And Click on Submit Button                                                        # RegistrationStepDef.click_on_Submit_Button()
    Then Choose your Area of Skills and Digree                                        # RegistrationStepDef.choose_your_Area_of_Skills_and_Digree()
    Then Click on Submit button                                                       # RegistrationStepDef.click_on_Submit_button()
    Then Choose Language                                                              # RegistrationStepDef.choose_Language()
    Then User clicks on Jobs and Filters option                                       # FindJobStepDef.user_clicks_on_Jobs_and_Filters_option()
    Then User chooses the Interested Areas                                            # FindJobStepDef.user_chooses_the_Interested_Areas()
    Then User selects Experience and Qualification level                              # FindJobStepDef.user_selects_Experience_and_Qualification_level()
    Then User selects the Gender                                                      # FindJobStepDef.user_selects_the_Gender()
    Then User clicks on Apply button                                                  # FindJobStepDef.user_clicks_on_Apply_button()
    Then User choose a job among filtered options                                     # FindJobStepDef.user_choose_a_job_among_filtered_options()
    Then User clicks on Back button                                                   # FindJobStepDef.user_clicks_on_Back_button()
]]></system-out>
    <system-err><![CDATA[Jan 14, 2021 6:20:24 PM io.appium.java_client.remote.AppiumCommandExecutor$1 lambda$0
INFO: Detected dialect: W3C
]]></system-err>
  </testcase>
  <testcase name="feature[Try to Register User with Invalid Phone Number](2)" classname="Runner.TestRunner" time="11.336">
    <failure message="java.lang.AssertionError: expected [Job Search1] but found [Job Search]" type="cucumber.runtime.CucumberException"><![CDATA[cucumber.runtime.CucumberException: java.lang.AssertionError: expected [Job Search1] but found [Job Search]
Caused by: java.lang.AssertionError: expected [Job Search1] but found [Job Search]
]]></failure>
    <system-out><![CDATA[Feature: Try to Register User with Invalid Phone Number
&amp#27;[35m[HTTP]&amp#27;[39m &amp#27;[37m-->&amp#27;[39m &amp#27;[37mPOST&amp#27;[39m &amp#27;[37m/wd/hub/session&amp#27;[39m
&amp#27;[35m[HTTP]&amp#27;[39m &amp#27;[90m{"desiredCapabilities":{"app":"./Resources/in.workindia.apk","appActivity":".RegisterActivity","appPackage":"in.workindia.nileshdungarwal.workindiaandroid","platformVersion":"8.1","skipDeviceInitialization":"true","skipServerInstallation":"false","platformName":"Android"},"capabilities":{"alwaysMatch":{"appium:app":"./Resources/in.workindia.apk","appium:appActivity":".RegisterActivity","appium:appPackage":"in.workindia.nileshdungarwal.workindiaandroid","platformName":"android","appium:platformVersion":"8.1","skipDeviceInitialization":"true","skipServerInstallation":"false"},"firstMatch":[{}]}}&amp#27;[39m
[debug] &amp#27;[35m[W3C]&amp#27;[39m Calling AppiumDriver.createSession() with args: [{"app":"./Resources/in.workindia.apk","appActivity":".RegisterActivity","appPackage":"in.workindia.nileshdungarwal.workindiaandroid","platformVersion":"8.1","skipDeviceInitialization":"true","skipServerInstallation":"false","platformName":"Android"},null,{"alwaysMatch":{"appium:app":"./Resources/in.workindia.apk","appium:appActivity":".RegisterActivity","appium:appPackage":"in.workindia.nileshdungarwal.workindiaandroid","platformName":"android","appium:platformVersion":"8.1","skipDeviceInitialization":"true","skipServerInstallation":"false"},"firstMatch":[{}]}]
[debug] &amp#27;[35m[BaseDriver]&amp#27;[39m Event 'newSessionRequested' logged at 1610628674609 (18:21:14 GMT+0530 (India Standard Time))
&amp#27;[35m[BaseDriver]&amp#27;[39m The following capabilities are not standard capabilities and should have an extension prefix:
&amp#27;[35m[BaseDriver]&amp#27;[39m   skipDeviceInitialization
&amp#27;[35m[BaseDriver]&amp#27;[39m   skipServerInstallation
&amp#27;[35m[Appium]&amp#27;[39m 
&amp#27;[35m[Appium]&amp#27;[39m ======================================================================
&amp#27;[35m[Appium]&amp#27;[39m   DEPRECATION WARNING:
&amp#27;[35m[Appium]&amp#27;[39m 
&amp#27;[35m[Appium]&amp#27;[39m   The 'automationName' capability was not provided in the desired 
&amp#27;[35m[Appium]&amp#27;[39m   capabilities for this Android session
&amp#27;[35m[Appium]&amp#27;[39m 
&amp#27;[35m[Appium]&amp#27;[39m   Setting 'automationName=UiAutomator2' by default and using the 
&amp#27;[35m[Appium]&amp#27;[39m   UiAutomator2 Driver
&amp#27;[35m[Appium]&amp#27;[39m 
&amp#27;[35m[Appium]&amp#27;[39m   The next major version of Appium (2.x) will **require** the 
&amp#27;[35m[Appium]&amp#27;[39m   'automationName' capability to be set for all sessions on all 
&amp#27;[35m[Appium]&amp#27;[39m   platforms
&amp#27;[35m[Appium]&amp#27;[39m 
&amp#27;[35m[Appium]&amp#27;[39m   In previous versions (Appium <= 1.13.x), the default was 
&amp#27;[35m[Appium]&amp#27;[39m   'automationName=UiAutomator1'
&amp#27;[35m[Appium]&amp#27;[39m 
&amp#27;[35m[Appium]&amp#27;[39m   If you wish to use that automation instead of UiAutomator2, please 
&amp#27;[35m[Appium]&amp#27;[39m   add 'automationName=UiAutomator1' to your desired capabilities
&amp#27;[35m[Appium]&amp#27;[39m 
&amp#27;[35m[Appium]&amp#27;[39m   For more information about drivers, please visit 
&amp#27;[35m[Appium]&amp#27;[39m   http://appium.io/docs/en/about-appium/intro/ and explore the 
&amp#27;[35m[Appium]&amp#27;[39m   'Drivers' menu
&amp#27;[35m[Appium]&amp#27;[39m 
&amp#27;[35m[Appium]&amp#27;[39m ======================================================================
&amp#27;[35m[Appium]&amp#27;[39m 
&amp#27;[35m[Appium]&amp#27;[39m Appium v1.19.1 creating new AndroidUiautomator2Driver (v1.59.0) session
[debug] &amp#27;[35m[BaseDriver]&amp#27;[39m W3C capabilities and MJSONWP desired capabilities were provided
[debug] &amp#27;[35m[BaseDriver]&amp#27;[39m Creating session with W3C capabilities: {
[debug] &amp#27;[35m[BaseDriver]&amp#27;[39m   "alwaysMatch": {
[debug] &amp#27;[35m[BaseDriver]&amp#27;[39m     "platformName": "android",
[debug] &amp#27;[35m[BaseDriver]&amp#27;[39m     "appium:skipDeviceInitialization": "true",
[debug] &amp#27;[35m[BaseDriver]&amp#27;[39m     "appium:skipServerInstallation": "false",
[debug] &amp#27;[35m[BaseDriver]&amp#27;[39m     "appium:app": "./Resources/in.workindia.apk",
[debug] &amp#27;[35m[BaseDriver]&amp#27;[39m     "appium:appActivity": ".RegisterActivity",
[debug] &amp#27;[35m[BaseDriver]&amp#27;[39m     "appium:appPackage": "in.workindia.nileshdungarwal.workindiaandroid",
[debug] &amp#27;[35m[BaseDriver]&amp#27;[39m     "appium:platformVersion": "8.1"
[debug] &amp#27;[35m[BaseDriver]&amp#27;[39m   },
[debug] &amp#27;[35m[BaseDriver]&amp#27;[39m   "firstMatch": [
[debug] &amp#27;[35m[BaseDriver]&amp#27;[39m     {}
[debug] &amp#27;[35m[BaseDriver]&amp#27;[39m   ]
[debug] &amp#27;[35m[BaseDriver]&amp#27;[39m }
&amp#27;[35m[BaseDriver]&amp#27;[39m Capability 'skipServerInstallation' changed from string to boolean. This may cause unexpected behavior
&amp#27;[35m[BaseDriver]&amp#27;[39m Capability 'skipDeviceInitialization' changed from string to boolean. This may cause unexpected behavior
&amp#27;[35m[BaseDriver]&amp#27;[39m Session created with session id: df5c541b-2dd7-4c5f-9d0e-b9c91c476354
&amp#27;[35m[BaseDriver]&amp#27;[39m Using local app './Resources/in.workindia.apk'
&amp#27;[35m[BaseDriver]&amp#27;[39m The current application path './Resources/in.workindia.apk' is not absolute and has been rewritten to 'C:\Users\saurabhsoni\eclipse-workspace\Saurabh_Soni_3155142_AppiumAssignment\Resources\in.workindia.apk'. Consider using absolute paths rather than relative
[debug] &amp#27;[35m[UiAutomator2]&amp#27;[39m Checking whether app is actually present
&amp#27;[35m[ADB]&amp#27;[39m Using 'adb.exe' from 'C:\Users\saurabhsoni\AppData\Local\Android\Sdk\platform-tools\adb.exe'
[debug] &amp#27;[35m[ADB]&amp#27;[39m Running 'C:\Users\saurabhsoni\AppData\Local\Android\Sdk\platform-tools\adb.exe -P 5037 start-server'
&amp#27;[35m[AndroidDriver]&amp#27;[39m Retrieving device list
[debug] &amp#27;[35m[ADB]&amp#27;[39m Trying to find a connected android device
[debug] &amp#27;[35m[ADB]&amp#27;[39m Getting connected devices
[debug] &amp#27;[35m[ADB]&amp#27;[39m Connected devices: [{"udid":"emulator-5554","state":"device"}]
&amp#27;[35m[AndroidDriver]&amp#27;[39m Looking for a device with Android '8.1.0'
[debug] &amp#27;[35m[ADB]&amp#27;[39m Setting device id to emulator-5554
&amp#27;[35m[ADB]&amp#27;[39m Getting device platform version
[debug] &amp#27;[35m[ADB]&amp#27;[39m Running 'C:\Users\saurabhsoni\AppData\Local\Android\Sdk\platform-tools\adb.exe -P 5037 -s emulator-5554 shell getprop ro.build.version.release'
[debug] &amp#27;[35m[ADB]&amp#27;[39m Current device property 'ro.build.version.release': 8.1.0
&amp#27;[35m[AndroidDriver]&amp#27;[39m Using device: emulator-5554
&amp#27;[35m[ADB]&amp#27;[39m Using 'adb.exe' from 'C:\Users\saurabhsoni\AppData\Local\Android\Sdk\platform-tools\adb.exe'
[debug] &amp#27;[35m[ADB]&amp#27;[39m Running 'C:\Users\saurabhsoni\AppData\Local\Android\Sdk\platform-tools\adb.exe -P 5037 start-server'
[debug] &amp#27;[35m[ADB]&amp#27;[39m Setting device id to emulator-5554
[debug] &amp#27;[35m[ADB]&amp#27;[39m Running 'C:\Users\saurabhsoni\AppData\Local\Android\Sdk\platform-tools\adb.exe -P 5037 -s emulator-5554 shell getprop ro.build.version.sdk'
[debug] &amp#27;[35m[ADB]&amp#27;[39m Current device property 'ro.build.version.sdk': 27
[debug] &amp#27;[35m[ADB]&amp#27;[39m Device API level: 27
&amp#27;[35m[AndroidDriver]&amp#27;[39m 'skipDeviceInitialization' is set. Skipping device initialization.
[debug] &amp#27;[35m[Logcat]&amp#27;[39m Starting logs capture with command: C:\\Users\\saurabhsoni\\AppData\\Local\\Android\\Sdk\\platform-tools\\adb.exe -P 5037 -s emulator-5554 logcat -v threadtime
[debug] &amp#27;[35m[UiAutomator2]&amp#27;[39m Forwarding UiAutomator2 Server port 6790 to local port 8200
[debug] &amp#27;[35m[ADB]&amp#27;[39m Forwarding system: 8200 to device: 6790
[debug] &amp#27;[35m[ADB]&amp#27;[39m Running 'C:\Users\saurabhsoni\AppData\Local\Android\Sdk\platform-tools\adb.exe -P 5037 -s emulator-5554 forward tcp:8200 tcp:6790'
[debug] &amp#27;[35m[ADB]&amp#27;[39m Getting install status for io.appium.uiautomator2.server
[debug] &amp#27;[35m[ADB]&amp#27;[39m Running 'C:\Users\saurabhsoni\AppData\Local\Android\Sdk\platform-tools\adb.exe -P 5037 -s emulator-5554 shell dumpsys package io.appium.uiautomator2.server'
[debug] &amp#27;[35m[ADB]&amp#27;[39m 'io.appium.uiautomator2.server' is installed
[debug] &amp#27;[35m[ADB]&amp#27;[39m Getting package info for 'io.appium.uiautomator2.server'
[debug] &amp#27;[35m[ADB]&amp#27;[39m Running 'C:\Users\saurabhsoni\AppData\Local\Android\Sdk\platform-tools\adb.exe -P 5037 -s emulator-5554 shell dumpsys package io.appium.uiautomator2.server'
[debug] &amp#27;[35m[ADB]&amp#27;[39m The version name of the installed 'io.appium.uiautomator2.server' is greater or equal to the application version name ('4.15.0' >= '4.15.0')
[debug] &amp#27;[35m[UiAutomator2]&amp#27;[39m io.appium.uiautomator2.server installation state: sameVersionInstalled
[debug] &amp#27;[35m[ADB]&amp#27;[39m Checking app cert for C:\Users\saurabhsoni\AppData\Roaming\npm\node_modules\appium\node_modules\appium-uiautomator2-server\apks\appium-uiautomator2-server-v4.15.0.apk
&amp#27;[35m[ADB]&amp#27;[39m Using 'apksigner.jar' from 'C:\Users\saurabhsoni\AppData\Local\Android\Sdk\build-tools\30.0.3\lib\apksigner.jar'
[debug] &amp#27;[35m[ADB]&amp#27;[39m Starting apksigner: 'C:\\Program Files\\Java\\jdk1.8.0_221\\bin\\java.exe' -Xmx1024M -Xss1m -jar C:\\Users\\saurabhsoni\\AppData\\Local\\Android\\Sdk\\build-tools\\30.0.3\\lib\\apksigner.jar verify --print-certs C:\\Users\\saurabhsoni\\AppData\\Roaming\\npm\\node_modules\\appium\\node_modules\\appium-uiautomator2-server\\apks\\appium-uiautomator2-server-v4.15.0.apk
[debug] &amp#27;[35m[Instrumentation]&amp#27;[39m Time: 54.138
[debug] &amp#27;[35m[Instrumentation]&amp#27;[39m 
[debug] &amp#27;[35m[Instrumentation]&amp#27;[39m OK (1 test)
[debug] &amp#27;[35m[Instrumentation]&amp#27;[39m The process has exited with code 0
[debug] &amp#27;[35m[ADB]&amp#27;[39m apksigner stdout: Signer #1 certificate DN: EMAILADDRESS=android@android.com, CN=Android, OU=Android, O=Android, L=Mountain View, ST=California, C=US
[debug] &amp#27;[35m[ADB]&amp#27;[39m Signer #1 certificate SHA-256 digest: a40da80a59d170caa950cf15c18c454d47a39b26989d8b640ecd745ba71bf5dc
[debug] &amp#27;[35m[ADB]&amp#27;[39m Signer #1 certificate SHA-1 digest: 61ed377e85d386a8dfee6b864bd85b0bfaa5af81
[debug] &amp#27;[35m[ADB]&amp#27;[39m Signer #1 certificate MD5 digest: e89b158e4bcf988ebd09eb83f5378e87
[debug] &amp#27;[35m[ADB]&amp#27;[39m 
[debug] &amp#27;[35m[ADB]&amp#27;[39m sha256 hash did match for 'appium-uiautomator2-server-v4.15.0.apk'
&amp#27;[35m[ADB]&amp#27;[39m 'C:\Users\saurabhsoni\AppData\Roaming\npm\node_modules\appium\node_modules\appium-uiautomator2-server\apks\appium-uiautomator2-server-v4.15.0.apk' is signed with the default certificate
[debug] &amp#27;[35m[ADB]&amp#27;[39m Getting install status for io.appium.uiautomator2.server.test
[debug] &amp#27;[35m[ADB]&amp#27;[39m Running 'C:\Users\saurabhsoni\AppData\Local\Android\Sdk\platform-tools\adb.exe -P 5037 -s emulator-5554 shell dumpsys package io.appium.uiautomator2.server.test'
[debug] &amp#27;[35m[ADB]&amp#27;[39m 'io.appium.uiautomator2.server.test' is installed
[debug] &amp#27;[35m[ADB]&amp#27;[39m Checking app cert for C:\Users\saurabhsoni\AppData\Roaming\npm\node_modules\appium\node_modules\appium-uiautomator2-server\apks\appium-uiautomator2-server-debug-androidTest.apk
[debug] &amp#27;[35m[ADB]&amp#27;[39m Starting apksigner: 'C:\\Program Files\\Java\\jdk1.8.0_221\\bin\\java.exe' -Xmx1024M -Xss1m -jar C:\\Users\\saurabhsoni\\AppData\\Local\\Android\\Sdk\\build-tools\\30.0.3\\lib\\apksigner.jar verify --print-certs C:\\Users\\saurabhsoni\\AppData\\Roaming\\npm\\node_modules\\appium\\node_modules\\appium-uiautomator2-server\\apks\\appium-uiautomator2-server-debug-androidTest.apk
[debug] &amp#27;[35m[ADB]&amp#27;[39m apksigner stdout: Signer #1 certificate DN: EMAILADDRESS=android@android.com, CN=Android, OU=Android, O=Android, L=Mountain View, ST=California, C=US
[debug] &amp#27;[35m[ADB]&amp#27;[39m Signer #1 certificate SHA-256 digest: a40da80a59d170caa950cf15c18c454d47a39b26989d8b640ecd745ba71bf5dc
[debug] &amp#27;[35m[ADB]&amp#27;[39m Signer #1 certificate SHA-1 digest: 61ed377e85d386a8dfee6b864bd85b0bfaa5af81
[debug] &amp#27;[35m[ADB]&amp#27;[39m Signer #1 certificate MD5 digest: e89b158e4bcf988ebd09eb83f5378e87
[debug] &amp#27;[35m[ADB]&amp#27;[39m 
[debug] &amp#27;[35m[ADB]&amp#27;[39m sha256 hash did match for 'appium-uiautomator2-server-debug-androidTest.apk'
&amp#27;[35m[ADB]&amp#27;[39m 'C:\Users\saurabhsoni\AppData\Roaming\npm\node_modules\appium\node_modules\appium-uiautomator2-server\apks\appium-uiautomator2-server-debug-androidTest.apk' is signed with the default certificate
&amp#27;[35m[UiAutomator2]&amp#27;[39m Server packages are not going to be (re)installed
[debug] &amp#27;[35m[UiAutomator2]&amp#27;[39m Waiting up to 30000ms for services to be available
[debug] &amp#27;[35m[ADB]&amp#27;[39m Running 'C:\Users\saurabhsoni\AppData\Local\Android\Sdk\platform-tools\adb.exe -P 5037 -s emulator-5554 shell pm list instrumentation'
[debug] &amp#27;[35m[UiAutomator2]&amp#27;[39m Instrumentation target 'io.appium.uiautomator2.server.test/androidx.test.runner.AndroidJUnitRunner' is available
[debug] &amp#27;[35m[ADB]&amp#27;[39m Checking app cert for C:\Users\saurabhsoni\eclipse-workspace\Saurabh_Soni_3155142_AppiumAssignment\Resources\in.workindia.apk
[debug] &amp#27;[35m[ADB]&amp#27;[39m Starting apksigner: 'C:\\Program Files\\Java\\jdk1.8.0_221\\bin\\java.exe' -Xmx1024M -Xss1m -jar C:\\Users\\saurabhsoni\\AppData\\Local\\Android\\Sdk\\build-tools\\30.0.3\\lib\\apksigner.jar verify --print-certs C:\\Users\\saurabhsoni\\eclipse-workspace\\Saurabh_Soni_3155142_AppiumAssignment\\Resources\\in.workindia.apk
[debug] &amp#27;[35m[ADB]&amp#27;[39m apksigner stdout: Signer #1 certificate DN: CN=Nilesh Dungarwal, OU=WorkIndia, O=WorkIndia, L=Mumbai, ST=Maharashtra, C=IN
[debug] &amp#27;[35m[ADB]&amp#27;[39m Signer #1 certificate SHA-256 digest: 0fdc1fed6cd07d2c4854153ee799955c35f5dd671743e3c4610c90914d2f7d32
[debug] &amp#27;[35m[ADB]&amp#27;[39m Signer #1 certificate SHA-1 digest: 2e328de1bc8d9844c8a7634fa66f9363c00f613d
[debug] &amp#27;[35m[ADB]&amp#27;[39m Signer #1 certificate MD5 digest: c47446d10c7a53d63b2f43c2e34ce656
[debug] &amp#27;[35m[ADB]&amp#27;[39m 
&amp#27;[35m[ADB]&amp#27;[39m 'C:\Users\saurabhsoni\eclipse-workspace\Saurabh_Soni_3155142_AppiumAssignment\Resources\in.workindia.apk' is signed with a non-default certificate
[debug] &amp#27;[35m[ADB]&amp#27;[39m Getting install status for in.workindia.nileshdungarwal.workindiaandroid
[debug] &amp#27;[35m[ADB]&amp#27;[39m Running 'C:\Users\saurabhsoni\AppData\Local\Android\Sdk\platform-tools\adb.exe -P 5037 -s emulator-5554 shell dumpsys package in.workindia.nileshdungarwal.workindiaandroid'
[debug] &amp#27;[35m[ADB]&amp#27;[39m 'in.workindia.nileshdungarwal.workindiaandroid' is installed
[debug] &amp#27;[35m[ADB]&amp#27;[39m Getting package info for 'in.workindia.nileshdungarwal.workindiaandroid'
[debug] &amp#27;[35m[ADB]&amp#27;[39m Running 'C:\Users\saurabhsoni\AppData\Local\Android\Sdk\platform-tools\adb.exe -P 5037 -s emulator-5554 shell dumpsys package in.workindia.nileshdungarwal.workindiaandroid'
[debug] &amp#27;[35m[ADB]&amp#27;[39m The version name of the installed 'in.workindia.nileshdungarwal.workindiaandroid' is greater or equal to the application version name ('4.1.1' >= '4.1.1')
[debug] &amp#27;[35m[ADB]&amp#27;[39m There is no need to install/upgrade 'C:\Users\saurabhsoni\eclipse-workspace\Saurabh_Soni_3155142_AppiumAssignment\Resources\in.workindia.apk'
&amp#27;[35m[AndroidDriver]&amp#27;[39m Performing fast reset on 'in.workindia.nileshdungarwal.workindiaandroid'
[debug] &amp#27;[35m[ADB]&amp#27;[39m Getting install status for in.workindia.nileshdungarwal.workindiaandroid
[debug] &amp#27;[35m[ADB]&amp#27;[39m Running 'C:\Users\saurabhsoni\AppData\Local\Android\Sdk\platform-tools\adb.exe -P 5037 -s emulator-5554 shell dumpsys package in.workindia.nileshdungarwal.workindiaandroid'
[debug] &amp#27;[35m[ADB]&amp#27;[39m 'in.workindia.nileshdungarwal.workindiaandroid' is installed
[debug] &amp#27;[35m[ADB]&amp#27;[39m Running 'C:\Users\saurabhsoni\AppData\Local\Android\Sdk\platform-tools\adb.exe -P 5037 -s emulator-5554 shell am force-stop in.workindia.nileshdungarwal.workindiaandroid'
[debug] &amp#27;[35m[ADB]&amp#27;[39m Running 'C:\Users\saurabhsoni\AppData\Local\Android\Sdk\platform-tools\adb.exe -P 5037 -s emulator-5554 shell pm clear in.workindia.nileshdungarwal.workindiaandroid'
[debug] &amp#27;[35m[AndroidDriver]&amp#27;[39m Performed fast reset on the installed 'in.workindia.nileshdungarwal.workindiaandroid' application (stop and clear)
[debug] &amp#27;[35m[UiAutomator2]&amp#27;[39m Performing shallow cleanup of automation leftovers
[debug] &amp#27;[35m[UiAutomator2]&amp#27;[39m No obsolete sessions have been detected (socket hang up)
[debug] &amp#27;[35m[ADB]&amp#27;[39m Running 'C:\Users\saurabhsoni\AppData\Local\Android\Sdk\platform-tools\adb.exe -P 5037 -s emulator-5554 shell am force-stop io.appium.uiautomator2.server.test'
&amp#27;[35m[UiAutomator2]&amp#27;[39m Starting UIAutomator2 server 4.15.0
&amp#27;[35m[UiAutomator2]&amp#27;[39m Using UIAutomator2 server from 'C:\Users\saurabhsoni\AppData\Roaming\npm\node_modules\appium\node_modules\appium-uiautomator2-server\apks\appium-uiautomator2-server-v4.15.0.apk' and test from 'C:\Users\saurabhsoni\AppData\Roaming\npm\node_modules\appium\node_modules\appium-uiautomator2-server\apks\appium-uiautomator2-server-debug-androidTest.apk'
&amp#27;[35m[UiAutomator2]&amp#27;[39m Waiting up to 30000ms for UiAutomator2 to be online...
[debug] &amp#27;[35m[ADB]&amp#27;[39m Creating ADB subprocess with args: ["-P",5037,"-s","emulator-5554","shell","am","instrument","-w","io.appium.uiautomator2.server.test/androidx.test.runner.AndroidJUnitRunner"]
[debug] &amp#27;[35m[Instrumentation]&amp#27;[39m io.appium.uiautomator2.server.test.AppiumUiAutomator2Server:
[debug] &amp#27;[35m[WD Proxy]&amp#27;[39m Matched '/status' to command name 'getStatus'
[debug] &amp#27;[35m[WD Proxy]&amp#27;[39m Proxying [GET /status] to [GET http://127.0.0.1:8200/wd/hub/status] with no body
&amp#27;[35m[WD Proxy]&amp#27;[39m socket hang up
[debug] &amp#27;[35m[WD Proxy]&amp#27;[39m Matched '/status' to command name 'getStatus'
[debug] &amp#27;[35m[WD Proxy]&amp#27;[39m Proxying [GET /status] to [GET http://127.0.0.1:8200/wd/hub/status] with no body
[debug] &amp#27;[35m[WD Proxy]&amp#27;[39m Got response with status 200: {"sessionId":"None","value":{"message":"UiAutomator2 Server is ready to accept commands","ready":true}}
[debug] &amp#27;[35m[UiAutomator2]&amp#27;[39m The initialization of the instrumentation process took 2127ms
[debug] &amp#27;[35m[WD Proxy]&amp#27;[39m Matched '/session' to command name 'createSession'
[debug] &amp#27;[35m[WD Proxy]&amp#27;[39m Proxying [POST /session] to [POST http://127.0.0.1:8200/wd/hub/session] with body: {"capabilities":{"firstMatch":[{"platform":"LINUX","webStorageEnabled":false,"takesScreenshot":true,"javascriptEnabled":true,"databaseEnabled":false,"networkConnectionEnabled":true,"locationContextEnabled":false,"warnings":{},"desired":{"platformName":"android","skipDeviceInitialization":true,"skipServerInstallation":false,"app":"./Resources/in.workindia.apk","appActivity":".RegisterActivity","appPackage":"in.workindia.nileshdungarwal.workindiaandroid","platformVersion":"8.1"},"platformName":"android","skipDeviceInitialization":true,"skipServerInstallation":false,"app":"./Resources/in.workindia.apk","appActivity":".RegisterActivity","appPackage":"in.workindia.nileshdungarwal.workindiaandroid","platformVersion":"8.1","deviceName":"emulator-5554","deviceUDID":"emulator-5554"}],"alwaysMatch":{}}}
[debug] &amp#27;[35m[WD Proxy]&amp#27;[39m Got response with status 200: {"sessionId":"cf4d4c1f-2f41-4c2c-ab91-7b124169b7d2","value":{"capabilities":{"firstMatch":[{"platform":"LINUX","webStorageEnabled":false,"takesScreenshot":true,"javascriptEnabled":true,"databaseEnabled":false,"networkConnectionEnabled":true,"locationContextEnabled":false,"warnings":{},"desired":{"platformName":"android","skipDeviceInitialization":true,"skipServerInstallation":false,"app":"./Resources/in.workindia.apk","appActivity":".RegisterActivity","appPackage":"in.workindia.nileshdungarwal.workindiaandroid","platformVersion":"8.1"},"platformName":"android","skipDeviceInitialization":true,"skipServerInstallation":false,"app":"./Resources/in.workindia.apk","appActivity":".RegisterActivity","appPackage":"in.workindia.nileshdungarwal.workindiaandroid","platformVersion":"8.1","deviceName":"emulator-5554","deviceUDID":"emulator-5554"}],"alwaysMatch":{}},"sessionId":"cf4d4c1f-2f41-4c2c-ab91-7b124169b7d2"}}
&amp#27;[35m[WD Proxy]&amp#27;[39m Determined the downstream protocol as 'W3C'
[debug] &amp#27;[35m[WD Proxy]&amp#27;[39m Proxying [GET /appium/device/info] to [GET http://127.0.0.1:8200/wd/hub/session/cf4d4c1f-2f41-4c2c-ab91-7b124169b7d2/appium/device/info] with no body
[debug] &amp#27;[35m[WD Proxy]&amp#27;[39m Got response with status 200: {"sessionId":"cf4d4c1f-2f41-4c2c-ab91-7b124169b7d2","value":{"androidId":"d0cbdccec5cf9e3d","apiVersion":"27","bluetooth":null,"brand":"google","carrierName":"Android","displayDensity":440,"locale":"en_US","manufacturer":"Google","model":"Android SDK built for x86","networks":[{"capabilities":{"SSID":null,"linkDownBandwidthKbps":102400,"linkUpstreamBandwidthKbps":51200,"networkCapabilities":"NET_CAPABILITY_MMS,NET_CAPABILITY_SUPL,NET_CAPABILITY_DUN,NET_CAPABILITY_FOTA,NET_CAPABILITY_IMS,NET_CAPABILITY_CBS,NET_CAPABILITY_IA,NET_CAPABILITY_INTERNET,NET_CAPABILITY_NOT_RESTRICTED,NET_CAPABILITY_TRUSTED,NET_CAPABILITY_NOT_VPN,NET_CAPABILITY_VALIDATED","signalStrength":-2147483648,"transportTypes":"TRANSPORT_CELLULAR"},"detailedState":"CONNECTED","extraInfo":"epc.tmobile.com","isAvailable":true,"isConnected":true,"isFailover":false,"isRoaming":false,"state":"CONNECTED","subtype":13,"subtypeName":"LTE","type":0,"typeName":"MOBILE"},{"capabilities":{"SSID":null,"linkDownBandwidthKbps":1048576,"linkUpstreamBandwidt...
[debug] &amp#27;[35m[ADB]&amp#27;[39m Running 'C:\Users\saurabhsoni\AppData\Local\Android\Sdk\platform-tools\adb.exe -P 5037 -s emulator-5554 shell dumpsys window'
&amp#27;[35m[AndroidDriver]&amp#27;[39m Screen already unlocked, doing nothing
&amp#27;[35m[UiAutomator2]&amp#27;[39m Starting 'in.workindia.nileshdungarwal.workindiaandroid/.RegisterActivity and waiting for 'in.workindia.nileshdungarwal.workindiaandroid/.RegisterActivity'
[debug] &amp#27;[35m[ADB]&amp#27;[39m Running 'C:\Users\saurabhsoni\AppData\Local\Android\Sdk\platform-tools\adb.exe -P 5037 -s emulator-5554 shell am start -W -n in.workindia.nileshdungarwal.workindiaandroid/.RegisterActivity -S -a android.intent.action.MAIN -c android.intent.category.LAUNCHER -f 0x10200000'
[debug] &amp#27;[35m[WD Proxy]&amp#27;[39m Proxying [GET /appium/device/pixel_ratio] to [GET http://127.0.0.1:8200/wd/hub/session/cf4d4c1f-2f41-4c2c-ab91-7b124169b7d2/appium/device/pixel_ratio] with no body
[debug] &amp#27;[35m[WD Proxy]&amp#27;[39m Got response with status 200: {"sessionId":"cf4d4c1f-2f41-4c2c-ab91-7b124169b7d2","value":2.75}
[debug] &amp#27;[35m[WD Proxy]&amp#27;[39m Matched '/appium/device/system_bars' to command name 'getSystemBars'
[debug] &amp#27;[35m[WD Proxy]&amp#27;[39m Proxying [GET /appium/device/system_bars] to [GET http://127.0.0.1:8200/wd/hub/session/cf4d4c1f-2f41-4c2c-ab91-7b124169b7d2/appium/device/system_bars] with no body
[debug] &amp#27;[35m[WD Proxy]&amp#27;[39m Got response with status 200: {"sessionId":"cf4d4c1f-2f41-4c2c-ab91-7b124169b7d2","value":{"statusBar":66}}
[debug] &amp#27;[35m[WD Proxy]&amp#27;[39m Matched '/window/current/size' to command name 'getWindowSize'
[debug] &amp#27;[35m[WD Proxy]&amp#27;[39m Proxying [GET /window/current/size] to [GET http://127.0.0.1:8200/wd/hub/session/cf4d4c1f-2f41-4c2c-ab91-7b124169b7d2/window/current/size] with no body
[debug] &amp#27;[35m[WD Proxy]&amp#27;[39m Got response with status 200: {"sessionId":"cf4d4c1f-2f41-4c2c-ab91-7b124169b7d2","value":{"height":2028,"width":1080}}
&amp#27;[35m[Appium]&amp#27;[39m New AndroidUiautomator2Driver session created successfully, session df5c541b-2dd7-4c5f-9d0e-b9c91c476354 added to master session list
[debug] &amp#27;[35m[BaseDriver]&amp#27;[39m Event 'newSessionStarted' logged at 1610628683970 (18:21:23 GMT+0530 (India Standard Time))
[debug] &amp#27;[35m[W3C (df5c541b)]&amp#27;[39m Cached the protocol value 'W3C' for the new session df5c541b-2dd7-4c5f-9d0e-b9c91c476354
[debug] &amp#27;[35m[W3C (df5c541b)]&amp#27;[39m Responding to client with driver.createSession() result: {"capabilities":{"platform":"LINUX","webStorageEnabled":false,"takesScreenshot":true,"javascriptEnabled":true,"databaseEnabled":false,"networkConnectionEnabled":true,"locationContextEnabled":false,"warnings":{},"desired":{"platformName":"android","skipDeviceInitialization":true,"skipServerInstallation":false,"app":"./Resources/in.workindia.apk","appActivity":".RegisterActivity","appPackage":"in.workindia.nileshdungarwal.workindiaandroid","platformVersion":"8.1"},"platformName":"android","skipDeviceInitialization":true,"skipServerInstallation":false,"app":"./Resources/in.workindia.apk","appActivity":".RegisterActivity","appPackage":"in.workindia.nileshdungarwal.workindiaandroid","platformVersion":"8.1.0","deviceName":"emulator-5554","deviceUDID":"emulator-5554","deviceApiLevel":27,"deviceScreenSize":"1080x2160","deviceScreenDensity":440,"deviceModel":"Android SDK built for x86","deviceManufacturer":"Google","pixelRatio":2.75,"statBarHeight":66,"viewportRect":{"left":0,"top":66,"width":1080,"height":1962}}}
&amp#27;[35m[HTTP]&amp#27;[39m &amp#27;[37m<-- POST /wd/hub/session &amp#27;[39m&amp#27;[32m200&amp#27;[39m &amp#27;[90m9365 ms - 1081&amp#27;[39m
&amp#27;[35m[HTTP]&amp#27;[39m &amp#27;[90m&amp#27;[39m
&amp#27;[35m[HTTP]&amp#27;[39m &amp#27;[37m-->&amp#27;[39m &amp#27;[37mGET&amp#27;[39m &amp#27;[37m/wd/hub/session/df5c541b-2dd7-4c5f-9d0e-b9c91c476354&amp#27;[39m
&amp#27;[35m[HTTP]&amp#27;[39m &amp#27;[90m{}&amp#27;[39m
[debug] &amp#27;[35m[W3C (df5c541b)]&amp#27;[39m Calling AppiumDriver.getSession() with args: ["df5c541b-2dd7-4c5f-9d0e-b9c91c476354"]
[debug] &amp#27;[35m[UiAutomator2]&amp#27;[39m Getting session details from server to mix in
[debug] &amp#27;[35m[WD Proxy]&amp#27;[39m Matched '/' to command name 'getSession'
[debug] &amp#27;[35m[WD Proxy]&amp#27;[39m Proxying [GET /] to [GET http://127.0.0.1:8200/wd/hub/session/cf4d4c1f-2f41-4c2c-ab91-7b124169b7d2] with no body
[debug] &amp#27;[35m[WD Proxy]&amp#27;[39m Got response with status 200: {"sessionId":"cf4d4c1f-2f41-4c2c-ab91-7b124169b7d2","value":{"lastScrollData":null}}
[debug] &amp#27;[35m[W3C (df5c541b)]&amp#27;[39m Responding to client with driver.getSession() result: {"platform":"LINUX","webStorageEnabled":false,"takesScreenshot":true,"javascriptEnabled":true,"databaseEnabled":false,"networkConnectionEnabled":true,"locationContextEnabled":false,"warnings":{},"desired":{"platformName":"android","skipDeviceInitialization":true,"skipServerInstallation":false,"app":"./Resources/in.workindia.apk","appActivity":".RegisterActivity","appPackage":"in.workindia.nileshdungarwal.workindiaandroid","platformVersion":"8.1"},"platformName":"android","skipDeviceInitialization":true,"skipServerInstallation":false,"app":"./Resources/in.workindia.apk","appActivity":".RegisterActivity","appPackage":"in.workindia.nileshdungarwal.workindiaandroid","platformVersion":"8.1.0","deviceName":"emulator-5554","deviceUDID":"emulator-5554","deviceApiLevel":27,"deviceScreenSize":"1080x2160","deviceScreenDensity":440,"deviceModel":"Android SDK built for x86","deviceManufacturer":"Google","pixelRatio":2.75,"statBarHeight":66,"viewportRect":{"left":0,"top":66,"width":1080,"height":1962},"lastScrollData":n...
&amp#27;[35m[HTTP]&amp#27;[39m &amp#27;[37m<-- GET /wd/hub/session/df5c541b-2dd7-4c5f-9d0e-b9c91c476354 &amp#27;[39m&amp#27;[32m200&amp#27;[39m &amp#27;[90m23 ms - 1035&amp#27;[39m
&amp#27;[35m[HTTP]&amp#27;[39m &amp#27;[90m&amp#27;[39m
&amp#27;[35m[HTTP]&amp#27;[39m &amp#27;[37m-->&amp#27;[39m &amp#27;[37mGET&amp#27;[39m &amp#27;[37m/wd/hub/session/df5c541b-2dd7-4c5f-9d0e-b9c91c476354&amp#27;[39m
&amp#27;[35m[HTTP]&amp#27;[39m &amp#27;[90m{}&amp#27;[39m
[debug] &amp#27;[35m[W3C (df5c541b)]&amp#27;[39m Calling AppiumDriver.getSession() with args: ["df5c541b-2dd7-4c5f-9d0e-b9c91c476354"]
[debug] &amp#27;[35m[UiAutomator2]&amp#27;[39m Getting session details from server to mix in
[debug] &amp#27;[35m[WD Proxy]&amp#27;[39m Matched '/' to command name 'getSession'
[debug] &amp#27;[35m[WD Proxy]&amp#27;[39m Proxying [GET /] to [GET http://127.0.0.1:8200/wd/hub/session/cf4d4c1f-2f41-4c2c-ab91-7b124169b7d2] with no body
[debug] &amp#27;[35m[WD Proxy]&amp#27;[39m Got response with status 200: {"sessionId":"cf4d4c1f-2f41-4c2c-ab91-7b124169b7d2","value":{"lastScrollData":null}}
[debug] &amp#27;[35m[W3C (df5c541b)]&amp#27;[39m Responding to client with driver.getSession() result: {"platform":"LINUX","webStorageEnabled":false,"takesScreenshot":true,"javascriptEnabled":true,"databaseEnabled":false,"networkConnectionEnabled":true,"locationContextEnabled":false,"warnings":{},"desired":{"platformName":"android","skipDeviceInitialization":true,"skipServerInstallation":false,"app":"./Resources/in.workindia.apk","appActivity":".RegisterActivity","appPackage":"in.workindia.nileshdungarwal.workindiaandroid","platformVersion":"8.1"},"platformName":"android","skipDeviceInitialization":true,"skipServerInstallation":false,"app":"./Resources/in.workindia.apk","appActivity":".RegisterActivity","appPackage":"in.workindia.nileshdungarwal.workindiaandroid","platformVersion":"8.1.0","deviceName":"emulator-5554","deviceUDID":"emulator-5554","deviceApiLevel":27,"deviceScreenSize":"1080x2160","deviceScreenDensity":440,"deviceModel":"Android SDK built for x86","deviceManufacturer":"Google","pixelRatio":2.75,"statBarHeight":66,"viewportRect":{"left":0,"top":66,"width":1080,"height":1962},"lastScrollData":n...
&amp#27;[35m[HTTP]&amp#27;[39m &amp#27;[37m<-- GET /wd/hub/session/df5c541b-2dd7-4c5f-9d0e-b9c91c476354 &amp#27;[39m&amp#27;[32m200&amp#27;[39m &amp#27;[90m32 ms - 1035&amp#27;[39m
&amp#27;[35m[HTTP]&amp#27;[39m &amp#27;[90m&amp#27;[39m
&amp#27;[35m[HTTP]&amp#27;[39m &amp#27;[37m-->&amp#27;[39m &amp#27;[37mPOST&amp#27;[39m &amp#27;[37m/wd/hub/session/df5c541b-2dd7-4c5f-9d0e-b9c91c476354/timeouts&amp#27;[39m
&amp#27;[35m[HTTP]&amp#27;[39m &amp#27;[90m{"implicit":10000}&amp#27;[39m
[debug] &amp#27;[35m[W3C (df5c541b)]&amp#27;[39m Calling AppiumDriver.timeouts() with args: [null,null,null,null,10000,"df5c541b-2dd7-4c5f-9d0e-b9c91c476354"]
[debug] &amp#27;[35m[BaseDriver]&amp#27;[39m W3C timeout argument: {"implicit":10000}}
[debug] &amp#27;[35m[BaseDriver]&amp#27;[39m Set implicit wait to 10000ms
[debug] &amp#27;[35m[W3C (df5c541b)]&amp#27;[39m Responding to client with driver.timeouts() result: null
&amp#27;[35m[HTTP]&amp#27;[39m &amp#27;[37m<-- POST /wd/hub/session/df5c541b-2dd7-4c5f-9d0e-b9c91c476354/timeouts &amp#27;[39m&amp#27;[32m200&amp#27;[39m &amp#27;[90m2 ms - 14&amp#27;[39m
&amp#27;[35m[HTTP]&amp#27;[39m &amp#27;[90m&amp#27;[39m
&amp#27;[35m[HTTP]&amp#27;[39m &amp#27;[37m-->&amp#27;[39m &amp#27;[37mGET&amp#27;[39m &amp#27;[37m/wd/hub/session/df5c541b-2dd7-4c5f-9d0e-b9c91c476354&amp#27;[39m
&amp#27;[35m[HTTP]&amp#27;[39m &amp#27;[90m{}&amp#27;[39m
[debug] &amp#27;[35m[W3C (df5c541b)]&amp#27;[39m Calling AppiumDriver.getSession() with args: ["df5c541b-2dd7-4c5f-9d0e-b9c91c476354"]
[debug] &amp#27;[35m[UiAutomator2]&amp#27;[39m Getting session details from server to mix in
[debug] &amp#27;[35m[WD Proxy]&amp#27;[39m Matched '/' to command name 'getSession'
[debug] &amp#27;[35m[WD Proxy]&amp#27;[39m Proxying [GET /] to [GET http://127.0.0.1:8200/wd/hub/session/cf4d4c1f-2f41-4c2c-ab91-7b124169b7d2] with no body
[debug] &amp#27;[35m[WD Proxy]&amp#27;[39m Got response with status 200: {"sessionId":"cf4d4c1f-2f41-4c2c-ab91-7b124169b7d2","value":{"lastScrollData":null}}
[debug] &amp#27;[35m[W3C (df5c541b)]&amp#27;[39m Responding to client with driver.getSession() result: {"platform":"LINUX","webStorageEnabled":false,"takesScreenshot":true,"javascriptEnabled":true,"databaseEnabled":false,"networkConnectionEnabled":true,"locationContextEnabled":false,"warnings":{},"desired":{"platformName":"android","skipDeviceInitialization":true,"skipServerInstallation":false,"app":"./Resources/in.workindia.apk","appActivity":".RegisterActivity","appPackage":"in.workindia.nileshdungarwal.workindiaandroid","platformVersion":"8.1"},"platformName":"android","skipDeviceInitialization":true,"skipServerInstallation":false,"app":"./Resources/in.workindia.apk","appActivity":".RegisterActivity","appPackage":"in.workindia.nileshdungarwal.workindiaandroid","platformVersion":"8.1.0","deviceName":"emulator-5554","deviceUDID":"emulator-5554","deviceApiLevel":27,"deviceScreenSize":"1080x2160","deviceScreenDensity":440,"deviceModel":"Android SDK built for x86","deviceManufacturer":"Google","pixelRatio":2.75,"statBarHeight":66,"viewportRect":{"left":0,"top":66,"width":1080,"height":1962},"lastScrollData":n...
&amp#27;[35m[HTTP]&amp#27;[39m &amp#27;[37m<-- GET /wd/hub/session/df5c541b-2dd7-4c5f-9d0e-b9c91c476354 &amp#27;[39m&amp#27;[32m200&amp#27;[39m &amp#27;[90m20 ms - 1035&amp#27;[39m
&amp#27;[35m[HTTP]&amp#27;[39m &amp#27;[90m&amp#27;[39m
&amp#27;[35m[HTTP]&amp#27;[39m &amp#27;[37m-->&amp#27;[39m &amp#27;[37mGET&amp#27;[39m &amp#27;[37m/wd/hub/session/df5c541b-2dd7-4c5f-9d0e-b9c91c476354&amp#27;[39m
&amp#27;[35m[HTTP]&amp#27;[39m &amp#27;[90m{}&amp#27;[39m
[debug] &amp#27;[35m[W3C (df5c541b)]&amp#27;[39m Calling AppiumDriver.getSession() with args: ["df5c541b-2dd7-4c5f-9d0e-b9c91c476354"]
[debug] &amp#27;[35m[UiAutomator2]&amp#27;[39m Getting session details from server to mix in
[debug] &amp#27;[35m[WD Proxy]&amp#27;[39m Matched '/' to command name 'getSession'
[debug] &amp#27;[35m[WD Proxy]&amp#27;[39m Proxying [GET /] to [GET http://127.0.0.1:8200/wd/hub/session/cf4d4c1f-2f41-4c2c-ab91-7b124169b7d2] with no body
[debug] &amp#27;[35m[WD Proxy]&amp#27;[39m Got response with status 200: {"sessionId":"cf4d4c1f-2f41-4c2c-ab91-7b124169b7d2","value":{"lastScrollData":null}}
[debug] &amp#27;[35m[W3C (df5c541b)]&amp#27;[39m Responding to client with driver.getSession() result: {"platform":"LINUX","webStorageEnabled":false,"takesScreenshot":true,"javascriptEnabled":true,"databaseEnabled":false,"networkConnectionEnabled":true,"locationContextEnabled":false,"warnings":{},"desired":{"platformName":"android","skipDeviceInitialization":true,"skipServerInstallation":false,"app":"./Resources/in.workindia.apk","appActivity":".RegisterActivity","appPackage":"in.workindia.nileshdungarwal.workindiaandroid","platformVersion":"8.1"},"platformName":"android","skipDeviceInitialization":true,"skipServerInstallation":false,"app":"./Resources/in.workindia.apk","appActivity":".RegisterActivity","appPackage":"in.workindia.nileshdungarwal.workindiaandroid","platformVersion":"8.1.0","deviceName":"emulator-5554","deviceUDID":"emulator-5554","deviceApiLevel":27,"deviceScreenSize":"1080x2160","deviceScreenDensity":440,"deviceModel":"Android SDK built for x86","deviceManufacturer":"Google","pixelRatio":2.75,"statBarHeight":66,"viewportRect":{"left":0,"top":66,"width":1080,"height":1962},"lastScrollData":n...
&amp#27;[35m[HTTP]&amp#27;[39m &amp#27;[37m<-- GET /wd/hub/session/df5c541b-2dd7-4c5f-9d0e-b9c91c476354 &amp#27;[39m&amp#27;[32m200&amp#27;[39m &amp#27;[90m20 ms - 1035&amp#27;[39m
&amp#27;[35m[HTTP]&amp#27;[39m &amp#27;[90m&amp#27;[39m
&amp#27;[35m[HTTP]&amp#27;[39m &amp#27;[37m-->&amp#27;[39m &amp#27;[37mGET&amp#27;[39m &amp#27;[37m/wd/hub/session/df5c541b-2dd7-4c5f-9d0e-b9c91c476354&amp#27;[39m
&amp#27;[35m[HTTP]&amp#27;[39m &amp#27;[90m{}&amp#27;[39m
[debug] &amp#27;[35m[W3C (df5c541b)]&amp#27;[39m Calling AppiumDriver.getSession() with args: ["df5c541b-2dd7-4c5f-9d0e-b9c91c476354"]
[debug] &amp#27;[35m[UiAutomator2]&amp#27;[39m Getting session details from server to mix in
[debug] &amp#27;[35m[WD Proxy]&amp#27;[39m Matched '/' to command name 'getSession'
[debug] &amp#27;[35m[WD Proxy]&amp#27;[39m Proxying [GET /] to [GET http://127.0.0.1:8200/wd/hub/session/cf4d4c1f-2f41-4c2c-ab91-7b124169b7d2] with no body
[debug] &amp#27;[35m[WD Proxy]&amp#27;[39m Got response with status 200: {"sessionId":"cf4d4c1f-2f41-4c2c-ab91-7b124169b7d2","value":{"lastScrollData":null}}
[debug] &amp#27;[35m[W3C (df5c541b)]&amp#27;[39m Responding to client with driver.getSession() result: {"platform":"LINUX","webStorageEnabled":false,"takesScreenshot":true,"javascriptEnabled":true,"databaseEnabled":false,"networkConnectionEnabled":true,"locationContextEnabled":false,"warnings":{},"desired":{"platformName":"android","skipDeviceInitialization":true,"skipServerInstallation":false,"app":"./Resources/in.workindia.apk","appActivity":".RegisterActivity","appPackage":"in.workindia.nileshdungarwal.workindiaandroid","platformVersion":"8.1"},"platformName":"android","skipDeviceInitialization":true,"skipServerInstallation":false,"app":"./Resources/in.workindia.apk","appActivity":".RegisterActivity","appPackage":"in.workindia.nileshdungarwal.workindiaandroid","platformVersion":"8.1.0","deviceName":"emulator-5554","deviceUDID":"emulator-5554","deviceApiLevel":27,"deviceScreenSize":"1080x2160","deviceScreenDensity":440,"deviceModel":"Android SDK built for x86","deviceManufacturer":"Google","pixelRatio":2.75,"statBarHeight":66,"viewportRect":{"left":0,"top":66,"width":1080,"height":1962},"lastScrollData":n...
&amp#27;[35m[HTTP]&amp#27;[39m &amp#27;[37m<-- GET /wd/hub/session/df5c541b-2dd7-4c5f-9d0e-b9c91c476354 &amp#27;[39m&amp#27;[32m200&amp#27;[39m &amp#27;[90m16 ms - 1035&amp#27;[39m
&amp#27;[35m[HTTP]&amp#27;[39m &amp#27;[90m&amp#27;[39m
&amp#27;[35m[HTTP]&amp#27;[39m &amp#27;[37m-->&amp#27;[39m &amp#27;[37mPOST&amp#27;[39m &amp#27;[37m/wd/hub/session/df5c541b-2dd7-4c5f-9d0e-b9c91c476354/element&amp#27;[39m
&amp#27;[35m[HTTP]&amp#27;[39m &amp#27;[90m{"using":"id","value":"in.workindia.nileshdungarwal.workindiaandroid:id/et_name"}&amp#27;[39m
[debug] &amp#27;[35m[W3C (df5c541b)]&amp#27;[39m Calling AppiumDriver.findElement() with args: ["id","in.workindia.nileshdungarwal.workindiaandroid:id/et_name","df5c541b-2dd7-4c5f-9d0e-b9c91c476354"]
[debug] &amp#27;[35m[BaseDriver]&amp#27;[39m Valid locator strategies for this request: xpath, id, class name, accessibility id, css selector, -android uiautomator
[debug] &amp#27;[35m[BaseDriver]&amp#27;[39m Waiting up to 10000 ms for condition
[debug] &amp#27;[35m[WD Proxy]&amp#27;[39m Matched '/element' to command name 'findElement'
[debug] &amp#27;[35m[WD Proxy]&amp#27;[39m Proxying [POST /element] to [POST http://127.0.0.1:8200/wd/hub/session/cf4d4c1f-2f41-4c2c-ab91-7b124169b7d2/element] with body: {"strategy":"id","selector":"in.workindia.nileshdungarwal.workindiaandroid:id/et_name","context":"","multiple":false}
[debug] &amp#27;[35m[WD Proxy]&amp#27;[39m Got response with status 200: {"sessionId":"cf4d4c1f-2f41-4c2c-ab91-7b124169b7d2","value":{"ELEMENT":"fde55176-cd9d-459e-a5ed-4b8158699f11","element-6066-11e4-a52e-4f735466cecf":"fde55176-cd9d-459e-a5ed-4b8158699f11"}}
[debug] &amp#27;[35m[W3C (df5c541b)]&amp#27;[39m Responding to client with driver.findElement() result: {"element-6066-11e4-a52e-4f735466cecf":"fde55176-cd9d-459e-a5ed-4b8158699f11","ELEMENT":"fde55176-cd9d-459e-a5ed-4b8158699f11"}
&amp#27;[35m[HTTP]&amp#27;[39m &amp#27;[37m<-- POST /wd/hub/session/df5c541b-2dd7-4c5f-9d0e-b9c91c476354/element &amp#27;[39m&amp#27;[32m200&amp#27;[39m &amp#27;[90m299 ms - 137&amp#27;[39m
&amp#27;[35m[HTTP]&amp#27;[39m &amp#27;[90m&amp#27;[39m
&amp#27;[35m[HTTP]&amp#27;[39m &amp#27;[37m-->&amp#27;[39m &amp#27;[37mPOST&amp#27;[39m &amp#27;[37m/wd/hub/session/df5c541b-2dd7-4c5f-9d0e-b9c91c476354/element/fde55176-cd9d-459e-a5ed-4b8158699f11/value&amp#27;[39m
&amp#27;[35m[HTTP]&amp#27;[39m &amp#27;[90m{"id":"fde55176-cd9d-459e-a5ed-4b8158699f11","text":"saurabh","value":["s","a","u","r","a","b","h"]}&amp#27;[39m
[debug] &amp#27;[35m[W3C (df5c541b)]&amp#27;[39m Calling AppiumDriver.setValue() with args: [["s","a","u","r","a","b","h"],"fde55176-cd9d-459e-a5ed-4b8158699f11","df5c541b-2dd7-4c5f-9d0e-b9c91c476354"]
[debug] &amp#27;[35m[WD Proxy]&amp#27;[39m Matched '/element/fde55176-cd9d-459e-a5ed-4b8158699f11/value' to command name 'setValue'
[debug] &amp#27;[35m[Protocol Converter]&amp#27;[39m Added 'value' property ["s","a","u","r","a","b","h"] to 'setValue' request body
[debug] &amp#27;[35m[WD Proxy]&amp#27;[39m Proxying [POST /element/fde55176-cd9d-459e-a5ed-4b8158699f11/value] to [POST http://127.0.0.1:8200/wd/hub/session/cf4d4c1f-2f41-4c2c-ab91-7b124169b7d2/element/fde55176-cd9d-459e-a5ed-4b8158699f11/value] with body: {"elementId":"fde55176-cd9d-459e-a5ed-4b8158699f11","text":"saurabh","replace":false,"value":["s","a","u","r","a","b","h"]}
[debug] &amp#27;[35m[WD Proxy]&amp#27;[39m Got response with status 200: {"sessionId":"cf4d4c1f-2f41-4c2c-ab91-7b124169b7d2","value":null}
[debug] &amp#27;[35m[W3C (df5c541b)]&amp#27;[39m Responding to client with driver.setValue() result: null
&amp#27;[35m[HTTP]&amp#27;[39m &amp#27;[37m<-- POST /wd/hub/session/df5c541b-2dd7-4c5f-9d0e-b9c91c476354/element/fde55176-cd9d-459e-a5ed-4b8158699f11/value &amp#27;[39m&amp#27;[32m200&amp#27;[39m &amp#27;[90m46 ms - 14&amp#27;[39m
&amp#27;[35m[HTTP]&amp#27;[39m &amp#27;[90m&amp#27;[39m
&amp#27;[35m[HTTP]&amp#27;[39m &amp#27;[37m-->&amp#27;[39m &amp#27;[37mGET&amp#27;[39m &amp#27;[37m/wd/hub/session/df5c541b-2dd7-4c5f-9d0e-b9c91c476354&amp#27;[39m
&amp#27;[35m[HTTP]&amp#27;[39m &amp#27;[90m{}&amp#27;[39m
[debug] &amp#27;[35m[W3C (df5c541b)]&amp#27;[39m Calling AppiumDriver.getSession() with args: ["df5c541b-2dd7-4c5f-9d0e-b9c91c476354"]
[debug] &amp#27;[35m[UiAutomator2]&amp#27;[39m Getting session details from server to mix in
[debug] &amp#27;[35m[WD Proxy]&amp#27;[39m Matched '/' to command name 'getSession'
[debug] &amp#27;[35m[WD Proxy]&amp#27;[39m Proxying [GET /] to [GET http://127.0.0.1:8200/wd/hub/session/cf4d4c1f-2f41-4c2c-ab91-7b124169b7d2] with no body
[debug] &amp#27;[35m[WD Proxy]&amp#27;[39m Got response with status 200: {"sessionId":"cf4d4c1f-2f41-4c2c-ab91-7b124169b7d2","value":{"lastScrollData":null}}
[debug] &amp#27;[35m[W3C (df5c541b)]&amp#27;[39m Responding to client with driver.getSession() result: {"platform":"LINUX","webStorageEnabled":false,"takesScreenshot":true,"javascriptEnabled":true,"databaseEnabled":false,"networkConnectionEnabled":true,"locationContextEnabled":false,"warnings":{},"desired":{"platformName":"android","skipDeviceInitialization":true,"skipServerInstallation":false,"app":"./Resources/in.workindia.apk","appActivity":".RegisterActivity","appPackage":"in.workindia.nileshdungarwal.workindiaandroid","platformVersion":"8.1"},"platformName":"android","skipDeviceInitialization":true,"skipServerInstallation":false,"app":"./Resources/in.workindia.apk","appActivity":".RegisterActivity","appPackage":"in.workindia.nileshdungarwal.workindiaandroid","platformVersion":"8.1.0","deviceName":"emulator-5554","deviceUDID":"emulator-5554","deviceApiLevel":27,"deviceScreenSize":"1080x2160","deviceScreenDensity":440,"deviceModel":"Android SDK built for x86","deviceManufacturer":"Google","pixelRatio":2.75,"statBarHeight":66,"viewportRect":{"left":0,"top":66,"width":1080,"height":1962},"lastScrollData":n...
&amp#27;[35m[HTTP]&amp#27;[39m &amp#27;[37m<-- GET /wd/hub/session/df5c541b-2dd7-4c5f-9d0e-b9c91c476354 &amp#27;[39m&amp#27;[32m200&amp#27;[39m &amp#27;[90m13 ms - 1035&amp#27;[39m
&amp#27;[35m[HTTP]&amp#27;[39m &amp#27;[90m&amp#27;[39m
&amp#27;[35m[HTTP]&amp#27;[39m &amp#27;[37m-->&amp#27;[39m &amp#27;[37mPOST&amp#27;[39m &amp#27;[37m/wd/hub/session/df5c541b-2dd7-4c5f-9d0e-b9c91c476354/element&amp#27;[39m
&amp#27;[35m[HTTP]&amp#27;[39m &amp#27;[90m{"using":"id","value":"in.workindia.nileshdungarwal.workindiaandroid:id/et_number"}&amp#27;[39m
[debug] &amp#27;[35m[W3C (df5c541b)]&amp#27;[39m Calling AppiumDriver.findElement() with args: ["id","in.workindia.nileshdungarwal.workindiaandroid:id/et_number","df5c541b-2dd7-4c5f-9d0e-b9c91c476354"]
[debug] &amp#27;[35m[BaseDriver]&amp#27;[39m Valid locator strategies for this request: xpath, id, class name, accessibility id, css selector, -android uiautomator
[debug] &amp#27;[35m[BaseDriver]&amp#27;[39m Waiting up to 10000 ms for condition
[debug] &amp#27;[35m[WD Proxy]&amp#27;[39m Matched '/element' to command name 'findElement'
[debug] &amp#27;[35m[WD Proxy]&amp#27;[39m Proxying [POST /element] to [POST http://127.0.0.1:8200/wd/hub/session/cf4d4c1f-2f41-4c2c-ab91-7b124169b7d2/element] with body: {"strategy":"id","selector":"in.workindia.nileshdungarwal.workindiaandroid:id/et_number","context":"","multiple":false}
[debug] &amp#27;[35m[WD Proxy]&amp#27;[39m Got response with status 200: {"sessionId":"cf4d4c1f-2f41-4c2c-ab91-7b124169b7d2","value":{"ELEMENT":"d2ab7319-0a9e-4e30-9b0c-db040466100c","element-6066-11e4-a52e-4f735466cecf":"d2ab7319-0a9e-4e30-9b0c-db040466100c"}}
[debug] &amp#27;[35m[W3C (df5c541b)]&amp#27;[39m Responding to client with driver.findElement() result: {"element-6066-11e4-a52e-4f735466cecf":"d2ab7319-0a9e-4e30-9b0c-db040466100c","ELEMENT":"d2ab7319-0a9e-4e30-9b0c-db040466100c"}
&amp#27;[35m[HTTP]&amp#27;[39m &amp#27;[37m<-- POST /wd/hub/session/df5c541b-2dd7-4c5f-9d0e-b9c91c476354/element &amp#27;[39m&amp#27;[32m200&amp#27;[39m &amp#27;[90m515 ms - 137&amp#27;[39m
&amp#27;[35m[HTTP]&amp#27;[39m &amp#27;[90m&amp#27;[39m
&amp#27;[35m[HTTP]&amp#27;[39m &amp#27;[37m-->&amp#27;[39m &amp#27;[37mPOST&amp#27;[39m &amp#27;[37m/wd/hub/session/df5c541b-2dd7-4c5f-9d0e-b9c91c476354/element/d2ab7319-0a9e-4e30-9b0c-db040466100c/value&amp#27;[39m
&amp#27;[35m[HTTP]&amp#27;[39m &amp#27;[90m{"id":"d2ab7319-0a9e-4e30-9b0c-db040466100c","text":"123456789","value":["1","2","3","4","5","6","7","8","9"]}&amp#27;[39m
[debug] &amp#27;[35m[W3C (df5c541b)]&amp#27;[39m Calling AppiumDriver.setValue() with args: [["1","2","3","4","5","6","7","8","9"],"d2ab7319-0a9e-4e30-9b0c-db040466100c","df5c541b-2dd7-4c5f-9d0e-b9c91c476354"]
[debug] &amp#27;[35m[WD Proxy]&amp#27;[39m Matched '/element/d2ab7319-0a9e-4e30-9b0c-db040466100c/value' to command name 'setValue'
[debug] &amp#27;[35m[Protocol Converter]&amp#27;[39m Added 'value' property ["1","2","3","4","5","6","7","8","9"] to 'setValue' request body
[debug] &amp#27;[35m[WD Proxy]&amp#27;[39m Proxying [POST /element/d2ab7319-0a9e-4e30-9b0c-db040466100c/value] to [POST http://127.0.0.1:8200/wd/hub/session/cf4d4c1f-2f41-4c2c-ab91-7b124169b7d2/element/d2ab7319-0a9e-4e30-9b0c-db040466100c/value] with body: {"elementId":"d2ab7319-0a9e-4e30-9b0c-db040466100c","text":"123456789","replace":false,"value":["1","2","3","4","5","6","7","8","9"]}
[debug] &amp#27;[35m[WD Proxy]&amp#27;[39m Got response with status 200: {"sessionId":"cf4d4c1f-2f41-4c2c-ab91-7b124169b7d2","value":null}
[debug] &amp#27;[35m[W3C (df5c541b)]&amp#27;[39m Responding to client with driver.setValue() result: null
&amp#27;[35m[HTTP]&amp#27;[39m &amp#27;[37m<-- POST /wd/hub/session/df5c541b-2dd7-4c5f-9d0e-b9c91c476354/element/d2ab7319-0a9e-4e30-9b0c-db040466100c/value &amp#27;[39m&amp#27;[32m200&amp#27;[39m &amp#27;[90m35 ms - 14&amp#27;[39m
&amp#27;[35m[HTTP]&amp#27;[39m &amp#27;[90m&amp#27;[39m
&amp#27;[35m[HTTP]&amp#27;[39m &amp#27;[37m-->&amp#27;[39m &amp#27;[37mPOST&amp#27;[39m &amp#27;[37m/wd/hub/session/df5c541b-2dd7-4c5f-9d0e-b9c91c476354/element&amp#27;[39m
&amp#27;[35m[HTTP]&amp#27;[39m &amp#27;[90m{"using":"xpath","value":"//android.widget.FrameLayout/android.widget.LinearLayout/android.widget.FrameLayout/android.widget.LinearLayout/android.widget.TextView[1]"}&amp#27;[39m
[debug] &amp#27;[35m[W3C (df5c541b)]&amp#27;[39m Calling AppiumDriver.findElement() with args: ["xpath","//android.widget.FrameLayout/android.widget.LinearLayout/android.widget.FrameLayout/android.widget.LinearLayout/android.widget.TextView[1]","df5c541b-2dd7-4c5f-9d0e-b9c91c476354"]
[debug] &amp#27;[35m[BaseDriver]&amp#27;[39m Valid locator strategies for this request: xpath, id, class name, accessibility id, css selector, -android uiautomator
[debug] &amp#27;[35m[BaseDriver]&amp#27;[39m Waiting up to 10000 ms for condition
[debug] &amp#27;[35m[WD Proxy]&amp#27;[39m Matched '/element' to command name 'findElement'
[debug] &amp#27;[35m[WD Proxy]&amp#27;[39m Proxying [POST /element] to [POST http://127.0.0.1:8200/wd/hub/session/cf4d4c1f-2f41-4c2c-ab91-7b124169b7d2/element] with body: {"strategy":"xpath","selector":"//android.widget.FrameLayout/android.widget.LinearLayout/android.widget.FrameLayout/android.widget.LinearLayout/android.widget.TextView[1]","context":"","multiple":false}
[debug] &amp#27;[35m[WD Proxy]&amp#27;[39m Got response with status 200: {"sessionId":"cf4d4c1f-2f41-4c2c-ab91-7b124169b7d2","value":{"ELEMENT":"4f51a02f-d1de-44f7-af5d-e342e1794f47","element-6066-11e4-a52e-4f735466cecf":"4f51a02f-d1de-44f7-af5d-e342e1794f47"}}
[debug] &amp#27;[35m[W3C (df5c541b)]&amp#27;[39m Responding to client with driver.findElement() result: {"element-6066-11e4-a52e-4f735466cecf":"4f51a02f-d1de-44f7-af5d-e342e1794f47","ELEMENT":"4f51a02f-d1de-44f7-af5d-e342e1794f47"}
&amp#27;[35m[HTTP]&amp#27;[39m &amp#27;[37m<-- POST /wd/hub/session/df5c541b-2dd7-4c5f-9d0e-b9c91c476354/element &amp#27;[39m&amp#27;[32m200&amp#27;[39m &amp#27;[90m595 ms - 137&amp#27;[39m
&amp#27;[35m[HTTP]&amp#27;[39m &amp#27;[90m&amp#27;[39m
&amp#27;[35m[HTTP]&amp#27;[39m &amp#27;[37m-->&amp#27;[39m &amp#27;[37mGET&amp#27;[39m &amp#27;[37m/wd/hub/session/df5c541b-2dd7-4c5f-9d0e-b9c91c476354/element/4f51a02f-d1de-44f7-af5d-e342e1794f47/text&amp#27;[39m
&amp#27;[35m[HTTP]&amp#27;[39m &amp#27;[90m{}&amp#27;[39m
&amp#27;[35m[W3C (df5c541b)]&amp#27;[39m Driver proxy active, passing request on via HTTP proxy
[debug] &amp#27;[35m[WD Proxy]&amp#27;[39m Matched '/wd/hub/session/df5c541b-2dd7-4c5f-9d0e-b9c91c476354/element/4f51a02f-d1de-44f7-af5d-e342e1794f47/text' to command name 'getText'
[debug] &amp#27;[35m[WD Proxy]&amp#27;[39m Proxying [GET /wd/hub/session/df5c541b-2dd7-4c5f-9d0e-b9c91c476354/element/4f51a02f-d1de-44f7-af5d-e342e1794f47/text] to [GET http://127.0.0.1:8200/wd/hub/session/cf4d4c1f-2f41-4c2c-ab91-7b124169b7d2/element/4f51a02f-d1de-44f7-af5d-e342e1794f47/text] with no body
[debug] &amp#27;[35m[WD Proxy]&amp#27;[39m Got response with status 200: {"sessionId":"cf4d4c1f-2f41-4c2c-ab91-7b124169b7d2","value":"Job Search"}
&amp#27;[35m[WD Proxy]&amp#27;[39m Replacing sessionId cf4d4c1f-2f41-4c2c-ab91-7b124169b7d2 with df5c541b-2dd7-4c5f-9d0e-b9c91c476354
&amp#27;[35m[HTTP]&amp#27;[39m &amp#27;[37m<-- GET /wd/hub/session/df5c541b-2dd7-4c5f-9d0e-b9c91c476354/element/4f51a02f-d1de-44f7-af5d-e342e1794f47/text &amp#27;[39m&amp#27;[32m200&amp#27;[39m &amp#27;[90m15 ms - 73&amp#27;[39m
&amp#27;[35m[HTTP]&amp#27;[39m &amp#27;[90m&amp#27;[39m
&amp#27;[35m[HTTP]&amp#27;[39m &amp#27;[37m-->&amp#27;[39m &amp#27;[37mGET&amp#27;[39m &amp#27;[37m/wd/hub/session/df5c541b-2dd7-4c5f-9d0e-b9c91c476354/screenshot&amp#27;[39m
&amp#27;[35m[HTTP]&amp#27;[39m &amp#27;[90m{}&amp#27;[39m
[debug] &amp#27;[35m[W3C (df5c541b)]&amp#27;[39m Calling AppiumDriver.getScreenshot() with args: ["df5c541b-2dd7-4c5f-9d0e-b9c91c476354"]
[debug] &amp#27;[35m[WD Proxy]&amp#27;[39m Matched '/screenshot' to command name 'getScreenshot'
[debug] &amp#27;[35m[WD Proxy]&amp#27;[39m Proxying [GET /screenshot] to [GET http://127.0.0.1:8200/wd/hub/session/cf4d4c1f-2f41-4c2c-ab91-7b124169b7d2/screenshot] with no body
[debug] &amp#27;[35m[WD Proxy]&amp#27;[39m Got response with status 200: {"sessionId":"cf4d4c1f-2f41-4c2c-ab91-7b124169b7d2","value":"iVBORw0KGgoAAAANSUhEUgAABDgAAAhwCAYAAADIu476AAAABHNCSVQICAgIfAhkiAAAIABJREFU\neJzcvXu8XFV5N/7dcztn5txybjm5E8iNhAABAshNQa1FqkAtYgul5bVatdpWrW1tbUGrFn2xtirt\nTy2ttBbqBVsFqxEVUAJISCARCCSckCvJSXLuZ87cL+8fkz2sWbMuz7P2nkP6+34++WRm7bWe9ay1\nnvvZs7e34XVfq8ICzwOq1l50cOiFPXcroeJVx79rX904oNbO3S/bnLa5qfSo11p13jJdeV0Af+/9\ncfJY2xpaIf9Bzt2FH+452+SWC1d5mWt599Fq+8mxJxy6LvTCkm9XflxtCOe8wpjbZJOoCINGK9FK\n/ii0g/jfIOfhIh9U3676X0YQH8wFx2a62pAwdMOFD05fF58aht220Q5KL2w77Bp7UPkJa0yYcPHF\nQDj+jaNLlHiXY099uOpyK+yVbT7A/azC4GmubCR3Hl2MDJhlhhtLheGHfETEizpQN4F6nZIQqPqa\n5vCv6fqo2uUxnmdfhwmqdenWauor8yD2VQU08nURunWrFNm0/0ETOZvQ+td0/JjORnX2pj2Sv1er\n5sKFP7e89yqeVd9VNKmg9tUFuvL8ch+VsaLwQ3Vm8hwyLZdAxcSHjicdb3K7SZdM41TzuayPAkpi\nZuNNHq+ja5pX7GeTb938VHsRxC6r+FDZCv+8KDaUY9d1UNkN7jp1tsdkC6kIY88ptpEyJ+UMwvK/\n8nfOPtj8GMUHym06ORHn0smuaQ6qfsvgxB9yf44/E8fr6FLORtWPo2tUmeXQFHkyxaYUOrrvFB9p\nm4+SbHBtobhP8p7Z4njVGB1Me9NKcPyFDlw7waFFjd1U8a7LWVN9AGffWlWw8vnl2nxZ1yjxlq5N\ndz4Ue+3iq7j9TLmTLkeSYeoj...
[debug] &amp#27;[35m[W3C (df5c541b)]&amp#27;[39m Responding to client with driver.getScreenshot() result: "iVBORw0KGgoAAAANSUhEUgAABDgAAAhwCAYAAADIu476AAAABHNCSVQICAgIfAhkiAAAIABJREFU\neJzcvXu8XFV5N/7dcztn5txybjm5E8iNhAABAshNQa1FqkAtYgul5bVatdpWrW1tbUGrFn2xtirt\nTy2ttBbqBVsFqxEVUAJISCARCCSckCvJSXLuZ87cL+8fkz2sWbMuz7P2nkP6+34++WRm7bWe9ay1\nnvvZs7e34XVfq8ICzwOq1l50cOiFPXcroeJVx79rX904oNbO3S/bnLa5qfSo11p13jJdeV0Af+/9\ncfJY2xpaIf9Bzt2FH+452+SWC1d5mWt599Fq+8mxJxy6LvTCkm9XflxtCOe8wpjbZJOoCINGK9FK\n/ii0g/jfIOfhIh9U3676X0YQH8wFx2a62pAwdMOFD05fF58aht220Q5KL2w77Bp7UPkJa0yYcPHF\nQDj+jaNLlHiXY099uOpyK+yVbT7A/azC4GmubCR3Hl2MDJhlhhtLheGHfETEizpQN4F6nZIQqPqa\n5vCv6fqo2uUxnmdfhwmqdenWauor8yD2VQU08nURunWrFNm0/0ETOZvQ+td0/JjORnX2pj2Sv1er\n5sKFP7e89yqeVd9VNKmg9tUFuvL8ch+VsaLwQ3Vm8hwyLZdAxcSHjicdb3K7SZdM41TzuayPAkpi\nZuNNHq+ja5pX7GeTb938VHsRxC6r+FDZCv+8KDaUY9d1UNkN7jp1tsdkC6kIY88ptpEyJ+UMwvK/\n8nfOPtj8GMUHym06ORHn0smuaQ6qfsvgxB9yf44/E8fr6FLORtWPo2tUmeXQFHkyxaYUOrrvFB9p\nm4+SbHBtobhP8p7Z4njVGB1Me9NKcPyFDlw7waFFjd1U8a7LWVN9AGffWlWw8vnl2nxZ1yjxlq5N\ndz4Ue+3iq7j9TLmTLkeSYeoj0uDuo4x6gSOIEZSZ0l13pU25bpvHFNDIgQIXQRyUqr9LkCAqlq6v\nHMjL9E...
&amp#27;[35m[HTTP]&amp#27;[39m &amp#27;[37m<-- GET /wd/hub/session/df5c541b-2dd7-4c5f-9d0e-b9c91c476354/screenshot &amp#27;[39m&amp#27;[32m200&amp#27;[39m &amp#27;[90m381 ms - 133056&amp#27;[39m
&amp#27;[35m[HTTP]&amp#27;[39m &amp#27;[90m&amp#27;[39m
&amp#27;[35m[HTTP]&amp#27;[39m &amp#27;[37m-->&amp#27;[39m &amp#27;[37mDELETE&amp#27;[39m &amp#27;[37m/wd/hub/session/df5c541b-2dd7-4c5f-9d0e-b9c91c476354&amp#27;[39m
&amp#27;[35m[HTTP]&amp#27;[39m &amp#27;[90m{}&amp#27;[39m
[debug] &amp#27;[35m[W3C (df5c541b)]&amp#27;[39m Calling AppiumDriver.deleteSession() with args: ["df5c541b-2dd7-4c5f-9d0e-b9c91c476354"]
[debug] &amp#27;[35m[BaseDriver]&amp#27;[39m Event 'quitSessionRequested' logged at 1610628686105 (18:21:26 GMT+0530 (India Standard Time))
&amp#27;[35m[Appium]&amp#27;[39m Removing session df5c541b-2dd7-4c5f-9d0e-b9c91c476354 from our master session list
[debug] &amp#27;[35m[UiAutomator2]&amp#27;[39m Deleting UiAutomator2 session
[debug] &amp#27;[35m[UiAutomator2]&amp#27;[39m Deleting UiAutomator2 server session
[debug] &amp#27;[35m[WD Proxy]&amp#27;[39m Matched '/' to command name 'deleteSession'
[debug] &amp#27;[35m[WD Proxy]&amp#27;[39m Proxying [DELETE /] to [DELETE http://127.0.0.1:8200/wd/hub/session/cf4d4c1f-2f41-4c2c-ab91-7b124169b7d2] with no body
[debug] &amp#27;[35m[WD Proxy]&amp#27;[39m Got response with status 200: {"sessionId":"cf4d4c1f-2f41-4c2c-ab91-7b124169b7d2","value":null}
[debug] &amp#27;[35m[ADB]&amp#27;[39m Running 'C:\Users\saurabhsoni\AppData\Local\Android\Sdk\platform-tools\adb.exe -P 5037 -s emulator-5554 shell am force-stop in.workindia.nileshdungarwal.workindiaandroid'
[debug] &amp#27;[35m[Logcat]&amp#27;[39m Stopping logcat capture
[debug] &amp#27;[35m[ADB]&amp#27;[39m Removing forwarded port socket connection: 8200 
[debug] &amp#27;[35m[ADB]&amp#27;[39m Running 'C:\Users\saurabhsoni\AppData\Local\Android\Sdk\platform-tools\adb.exe -P 5037 -s emulator-5554 forward --remove tcp:8200'
[debug] &amp#27;[35m[BaseDriver]&amp#27;[39m Event 'quitSessionFinished' logged at 1610628686261 (18:21:26 GMT+0530 (India Standard Time))
[debug] &amp#27;[35m[W3C (df5c541b)]&amp#27;[39m Received response: null
[debug] &amp#27;[35m[W3C (df5c541b)]&amp#27;[39m But deleting session, so not returning
[debug] &amp#27;[35m[W3C (df5c541b)]&amp#27;[39m Responding to client with driver.deleteSession() result: null
[debug] &amp#27;[35m[W3C (df5c541b)]&amp#27;[39m Destroying socket connection

  @tag5
  Scenario: Try to Register with Invalid Digits Mobile Number # RegisterWithInvalidPhoneNumber.feature:5
    Given User has already on Registration page               # RegistrationStepDef.user_has_already_on_Registration_page()
    When User Enters Name and Mobile_num                      # RegisterWithInvalidPhoneNumberStepDef.user_Enters_Name_and_Mobile_num(DataTable)
      java.lang.AssertionError: expected [Job Search1] but found [Job Search]
      	at org.testng.Assert.fail(Assert.java:96)
      	at org.testng.Assert.failNotEquals(Assert.java:776)
      	at org.testng.Assert.assertEqualsImpl(Assert.java:137)
      	at org.testng.Assert.assertEquals(Assert.java:118)
      	at org.testng.Assert.assertEquals(Assert.java:453)
      	at org.testng.Assert.assertEquals(Assert.java:463)
      	at StepDefinations.RegisterWithInvalidPhoneNumberStepDef.user_Enters_Name_and_Mobile_num(RegisterWithInvalidPhoneNumberStepDef.java:29)
      	at ?.When User Enters Name and Mobile_num(RegisterWithInvalidPhoneNumber.feature:7)

    And User click on Submit button                           # RegistrationStepDef.user_click_on_Submit_button()
    Then the User will not be Registered                      # RegisterWithInvalidPhoneNumberStepDef.the_User_will_not_be_Registered()
&amp#27;[35m[HTTP]&amp#27;[39m &amp#27;[37m<-- DELETE /wd/hub/session/df5c541b-2dd7-4c5f-9d0e-b9c91c476354 &amp#27;[39m&amp#27;[32m200&amp#27;[39m &amp#27;[90m159 ms - 14&amp#27;[39m
&amp#27;[35m[HTTP]&amp#27;[39m &amp#27;[90m&amp#27;[39m
]]></system-out>
    <system-err><![CDATA[Jan 14, 2021 6:21:23 PM io.appium.java_client.remote.AppiumCommandExecutor$1 lambda$0
INFO: Detected dialect: W3C
]]></system-err>
  </testcase>
  <testcase name="feature[Registration of New User](3)" classname="Runner.TestRunner" time="80.866">
    <system-out><![CDATA[Feature: Registration of New User
  This feature file will Register new User

  @tag1
  Scenario Outline: User with enter Name and the Mobile Number in to the Application # Registration.feature:7
    Given User has already on Registration page
    When User enter the "<Name>" and "<PhoneNumber>"
    And User click on Submit button
    Then User should move to Next Registration Page

    Examples: 
&amp#27;[35m[HTTP]&amp#27;[39m &amp#27;[37m-->&amp#27;[39m &amp#27;[37mPOST&amp#27;[39m &amp#27;[37m/wd/hub/session&amp#27;[39m
&amp#27;[35m[HTTP]&amp#27;[39m &amp#27;[90m{"desiredCapabilities":{"app":"./Resources/in.workindia.apk","appActivity":".RegisterActivity","appPackage":"in.workindia.nileshdungarwal.workindiaandroid","platformVersion":"8.1","skipDeviceInitialization":"true","skipServerInstallation":"false","platformName":"Android"},"capabilities":{"alwaysMatch":{"appium:app":"./Resources/in.workindia.apk","appium:appActivity":".RegisterActivity","appium:appPackage":"in.workindia.nileshdungarwal.workindiaandroid","platformName":"android","appium:platformVersion":"8.1","skipDeviceInitialization":"true","skipServerInstallation":"false"},"firstMatch":[{}]}}&amp#27;[39m
[debug] &amp#27;[35m[W3C]&amp#27;[39m Calling AppiumDriver.createSession() with args: [{"app":"./Resources/in.workindia.apk","appActivity":".RegisterActivity","appPackage":"in.workindia.nileshdungarwal.workindiaandroid","platformVersion":"8.1","skipDeviceInitialization":"true","skipServerInstallation":"false","platformName":"Android"},null,{"alwaysMatch":{"appium:app":"./Resources/in.workindia.apk","appium:appActivity":".RegisterActivity","appium:appPackage":"in.workindia.nileshdungarwal.workindiaandroid","platformName":"android","appium:platformVersion":"8.1","skipDeviceInitialization":"true","skipServerInstallation":"false"},"firstMatch":[{}]}]
[debug] &amp#27;[35m[BaseDriver]&amp#27;[39m Event 'newSessionRequested' logged at 1610628686296 (18:21:26 GMT+0530 (India Standard Time))
&amp#27;[35m[BaseDriver]&amp#27;[39m The following capabilities are not standard capabilities and should have an extension prefix:
&amp#27;[35m[BaseDriver]&amp#27;[39m   skipDeviceInitialization
&amp#27;[35m[BaseDriver]&amp#27;[39m   skipServerInstallation
&amp#27;[35m[Appium]&amp#27;[39m 
&amp#27;[35m[Appium]&amp#27;[39m ======================================================================
&amp#27;[35m[Appium]&amp#27;[39m   DEPRECATION WARNING:
&amp#27;[35m[Appium]&amp#27;[39m 
&amp#27;[35m[Appium]&amp#27;[39m   The 'automationName' capability was not provided in the desired 
&amp#27;[35m[Appium]&amp#27;[39m   capabilities for this Android session
&amp#27;[35m[Appium]&amp#27;[39m 
&amp#27;[35m[Appium]&amp#27;[39m   Setting 'automationName=UiAutomator2' by default and using the 
&amp#27;[35m[Appium]&amp#27;[39m   UiAutomator2 Driver
&amp#27;[35m[Appium]&amp#27;[39m 
&amp#27;[35m[Appium]&amp#27;[39m   The next major version of Appium (2.x) will **require** the 
&amp#27;[35m[Appium]&amp#27;[39m   'automationName' capability to be set for all sessions on all 
&amp#27;[35m[Appium]&amp#27;[39m   platforms
&amp#27;[35m[Appium]&amp#27;[39m 
&amp#27;[35m[Appium]&amp#27;[39m   In previous versions (Appium <= 1.13.x), the default was 
&amp#27;[35m[Appium]&amp#27;[39m   'automationName=UiAutomator1'
&amp#27;[35m[Appium]&amp#27;[39m 
&amp#27;[35m[Appium]&amp#27;[39m   If you wish to use that automation instead of UiAutomator2, please 
&amp#27;[35m[Appium]&amp#27;[39m   add 'automationName=UiAutomator1' to your desired capabilities
&amp#27;[35m[Appium]&amp#27;[39m 
&amp#27;[35m[Appium]&amp#27;[39m   For more information about drivers, please visit 
&amp#27;[35m[Appium]&amp#27;[39m   http://appium.io/docs/en/about-appium/intro/ and explore the 
&amp#27;[35m[Appium]&amp#27;[39m   'Drivers' menu
&amp#27;[35m[Appium]&amp#27;[39m 
&amp#27;[35m[Appium]&amp#27;[39m ======================================================================
&amp#27;[35m[Appium]&amp#27;[39m 
&amp#27;[35m[Appium]&amp#27;[39m Appium v1.19.1 creating new AndroidUiautomator2Driver (v1.59.0) session
[debug] &amp#27;[35m[BaseDriver]&amp#27;[39m W3C capabilities and MJSONWP desired capabilities were provided
[debug] &amp#27;[35m[BaseDriver]&amp#27;[39m Creating session with W3C capabilities: {
[debug] &amp#27;[35m[BaseDriver]&amp#27;[39m   "alwaysMatch": {
[debug] &amp#27;[35m[BaseDriver]&amp#27;[39m     "platformName": "android",
[debug] &amp#27;[35m[BaseDriver]&amp#27;[39m     "appium:skipDeviceInitialization": "true",
[debug] &amp#27;[35m[BaseDriver]&amp#27;[39m     "appium:skipServerInstallation": "false",
[debug] &amp#27;[35m[BaseDriver]&amp#27;[39m     "appium:app": "./Resources/in.workindia.apk",
[debug] &amp#27;[35m[BaseDriver]&amp#27;[39m     "appium:appActivity": ".RegisterActivity",
[debug] &amp#27;[35m[BaseDriver]&amp#27;[39m     "appium:appPackage": "in.workindia.nileshdungarwal.workindiaandroid",
[debug] &amp#27;[35m[BaseDriver]&amp#27;[39m     "appium:platformVersion": "8.1"
[debug] &amp#27;[35m[BaseDriver]&amp#27;[39m   },
[debug] &amp#27;[35m[BaseDriver]&amp#27;[39m   "firstMatch": [
[debug] &amp#27;[35m[BaseDriver]&amp#27;[39m     {}
[debug] &amp#27;[35m[BaseDriver]&amp#27;[39m   ]
[debug] &amp#27;[35m[BaseDriver]&amp#27;[39m }
&amp#27;[35m[BaseDriver]&amp#27;[39m Capability 'skipServerInstallation' changed from string to boolean. This may cause unexpected behavior
&amp#27;[35m[BaseDriver]&amp#27;[39m Capability 'skipDeviceInitialization' changed from string to boolean. This may cause unexpected behavior
&amp#27;[35m[BaseDriver]&amp#27;[39m Session created with session id: 3d6e6c73-2c2a-411f-905f-ffaf107bfd44
&amp#27;[35m[BaseDriver]&amp#27;[39m Using local app './Resources/in.workindia.apk'
&amp#27;[35m[BaseDriver]&amp#27;[39m The current application path './Resources/in.workindia.apk' is not absolute and has been rewritten to 'C:\Users\saurabhsoni\eclipse-workspace\Saurabh_Soni_3155142_AppiumAssignment\Resources\in.workindia.apk'. Consider using absolute paths rather than relative
[debug] &amp#27;[35m[UiAutomator2]&amp#27;[39m Checking whether app is actually present
&amp#27;[35m[ADB]&amp#27;[39m Using 'adb.exe' from 'C:\Users\saurabhsoni\AppData\Local\Android\Sdk\platform-tools\adb.exe'
[debug] &amp#27;[35m[ADB]&amp#27;[39m Running 'C:\Users\saurabhsoni\AppData\Local\Android\Sdk\platform-tools\adb.exe -P 5037 start-server'
&amp#27;[35m[AndroidDriver]&amp#27;[39m Retrieving device list
[debug] &amp#27;[35m[ADB]&amp#27;[39m Trying to find a connected android device
[debug] &amp#27;[35m[ADB]&amp#27;[39m Getting connected devices
[debug] &amp#27;[35m[ADB]&amp#27;[39m Connected devices: [{"udid":"emulator-5554","state":"device"}]
&amp#27;[35m[AndroidDriver]&amp#27;[39m Looking for a device with Android '8.1.0'
[debug] &amp#27;[35m[ADB]&amp#27;[39m Setting device id to emulator-5554
&amp#27;[35m[ADB]&amp#27;[39m Getting device platform version
[debug] &amp#27;[35m[ADB]&amp#27;[39m Running 'C:\Users\saurabhsoni\AppData\Local\Android\Sdk\platform-tools\adb.exe -P 5037 -s emulator-5554 shell getprop ro.build.version.release'
[debug] &amp#27;[35m[ADB]&amp#27;[39m Current device property 'ro.build.version.release': 8.1.0
&amp#27;[35m[AndroidDriver]&amp#27;[39m Using device: emulator-5554
&amp#27;[35m[ADB]&amp#27;[39m Using 'adb.exe' from 'C:\Users\saurabhsoni\AppData\Local\Android\Sdk\platform-tools\adb.exe'
[debug] &amp#27;[35m[ADB]&amp#27;[39m Running 'C:\Users\saurabhsoni\AppData\Local\Android\Sdk\platform-tools\adb.exe -P 5037 start-server'
[debug] &amp#27;[35m[ADB]&amp#27;[39m Setting device id to emulator-5554
[debug] &amp#27;[35m[ADB]&amp#27;[39m Running 'C:\Users\saurabhsoni\AppData\Local\Android\Sdk\platform-tools\adb.exe -P 5037 -s emulator-5554 shell getprop ro.build.version.sdk'
[debug] &amp#27;[35m[ADB]&amp#27;[39m Current device property 'ro.build.version.sdk': 27
[debug] &amp#27;[35m[ADB]&amp#27;[39m Device API level: 27
&amp#27;[35m[AndroidDriver]&amp#27;[39m 'skipDeviceInitialization' is set. Skipping device initialization.
[debug] &amp#27;[35m[Logcat]&amp#27;[39m Starting logs capture with command: C:\\Users\\saurabhsoni\\AppData\\Local\\Android\\Sdk\\platform-tools\\adb.exe -P 5037 -s emulator-5554 logcat -v threadtime
[debug] &amp#27;[35m[Instrumentation]&amp#27;[39m .
[debug] &amp#27;[35m[UiAutomator2]&amp#27;[39m Forwarding UiAutomator2 Server port 6790 to local port 8200
[debug] &amp#27;[35m[ADB]&amp#27;[39m Forwarding system: 8200 to device: 6790
[debug] &amp#27;[35m[ADB]&amp#27;[39m Running 'C:\Users\saurabhsoni\AppData\Local\Android\Sdk\platform-tools\adb.exe -P 5037 -s emulator-5554 forward tcp:8200 tcp:6790'
[debug] &amp#27;[35m[ADB]&amp#27;[39m Getting install status for io.appium.uiautomator2.server
[debug] &amp#27;[35m[ADB]&amp#27;[39m Running 'C:\Users\saurabhsoni\AppData\Local\Android\Sdk\platform-tools\adb.exe -P 5037 -s emulator-5554 shell dumpsys package io.appium.uiautomator2.server'
[debug] &amp#27;[35m[ADB]&amp#27;[39m 'io.appium.uiautomator2.server' is installed
[debug] &amp#27;[35m[ADB]&amp#27;[39m Getting package info for 'io.appium.uiautomator2.server'
[debug] &amp#27;[35m[ADB]&amp#27;[39m Running 'C:\Users\saurabhsoni\AppData\Local\Android\Sdk\platform-tools\adb.exe -P 5037 -s emulator-5554 shell dumpsys package io.appium.uiautomator2.server'
[debug] &amp#27;[35m[ADB]&amp#27;[39m The version name of the installed 'io.appium.uiautomator2.server' is greater or equal to the application version name ('4.15.0' >= '4.15.0')
[debug] &amp#27;[35m[UiAutomator2]&amp#27;[39m io.appium.uiautomator2.server installation state: sameVersionInstalled
[debug] &amp#27;[35m[ADB]&amp#27;[39m Checking app cert for C:\Users\saurabhsoni\AppData\Roaming\npm\node_modules\appium\node_modules\appium-uiautomator2-server\apks\appium-uiautomator2-server-v4.15.0.apk
&amp#27;[35m[ADB]&amp#27;[39m Using 'apksigner.jar' from 'C:\Users\saurabhsoni\AppData\Local\Android\Sdk\build-tools\30.0.3\lib\apksigner.jar'
[debug] &amp#27;[35m[ADB]&amp#27;[39m Starting apksigner: 'C:\\Program Files\\Java\\jdk1.8.0_221\\bin\\java.exe' -Xmx1024M -Xss1m -jar C:\\Users\\saurabhsoni\\AppData\\Local\\Android\\Sdk\\build-tools\\30.0.3\\lib\\apksigner.jar verify --print-certs C:\\Users\\saurabhsoni\\AppData\\Roaming\\npm\\node_modules\\appium\\node_modules\\appium-uiautomator2-server\\apks\\appium-uiautomator2-server-v4.15.0.apk
[debug] &amp#27;[35m[Instrumentation]&amp#27;[39m Time: 7.093
[debug] &amp#27;[35m[Instrumentation]&amp#27;[39m 
[debug] &amp#27;[35m[Instrumentation]&amp#27;[39m OK (1 test)
[debug] &amp#27;[35m[Instrumentation]&amp#27;[39m The process has exited with code 0
[debug] &amp#27;[35m[ADB]&amp#27;[39m apksigner stdout: Signer #1 certificate DN: EMAILADDRESS=android@android.com, CN=Android, OU=Android, O=Android, L=Mountain View, ST=California, C=US
[debug] &amp#27;[35m[ADB]&amp#27;[39m Signer #1 certificate SHA-256 digest: a40da80a59d170caa950cf15c18c454d47a39b26989d8b640ecd745ba71bf5dc
[debug] &amp#27;[35m[ADB]&amp#27;[39m Signer #1 certificate SHA-1 digest: 61ed377e85d386a8dfee6b864bd85b0bfaa5af81
[debug] &amp#27;[35m[ADB]&amp#27;[39m Signer #1 certificate MD5 digest: e89b158e4bcf988ebd09eb83f5378e87
[debug] &amp#27;[35m[ADB]&amp#27;[39m 
[debug] &amp#27;[35m[ADB]&amp#27;[39m sha256 hash did match for 'appium-uiautomator2-server-v4.15.0.apk'
&amp#27;[35m[ADB]&amp#27;[39m 'C:\Users\saurabhsoni\AppData\Roaming\npm\node_modules\appium\node_modules\appium-uiautomator2-server\apks\appium-uiautomator2-server-v4.15.0.apk' is signed with the default certificate
[debug] &amp#27;[35m[ADB]&amp#27;[39m Getting install status for io.appium.uiautomator2.server.test
[debug] &amp#27;[35m[ADB]&amp#27;[39m Running 'C:\Users\saurabhsoni\AppData\Local\Android\Sdk\platform-tools\adb.exe -P 5037 -s emulator-5554 shell dumpsys package io.appium.uiautomator2.server.test'
[debug] &amp#27;[35m[ADB]&amp#27;[39m 'io.appium.uiautomator2.server.test' is installed
[debug] &amp#27;[35m[ADB]&amp#27;[39m Checking app cert for C:\Users\saurabhsoni\AppData\Roaming\npm\node_modules\appium\node_modules\appium-uiautomator2-server\apks\appium-uiautomator2-server-debug-androidTest.apk
[debug] &amp#27;[35m[ADB]&amp#27;[39m Starting apksigner: 'C:\\Program Files\\Java\\jdk1.8.0_221\\bin\\java.exe' -Xmx1024M -Xss1m -jar C:\\Users\\saurabhsoni\\AppData\\Local\\Android\\Sdk\\build-tools\\30.0.3\\lib\\apksigner.jar verify --print-certs C:\\Users\\saurabhsoni\\AppData\\Roaming\\npm\\node_modules\\appium\\node_modules\\appium-uiautomator2-server\\apks\\appium-uiautomator2-server-debug-androidTest.apk
[debug] &amp#27;[35m[ADB]&amp#27;[39m apksigner stdout: Signer #1 certificate DN: EMAILADDRESS=android@android.com, CN=Android, OU=Android, O=Android, L=Mountain View, ST=California, C=US
[debug] &amp#27;[35m[ADB]&amp#27;[39m Signer #1 certificate SHA-256 digest: a40da80a59d170caa950cf15c18c454d47a39b26989d8b640ecd745ba71bf5dc
[debug] &amp#27;[35m[ADB]&amp#27;[39m Signer #1 certificate SHA-1 digest: 61ed377e85d386a8dfee6b864bd85b0bfaa5af81
[debug] &amp#27;[35m[ADB]&amp#27;[39m Signer #1 certificate MD5 digest: e89b158e4bcf988ebd09eb83f5378e87
[debug] &amp#27;[35m[ADB]&amp#27;[39m 
[debug] &amp#27;[35m[ADB]&amp#27;[39m sha256 hash did match for 'appium-uiautomator2-server-debug-androidTest.apk'
&amp#27;[35m[ADB]&amp#27;[39m 'C:\Users\saurabhsoni\AppData\Roaming\npm\node_modules\appium\node_modules\appium-uiautomator2-server\apks\appium-uiautomator2-server-debug-androidTest.apk' is signed with the default certificate
&amp#27;[35m[UiAutomator2]&amp#27;[39m Server packages are not going to be (re)installed
[debug] &amp#27;[35m[UiAutomator2]&amp#27;[39m Waiting up to 30000ms for services to be available
[debug] &amp#27;[35m[ADB]&amp#27;[39m Running 'C:\Users\saurabhsoni\AppData\Local\Android\Sdk\platform-tools\adb.exe -P 5037 -s emulator-5554 shell pm list instrumentation'
[debug] &amp#27;[35m[UiAutomator2]&amp#27;[39m Instrumentation target 'io.appium.uiautomator2.server.test/androidx.test.runner.AndroidJUnitRunner' is available
[debug] &amp#27;[35m[ADB]&amp#27;[39m Checking app cert for C:\Users\saurabhsoni\eclipse-workspace\Saurabh_Soni_3155142_AppiumAssignment\Resources\in.workindia.apk
[debug] &amp#27;[35m[ADB]&amp#27;[39m Starting apksigner: 'C:\\Program Files\\Java\\jdk1.8.0_221\\bin\\java.exe' -Xmx1024M -Xss1m -jar C:\\Users\\saurabhsoni\\AppData\\Local\\Android\\Sdk\\build-tools\\30.0.3\\lib\\apksigner.jar verify --print-certs C:\\Users\\saurabhsoni\\eclipse-workspace\\Saurabh_Soni_3155142_AppiumAssignment\\Resources\\in.workindia.apk
[debug] &amp#27;[35m[ADB]&amp#27;[39m apksigner stdout: Signer #1 certificate DN: CN=Nilesh Dungarwal, OU=WorkIndia, O=WorkIndia, L=Mumbai, ST=Maharashtra, C=IN
[debug] &amp#27;[35m[ADB]&amp#27;[39m Signer #1 certificate SHA-256 digest: 0fdc1fed6cd07d2c4854153ee799955c35f5dd671743e3c4610c90914d2f7d32
[debug] &amp#27;[35m[ADB]&amp#27;[39m Signer #1 certificate SHA-1 digest: 2e328de1bc8d9844c8a7634fa66f9363c00f613d
[debug] &amp#27;[35m[ADB]&amp#27;[39m Signer #1 certificate MD5 digest: c47446d10c7a53d63b2f43c2e34ce656
[debug] &amp#27;[35m[ADB]&amp#27;[39m 
&amp#27;[35m[ADB]&amp#27;[39m 'C:\Users\saurabhsoni\eclipse-workspace\Saurabh_Soni_3155142_AppiumAssignment\Resources\in.workindia.apk' is signed with a non-default certificate
[debug] &amp#27;[35m[ADB]&amp#27;[39m Getting install status for in.workindia.nileshdungarwal.workindiaandroid
[debug] &amp#27;[35m[ADB]&amp#27;[39m Running 'C:\Users\saurabhsoni\AppData\Local\Android\Sdk\platform-tools\adb.exe -P 5037 -s emulator-5554 shell dumpsys package in.workindia.nileshdungarwal.workindiaandroid'
[debug] &amp#27;[35m[ADB]&amp#27;[39m 'in.workindia.nileshdungarwal.workindiaandroid' is installed
[debug] &amp#27;[35m[ADB]&amp#27;[39m Getting package info for 'in.workindia.nileshdungarwal.workindiaandroid'
[debug] &amp#27;[35m[ADB]&amp#27;[39m Running 'C:\Users\saurabhsoni\AppData\Local\Android\Sdk\platform-tools\adb.exe -P 5037 -s emulator-5554 shell dumpsys package in.workindia.nileshdungarwal.workindiaandroid'
[debug] &amp#27;[35m[ADB]&amp#27;[39m The version name of the installed 'in.workindia.nileshdungarwal.workindiaandroid' is greater or equal to the application version name ('4.1.1' >= '4.1.1')
[debug] &amp#27;[35m[ADB]&amp#27;[39m There is no need to install/upgrade 'C:\Users\saurabhsoni\eclipse-workspace\Saurabh_Soni_3155142_AppiumAssignment\Resources\in.workindia.apk'
&amp#27;[35m[AndroidDriver]&amp#27;[39m Performing fast reset on 'in.workindia.nileshdungarwal.workindiaandroid'
[debug] &amp#27;[35m[ADB]&amp#27;[39m Getting install status for in.workindia.nileshdungarwal.workindiaandroid
[debug] &amp#27;[35m[ADB]&amp#27;[39m Running 'C:\Users\saurabhsoni\AppData\Local\Android\Sdk\platform-tools\adb.exe -P 5037 -s emulator-5554 shell dumpsys package in.workindia.nileshdungarwal.workindiaandroid'
[debug] &amp#27;[35m[ADB]&amp#27;[39m 'in.workindia.nileshdungarwal.workindiaandroid' is installed
[debug] &amp#27;[35m[ADB]&amp#27;[39m Running 'C:\Users\saurabhsoni\AppData\Local\Android\Sdk\platform-tools\adb.exe -P 5037 -s emulator-5554 shell am force-stop in.workindia.nileshdungarwal.workindiaandroid'
[debug] &amp#27;[35m[ADB]&amp#27;[39m Running 'C:\Users\saurabhsoni\AppData\Local\Android\Sdk\platform-tools\adb.exe -P 5037 -s emulator-5554 shell pm clear in.workindia.nileshdungarwal.workindiaandroid'
[debug] &amp#27;[35m[AndroidDriver]&amp#27;[39m Performed fast reset on the installed 'in.workindia.nileshdungarwal.workindiaandroid' application (stop and clear)
[debug] &amp#27;[35m[UiAutomator2]&amp#27;[39m Performing shallow cleanup of automation leftovers
[debug] &amp#27;[35m[UiAutomator2]&amp#27;[39m No obsolete sessions have been detected (socket hang up)
[debug] &amp#27;[35m[ADB]&amp#27;[39m Running 'C:\Users\saurabhsoni\AppData\Local\Android\Sdk\platform-tools\adb.exe -P 5037 -s emulator-5554 shell am force-stop io.appium.uiautomator2.server.test'
&amp#27;[35m[UiAutomator2]&amp#27;[39m Starting UIAutomator2 server 4.15.0
&amp#27;[35m[UiAutomator2]&amp#27;[39m Using UIAutomator2 server from 'C:\Users\saurabhsoni\AppData\Roaming\npm\node_modules\appium\node_modules\appium-uiautomator2-server\apks\appium-uiautomator2-server-v4.15.0.apk' and test from 'C:\Users\saurabhsoni\AppData\Roaming\npm\node_modules\appium\node_modules\appium-uiautomator2-server\apks\appium-uiautomator2-server-debug-androidTest.apk'
&amp#27;[35m[UiAutomator2]&amp#27;[39m Waiting up to 30000ms for UiAutomator2 to be online...
[debug] &amp#27;[35m[ADB]&amp#27;[39m Creating ADB subprocess with args: ["-P",5037,"-s","emulator-5554","shell","am","instrument","-w","io.appium.uiautomator2.server.test/androidx.test.runner.AndroidJUnitRunner"]
[debug] &amp#27;[35m[Instrumentation]&amp#27;[39m io.appium.uiautomator2.server.test.AppiumUiAutomator2Server:
[debug] &amp#27;[35m[WD Proxy]&amp#27;[39m Matched '/status' to command name 'getStatus'
[debug] &amp#27;[35m[WD Proxy]&amp#27;[39m Proxying [GET /status] to [GET http://127.0.0.1:8200/wd/hub/status] with no body
&amp#27;[35m[WD Proxy]&amp#27;[39m socket hang up
[debug] &amp#27;[35m[WD Proxy]&amp#27;[39m Matched '/status' to command name 'getStatus'
[debug] &amp#27;[35m[WD Proxy]&amp#27;[39m Proxying [GET /status] to [GET http://127.0.0.1:8200/wd/hub/status] with no body
[debug] &amp#27;[35m[WD Proxy]&amp#27;[39m Got response with status 200: {"sessionId":"None","value":{"message":"UiAutomator2 Server is ready to accept commands","ready":true}}
[debug] &amp#27;[35m[UiAutomator2]&amp#27;[39m The initialization of the instrumentation process took 2135ms
[debug] &amp#27;[35m[WD Proxy]&amp#27;[39m Matched '/session' to command name 'createSession'
[debug] &amp#27;[35m[WD Proxy]&amp#27;[39m Proxying [POST /session] to [POST http://127.0.0.1:8200/wd/hub/session] with body: {"capabilities":{"firstMatch":[{"platform":"LINUX","webStorageEnabled":false,"takesScreenshot":true,"javascriptEnabled":true,"databaseEnabled":false,"networkConnectionEnabled":true,"locationContextEnabled":false,"warnings":{},"desired":{"platformName":"android","skipDeviceInitialization":true,"skipServerInstallation":false,"app":"./Resources/in.workindia.apk","appActivity":".RegisterActivity","appPackage":"in.workindia.nileshdungarwal.workindiaandroid","platformVersion":"8.1"},"platformName":"android","skipDeviceInitialization":true,"skipServerInstallation":false,"app":"./Resources/in.workindia.apk","appActivity":".RegisterActivity","appPackage":"in.workindia.nileshdungarwal.workindiaandroid","platformVersion":"8.1","deviceName":"emulator-5554","deviceUDID":"emulator-5554"}],"alwaysMatch":{}}}
[debug] &amp#27;[35m[WD Proxy]&amp#27;[39m Got response with status 200: {"sessionId":"eafaa695-2fd1-4fb5-9c6c-d1626c3063d6","value":{"capabilities":{"firstMatch":[{"platform":"LINUX","webStorageEnabled":false,"takesScreenshot":true,"javascriptEnabled":true,"databaseEnabled":false,"networkConnectionEnabled":true,"locationContextEnabled":false,"warnings":{},"desired":{"platformName":"android","skipDeviceInitialization":true,"skipServerInstallation":false,"app":"./Resources/in.workindia.apk","appActivity":".RegisterActivity","appPackage":"in.workindia.nileshdungarwal.workindiaandroid","platformVersion":"8.1"},"platformName":"android","skipDeviceInitialization":true,"skipServerInstallation":false,"app":"./Resources/in.workindia.apk","appActivity":".RegisterActivity","appPackage":"in.workindia.nileshdungarwal.workindiaandroid","platformVersion":"8.1","deviceName":"emulator-5554","deviceUDID":"emulator-5554"}],"alwaysMatch":{}},"sessionId":"eafaa695-2fd1-4fb5-9c6c-d1626c3063d6"}}
&amp#27;[35m[WD Proxy]&amp#27;[39m Determined the downstream protocol as 'W3C'
[debug] &amp#27;[35m[WD Proxy]&amp#27;[39m Proxying [GET /appium/device/info] to [GET http://127.0.0.1:8200/wd/hub/session/eafaa695-2fd1-4fb5-9c6c-d1626c3063d6/appium/device/info] with no body
[debug] &amp#27;[35m[WD Proxy]&amp#27;[39m Got response with status 200: {"sessionId":"eafaa695-2fd1-4fb5-9c6c-d1626c3063d6","value":{"androidId":"d0cbdccec5cf9e3d","apiVersion":"27","bluetooth":null,"brand":"google","carrierName":"Android","displayDensity":440,"locale":"en_US","manufacturer":"Google","model":"Android SDK built for x86","networks":[{"capabilities":{"SSID":null,"linkDownBandwidthKbps":102400,"linkUpstreamBandwidthKbps":51200,"networkCapabilities":"NET_CAPABILITY_MMS,NET_CAPABILITY_SUPL,NET_CAPABILITY_DUN,NET_CAPABILITY_FOTA,NET_CAPABILITY_IMS,NET_CAPABILITY_CBS,NET_CAPABILITY_IA,NET_CAPABILITY_INTERNET,NET_CAPABILITY_NOT_RESTRICTED,NET_CAPABILITY_TRUSTED,NET_CAPABILITY_NOT_VPN,NET_CAPABILITY_VALIDATED","signalStrength":-2147483648,"transportTypes":"TRANSPORT_CELLULAR"},"detailedState":"CONNECTED","extraInfo":"epc.tmobile.com","isAvailable":true,"isConnected":true,"isFailover":false,"isRoaming":false,"state":"CONNECTED","subtype":13,"subtypeName":"LTE","type":0,"typeName":"MOBILE"},{"capabilities":{"SSID":null,"linkDownBandwidthKbps":1048576,"linkUpstreamBandwidt...
[debug] &amp#27;[35m[ADB]&amp#27;[39m Running 'C:\Users\saurabhsoni\AppData\Local\Android\Sdk\platform-tools\adb.exe -P 5037 -s emulator-5554 shell dumpsys window'
&amp#27;[35m[AndroidDriver]&amp#27;[39m Screen already unlocked, doing nothing
&amp#27;[35m[UiAutomator2]&amp#27;[39m Starting 'in.workindia.nileshdungarwal.workindiaandroid/.RegisterActivity and waiting for 'in.workindia.nileshdungarwal.workindiaandroid/.RegisterActivity'
[debug] &amp#27;[35m[ADB]&amp#27;[39m Running 'C:\Users\saurabhsoni\AppData\Local\Android\Sdk\platform-tools\adb.exe -P 5037 -s emulator-5554 shell am start -W -n in.workindia.nileshdungarwal.workindiaandroid/.RegisterActivity -S -a android.intent.action.MAIN -c android.intent.category.LAUNCHER -f 0x10200000'
[debug] &amp#27;[35m[WD Proxy]&amp#27;[39m Proxying [GET /appium/device/pixel_ratio] to [GET http://127.0.0.1:8200/wd/hub/session/eafaa695-2fd1-4fb5-9c6c-d1626c3063d6/appium/device/pixel_ratio] with no body
[debug] &amp#27;[35m[WD Proxy]&amp#27;[39m Got response with status 200: {"sessionId":"eafaa695-2fd1-4fb5-9c6c-d1626c3063d6","value":2.75}
[debug] &amp#27;[35m[WD Proxy]&amp#27;[39m Matched '/appium/device/system_bars' to command name 'getSystemBars'
[debug] &amp#27;[35m[WD Proxy]&amp#27;[39m Proxying [GET /appium/device/system_bars] to [GET http://127.0.0.1:8200/wd/hub/session/eafaa695-2fd1-4fb5-9c6c-d1626c3063d6/appium/device/system_bars] with no body
[debug] &amp#27;[35m[WD Proxy]&amp#27;[39m Got response with status 200: {"sessionId":"eafaa695-2fd1-4fb5-9c6c-d1626c3063d6","value":{"statusBar":66}}
[debug] &amp#27;[35m[WD Proxy]&amp#27;[39m Matched '/window/current/size' to command name 'getWindowSize'
[debug] &amp#27;[35m[WD Proxy]&amp#27;[39m Proxying [GET /window/current/size] to [GET http://127.0.0.1:8200/wd/hub/session/eafaa695-2fd1-4fb5-9c6c-d1626c3063d6/window/current/size] with no body
[debug] &amp#27;[35m[WD Proxy]&amp#27;[39m Got response with status 200: {"sessionId":"eafaa695-2fd1-4fb5-9c6c-d1626c3063d6","value":{"height":2028,"width":1080}}
&amp#27;[35m[Appium]&amp#27;[39m New AndroidUiautomator2Driver session created successfully, session 3d6e6c73-2c2a-411f-905f-ffaf107bfd44 added to master session list
[debug] &amp#27;[35m[BaseDriver]&amp#27;[39m Event 'newSessionStarted' logged at 1610628695670 (18:21:35 GMT+0530 (India Standard Time))
[debug] &amp#27;[35m[W3C (3d6e6c73)]&amp#27;[39m Cached the protocol value 'W3C' for the new session 3d6e6c73-2c2a-411f-905f-ffaf107bfd44
[debug] &amp#27;[35m[W3C (3d6e6c73)]&amp#27;[39m Responding to client with driver.createSession() result: {"capabilities":{"platform":"LINUX","webStorageEnabled":false,"takesScreenshot":true,"javascriptEnabled":true,"databaseEnabled":false,"networkConnectionEnabled":true,"locationContextEnabled":false,"warnings":{},"desired":{"platformName":"android","skipDeviceInitialization":true,"skipServerInstallation":false,"app":"./Resources/in.workindia.apk","appActivity":".RegisterActivity","appPackage":"in.workindia.nileshdungarwal.workindiaandroid","platformVersion":"8.1"},"platformName":"android","skipDeviceInitialization":true,"skipServerInstallation":false,"app":"./Resources/in.workindia.apk","appActivity":".RegisterActivity","appPackage":"in.workindia.nileshdungarwal.workindiaandroid","platformVersion":"8.1.0","deviceName":"emulator-5554","deviceUDID":"emulator-5554","deviceApiLevel":27,"deviceScreenSize":"1080x2160","deviceScreenDensity":440,"deviceModel":"Android SDK built for x86","deviceManufacturer":"Google","pixelRatio":2.75,"statBarHeight":66,"viewportRect":{"left":0,"top":66,"width":1080,"height":1962}}}
&amp#27;[35m[HTTP]&amp#27;[39m &amp#27;[37m<-- POST /wd/hub/session &amp#27;[39m&amp#27;[32m200&amp#27;[39m &amp#27;[90m9378 ms - 1081&amp#27;[39m
&amp#27;[35m[HTTP]&amp#27;[39m &amp#27;[90m&amp#27;[39m
&amp#27;[35m[HTTP]&amp#27;[39m &amp#27;[37m-->&amp#27;[39m &amp#27;[37mGET&amp#27;[39m &amp#27;[37m/wd/hub/session/3d6e6c73-2c2a-411f-905f-ffaf107bfd44&amp#27;[39m
&amp#27;[35m[HTTP]&amp#27;[39m &amp#27;[90m{}&amp#27;[39m
[debug] &amp#27;[35m[W3C (3d6e6c73)]&amp#27;[39m Calling AppiumDriver.getSession() with args: ["3d6e6c73-2c2a-411f-905f-ffaf107bfd44"]
[debug] &amp#27;[35m[UiAutomator2]&amp#27;[39m Getting session details from server to mix in
[debug] &amp#27;[35m[WD Proxy]&amp#27;[39m Matched '/' to command name 'getSession'
[debug] &amp#27;[35m[WD Proxy]&amp#27;[39m Proxying [GET /] to [GET http://127.0.0.1:8200/wd/hub/session/eafaa695-2fd1-4fb5-9c6c-d1626c3063d6] with no body
[debug] &amp#27;[35m[WD Proxy]&amp#27;[39m Got response with status 200: {"sessionId":"eafaa695-2fd1-4fb5-9c6c-d1626c3063d6","value":{"lastScrollData":null}}
[debug] &amp#27;[35m[W3C (3d6e6c73)]&amp#27;[39m Responding to client with driver.getSession() result: {"platform":"LINUX","webStorageEnabled":false,"takesScreenshot":true,"javascriptEnabled":true,"databaseEnabled":false,"networkConnectionEnabled":true,"locationContextEnabled":false,"warnings":{},"desired":{"platformName":"android","skipDeviceInitialization":true,"skipServerInstallation":false,"app":"./Resources/in.workindia.apk","appActivity":".RegisterActivity","appPackage":"in.workindia.nileshdungarwal.workindiaandroid","platformVersion":"8.1"},"platformName":"android","skipDeviceInitialization":true,"skipServerInstallation":false,"app":"./Resources/in.workindia.apk","appActivity":".RegisterActivity","appPackage":"in.workindia.nileshdungarwal.workindiaandroid","platformVersion":"8.1.0","deviceName":"emulator-5554","deviceUDID":"emulator-5554","deviceApiLevel":27,"deviceScreenSize":"1080x2160","deviceScreenDensity":440,"deviceModel":"Android SDK built for x86","deviceManufacturer":"Google","pixelRatio":2.75,"statBarHeight":66,"viewportRect":{"left":0,"top":66,"width":1080,"height":1962},"lastScrollData":n...
&amp#27;[35m[HTTP]&amp#27;[39m &amp#27;[37m<-- GET /wd/hub/session/3d6e6c73-2c2a-411f-905f-ffaf107bfd44 &amp#27;[39m&amp#27;[32m200&amp#27;[39m &amp#27;[90m20 ms - 1035&amp#27;[39m
&amp#27;[35m[HTTP]&amp#27;[39m &amp#27;[90m&amp#27;[39m
&amp#27;[35m[HTTP]&amp#27;[39m &amp#27;[37m-->&amp#27;[39m &amp#27;[37mGET&amp#27;[39m &amp#27;[37m/wd/hub/session/3d6e6c73-2c2a-411f-905f-ffaf107bfd44&amp#27;[39m
&amp#27;[35m[HTTP]&amp#27;[39m &amp#27;[90m{}&amp#27;[39m
[debug] &amp#27;[35m[W3C (3d6e6c73)]&amp#27;[39m Calling AppiumDriver.getSession() with args: ["3d6e6c73-2c2a-411f-905f-ffaf107bfd44"]
[debug] &amp#27;[35m[UiAutomator2]&amp#27;[39m Getting session details from server to mix in
[debug] &amp#27;[35m[WD Proxy]&amp#27;[39m Matched '/' to command name 'getSession'
[debug] &amp#27;[35m[WD Proxy]&amp#27;[39m Proxying [GET /] to [GET http://127.0.0.1:8200/wd/hub/session/eafaa695-2fd1-4fb5-9c6c-d1626c3063d6] with no body
[debug] &amp#27;[35m[WD Proxy]&amp#27;[39m Got response with status 200: {"sessionId":"eafaa695-2fd1-4fb5-9c6c-d1626c3063d6","value":{"lastScrollData":null}}
[debug] &amp#27;[35m[W3C (3d6e6c73)]&amp#27;[39m Responding to client with driver.getSession() result: {"platform":"LINUX","webStorageEnabled":false,"takesScreenshot":true,"javascriptEnabled":true,"databaseEnabled":false,"networkConnectionEnabled":true,"locationContextEnabled":false,"warnings":{},"desired":{"platformName":"android","skipDeviceInitialization":true,"skipServerInstallation":false,"app":"./Resources/in.workindia.apk","appActivity":".RegisterActivity","appPackage":"in.workindia.nileshdungarwal.workindiaandroid","platformVersion":"8.1"},"platformName":"android","skipDeviceInitialization":true,"skipServerInstallation":false,"app":"./Resources/in.workindia.apk","appActivity":".RegisterActivity","appPackage":"in.workindia.nileshdungarwal.workindiaandroid","platformVersion":"8.1.0","deviceName":"emulator-5554","deviceUDID":"emulator-5554","deviceApiLevel":27,"deviceScreenSize":"1080x2160","deviceScreenDensity":440,"deviceModel":"Android SDK built for x86","deviceManufacturer":"Google","pixelRatio":2.75,"statBarHeight":66,"viewportRect":{"left":0,"top":66,"width":1080,"height":1962},"lastScrollData":n...
&amp#27;[35m[HTTP]&amp#27;[39m &amp#27;[37m<-- GET /wd/hub/session/3d6e6c73-2c2a-411f-905f-ffaf107bfd44 &amp#27;[39m&amp#27;[32m200&amp#27;[39m &amp#27;[90m16 ms - 1035&amp#27;[39m
&amp#27;[35m[HTTP]&amp#27;[39m &amp#27;[90m&amp#27;[39m
&amp#27;[35m[HTTP]&amp#27;[39m &amp#27;[37m-->&amp#27;[39m &amp#27;[37mPOST&amp#27;[39m &amp#27;[37m/wd/hub/session/3d6e6c73-2c2a-411f-905f-ffaf107bfd44/timeouts&amp#27;[39m
&amp#27;[35m[HTTP]&amp#27;[39m &amp#27;[90m{"implicit":10000}&amp#27;[39m
[debug] &amp#27;[35m[W3C (3d6e6c73)]&amp#27;[39m Calling AppiumDriver.timeouts() with args: [null,null,null,null,10000,"3d6e6c73-2c2a-411f-905f-ffaf107bfd44"]
[debug] &amp#27;[35m[BaseDriver]&amp#27;[39m W3C timeout argument: {"implicit":10000}}
[debug] &amp#27;[35m[BaseDriver]&amp#27;[39m Set implicit wait to 10000ms
[debug] &amp#27;[35m[W3C (3d6e6c73)]&amp#27;[39m Responding to client with driver.timeouts() result: null
&amp#27;[35m[HTTP]&amp#27;[39m &amp#27;[37m<-- POST /wd/hub/session/3d6e6c73-2c2a-411f-905f-ffaf107bfd44/timeouts &amp#27;[39m&amp#27;[32m200&amp#27;[39m &amp#27;[90m3 ms - 14&amp#27;[39m
&amp#27;[35m[HTTP]&amp#27;[39m &amp#27;[90m&amp#27;[39m
&amp#27;[35m[HTTP]&amp#27;[39m &amp#27;[37m-->&amp#27;[39m &amp#27;[37mGET&amp#27;[39m &amp#27;[37m/wd/hub/session/3d6e6c73-2c2a-411f-905f-ffaf107bfd44&amp#27;[39m
&amp#27;[35m[HTTP]&amp#27;[39m &amp#27;[90m{}&amp#27;[39m
[debug] &amp#27;[35m[W3C (3d6e6c73)]&amp#27;[39m Calling AppiumDriver.getSession() with args: ["3d6e6c73-2c2a-411f-905f-ffaf107bfd44"]
[debug] &amp#27;[35m[UiAutomator2]&amp#27;[39m Getting session details from server to mix in
[debug] &amp#27;[35m[WD Proxy]&amp#27;[39m Matched '/' to command name 'getSession'
[debug] &amp#27;[35m[WD Proxy]&amp#27;[39m Proxying [GET /] to [GET http://127.0.0.1:8200/wd/hub/session/eafaa695-2fd1-4fb5-9c6c-d1626c3063d6] with no body
[debug] &amp#27;[35m[WD Proxy]&amp#27;[39m Got response with status 200: {"sessionId":"eafaa695-2fd1-4fb5-9c6c-d1626c3063d6","value":{"lastScrollData":null}}
[debug] &amp#27;[35m[W3C (3d6e6c73)]&amp#27;[39m Responding to client with driver.getSession() result: {"platform":"LINUX","webStorageEnabled":false,"takesScreenshot":true,"javascriptEnabled":true,"databaseEnabled":false,"networkConnectionEnabled":true,"locationContextEnabled":false,"warnings":{},"desired":{"platformName":"android","skipDeviceInitialization":true,"skipServerInstallation":false,"app":"./Resources/in.workindia.apk","appActivity":".RegisterActivity","appPackage":"in.workindia.nileshdungarwal.workindiaandroid","platformVersion":"8.1"},"platformName":"android","skipDeviceInitialization":true,"skipServerInstallation":false,"app":"./Resources/in.workindia.apk","appActivity":".RegisterActivity","appPackage":"in.workindia.nileshdungarwal.workindiaandroid","platformVersion":"8.1.0","deviceName":"emulator-5554","deviceUDID":"emulator-5554","deviceApiLevel":27,"deviceScreenSize":"1080x2160","deviceScreenDensity":440,"deviceModel":"Android SDK built for x86","deviceManufacturer":"Google","pixelRatio":2.75,"statBarHeight":66,"viewportRect":{"left":0,"top":66,"width":1080,"height":1962},"lastScrollData":n...
&amp#27;[35m[HTTP]&amp#27;[39m &amp#27;[37m<-- GET /wd/hub/session/3d6e6c73-2c2a-411f-905f-ffaf107bfd44 &amp#27;[39m&amp#27;[32m200&amp#27;[39m &amp#27;[90m21 ms - 1035&amp#27;[39m
&amp#27;[35m[HTTP]&amp#27;[39m &amp#27;[90m&amp#27;[39m
&amp#27;[35m[HTTP]&amp#27;[39m &amp#27;[37m-->&amp#27;[39m &amp#27;[37mGET&amp#27;[39m &amp#27;[37m/wd/hub/session/3d6e6c73-2c2a-411f-905f-ffaf107bfd44&amp#27;[39m
&amp#27;[35m[HTTP]&amp#27;[39m &amp#27;[90m{}&amp#27;[39m
[debug] &amp#27;[35m[W3C (3d6e6c73)]&amp#27;[39m Calling AppiumDriver.getSession() with args: ["3d6e6c73-2c2a-411f-905f-ffaf107bfd44"]
[debug] &amp#27;[35m[UiAutomator2]&amp#27;[39m Getting session details from server to mix in
[debug] &amp#27;[35m[WD Proxy]&amp#27;[39m Matched '/' to command name 'getSession'
[debug] &amp#27;[35m[WD Proxy]&amp#27;[39m Proxying [GET /] to [GET http://127.0.0.1:8200/wd/hub/session/eafaa695-2fd1-4fb5-9c6c-d1626c3063d6] with no body
[debug] &amp#27;[35m[WD Proxy]&amp#27;[39m Got response with status 200: {"sessionId":"eafaa695-2fd1-4fb5-9c6c-d1626c3063d6","value":{"lastScrollData":null}}
[debug] &amp#27;[35m[W3C (3d6e6c73)]&amp#27;[39m Responding to client with driver.getSession() result: {"platform":"LINUX","webStorageEnabled":false,"takesScreenshot":true,"javascriptEnabled":true,"databaseEnabled":false,"networkConnectionEnabled":true,"locationContextEnabled":false,"warnings":{},"desired":{"platformName":"android","skipDeviceInitialization":true,"skipServerInstallation":false,"app":"./Resources/in.workindia.apk","appActivity":".RegisterActivity","appPackage":"in.workindia.nileshdungarwal.workindiaandroid","platformVersion":"8.1"},"platformName":"android","skipDeviceInitialization":true,"skipServerInstallation":false,"app":"./Resources/in.workindia.apk","appActivity":".RegisterActivity","appPackage":"in.workindia.nileshdungarwal.workindiaandroid","platformVersion":"8.1.0","deviceName":"emulator-5554","deviceUDID":"emulator-5554","deviceApiLevel":27,"deviceScreenSize":"1080x2160","deviceScreenDensity":440,"deviceModel":"Android SDK built for x86","deviceManufacturer":"Google","pixelRatio":2.75,"statBarHeight":66,"viewportRect":{"left":0,"top":66,"width":1080,"height":1962},"lastScrollData":n...
&amp#27;[35m[HTTP]&amp#27;[39m &amp#27;[37m<-- GET /wd/hub/session/3d6e6c73-2c2a-411f-905f-ffaf107bfd44 &amp#27;[39m&amp#27;[32m200&amp#27;[39m &amp#27;[90m21 ms - 1035&amp#27;[39m
&amp#27;[35m[HTTP]&amp#27;[39m &amp#27;[90m&amp#27;[39m
&amp#27;[35m[HTTP]&amp#27;[39m &amp#27;[37m-->&amp#27;[39m &amp#27;[37mPOST&amp#27;[39m &amp#27;[37m/wd/hub/session/3d6e6c73-2c2a-411f-905f-ffaf107bfd44/element&amp#27;[39m
&amp#27;[35m[HTTP]&amp#27;[39m &amp#27;[90m{"using":"xpath","value":"//android.widget.FrameLayout/android.widget.LinearLayout/android.widget.FrameLayout/android.widget.LinearLayout/android.widget.TextView[1]"}&amp#27;[39m
[debug] &amp#27;[35m[W3C (3d6e6c73)]&amp#27;[39m Calling AppiumDriver.findElement() with args: ["xpath","//android.widget.FrameLayout/android.widget.LinearLayout/android.widget.FrameLayout/android.widget.LinearLayout/android.widget.TextView[1]","3d6e6c73-2c2a-411f-905f-ffaf107bfd44"]
[debug] &amp#27;[35m[BaseDriver]&amp#27;[39m Valid locator strategies for this request: xpath, id, class name, accessibility id, css selector, -android uiautomator
[debug] &amp#27;[35m[BaseDriver]&amp#27;[39m Waiting up to 10000 ms for condition
[debug] &amp#27;[35m[WD Proxy]&amp#27;[39m Matched '/element' to command name 'findElement'
[debug] &amp#27;[35m[WD Proxy]&amp#27;[39m Proxying [POST /element] to [POST http://127.0.0.1:8200/wd/hub/session/eafaa695-2fd1-4fb5-9c6c-d1626c3063d6/element] with body: {"strategy":"xpath","selector":"//android.widget.FrameLayout/android.widget.LinearLayout/android.widget.FrameLayout/android.widget.LinearLayout/android.widget.TextView[1]","context":"","multiple":false}
[debug] &amp#27;[35m[WD Proxy]&amp#27;[39m Got response with status 200: {"sessionId":"eafaa695-2fd1-4fb5-9c6c-d1626c3063d6","value":{"ELEMENT":"68adb16a-b58c-4848-8c6e-704caa2f6938","element-6066-11e4-a52e-4f735466cecf":"68adb16a-b58c-4848-8c6e-704caa2f6938"}}
[debug] &amp#27;[35m[W3C (3d6e6c73)]&amp#27;[39m Responding to client with driver.findElement() result: {"element-6066-11e4-a52e-4f735466cecf":"68adb16a-b58c-4848-8c6e-704caa2f6938","ELEMENT":"68adb16a-b58c-4848-8c6e-704caa2f6938"}
&amp#27;[35m[HTTP]&amp#27;[39m &amp#27;[37m<-- POST /wd/hub/session/3d6e6c73-2c2a-411f-905f-ffaf107bfd44/element &amp#27;[39m&amp#27;[32m200&amp#27;[39m &amp#27;[90m475 ms - 137&amp#27;[39m
&amp#27;[35m[HTTP]&amp#27;[39m &amp#27;[90m&amp#27;[39m
&amp#27;[35m[HTTP]&amp#27;[39m &amp#27;[37m-->&amp#27;[39m &amp#27;[37mGET&amp#27;[39m &amp#27;[37m/wd/hub/session/3d6e6c73-2c2a-411f-905f-ffaf107bfd44/element/68adb16a-b58c-4848-8c6e-704caa2f6938/text&amp#27;[39m
&amp#27;[35m[HTTP]&amp#27;[39m &amp#27;[90m{}&amp#27;[39m
&amp#27;[35m[W3C (3d6e6c73)]&amp#27;[39m Driver proxy active, passing request on via HTTP proxy
[debug] &amp#27;[35m[WD Proxy]&amp#27;[39m Matched '/wd/hub/session/3d6e6c73-2c2a-411f-905f-ffaf107bfd44/element/68adb16a-b58c-4848-8c6e-704caa2f6938/text' to command name 'getText'
[debug] &amp#27;[35m[WD Proxy]&amp#27;[39m Proxying [GET /wd/hub/session/3d6e6c73-2c2a-411f-905f-ffaf107bfd44/element/68adb16a-b58c-4848-8c6e-704caa2f6938/text] to [GET http://127.0.0.1:8200/wd/hub/session/eafaa695-2fd1-4fb5-9c6c-d1626c3063d6/element/68adb16a-b58c-4848-8c6e-704caa2f6938/text] with no body
[debug] &amp#27;[35m[WD Proxy]&amp#27;[39m Got response with status 200: {"sessionId":"eafaa695-2fd1-4fb5-9c6c-d1626c3063d6","value":"Job Search"}
&amp#27;[35m[WD Proxy]&amp#27;[39m Replacing sessionId eafaa695-2fd1-4fb5-9c6c-d1626c3063d6 with 3d6e6c73-2c2a-411f-905f-ffaf107bfd44
&amp#27;[35m[HTTP]&amp#27;[39m &amp#27;[37m<-- GET /wd/hub/session/3d6e6c73-2c2a-411f-905f-ffaf107bfd44/element/68adb16a-b58c-4848-8c6e-704caa2f6938/text &amp#27;[39m&amp#27;[32m200&amp#27;[39m &amp#27;[90m17 ms - 73&amp#27;[39m
&amp#27;[35m[HTTP]&amp#27;[39m &amp#27;[90m&amp#27;[39m
&amp#27;[35m[HTTP]&amp#27;[39m &amp#27;[37m-->&amp#27;[39m &amp#27;[37mGET&amp#27;[39m &amp#27;[37m/wd/hub/session/3d6e6c73-2c2a-411f-905f-ffaf107bfd44&amp#27;[39m
&amp#27;[35m[HTTP]&amp#27;[39m &amp#27;[90m{}&amp#27;[39m
[debug] &amp#27;[35m[W3C (3d6e6c73)]&amp#27;[39m Calling AppiumDriver.getSession() with args: ["3d6e6c73-2c2a-411f-905f-ffaf107bfd44"]
[debug] &amp#27;[35m[UiAutomator2]&amp#27;[39m Getting session details from server to mix in
[debug] &amp#27;[35m[WD Proxy]&amp#27;[39m Matched '/' to command name 'getSession'
[debug] &amp#27;[35m[WD Proxy]&amp#27;[39m Proxying [GET /] to [GET http://127.0.0.1:8200/wd/hub/session/eafaa695-2fd1-4fb5-9c6c-d1626c3063d6] with no body
[debug] &amp#27;[35m[WD Proxy]&amp#27;[39m Got response with status 200: {"sessionId":"eafaa695-2fd1-4fb5-9c6c-d1626c3063d6","value":{"lastScrollData":null}}
[debug] &amp#27;[35m[W3C (3d6e6c73)]&amp#27;[39m Responding to client with driver.getSession() result: {"platform":"LINUX","webStorageEnabled":false,"takesScreenshot":true,"javascriptEnabled":true,"databaseEnabled":false,"networkConnectionEnabled":true,"locationContextEnabled":false,"warnings":{},"desired":{"platformName":"android","skipDeviceInitialization":true,"skipServerInstallation":false,"app":"./Resources/in.workindia.apk","appActivity":".RegisterActivity","appPackage":"in.workindia.nileshdungarwal.workindiaandroid","platformVersion":"8.1"},"platformName":"android","skipDeviceInitialization":true,"skipServerInstallation":false,"app":"./Resources/in.workindia.apk","appActivity":".RegisterActivity","appPackage":"in.workindia.nileshdungarwal.workindiaandroid","platformVersion":"8.1.0","deviceName":"emulator-5554","deviceUDID":"emulator-5554","deviceApiLevel":27,"deviceScreenSize":"1080x2160","deviceScreenDensity":440,"deviceModel":"Android SDK built for x86","deviceManufacturer":"Google","pixelRatio":2.75,"statBarHeight":66,"viewportRect":{"left":0,"top":66,"width":1080,"height":1962},"lastScrollData":n...
&amp#27;[35m[HTTP]&amp#27;[39m &amp#27;[37m<-- GET /wd/hub/session/3d6e6c73-2c2a-411f-905f-ffaf107bfd44 &amp#27;[39m&amp#27;[32m200&amp#27;[39m &amp#27;[90m10 ms - 1035&amp#27;[39m
&amp#27;[35m[HTTP]&amp#27;[39m &amp#27;[90m&amp#27;[39m
&amp#27;[35m[HTTP]&amp#27;[39m &amp#27;[37m-->&amp#27;[39m &amp#27;[37mPOST&amp#27;[39m &amp#27;[37m/wd/hub/session/3d6e6c73-2c2a-411f-905f-ffaf107bfd44/element&amp#27;[39m
&amp#27;[35m[HTTP]&amp#27;[39m &amp#27;[90m{"using":"id","value":"in.workindia.nileshdungarwal.workindiaandroid:id/et_name"}&amp#27;[39m
[debug] &amp#27;[35m[W3C (3d6e6c73)]&amp#27;[39m Calling AppiumDriver.findElement() with args: ["id","in.workindia.nileshdungarwal.workindiaandroid:id/et_name","3d6e6c73-2c2a-411f-905f-ffaf107bfd44"]
[debug] &amp#27;[35m[BaseDriver]&amp#27;[39m Valid locator strategies for this request: xpath, id, class name, accessibility id, css selector, -android uiautomator
[debug] &amp#27;[35m[BaseDriver]&amp#27;[39m Waiting up to 10000 ms for condition
[debug] &amp#27;[35m[WD Proxy]&amp#27;[39m Matched '/element' to command name 'findElement'
[debug] &amp#27;[35m[WD Proxy]&amp#27;[39m Proxying [POST /element] to [POST http://127.0.0.1:8200/wd/hub/session/eafaa695-2fd1-4fb5-9c6c-d1626c3063d6/element] with body: {"strategy":"id","selector":"in.workindia.nileshdungarwal.workindiaandroid:id/et_name","context":"","multiple":false}
[debug] &amp#27;[35m[WD Proxy]&amp#27;[39m Got response with status 200: {"sessionId":"eafaa695-2fd1-4fb5-9c6c-d1626c3063d6","value":{"ELEMENT":"3ae2f6d8-05f0-4a41-a13b-34e580c6485c","element-6066-11e4-a52e-4f735466cecf":"3ae2f6d8-05f0-4a41-a13b-34e580c6485c"}}
[debug] &amp#27;[35m[W3C (3d6e6c73)]&amp#27;[39m Responding to client with driver.findElement() result: {"element-6066-11e4-a52e-4f735466cecf":"3ae2f6d8-05f0-4a41-a13b-34e580c6485c","ELEMENT":"3ae2f6d8-05f0-4a41-a13b-34e580c6485c"}
&amp#27;[35m[HTTP]&amp#27;[39m &amp#27;[37m<-- POST /wd/hub/session/3d6e6c73-2c2a-411f-905f-ffaf107bfd44/element &amp#27;[39m&amp#27;[32m200&amp#27;[39m &amp#27;[90m31 ms - 137&amp#27;[39m
&amp#27;[35m[HTTP]&amp#27;[39m &amp#27;[90m&amp#27;[39m
&amp#27;[35m[HTTP]&amp#27;[39m &amp#27;[37m-->&amp#27;[39m &amp#27;[37mPOST&amp#27;[39m &amp#27;[37m/wd/hub/session/3d6e6c73-2c2a-411f-905f-ffaf107bfd44/element/3ae2f6d8-05f0-4a41-a13b-34e580c6485c/value&amp#27;[39m
&amp#27;[35m[HTTP]&amp#27;[39m &amp#27;[90m{"id":"3ae2f6d8-05f0-4a41-a13b-34e580c6485c","text":"Sobhit","value":["S","o","b","h","i","t"]}&amp#27;[39m
[debug] &amp#27;[35m[W3C (3d6e6c73)]&amp#27;[39m Calling AppiumDriver.setValue() with args: [["S","o","b","h","i","t"],"3ae2f6d8-05f0-4a41-a13b-34e580c6485c","3d6e6c73-2c2a-411f-905f-ffaf107bfd44"]
[debug] &amp#27;[35m[WD Proxy]&amp#27;[39m Matched '/element/3ae2f6d8-05f0-4a41-a13b-34e580c6485c/value' to command name 'setValue'
[debug] &amp#27;[35m[Protocol Converter]&amp#27;[39m Added 'value' property ["S","o","b","h","i","t"] to 'setValue' request body
[debug] &amp#27;[35m[WD Proxy]&amp#27;[39m Proxying [POST /element/3ae2f6d8-05f0-4a41-a13b-34e580c6485c/value] to [POST http://127.0.0.1:8200/wd/hub/session/eafaa695-2fd1-4fb5-9c6c-d1626c3063d6/element/3ae2f6d8-05f0-4a41-a13b-34e580c6485c/value] with body: {"elementId":"3ae2f6d8-05f0-4a41-a13b-34e580c6485c","text":"Sobhit","replace":false,"value":["S","o","b","h","i","t"]}
[debug] &amp#27;[35m[WD Proxy]&amp#27;[39m Got response with status 200: {"sessionId":"eafaa695-2fd1-4fb5-9c6c-d1626c3063d6","value":null}
[debug] &amp#27;[35m[W3C (3d6e6c73)]&amp#27;[39m Responding to client with driver.setValue() result: null
&amp#27;[35m[HTTP]&amp#27;[39m &amp#27;[37m<-- POST /wd/hub/session/3d6e6c73-2c2a-411f-905f-ffaf107bfd44/element/3ae2f6d8-05f0-4a41-a13b-34e580c6485c/value &amp#27;[39m&amp#27;[32m200&amp#27;[39m &amp#27;[90m64 ms - 14&amp#27;[39m
&amp#27;[35m[HTTP]&amp#27;[39m &amp#27;[90m&amp#27;[39m
&amp#27;[35m[HTTP]&amp#27;[39m &amp#27;[37m-->&amp#27;[39m &amp#27;[37mGET&amp#27;[39m &amp#27;[37m/wd/hub/session/3d6e6c73-2c2a-411f-905f-ffaf107bfd44&amp#27;[39m
&amp#27;[35m[HTTP]&amp#27;[39m &amp#27;[90m{}&amp#27;[39m
[debug] &amp#27;[35m[W3C (3d6e6c73)]&amp#27;[39m Calling AppiumDriver.getSession() with args: ["3d6e6c73-2c2a-411f-905f-ffaf107bfd44"]
[debug] &amp#27;[35m[UiAutomator2]&amp#27;[39m Getting session details from server to mix in
[debug] &amp#27;[35m[WD Proxy]&amp#27;[39m Matched '/' to command name 'getSession'
[debug] &amp#27;[35m[WD Proxy]&amp#27;[39m Proxying [GET /] to [GET http://127.0.0.1:8200/wd/hub/session/eafaa695-2fd1-4fb5-9c6c-d1626c3063d6] with no body
[debug] &amp#27;[35m[WD Proxy]&amp#27;[39m Got response with status 200: {"sessionId":"eafaa695-2fd1-4fb5-9c6c-d1626c3063d6","value":{"lastScrollData":null}}
[debug] &amp#27;[35m[W3C (3d6e6c73)]&amp#27;[39m Responding to client with driver.getSession() result: {"platform":"LINUX","webStorageEnabled":false,"takesScreenshot":true,"javascriptEnabled":true,"databaseEnabled":false,"networkConnectionEnabled":true,"locationContextEnabled":false,"warnings":{},"desired":{"platformName":"android","skipDeviceInitialization":true,"skipServerInstallation":false,"app":"./Resources/in.workindia.apk","appActivity":".RegisterActivity","appPackage":"in.workindia.nileshdungarwal.workindiaandroid","platformVersion":"8.1"},"platformName":"android","skipDeviceInitialization":true,"skipServerInstallation":false,"app":"./Resources/in.workindia.apk","appActivity":".RegisterActivity","appPackage":"in.workindia.nileshdungarwal.workindiaandroid","platformVersion":"8.1.0","deviceName":"emulator-5554","deviceUDID":"emulator-5554","deviceApiLevel":27,"deviceScreenSize":"1080x2160","deviceScreenDensity":440,"deviceModel":"Android SDK built for x86","deviceManufacturer":"Google","pixelRatio":2.75,"statBarHeight":66,"viewportRect":{"left":0,"top":66,"width":1080,"height":1962},"lastScrollData":n...
&amp#27;[35m[HTTP]&amp#27;[39m &amp#27;[37m<-- GET /wd/hub/session/3d6e6c73-2c2a-411f-905f-ffaf107bfd44 &amp#27;[39m&amp#27;[32m200&amp#27;[39m &amp#27;[90m13 ms - 1035&amp#27;[39m
&amp#27;[35m[HTTP]&amp#27;[39m &amp#27;[90m&amp#27;[39m
&amp#27;[35m[HTTP]&amp#27;[39m &amp#27;[37m-->&amp#27;[39m &amp#27;[37mPOST&amp#27;[39m &amp#27;[37m/wd/hub/session/3d6e6c73-2c2a-411f-905f-ffaf107bfd44/element&amp#27;[39m
&amp#27;[35m[HTTP]&amp#27;[39m &amp#27;[90m{"using":"id","value":"in.workindia.nileshdungarwal.workindiaandroid:id/et_number"}&amp#27;[39m
[debug] &amp#27;[35m[W3C (3d6e6c73)]&amp#27;[39m Calling AppiumDriver.findElement() with args: ["id","in.workindia.nileshdungarwal.workindiaandroid:id/et_number","3d6e6c73-2c2a-411f-905f-ffaf107bfd44"]
[debug] &amp#27;[35m[BaseDriver]&amp#27;[39m Valid locator strategies for this request: xpath, id, class name, accessibility id, css selector, -android uiautomator
[debug] &amp#27;[35m[BaseDriver]&amp#27;[39m Waiting up to 10000 ms for condition
[debug] &amp#27;[35m[WD Proxy]&amp#27;[39m Matched '/element' to command name 'findElement'
[debug] &amp#27;[35m[WD Proxy]&amp#27;[39m Proxying [POST /element] to [POST http://127.0.0.1:8200/wd/hub/session/eafaa695-2fd1-4fb5-9c6c-d1626c3063d6/element] with body: {"strategy":"id","selector":"in.workindia.nileshdungarwal.workindiaandroid:id/et_number","context":"","multiple":false}
[debug] &amp#27;[35m[WD Proxy]&amp#27;[39m Got response with status 200: {"sessionId":"eafaa695-2fd1-4fb5-9c6c-d1626c3063d6","value":{"ELEMENT":"009a911a-3c0c-4e6c-a791-daf49b651852","element-6066-11e4-a52e-4f735466cecf":"009a911a-3c0c-4e6c-a791-daf49b651852"}}
[debug] &amp#27;[35m[W3C (3d6e6c73)]&amp#27;[39m Responding to client with driver.findElement() result: {"element-6066-11e4-a52e-4f735466cecf":"009a911a-3c0c-4e6c-a791-daf49b651852","ELEMENT":"009a911a-3c0c-4e6c-a791-daf49b651852"}
&amp#27;[35m[HTTP]&amp#27;[39m &amp#27;[37m<-- POST /wd/hub/session/3d6e6c73-2c2a-411f-905f-ffaf107bfd44/element &amp#27;[39m&amp#27;[32m200&amp#27;[39m &amp#27;[90m494 ms - 137&amp#27;[39m
&amp#27;[35m[HTTP]&amp#27;[39m &amp#27;[90m&amp#27;[39m
&amp#27;[35m[HTTP]&amp#27;[39m &amp#27;[37m-->&amp#27;[39m &amp#27;[37mPOST&amp#27;[39m &amp#27;[37m/wd/hub/session/3d6e6c73-2c2a-411f-905f-ffaf107bfd44/element/009a911a-3c0c-4e6c-a791-daf49b651852/value&amp#27;[39m
&amp#27;[35m[HTTP]&amp#27;[39m &amp#27;[90m{"id":"009a911a-3c0c-4e6c-a791-daf49b651852","text":"1234567890","value":["1","2","3","4","5","6","7","8","9","0"]}&amp#27;[39m
[debug] &amp#27;[35m[W3C (3d6e6c73)]&amp#27;[39m Calling AppiumDriver.setValue() with args: [["1","2","3","4","5","6","7","8","9","0"],"009a911a-3c0c-4e6c-a791-daf49b651852","3d6e6c73-2c2a-411f-905f-ffaf107bfd44"]
[debug] &amp#27;[35m[WD Proxy]&amp#27;[39m Matched '/element/009a911a-3c0c-4e6c-a791-daf49b651852/value' to command name 'setValue'
[debug] &amp#27;[35m[Protocol Converter]&amp#27;[39m Added 'value' property ["1","2","3","4","5","6","7","8","9","0"] to 'setValue' request body
[debug] &amp#27;[35m[WD Proxy]&amp#27;[39m Proxying [POST /element/009a911a-3c0c-4e6c-a791-daf49b651852/value] to [POST http://127.0.0.1:8200/wd/hub/session/eafaa695-2fd1-4fb5-9c6c-d1626c3063d6/element/009a911a-3c0c-4e6c-a791-daf49b651852/value] with body: {"elementId":"009a911a-3c0c-4e6c-a791-daf49b651852","text":"1234567890","replace":false,"value":["1","2","3","4","5","6","7","8","9","0"]}
[debug] &amp#27;[35m[WD Proxy]&amp#27;[39m Got response with status 200: {"sessionId":"eafaa695-2fd1-4fb5-9c6c-d1626c3063d6","value":null}
[debug] &amp#27;[35m[W3C (3d6e6c73)]&amp#27;[39m Responding to client with driver.setValue() result: null
&amp#27;[35m[HTTP]&amp#27;[39m &amp#27;[37m<-- POST /wd/hub/session/3d6e6c73-2c2a-411f-905f-ffaf107bfd44/element/009a911a-3c0c-4e6c-a791-daf49b651852/value &amp#27;[39m&amp#27;[32m200&amp#27;[39m &amp#27;[90m28 ms - 14&amp#27;[39m
&amp#27;[35m[HTTP]&amp#27;[39m &amp#27;[90m&amp#27;[39m
&amp#27;[35m[HTTP]&amp#27;[39m &amp#27;[37m-->&amp#27;[39m &amp#27;[37mGET&amp#27;[39m &amp#27;[37m/wd/hub/session/3d6e6c73-2c2a-411f-905f-ffaf107bfd44&amp#27;[39m
&amp#27;[35m[HTTP]&amp#27;[39m &amp#27;[90m{}&amp#27;[39m
[debug] &amp#27;[35m[W3C (3d6e6c73)]&amp#27;[39m Calling AppiumDriver.getSession() with args: ["3d6e6c73-2c2a-411f-905f-ffaf107bfd44"]
[debug] &amp#27;[35m[UiAutomator2]&amp#27;[39m Getting session details from server to mix in
[debug] &amp#27;[35m[WD Proxy]&amp#27;[39m Matched '/' to command name 'getSession'
[debug] &amp#27;[35m[WD Proxy]&amp#27;[39m Proxying [GET /] to [GET http://127.0.0.1:8200/wd/hub/session/eafaa695-2fd1-4fb5-9c6c-d1626c3063d6] with no body
[debug] &amp#27;[35m[WD Proxy]&amp#27;[39m Got response with status 200: {"sessionId":"eafaa695-2fd1-4fb5-9c6c-d1626c3063d6","value":{"lastScrollData":null}}
[debug] &amp#27;[35m[W3C (3d6e6c73)]&amp#27;[39m Responding to client with driver.getSession() result: {"platform":"LINUX","webStorageEnabled":false,"takesScreenshot":true,"javascriptEnabled":true,"databaseEnabled":false,"networkConnectionEnabled":true,"locationContextEnabled":false,"warnings":{},"desired":{"platformName":"android","skipDeviceInitialization":true,"skipServerInstallation":false,"app":"./Resources/in.workindia.apk","appActivity":".RegisterActivity","appPackage":"in.workindia.nileshdungarwal.workindiaandroid","platformVersion":"8.1"},"platformName":"android","skipDeviceInitialization":true,"skipServerInstallation":false,"app":"./Resources/in.workindia.apk","appActivity":".RegisterActivity","appPackage":"in.workindia.nileshdungarwal.workindiaandroid","platformVersion":"8.1.0","deviceName":"emulator-5554","deviceUDID":"emulator-5554","deviceApiLevel":27,"deviceScreenSize":"1080x2160","deviceScreenDensity":440,"deviceModel":"Android SDK built for x86","deviceManufacturer":"Google","pixelRatio":2.75,"statBarHeight":66,"viewportRect":{"left":0,"top":66,"width":1080,"height":1962},"lastScrollData":n...
&amp#27;[35m[HTTP]&amp#27;[39m &amp#27;[37m<-- GET /wd/hub/session/3d6e6c73-2c2a-411f-905f-ffaf107bfd44 &amp#27;[39m&amp#27;[32m200&amp#27;[39m &amp#27;[90m22 ms - 1035&amp#27;[39m
&amp#27;[35m[HTTP]&amp#27;[39m &amp#27;[90m&amp#27;[39m
&amp#27;[35m[HTTP]&amp#27;[39m &amp#27;[37m-->&amp#27;[39m &amp#27;[37mGET&amp#27;[39m &amp#27;[37m/wd/hub/session/3d6e6c73-2c2a-411f-905f-ffaf107bfd44&amp#27;[39m
&amp#27;[35m[HTTP]&amp#27;[39m &amp#27;[90m{}&amp#27;[39m
[debug] &amp#27;[35m[W3C (3d6e6c73)]&amp#27;[39m Calling AppiumDriver.getSession() with args: ["3d6e6c73-2c2a-411f-905f-ffaf107bfd44"]
[debug] &amp#27;[35m[UiAutomator2]&amp#27;[39m Getting session details from server to mix in
[debug] &amp#27;[35m[WD Proxy]&amp#27;[39m Matched '/' to command name 'getSession'
[debug] &amp#27;[35m[WD Proxy]&amp#27;[39m Proxying [GET /] to [GET http://127.0.0.1:8200/wd/hub/session/eafaa695-2fd1-4fb5-9c6c-d1626c3063d6] with no body
[debug] &amp#27;[35m[WD Proxy]&amp#27;[39m Got response with status 200: {"sessionId":"eafaa695-2fd1-4fb5-9c6c-d1626c3063d6","value":{"lastScrollData":null}}
[debug] &amp#27;[35m[W3C (3d6e6c73)]&amp#27;[39m Responding to client with driver.getSession() result: {"platform":"LINUX","webStorageEnabled":false,"takesScreenshot":true,"javascriptEnabled":true,"databaseEnabled":false,"networkConnectionEnabled":true,"locationContextEnabled":false,"warnings":{},"desired":{"platformName":"android","skipDeviceInitialization":true,"skipServerInstallation":false,"app":"./Resources/in.workindia.apk","appActivity":".RegisterActivity","appPackage":"in.workindia.nileshdungarwal.workindiaandroid","platformVersion":"8.1"},"platformName":"android","skipDeviceInitialization":true,"skipServerInstallation":false,"app":"./Resources/in.workindia.apk","appActivity":".RegisterActivity","appPackage":"in.workindia.nileshdungarwal.workindiaandroid","platformVersion":"8.1.0","deviceName":"emulator-5554","deviceUDID":"emulator-5554","deviceApiLevel":27,"deviceScreenSize":"1080x2160","deviceScreenDensity":440,"deviceModel":"Android SDK built for x86","deviceManufacturer":"Google","pixelRatio":2.75,"statBarHeight":66,"viewportRect":{"left":0,"top":66,"width":1080,"height":1962},"lastScrollData":n...
&amp#27;[35m[HTTP]&amp#27;[39m &amp#27;[37m<-- GET /wd/hub/session/3d6e6c73-2c2a-411f-905f-ffaf107bfd44 &amp#27;[39m&amp#27;[32m200&amp#27;[39m &amp#27;[90m11 ms - 1035&amp#27;[39m
&amp#27;[35m[HTTP]&amp#27;[39m &amp#27;[90m&amp#27;[39m
&amp#27;[35m[HTTP]&amp#27;[39m &amp#27;[37m-->&amp#27;[39m &amp#27;[37mGET&amp#27;[39m &amp#27;[37m/wd/hub/session/3d6e6c73-2c2a-411f-905f-ffaf107bfd44&amp#27;[39m
&amp#27;[35m[HTTP]&amp#27;[39m &amp#27;[90m{}&amp#27;[39m
[debug] &amp#27;[35m[W3C (3d6e6c73)]&amp#27;[39m Calling AppiumDriver.getSession() with args: ["3d6e6c73-2c2a-411f-905f-ffaf107bfd44"]
[debug] &amp#27;[35m[UiAutomator2]&amp#27;[39m Getting session details from server to mix in
[debug] &amp#27;[35m[WD Proxy]&amp#27;[39m Matched '/' to command name 'getSession'
[debug] &amp#27;[35m[WD Proxy]&amp#27;[39m Proxying [GET /] to [GET http://127.0.0.1:8200/wd/hub/session/eafaa695-2fd1-4fb5-9c6c-d1626c3063d6] with no body
[debug] &amp#27;[35m[WD Proxy]&amp#27;[39m Got response with status 200: {"sessionId":"eafaa695-2fd1-4fb5-9c6c-d1626c3063d6","value":{"lastScrollData":null}}
[debug] &amp#27;[35m[W3C (3d6e6c73)]&amp#27;[39m Responding to client with driver.getSession() result: {"platform":"LINUX","webStorageEnabled":false,"takesScreenshot":true,"javascriptEnabled":true,"databaseEnabled":false,"networkConnectionEnabled":true,"locationContextEnabled":false,"warnings":{},"desired":{"platformName":"android","skipDeviceInitialization":true,"skipServerInstallation":false,"app":"./Resources/in.workindia.apk","appActivity":".RegisterActivity","appPackage":"in.workindia.nileshdungarwal.workindiaandroid","platformVersion":"8.1"},"platformName":"android","skipDeviceInitialization":true,"skipServerInstallation":false,"app":"./Resources/in.workindia.apk","appActivity":".RegisterActivity","appPackage":"in.workindia.nileshdungarwal.workindiaandroid","platformVersion":"8.1.0","deviceName":"emulator-5554","deviceUDID":"emulator-5554","deviceApiLevel":27,"deviceScreenSize":"1080x2160","deviceScreenDensity":440,"deviceModel":"Android SDK built for x86","deviceManufacturer":"Google","pixelRatio":2.75,"statBarHeight":66,"viewportRect":{"left":0,"top":66,"width":1080,"height":1962},"lastScrollData":n...
&amp#27;[35m[HTTP]&amp#27;[39m &amp#27;[37m<-- GET /wd/hub/session/3d6e6c73-2c2a-411f-905f-ffaf107bfd44 &amp#27;[39m&amp#27;[32m200&amp#27;[39m &amp#27;[90m19 ms - 1035&amp#27;[39m
&amp#27;[35m[HTTP]&amp#27;[39m &amp#27;[90m&amp#27;[39m
&amp#27;[35m[HTTP]&amp#27;[39m &amp#27;[37m-->&amp#27;[39m &amp#27;[37mPOST&amp#27;[39m &amp#27;[37m/wd/hub/session/3d6e6c73-2c2a-411f-905f-ffaf107bfd44/element&amp#27;[39m
&amp#27;[35m[HTTP]&amp#27;[39m &amp#27;[90m{"using":"id","value":"in.workindia.nileshdungarwal.workindiaandroid:id/btn_submit"}&amp#27;[39m
[debug] &amp#27;[35m[W3C (3d6e6c73)]&amp#27;[39m Calling AppiumDriver.findElement() with args: ["id","in.workindia.nileshdungarwal.workindiaandroid:id/btn_submit","3d6e6c73-2c2a-411f-905f-ffaf107bfd44"]
[debug] &amp#27;[35m[BaseDriver]&amp#27;[39m Valid locator strategies for this request: xpath, id, class name, accessibility id, css selector, -android uiautomator
[debug] &amp#27;[35m[BaseDriver]&amp#27;[39m Waiting up to 10000 ms for condition
[debug] &amp#27;[35m[WD Proxy]&amp#27;[39m Matched '/element' to command name 'findElement'
[debug] &amp#27;[35m[WD Proxy]&amp#27;[39m Proxying [POST /element] to [POST http://127.0.0.1:8200/wd/hub/session/eafaa695-2fd1-4fb5-9c6c-d1626c3063d6/element] with body: {"strategy":"id","selector":"in.workindia.nileshdungarwal.workindiaandroid:id/btn_submit","context":"","multiple":false}
[debug] &amp#27;[35m[WD Proxy]&amp#27;[39m Got response with status 200: {"sessionId":"eafaa695-2fd1-4fb5-9c6c-d1626c3063d6","value":{"ELEMENT":"ebbc560a-41a4-4873-b510-2bccf0462d49","element-6066-11e4-a52e-4f735466cecf":"ebbc560a-41a4-4873-b510-2bccf0462d49"}}
[debug] &amp#27;[35m[W3C (3d6e6c73)]&amp#27;[39m Responding to client with driver.findElement() result: {"element-6066-11e4-a52e-4f735466cecf":"ebbc560a-41a4-4873-b510-2bccf0462d49","ELEMENT":"ebbc560a-41a4-4873-b510-2bccf0462d49"}
&amp#27;[35m[HTTP]&amp#27;[39m &amp#27;[37m<-- POST /wd/hub/session/3d6e6c73-2c2a-411f-905f-ffaf107bfd44/element &amp#27;[39m&amp#27;[32m200&amp#27;[39m &amp#27;[90m729 ms - 137&amp#27;[39m
&amp#27;[35m[HTTP]&amp#27;[39m &amp#27;[90m&amp#27;[39m
&amp#27;[35m[HTTP]&amp#27;[39m &amp#27;[37m-->&amp#27;[39m &amp#27;[37mPOST&amp#27;[39m &amp#27;[37m/wd/hub/session/3d6e6c73-2c2a-411f-905f-ffaf107bfd44/element/ebbc560a-41a4-4873-b510-2bccf0462d49/click&amp#27;[39m
&amp#27;[35m[HTTP]&amp#27;[39m &amp#27;[90m{"id":"ebbc560a-41a4-4873-b510-2bccf0462d49"}&amp#27;[39m
[debug] &amp#27;[35m[W3C (3d6e6c73)]&amp#27;[39m Calling AppiumDriver.click() with args: ["ebbc560a-41a4-4873-b510-2bccf0462d49","3d6e6c73-2c2a-411f-905f-ffaf107bfd44"]
[debug] &amp#27;[35m[WD Proxy]&amp#27;[39m Matched '/element/ebbc560a-41a4-4873-b510-2bccf0462d49/click' to command name 'click'
[debug] &amp#27;[35m[WD Proxy]&amp#27;[39m Proxying [POST /element/ebbc560a-41a4-4873-b510-2bccf0462d49/click] to [POST http://127.0.0.1:8200/wd/hub/session/eafaa695-2fd1-4fb5-9c6c-d1626c3063d6/element/ebbc560a-41a4-4873-b510-2bccf0462d49/click] with body: {"element":"ebbc560a-41a4-4873-b510-2bccf0462d49"}
[debug] &amp#27;[35m[WD Proxy]&amp#27;[39m Got response with status 200: {"sessionId":"eafaa695-2fd1-4fb5-9c6c-d1626c3063d6","value":null}
[debug] &amp#27;[35m[W3C (3d6e6c73)]&amp#27;[39m Responding to client with driver.click() result: null
&amp#27;[35m[HTTP]&amp#27;[39m &amp#27;[37m<-- POST /wd/hub/session/3d6e6c73-2c2a-411f-905f-ffaf107bfd44/element/ebbc560a-41a4-4873-b510-2bccf0462d49/click &amp#27;[39m&amp#27;[32m200&amp#27;[39m &amp#27;[90m25 ms - 14&amp#27;[39m
&amp#27;[35m[HTTP]&amp#27;[39m &amp#27;[90m&amp#27;[39m
&amp#27;[35m[HTTP]&amp#27;[39m &amp#27;[37m-->&amp#27;[39m &amp#27;[37mPOST&amp#27;[39m &amp#27;[37m/wd/hub/session/3d6e6c73-2c2a-411f-905f-ffaf107bfd44/timeouts&amp#27;[39m
&amp#27;[35m[HTTP]&amp#27;[39m &amp#27;[90m{"implicit":50000}&amp#27;[39m
[debug] &amp#27;[35m[W3C (3d6e6c73)]&amp#27;[39m Calling AppiumDriver.timeouts() with args: [null,null,null,null,50000,"3d6e6c73-2c2a-411f-905f-ffaf107bfd44"]
[debug] &amp#27;[35m[BaseDriver]&amp#27;[39m W3C timeout argument: {"implicit":50000}}
[debug] &amp#27;[35m[BaseDriver]&amp#27;[39m Set implicit wait to 50000ms
[debug] &amp#27;[35m[W3C (3d6e6c73)]&amp#27;[39m Responding to client with driver.timeouts() result: null
&amp#27;[35m[HTTP]&amp#27;[39m &amp#27;[37m<-- POST /wd/hub/session/3d6e6c73-2c2a-411f-905f-ffaf107bfd44/timeouts &amp#27;[39m&amp#27;[32m200&amp#27;[39m &amp#27;[90m3 ms - 14&amp#27;[39m
&amp#27;[35m[HTTP]&amp#27;[39m &amp#27;[90m&amp#27;[39m
&amp#27;[35m[HTTP]&amp#27;[39m &amp#27;[37m-->&amp#27;[39m &amp#27;[37mDELETE&amp#27;[39m &amp#27;[37m/wd/hub/session/3d6e6c73-2c2a-411f-905f-ffaf107bfd44&amp#27;[39m
&amp#27;[35m[HTTP]&amp#27;[39m &amp#27;[90m{}&amp#27;[39m
[debug] &amp#27;[35m[W3C (3d6e6c73)]&amp#27;[39m Calling AppiumDriver.deleteSession() with args: ["3d6e6c73-2c2a-411f-905f-ffaf107bfd44"]
[debug] &amp#27;[35m[BaseDriver]&amp#27;[39m Event 'quitSessionRequested' logged at 1610628697793 (18:21:37 GMT+0530 (India Standard Time))
&amp#27;[35m[Appium]&amp#27;[39m Removing session 3d6e6c73-2c2a-411f-905f-ffaf107bfd44 from our master session list
[debug] &amp#27;[35m[UiAutomator2]&amp#27;[39m Deleting UiAutomator2 session
[debug] &amp#27;[35m[UiAutomator2]&amp#27;[39m Deleting UiAutomator2 server session
[debug] &amp#27;[35m[WD Proxy]&amp#27;[39m Matched '/' to command name 'deleteSession'
[debug] &amp#27;[35m[WD Proxy]&amp#27;[39m Proxying [DELETE /] to [DELETE http://127.0.0.1:8200/wd/hub/session/eafaa695-2fd1-4fb5-9c6c-d1626c3063d6] with no body
[debug] &amp#27;[35m[WD Proxy]&amp#27;[39m Got response with status 200: {"sessionId":"eafaa695-2fd1-4fb5-9c6c-d1626c3063d6","value":null}
[debug] &amp#27;[35m[ADB]&amp#27;[39m Running 'C:\Users\saurabhsoni\AppData\Local\Android\Sdk\platform-tools\adb.exe -P 5037 -s emulator-5554 shell am force-stop in.workindia.nileshdungarwal.workindiaandroid'
[debug] &amp#27;[35m[Logcat]&amp#27;[39m Stopping logcat capture
[debug] &amp#27;[35m[ADB]&amp#27;[39m Removing forwarded port socket connection: 8200 
[debug] &amp#27;[35m[ADB]&amp#27;[39m Running 'C:\Users\saurabhsoni\AppData\Local\Android\Sdk\platform-tools\adb.exe -P 5037 -s emulator-5554 forward --remove tcp:8200'
[debug] &amp#27;[35m[BaseDriver]&amp#27;[39m Event 'quitSessionFinished' logged at 1610628697927 (18:21:37 GMT+0530 (India Standard Time))
[debug] &amp#27;[35m[W3C (3d6e6c73)]&amp#27;[39m Received response: null
[debug] &amp#27;[35m[W3C (3d6e6c73)]&amp#27;[39m But deleting session, so not returning
[debug] &amp#27;[35m[W3C (3d6e6c73)]&amp#27;[39m Responding to client with driver.deleteSession() result: null
[debug] &amp#27;[35m[W3C (3d6e6c73)]&amp#27;[39m Destroying socket connection

&amp#27;[35m[HTTP]&amp#27;[39m &amp#27;[37m<-- DELETE /wd/hub/s  @tag1
ession/3d6e6c73-2c2a-411f-905f-ffaf1  Scenario Outline: User with enter Name and the Mobile Number in to the Application # Registration.feature:15
07bfd44 &amp#27;[39m&amp#27;[32m200&amp#27;[39m &amp#27;[90m137 m    Given User has already on Registration page                                      # RegistrationStepDef.user_has_already_on_Registration_page()
s - 14&amp#27;[39m
&amp#27;[35m[    When User enter the "Sobhit" and "1234567890"                                    # RegistrationStepDef.user_enter_the_and(String,String)
HTTP]&amp#27;[39m &amp#27;[90m&amp#27;[39m
    And User click on Submit button                                                  # RegistrationStepDef.user_click_on_Submit_button()
    Then User should move to Next Registration Page                                  # RegistrationStepDef.user_should_move_to_Next_Registration_Page()

  @tag2
  Scenario Outline: Further Details of Registration  # Registration.feature:20
    When User enter the "<Name>" and "<PhoneNumber>"
    And User click on Submit button
    Given User should be on Choose City Page
    When User select DELHI
    Then User enter Area "<Area_name>"
    Then User click on the Submit button
    Then User should be moved to next Page

    Examples: 
&amp#27;[35m[HTTP]&amp#27;[39m &amp#27;[37m-->&amp#27;[39m &amp#27;[37mPOST&amp#27;[39m &amp#27;[37m/wd/hub/session&amp#27;[39m
&amp#27;[35m[HTTP]&amp#27;[39m &amp#27;[90m{"desiredCapabilities":{"app":"./Resources/in.workindia.apk","appActivity":".RegisterActivity","appPackage":"in.workindia.nileshdungarwal.workindiaandroid","platformVersion":"8.1","skipDeviceInitialization":"true","skipServerInstallation":"false","platformName":"Android"},"capabilities":{"alwaysMatch":{"appium:app":"./Resources/in.workindia.apk","appium:appActivity":".RegisterActivity","appium:appPackage":"in.workindia.nileshdungarwal.workindiaandroid","platformName":"android","appium:platformVersion":"8.1","skipDeviceInitialization":"true","skipServerInstallation":"false"},"firstMatch":[{}]}}&amp#27;[39m
[debug] &amp#27;[35m[W3C]&amp#27;[39m Calling AppiumDriver.createSession() with args: [{"app":"./Resources/in.workindia.apk","appActivity":".RegisterActivity","appPackage":"in.workindia.nileshdungarwal.workindiaandroid","platformVersion":"8.1","skipDeviceInitialization":"true","skipServerInstallation":"false","platformName":"Android"},null,{"alwaysMatch":{"appium:app":"./Resources/in.workindia.apk","appium:appActivity":".RegisterActivity","appium:appPackage":"in.workindia.nileshdungarwal.workindiaandroid","platformName":"android","appium:platformVersion":"8.1","skipDeviceInitialization":"true","skipServerInstallation":"false"},"firstMatch":[{}]}]
[debug] &amp#27;[35m[BaseDriver]&amp#27;[39m Event 'newSessionRequested' logged at 1610628697951 (18:21:37 GMT+0530 (India Standard Time))
&amp#27;[35m[BaseDriver]&amp#27;[39m The following capabilities are not standard capabilities and should have an extension prefix:
&amp#27;[35m[BaseDriver]&amp#27;[39m   skipDeviceInitialization
&amp#27;[35m[BaseDriver]&amp#27;[39m   skipServerInstallation
&amp#27;[35m[Appium]&amp#27;[39m 
&amp#27;[35m[Appium]&amp#27;[39m ======================================================================
&amp#27;[35m[Appium]&amp#27;[39m   DEPRECATION WARNING:
&amp#27;[35m[Appium]&amp#27;[39m 
&amp#27;[35m[Appium]&amp#27;[39m   The 'automationName' capability was not provided in the desired 
&amp#27;[35m[Appium]&amp#27;[39m   capabilities for this Android session
&amp#27;[35m[Appium]&amp#27;[39m 
&amp#27;[35m[Appium]&amp#27;[39m   Setting 'automationName=UiAutomator2' by default and using the 
&amp#27;[35m[Appium]&amp#27;[39m   UiAutomator2 Driver
&amp#27;[35m[Appium]&amp#27;[39m 
&amp#27;[35m[Appium]&amp#27;[39m   The next major version of Appium (2.x) will **require** the 
&amp#27;[35m[Appium]&amp#27;[39m   'automationName' capability to be set for all sessions on all 
&amp#27;[35m[Appium]&amp#27;[39m   platforms
&amp#27;[35m[Appium]&amp#27;[39m 
&amp#27;[35m[Appium]&amp#27;[39m   In previous versions (Appium <= 1.13.x), the default was 
&amp#27;[35m[Appium]&amp#27;[39m   'automationName=UiAutomator1'
&amp#27;[35m[Appium]&amp#27;[39m 
&amp#27;[35m[Appium]&amp#27;[39m   If you wish to use that automation instead of UiAutomator2, please 
&amp#27;[35m[Appium]&amp#27;[39m   add 'automationName=UiAutomator1' to your desired capabilities
&amp#27;[35m[Appium]&amp#27;[39m 
&amp#27;[35m[Appium]&amp#27;[39m   For more information about drivers, please visit 
&amp#27;[35m[Appium]&amp#27;[39m   http://appium.io/docs/en/about-appium/intro/ and explore the 
&amp#27;[35m[Appium]&amp#27;[39m   'Drivers' menu
&amp#27;[35m[Appium]&amp#27;[39m 
&amp#27;[35m[Appium]&amp#27;[39m ======================================================================
&amp#27;[35m[Appium]&amp#27;[39m 
&amp#27;[35m[Appium]&amp#27;[39m Appium v1.19.1 creating new AndroidUiautomator2Driver (v1.59.0) session
[debug] &amp#27;[35m[BaseDriver]&amp#27;[39m W3C capabilities and MJSONWP desired capabilities were provided
[debug] &amp#27;[35m[BaseDriver]&amp#27;[39m Creating session with W3C capabilities: {
[debug] &amp#27;[35m[BaseDriver]&amp#27;[39m   "alwaysMatch": {
[debug] &amp#27;[35m[BaseDriver]&amp#27;[39m     "platformName": "android",
[debug] &amp#27;[35m[BaseDriver]&amp#27;[39m     "appium:skipDeviceInitialization": "true",
[debug] &amp#27;[35m[BaseDriver]&amp#27;[39m     "appium:skipServerInstallation": "false",
[debug] &amp#27;[35m[BaseDriver]&amp#27;[39m     "appium:app": "./Resources/in.workindia.apk",
[debug] &amp#27;[35m[BaseDriver]&amp#27;[39m     "appium:appActivity": ".RegisterActivity",
[debug] &amp#27;[35m[BaseDriver]&amp#27;[39m     "appium:appPackage": "in.workindia.nileshdungarwal.workindiaandroid",
[debug] &amp#27;[35m[BaseDriver]&amp#27;[39m     "appium:platformVersion": "8.1"
[debug] &amp#27;[35m[BaseDriver]&amp#27;[39m   },
[debug] &amp#27;[35m[BaseDriver]&amp#27;[39m   "firstMatch": [
[debug] &amp#27;[35m[BaseDriver]&amp#27;[39m     {}
[debug] &amp#27;[35m[BaseDriver]&amp#27;[39m   ]
[debug] &amp#27;[35m[BaseDriver]&amp#27;[39m }
&amp#27;[35m[BaseDriver]&amp#27;[39m Capability 'skipServerInstallation' changed from string to boolean. This may cause unexpected behavior
&amp#27;[35m[BaseDriver]&amp#27;[39m Capability 'skipDeviceInitialization' changed from string to boolean. This may cause unexpected behavior
&amp#27;[35m[BaseDriver]&amp#27;[39m Session created with session id: 456f7ba0-cee7-434e-afe0-bed757e0bdff
&amp#27;[35m[BaseDriver]&amp#27;[39m Using local app './Resources/in.workindia.apk'
&amp#27;[35m[BaseDriver]&amp#27;[39m The current application path './Resources/in.workindia.apk' is not absolute and has been rewritten to 'C:\Users\saurabhsoni\eclipse-workspace\Saurabh_Soni_3155142_AppiumAssignment\Resources\in.workindia.apk'. Consider using absolute paths rather than relative
[debug] &amp#27;[35m[UiAutomator2]&amp#27;[39m Checking whether app is actually present
&amp#27;[35m[ADB]&amp#27;[39m Using 'adb.exe' from 'C:\Users\saurabhsoni\AppData\Local\Android\Sdk\platform-tools\adb.exe'
[debug] &amp#27;[35m[ADB]&amp#27;[39m Running 'C:\Users\saurabhsoni\AppData\Local\Android\Sdk\platform-tools\adb.exe -P 5037 start-server'
&amp#27;[35m[AndroidDriver]&amp#27;[39m Retrieving device list
[debug] &amp#27;[35m[ADB]&amp#27;[39m Trying to find a connected android device
[debug] &amp#27;[35m[ADB]&amp#27;[39m Getting connected devices
[debug] &amp#27;[35m[ADB]&amp#27;[39m Connected devices: [{"udid":"emulator-5554","state":"device"}]
&amp#27;[35m[AndroidDriver]&amp#27;[39m Looking for a device with Android '8.1.0'
[debug] &amp#27;[35m[ADB]&amp#27;[39m Setting device id to emulator-5554
&amp#27;[35m[ADB]&amp#27;[39m Getting device platform version
[debug] &amp#27;[35m[ADB]&amp#27;[39m Running 'C:\Users\saurabhsoni\AppData\Local\Android\Sdk\platform-tools\adb.exe -P 5037 -s emulator-5554 shell getprop ro.build.version.release'
[debug] &amp#27;[35m[ADB]&amp#27;[39m Current device property 'ro.build.version.release': 8.1.0
&amp#27;[35m[AndroidDriver]&amp#27;[39m Using device: emulator-5554
&amp#27;[35m[ADB]&amp#27;[39m Using 'adb.exe' from 'C:\Users\saurabhsoni\AppData\Local\Android\Sdk\platform-tools\adb.exe'
[debug] &amp#27;[35m[ADB]&amp#27;[39m Running 'C:\Users\saurabhsoni\AppData\Local\Android\Sdk\platform-tools\adb.exe -P 5037 start-server'
[debug] &amp#27;[35m[ADB]&amp#27;[39m Setting device id to emulator-5554
[debug] &amp#27;[35m[ADB]&amp#27;[39m Running 'C:\Users\saurabhsoni\AppData\Local\Android\Sdk\platform-tools\adb.exe -P 5037 -s emulator-5554 shell getprop ro.build.version.sdk'
[debug] &amp#27;[35m[ADB]&amp#27;[39m Current device property 'ro.build.version.sdk': 27
[debug] &amp#27;[35m[ADB]&amp#27;[39m Device API level: 27
&amp#27;[35m[AndroidDriver]&amp#27;[39m 'skipDeviceInitialization' is set. Skipping device initialization.
[debug] &amp#27;[35m[Logcat]&amp#27;[39m Starting logs capture with command: C:\\Users\\saurabhsoni\\AppData\\Local\\Android\\Sdk\\platform-tools\\adb.exe -P 5037 -s emulator-5554 logcat -v threadtime
[debug] &amp#27;[35m[UiAutomator2]&amp#27;[39m Forwarding UiAutomator2 Server port 6790 to local port 8200
[debug] &amp#27;[35m[ADB]&amp#27;[39m Forwarding system: 8200 to device: 6790
[debug] &amp#27;[35m[ADB]&amp#27;[39m Running 'C:\Users\saurabhsoni\AppData\Local\Android\Sdk\platform-tools\adb.exe -P 5037 -s emulator-5554 forward tcp:8200 tcp:6790'
[debug] &amp#27;[35m[ADB]&amp#27;[39m Getting install status for io.appium.uiautomator2.server
[debug] &amp#27;[35m[ADB]&amp#27;[39m Running 'C:\Users\saurabhsoni\AppData\Local\Android\Sdk\platform-tools\adb.exe -P 5037 -s emulator-5554 shell dumpsys package io.appium.uiautomator2.server'
[debug] &amp#27;[35m[ADB]&amp#27;[39m 'io.appium.uiautomator2.server' is installed
[debug] &amp#27;[35m[ADB]&amp#27;[39m Getting package info for 'io.appium.uiautomator2.server'
[debug] &amp#27;[35m[ADB]&amp#27;[39m Running 'C:\Users\saurabhsoni\AppData\Local\Android\Sdk\platform-tools\adb.exe -P 5037 -s emulator-5554 shell dumpsys package io.appium.uiautomator2.server'
[debug] &amp#27;[35m[Instrumentation]&amp#27;[39m .
[debug] &amp#27;[35m[ADB]&amp#27;[39m The version name of the installed 'io.appium.uiautomator2.server' is greater or equal to the application version name ('4.15.0' >= '4.15.0')
[debug] &amp#27;[35m[UiAutomator2]&amp#27;[39m io.appium.uiautomator2.server installation state: sameVersionInstalled
[debug] &amp#27;[35m[ADB]&amp#27;[39m Checking app cert for C:\Users\saurabhsoni\AppData\Roaming\npm\node_modules\appium\node_modules\appium-uiautomator2-server\apks\appium-uiautomator2-server-v4.15.0.apk
&amp#27;[35m[ADB]&amp#27;[39m Using 'apksigner.jar' from 'C:\Users\saurabhsoni\AppData\Local\Android\Sdk\build-tools\30.0.3\lib\apksigner.jar'
[debug] &amp#27;[35m[ADB]&amp#27;[39m Starting apksigner: 'C:\\Program Files\\Java\\jdk1.8.0_221\\bin\\java.exe' -Xmx1024M -Xss1m -jar C:\\Users\\saurabhsoni\\AppData\\Local\\Android\\Sdk\\build-tools\\30.0.3\\lib\\apksigner.jar verify --print-certs C:\\Users\\saurabhsoni\\AppData\\Roaming\\npm\\node_modules\\appium\\node_modules\\appium-uiautomator2-server\\apks\\appium-uiautomator2-server-v4.15.0.apk
[debug] &amp#27;[35m[Instrumentation]&amp#27;[39m Time: 7.086
[debug] &amp#27;[35m[Instrumentation]&amp#27;[39m 
[debug] &amp#27;[35m[Instrumentation]&amp#27;[39m OK (1 test)
[debug] &amp#27;[35m[Instrumentation]&amp#27;[39m The process has exited with code 0
[debug] &amp#27;[35m[ADB]&amp#27;[39m apksigner stdout: Signer #1 certificate DN: EMAILADDRESS=android@android.com, CN=Android, OU=Android, O=Android, L=Mountain View, ST=California, C=US
[debug] &amp#27;[35m[ADB]&amp#27;[39m Signer #1 certificate SHA-256 digest: a40da80a59d170caa950cf15c18c454d47a39b26989d8b640ecd745ba71bf5dc
[debug] &amp#27;[35m[ADB]&amp#27;[39m Signer #1 certificate SHA-1 digest: 61ed377e85d386a8dfee6b864bd85b0bfaa5af81
[debug] &amp#27;[35m[ADB]&amp#27;[39m Signer #1 certificate MD5 digest: e89b158e4bcf988ebd09eb83f5378e87
[debug] &amp#27;[35m[ADB]&amp#27;[39m 
[debug] &amp#27;[35m[ADB]&amp#27;[39m sha256 hash did match for 'appium-uiautomator2-server-v4.15.0.apk'
&amp#27;[35m[ADB]&amp#27;[39m 'C:\Users\saurabhsoni\AppData\Roaming\npm\node_modules\appium\node_modules\appium-uiautomator2-server\apks\appium-uiautomator2-server-v4.15.0.apk' is signed with the default certificate
[debug] &amp#27;[35m[ADB]&amp#27;[39m Getting install status for io.appium.uiautomator2.server.test
[debug] &amp#27;[35m[ADB]&amp#27;[39m Running 'C:\Users\saurabhsoni\AppData\Local\Android\Sdk\platform-tools\adb.exe -P 5037 -s emulator-5554 shell dumpsys package io.appium.uiautomator2.server.test'
[debug] &amp#27;[35m[ADB]&amp#27;[39m 'io.appium.uiautomator2.server.test' is installed
[debug] &amp#27;[35m[ADB]&amp#27;[39m Checking app cert for C:\Users\saurabhsoni\AppData\Roaming\npm\node_modules\appium\node_modules\appium-uiautomator2-server\apks\appium-uiautomator2-server-debug-androidTest.apk
[debug] &amp#27;[35m[ADB]&amp#27;[39m Starting apksigner: 'C:\\Program Files\\Java\\jdk1.8.0_221\\bin\\java.exe' -Xmx1024M -Xss1m -jar C:\\Users\\saurabhsoni\\AppData\\Local\\Android\\Sdk\\build-tools\\30.0.3\\lib\\apksigner.jar verify --print-certs C:\\Users\\saurabhsoni\\AppData\\Roaming\\npm\\node_modules\\appium\\node_modules\\appium-uiautomator2-server\\apks\\appium-uiautomator2-server-debug-androidTest.apk
[debug] &amp#27;[35m[ADB]&amp#27;[39m apksigner stdout: Signer #1 certificate DN: EMAILADDRESS=android@android.com, CN=Android, OU=Android, O=Android, L=Mountain View, ST=California, C=US
[debug] &amp#27;[35m[ADB]&amp#27;[39m Signer #1 certificate SHA-256 digest: a40da80a59d170caa950cf15c18c454d47a39b26989d8b640ecd745ba71bf5dc
[debug] &amp#27;[35m[ADB]&amp#27;[39m Signer #1 certificate SHA-1 digest: 61ed377e85d386a8dfee6b864bd85b0bfaa5af81
[debug] &amp#27;[35m[ADB]&amp#27;[39m Signer #1 certificate MD5 digest: e89b158e4bcf988ebd09eb83f5378e87
[debug] &amp#27;[35m[ADB]&amp#27;[39m 
[debug] &amp#27;[35m[ADB]&amp#27;[39m sha256 hash did match for 'appium-uiautomator2-server-debug-androidTest.apk'
&amp#27;[35m[ADB]&amp#27;[39m 'C:\Users\saurabhsoni\AppData\Roaming\npm\node_modules\appium\node_modules\appium-uiautomator2-server\apks\appium-uiautomator2-server-debug-androidTest.apk' is signed with the default certificate
&amp#27;[35m[UiAutomator2]&amp#27;[39m Server packages are not going to be (re)installed
[debug] &amp#27;[35m[UiAutomator2]&amp#27;[39m Waiting up to 30000ms for services to be available
[debug] &amp#27;[35m[ADB]&amp#27;[39m Running 'C:\Users\saurabhsoni\AppData\Local\Android\Sdk\platform-tools\adb.exe -P 5037 -s emulator-5554 shell pm list instrumentation'
[debug] &amp#27;[35m[UiAutomator2]&amp#27;[39m Instrumentation target 'io.appium.uiautomator2.server.test/androidx.test.runner.AndroidJUnitRunner' is available
[debug] &amp#27;[35m[ADB]&amp#27;[39m Checking app cert for C:\Users\saurabhsoni\eclipse-workspace\Saurabh_Soni_3155142_AppiumAssignment\Resources\in.workindia.apk
[debug] &amp#27;[35m[ADB]&amp#27;[39m Starting apksigner: 'C:\\Program Files\\Java\\jdk1.8.0_221\\bin\\java.exe' -Xmx1024M -Xss1m -jar C:\\Users\\saurabhsoni\\AppData\\Local\\Android\\Sdk\\build-tools\\30.0.3\\lib\\apksigner.jar verify --print-certs C:\\Users\\saurabhsoni\\eclipse-workspace\\Saurabh_Soni_3155142_AppiumAssignment\\Resources\\in.workindia.apk
[debug] &amp#27;[35m[ADB]&amp#27;[39m apksigner stdout: Signer #1 certificate DN: CN=Nilesh Dungarwal, OU=WorkIndia, O=WorkIndia, L=Mumbai, ST=Maharashtra, C=IN
[debug] &amp#27;[35m[ADB]&amp#27;[39m Signer #1 certificate SHA-256 digest: 0fdc1fed6cd07d2c4854153ee799955c35f5dd671743e3c4610c90914d2f7d32
[debug] &amp#27;[35m[ADB]&amp#27;[39m Signer #1 certificate SHA-1 digest: 2e328de1bc8d9844c8a7634fa66f9363c00f613d
[debug] &amp#27;[35m[ADB]&amp#27;[39m Signer #1 certificate MD5 digest: c47446d10c7a53d63b2f43c2e34ce656
[debug] &amp#27;[35m[ADB]&amp#27;[39m 
&amp#27;[35m[ADB]&amp#27;[39m 'C:\Users\saurabhsoni\eclipse-workspace\Saurabh_Soni_3155142_AppiumAssignment\Resources\in.workindia.apk' is signed with a non-default certificate
[debug] &amp#27;[35m[ADB]&amp#27;[39m Getting install status for in.workindia.nileshdungarwal.workindiaandroid
[debug] &amp#27;[35m[ADB]&amp#27;[39m Running 'C:\Users\saurabhsoni\AppData\Local\Android\Sdk\platform-tools\adb.exe -P 5037 -s emulator-5554 shell dumpsys package in.workindia.nileshdungarwal.workindiaandroid'
[debug] &amp#27;[35m[ADB]&amp#27;[39m 'in.workindia.nileshdungarwal.workindiaandroid' is installed
[debug] &amp#27;[35m[ADB]&amp#27;[39m Getting package info for 'in.workindia.nileshdungarwal.workindiaandroid'
[debug] &amp#27;[35m[ADB]&amp#27;[39m Running 'C:\Users\saurabhsoni\AppData\Local\Android\Sdk\platform-tools\adb.exe -P 5037 -s emulator-5554 shell dumpsys package in.workindia.nileshdungarwal.workindiaandroid'
[debug] &amp#27;[35m[ADB]&amp#27;[39m The version name of the installed 'in.workindia.nileshdungarwal.workindiaandroid' is greater or equal to the application version name ('4.1.1' >= '4.1.1')
[debug] &amp#27;[35m[ADB]&amp#27;[39m There is no need to install/upgrade 'C:\Users\saurabhsoni\eclipse-workspace\Saurabh_Soni_3155142_AppiumAssignment\Resources\in.workindia.apk'
&amp#27;[35m[AndroidDriver]&amp#27;[39m Performing fast reset on 'in.workindia.nileshdungarwal.workindiaandroid'
[debug] &amp#27;[35m[ADB]&amp#27;[39m Getting install status for in.workindia.nileshdungarwal.workindiaandroid
[debug] &amp#27;[35m[ADB]&amp#27;[39m Running 'C:\Users\saurabhsoni\AppData\Local\Android\Sdk\platform-tools\adb.exe -P 5037 -s emulator-5554 shell dumpsys package in.workindia.nileshdungarwal.workindiaandroid'
[debug] &amp#27;[35m[ADB]&amp#27;[39m 'in.workindia.nileshdungarwal.workindiaandroid' is installed
[debug] &amp#27;[35m[ADB]&amp#27;[39m Running 'C:\Users\saurabhsoni\AppData\Local\Android\Sdk\platform-tools\adb.exe -P 5037 -s emulator-5554 shell am force-stop in.workindia.nileshdungarwal.workindiaandroid'
[debug] &amp#27;[35m[ADB]&amp#27;[39m Running 'C:\Users\saurabhsoni\AppData\Local\Android\Sdk\platform-tools\adb.exe -P 5037 -s emulator-5554 shell pm clear in.workindia.nileshdungarwal.workindiaandroid'
[debug] &amp#27;[35m[AndroidDriver]&amp#27;[39m Performed fast reset on the installed 'in.workindia.nileshdungarwal.workindiaandroid' application (stop and clear)
[debug] &amp#27;[35m[UiAutomator2]&amp#27;[39m Performing shallow cleanup of automation leftovers
[debug] &amp#27;[35m[UiAutomator2]&amp#27;[39m No obsolete sessions have been detected (socket hang up)
[debug] &amp#27;[35m[ADB]&amp#27;[39m Running 'C:\Users\saurabhsoni\AppData\Local\Android\Sdk\platform-tools\adb.exe -P 5037 -s emulator-5554 shell am force-stop io.appium.uiautomator2.server.test'
&amp#27;[35m[UiAutomator2]&amp#27;[39m Starting UIAutomator2 server 4.15.0
&amp#27;[35m[UiAutomator2]&amp#27;[39m Using UIAutomator2 server from 'C:\Users\saurabhsoni\AppData\Roaming\npm\node_modules\appium\node_modules\appium-uiautomator2-server\apks\appium-uiautomator2-server-v4.15.0.apk' and test from 'C:\Users\saurabhsoni\AppData\Roaming\npm\node_modules\appium\node_modules\appium-uiautomator2-server\apks\appium-uiautomator2-server-debug-androidTest.apk'
&amp#27;[35m[UiAutomator2]&amp#27;[39m Waiting up to 30000ms for UiAutomator2 to be online...
[debug] &amp#27;[35m[ADB]&amp#27;[39m Creating ADB subprocess with args: ["-P",5037,"-s","emulator-5554","shell","am","instrument","-w","io.appium.uiautomator2.server.test/androidx.test.runner.AndroidJUnitRunner"]
[debug] &amp#27;[35m[Instrumentation]&amp#27;[39m io.appium.uiautomator2.server.test.AppiumUiAutomator2Server:
[debug] &amp#27;[35m[WD Proxy]&amp#27;[39m Matched '/status' to command name 'getStatus'
[debug] &amp#27;[35m[WD Proxy]&amp#27;[39m Proxying [GET /status] to [GET http://127.0.0.1:8200/wd/hub/status] with no body
&amp#27;[35m[WD Proxy]&amp#27;[39m socket hang up
[debug] &amp#27;[35m[WD Proxy]&amp#27;[39m Matched '/status' to command name 'getStatus'
[debug] &amp#27;[35m[WD Proxy]&amp#27;[39m Proxying [GET /status] to [GET http://127.0.0.1:8200/wd/hub/status] with no body
[debug] &amp#27;[35m[WD Proxy]&amp#27;[39m Got response with status 200: {"sessionId":"None","value":{"message":"UiAutomator2 Server is ready to accept commands","ready":true}}
[debug] &amp#27;[35m[UiAutomator2]&amp#27;[39m The initialization of the instrumentation process took 2128ms
[debug] &amp#27;[35m[WD Proxy]&amp#27;[39m Matched '/session' to command name 'createSession'
[debug] &amp#27;[35m[WD Proxy]&amp#27;[39m Proxying [POST /session] to [POST http://127.0.0.1:8200/wd/hub/session] with body: {"capabilities":{"firstMatch":[{"platform":"LINUX","webStorageEnabled":false,"takesScreenshot":true,"javascriptEnabled":true,"databaseEnabled":false,"networkConnectionEnabled":true,"locationContextEnabled":false,"warnings":{},"desired":{"platformName":"android","skipDeviceInitialization":true,"skipServerInstallation":false,"app":"./Resources/in.workindia.apk","appActivity":".RegisterActivity","appPackage":"in.workindia.nileshdungarwal.workindiaandroid","platformVersion":"8.1"},"platformName":"android","skipDeviceInitialization":true,"skipServerInstallation":false,"app":"./Resources/in.workindia.apk","appActivity":".RegisterActivity","appPackage":"in.workindia.nileshdungarwal.workindiaandroid","platformVersion":"8.1","deviceName":"emulator-5554","deviceUDID":"emulator-5554"}],"alwaysMatch":{}}}
[debug] &amp#27;[35m[WD Proxy]&amp#27;[39m Got response with status 200: {"sessionId":"304100ee-6216-46b2-ac8b-fdd8f7ad5306","value":{"capabilities":{"firstMatch":[{"platform":"LINUX","webStorageEnabled":false,"takesScreenshot":true,"javascriptEnabled":true,"databaseEnabled":false,"networkConnectionEnabled":true,"locationContextEnabled":false,"warnings":{},"desired":{"platformName":"android","skipDeviceInitialization":true,"skipServerInstallation":false,"app":"./Resources/in.workindia.apk","appActivity":".RegisterActivity","appPackage":"in.workindia.nileshdungarwal.workindiaandroid","platformVersion":"8.1"},"platformName":"android","skipDeviceInitialization":true,"skipServerInstallation":false,"app":"./Resources/in.workindia.apk","appActivity":".RegisterActivity","appPackage":"in.workindia.nileshdungarwal.workindiaandroid","platformVersion":"8.1","deviceName":"emulator-5554","deviceUDID":"emulator-5554"}],"alwaysMatch":{}},"sessionId":"304100ee-6216-46b2-ac8b-fdd8f7ad5306"}}
&amp#27;[35m[WD Proxy]&amp#27;[39m Determined the downstream protocol as 'W3C'
[debug] &amp#27;[35m[WD Proxy]&amp#27;[39m Proxying [GET /appium/device/info] to [GET http://127.0.0.1:8200/wd/hub/session/304100ee-6216-46b2-ac8b-fdd8f7ad5306/appium/device/info] with no body
[debug] &amp#27;[35m[WD Proxy]&amp#27;[39m Got response with status 200: {"sessionId":"304100ee-6216-46b2-ac8b-fdd8f7ad5306","value":{"androidId":"d0cbdccec5cf9e3d","apiVersion":"27","bluetooth":null,"brand":"google","carrierName":"Android","displayDensity":440,"locale":"en_US","manufacturer":"Google","model":"Android SDK built for x86","networks":[{"capabilities":{"SSID":null,"linkDownBandwidthKbps":102400,"linkUpstreamBandwidthKbps":51200,"networkCapabilities":"NET_CAPABILITY_MMS,NET_CAPABILITY_SUPL,NET_CAPABILITY_DUN,NET_CAPABILITY_FOTA,NET_CAPABILITY_IMS,NET_CAPABILITY_CBS,NET_CAPABILITY_IA,NET_CAPABILITY_INTERNET,NET_CAPABILITY_NOT_RESTRICTED,NET_CAPABILITY_TRUSTED,NET_CAPABILITY_NOT_VPN,NET_CAPABILITY_VALIDATED","signalStrength":-2147483648,"transportTypes":"TRANSPORT_CELLULAR"},"detailedState":"CONNECTED","extraInfo":"epc.tmobile.com","isAvailable":true,"isConnected":true,"isFailover":false,"isRoaming":false,"state":"CONNECTED","subtype":13,"subtypeName":"LTE","type":0,"typeName":"MOBILE"},{"capabilities":{"SSID":null,"linkDownBandwidthKbps":1048576,"linkUpstreamBandwidt...
[debug] &amp#27;[35m[ADB]&amp#27;[39m Running 'C:\Users\saurabhsoni\AppData\Local\Android\Sdk\platform-tools\adb.exe -P 5037 -s emulator-5554 shell dumpsys window'
&amp#27;[35m[AndroidDriver]&amp#27;[39m Screen already unlocked, doing nothing
&amp#27;[35m[UiAutomator2]&amp#27;[39m Starting 'in.workindia.nileshdungarwal.workindiaandroid/.RegisterActivity and waiting for 'in.workindia.nileshdungarwal.workindiaandroid/.RegisterActivity'
[debug] &amp#27;[35m[ADB]&amp#27;[39m Running 'C:\Users\saurabhsoni\AppData\Local\Android\Sdk\platform-tools\adb.exe -P 5037 -s emulator-5554 shell am start -W -n in.workindia.nileshdungarwal.workindiaandroid/.RegisterActivity -S -a android.intent.action.MAIN -c android.intent.category.LAUNCHER -f 0x10200000'
[debug] &amp#27;[35m[WD Proxy]&amp#27;[39m Proxying [GET /appium/device/pixel_ratio] to [GET http://127.0.0.1:8200/wd/hub/session/304100ee-6216-46b2-ac8b-fdd8f7ad5306/appium/device/pixel_ratio] with no body
[debug] &amp#27;[35m[WD Proxy]&amp#27;[39m Got response with status 200: {"sessionId":"304100ee-6216-46b2-ac8b-fdd8f7ad5306","value":2.75}
[debug] &amp#27;[35m[WD Proxy]&amp#27;[39m Matched '/appium/device/system_bars' to command name 'getSystemBars'
[debug] &amp#27;[35m[WD Proxy]&amp#27;[39m Proxying [GET /appium/device/system_bars] to [GET http://127.0.0.1:8200/wd/hub/session/304100ee-6216-46b2-ac8b-fdd8f7ad5306/appium/device/system_bars] with no body
[debug] &amp#27;[35m[WD Proxy]&amp#27;[39m Got response with status 200: {"sessionId":"304100ee-6216-46b2-ac8b-fdd8f7ad5306","value":{"statusBar":66}}
[debug] &amp#27;[35m[WD Proxy]&amp#27;[39m Matched '/window/current/size' to command name 'getWindowSize'
[debug] &amp#27;[35m[WD Proxy]&amp#27;[39m Proxying [GET /window/current/size] to [GET http://127.0.0.1:8200/wd/hub/session/304100ee-6216-46b2-ac8b-fdd8f7ad5306/window/current/size] with no body
[debug] &amp#27;[35m[WD Proxy]&amp#27;[39m Got response with status 200: {"sessionId":"304100ee-6216-46b2-ac8b-fdd8f7ad5306","value":{"height":2028,"width":1080}}
&amp#27;[35m[Appium]&amp#27;[39m New AndroidUiautomator2Driver session created successfully, session 456f7ba0-cee7-434e-afe0-bed757e0bdff added to master session list
[debug] &amp#27;[35m[BaseDriver]&amp#27;[39m Event 'newSessionStarted' logged at 1610628706951 (18:21:46 GMT+0530 (India Standard Time))
[debug] &amp#27;[35m[W3C (456f7ba0)]&amp#27;[39m Cached the protocol value 'W3C' for the new session 456f7ba0-cee7-434e-afe0-bed757e0bdff
[debug] &amp#27;[35m[W3C (456f7ba0)]&amp#27;[39m Responding to client with driver.createSession() result: {"capabilities":{"platform":"LINUX","webStorageEnabled":false,"takesScreenshot":true,"javascriptEnabled":true,"databaseEnabled":false,"networkConnectionEnabled":true,"locationContextEnabled":false,"warnings":{},"desired":{"platformName":"android","skipDeviceInitialization":true,"skipServerInstallation":false,"app":"./Resources/in.workindia.apk","appActivity":".RegisterActivity","appPackage":"in.workindia.nileshdungarwal.workindiaandroid","platformVersion":"8.1"},"platformName":"android","skipDeviceInitialization":true,"skipServerInstallation":false,"app":"./Resources/in.workindia.apk","appActivity":".RegisterActivity","appPackage":"in.workindia.nileshdungarwal.workindiaandroid","platformVersion":"8.1.0","deviceName":"emulator-5554","deviceUDID":"emulator-5554","deviceApiLevel":27,"deviceScreenSize":"1080x2160","deviceScreenDensity":440,"deviceModel":"Android SDK built for x86","deviceManufacturer":"Google","pixelRatio":2.75,"statBarHeight":66,"viewportRect":{"left":0,"top":66,"width":1080,"height":1962}}}
&amp#27;[35m[HTTP]&amp#27;[39m &amp#27;[37m<-- POST /wd/hub/session &amp#27;[39m&amp#27;[32m200&amp#27;[39m &amp#27;[90m9004 ms - 1081&amp#27;[39m
&amp#27;[35m[HTTP]&amp#27;[39m &amp#27;[90m&amp#27;[39m
&amp#27;[35m[HTTP]&amp#27;[39m &amp#27;[37m-->&amp#27;[39m &amp#27;[37mGET&amp#27;[39m &amp#27;[37m/wd/hub/session/456f7ba0-cee7-434e-afe0-bed757e0bdff&amp#27;[39m
&amp#27;[35m[HTTP]&amp#27;[39m &amp#27;[90m{}&amp#27;[39m
[debug] &amp#27;[35m[W3C (456f7ba0)]&amp#27;[39m Calling AppiumDriver.getSession() with args: ["456f7ba0-cee7-434e-afe0-bed757e0bdff"]
[debug] &amp#27;[35m[UiAutomator2]&amp#27;[39m Getting session details from server to mix in
[debug] &amp#27;[35m[WD Proxy]&amp#27;[39m Matched '/' to command name 'getSession'
[debug] &amp#27;[35m[WD Proxy]&amp#27;[39m Proxying [GET /] to [GET http://127.0.0.1:8200/wd/hub/session/304100ee-6216-46b2-ac8b-fdd8f7ad5306] with no body
[debug] &amp#27;[35m[WD Proxy]&amp#27;[39m Got response with status 200: {"sessionId":"304100ee-6216-46b2-ac8b-fdd8f7ad5306","value":{"lastScrollData":null}}
[debug] &amp#27;[35m[W3C (456f7ba0)]&amp#27;[39m Responding to client with driver.getSession() result: {"platform":"LINUX","webStorageEnabled":false,"takesScreenshot":true,"javascriptEnabled":true,"databaseEnabled":false,"networkConnectionEnabled":true,"locationContextEnabled":false,"warnings":{},"desired":{"platformName":"android","skipDeviceInitialization":true,"skipServerInstallation":false,"app":"./Resources/in.workindia.apk","appActivity":".RegisterActivity","appPackage":"in.workindia.nileshdungarwal.workindiaandroid","platformVersion":"8.1"},"platformName":"android","skipDeviceInitialization":true,"skipServerInstallation":false,"app":"./Resources/in.workindia.apk","appActivity":".RegisterActivity","appPackage":"in.workindia.nileshdungarwal.workindiaandroid","platformVersion":"8.1.0","deviceName":"emulator-5554","deviceUDID":"emulator-5554","deviceApiLevel":27,"deviceScreenSize":"1080x2160","deviceScreenDensity":440,"deviceModel":"Android SDK built for x86","deviceManufacturer":"Google","pixelRatio":2.75,"statBarHeight":66,"viewportRect":{"left":0,"top":66,"width":1080,"height":1962},"lastScrollData":n...
&amp#27;[35m[HTTP]&amp#27;[39m &amp#27;[37m<-- GET /wd/hub/session/456f7ba0-cee7-434e-afe0-bed757e0bdff &amp#27;[39m&amp#27;[32m200&amp#27;[39m &amp#27;[90m20 ms - 1035&amp#27;[39m
&amp#27;[35m[HTTP]&amp#27;[39m &amp#27;[90m&amp#27;[39m
&amp#27;[35m[HTTP]&amp#27;[39m &amp#27;[37m-->&amp#27;[39m &amp#27;[37mGET&amp#27;[39m &amp#27;[37m/wd/hub/session/456f7ba0-cee7-434e-afe0-bed757e0bdff&amp#27;[39m
&amp#27;[35m[HTTP]&amp#27;[39m &amp#27;[90m{}&amp#27;[39m
[debug] &amp#27;[35m[W3C (456f7ba0)]&amp#27;[39m Calling AppiumDriver.getSession() with args: ["456f7ba0-cee7-434e-afe0-bed757e0bdff"]
[debug] &amp#27;[35m[UiAutomator2]&amp#27;[39m Getting session details from server to mix in
[debug] &amp#27;[35m[WD Proxy]&amp#27;[39m Matched '/' to command name 'getSession'
[debug] &amp#27;[35m[WD Proxy]&amp#27;[39m Proxying [GET /] to [GET http://127.0.0.1:8200/wd/hub/session/304100ee-6216-46b2-ac8b-fdd8f7ad5306] with no body
[debug] &amp#27;[35m[WD Proxy]&amp#27;[39m Got response with status 200: {"sessionId":"304100ee-6216-46b2-ac8b-fdd8f7ad5306","value":{"lastScrollData":null}}
[debug] &amp#27;[35m[W3C (456f7ba0)]&amp#27;[39m Responding to client with driver.getSession() result: {"platform":"LINUX","webStorageEnabled":false,"takesScreenshot":true,"javascriptEnabled":true,"databaseEnabled":false,"networkConnectionEnabled":true,"locationContextEnabled":false,"warnings":{},"desired":{"platformName":"android","skipDeviceInitialization":true,"skipServerInstallation":false,"app":"./Resources/in.workindia.apk","appActivity":".RegisterActivity","appPackage":"in.workindia.nileshdungarwal.workindiaandroid","platformVersion":"8.1"},"platformName":"android","skipDeviceInitialization":true,"skipServerInstallation":false,"app":"./Resources/in.workindia.apk","appActivity":".RegisterActivity","appPackage":"in.workindia.nileshdungarwal.workindiaandroid","platformVersion":"8.1.0","deviceName":"emulator-5554","deviceUDID":"emulator-5554","deviceApiLevel":27,"deviceScreenSize":"1080x2160","deviceScreenDensity":440,"deviceModel":"Android SDK built for x86","deviceManufacturer":"Google","pixelRatio":2.75,"statBarHeight":66,"viewportRect":{"left":0,"top":66,"width":1080,"height":1962},"lastScrollData":n...
&amp#27;[35m[HTTP]&amp#27;[39m &amp#27;[37m<-- GET /wd/hub/session/456f7ba0-cee7-434e-afe0-bed757e0bdff &amp#27;[39m&amp#27;[32m200&amp#27;[39m &amp#27;[90m14 ms - 1035&amp#27;[39m
&amp#27;[35m[HTTP]&amp#27;[39m &amp#27;[90m&amp#27;[39m
&amp#27;[35m[HTTP]&amp#27;[39m &amp#27;[37m-->&amp#27;[39m &amp#27;[37mPOST&amp#27;[39m &amp#27;[37m/wd/hub/session/456f7ba0-cee7-434e-afe0-bed757e0bdff/timeouts&amp#27;[39m
&amp#27;[35m[HTTP]&amp#27;[39m &amp#27;[90m{"implicit":10000}&amp#27;[39m
[debug] &amp#27;[35m[W3C (456f7ba0)]&amp#27;[39m Calling AppiumDriver.timeouts() with args: [null,null,null,null,10000,"456f7ba0-cee7-434e-afe0-bed757e0bdff"]
[debug] &amp#27;[35m[BaseDriver]&amp#27;[39m W3C timeout argument: {"implicit":10000}}
[debug] &amp#27;[35m[BaseDriver]&amp#27;[39m Set implicit wait to 10000ms
[debug] &amp#27;[35m[W3C (456f7ba0)]&amp#27;[39m Responding to client with driver.timeouts() result: null
&amp#27;[35m[HTTP]&amp#27;[39m &amp#27;[37m<-- POST /wd/hub/session/456f7ba0-cee7-434e-afe0-bed757e0bdff/timeouts &amp#27;[39m&amp#27;[32m200&amp#27;[39m &amp#27;[90m4 ms - 14&amp#27;[39m
&amp#27;[35m[HTTP]&amp#27;[39m &amp#27;[90m&amp#27;[39m
&amp#27;[35m[HTTP]&amp#27;[39m &amp#27;[37m-->&amp#27;[39m &amp#27;[37mGET&amp#27;[39m &amp#27;[37m/wd/hub/session/456f7ba0-cee7-434e-afe0-bed757e0bdff&amp#27;[39m
&amp#27;[35m[HTTP]&amp#27;[39m &amp#27;[90m{}&amp#27;[39m
[debug] &amp#27;[35m[W3C (456f7ba0)]&amp#27;[39m Calling AppiumDriver.getSession() with args: ["456f7ba0-cee7-434e-afe0-bed757e0bdff"]
[debug] &amp#27;[35m[UiAutomator2]&amp#27;[39m Getting session details from server to mix in
[debug] &amp#27;[35m[WD Proxy]&amp#27;[39m Matched '/' to command name 'getSession'
[debug] &amp#27;[35m[WD Proxy]&amp#27;[39m Proxying [GET /] to [GET http://127.0.0.1:8200/wd/hub/session/304100ee-6216-46b2-ac8b-fdd8f7ad5306] with no body
[debug] &amp#27;[35m[WD Proxy]&amp#27;[39m Got response with status 200: {"sessionId":"304100ee-6216-46b2-ac8b-fdd8f7ad5306","value":{"lastScrollData":null}}
[debug] &amp#27;[35m[W3C (456f7ba0)]&amp#27;[39m Responding to client with driver.getSession() result: {"platform":"LINUX","webStorageEnabled":false,"takesScreenshot":true,"javascriptEnabled":true,"databaseEnabled":false,"networkConnectionEnabled":true,"locationContextEnabled":false,"warnings":{},"desired":{"platformName":"android","skipDeviceInitialization":true,"skipServerInstallation":false,"app":"./Resources/in.workindia.apk","appActivity":".RegisterActivity","appPackage":"in.workindia.nileshdungarwal.workindiaandroid","platformVersion":"8.1"},"platformName":"android","skipDeviceInitialization":true,"skipServerInstallation":false,"app":"./Resources/in.workindia.apk","appActivity":".RegisterActivity","appPackage":"in.workindia.nileshdungarwal.workindiaandroid","platformVersion":"8.1.0","deviceName":"emulator-5554","deviceUDID":"emulator-5554","deviceApiLevel":27,"deviceScreenSize":"1080x2160","deviceScreenDensity":440,"deviceModel":"Android SDK built for x86","deviceManufacturer":"Google","pixelRatio":2.75,"statBarHeight":66,"viewportRect":{"left":0,"top":66,"width":1080,"height":1962},"lastScrollData":n...
&amp#27;[35m[HTTP]&amp#27;[39m &amp#27;[37m<-- GET /wd/hub/session/456f7ba0-cee7-434e-afe0-bed757e0bdff &amp#27;[39m&amp#27;[32m200&amp#27;[39m &amp#27;[90m30 ms - 1035&amp#27;[39m
&amp#27;[35m[HTTP]&amp#27;[39m &amp#27;[90m&amp#27;[39m
&amp#27;[35m[HTTP]&amp#27;[39m &amp#27;[37m-->&amp#27;[39m &amp#27;[37mGET&amp#27;[39m &amp#27;[37m/wd/hub/session/456f7ba0-cee7-434e-afe0-bed757e0bdff&amp#27;[39m
&amp#27;[35m[HTTP]&amp#27;[39m &amp#27;[90m{}&amp#27;[39m
[debug] &amp#27;[35m[W3C (456f7ba0)]&amp#27;[39m Calling AppiumDriver.getSession() with args: ["456f7ba0-cee7-434e-afe0-bed757e0bdff"]
[debug] &amp#27;[35m[UiAutomator2]&amp#27;[39m Getting session details from server to mix in
[debug] &amp#27;[35m[WD Proxy]&amp#27;[39m Matched '/' to command name 'getSession'
[debug] &amp#27;[35m[WD Proxy]&amp#27;[39m Proxying [GET /] to [GET http://127.0.0.1:8200/wd/hub/session/304100ee-6216-46b2-ac8b-fdd8f7ad5306] with no body
[debug] &amp#27;[35m[WD Proxy]&amp#27;[39m Got response with status 200: {"sessionId":"304100ee-6216-46b2-ac8b-fdd8f7ad5306","value":{"lastScrollData":null}}
[debug] &amp#27;[35m[W3C (456f7ba0)]&amp#27;[39m Responding to client with driver.getSession() result: {"platform":"LINUX","webStorageEnabled":false,"takesScreenshot":true,"javascriptEnabled":true,"databaseEnabled":false,"networkConnectionEnabled":true,"locationContextEnabled":false,"warnings":{},"desired":{"platformName":"android","skipDeviceInitialization":true,"skipServerInstallation":false,"app":"./Resources/in.workindia.apk","appActivity":".RegisterActivity","appPackage":"in.workindia.nileshdungarwal.workindiaandroid","platformVersion":"8.1"},"platformName":"android","skipDeviceInitialization":true,"skipServerInstallation":false,"app":"./Resources/in.workindia.apk","appActivity":".RegisterActivity","appPackage":"in.workindia.nileshdungarwal.workindiaandroid","platformVersion":"8.1.0","deviceName":"emulator-5554","deviceUDID":"emulator-5554","deviceApiLevel":27,"deviceScreenSize":"1080x2160","deviceScreenDensity":440,"deviceModel":"Android SDK built for x86","deviceManufacturer":"Google","pixelRatio":2.75,"statBarHeight":66,"viewportRect":{"left":0,"top":66,"width":1080,"height":1962},"lastScrollData":n...
&amp#27;[35m[HTTP]&amp#27;[39m &amp#27;[37m<-- GET /wd/hub/session/456f7ba0-cee7-434e-afe0-bed757e0bdff &amp#27;[39m&amp#27;[32m200&amp#27;[39m &amp#27;[90m21 ms - 1035&amp#27;[39m
&amp#27;[35m[HTTP]&amp#27;[39m &amp#27;[90m&amp#27;[39m
&amp#27;[35m[HTTP]&amp#27;[39m &amp#27;[37m-->&amp#27;[39m &amp#27;[37mPOST&amp#27;[39m &amp#27;[37m/wd/hub/session/456f7ba0-cee7-434e-afe0-bed757e0bdff/element&amp#27;[39m
&amp#27;[35m[HTTP]&amp#27;[39m &amp#27;[90m{"using":"xpath","value":"//android.widget.FrameLayout/android.widget.LinearLayout/android.widget.FrameLayout/android.widget.LinearLayout/android.widget.TextView[1]"}&amp#27;[39m
[debug] &amp#27;[35m[W3C (456f7ba0)]&amp#27;[39m Calling AppiumDriver.findElement() with args: ["xpath","//android.widget.FrameLayout/android.widget.LinearLayout/android.widget.FrameLayout/android.widget.LinearLayout/android.widget.TextView[1]","456f7ba0-cee7-434e-afe0-bed757e0bdff"]
[debug] &amp#27;[35m[BaseDriver]&amp#27;[39m Valid locator strategies for this request: xpath, id, class name, accessibility id, css selector, -android uiautomator
[debug] &amp#27;[35m[BaseDriver]&amp#27;[39m Waiting up to 10000 ms for condition
[debug] &amp#27;[35m[WD Proxy]&amp#27;[39m Matched '/element' to command name 'findElement'
[debug] &amp#27;[35m[WD Proxy]&amp#27;[39m Proxying [POST /element] to [POST http://127.0.0.1:8200/wd/hub/session/304100ee-6216-46b2-ac8b-fdd8f7ad5306/element] with body: {"strategy":"xpath","selector":"//android.widget.FrameLayout/android.widget.LinearLayout/android.widget.FrameLayout/android.widget.LinearLayout/android.widget.TextView[1]","context":"","multiple":false}
[debug] &amp#27;[35m[WD Proxy]&amp#27;[39m Got response with status 200: {"sessionId":"304100ee-6216-46b2-ac8b-fdd8f7ad5306","value":{"ELEMENT":"e3a14ba2-fa3e-4f10-8e21-ecb9ba4d085e","element-6066-11e4-a52e-4f735466cecf":"e3a14ba2-fa3e-4f10-8e21-ecb9ba4d085e"}}
[debug] &amp#27;[35m[W3C (456f7ba0)]&amp#27;[39m Responding to client with driver.findElement() result: {"element-6066-11e4-a52e-4f735466cecf":"e3a14ba2-fa3e-4f10-8e21-ecb9ba4d085e","ELEMENT":"e3a14ba2-fa3e-4f10-8e21-ecb9ba4d085e"}
&amp#27;[35m[HTTP]&amp#27;[39m &amp#27;[37m<-- POST /wd/hub/session/456f7ba0-cee7-434e-afe0-bed757e0bdff/element &amp#27;[39m&amp#27;[32m200&amp#27;[39m &amp#27;[90m454 ms - 137&amp#27;[39m
&amp#27;[35m[HTTP]&amp#27;[39m &amp#27;[90m&amp#27;[39m
&amp#27;[35m[HTTP]&amp#27;[39m &amp#27;[37m-->&amp#27;[39m &amp#27;[37mGET&amp#27;[39m &amp#27;[37m/wd/hub/session/456f7ba0-cee7-434e-afe0-bed757e0bdff/element/e3a14ba2-fa3e-4f10-8e21-ecb9ba4d085e/text&amp#27;[39m
&amp#27;[35m[HTTP]&amp#27;[39m &amp#27;[90m{}&amp#27;[39m
&amp#27;[35m[W3C (456f7ba0)]&amp#27;[39m Driver proxy active, passing request on via HTTP proxy
[debug] &amp#27;[35m[WD Proxy]&amp#27;[39m Matched '/wd/hub/session/456f7ba0-cee7-434e-afe0-bed757e0bdff/element/e3a14ba2-fa3e-4f10-8e21-ecb9ba4d085e/text' to command name 'getText'
[debug] &amp#27;[35m[WD Proxy]&amp#27;[39m Proxying [GET /wd/hub/session/456f7ba0-cee7-434e-afe0-bed757e0bdff/element/e3a14ba2-fa3e-4f10-8e21-ecb9ba4d085e/text] to [GET http://127.0.0.1:8200/wd/hub/session/304100ee-6216-46b2-ac8b-fdd8f7ad5306/element/e3a14ba2-fa3e-4f10-8e21-ecb9ba4d085e/text] with no body
[debug] &amp#27;[35m[WD Proxy]&amp#27;[39m Got response with status 200: {"sessionId":"304100ee-6216-46b2-ac8b-fdd8f7ad5306","value":"Job Search"}
&amp#27;[35m[WD Proxy]&amp#27;[39m Replacing sessionId 304100ee-6216-46b2-ac8b-fdd8f7ad5306 with 456f7ba0-cee7-434e-afe0-bed757e0bdff
&amp#27;[35m[HTTP]&amp#27;[39m &amp#27;[37m<-- GET /wd/hub/session/456f7ba0-cee7-434e-afe0-bed757e0bdff/element/e3a14ba2-fa3e-4f10-8e21-ecb9ba4d085e/text &amp#27;[39m&amp#27;[32m200&amp#27;[39m &amp#27;[90m26 ms - 73&amp#27;[39m
&amp#27;[35m[HTTP]&amp#27;[39m &amp#27;[90m&amp#27;[39m
&amp#27;[35m[HTTP]&amp#27;[39m &amp#27;[37m-->&amp#27;[39m &amp#27;[37mGET&amp#27;[39m &amp#27;[37m/wd/hub/session/456f7ba0-cee7-434e-afe0-bed757e0bdff&amp#27;[39m
&amp#27;[35m[HTTP]&amp#27;[39m &amp#27;[90m{}&amp#27;[39m
[debug] &amp#27;[35m[W3C (456f7ba0)]&amp#27;[39m Calling AppiumDriver.getSession() with args: ["456f7ba0-cee7-434e-afe0-bed757e0bdff"]
[debug] &amp#27;[35m[UiAutomator2]&amp#27;[39m Getting session details from server to mix in
[debug] &amp#27;[35m[WD Proxy]&amp#27;[39m Matched '/' to command name 'getSession'
[debug] &amp#27;[35m[WD Proxy]&amp#27;[39m Proxying [GET /] to [GET http://127.0.0.1:8200/wd/hub/session/304100ee-6216-46b2-ac8b-fdd8f7ad5306] with no body
[debug] &amp#27;[35m[WD Proxy]&amp#27;[39m Got response with status 200: {"sessionId":"304100ee-6216-46b2-ac8b-fdd8f7ad5306","value":{"lastScrollData":null}}
[debug] &amp#27;[35m[W3C (456f7ba0)]&amp#27;[39m Responding to client with driver.getSession() result: {"platform":"LINUX","webStorageEnabled":false,"takesScreenshot":true,"javascriptEnabled":true,"databaseEnabled":false,"networkConnectionEnabled":true,"locationContextEnabled":false,"warnings":{},"desired":{"platformName":"android","skipDeviceInitialization":true,"skipServerInstallation":false,"app":"./Resources/in.workindia.apk","appActivity":".RegisterActivity","appPackage":"in.workindia.nileshdungarwal.workindiaandroid","platformVersion":"8.1"},"platformName":"android","skipDeviceInitialization":true,"skipServerInstallation":false,"app":"./Resources/in.workindia.apk","appActivity":".RegisterActivity","appPackage":"in.workindia.nileshdungarwal.workindiaandroid","platformVersion":"8.1.0","deviceName":"emulator-5554","deviceUDID":"emulator-5554","deviceApiLevel":27,"deviceScreenSize":"1080x2160","deviceScreenDensity":440,"deviceModel":"Android SDK built for x86","deviceManufacturer":"Google","pixelRatio":2.75,"statBarHeight":66,"viewportRect":{"left":0,"top":66,"width":1080,"height":1962},"lastScrollData":n...
&amp#27;[35m[HTTP]&amp#27;[39m &amp#27;[37m<-- GET /wd/hub/session/456f7ba0-cee7-434e-afe0-bed757e0bdff &amp#27;[39m&amp#27;[32m200&amp#27;[39m &amp#27;[90m12 ms - 1035&amp#27;[39m
&amp#27;[35m[HTTP]&amp#27;[39m &amp#27;[90m&amp#27;[39m
&amp#27;[35m[HTTP]&amp#27;[39m &amp#27;[37m-->&amp#27;[39m &amp#27;[37mPOST&amp#27;[39m &amp#27;[37m/wd/hub/session/456f7ba0-cee7-434e-afe0-bed757e0bdff/element&amp#27;[39m
&amp#27;[35m[HTTP]&amp#27;[39m &amp#27;[90m{"using":"id","value":"in.workindia.nileshdungarwal.workindiaandroid:id/et_name"}&amp#27;[39m
[debug] &amp#27;[35m[W3C (456f7ba0)]&amp#27;[39m Calling AppiumDriver.findElement() with args: ["id","in.workindia.nileshdungarwal.workindiaandroid:id/et_name","456f7ba0-cee7-434e-afe0-bed757e0bdff"]
[debug] &amp#27;[35m[BaseDriver]&amp#27;[39m Valid locator strategies for this request: xpath, id, class name, accessibility id, css selector, -android uiautomator
[debug] &amp#27;[35m[BaseDriver]&amp#27;[39m Waiting up to 10000 ms for condition
[debug] &amp#27;[35m[WD Proxy]&amp#27;[39m Matched '/element' to command name 'findElement'
[debug] &amp#27;[35m[WD Proxy]&amp#27;[39m Proxying [POST /element] to [POST http://127.0.0.1:8200/wd/hub/session/304100ee-6216-46b2-ac8b-fdd8f7ad5306/element] with body: {"strategy":"id","selector":"in.workindia.nileshdungarwal.workindiaandroid:id/et_name","context":"","multiple":false}
[debug] &amp#27;[35m[WD Proxy]&amp#27;[39m Got response with status 200: {"sessionId":"304100ee-6216-46b2-ac8b-fdd8f7ad5306","value":{"ELEMENT":"f17c9558-737a-4bd5-b189-bbf333b4bdfe","element-6066-11e4-a52e-4f735466cecf":"f17c9558-737a-4bd5-b189-bbf333b4bdfe"}}
[debug] &amp#27;[35m[W3C (456f7ba0)]&amp#27;[39m Responding to client with driver.findElement() result: {"element-6066-11e4-a52e-4f735466cecf":"f17c9558-737a-4bd5-b189-bbf333b4bdfe","ELEMENT":"f17c9558-737a-4bd5-b189-bbf333b4bdfe"}
&amp#27;[35m[HTTP]&amp#27;[39m &amp#27;[37m<-- POST /wd/hub/session/456f7ba0-cee7-434e-afe0-bed757e0bdff/element &amp#27;[39m&amp#27;[32m200&amp#27;[39m &amp#27;[90m28 ms - 137&amp#27;[39m
&amp#27;[35m[HTTP]&amp#27;[39m &amp#27;[90m&amp#27;[39m
&amp#27;[35m[HTTP]&amp#27;[39m &amp#27;[37m-->&amp#27;[39m &amp#27;[37mPOST&amp#27;[39m &amp#27;[37m/wd/hub/session/456f7ba0-cee7-434e-afe0-bed757e0bdff/element/f17c9558-737a-4bd5-b189-bbf333b4bdfe/value&amp#27;[39m
&amp#27;[35m[HTTP]&amp#27;[39m &amp#27;[90m{"id":"f17c9558-737a-4bd5-b189-bbf333b4bdfe","text":"Sobhit","value":["S","o","b","h","i","t"]}&amp#27;[39m
[debug] &amp#27;[35m[W3C (456f7ba0)]&amp#27;[39m Calling AppiumDriver.setValue() with args: [["S","o","b","h","i","t"],"f17c9558-737a-4bd5-b189-bbf333b4bdfe","456f7ba0-cee7-434e-afe0-bed757e0bdff"]
[debug] &amp#27;[35m[WD Proxy]&amp#27;[39m Matched '/element/f17c9558-737a-4bd5-b189-bbf333b4bdfe/value' to command name 'setValue'
[debug] &amp#27;[35m[Protocol Converter]&amp#27;[39m Added 'value' property ["S","o","b","h","i","t"] to 'setValue' request body
[debug] &amp#27;[35m[WD Proxy]&amp#27;[39m Proxying [POST /element/f17c9558-737a-4bd5-b189-bbf333b4bdfe/value] to [POST http://127.0.0.1:8200/wd/hub/session/304100ee-6216-46b2-ac8b-fdd8f7ad5306/element/f17c9558-737a-4bd5-b189-bbf333b4bdfe/value] with body: {"elementId":"f17c9558-737a-4bd5-b189-bbf333b4bdfe","text":"Sobhit","replace":false,"value":["S","o","b","h","i","t"]}
[debug] &amp#27;[35m[WD Proxy]&amp#27;[39m Got response with status 200: {"sessionId":"304100ee-6216-46b2-ac8b-fdd8f7ad5306","value":null}
[debug] &amp#27;[35m[W3C (456f7ba0)]&amp#27;[39m Responding to client with driver.setValue() result: null
&amp#27;[35m[HTTP]&amp#27;[39m &amp#27;[37m<-- POST /wd/hub/session/456f7ba0-cee7-434e-afe0-bed757e0bdff/element/f17c9558-737a-4bd5-b189-bbf333b4bdfe/value &amp#27;[39m&amp#27;[32m200&amp#27;[39m &amp#27;[90m30 ms - 14&amp#27;[39m
&amp#27;[35m[HTTP]&amp#27;[39m &amp#27;[90m&amp#27;[39m
&amp#27;[35m[HTTP]&amp#27;[39m &amp#27;[37m-->&amp#27;[39m &amp#27;[37mGET&amp#27;[39m &amp#27;[37m/wd/hub/session/456f7ba0-cee7-434e-afe0-bed757e0bdff&amp#27;[39m
&amp#27;[35m[HTTP]&amp#27;[39m &amp#27;[90m{}&amp#27;[39m
[debug] &amp#27;[35m[W3C (456f7ba0)]&amp#27;[39m Calling AppiumDriver.getSession() with args: ["456f7ba0-cee7-434e-afe0-bed757e0bdff"]
[debug] &amp#27;[35m[UiAutomator2]&amp#27;[39m Getting session details from server to mix in
[debug] &amp#27;[35m[WD Proxy]&amp#27;[39m Matched '/' to command name 'getSession'
[debug] &amp#27;[35m[WD Proxy]&amp#27;[39m Proxying [GET /] to [GET http://127.0.0.1:8200/wd/hub/session/304100ee-6216-46b2-ac8b-fdd8f7ad5306] with no body
[debug] &amp#27;[35m[WD Proxy]&amp#27;[39m Got response with status 200: {"sessionId":"304100ee-6216-46b2-ac8b-fdd8f7ad5306","value":{"lastScrollData":null}}
[debug] &amp#27;[35m[W3C (456f7ba0)]&amp#27;[39m Responding to client with driver.getSession() result: {"platform":"LINUX","webStorageEnabled":false,"takesScreenshot":true,"javascriptEnabled":true,"databaseEnabled":false,"networkConnectionEnabled":true,"locationContextEnabled":false,"warnings":{},"desired":{"platformName":"android","skipDeviceInitialization":true,"skipServerInstallation":false,"app":"./Resources/in.workindia.apk","appActivity":".RegisterActivity","appPackage":"in.workindia.nileshdungarwal.workindiaandroid","platformVersion":"8.1"},"platformName":"android","skipDeviceInitialization":true,"skipServerInstallation":false,"app":"./Resources/in.workindia.apk","appActivity":".RegisterActivity","appPackage":"in.workindia.nileshdungarwal.workindiaandroid","platformVersion":"8.1.0","deviceName":"emulator-5554","deviceUDID":"emulator-5554","deviceApiLevel":27,"deviceScreenSize":"1080x2160","deviceScreenDensity":440,"deviceModel":"Android SDK built for x86","deviceManufacturer":"Google","pixelRatio":2.75,"statBarHeight":66,"viewportRect":{"left":0,"top":66,"width":1080,"height":1962},"lastScrollData":n...
&amp#27;[35m[HTTP]&amp#27;[39m &amp#27;[37m<-- GET /wd/hub/session/456f7ba0-cee7-434e-afe0-bed757e0bdff &amp#27;[39m&amp#27;[32m200&amp#27;[39m &amp#27;[90m14 ms - 1035&amp#27;[39m
&amp#27;[35m[HTTP]&amp#27;[39m &amp#27;[90m&amp#27;[39m
&amp#27;[35m[HTTP]&amp#27;[39m &amp#27;[37m-->&amp#27;[39m &amp#27;[37mPOST&amp#27;[39m &amp#27;[37m/wd/hub/session/456f7ba0-cee7-434e-afe0-bed757e0bdff/element&amp#27;[39m
&amp#27;[35m[HTTP]&amp#27;[39m &amp#27;[90m{"using":"id","value":"in.workindia.nileshdungarwal.workindiaandroid:id/et_number"}&amp#27;[39m
[debug] &amp#27;[35m[W3C (456f7ba0)]&amp#27;[39m Calling AppiumDriver.findElement() with args: ["id","in.workindia.nileshdungarwal.workindiaandroid:id/et_number","456f7ba0-cee7-434e-afe0-bed757e0bdff"]
[debug] &amp#27;[35m[BaseDriver]&amp#27;[39m Valid locator strategies for this request: xpath, id, class name, accessibility id, css selector, -android uiautomator
[debug] &amp#27;[35m[BaseDriver]&amp#27;[39m Waiting up to 10000 ms for condition
[debug] &amp#27;[35m[WD Proxy]&amp#27;[39m Matched '/element' to command name 'findElement'
[debug] &amp#27;[35m[WD Proxy]&amp#27;[39m Proxying [POST /element] to [POST http://127.0.0.1:8200/wd/hub/session/304100ee-6216-46b2-ac8b-fdd8f7ad5306/element] with body: {"strategy":"id","selector":"in.workindia.nileshdungarwal.workindiaandroid:id/et_number","context":"","multiple":false}
[debug] &amp#27;[35m[WD Proxy]&amp#27;[39m Got response with status 200: {"sessionId":"304100ee-6216-46b2-ac8b-fdd8f7ad5306","value":{"ELEMENT":"b8ac4839-cbf0-4c7a-a7bc-7b8319fa075b","element-6066-11e4-a52e-4f735466cecf":"b8ac4839-cbf0-4c7a-a7bc-7b8319fa075b"}}
[debug] &amp#27;[35m[W3C (456f7ba0)]&amp#27;[39m Responding to client with driver.findElement() result: {"element-6066-11e4-a52e-4f735466cecf":"b8ac4839-cbf0-4c7a-a7bc-7b8319fa075b","ELEMENT":"b8ac4839-cbf0-4c7a-a7bc-7b8319fa075b"}
&amp#27;[35m[HTTP]&amp#27;[39m &amp#27;[37m<-- POST /wd/hub/session/456f7ba0-cee7-434e-afe0-bed757e0bdff/element &amp#27;[39m&amp#27;[32m200&amp#27;[39m &amp#27;[90m506 ms - 137&amp#27;[39m
&amp#27;[35m[HTTP]&amp#27;[39m &amp#27;[90m&amp#27;[39m
&amp#27;[35m[HTTP]&amp#27;[39m &amp#27;[37m-->&amp#27;[39m &amp#27;[37mPOST&amp#27;[39m &amp#27;[37m/wd/hub/session/456f7ba0-cee7-434e-afe0-bed757e0bdff/element/b8ac4839-cbf0-4c7a-a7bc-7b8319fa075b/value&amp#27;[39m
&amp#27;[35m[HTTP]&amp#27;[39m &amp#27;[90m{"id":"b8ac4839-cbf0-4c7a-a7bc-7b8319fa075b","text":"1234567890","value":["1","2","3","4","5","6","7","8","9","0"]}&amp#27;[39m
[debug] &amp#27;[35m[W3C (456f7ba0)]&amp#27;[39m Calling AppiumDriver.setValue() with args: [["1","2","3","4","5","6","7","8","9","0"],"b8ac4839-cbf0-4c7a-a7bc-7b8319fa075b","456f7ba0-cee7-434e-afe0-bed757e0bdff"]
[debug] &amp#27;[35m[WD Proxy]&amp#27;[39m Matched '/element/b8ac4839-cbf0-4c7a-a7bc-7b8319fa075b/value' to command name 'setValue'
[debug] &amp#27;[35m[Protocol Converter]&amp#27;[39m Added 'value' property ["1","2","3","4","5","6","7","8","9","0"] to 'setValue' request body
[debug] &amp#27;[35m[WD Proxy]&amp#27;[39m Proxying [POST /element/b8ac4839-cbf0-4c7a-a7bc-7b8319fa075b/value] to [POST http://127.0.0.1:8200/wd/hub/session/304100ee-6216-46b2-ac8b-fdd8f7ad5306/element/b8ac4839-cbf0-4c7a-a7bc-7b8319fa075b/value] with body: {"elementId":"b8ac4839-cbf0-4c7a-a7bc-7b8319fa075b","text":"1234567890","replace":false,"value":["1","2","3","4","5","6","7","8","9","0"]}
[debug] &amp#27;[35m[WD Proxy]&amp#27;[39m Got response with status 200: {"sessionId":"304100ee-6216-46b2-ac8b-fdd8f7ad5306","value":null}
[debug] &amp#27;[35m[W3C (456f7ba0)]&amp#27;[39m Responding to client with driver.setValue() result: null
&amp#27;[35m[HTTP]&amp#27;[39m &amp#27;[37m<-- POST /wd/hub/session/456f7ba0-cee7-434e-afe0-bed757e0bdff/element/b8ac4839-cbf0-4c7a-a7bc-7b8319fa075b/value &amp#27;[39m&amp#27;[32m200&amp#27;[39m &amp#27;[90m27 ms - 14&amp#27;[39m
&amp#27;[35m[HTTP]&amp#27;[39m &amp#27;[90m&amp#27;[39m
&amp#27;[35m[HTTP]&amp#27;[39m &amp#27;[37m-->&amp#27;[39m &amp#27;[37mGET&amp#27;[39m &amp#27;[37m/wd/hub/session/456f7ba0-cee7-434e-afe0-bed757e0bdff&amp#27;[39m
&amp#27;[35m[HTTP]&amp#27;[39m &amp#27;[90m{}&amp#27;[39m
[debug] &amp#27;[35m[W3C (456f7ba0)]&amp#27;[39m Calling AppiumDriver.getSession() with args: ["456f7ba0-cee7-434e-afe0-bed757e0bdff"]
[debug] &amp#27;[35m[UiAutomator2]&amp#27;[39m Getting session details from server to mix in
[debug] &amp#27;[35m[WD Proxy]&amp#27;[39m Matched '/' to command name 'getSession'
[debug] &amp#27;[35m[WD Proxy]&amp#27;[39m Proxying [GET /] to [GET http://127.0.0.1:8200/wd/hub/session/304100ee-6216-46b2-ac8b-fdd8f7ad5306] with no body
[debug] &amp#27;[35m[WD Proxy]&amp#27;[39m Got response with status 200: {"sessionId":"304100ee-6216-46b2-ac8b-fdd8f7ad5306","value":{"lastScrollData":null}}
[debug] &amp#27;[35m[W3C (456f7ba0)]&amp#27;[39m Responding to client with driver.getSession() result: {"platform":"LINUX","webStorageEnabled":false,"takesScreenshot":true,"javascriptEnabled":true,"databaseEnabled":false,"networkConnectionEnabled":true,"locationContextEnabled":false,"warnings":{},"desired":{"platformName":"android","skipDeviceInitialization":true,"skipServerInstallation":false,"app":"./Resources/in.workindia.apk","appActivity":".RegisterActivity","appPackage":"in.workindia.nileshdungarwal.workindiaandroid","platformVersion":"8.1"},"platformName":"android","skipDeviceInitialization":true,"skipServerInstallation":false,"app":"./Resources/in.workindia.apk","appActivity":".RegisterActivity","appPackage":"in.workindia.nileshdungarwal.workindiaandroid","platformVersion":"8.1.0","deviceName":"emulator-5554","deviceUDID":"emulator-5554","deviceApiLevel":27,"deviceScreenSize":"1080x2160","deviceScreenDensity":440,"deviceModel":"Android SDK built for x86","deviceManufacturer":"Google","pixelRatio":2.75,"statBarHeight":66,"viewportRect":{"left":0,"top":66,"width":1080,"height":1962},"lastScrollData":n...
&amp#27;[35m[HTTP]&amp#27;[39m &amp#27;[37m<-- GET /wd/hub/session/456f7ba0-cee7-434e-afe0-bed757e0bdff &amp#27;[39m&amp#27;[32m200&amp#27;[39m &amp#27;[90m14 ms - 1035&amp#27;[39m
&amp#27;[35m[HTTP]&amp#27;[39m &amp#27;[90m&amp#27;[39m
&amp#27;[35m[HTTP]&amp#27;[39m &amp#27;[37m-->&amp#27;[39m &amp#27;[37mGET&amp#27;[39m &amp#27;[37m/wd/hub/session/456f7ba0-cee7-434e-afe0-bed757e0bdff&amp#27;[39m
&amp#27;[35m[HTTP]&amp#27;[39m &amp#27;[90m{}&amp#27;[39m
[debug] &amp#27;[35m[W3C (456f7ba0)]&amp#27;[39m Calling AppiumDriver.getSession() with args: ["456f7ba0-cee7-434e-afe0-bed757e0bdff"]
[debug] &amp#27;[35m[UiAutomator2]&amp#27;[39m Getting session details from server to mix in
[debug] &amp#27;[35m[WD Proxy]&amp#27;[39m Matched '/' to command name 'getSession'
[debug] &amp#27;[35m[WD Proxy]&amp#27;[39m Proxying [GET /] to [GET http://127.0.0.1:8200/wd/hub/session/304100ee-6216-46b2-ac8b-fdd8f7ad5306] with no body
[debug] &amp#27;[35m[WD Proxy]&amp#27;[39m Got response with status 200: {"sessionId":"304100ee-6216-46b2-ac8b-fdd8f7ad5306","value":{"lastScrollData":null}}
[debug] &amp#27;[35m[W3C (456f7ba0)]&amp#27;[39m Responding to client with driver.getSession() result: {"platform":"LINUX","webStorageEnabled":false,"takesScreenshot":true,"javascriptEnabled":true,"databaseEnabled":false,"networkConnectionEnabled":true,"locationContextEnabled":false,"warnings":{},"desired":{"platformName":"android","skipDeviceInitialization":true,"skipServerInstallation":false,"app":"./Resources/in.workindia.apk","appActivity":".RegisterActivity","appPackage":"in.workindia.nileshdungarwal.workindiaandroid","platformVersion":"8.1"},"platformName":"android","skipDeviceInitialization":true,"skipServerInstallation":false,"app":"./Resources/in.workindia.apk","appActivity":".RegisterActivity","appPackage":"in.workindia.nileshdungarwal.workindiaandroid","platformVersion":"8.1.0","deviceName":"emulator-5554","deviceUDID":"emulator-5554","deviceApiLevel":27,"deviceScreenSize":"1080x2160","deviceScreenDensity":440,"deviceModel":"Android SDK built for x86","deviceManufacturer":"Google","pixelRatio":2.75,"statBarHeight":66,"viewportRect":{"left":0,"top":66,"width":1080,"height":1962},"lastScrollData":n...
&amp#27;[35m[HTTP]&amp#27;[39m &amp#27;[37m<-- GET /wd/hub/session/456f7ba0-cee7-434e-afe0-bed757e0bdff &amp#27;[39m&amp#27;[32m200&amp#27;[39m &amp#27;[90m13 ms - 1035&amp#27;[39m
&amp#27;[35m[HTTP]&amp#27;[39m &amp#27;[90m&amp#27;[39m
&amp#27;[35m[HTTP]&amp#27;[39m &amp#27;[37m-->&amp#27;[39m &amp#27;[37mGET&amp#27;[39m &amp#27;[37m/wd/hub/session/456f7ba0-cee7-434e-afe0-bed757e0bdff&amp#27;[39m
&amp#27;[35m[HTTP]&amp#27;[39m &amp#27;[90m{}&amp#27;[39m
[debug] &amp#27;[35m[W3C (456f7ba0)]&amp#27;[39m Calling AppiumDriver.getSession() with args: ["456f7ba0-cee7-434e-afe0-bed757e0bdff"]
[debug] &amp#27;[35m[UiAutomator2]&amp#27;[39m Getting session details from server to mix in
[debug] &amp#27;[35m[WD Proxy]&amp#27;[39m Matched '/' to command name 'getSession'
[debug] &amp#27;[35m[WD Proxy]&amp#27;[39m Proxying [GET /] to [GET http://127.0.0.1:8200/wd/hub/session/304100ee-6216-46b2-ac8b-fdd8f7ad5306] with no body
[debug] &amp#27;[35m[WD Proxy]&amp#27;[39m Got response with status 200: {"sessionId":"304100ee-6216-46b2-ac8b-fdd8f7ad5306","value":{"lastScrollData":null}}
[debug] &amp#27;[35m[W3C (456f7ba0)]&amp#27;[39m Responding to client with driver.getSession() result: {"platform":"LINUX","webStorageEnabled":false,"takesScreenshot":true,"javascriptEnabled":true,"databaseEnabled":false,"networkConnectionEnabled":true,"locationContextEnabled":false,"warnings":{},"desired":{"platformName":"android","skipDeviceInitialization":true,"skipServerInstallation":false,"app":"./Resources/in.workindia.apk","appActivity":".RegisterActivity","appPackage":"in.workindia.nileshdungarwal.workindiaandroid","platformVersion":"8.1"},"platformName":"android","skipDeviceInitialization":true,"skipServerInstallation":false,"app":"./Resources/in.workindia.apk","appActivity":".RegisterActivity","appPackage":"in.workindia.nileshdungarwal.workindiaandroid","platformVersion":"8.1.0","deviceName":"emulator-5554","deviceUDID":"emulator-5554","deviceApiLevel":27,"deviceScreenSize":"1080x2160","deviceScreenDensity":440,"deviceModel":"Android SDK built for x86","deviceManufacturer":"Google","pixelRatio":2.75,"statBarHeight":66,"viewportRect":{"left":0,"top":66,"width":1080,"height":1962},"lastScrollData":n...
&amp#27;[35m[HTTP]&amp#27;[39m &amp#27;[37m<-- GET /wd/hub/session/456f7ba0-cee7-434e-afe0-bed757e0bdff &amp#27;[39m&amp#27;[32m200&amp#27;[39m &amp#27;[90m14 ms - 1035&amp#27;[39m
&amp#27;[35m[HTTP]&amp#27;[39m &amp#27;[90m&amp#27;[39m
&amp#27;[35m[HTTP]&amp#27;[39m &amp#27;[37m-->&amp#27;[39m &amp#27;[37mPOST&amp#27;[39m &amp#27;[37m/wd/hub/session/456f7ba0-cee7-434e-afe0-bed757e0bdff/element&amp#27;[39m
&amp#27;[35m[HTTP]&amp#27;[39m &amp#27;[90m{"using":"id","value":"in.workindia.nileshdungarwal.workindiaandroid:id/btn_submit"}&amp#27;[39m
[debug] &amp#27;[35m[W3C (456f7ba0)]&amp#27;[39m Calling AppiumDriver.findElement() with args: ["id","in.workindia.nileshdungarwal.workindiaandroid:id/btn_submit","456f7ba0-cee7-434e-afe0-bed757e0bdff"]
[debug] &amp#27;[35m[BaseDriver]&amp#27;[39m Valid locator strategies for this request: xpath, id, class name, accessibility id, css selector, -android uiautomator
[debug] &amp#27;[35m[BaseDriver]&amp#27;[39m Waiting up to 10000 ms for condition
[debug] &amp#27;[35m[WD Proxy]&amp#27;[39m Matched '/element' to command name 'findElement'
[debug] &amp#27;[35m[WD Proxy]&amp#27;[39m Proxying [POST /element] to [POST http://127.0.0.1:8200/wd/hub/session/304100ee-6216-46b2-ac8b-fdd8f7ad5306/element] with body: {"strategy":"id","selector":"in.workindia.nileshdungarwal.workindiaandroid:id/btn_submit","context":"","multiple":false}
[debug] &amp#27;[35m[WD Proxy]&amp#27;[39m Got response with status 200: {"sessionId":"304100ee-6216-46b2-ac8b-fdd8f7ad5306","value":{"ELEMENT":"8dff0fd5-d486-43f1-a345-a20d2ef89d88","element-6066-11e4-a52e-4f735466cecf":"8dff0fd5-d486-43f1-a345-a20d2ef89d88"}}
[debug] &amp#27;[35m[W3C (456f7ba0)]&amp#27;[39m Responding to client with driver.findElement() result: {"element-6066-11e4-a52e-4f735466cecf":"8dff0fd5-d486-43f1-a345-a20d2ef89d88","ELEMENT":"8dff0fd5-d486-43f1-a345-a20d2ef89d88"}
&amp#27;[35m[HTTP]&amp#27;[39m &amp#27;[37m<-- POST /wd/hub/session/456f7ba0-cee7-434e-afe0-bed757e0bdff/element &amp#27;[39m&amp#27;[32m200&amp#27;[39m &amp#27;[90m451 ms - 137&amp#27;[39m
&amp#27;[35m[HTTP]&amp#27;[39m &amp#27;[90m&amp#27;[39m
&amp#27;[35m[HTTP]&amp#27;[39m &amp#27;[37m-->&amp#27;[39m &amp#27;[37mPOST&amp#27;[39m &amp#27;[37m/wd/hub/session/456f7ba0-cee7-434e-afe0-bed757e0bdff/element/8dff0fd5-d486-43f1-a345-a20d2ef89d88/click&amp#27;[39m
&amp#27;[35m[HTTP]&amp#27;[39m &amp#27;[90m{"id":"8dff0fd5-d486-43f1-a345-a20d2ef89d88"}&amp#27;[39m
[debug] &amp#27;[35m[W3C (456f7ba0)]&amp#27;[39m Calling AppiumDriver.click() with args: ["8dff0fd5-d486-43f1-a345-a20d2ef89d88","456f7ba0-cee7-434e-afe0-bed757e0bdff"]
[debug] &amp#27;[35m[WD Proxy]&amp#27;[39m Matched '/element/8dff0fd5-d486-43f1-a345-a20d2ef89d88/click' to command name 'click'
[debug] &amp#27;[35m[WD Proxy]&amp#27;[39m Proxying [POST /element/8dff0fd5-d486-43f1-a345-a20d2ef89d88/click] to [POST http://127.0.0.1:8200/wd/hub/session/304100ee-6216-46b2-ac8b-fdd8f7ad5306/element/8dff0fd5-d486-43f1-a345-a20d2ef89d88/click] with body: {"element":"8dff0fd5-d486-43f1-a345-a20d2ef89d88"}
[debug] &amp#27;[35m[WD Proxy]&amp#27;[39m Got response with status 200: {"sessionId":"304100ee-6216-46b2-ac8b-fdd8f7ad5306","value":null}
[debug] &amp#27;[35m[W3C (456f7ba0)]&amp#27;[39m Responding to client with driver.click() result: null
&amp#27;[35m[HTTP]&amp#27;[39m &amp#27;[37m<-- POST /wd/hub/session/456f7ba0-cee7-434e-afe0-bed757e0bdff/element/8dff0fd5-d486-43f1-a345-a20d2ef89d88/click &amp#27;[39m&amp#27;[32m200&amp#27;[39m &amp#27;[90m25 ms - 14&amp#27;[39m
&amp#27;[35m[HTTP]&amp#27;[39m &amp#27;[90m&amp#27;[39m
&amp#27;[35m[HTTP]&amp#27;[39m &amp#27;[37m-->&amp#27;[39m &amp#27;[37mPOST&amp#27;[39m &amp#27;[37m/wd/hub/session/456f7ba0-cee7-434e-afe0-bed757e0bdff/timeouts&amp#27;[39m
&amp#27;[35m[HTTP]&amp#27;[39m &amp#27;[90m{"implicit":50000}&amp#27;[39m
[debug] &amp#27;[35m[W3C (456f7ba0)]&amp#27;[39m Calling AppiumDriver.timeouts() with args: [null,null,null,null,50000,"456f7ba0-cee7-434e-afe0-bed757e0bdff"]
[debug] &amp#27;[35m[BaseDriver]&amp#27;[39m W3C timeout argument: {"implicit":50000}}
[debug] &amp#27;[35m[BaseDriver]&amp#27;[39m Set implicit wait to 50000ms
[debug] &amp#27;[35m[W3C (456f7ba0)]&amp#27;[39m Responding to client with driver.timeouts() result: null
&amp#27;[35m[HTTP]&amp#27;[39m &amp#27;[37m<-- POST /wd/hub/session/456f7ba0-cee7-434e-afe0-bed757e0bdff/timeouts &amp#27;[39m&amp#27;[32m200&amp#27;[39m &amp#27;[90m5 ms - 14&amp#27;[39m
&amp#27;[35m[HTTP]&amp#27;[39m &amp#27;[90m&amp#27;[39m
&amp#27;[35m[HTTP]&amp#27;[39m &amp#27;[37m-->&amp#27;[39m &amp#27;[37mPOST&amp#27;[39m &amp#27;[37m/wd/hub/session/456f7ba0-cee7-434e-afe0-bed757e0bdff/timeouts&amp#27;[39m
&amp#27;[35m[HTTP]&amp#27;[39m &amp#27;[90m{"implicit":50000}&amp#27;[39m
[debug] &amp#27;[35m[W3C (456f7ba0)]&amp#27;[39m Calling AppiumDriver.timeouts() with args: [null,null,null,null,50000,"456f7ba0-cee7-434e-afe0-bed757e0bdff"]
[debug] &amp#27;[35m[BaseDriver]&amp#27;[39m W3C timeout argument: {"implicit":50000}}
[debug] &amp#27;[35m[BaseDriver]&amp#27;[39m Set implicit wait to 50000ms
[debug] &amp#27;[35m[W3C (456f7ba0)]&amp#27;[39m Responding to client with driver.timeouts() result: null
&amp#27;[35m[HTTP]&amp#27;[39m &amp#27;[37m<-- POST /wd/hub/session/456f7ba0-cee7-434e-afe0-bed757e0bdff/timeouts &amp#27;[39m&amp#27;[32m200&amp#27;[39m &amp#27;[90m2 ms - 14&amp#27;[39m
&amp#27;[35m[HTTP]&amp#27;[39m &amp#27;[90m&amp#27;[39m
&amp#27;[35m[HTTP]&amp#27;[39m &amp#27;[37m-->&amp#27;[39m &amp#27;[37mGET&amp#27;[39m &amp#27;[37m/wd/hub/session/456f7ba0-cee7-434e-afe0-bed757e0bdff&amp#27;[39m
&amp#27;[35m[HTTP]&amp#27;[39m &amp#27;[90m{}&amp#27;[39m
[debug] &amp#27;[35m[W3C (456f7ba0)]&amp#27;[39m Calling AppiumDriver.getSession() with args: ["456f7ba0-cee7-434e-afe0-bed757e0bdff"]
[debug] &amp#27;[35m[UiAutomator2]&amp#27;[39m Getting session details from server to mix in
[debug] &amp#27;[35m[WD Proxy]&amp#27;[39m Matched '/' to command name 'getSession'
[debug] &amp#27;[35m[WD Proxy]&amp#27;[39m Proxying [GET /] to [GET http://127.0.0.1:8200/wd/hub/session/304100ee-6216-46b2-ac8b-fdd8f7ad5306] with no body
[debug] &amp#27;[35m[WD Proxy]&amp#27;[39m Got response with status 200: {"sessionId":"304100ee-6216-46b2-ac8b-fdd8f7ad5306","value":{"lastScrollData":null}}
[debug] &amp#27;[35m[W3C (456f7ba0)]&amp#27;[39m Responding to client with driver.getSession() result: {"platform":"LINUX","webStorageEnabled":false,"takesScreenshot":true,"javascriptEnabled":true,"databaseEnabled":false,"networkConnectionEnabled":true,"locationContextEnabled":false,"warnings":{},"desired":{"platformName":"android","skipDeviceInitialization":true,"skipServerInstallation":false,"app":"./Resources/in.workindia.apk","appActivity":".RegisterActivity","appPackage":"in.workindia.nileshdungarwal.workindiaandroid","platformVersion":"8.1"},"platformName":"android","skipDeviceInitialization":true,"skipServerInstallation":false,"app":"./Resources/in.workindia.apk","appActivity":".RegisterActivity","appPackage":"in.workindia.nileshdungarwal.workindiaandroid","platformVersion":"8.1.0","deviceName":"emulator-5554","deviceUDID":"emulator-5554","deviceApiLevel":27,"deviceScreenSize":"1080x2160","deviceScreenDensity":440,"deviceModel":"Android SDK built for x86","deviceManufacturer":"Google","pixelRatio":2.75,"statBarHeight":66,"viewportRect":{"left":0,"top":66,"width":1080,"height":1962},"lastScrollData":n...
&amp#27;[35m[HTTP]&amp#27;[39m &amp#27;[37m<-- GET /wd/hub/session/456f7ba0-cee7-434e-afe0-bed757e0bdff &amp#27;[39m&amp#27;[32m200&amp#27;[39m &amp#27;[90m12 ms - 1035&amp#27;[39m
&amp#27;[35m[HTTP]&amp#27;[39m &amp#27;[90m&amp#27;[39m
&amp#27;[35m[HTTP]&amp#27;[39m &amp#27;[37m-->&amp#27;[39m &amp#27;[37mGET&amp#27;[39m &amp#27;[37m/wd/hub/session/456f7ba0-cee7-434e-afe0-bed757e0bdff&amp#27;[39m
&amp#27;[35m[HTTP]&amp#27;[39m &amp#27;[90m{}&amp#27;[39m
[debug] &amp#27;[35m[W3C (456f7ba0)]&amp#27;[39m Calling AppiumDriver.getSession() with args: ["456f7ba0-cee7-434e-afe0-bed757e0bdff"]
[debug] &amp#27;[35m[UiAutomator2]&amp#27;[39m Getting session details from server to mix in
[debug] &amp#27;[35m[WD Proxy]&amp#27;[39m Matched '/' to command name 'getSession'
[debug] &amp#27;[35m[WD Proxy]&amp#27;[39m Proxying [GET /] to [GET http://127.0.0.1:8200/wd/hub/session/304100ee-6216-46b2-ac8b-fdd8f7ad5306] with no body
[debug] &amp#27;[35m[WD Proxy]&amp#27;[39m Got response with status 200: {"sessionId":"304100ee-6216-46b2-ac8b-fdd8f7ad5306","value":{"lastScrollData":null}}
[debug] &amp#27;[35m[W3C (456f7ba0)]&amp#27;[39m Responding to client with driver.getSession() result: {"platform":"LINUX","webStorageEnabled":false,"takesScreenshot":true,"javascriptEnabled":true,"databaseEnabled":false,"networkConnectionEnabled":true,"locationContextEnabled":false,"warnings":{},"desired":{"platformName":"android","skipDeviceInitialization":true,"skipServerInstallation":false,"app":"./Resources/in.workindia.apk","appActivity":".RegisterActivity","appPackage":"in.workindia.nileshdungarwal.workindiaandroid","platformVersion":"8.1"},"platformName":"android","skipDeviceInitialization":true,"skipServerInstallation":false,"app":"./Resources/in.workindia.apk","appActivity":".RegisterActivity","appPackage":"in.workindia.nileshdungarwal.workindiaandroid","platformVersion":"8.1.0","deviceName":"emulator-5554","deviceUDID":"emulator-5554","deviceApiLevel":27,"deviceScreenSize":"1080x2160","deviceScreenDensity":440,"deviceModel":"Android SDK built for x86","deviceManufacturer":"Google","pixelRatio":2.75,"statBarHeight":66,"viewportRect":{"left":0,"top":66,"width":1080,"height":1962},"lastScrollData":n...
&amp#27;[35m[HTTP]&amp#27;[39m &amp#27;[37m<-- GET /wd/hub/session/456f7ba0-cee7-434e-afe0-bed757e0bdff &amp#27;[39m&amp#27;[32m200&amp#27;[39m &amp#27;[90m11 ms - 1035&amp#27;[39m
&amp#27;[35m[HTTP]&amp#27;[39m &amp#27;[90m&amp#27;[39m
&amp#27;[35m[HTTP]&amp#27;[39m &amp#27;[37m-->&amp#27;[39m &amp#27;[37mGET&amp#27;[39m &amp#27;[37m/wd/hub/session/456f7ba0-cee7-434e-afe0-bed757e0bdff&amp#27;[39m
&amp#27;[35m[HTTP]&amp#27;[39m &amp#27;[90m{}&amp#27;[39m
[debug] &amp#27;[35m[W3C (456f7ba0)]&amp#27;[39m Calling AppiumDriver.getSession() with args: ["456f7ba0-cee7-434e-afe0-bed757e0bdff"]
[debug] &amp#27;[35m[UiAutomator2]&amp#27;[39m Getting session details from server to mix in
[debug] &amp#27;[35m[WD Proxy]&amp#27;[39m Matched '/' to command name 'getSession'
[debug] &amp#27;[35m[WD Proxy]&amp#27;[39m Proxying [GET /] to [GET http://127.0.0.1:8200/wd/hub/session/304100ee-6216-46b2-ac8b-fdd8f7ad5306] with no body
[debug] &amp#27;[35m[WD Proxy]&amp#27;[39m Got response with status 200: {"sessionId":"304100ee-6216-46b2-ac8b-fdd8f7ad5306","value":{"lastScrollData":null}}
[debug] &amp#27;[35m[W3C (456f7ba0)]&amp#27;[39m Responding to client with driver.getSession() result: {"platform":"LINUX","webStorageEnabled":false,"takesScreenshot":true,"javascriptEnabled":true,"databaseEnabled":false,"networkConnectionEnabled":true,"locationContextEnabled":false,"warnings":{},"desired":{"platformName":"android","skipDeviceInitialization":true,"skipServerInstallation":false,"app":"./Resources/in.workindia.apk","appActivity":".RegisterActivity","appPackage":"in.workindia.nileshdungarwal.workindiaandroid","platformVersion":"8.1"},"platformName":"android","skipDeviceInitialization":true,"skipServerInstallation":false,"app":"./Resources/in.workindia.apk","appActivity":".RegisterActivity","appPackage":"in.workindia.nileshdungarwal.workindiaandroid","platformVersion":"8.1.0","deviceName":"emulator-5554","deviceUDID":"emulator-5554","deviceApiLevel":27,"deviceScreenSize":"1080x2160","deviceScreenDensity":440,"deviceModel":"Android SDK built for x86","deviceManufacturer":"Google","pixelRatio":2.75,"statBarHeight":66,"viewportRect":{"left":0,"top":66,"width":1080,"height":1962},"lastScrollData":n...
&amp#27;[35m[HTTP]&amp#27;[39m &amp#27;[37m<-- GET /wd/hub/session/456f7ba0-cee7-434e-afe0-bed757e0bdff &amp#27;[39m&amp#27;[32m200&amp#27;[39m &amp#27;[90m13 ms - 1035&amp#27;[39m
&amp#27;[35m[HTTP]&amp#27;[39m &amp#27;[90m&amp#27;[39m
&amp#27;[35m[HTTP]&amp#27;[39m &amp#27;[37m-->&amp#27;[39m &amp#27;[37mPOST&amp#27;[39m &amp#27;[37m/wd/hub/session/456f7ba0-cee7-434e-afe0-bed757e0bdff/element&amp#27;[39m
&amp#27;[35m[HTTP]&amp#27;[39m &amp#27;[90m{"using":"id","value":"in.workindia.nileshdungarwal.workindiaandroid:id/rb_delhi"}&amp#27;[39m
[debug] &amp#27;[35m[W3C (456f7ba0)]&amp#27;[39m Calling AppiumDriver.findElement() with args: ["id","in.workindia.nileshdungarwal.workindiaandroid:id/rb_delhi","456f7ba0-cee7-434e-afe0-bed757e0bdff"]
[debug] &amp#27;[35m[BaseDriver]&amp#27;[39m Valid locator strategies for this request: xpath, id, class name, accessibility id, css selector, -android uiautomator
[debug] &amp#27;[35m[BaseDriver]&amp#27;[39m Waiting up to 50000 ms for condition
[debug] &amp#27;[35m[WD Proxy]&amp#27;[39m Matched '/element' to command name 'findElement'
[debug] &amp#27;[35m[WD Proxy]&amp#27;[39m Proxying [POST /element] to [POST http://127.0.0.1:8200/wd/hub/session/304100ee-6216-46b2-ac8b-fdd8f7ad5306/element] with body: {"strategy":"id","selector":"in.workindia.nileshdungarwal.workindiaandroid:id/rb_delhi","context":"","multiple":false}
&amp#27;[35m[WD Proxy]&amp#27;[39m Got response with status 404: {"sessionId":"304100ee-6216-46b2-ac8b-fdd8f7ad5306","value":{"error":"no such element","message":"An element could not be located on the page using the given search parameters","stacktrace":"io.appium.uiautomator2.common.exceptions.ElementNotFoundException: An element could not be located on the page using the given search parameters\n\tat io.appium.uiautomator2.handler.FindElement.safeHandle(FindElement.java:73)\n\tat io.appium.uiautomator2.handler.request.SafeRequestHandler.handle(SafeRequestHandler.java:41)\n\tat io.appium.uiautomator2.server.AppiumServlet.handleRequest(AppiumServlet.java:261)\n\tat io.appium.uiautomator2.server.AppiumServlet.handleHttpRequest(AppiumServlet.java:255)\n\tat io.appium.uiautomator2.http.ServerHandler.channelRead(ServerHandler.java:68)\n\tat io.netty.channel.AbstractChannelHandlerContext.invokeChannelRead(AbstractChannelHandlerContext.java:366)\n\tat io.netty.channel.AbstractChannelHandlerContext.invokeChannelRead(AbstractChannelHandlerContext.java:352)\n\tat io.netty.chann...
[debug] &amp#27;[35m[W3C]&amp#27;[39m Matched W3C error code 'no such element' to NoSuchElementError
[debug] &amp#27;[35m[BaseDriver]&amp#27;[39m Waited for 188 ms so far
[debug] &amp#27;[35m[WD Proxy]&amp#27;[39m Matched '/element' to command name 'findElement'
[debug] &amp#27;[35m[WD Proxy]&amp#27;[39m Proxying [POST /element] to [POST http://127.0.0.1:8200/wd/hub/session/304100ee-6216-46b2-ac8b-fdd8f7ad5306/element] with body: {"strategy":"id","selector":"in.workindia.nileshdungarwal.workindiaandroid:id/rb_delhi","context":"","multiple":false}
&amp#27;[35m[WD Proxy]&amp#27;[39m Got response with status 404: {"sessionId":"304100ee-6216-46b2-ac8b-fdd8f7ad5306","value":{"error":"no such element","message":"An element could not be located on the page using the given search parameters","stacktrace":"io.appium.uiautomator2.common.exceptions.ElementNotFoundException: An element could not be located on the page using the given search parameters\n\tat io.appium.uiautomator2.handler.FindElement.safeHandle(FindElement.java:73)\n\tat io.appium.uiautomator2.handler.request.SafeRequestHandler.handle(SafeRequestHandler.java:41)\n\tat io.appium.uiautomator2.server.AppiumServlet.handleRequest(AppiumServlet.java:261)\n\tat io.appium.uiautomator2.server.AppiumServlet.handleHttpRequest(AppiumServlet.java:255)\n\tat io.appium.uiautomator2.http.ServerHandler.channelRead(ServerHandler.java:68)\n\tat io.netty.channel.AbstractChannelHandlerContext.invokeChannelRead(AbstractChannelHandlerContext.java:366)\n\tat io.netty.channel.AbstractChannelHandlerContext.invokeChannelRead(AbstractChannelHandlerContext.java:352)\n\tat io.netty.chann...
[debug] &amp#27;[35m[W3C]&amp#27;[39m Matched W3C error code 'no such element' to NoSuchElementError
[debug] &amp#27;[35m[BaseDriver]&amp#27;[39m Waited for 835 ms so far
[debug] &amp#27;[35m[WD Proxy]&amp#27;[39m Matched '/element' to command name 'findElement'
[debug] &amp#27;[35m[WD Proxy]&amp#27;[39m Proxying [POST /element] to [POST http://127.0.0.1:8200/wd/hub/session/304100ee-6216-46b2-ac8b-fdd8f7ad5306/element] with body: {"strategy":"id","selector":"in.workindia.nileshdungarwal.workindiaandroid:id/rb_delhi","context":"","multiple":false}
&amp#27;[35m[WD Proxy]&amp#27;[39m Got response with status 404: {"sessionId":"304100ee-6216-46b2-ac8b-fdd8f7ad5306","value":{"error":"no such element","message":"An element could not be located on the page using the given search parameters","stacktrace":"io.appium.uiautomator2.common.exceptions.ElementNotFoundException: An element could not be located on the page using the given search parameters\n\tat io.appium.uiautomator2.handler.FindElement.safeHandle(FindElement.java:73)\n\tat io.appium.uiautomator2.handler.request.SafeRequestHandler.handle(SafeRequestHandler.java:41)\n\tat io.appium.uiautomator2.server.AppiumServlet.handleRequest(AppiumServlet.java:261)\n\tat io.appium.uiautomator2.server.AppiumServlet.handleHttpRequest(AppiumServlet.java:255)\n\tat io.appium.uiautomator2.http.ServerHandler.channelRead(ServerHandler.java:68)\n\tat io.netty.channel.AbstractChannelHandlerContext.invokeChannelRead(AbstractChannelHandlerContext.java:366)\n\tat io.netty.channel.AbstractChannelHandlerContext.invokeChannelRead(AbstractChannelHandlerContext.java:352)\n\tat io.netty.chann...
[debug] &amp#27;[35m[W3C]&amp#27;[39m Matched W3C error code 'no such element' to NoSuchElementError
[debug] &amp#27;[35m[BaseDriver]&amp#27;[39m Waited for 1363 ms so far
[debug] &amp#27;[35m[WD Proxy]&amp#27;[39m Matched '/element' to command name 'findElement'
[debug] &amp#27;[35m[WD Proxy]&amp#27;[39m Proxying [POST /element] to [POST http://127.0.0.1:8200/wd/hub/session/304100ee-6216-46b2-ac8b-fdd8f7ad5306/element] with body: {"strategy":"id","selector":"in.workindia.nileshdungarwal.workindiaandroid:id/rb_delhi","context":"","multiple":false}
&amp#27;[35m[WD Proxy]&amp#27;[39m Got response with status 404: {"sessionId":"304100ee-6216-46b2-ac8b-fdd8f7ad5306","value":{"error":"no such element","message":"An element could not be located on the page using the given search parameters","stacktrace":"io.appium.uiautomator2.common.exceptions.ElementNotFoundException: An element could not be located on the page using the given search parameters\n\tat io.appium.uiautomator2.handler.FindElement.safeHandle(FindElement.java:73)\n\tat io.appium.uiautomator2.handler.request.SafeRequestHandler.handle(SafeRequestHandler.java:41)\n\tat io.appium.uiautomator2.server.AppiumServlet.handleRequest(AppiumServlet.java:261)\n\tat io.appium.uiautomator2.server.AppiumServlet.handleHttpRequest(AppiumServlet.java:255)\n\tat io.appium.uiautomator2.http.ServerHandler.channelRead(ServerHandler.java:68)\n\tat io.netty.channel.AbstractChannelHandlerContext.invokeChannelRead(AbstractChannelHandlerContext.java:366)\n\tat io.netty.channel.AbstractChannelHandlerContext.invokeChannelRead(AbstractChannelHandlerContext.java:352)\n\tat io.netty.chann...
[debug] &amp#27;[35m[W3C]&amp#27;[39m Matched W3C error code 'no such element' to NoSuchElementError
[debug] &amp#27;[35m[BaseDriver]&amp#27;[39m Waited for 1886 ms so far
[debug] &amp#27;[35m[WD Proxy]&amp#27;[39m Matched '/element' to command name 'findElement'
[debug] &amp#27;[35m[WD Proxy]&amp#27;[39m Proxying [POST /element] to [POST http://127.0.0.1:8200/wd/hub/session/304100ee-6216-46b2-ac8b-fdd8f7ad5306/element] with body: {"strategy":"id","selector":"in.workindia.nileshdungarwal.workindiaandroid:id/rb_delhi","context":"","multiple":false}
&amp#27;[35m[WD Proxy]&amp#27;[39m Got response with status 404: {"sessionId":"304100ee-6216-46b2-ac8b-fdd8f7ad5306","value":{"error":"no such element","message":"An element could not be located on the page using the given search parameters","stacktrace":"io.appium.uiautomator2.common.exceptions.ElementNotFoundException: An element could not be located on the page using the given search parameters\n\tat io.appium.uiautomator2.handler.FindElement.safeHandle(FindElement.java:73)\n\tat io.appium.uiautomator2.handler.request.SafeRequestHandler.handle(SafeRequestHandler.java:41)\n\tat io.appium.uiautomator2.server.AppiumServlet.handleRequest(AppiumServlet.java:261)\n\tat io.appium.uiautomator2.server.AppiumServlet.handleHttpRequest(AppiumServlet.java:255)\n\tat io.appium.uiautomator2.http.ServerHandler.channelRead(ServerHandler.java:68)\n\tat io.netty.channel.AbstractChannelHandlerContext.invokeChannelRead(AbstractChannelHandlerContext.java:366)\n\tat io.netty.channel.AbstractChannelHandlerContext.invokeChannelRead(AbstractChannelHandlerContext.java:352)\n\tat io.netty.chann...
[debug] &amp#27;[35m[W3C]&amp#27;[39m Matched W3C error code 'no such element' to NoSuchElementError
[debug] &amp#27;[35m[BaseDriver]&amp#27;[39m Waited for 2408 ms so far
[debug] &amp#27;[35m[WD Proxy]&amp#27;[39m Matched '/element' to command name 'findElement'
[debug] &amp#27;[35m[WD Proxy]&amp#27;[39m Proxying [POST /element] to [POST http://127.0.0.1:8200/wd/hub/session/304100ee-6216-46b2-ac8b-fdd8f7ad5306/element] with body: {"strategy":"id","selector":"in.workindia.nileshdungarwal.workindiaandroid:id/rb_delhi","context":"","multiple":false}
&amp#27;[35m[WD Proxy]&amp#27;[39m Got response with status 404: {"sessionId":"304100ee-6216-46b2-ac8b-fdd8f7ad5306","value":{"error":"no such element","message":"An element could not be located on the page using the given search parameters","stacktrace":"io.appium.uiautomator2.common.exceptions.ElementNotFoundException: An element could not be located on the page using the given search parameters\n\tat io.appium.uiautomator2.handler.FindElement.safeHandle(FindElement.java:73)\n\tat io.appium.uiautomator2.handler.request.SafeRequestHandler.handle(SafeRequestHandler.java:41)\n\tat io.appium.uiautomator2.server.AppiumServlet.handleRequest(AppiumServlet.java:261)\n\tat io.appium.uiautomator2.server.AppiumServlet.handleHttpRequest(AppiumServlet.java:255)\n\tat io.appium.uiautomator2.http.ServerHandler.channelRead(ServerHandler.java:68)\n\tat io.netty.channel.AbstractChannelHandlerContext.invokeChannelRead(AbstractChannelHandlerContext.java:366)\n\tat io.netty.channel.AbstractChannelHandlerContext.invokeChannelRead(AbstractChannelHandlerContext.java:352)\n\tat io.netty.chann...
[debug] &amp#27;[35m[W3C]&amp#27;[39m Matched W3C error code 'no such element' to NoSuchElementError
[debug] &amp#27;[35m[BaseDriver]&amp#27;[39m Waited for 2932 ms so far
[debug] &amp#27;[35m[WD Proxy]&amp#27;[39m Matched '/element' to command name 'findElement'
[debug] &amp#27;[35m[WD Proxy]&amp#27;[39m Proxying [POST /element] to [POST http://127.0.0.1:8200/wd/hub/session/304100ee-6216-46b2-ac8b-fdd8f7ad5306/element] with body: {"strategy":"id","selector":"in.workindia.nileshdungarwal.workindiaandroid:id/rb_delhi","context":"","multiple":false}
&amp#27;[35m[WD Proxy]&amp#27;[39m Got response with status 404: {"sessionId":"304100ee-6216-46b2-ac8b-fdd8f7ad5306","value":{"error":"no such element","message":"An element could not be located on the page using the given search parameters","stacktrace":"io.appium.uiautomator2.common.exceptions.ElementNotFoundException: An element could not be located on the page using the given search parameters\n\tat io.appium.uiautomator2.handler.FindElement.safeHandle(FindElement.java:73)\n\tat io.appium.uiautomator2.handler.request.SafeRequestHandler.handle(SafeRequestHandler.java:41)\n\tat io.appium.uiautomator2.server.AppiumServlet.handleRequest(AppiumServlet.java:261)\n\tat io.appium.uiautomator2.server.AppiumServlet.handleHttpRequest(AppiumServlet.java:255)\n\tat io.appium.uiautomator2.http.ServerHandler.channelRead(ServerHandler.java:68)\n\tat io.netty.channel.AbstractChannelHandlerContext.invokeChannelRead(AbstractChannelHandlerContext.java:366)\n\tat io.netty.channel.AbstractChannelHandlerContext.invokeChannelRead(AbstractChannelHandlerContext.java:352)\n\tat io.netty.chann...
[debug] &amp#27;[35m[W3C]&amp#27;[39m Matched W3C error code 'no such element' to NoSuchElementError
[debug] &amp#27;[35m[BaseDriver]&amp#27;[39m Waited for 3450 ms so far
[debug] &amp#27;[35m[WD Proxy]&amp#27;[39m Matched '/element' to command name 'findElement'
[debug] &amp#27;[35m[WD Proxy]&amp#27;[39m Proxying [POST /element] to [POST http://127.0.0.1:8200/wd/hub/session/304100ee-6216-46b2-ac8b-fdd8f7ad5306/element] with body: {"strategy":"id","selector":"in.workindia.nileshdungarwal.workindiaandroid:id/rb_delhi","context":"","multiple":false}
&amp#27;[35m[WD Proxy]&amp#27;[39m Got response with status 404: {"sessionId":"304100ee-6216-46b2-ac8b-fdd8f7ad5306","value":{"error":"no such element","message":"An element could not be located on the page using the given search parameters","stacktrace":"io.appium.uiautomator2.common.exceptions.ElementNotFoundException: An element could not be located on the page using the given search parameters\n\tat io.appium.uiautomator2.handler.FindElement.safeHandle(FindElement.java:73)\n\tat io.appium.uiautomator2.handler.request.SafeRequestHandler.handle(SafeRequestHandler.java:41)\n\tat io.appium.uiautomator2.server.AppiumServlet.handleRequest(AppiumServlet.java:261)\n\tat io.appium.uiautomator2.server.AppiumServlet.handleHttpRequest(AppiumServlet.java:255)\n\tat io.appium.uiautomator2.http.ServerHandler.channelRead(ServerHandler.java:68)\n\tat io.netty.channel.AbstractChannelHandlerContext.invokeChannelRead(AbstractChannelHandlerContext.java:366)\n\tat io.netty.channel.AbstractChannelHandlerContext.invokeChannelRead(AbstractChannelHandlerContext.java:352)\n\tat io.netty.chann...
[debug] &amp#27;[35m[W3C]&amp#27;[39m Matched W3C error code 'no such element' to NoSuchElementError
[debug] &amp#27;[35m[BaseDriver]&amp#27;[39m Waited for 3973 ms so far
[debug] &amp#27;[35m[WD Proxy]&amp#27;[39m Matched '/element' to command name 'findElement'
[debug] &amp#27;[35m[WD Proxy]&amp#27;[39m Proxying [POST /element] to [POST http://127.0.0.1:8200/wd/hub/session/304100ee-6216-46b2-ac8b-fdd8f7ad5306/element] with body: {"strategy":"id","selector":"in.workindia.nileshdungarwal.workindiaandroid:id/rb_delhi","context":"","multiple":false}
&amp#27;[35m[WD Proxy]&amp#27;[39m Got response with status 404: {"sessionId":"304100ee-6216-46b2-ac8b-fdd8f7ad5306","value":{"error":"no such element","message":"An element could not be located on the page using the given search parameters","stacktrace":"io.appium.uiautomator2.common.exceptions.ElementNotFoundException: An element could not be located on the page using the given search parameters\n\tat io.appium.uiautomator2.handler.FindElement.safeHandle(FindElement.java:73)\n\tat io.appium.uiautomator2.handler.request.SafeRequestHandler.handle(SafeRequestHandler.java:41)\n\tat io.appium.uiautomator2.server.AppiumServlet.handleRequest(AppiumServlet.java:261)\n\tat io.appium.uiautomator2.server.AppiumServlet.handleHttpRequest(AppiumServlet.java:255)\n\tat io.appium.uiautomator2.http.ServerHandler.channelRead(ServerHandler.java:68)\n\tat io.netty.channel.AbstractChannelHandlerContext.invokeChannelRead(AbstractChannelHandlerContext.java:366)\n\tat io.netty.channel.AbstractChannelHandlerContext.invokeChannelRead(AbstractChannelHandlerContext.java:352)\n\tat io.netty.chann...
[debug] &amp#27;[35m[W3C]&amp#27;[39m Matched W3C error code 'no such element' to NoSuchElementError
[debug] &amp#27;[35m[BaseDriver]&amp#27;[39m Waited for 4494 ms so far
[debug] &amp#27;[35m[WD Proxy]&amp#27;[39m Matched '/element' to command name 'findElement'
[debug] &amp#27;[35m[WD Proxy]&amp#27;[39m Proxying [POST /element] to [POST http://127.0.0.1:8200/wd/hub/session/304100ee-6216-46b2-ac8b-fdd8f7ad5306/element] with body: {"strategy":"id","selector":"in.workindia.nileshdungarwal.workindiaandroid:id/rb_delhi","context":"","multiple":false}
&amp#27;[35m[WD Proxy]&amp#27;[39m Got response with status 404: {"sessionId":"304100ee-6216-46b2-ac8b-fdd8f7ad5306","value":{"error":"no such element","message":"An element could not be located on the page using the given search parameters","stacktrace":"io.appium.uiautomator2.common.exceptions.ElementNotFoundException: An element could not be located on the page using the given search parameters\n\tat io.appium.uiautomator2.handler.FindElement.safeHandle(FindElement.java:73)\n\tat io.appium.uiautomator2.handler.request.SafeRequestHandler.handle(SafeRequestHandler.java:41)\n\tat io.appium.uiautomator2.server.AppiumServlet.handleRequest(AppiumServlet.java:261)\n\tat io.appium.uiautomator2.server.AppiumServlet.handleHttpRequest(AppiumServlet.java:255)\n\tat io.appium.uiautomator2.http.ServerHandler.channelRead(ServerHandler.java:68)\n\tat io.netty.channel.AbstractChannelHandlerContext.invokeChannelRead(AbstractChannelHandlerContext.java:366)\n\tat io.netty.channel.AbstractChannelHandlerContext.invokeChannelRead(AbstractChannelHandlerContext.java:352)\n\tat io.netty.chann...
[debug] &amp#27;[35m[W3C]&amp#27;[39m Matched W3C error code 'no such element' to NoSuchElementError
[debug] &amp#27;[35m[BaseDriver]&amp#27;[39m Waited for 5026 ms so far
[debug] &amp#27;[35m[WD Proxy]&amp#27;[39m Matched '/element' to command name 'findElement'
[debug] &amp#27;[35m[WD Proxy]&amp#27;[39m Proxying [POST /element] to [POST http://127.0.0.1:8200/wd/hub/session/304100ee-6216-46b2-ac8b-fdd8f7ad5306/element] with body: {"strategy":"id","selector":"in.workindia.nileshdungarwal.workindiaandroid:id/rb_delhi","context":"","multiple":false}
&amp#27;[35m[WD Proxy]&amp#27;[39m Got response with status 404: {"sessionId":"304100ee-6216-46b2-ac8b-fdd8f7ad5306","value":{"error":"no such element","message":"An element could not be located on the page using the given search parameters","stacktrace":"io.appium.uiautomator2.common.exceptions.ElementNotFoundException: An element could not be located on the page using the given search parameters\n\tat io.appium.uiautomator2.handler.FindElement.safeHandle(FindElement.java:73)\n\tat io.appium.uiautomator2.handler.request.SafeRequestHandler.handle(SafeRequestHandler.java:41)\n\tat io.appium.uiautomator2.server.AppiumServlet.handleRequest(AppiumServlet.java:261)\n\tat io.appium.uiautomator2.server.AppiumServlet.handleHttpRequest(AppiumServlet.java:255)\n\tat io.appium.uiautomator2.http.ServerHandler.channelRead(ServerHandler.java:68)\n\tat io.netty.channel.AbstractChannelHandlerContext.invokeChannelRead(AbstractChannelHandlerContext.java:366)\n\tat io.netty.channel.AbstractChannelHandlerContext.invokeChannelRead(AbstractChannelHandlerContext.java:352)\n\tat io.netty.chann...
[debug] &amp#27;[35m[W3C]&amp#27;[39m Matched W3C error code 'no such element' to NoSuchElementError
[debug] &amp#27;[35m[BaseDriver]&amp#27;[39m Waited for 5546 ms so far
[debug] &amp#27;[35m[WD Proxy]&amp#27;[39m Matched '/element' to command name 'findElement'
[debug] &amp#27;[35m[WD Proxy]&amp#27;[39m Proxying [POST /element] to [POST http://127.0.0.1:8200/wd/hub/session/304100ee-6216-46b2-ac8b-fdd8f7ad5306/element] with body: {"strategy":"id","selector":"in.workindia.nileshdungarwal.workindiaandroid:id/rb_delhi","context":"","multiple":false}
&amp#27;[35m[WD Proxy]&amp#27;[39m Got response with status 404: {"sessionId":"304100ee-6216-46b2-ac8b-fdd8f7ad5306","value":{"error":"no such element","message":"An element could not be located on the page using the given search parameters","stacktrace":"io.appium.uiautomator2.common.exceptions.ElementNotFoundException: An element could not be located on the page using the given search parameters\n\tat io.appium.uiautomator2.handler.FindElement.safeHandle(FindElement.java:73)\n\tat io.appium.uiautomator2.handler.request.SafeRequestHandler.handle(SafeRequestHandler.java:41)\n\tat io.appium.uiautomator2.server.AppiumServlet.handleRequest(AppiumServlet.java:261)\n\tat io.appium.uiautomator2.server.AppiumServlet.handleHttpRequest(AppiumServlet.java:255)\n\tat io.appium.uiautomator2.http.ServerHandler.channelRead(ServerHandler.java:68)\n\tat io.netty.channel.AbstractChannelHandlerContext.invokeChannelRead(AbstractChannelHandlerContext.java:366)\n\tat io.netty.channel.AbstractChannelHandlerContext.invokeChannelRead(AbstractChannelHandlerContext.java:352)\n\tat io.netty.chann...
[debug] &amp#27;[35m[W3C]&amp#27;[39m Matched W3C error code 'no such element' to NoSuchElementError
[debug] &amp#27;[35m[BaseDriver]&amp#27;[39m Waited for 6076 ms so far
[debug] &amp#27;[35m[WD Proxy]&amp#27;[39m Matched '/element' to command name 'findElement'
[debug] &amp#27;[35m[WD Proxy]&amp#27;[39m Proxying [POST /element] to [POST http://127.0.0.1:8200/wd/hub/session/304100ee-6216-46b2-ac8b-fdd8f7ad5306/element] with body: {"strategy":"id","selector":"in.workindia.nileshdungarwal.workindiaandroid:id/rb_delhi","context":"","multiple":false}
[debug] &amp#27;[35m[WD Proxy]&amp#27;[39m Got response with status 200: {"sessionId":"304100ee-6216-46b2-ac8b-fdd8f7ad5306","value":{"ELEMENT":"20629a52-c254-4d1d-9521-230c57264ace","element-6066-11e4-a52e-4f735466cecf":"20629a52-c254-4d1d-9521-230c57264ace"}}
[debug] &amp#27;[35m[W3C (456f7ba0)]&amp#27;[39m Responding to client with driver.findElement() result: {"element-6066-11e4-a52e-4f735466cecf":"20629a52-c254-4d1d-9521-230c57264ace","ELEMENT":"20629a52-c254-4d1d-9521-230c57264ace"}
&amp#27;[35m[HTTP]&amp#27;[39m &amp#27;[37m<-- POST /wd/hub/session/456f7ba0-cee7-434e-afe0-bed757e0bdff/element &amp#27;[39m&amp#27;[32m200&amp#27;[39m &amp#27;[90m7288 ms - 137&amp#27;[39m
&amp#27;[35m[HTTP]&amp#27;[39m &amp#27;[90m&amp#27;[39m
&amp#27;[35m[HTTP]&amp#27;[39m &amp#27;[37m-->&amp#27;[39m &amp#27;[37mPOST&amp#27;[39m &amp#27;[37m/wd/hub/session/456f7ba0-cee7-434e-afe0-bed757e0bdff/element/20629a52-c254-4d1d-9521-230c57264ace/click&amp#27;[39m
&amp#27;[35m[HTTP]&amp#27;[39m &amp#27;[90m{"id":"20629a52-c254-4d1d-9521-230c57264ace"}&amp#27;[39m
[debug] &amp#27;[35m[W3C (456f7ba0)]&amp#27;[39m Calling AppiumDriver.click() with args: ["20629a52-c254-4d1d-9521-230c57264ace","456f7ba0-cee7-434e-afe0-bed757e0bdff"]
[debug] &amp#27;[35m[WD Proxy]&amp#27;[39m Matched '/element/20629a52-c254-4d1d-9521-230c57264ace/click' to command name 'click'
[debug] &amp#27;[35m[WD Proxy]&amp#27;[39m Proxying [POST /element/20629a52-c254-4d1d-9521-230c57264ace/click] to [POST http://127.0.0.1:8200/wd/hub/session/304100ee-6216-46b2-ac8b-fdd8f7ad5306/element/20629a52-c254-4d1d-9521-230c57264ace/click] with body: {"element":"20629a52-c254-4d1d-9521-230c57264ace"}
[debug] &amp#27;[35m[WD Proxy]&amp#27;[39m Got response with status 200: {"sessionId":"304100ee-6216-46b2-ac8b-fdd8f7ad5306","value":null}
[debug] &amp#27;[35m[W3C (456f7ba0)]&amp#27;[39m Responding to client with driver.click() result: null
&amp#27;[35m[HTTP]&amp#27;[39m &amp#27;[37m<-- POST /wd/hub/session/456f7ba0-cee7-434e-afe0-bed757e0bdff/element/20629a52-c254-4d1d-9521-230c57264ace/click &amp#27;[39m&amp#27;[32m200&amp#27;[39m &amp#27;[90m491 ms - 14&amp#27;[39m
&amp#27;[35m[HTTP]&amp#27;[39m &amp#27;[90m&amp#27;[39m
&amp#27;[35m[HTTP]&amp#27;[39m &amp#27;[37m-->&amp#27;[39m &amp#27;[37mGET&amp#27;[39m &amp#27;[37m/wd/hub/session/456f7ba0-cee7-434e-afe0-bed757e0bdff&amp#27;[39m
&amp#27;[35m[HTTP]&amp#27;[39m &amp#27;[90m{}&amp#27;[39m
[debug] &amp#27;[35m[W3C (456f7ba0)]&amp#27;[39m Calling AppiumDriver.getSession() with args: ["456f7ba0-cee7-434e-afe0-bed757e0bdff"]
[debug] &amp#27;[35m[UiAutomator2]&amp#27;[39m Getting session details from server to mix in
[debug] &amp#27;[35m[WD Proxy]&amp#27;[39m Matched '/' to command name 'getSession'
[debug] &amp#27;[35m[WD Proxy]&amp#27;[39m Proxying [GET /] to [GET http://127.0.0.1:8200/wd/hub/session/304100ee-6216-46b2-ac8b-fdd8f7ad5306] with no body
[debug] &amp#27;[35m[WD Proxy]&amp#27;[39m Got response with status 200: {"sessionId":"304100ee-6216-46b2-ac8b-fdd8f7ad5306","value":{"lastScrollData":null}}
[debug] &amp#27;[35m[W3C (456f7ba0)]&amp#27;[39m Responding to client with driver.getSession() result: {"platform":"LINUX","webStorageEnabled":false,"takesScreenshot":true,"javascriptEnabled":true,"databaseEnabled":false,"networkConnectionEnabled":true,"locationContextEnabled":false,"warnings":{},"desired":{"platformName":"android","skipDeviceInitialization":true,"skipServerInstallation":false,"app":"./Resources/in.workindia.apk","appActivity":".RegisterActivity","appPackage":"in.workindia.nileshdungarwal.workindiaandroid","platformVersion":"8.1"},"platformName":"android","skipDeviceInitialization":true,"skipServerInstallation":false,"app":"./Resources/in.workindia.apk","appActivity":".RegisterActivity","appPackage":"in.workindia.nileshdungarwal.workindiaandroid","platformVersion":"8.1.0","deviceName":"emulator-5554","deviceUDID":"emulator-5554","deviceApiLevel":27,"deviceScreenSize":"1080x2160","deviceScreenDensity":440,"deviceModel":"Android SDK built for x86","deviceManufacturer":"Google","pixelRatio":2.75,"statBarHeight":66,"viewportRect":{"left":0,"top":66,"width":1080,"height":1962},"lastScrollData":n...
&amp#27;[35m[HTTP]&amp#27;[39m &amp#27;[37m<-- GET /wd/hub/session/456f7ba0-cee7-434e-afe0-bed757e0bdff &amp#27;[39m&amp#27;[32m200&amp#27;[39m &amp#27;[90m14 ms - 1035&amp#27;[39m
&amp#27;[35m[HTTP]&amp#27;[39m &amp#27;[90m&amp#27;[39m
&amp#27;[35m[HTTP]&amp#27;[39m &amp#27;[37m-->&amp#27;[39m &amp#27;[37mGET&amp#27;[39m &amp#27;[37m/wd/hub/session/456f7ba0-cee7-434e-afe0-bed757e0bdff&amp#27;[39m
&amp#27;[35m[HTTP]&amp#27;[39m &amp#27;[90m{}&amp#27;[39m
[debug] &amp#27;[35m[W3C (456f7ba0)]&amp#27;[39m Calling AppiumDriver.getSession() with args: ["456f7ba0-cee7-434e-afe0-bed757e0bdff"]
[debug] &amp#27;[35m[UiAutomator2]&amp#27;[39m Getting session details from server to mix in
[debug] &amp#27;[35m[WD Proxy]&amp#27;[39m Matched '/' to command name 'getSession'
[debug] &amp#27;[35m[WD Proxy]&amp#27;[39m Proxying [GET /] to [GET http://127.0.0.1:8200/wd/hub/session/304100ee-6216-46b2-ac8b-fdd8f7ad5306] with no body
[debug] &amp#27;[35m[WD Proxy]&amp#27;[39m Got response with status 200: {"sessionId":"304100ee-6216-46b2-ac8b-fdd8f7ad5306","value":{"lastScrollData":null}}
[debug] &amp#27;[35m[W3C (456f7ba0)]&amp#27;[39m Responding to client with driver.getSession() result: {"platform":"LINUX","webStorageEnabled":false,"takesScreenshot":true,"javascriptEnabled":true,"databaseEnabled":false,"networkConnectionEnabled":true,"locationContextEnabled":false,"warnings":{},"desired":{"platformName":"android","skipDeviceInitialization":true,"skipServerInstallation":false,"app":"./Resources/in.workindia.apk","appActivity":".RegisterActivity","appPackage":"in.workindia.nileshdungarwal.workindiaandroid","platformVersion":"8.1"},"platformName":"android","skipDeviceInitialization":true,"skipServerInstallation":false,"app":"./Resources/in.workindia.apk","appActivity":".RegisterActivity","appPackage":"in.workindia.nileshdungarwal.workindiaandroid","platformVersion":"8.1.0","deviceName":"emulator-5554","deviceUDID":"emulator-5554","deviceApiLevel":27,"deviceScreenSize":"1080x2160","deviceScreenDensity":440,"deviceModel":"Android SDK built for x86","deviceManufacturer":"Google","pixelRatio":2.75,"statBarHeight":66,"viewportRect":{"left":0,"top":66,"width":1080,"height":1962},"lastScrollData":n...
&amp#27;[35m[HTTP]&amp#27;[39m &amp#27;[37m<-- GET /wd/hub/session/456f7ba0-cee7-434e-afe0-bed757e0bdff &amp#27;[39m&amp#27;[32m200&amp#27;[39m &amp#27;[90m17 ms - 1035&amp#27;[39m
&amp#27;[35m[HTTP]&amp#27;[39m &amp#27;[90m&amp#27;[39m
&amp#27;[35m[HTTP]&amp#27;[39m &amp#27;[37m-->&amp#27;[39m &amp#27;[37mGET&amp#27;[39m &amp#27;[37m/wd/hub/session/456f7ba0-cee7-434e-afe0-bed757e0bdff&amp#27;[39m
&amp#27;[35m[HTTP]&amp#27;[39m &amp#27;[90m{}&amp#27;[39m
[debug] &amp#27;[35m[W3C (456f7ba0)]&amp#27;[39m Calling AppiumDriver.getSession() with args: ["456f7ba0-cee7-434e-afe0-bed757e0bdff"]
[debug] &amp#27;[35m[UiAutomator2]&amp#27;[39m Getting session details from server to mix in
[debug] &amp#27;[35m[WD Proxy]&amp#27;[39m Matched '/' to command name 'getSession'
[debug] &amp#27;[35m[WD Proxy]&amp#27;[39m Proxying [GET /] to [GET http://127.0.0.1:8200/wd/hub/session/304100ee-6216-46b2-ac8b-fdd8f7ad5306] with no body
[debug] &amp#27;[35m[WD Proxy]&amp#27;[39m Got response with status 200: {"sessionId":"304100ee-6216-46b2-ac8b-fdd8f7ad5306","value":{"lastScrollData":null}}
[debug] &amp#27;[35m[W3C (456f7ba0)]&amp#27;[39m Responding to client with driver.getSession() result: {"platform":"LINUX","webStorageEnabled":false,"takesScreenshot":true,"javascriptEnabled":true,"databaseEnabled":false,"networkConnectionEnabled":true,"locationContextEnabled":false,"warnings":{},"desired":{"platformName":"android","skipDeviceInitialization":true,"skipServerInstallation":false,"app":"./Resources/in.workindia.apk","appActivity":".RegisterActivity","appPackage":"in.workindia.nileshdungarwal.workindiaandroid","platformVersion":"8.1"},"platformName":"android","skipDeviceInitialization":true,"skipServerInstallation":false,"app":"./Resources/in.workindia.apk","appActivity":".RegisterActivity","appPackage":"in.workindia.nileshdungarwal.workindiaandroid","platformVersion":"8.1.0","deviceName":"emulator-5554","deviceUDID":"emulator-5554","deviceApiLevel":27,"deviceScreenSize":"1080x2160","deviceScreenDensity":440,"deviceModel":"Android SDK built for x86","deviceManufacturer":"Google","pixelRatio":2.75,"statBarHeight":66,"viewportRect":{"left":0,"top":66,"width":1080,"height":1962},"lastScrollData":n...
&amp#27;[35m[HTTP]&amp#27;[39m &amp#27;[37m<-- GET /wd/hub/session/456f7ba0-cee7-434e-afe0-bed757e0bdff &amp#27;[39m&amp#27;[32m200&amp#27;[39m &amp#27;[90m17 ms - 1035&amp#27;[39m
&amp#27;[35m[HTTP]&amp#27;[39m &amp#27;[90m&amp#27;[39m
&amp#27;[35m[HTTP]&amp#27;[39m &amp#27;[37m-->&amp#27;[39m &amp#27;[37mPOST&amp#27;[39m &amp#27;[37m/wd/hub/session/456f7ba0-cee7-434e-afe0-bed757e0bdff/element&amp#27;[39m
&amp#27;[35m[HTTP]&amp#27;[39m &amp#27;[90m{"using":"id","value":"in.workindia.nileshdungarwal.workindiaandroid:id/act_auto_complete"}&amp#27;[39m
[debug] &amp#27;[35m[W3C (456f7ba0)]&amp#27;[39m Calling AppiumDriver.findElement() with args: ["id","in.workindia.nileshdungarwal.workindiaandroid:id/act_auto_complete","456f7ba0-cee7-434e-afe0-bed757e0bdff"]
[debug] &amp#27;[35m[BaseDriver]&amp#27;[39m Valid locator strategies for this request: xpath, id, class name, accessibility id, css selector, -android uiautomator
[debug] &amp#27;[35m[BaseDriver]&amp#27;[39m Waiting up to 50000 ms for condition
[debug] &amp#27;[35m[WD Proxy]&amp#27;[39m Matched '/element' to command name 'findElement'
[debug] &amp#27;[35m[WD Proxy]&amp#27;[39m Proxying [POST /element] to [POST http://127.0.0.1:8200/wd/hub/session/304100ee-6216-46b2-ac8b-fdd8f7ad5306/element] with body: {"strategy":"id","selector":"in.workindia.nileshdungarwal.workindiaandroid:id/act_auto_complete","context":"","multiple":false}
&amp#27;[35m[WD Proxy]&amp#27;[39m Got response with status 404: {"sessionId":"304100ee-6216-46b2-ac8b-fdd8f7ad5306","value":{"error":"no such element","message":"An element could not be located on the page using the given search parameters","stacktrace":"io.appium.uiautomator2.common.exceptions.ElementNotFoundException: An element could not be located on the page using the given search parameters\n\tat io.appium.uiautomator2.handler.FindElement.safeHandle(FindElement.java:73)\n\tat io.appium.uiautomator2.handler.request.SafeRequestHandler.handle(SafeRequestHandler.java:41)\n\tat io.appium.uiautomator2.server.AppiumServlet.handleRequest(AppiumServlet.java:261)\n\tat io.appium.uiautomator2.server.AppiumServlet.handleHttpRequest(AppiumServlet.java:255)\n\tat io.appium.uiautomator2.http.ServerHandler.channelRead(ServerHandler.java:68)\n\tat io.netty.channel.AbstractChannelHandlerContext.invokeChannelRead(AbstractChannelHandlerContext.java:366)\n\tat io.netty.channel.AbstractChannelHandlerContext.invokeChannelRead(AbstractChannelHandlerContext.java:352)\n\tat io.netty.chann...
[debug] &amp#27;[35m[W3C]&amp#27;[39m Matched W3C error code 'no such element' to NoSuchElementError
[debug] &amp#27;[35m[BaseDriver]&amp#27;[39m Waited for 686 ms so far
[debug] &amp#27;[35m[WD Proxy]&amp#27;[39m Matched '/element' to command name 'findElement'
[debug] &amp#27;[35m[WD Proxy]&amp#27;[39m Proxying [POST /element] to [POST http://127.0.0.1:8200/wd/hub/session/304100ee-6216-46b2-ac8b-fdd8f7ad5306/element] with body: {"strategy":"id","selector":"in.workindia.nileshdungarwal.workindiaandroid:id/act_auto_complete","context":"","multiple":false}
[debug] &amp#27;[35m[WD Proxy]&amp#27;[39m Got response with status 200: {"sessionId":"304100ee-6216-46b2-ac8b-fdd8f7ad5306","value":{"ELEMENT":"bbc11762-a8b7-4359-b130-017b476d228e","element-6066-11e4-a52e-4f735466cecf":"bbc11762-a8b7-4359-b130-017b476d228e"}}
[debug] &amp#27;[35m[W3C (456f7ba0)]&amp#27;[39m Responding to client with driver.findElement() result: {"element-6066-11e4-a52e-4f735466cecf":"bbc11762-a8b7-4359-b130-017b476d228e","ELEMENT":"bbc11762-a8b7-4359-b130-017b476d228e"}
&amp#27;[35m[HTTP]&amp#27;[39m &amp#27;[37m<-- POST /wd/hub/session/456f7ba0-cee7-434e-afe0-bed757e0bdff/element &amp#27;[39m&amp#27;[32m200&amp#27;[39m &amp#27;[90m1557 ms - 137&amp#27;[39m
&amp#27;[35m[HTTP]&amp#27;[39m &amp#27;[90m&amp#27;[39m
&amp#27;[35m[HTTP]&amp#27;[39m &amp#27;[37m-->&amp#27;[39m &amp#27;[37mPOST&amp#27;[39m &amp#27;[37m/wd/hub/session/456f7ba0-cee7-434e-afe0-bed757e0bdff/element/bbc11762-a8b7-4359-b130-017b476d228e/value&amp#27;[39m
&amp#27;[35m[HTTP]&amp#27;[39m &amp#27;[90m{"id":"bbc11762-a8b7-4359-b130-017b476d228e","text":"Karol Bagh","value":["K","a","r","o","l"," ","B","a","g","h"]}&amp#27;[39m
[debug] &amp#27;[35m[W3C (456f7ba0)]&amp#27;[39m Calling AppiumDriver.setValue() with args: [["K","a","r","o","l"," ","B","a","g","h"],"bbc11762-a8b7-4359-b130-017b476d228e","456f7ba0-cee7-434e-afe0-bed757e0bdff"]
[debug] &amp#27;[35m[WD Proxy]&amp#27;[39m Matched '/element/bbc11762-a8b7-4359-b130-017b476d228e/value' to command name 'setValue'
[debug] &amp#27;[35m[Protocol Converter]&amp#27;[39m Added 'value' property ["K","a","r","o","l"," ","B","a","g","h"] to 'setValue' request body
[debug] &amp#27;[35m[WD Proxy]&amp#27;[39m Proxying [POST /element/bbc11762-a8b7-4359-b130-017b476d228e/value] to [POST http://127.0.0.1:8200/wd/hub/session/304100ee-6216-46b2-ac8b-fdd8f7ad5306/element/bbc11762-a8b7-4359-b130-017b476d228e/value] with body: {"elementId":"bbc11762-a8b7-4359-b130-017b476d228e","text":"Karol Bagh","replace":false,"value":["K","a","r","o","l"," ","B","a","g","h"]}
[debug] &amp#27;[35m[WD Proxy]&amp#27;[39m Got response with status 200: {"sessionId":"304100ee-6216-46b2-ac8b-fdd8f7ad5306","value":null}
[debug] &amp#27;[35m[W3C (456f7ba0)]&amp#27;[39m Responding to client with driver.setValue() result: null
&amp#27;[35m[HTTP]&amp#27;[39m &amp#27;[37m<-- POST /wd/hub/session/456f7ba0-cee7-434e-afe0-bed757e0bdff/element/bbc11762-a8b7-4359-b130-017b476d228e/value &amp#27;[39m&amp#27;[32m200&amp#27;[39m &amp#27;[90m568 ms - 14&amp#27;[39m
&amp#27;[35m[HTTP]&amp#27;[39m &amp#27;[90m&amp#27;[39m
&amp#27;[35m[HTTP]&amp#27;[39m &amp#27;[37m-->&amp#27;[39m &amp#27;[37mGET&amp#27;[39m &amp#27;[37m/wd/hub/session/456f7ba0-cee7-434e-afe0-bed757e0bdff&amp#27;[39m
&amp#27;[35m[HTTP]&amp#27;[39m &amp#27;[90m{}&amp#27;[39m
[debug] &amp#27;[35m[W3C (456f7ba0)]&amp#27;[39m Calling AppiumDriver.getSession() with args: ["456f7ba0-cee7-434e-afe0-bed757e0bdff"]
[debug] &amp#27;[35m[UiAutomator2]&amp#27;[39m Getting session details from server to mix in
[debug] &amp#27;[35m[WD Proxy]&amp#27;[39m Matched '/' to command name 'getSession'
[debug] &amp#27;[35m[WD Proxy]&amp#27;[39m Proxying [GET /] to [GET http://127.0.0.1:8200/wd/hub/session/304100ee-6216-46b2-ac8b-fdd8f7ad5306] with no body
[debug] &amp#27;[35m[WD Proxy]&amp#27;[39m Got response with status 200: {"sessionId":"304100ee-6216-46b2-ac8b-fdd8f7ad5306","value":{"lastScrollData":null}}
[debug] &amp#27;[35m[W3C (456f7ba0)]&amp#27;[39m Responding to client with driver.getSession() result: {"platform":"LINUX","webStorageEnabled":false,"takesScreenshot":true,"javascriptEnabled":true,"databaseEnabled":false,"networkConnectionEnabled":true,"locationContextEnabled":false,"warnings":{},"desired":{"platformName":"android","skipDeviceInitialization":true,"skipServerInstallation":false,"app":"./Resources/in.workindia.apk","appActivity":".RegisterActivity","appPackage":"in.workindia.nileshdungarwal.workindiaandroid","platformVersion":"8.1"},"platformName":"android","skipDeviceInitialization":true,"skipServerInstallation":false,"app":"./Resources/in.workindia.apk","appActivity":".RegisterActivity","appPackage":"in.workindia.nileshdungarwal.workindiaandroid","platformVersion":"8.1.0","deviceName":"emulator-5554","deviceUDID":"emulator-5554","deviceApiLevel":27,"deviceScreenSize":"1080x2160","deviceScreenDensity":440,"deviceModel":"Android SDK built for x86","deviceManufacturer":"Google","pixelRatio":2.75,"statBarHeight":66,"viewportRect":{"left":0,"top":66,"width":1080,"height":1962},"lastScrollData":n...
&amp#27;[35m[HTTP]&amp#27;[39m &amp#27;[37m<-- GET /wd/hub/session/456f7ba0-cee7-434e-afe0-bed757e0bdff &amp#27;[39m&amp#27;[32m200&amp#27;[39m &amp#27;[90m19 ms - 1035&amp#27;[39m
&amp#27;[35m[HTTP]&amp#27;[39m &amp#27;[90m&amp#27;[39m
&amp#27;[35m[HTTP]&amp#27;[39m &amp#27;[37m-->&amp#27;[39m &amp#27;[37mGET&amp#27;[39m &amp#27;[37m/wd/hub/session/456f7ba0-cee7-434e-afe0-bed757e0bdff&amp#27;[39m
&amp#27;[35m[HTTP]&amp#27;[39m &amp#27;[90m{}&amp#27;[39m
[debug] &amp#27;[35m[W3C (456f7ba0)]&amp#27;[39m Calling AppiumDriver.getSession() with args: ["456f7ba0-cee7-434e-afe0-bed757e0bdff"]
[debug] &amp#27;[35m[UiAutomator2]&amp#27;[39m Getting session details from server to mix in
[debug] &amp#27;[35m[WD Proxy]&amp#27;[39m Matched '/' to command name 'getSession'
[debug] &amp#27;[35m[WD Proxy]&amp#27;[39m Proxying [GET /] to [GET http://127.0.0.1:8200/wd/hub/session/304100ee-6216-46b2-ac8b-fdd8f7ad5306] with no body
[debug] &amp#27;[35m[WD Proxy]&amp#27;[39m Got response with status 200: {"sessionId":"304100ee-6216-46b2-ac8b-fdd8f7ad5306","value":{"lastScrollData":null}}
[debug] &amp#27;[35m[W3C (456f7ba0)]&amp#27;[39m Responding to client with driver.getSession() result: {"platform":"LINUX","webStorageEnabled":false,"takesScreenshot":true,"javascriptEnabled":true,"databaseEnabled":false,"networkConnectionEnabled":true,"locationContextEnabled":false,"warnings":{},"desired":{"platformName":"android","skipDeviceInitialization":true,"skipServerInstallation":false,"app":"./Resources/in.workindia.apk","appActivity":".RegisterActivity","appPackage":"in.workindia.nileshdungarwal.workindiaandroid","platformVersion":"8.1"},"platformName":"android","skipDeviceInitialization":true,"skipServerInstallation":false,"app":"./Resources/in.workindia.apk","appActivity":".RegisterActivity","appPackage":"in.workindia.nileshdungarwal.workindiaandroid","platformVersion":"8.1.0","deviceName":"emulator-5554","deviceUDID":"emulator-5554","deviceApiLevel":27,"deviceScreenSize":"1080x2160","deviceScreenDensity":440,"deviceModel":"Android SDK built for x86","deviceManufacturer":"Google","pixelRatio":2.75,"statBarHeight":66,"viewportRect":{"left":0,"top":66,"width":1080,"height":1962},"lastScrollData":n...
&amp#27;[35m[HTTP]&amp#27;[39m &amp#27;[37m<-- GET /wd/hub/session/456f7ba0-cee7-434e-afe0-bed757e0bdff &amp#27;[39m&amp#27;[32m200&amp#27;[39m &amp#27;[90m17 ms - 1035&amp#27;[39m
&amp#27;[35m[HTTP]&amp#27;[39m &amp#27;[90m&amp#27;[39m
&amp#27;[35m[HTTP]&amp#27;[39m &amp#27;[37m-->&amp#27;[39m &amp#27;[37mGET&amp#27;[39m &amp#27;[37m/wd/hub/session/456f7ba0-cee7-434e-afe0-bed757e0bdff&amp#27;[39m
&amp#27;[35m[HTTP]&amp#27;[39m &amp#27;[90m{}&amp#27;[39m
[debug] &amp#27;[35m[W3C (456f7ba0)]&amp#27;[39m Calling AppiumDriver.getSession() with args: ["456f7ba0-cee7-434e-afe0-bed757e0bdff"]
[debug] &amp#27;[35m[UiAutomator2]&amp#27;[39m Getting session details from server to mix in
[debug] &amp#27;[35m[WD Proxy]&amp#27;[39m Matched '/' to command name 'getSession'
[debug] &amp#27;[35m[WD Proxy]&amp#27;[39m Proxying [GET /] to [GET http://127.0.0.1:8200/wd/hub/session/304100ee-6216-46b2-ac8b-fdd8f7ad5306] with no body
[debug] &amp#27;[35m[WD Proxy]&amp#27;[39m Got response with status 200: {"sessionId":"304100ee-6216-46b2-ac8b-fdd8f7ad5306","value":{"lastScrollData":null}}
[debug] &amp#27;[35m[W3C (456f7ba0)]&amp#27;[39m Responding to client with driver.getSession() result: {"platform":"LINUX","webStorageEnabled":false,"takesScreenshot":true,"javascriptEnabled":true,"databaseEnabled":false,"networkConnectionEnabled":true,"locationContextEnabled":false,"warnings":{},"desired":{"platformName":"android","skipDeviceInitialization":true,"skipServerInstallation":false,"app":"./Resources/in.workindia.apk","appActivity":".RegisterActivity","appPackage":"in.workindia.nileshdungarwal.workindiaandroid","platformVersion":"8.1"},"platformName":"android","skipDeviceInitialization":true,"skipServerInstallation":false,"app":"./Resources/in.workindia.apk","appActivity":".RegisterActivity","appPackage":"in.workindia.nileshdungarwal.workindiaandroid","platformVersion":"8.1.0","deviceName":"emulator-5554","deviceUDID":"emulator-5554","deviceApiLevel":27,"deviceScreenSize":"1080x2160","deviceScreenDensity":440,"deviceModel":"Android SDK built for x86","deviceManufacturer":"Google","pixelRatio":2.75,"statBarHeight":66,"viewportRect":{"left":0,"top":66,"width":1080,"height":1962},"lastScrollData":n...
&amp#27;[35m[HTTP]&amp#27;[39m &amp#27;[37m<-- GET /wd/hub/session/456f7ba0-cee7-434e-afe0-bed757e0bdff &amp#27;[39m&amp#27;[32m200&amp#27;[39m &amp#27;[90m15 ms - 1035&amp#27;[39m
&amp#27;[35m[HTTP]&amp#27;[39m &amp#27;[90m&amp#27;[39m
&amp#27;[35m[HTTP]&amp#27;[39m &amp#27;[37m-->&amp#27;[39m &amp#27;[37mPOST&amp#27;[39m &amp#27;[37m/wd/hub/session/456f7ba0-cee7-434e-afe0-bed757e0bdff/element&amp#27;[39m
&amp#27;[35m[HTTP]&amp#27;[39m &amp#27;[90m{"using":"id","value":"in.workindia.nileshdungarwal.workindiaandroid:id/btn_done"}&amp#27;[39m
[debug] &amp#27;[35m[W3C (456f7ba0)]&amp#27;[39m Calling AppiumDriver.findElement() with args: ["id","in.workindia.nileshdungarwal.workindiaandroid:id/btn_done","456f7ba0-cee7-434e-afe0-bed757e0bdff"]
[debug] &amp#27;[35m[BaseDriver]&amp#27;[39m Valid locator strategies for this request: xpath, id, class name, accessibility id, css selector, -android uiautomator
[debug] &amp#27;[35m[BaseDriver]&amp#27;[39m Waiting up to 50000 ms for condition
[debug] &amp#27;[35m[WD Proxy]&amp#27;[39m Matched '/element' to command name 'findElement'
[debug] &amp#27;[35m[WD Proxy]&amp#27;[39m Proxying [POST /element] to [POST http://127.0.0.1:8200/wd/hub/session/304100ee-6216-46b2-ac8b-fdd8f7ad5306/element] with body: {"strategy":"id","selector":"in.workindia.nileshdungarwal.workindiaandroid:id/btn_done","context":"","multiple":false}
[debug] &amp#27;[35m[WD Proxy]&amp#27;[39m Got response with status 200: {"sessionId":"304100ee-6216-46b2-ac8b-fdd8f7ad5306","value":{"ELEMENT":"15d50ff7-0c60-4313-9114-68f6919daa87","element-6066-11e4-a52e-4f735466cecf":"15d50ff7-0c60-4313-9114-68f6919daa87"}}
[debug] &amp#27;[35m[W3C (456f7ba0)]&amp#27;[39m Responding to client with driver.findElement() result: {"element-6066-11e4-a52e-4f735466cecf":"15d50ff7-0c60-4313-9114-68f6919daa87","ELEMENT":"15d50ff7-0c60-4313-9114-68f6919daa87"}
&amp#27;[35m[HTTP]&amp#27;[39m &amp#27;[37m<-- POST /wd/hub/session/456f7ba0-cee7-434e-afe0-bed757e0bdff/element &amp#27;[39m&amp#27;[32m200&amp#27;[39m &amp#27;[90m936 ms - 137&amp#27;[39m
&amp#27;[35m[HTTP]&amp#27;[39m &amp#27;[90m&amp#27;[39m
&amp#27;[35m[HTTP]&amp#27;[39m &amp#27;[37m-->&amp#27;[39m &amp#27;[37mPOST&amp#27;[39m &amp#27;[37m/wd/hub/session/456f7ba0-cee7-434e-afe0-bed757e0bdff/element/15d50ff7-0c60-4313-9114-68f6919daa87/click&amp#27;[39m
&amp#27;[35m[HTTP]&amp#27;[39m &amp#27;[90m{"id":"15d50ff7-0c60-4313-9114-68f6919daa87"}&amp#27;[39m
[debug] &amp#27;[35m[W3C (456f7ba0)]&amp#27;[39m Calling AppiumDriver.click() with args: ["15d50ff7-0c60-4313-9114-68f6919daa87","456f7ba0-cee7-434e-afe0-bed757e0bdff"]
[debug] &amp#27;[35m[WD Proxy]&amp#27;[39m Matched '/element/15d50ff7-0c60-4313-9114-68f6919daa87/click' to command name 'click'
[debug] &amp#27;[35m[WD Proxy]&amp#27;[39m Proxying [POST /element/15d50ff7-0c60-4313-9114-68f6919daa87/click] to [POST http://127.0.0.1:8200/wd/hub/session/304100ee-6216-46b2-ac8b-fdd8f7ad5306/element/15d50ff7-0c60-4313-9114-68f6919daa87/click] with body: {"element":"15d50ff7-0c60-4313-9114-68f6919daa87"}
[debug] &amp#27;[35m[WD Proxy]&amp#27;[39m Got response with status 200: {"sessionId":"304100ee-6216-46b2-ac8b-fdd8f7ad5306","value":null}
[debug] &amp#27;[35m[W3C (456f7ba0)]&amp#27;[39m Responding to client with driver.click() result: null
&amp#27;[35m[HTTP]&amp#27;[39m &amp#27;[37m<-- POST /wd/hub/session/456f7ba0-cee7-434e-afe0-bed757e0bdff/element/15d50ff7-0c60-4313-9114-68f6919daa87/click &amp#27;[39m&amp#27;[32m200&amp#27;[39m &amp#27;[90m43 ms - 14&amp#27;[39m
&amp#27;[35m[HTTP]&amp#27;[39m &amp#27;[90m&amp#27;[39m
&amp#27;[35m[HTTP]&amp#27;[39m &amp#27;[37m-->&amp#27;[39m &amp#27;[37mDELETE&amp#27;[39m &amp#27;[37m/wd/hub/session/456f7ba0-cee7-434e-afe0-bed757e0bdff&amp#27;[39m
&amp#27;[35m[HTTP]&amp#27;[39m &amp#27;[90m{}&amp#27;[39m
[debug] &amp#27;[35m[W3C (456f7ba0)]&amp#27;[39m Calling AppiumDriver.deleteSession() with args: ["456f7ba0-cee7-434e-afe0-bed757e0bdff"]
[debug] &amp#27;[35m[BaseDriver]&amp#27;[39m Event 'quitSessionRequested' logged at 1610628719862 (18:21:59 GMT+0530 (India Standard Time))
&amp#27;[35m[Appium]&amp#27;[39m Removing session 456f7ba0-cee7-434e-afe0-bed757e0bdff from our master session list
[debug] &amp#27;[35m[UiAutomator2]&amp#27;[39m Deleting UiAutomator2 session
[debug] &amp#27;[35m[UiAutomator2]&amp#27;[39m Deleting UiAutomator2 server session
[debug] &amp#27;[35m[WD Proxy]&amp#27;[39m Matched '/' to command name 'deleteSession'
[debug] &amp#27;[35m[WD Proxy]&amp#27;[39m Proxying [DELETE /] to [DELETE http://127.0.0.1:8200/wd/hub/session/304100ee-6216-46b2-ac8b-fdd8f7ad5306] with no body
[debug] &amp#27;[35m[WD Proxy]&amp#27;[39m Got response with status 200: {"sessionId":"304100ee-6216-46b2-ac8b-fdd8f7ad5306","value":null}
[debug] &amp#27;[35m[ADB]&amp#27;[39m Running 'C:\Users\saurabhsoni\AppData\Local\Android\Sdk\platform-tools\adb.exe -P 5037 -s emulator-5554 shell am force-stop in.workindia.nileshdungarwal.workindiaandroid'
[debug] &amp#27;[35m[Logcat]&amp#27;[39m Stopping logcat capture
[debug] &amp#27;[35m[ADB]&amp#27;[39m Removing forwarded port socket connection: 8200 
[debug] &amp#27;[35m[ADB]&amp#27;[39m Running 'C:\Users\saurabhsoni\AppData\Local\Android\Sdk\platform-tools\adb.exe -P 5037 -s emulator-5554 forward --remove tcp:8200'
[debug] &amp#27;[35m[BaseDriver]&amp#27;[39m Event 'quitSessionFinished' logged at 1610628720102 (18:22:00 GMT+0530 (India Standard Time))
[debug] &amp#27;[35m[W3C (456f7ba0)]&amp#27;[39m Received response: null
[debug] &amp#27;[35m[W3C (456f7ba0)]&amp#27;[39m But deleting session, so not returning
[debug] &amp#27;[35m[W3C (456f7ba0)]&amp#27;[39m Responding to client with driver.deleteSession() result: null
[debug] &amp#27;[35m[W3C (456f7ba0)]&amp#27;[39m Destroying socket connection
&amp#27;[35m[HTTP]&amp#27;[39m &amp#27;[37m<-- DELETE /wd/hub/session/456f7ba0-cee7-434e-afe0-bed757e0bdff &amp#27;[39m&amp#27;[32m200&amp#27;[39m &amp#27;[90m242 ms - 14&amp#27;[39m
&amp#27;[35m[HTTP]&amp#27;[39m &amp#27;[90m&amp#27;[39m

  @tag2
  Scenario Outline: Further Details of Registration # Registration.feature:30
    When User enter the "Sobhit" and "1234567890"   # RegistrationStepDef.user_enter_the_and(String,String)
    And User click on Submit button                 # RegistrationStepDef.user_click_on_Submit_button()
    Given User should be on Choose City Page        # RegistrationStepDef.user_should_be_on_Choose_City_Page()
    When User select DELHI                          # RegistrationStepDef.user_select_DELHI()
    Then User enter Area "Karol Bagh"               # RegistrationStepDef.user_enter_Area(String)
    Then User click on the Submit button            # RegistrationStepDef.user_click_on_the_Submit_button()
    Then User should be moved to next Page          # RegistrationStepDef.user_should_be_moved_to_next_Page()

  @tag3
  Scenario Outline: input Intrest , Skills and Qualification Details of Registration # Registration.feature:35
    When User enter the "<Name>" and "<PhoneNumber>"
    And User click on Submit button
    When User select DELHI
    Then User enter Area "<Area_name>"
    Then User click on the Submit button
    Given User should be on Please fill more Details
    When User Select Gender , Qualifications , school medium and Fluency in english
    And About Experience , Age and Area of Interest
    And Click on Submit Button
    Then Choose your Area of Skills and Digree
    Then Click on Submit button
    Then Choose Language

    Examples: 
&amp#27;[35m[HTTP]&amp#27;[39m &amp#27;[37m-->&amp#27;[39m &amp#27;[37mPOST&amp#27;[39m &amp#27;[37m/wd/hub/session&amp#27;[39m
&amp#27;[35m[HTTP]&amp#27;[39m &amp#27;[90m{"desiredCapabilities":{"app":"./Resources/in.workindia.apk","appActivity":".RegisterActivity","appPackage":"in.workindia.nileshdungarwal.workindiaandroid","platformVersion":"8.1","skipDeviceInitialization":"true","skipServerInstallation":"false","platformName":"Android"},"capabilities":{"alwaysMatch":{"appium:app":"./Resources/in.workindia.apk","appium:appActivity":".RegisterActivity","appium:appPackage":"in.workindia.nileshdungarwal.workindiaandroid","platformName":"android","appium:platformVersion":"8.1","skipDeviceInitialization":"true","skipServerInstallation":"false"},"firstMatch":[{}]}}&amp#27;[39m
[debug] &amp#27;[35m[W3C]&amp#27;[39m Calling AppiumDriver.createSession() with args: [{"app":"./Resources/in.workindia.apk","appActivity":".RegisterActivity","appPackage":"in.workindia.nileshdungarwal.workindiaandroid","platformVersion":"8.1","skipDeviceInitialization":"true","skipServerInstallation":"false","platformName":"Android"},null,{"alwaysMatch":{"appium:app":"./Resources/in.workindia.apk","appium:appActivity":".RegisterActivity","appium:appPackage":"in.workindia.nileshdungarwal.workindiaandroid","platformName":"android","appium:platformVersion":"8.1","skipDeviceInitialization":"true","skipServerInstallation":"false"},"firstMatch":[{}]}]
[debug] &amp#27;[35m[BaseDriver]&amp#27;[39m Event 'newSessionRequested' logged at 1610628720120 (18:22:00 GMT+0530 (India Standard Time))
&amp#27;[35m[BaseDriver]&amp#27;[39m The following capabilities are not standard capabilities and should have an extension prefix:
&amp#27;[35m[BaseDriver]&amp#27;[39m   skipDeviceInitialization
&amp#27;[35m[BaseDriver]&amp#27;[39m   skipServerInstallation
&amp#27;[35m[Appium]&amp#27;[39m 
&amp#27;[35m[Appium]&amp#27;[39m ======================================================================
&amp#27;[35m[Appium]&amp#27;[39m   DEPRECATION WARNING:
&amp#27;[35m[Appium]&amp#27;[39m 
&amp#27;[35m[Appium]&amp#27;[39m   The 'automationName' capability was not provided in the desired 
&amp#27;[35m[Appium]&amp#27;[39m   capabilities for this Android session
&amp#27;[35m[Appium]&amp#27;[39m 
&amp#27;[35m[Appium]&amp#27;[39m   Setting 'automationName=UiAutomator2' by default and using the 
&amp#27;[35m[Appium]&amp#27;[39m   UiAutomator2 Driver
&amp#27;[35m[Appium]&amp#27;[39m 
&amp#27;[35m[Appium]&amp#27;[39m   The next major version of Appium (2.x) will **require** the 
&amp#27;[35m[Appium]&amp#27;[39m   'automationName' capability to be set for all sessions on all 
&amp#27;[35m[Appium]&amp#27;[39m   platforms
&amp#27;[35m[Appium]&amp#27;[39m 
&amp#27;[35m[Appium]&amp#27;[39m   In previous versions (Appium <= 1.13.x), the default was 
&amp#27;[35m[Appium]&amp#27;[39m   'automationName=UiAutomator1'
&amp#27;[35m[Appium]&amp#27;[39m 
&amp#27;[35m[Appium]&amp#27;[39m   If you wish to use that automation instead of UiAutomator2, please 
&amp#27;[35m[Appium]&amp#27;[39m   add 'automationName=UiAutomator1' to your desired capabilities
&amp#27;[35m[Appium]&amp#27;[39m 
&amp#27;[35m[Appium]&amp#27;[39m   For more information about drivers, please visit 
&amp#27;[35m[Appium]&amp#27;[39m   http://appium.io/docs/en/about-appium/intro/ and explore the 
&amp#27;[35m[Appium]&amp#27;[39m   'Drivers' menu
&amp#27;[35m[Appium]&amp#27;[39m 
&amp#27;[35m[Appium]&amp#27;[39m ======================================================================
&amp#27;[35m[Appium]&amp#27;[39m 
&amp#27;[35m[Appium]&amp#27;[39m Appium v1.19.1 creating new AndroidUiautomator2Driver (v1.59.0) session
[debug] &amp#27;[35m[BaseDriver]&amp#27;[39m W3C capabilities and MJSONWP desired capabilities were provided
[debug] &amp#27;[35m[BaseDriver]&amp#27;[39m Creating session with W3C capabilities: {
[debug] &amp#27;[35m[BaseDriver]&amp#27;[39m   "alwaysMatch": {
[debug] &amp#27;[35m[BaseDriver]&amp#27;[39m     "platformName": "android",
[debug] &amp#27;[35m[BaseDriver]&amp#27;[39m     "appium:skipDeviceInitialization": "true",
[debug] &amp#27;[35m[BaseDriver]&amp#27;[39m     "appium:skipServerInstallation": "false",
[debug] &amp#27;[35m[BaseDriver]&amp#27;[39m     "appium:app": "./Resources/in.workindia.apk",
[debug] &amp#27;[35m[BaseDriver]&amp#27;[39m     "appium:appActivity": ".RegisterActivity",
[debug] &amp#27;[35m[BaseDriver]&amp#27;[39m     "appium:appPackage": "in.workindia.nileshdungarwal.workindiaandroid",
[debug] &amp#27;[35m[BaseDriver]&amp#27;[39m     "appium:platformVersion": "8.1"
[debug] &amp#27;[35m[BaseDriver]&amp#27;[39m   },
[debug] &amp#27;[35m[BaseDriver]&amp#27;[39m   "firstMatch": [
[debug] &amp#27;[35m[BaseDriver]&amp#27;[39m     {}
[debug] &amp#27;[35m[BaseDriver]&amp#27;[39m   ]
[debug] &amp#27;[35m[BaseDriver]&amp#27;[39m }
&amp#27;[35m[BaseDriver]&amp#27;[39m Capability 'skipServerInstallation' changed from string to boolean. This may cause unexpected behavior
&amp#27;[35m[BaseDriver]&amp#27;[39m Capability 'skipDeviceInitialization' changed from string to boolean. This may cause unexpected behavior
&amp#27;[35m[BaseDriver]&amp#27;[39m Session created with session id: f93268b4-2919-4fc5-8680-4b4d0e835fe1
&amp#27;[35m[BaseDriver]&amp#27;[39m Using local app './Resources/in.workindia.apk'
&amp#27;[35m[BaseDriver]&amp#27;[39m The current application path './Resources/in.workindia.apk' is not absolute and has been rewritten to 'C:\Users\saurabhsoni\eclipse-workspace\Saurabh_Soni_3155142_AppiumAssignment\Resources\in.workindia.apk'. Consider using absolute paths rather than relative
[debug] &amp#27;[35m[UiAutomator2]&amp#27;[39m Checking whether app is actually present
&amp#27;[35m[ADB]&amp#27;[39m Using 'adb.exe' from 'C:\Users\saurabhsoni\AppData\Local\Android\Sdk\platform-tools\adb.exe'
[debug] &amp#27;[35m[ADB]&amp#27;[39m Running 'C:\Users\saurabhsoni\AppData\Local\Android\Sdk\platform-tools\adb.exe -P 5037 start-server'
&amp#27;[35m[AndroidDriver]&amp#27;[39m Retrieving device list
[debug] &amp#27;[35m[ADB]&amp#27;[39m Trying to find a connected android device
[debug] &amp#27;[35m[ADB]&amp#27;[39m Getting connected devices
[debug] &amp#27;[35m[ADB]&amp#27;[39m Connected devices: [{"udid":"emulator-5554","state":"device"}]
&amp#27;[35m[AndroidDriver]&amp#27;[39m Looking for a device with Android '8.1.0'
[debug] &amp#27;[35m[ADB]&amp#27;[39m Setting device id to emulator-5554
&amp#27;[35m[ADB]&amp#27;[39m Getting device platform version
[debug] &amp#27;[35m[ADB]&amp#27;[39m Running 'C:\Users\saurabhsoni\AppData\Local\Android\Sdk\platform-tools\adb.exe -P 5037 -s emulator-5554 shell getprop ro.build.version.release'
[debug] &amp#27;[35m[ADB]&amp#27;[39m Current device property 'ro.build.version.release': 8.1.0
&amp#27;[35m[AndroidDriver]&amp#27;[39m Using device: emulator-5554
&amp#27;[35m[ADB]&amp#27;[39m Using 'adb.exe' from 'C:\Users\saurabhsoni\AppData\Local\Android\Sdk\platform-tools\adb.exe'
[debug] &amp#27;[35m[ADB]&amp#27;[39m Running 'C:\Users\saurabhsoni\AppData\Local\Android\Sdk\platform-tools\adb.exe -P 5037 start-server'
[debug] &amp#27;[35m[ADB]&amp#27;[39m Setting device id to emulator-5554
[debug] &amp#27;[35m[ADB]&amp#27;[39m Running 'C:\Users\saurabhsoni\AppData\Local\Android\Sdk\platform-tools\adb.exe -P 5037 -s emulator-5554 shell getprop ro.build.version.sdk'
[debug] &amp#27;[35m[ADB]&amp#27;[39m Current device property 'ro.build.version.sdk': 27
[debug] &amp#27;[35m[ADB]&amp#27;[39m Device API level: 27
&amp#27;[35m[AndroidDriver]&amp#27;[39m 'skipDeviceInitialization' is set. Skipping device initialization.
[debug] &amp#27;[35m[Logcat]&amp#27;[39m Starting logs capture with command: C:\\Users\\saurabhsoni\\AppData\\Local\\Android\\Sdk\\platform-tools\\adb.exe -P 5037 -s emulator-5554 logcat -v threadtime
[debug] &amp#27;[35m[UiAutomator2]&amp#27;[39m Forwarding UiAutomator2 Server port 6790 to local port 8200
[debug] &amp#27;[35m[ADB]&amp#27;[39m Forwarding system: 8200 to device: 6790
[debug] &amp#27;[35m[ADB]&amp#27;[39m Running 'C:\Users\saurabhsoni\AppData\Local\Android\Sdk\platform-tools\adb.exe -P 5037 -s emulator-5554 forward tcp:8200 tcp:6790'
[debug] &amp#27;[35m[ADB]&amp#27;[39m Getting install status for io.appium.uiautomator2.server
[debug] &amp#27;[35m[ADB]&amp#27;[39m Running 'C:\Users\saurabhsoni\AppData\Local\Android\Sdk\platform-tools\adb.exe -P 5037 -s emulator-5554 shell dumpsys package io.appium.uiautomator2.server'
[debug] &amp#27;[35m[ADB]&amp#27;[39m 'io.appium.uiautomator2.server' is installed
[debug] &amp#27;[35m[ADB]&amp#27;[39m Getting package info for 'io.appium.uiautomator2.server'
[debug] &amp#27;[35m[ADB]&amp#27;[39m Running 'C:\Users\saurabhsoni\AppData\Local\Android\Sdk\platform-tools\adb.exe -P 5037 -s emulator-5554 shell dumpsys package io.appium.uiautomator2.server'
[debug] &amp#27;[35m[ADB]&amp#27;[39m The version name of the installed 'io.appium.uiautomator2.server' is greater or equal to the application version name ('4.15.0' >= '4.15.0')
[debug] &amp#27;[35m[UiAutomator2]&amp#27;[39m io.appium.uiautomator2.server installation state: sameVersionInstalled
[debug] &amp#27;[35m[ADB]&amp#27;[39m Checking app cert for C:\Users\saurabhsoni\AppData\Roaming\npm\node_modules\appium\node_modules\appium-uiautomator2-server\apks\appium-uiautomator2-server-v4.15.0.apk
&amp#27;[35m[ADB]&amp#27;[39m Using 'apksigner.jar' from 'C:\Users\saurabhsoni\AppData\Local\Android\Sdk\build-tools\30.0.3\lib\apksigner.jar'
[debug] &amp#27;[35m[ADB]&amp#27;[39m Starting apksigner: 'C:\\Program Files\\Java\\jdk1.8.0_221\\bin\\java.exe' -Xmx1024M -Xss1m -jar C:\\Users\\saurabhsoni\\AppData\\Local\\Android\\Sdk\\build-tools\\30.0.3\\lib\\apksigner.jar verify --print-certs C:\\Users\\saurabhsoni\\AppData\\Roaming\\npm\\node_modules\\appium\\node_modules\\appium-uiautomator2-server\\apks\\appium-uiautomator2-server-v4.15.0.apk
[debug] &amp#27;[35m[Instrumentation]&amp#27;[39m .
[debug] &amp#27;[35m[Instrumentation]&amp#27;[39m Time: 18.108
[debug] &amp#27;[35m[Instrumentation]&amp#27;[39m 
[debug] &amp#27;[35m[Instrumentation]&amp#27;[39m OK (1 test)
[debug] &amp#27;[35m[Instrumentation]&amp#27;[39m The process has exited with code 0
[debug] &amp#27;[35m[ADB]&amp#27;[39m apksigner stdout: Signer #1 certificate DN: EMAILADDRESS=android@android.com, CN=Android, OU=Android, O=Android, L=Mountain View, ST=California, C=US
[debug] &amp#27;[35m[ADB]&amp#27;[39m Signer #1 certificate SHA-256 digest: a40da80a59d170caa950cf15c18c454d47a39b26989d8b640ecd745ba71bf5dc
[debug] &amp#27;[35m[ADB]&amp#27;[39m Signer #1 certificate SHA-1 digest: 61ed377e85d386a8dfee6b864bd85b0bfaa5af81
[debug] &amp#27;[35m[ADB]&amp#27;[39m Signer #1 certificate MD5 digest: e89b158e4bcf988ebd09eb83f5378e87
[debug] &amp#27;[35m[ADB]&amp#27;[39m 
[debug] &amp#27;[35m[ADB]&amp#27;[39m sha256 hash did match for 'appium-uiautomator2-server-v4.15.0.apk'
&amp#27;[35m[ADB]&amp#27;[39m 'C:\Users\saurabhsoni\AppData\Roaming\npm\node_modules\appium\node_modules\appium-uiautomator2-server\apks\appium-uiautomator2-server-v4.15.0.apk' is signed with the default certificate
[debug] &amp#27;[35m[ADB]&amp#27;[39m Getting install status for io.appium.uiautomator2.server.test
[debug] &amp#27;[35m[ADB]&amp#27;[39m Running 'C:\Users\saurabhsoni\AppData\Local\Android\Sdk\platform-tools\adb.exe -P 5037 -s emulator-5554 shell dumpsys package io.appium.uiautomator2.server.test'
[debug] &amp#27;[35m[ADB]&amp#27;[39m 'io.appium.uiautomator2.server.test' is installed
[debug] &amp#27;[35m[ADB]&amp#27;[39m Checking app cert for C:\Users\saurabhsoni\AppData\Roaming\npm\node_modules\appium\node_modules\appium-uiautomator2-server\apks\appium-uiautomator2-server-debug-androidTest.apk
[debug] &amp#27;[35m[ADB]&amp#27;[39m Starting apksigner: 'C:\\Program Files\\Java\\jdk1.8.0_221\\bin\\java.exe' -Xmx1024M -Xss1m -jar C:\\Users\\saurabhsoni\\AppData\\Local\\Android\\Sdk\\build-tools\\30.0.3\\lib\\apksigner.jar verify --print-certs C:\\Users\\saurabhsoni\\AppData\\Roaming\\npm\\node_modules\\appium\\node_modules\\appium-uiautomator2-server\\apks\\appium-uiautomator2-server-debug-androidTest.apk
[debug] &amp#27;[35m[ADB]&amp#27;[39m apksigner stdout: Signer #1 certificate DN: EMAILADDRESS=android@android.com, CN=Android, OU=Android, O=Android, L=Mountain View, ST=California, C=US
[debug] &amp#27;[35m[ADB]&amp#27;[39m Signer #1 certificate SHA-256 digest: a40da80a59d170caa950cf15c18c454d47a39b26989d8b640ecd745ba71bf5dc
[debug] &amp#27;[35m[ADB]&amp#27;[39m Signer #1 certificate SHA-1 digest: 61ed377e85d386a8dfee6b864bd85b0bfaa5af81
[debug] &amp#27;[35m[ADB]&amp#27;[39m Signer #1 certificate MD5 digest: e89b158e4bcf988ebd09eb83f5378e87
[debug] &amp#27;[35m[ADB]&amp#27;[39m 
[debug] &amp#27;[35m[ADB]&amp#27;[39m sha256 hash did match for 'appium-uiautomator2-server-debug-androidTest.apk'
&amp#27;[35m[ADB]&amp#27;[39m 'C:\Users\saurabhsoni\AppData\Roaming\npm\node_modules\appium\node_modules\appium-uiautomator2-server\apks\appium-uiautomator2-server-debug-androidTest.apk' is signed with the default certificate
&amp#27;[35m[UiAutomator2]&amp#27;[39m Server packages are not going to be (re)installed
[debug] &amp#27;[35m[UiAutomator2]&amp#27;[39m Waiting up to 30000ms for services to be available
[debug] &amp#27;[35m[ADB]&amp#27;[39m Running 'C:\Users\saurabhsoni\AppData\Local\Android\Sdk\platform-tools\adb.exe -P 5037 -s emulator-5554 shell pm list instrumentation'
[debug] &amp#27;[35m[UiAutomator2]&amp#27;[39m Instrumentation target 'io.appium.uiautomator2.server.test/androidx.test.runner.AndroidJUnitRunner' is available
[debug] &amp#27;[35m[ADB]&amp#27;[39m Checking app cert for C:\Users\saurabhsoni\eclipse-workspace\Saurabh_Soni_3155142_AppiumAssignment\Resources\in.workindia.apk
[debug] &amp#27;[35m[ADB]&amp#27;[39m Starting apksigner: 'C:\\Program Files\\Java\\jdk1.8.0_221\\bin\\java.exe' -Xmx1024M -Xss1m -jar C:\\Users\\saurabhsoni\\AppData\\Local\\Android\\Sdk\\build-tools\\30.0.3\\lib\\apksigner.jar verify --print-certs C:\\Users\\saurabhsoni\\eclipse-workspace\\Saurabh_Soni_3155142_AppiumAssignment\\Resources\\in.workindia.apk
[debug] &amp#27;[35m[ADB]&amp#27;[39m apksigner stdout: Signer #1 certificate DN: CN=Nilesh Dungarwal, OU=WorkIndia, O=WorkIndia, L=Mumbai, ST=Maharashtra, C=IN
[debug] &amp#27;[35m[ADB]&amp#27;[39m Signer #1 certificate SHA-256 digest: 0fdc1fed6cd07d2c4854153ee799955c35f5dd671743e3c4610c90914d2f7d32
[debug] &amp#27;[35m[ADB]&amp#27;[39m Signer #1 certificate SHA-1 digest: 2e328de1bc8d9844c8a7634fa66f9363c00f613d
[debug] &amp#27;[35m[ADB]&amp#27;[39m Signer #1 certificate MD5 digest: c47446d10c7a53d63b2f43c2e34ce656
[debug] &amp#27;[35m[ADB]&amp#27;[39m 
&amp#27;[35m[ADB]&amp#27;[39m 'C:\Users\saurabhsoni\eclipse-workspace\Saurabh_Soni_3155142_AppiumAssignment\Resources\in.workindia.apk' is signed with a non-default certificate
[debug] &amp#27;[35m[ADB]&amp#27;[39m Getting install status for in.workindia.nileshdungarwal.workindiaandroid
[debug] &amp#27;[35m[ADB]&amp#27;[39m Running 'C:\Users\saurabhsoni\AppData\Local\Android\Sdk\platform-tools\adb.exe -P 5037 -s emulator-5554 shell dumpsys package in.workindia.nileshdungarwal.workindiaandroid'
[debug] &amp#27;[35m[ADB]&amp#27;[39m 'in.workindia.nileshdungarwal.workindiaandroid' is installed
[debug] &amp#27;[35m[ADB]&amp#27;[39m Getting package info for 'in.workindia.nileshdungarwal.workindiaandroid'
[debug] &amp#27;[35m[ADB]&amp#27;[39m Running 'C:\Users\saurabhsoni\AppData\Local\Android\Sdk\platform-tools\adb.exe -P 5037 -s emulator-5554 shell dumpsys package in.workindia.nileshdungarwal.workindiaandroid'
[debug] &amp#27;[35m[ADB]&amp#27;[39m The version name of the installed 'in.workindia.nileshdungarwal.workindiaandroid' is greater or equal to the application version name ('4.1.1' >= '4.1.1')
[debug] &amp#27;[35m[ADB]&amp#27;[39m There is no need to install/upgrade 'C:\Users\saurabhsoni\eclipse-workspace\Saurabh_Soni_3155142_AppiumAssignment\Resources\in.workindia.apk'
&amp#27;[35m[AndroidDriver]&amp#27;[39m Performing fast reset on 'in.workindia.nileshdungarwal.workindiaandroid'
[debug] &amp#27;[35m[ADB]&amp#27;[39m Getting install status for in.workindia.nileshdungarwal.workindiaandroid
[debug] &amp#27;[35m[ADB]&amp#27;[39m Running 'C:\Users\saurabhsoni\AppData\Local\Android\Sdk\platform-tools\adb.exe -P 5037 -s emulator-5554 shell dumpsys package in.workindia.nileshdungarwal.workindiaandroid'
[debug] &amp#27;[35m[ADB]&amp#27;[39m 'in.workindia.nileshdungarwal.workindiaandroid' is installed
[debug] &amp#27;[35m[ADB]&amp#27;[39m Running 'C:\Users\saurabhsoni\AppData\Local\Android\Sdk\platform-tools\adb.exe -P 5037 -s emulator-5554 shell am force-stop in.workindia.nileshdungarwal.workindiaandroid'
[debug] &amp#27;[35m[ADB]&amp#27;[39m Running 'C:\Users\saurabhsoni\AppData\Local\Android\Sdk\platform-tools\adb.exe -P 5037 -s emulator-5554 shell pm clear in.workindia.nileshdungarwal.workindiaandroid'
[debug] &amp#27;[35m[AndroidDriver]&amp#27;[39m Performed fast reset on the installed 'in.workindia.nileshdungarwal.workindiaandroid' application (stop and clear)
[debug] &amp#27;[35m[UiAutomator2]&amp#27;[39m Performing shallow cleanup of automation leftovers
[debug] &amp#27;[35m[UiAutomator2]&amp#27;[39m No obsolete sessions have been detected (socket hang up)
[debug] &amp#27;[35m[ADB]&amp#27;[39m Running 'C:\Users\saurabhsoni\AppData\Local\Android\Sdk\platform-tools\adb.exe -P 5037 -s emulator-5554 shell am force-stop io.appium.uiautomator2.server.test'
&amp#27;[35m[UiAutomator2]&amp#27;[39m Starting UIAutomator2 server 4.15.0
&amp#27;[35m[UiAutomator2]&amp#27;[39m Using UIAutomator2 server from 'C:\Users\saurabhsoni\AppData\Roaming\npm\node_modules\appium\node_modules\appium-uiautomator2-server\apks\appium-uiautomator2-server-v4.15.0.apk' and test from 'C:\Users\saurabhsoni\AppData\Roaming\npm\node_modules\appium\node_modules\appium-uiautomator2-server\apks\appium-uiautomator2-server-debug-androidTest.apk'
&amp#27;[35m[UiAutomator2]&amp#27;[39m Waiting up to 30000ms for UiAutomator2 to be online...
[debug] &amp#27;[35m[ADB]&amp#27;[39m Creating ADB subprocess with args: ["-P",5037,"-s","emulator-5554","shell","am","instrument","-w","io.appium.uiautomator2.server.test/androidx.test.runner.AndroidJUnitRunner"]
[debug] &amp#27;[35m[Instrumentation]&amp#27;[39m io.appium.uiautomator2.server.test.AppiumUiAutomator2Server:
[debug] &amp#27;[35m[WD Proxy]&amp#27;[39m Matched '/status' to command name 'getStatus'
[debug] &amp#27;[35m[WD Proxy]&amp#27;[39m Proxying [GET /status] to [GET http://127.0.0.1:8200/wd/hub/status] with no body
&amp#27;[35m[WD Proxy]&amp#27;[39m socket hang up
[debug] &amp#27;[35m[WD Proxy]&amp#27;[39m Matched '/status' to command name 'getStatus'
[debug] &amp#27;[35m[WD Proxy]&amp#27;[39m Proxying [GET /status] to [GET http://127.0.0.1:8200/wd/hub/status] with no body
[debug] &amp#27;[35m[WD Proxy]&amp#27;[39m Got response with status 200: {"sessionId":"None","value":{"message":"UiAutomator2 Server is ready to accept commands","ready":true}}
[debug] &amp#27;[35m[UiAutomator2]&amp#27;[39m The initialization of the instrumentation process took 2141ms
[debug] &amp#27;[35m[WD Proxy]&amp#27;[39m Matched '/session' to command name 'createSession'
[debug] &amp#27;[35m[WD Proxy]&amp#27;[39m Proxying [POST /session] to [POST http://127.0.0.1:8200/wd/hub/session] with body: {"capabilities":{"firstMatch":[{"platform":"LINUX","webStorageEnabled":false,"takesScreenshot":true,"javascriptEnabled":true,"databaseEnabled":false,"networkConnectionEnabled":true,"locationContextEnabled":false,"warnings":{},"desired":{"platformName":"android","skipDeviceInitialization":true,"skipServerInstallation":false,"app":"./Resources/in.workindia.apk","appActivity":".RegisterActivity","appPackage":"in.workindia.nileshdungarwal.workindiaandroid","platformVersion":"8.1"},"platformName":"android","skipDeviceInitialization":true,"skipServerInstallation":false,"app":"./Resources/in.workindia.apk","appActivity":".RegisterActivity","appPackage":"in.workindia.nileshdungarwal.workindiaandroid","platformVersion":"8.1","deviceName":"emulator-5554","deviceUDID":"emulator-5554"}],"alwaysMatch":{}}}
[debug] &amp#27;[35m[WD Proxy]&amp#27;[39m Got response with status 200: {"sessionId":"c0327d69-2521-479e-82fc-9dc670cc62df","value":{"capabilities":{"firstMatch":[{"platform":"LINUX","webStorageEnabled":false,"takesScreenshot":true,"javascriptEnabled":true,"databaseEnabled":false,"networkConnectionEnabled":true,"locationContextEnabled":false,"warnings":{},"desired":{"platformName":"android","skipDeviceInitialization":true,"skipServerInstallation":false,"app":"./Resources/in.workindia.apk","appActivity":".RegisterActivity","appPackage":"in.workindia.nileshdungarwal.workindiaandroid","platformVersion":"8.1"},"platformName":"android","skipDeviceInitialization":true,"skipServerInstallation":false,"app":"./Resources/in.workindia.apk","appActivity":".RegisterActivity","appPackage":"in.workindia.nileshdungarwal.workindiaandroid","platformVersion":"8.1","deviceName":"emulator-5554","deviceUDID":"emulator-5554"}],"alwaysMatch":{}},"sessionId":"c0327d69-2521-479e-82fc-9dc670cc62df"}}
&amp#27;[35m[WD Proxy]&amp#27;[39m Determined the downstream protocol as 'W3C'
[debug] &amp#27;[35m[WD Proxy]&amp#27;[39m Proxying [GET /appium/device/info] to [GET http://127.0.0.1:8200/wd/hub/session/c0327d69-2521-479e-82fc-9dc670cc62df/appium/device/info] with no body
[debug] &amp#27;[35m[WD Proxy]&amp#27;[39m Got response with status 200: {"sessionId":"c0327d69-2521-479e-82fc-9dc670cc62df","value":{"androidId":"d0cbdccec5cf9e3d","apiVersion":"27","bluetooth":null,"brand":"google","carrierName":"Android","displayDensity":440,"locale":"en_US","manufacturer":"Google","model":"Android SDK built for x86","networks":[{"capabilities":{"SSID":null,"linkDownBandwidthKbps":102400,"linkUpstreamBandwidthKbps":51200,"networkCapabilities":"NET_CAPABILITY_MMS,NET_CAPABILITY_SUPL,NET_CAPABILITY_DUN,NET_CAPABILITY_FOTA,NET_CAPABILITY_IMS,NET_CAPABILITY_CBS,NET_CAPABILITY_IA,NET_CAPABILITY_INTERNET,NET_CAPABILITY_NOT_RESTRICTED,NET_CAPABILITY_TRUSTED,NET_CAPABILITY_NOT_VPN,NET_CAPABILITY_VALIDATED","signalStrength":-2147483648,"transportTypes":"TRANSPORT_CELLULAR"},"detailedState":"CONNECTED","extraInfo":"epc.tmobile.com","isAvailable":true,"isConnected":true,"isFailover":false,"isRoaming":false,"state":"CONNECTED","subtype":13,"subtypeName":"LTE","type":0,"typeName":"MOBILE"},{"capabilities":{"SSID":null,"linkDownBandwidthKbps":1048576,"linkUpstreamBandwidt...
[debug] &amp#27;[35m[ADB]&amp#27;[39m Running 'C:\Users\saurabhsoni\AppData\Local\Android\Sdk\platform-tools\adb.exe -P 5037 -s emulator-5554 shell dumpsys window'
&amp#27;[35m[AndroidDriver]&amp#27;[39m Screen already unlocked, doing nothing
&amp#27;[35m[UiAutomator2]&amp#27;[39m Starting 'in.workindia.nileshdungarwal.workindiaandroid/.RegisterActivity and waiting for 'in.workindia.nileshdungarwal.workindiaandroid/.RegisterActivity'
[debug] &amp#27;[35m[ADB]&amp#27;[39m Running 'C:\Users\saurabhsoni\AppData\Local\Android\Sdk\platform-tools\adb.exe -P 5037 -s emulator-5554 shell am start -W -n in.workindia.nileshdungarwal.workindiaandroid/.RegisterActivity -S -a android.intent.action.MAIN -c android.intent.category.LAUNCHER -f 0x10200000'
[debug] &amp#27;[35m[WD Proxy]&amp#27;[39m Proxying [GET /appium/device/pixel_ratio] to [GET http://127.0.0.1:8200/wd/hub/session/c0327d69-2521-479e-82fc-9dc670cc62df/appium/device/pixel_ratio] with no body
[debug] &amp#27;[35m[WD Proxy]&amp#27;[39m Got response with status 200: {"sessionId":"c0327d69-2521-479e-82fc-9dc670cc62df","value":2.75}
[debug] &amp#27;[35m[WD Proxy]&amp#27;[39m Matched '/appium/device/system_bars' to command name 'getSystemBars'
[debug] &amp#27;[35m[WD Proxy]&amp#27;[39m Proxying [GET /appium/device/system_bars] to [GET http://127.0.0.1:8200/wd/hub/session/c0327d69-2521-479e-82fc-9dc670cc62df/appium/device/system_bars] with no body
[debug] &amp#27;[35m[WD Proxy]&amp#27;[39m Got response with status 200: {"sessionId":"c0327d69-2521-479e-82fc-9dc670cc62df","value":{"statusBar":66}}
[debug] &amp#27;[35m[WD Proxy]&amp#27;[39m Matched '/window/current/size' to command name 'getWindowSize'
[debug] &amp#27;[35m[WD Proxy]&amp#27;[39m Proxying [GET /window/current/size] to [GET http://127.0.0.1:8200/wd/hub/session/c0327d69-2521-479e-82fc-9dc670cc62df/window/current/size] with no body
[debug] &amp#27;[35m[WD Proxy]&amp#27;[39m Got response with status 200: {"sessionId":"c0327d69-2521-479e-82fc-9dc670cc62df","value":{"height":2028,"width":1080}}
&amp#27;[35m[Appium]&amp#27;[39m New AndroidUiautomator2Driver session created successfully, session f93268b4-2919-4fc5-8680-4b4d0e835fe1 added to master session list
[debug] &amp#27;[35m[BaseDriver]&amp#27;[39m Event 'newSessionStarted' logged at 1610628729422 (18:22:09 GMT+0530 (India Standard Time))
[debug] &amp#27;[35m[W3C (f93268b4)]&amp#27;[39m Cached the protocol value 'W3C' for the new session f93268b4-2919-4fc5-8680-4b4d0e835fe1
[debug] &amp#27;[35m[W3C (f93268b4)]&amp#27;[39m Responding to client with driver.createSession() result: {"capabilities":{"platform":"LINUX","webStorageEnabled":false,"takesScreenshot":true,"javascriptEnabled":true,"databaseEnabled":false,"networkConnectionEnabled":true,"locationContextEnabled":false,"warnings":{},"desired":{"platformName":"android","skipDeviceInitialization":true,"skipServerInstallation":false,"app":"./Resources/in.workindia.apk","appActivity":".RegisterActivity","appPackage":"in.workindia.nileshdungarwal.workindiaandroid","platformVersion":"8.1"},"platformName":"android","skipDeviceInitialization":true,"skipServerInstallation":false,"app":"./Resources/in.workindia.apk","appActivity":".RegisterActivity","appPackage":"in.workindia.nileshdungarwal.workindiaandroid","platformVersion":"8.1.0","deviceName":"emulator-5554","deviceUDID":"emulator-5554","deviceApiLevel":27,"deviceScreenSize":"1080x2160","deviceScreenDensity":440,"deviceModel":"Android SDK built for x86","deviceManufacturer":"Google","pixelRatio":2.75,"statBarHeight":66,"viewportRect":{"left":0,"top":66,"width":1080,"height":1962}}}
&amp#27;[35m[HTTP]&amp#27;[39m &amp#27;[37m<-- POST /wd/hub/session &amp#27;[39m&amp#27;[32m200&amp#27;[39m &amp#27;[90m9305 ms - 1081&amp#27;[39m
&amp#27;[35m[HTTP]&amp#27;[39m &amp#27;[90m&amp#27;[39m
&amp#27;[35m[HTTP]&amp#27;[39m &amp#27;[37m-->&amp#27;[39m &amp#27;[37mGET&amp#27;[39m &amp#27;[37m/wd/hub/session/f93268b4-2919-4fc5-8680-4b4d0e835fe1&amp#27;[39m
&amp#27;[35m[HTTP]&amp#27;[39m &amp#27;[90m{}&amp#27;[39m
[debug] &amp#27;[35m[W3C (f93268b4)]&amp#27;[39m Calling AppiumDriver.getSession() with args: ["f93268b4-2919-4fc5-8680-4b4d0e835fe1"]
[debug] &amp#27;[35m[UiAutomator2]&amp#27;[39m Getting session details from server to mix in
[debug] &amp#27;[35m[WD Proxy]&amp#27;[39m Matched '/' to command name 'getSession'
[debug] &amp#27;[35m[WD Proxy]&amp#27;[39m Proxying [GET /] to [GET http://127.0.0.1:8200/wd/hub/session/c0327d69-2521-479e-82fc-9dc670cc62df] with no body
[debug] &amp#27;[35m[WD Proxy]&amp#27;[39m Got response with status 200: {"sessionId":"c0327d69-2521-479e-82fc-9dc670cc62df","value":{"lastScrollData":null}}
[debug] &amp#27;[35m[W3C (f93268b4)]&amp#27;[39m Responding to client with driver.getSession() result: {"platform":"LINUX","webStorageEnabled":false,"takesScreenshot":true,"javascriptEnabled":true,"databaseEnabled":false,"networkConnectionEnabled":true,"locationContextEnabled":false,"warnings":{},"desired":{"platformName":"android","skipDeviceInitialization":true,"skipServerInstallation":false,"app":"./Resources/in.workindia.apk","appActivity":".RegisterActivity","appPackage":"in.workindia.nileshdungarwal.workindiaandroid","platformVersion":"8.1"},"platformName":"android","skipDeviceInitialization":true,"skipServerInstallation":false,"app":"./Resources/in.workindia.apk","appActivity":".RegisterActivity","appPackage":"in.workindia.nileshdungarwal.workindiaandroid","platformVersion":"8.1.0","deviceName":"emulator-5554","deviceUDID":"emulator-5554","deviceApiLevel":27,"deviceScreenSize":"1080x2160","deviceScreenDensity":440,"deviceModel":"Android SDK built for x86","deviceManufacturer":"Google","pixelRatio":2.75,"statBarHeight":66,"viewportRect":{"left":0,"top":66,"width":1080,"height":1962},"lastScrollData":n...
&amp#27;[35m[HTTP]&amp#27;[39m &amp#27;[37m<-- GET /wd/hub/session/f93268b4-2919-4fc5-8680-4b4d0e835fe1 &amp#27;[39m&amp#27;[32m200&amp#27;[39m &amp#27;[90m17 ms - 1035&amp#27;[39m
&amp#27;[35m[HTTP]&amp#27;[39m &amp#27;[90m&amp#27;[39m
&amp#27;[35m[HTTP]&amp#27;[39m &amp#27;[37m-->&amp#27;[39m &amp#27;[37mGET&amp#27;[39m &amp#27;[37m/wd/hub/session/f93268b4-2919-4fc5-8680-4b4d0e835fe1&amp#27;[39m
&amp#27;[35m[HTTP]&amp#27;[39m &amp#27;[90m{}&amp#27;[39m
[debug] &amp#27;[35m[W3C (f93268b4)]&amp#27;[39m Calling AppiumDriver.getSession() with args: ["f93268b4-2919-4fc5-8680-4b4d0e835fe1"]
[debug] &amp#27;[35m[UiAutomator2]&amp#27;[39m Getting session details from server to mix in
[debug] &amp#27;[35m[WD Proxy]&amp#27;[39m Matched '/' to command name 'getSession'
[debug] &amp#27;[35m[WD Proxy]&amp#27;[39m Proxying [GET /] to [GET http://127.0.0.1:8200/wd/hub/session/c0327d69-2521-479e-82fc-9dc670cc62df] with no body
[debug] &amp#27;[35m[WD Proxy]&amp#27;[39m Got response with status 200: {"sessionId":"c0327d69-2521-479e-82fc-9dc670cc62df","value":{"lastScrollData":null}}
[debug] &amp#27;[35m[W3C (f93268b4)]&amp#27;[39m Responding to client with driver.getSession() result: {"platform":"LINUX","webStorageEnabled":false,"takesScreenshot":true,"javascriptEnabled":true,"databaseEnabled":false,"networkConnectionEnabled":true,"locationContextEnabled":false,"warnings":{},"desired":{"platformName":"android","skipDeviceInitialization":true,"skipServerInstallation":false,"app":"./Resources/in.workindia.apk","appActivity":".RegisterActivity","appPackage":"in.workindia.nileshdungarwal.workindiaandroid","platformVersion":"8.1"},"platformName":"android","skipDeviceInitialization":true,"skipServerInstallation":false,"app":"./Resources/in.workindia.apk","appActivity":".RegisterActivity","appPackage":"in.workindia.nileshdungarwal.workindiaandroid","platformVersion":"8.1.0","deviceName":"emulator-5554","deviceUDID":"emulator-5554","deviceApiLevel":27,"deviceScreenSize":"1080x2160","deviceScreenDensity":440,"deviceModel":"Android SDK built for x86","deviceManufacturer":"Google","pixelRatio":2.75,"statBarHeight":66,"viewportRect":{"left":0,"top":66,"width":1080,"height":1962},"lastScrollData":n...
&amp#27;[35m[HTTP]&amp#27;[39m &amp#27;[37m<-- GET /wd/hub/session/f93268b4-2919-4fc5-8680-4b4d0e835fe1 &amp#27;[39m&amp#27;[32m200&amp#27;[39m &amp#27;[90m20 ms - 1035&amp#27;[39m
&amp#27;[35m[HTTP]&amp#27;[39m &amp#27;[90m&amp#27;[39m
&amp#27;[35m[HTTP]&amp#27;[39m &amp#27;[37m-->&amp#27;[39m &amp#27;[37mPOST&amp#27;[39m &amp#27;[37m/wd/hub/session/f93268b4-2919-4fc5-8680-4b4d0e835fe1/timeouts&amp#27;[39m
&amp#27;[35m[HTTP]&amp#27;[39m &amp#27;[90m{"implicit":10000}&amp#27;[39m
[debug] &amp#27;[35m[W3C (f93268b4)]&amp#27;[39m Calling AppiumDriver.timeouts() with args: [null,null,null,null,10000,"f93268b4-2919-4fc5-8680-4b4d0e835fe1"]
[debug] &amp#27;[35m[BaseDriver]&amp#27;[39m W3C timeout argument: {"implicit":10000}}
[debug] &amp#27;[35m[BaseDriver]&amp#27;[39m Set implicit wait to 10000ms
[debug] &amp#27;[35m[W3C (f93268b4)]&amp#27;[39m Responding to client with driver.timeouts() result: null
&amp#27;[35m[HTTP]&amp#27;[39m &amp#27;[37m<-- POST /wd/hub/session/f93268b4-2919-4fc5-8680-4b4d0e835fe1/timeouts &amp#27;[39m&amp#27;[32m200&amp#27;[39m &amp#27;[90m2 ms - 14&amp#27;[39m
&amp#27;[35m[HTTP]&amp#27;[39m &amp#27;[90m&amp#27;[39m
&amp#27;[35m[HTTP]&amp#27;[39m &amp#27;[37m-->&amp#27;[39m &amp#27;[37mGET&amp#27;[39m &amp#27;[37m/wd/hub/session/f93268b4-2919-4fc5-8680-4b4d0e835fe1&amp#27;[39m
&amp#27;[35m[HTTP]&amp#27;[39m &amp#27;[90m{}&amp#27;[39m
[debug] &amp#27;[35m[W3C (f93268b4)]&amp#27;[39m Calling AppiumDriver.getSession() with args: ["f93268b4-2919-4fc5-8680-4b4d0e835fe1"]
[debug] &amp#27;[35m[UiAutomator2]&amp#27;[39m Getting session details from server to mix in
[debug] &amp#27;[35m[WD Proxy]&amp#27;[39m Matched '/' to command name 'getSession'
[debug] &amp#27;[35m[WD Proxy]&amp#27;[39m Proxying [GET /] to [GET http://127.0.0.1:8200/wd/hub/session/c0327d69-2521-479e-82fc-9dc670cc62df] with no body
[debug] &amp#27;[35m[WD Proxy]&amp#27;[39m Got response with status 200: {"sessionId":"c0327d69-2521-479e-82fc-9dc670cc62df","value":{"lastScrollData":null}}
[debug] &amp#27;[35m[W3C (f93268b4)]&amp#27;[39m Responding to client with driver.getSession() result: {"platform":"LINUX","webStorageEnabled":false,"takesScreenshot":true,"javascriptEnabled":true,"databaseEnabled":false,"networkConnectionEnabled":true,"locationContextEnabled":false,"warnings":{},"desired":{"platformName":"android","skipDeviceInitialization":true,"skipServerInstallation":false,"app":"./Resources/in.workindia.apk","appActivity":".RegisterActivity","appPackage":"in.workindia.nileshdungarwal.workindiaandroid","platformVersion":"8.1"},"platformName":"android","skipDeviceInitialization":true,"skipServerInstallation":false,"app":"./Resources/in.workindia.apk","appActivity":".RegisterActivity","appPackage":"in.workindia.nileshdungarwal.workindiaandroid","platformVersion":"8.1.0","deviceName":"emulator-5554","deviceUDID":"emulator-5554","deviceApiLevel":27,"deviceScreenSize":"1080x2160","deviceScreenDensity":440,"deviceModel":"Android SDK built for x86","deviceManufacturer":"Google","pixelRatio":2.75,"statBarHeight":66,"viewportRect":{"left":0,"top":66,"width":1080,"height":1962},"lastScrollData":n...
&amp#27;[35m[HTTP]&amp#27;[39m &amp#27;[37m<-- GET /wd/hub/session/f93268b4-2919-4fc5-8680-4b4d0e835fe1 &amp#27;[39m&amp#27;[32m200&amp#27;[39m &amp#27;[90m16 ms - 1035&amp#27;[39m
&amp#27;[35m[HTTP]&amp#27;[39m &amp#27;[90m&amp#27;[39m
&amp#27;[35m[HTTP]&amp#27;[39m &amp#27;[37m-->&amp#27;[39m &amp#27;[37mGET&amp#27;[39m &amp#27;[37m/wd/hub/session/f93268b4-2919-4fc5-8680-4b4d0e835fe1&amp#27;[39m
&amp#27;[35m[HTTP]&amp#27;[39m &amp#27;[90m{}&amp#27;[39m
[debug] &amp#27;[35m[W3C (f93268b4)]&amp#27;[39m Calling AppiumDriver.getSession() with args: ["f93268b4-2919-4fc5-8680-4b4d0e835fe1"]
[debug] &amp#27;[35m[UiAutomator2]&amp#27;[39m Getting session details from server to mix in
[debug] &amp#27;[35m[WD Proxy]&amp#27;[39m Matched '/' to command name 'getSession'
[debug] &amp#27;[35m[WD Proxy]&amp#27;[39m Proxying [GET /] to [GET http://127.0.0.1:8200/wd/hub/session/c0327d69-2521-479e-82fc-9dc670cc62df] with no body
[debug] &amp#27;[35m[WD Proxy]&amp#27;[39m Got response with status 200: {"sessionId":"c0327d69-2521-479e-82fc-9dc670cc62df","value":{"lastScrollData":null}}
[debug] &amp#27;[35m[W3C (f93268b4)]&amp#27;[39m Responding to client with driver.getSession() result: {"platform":"LINUX","webStorageEnabled":false,"takesScreenshot":true,"javascriptEnabled":true,"databaseEnabled":false,"networkConnectionEnabled":true,"locationContextEnabled":false,"warnings":{},"desired":{"platformName":"android","skipDeviceInitialization":true,"skipServerInstallation":false,"app":"./Resources/in.workindia.apk","appActivity":".RegisterActivity","appPackage":"in.workindia.nileshdungarwal.workindiaandroid","platformVersion":"8.1"},"platformName":"android","skipDeviceInitialization":true,"skipServerInstallation":false,"app":"./Resources/in.workindia.apk","appActivity":".RegisterActivity","appPackage":"in.workindia.nileshdungarwal.workindiaandroid","platformVersion":"8.1.0","deviceName":"emulator-5554","deviceUDID":"emulator-5554","deviceApiLevel":27,"deviceScreenSize":"1080x2160","deviceScreenDensity":440,"deviceModel":"Android SDK built for x86","deviceManufacturer":"Google","pixelRatio":2.75,"statBarHeight":66,"viewportRect":{"left":0,"top":66,"width":1080,"height":1962},"lastScrollData":n...
&amp#27;[35m[HTTP]&amp#27;[39m &amp#27;[37m<-- GET /wd/hub/session/f93268b4-2919-4fc5-8680-4b4d0e835fe1 &amp#27;[39m&amp#27;[32m200&amp#27;[39m &amp#27;[90m23 ms - 1035&amp#27;[39m
&amp#27;[35m[HTTP]&amp#27;[39m &amp#27;[90m&amp#27;[39m
&amp#27;[35m[HTTP]&amp#27;[39m &amp#27;[37m-->&amp#27;[39m &amp#27;[37mPOST&amp#27;[39m &amp#27;[37m/wd/hub/session/f93268b4-2919-4fc5-8680-4b4d0e835fe1/element&amp#27;[39m
&amp#27;[35m[HTTP]&amp#27;[39m &amp#27;[90m{"using":"xpath","value":"//android.widget.FrameLayout/android.widget.LinearLayout/android.widget.FrameLayout/android.widget.LinearLayout/android.widget.TextView[1]"}&amp#27;[39m
[debug] &amp#27;[35m[W3C (f93268b4)]&amp#27;[39m Calling AppiumDriver.findElement() with args: ["xpath","//android.widget.FrameLayout/android.widget.LinearLayout/android.widget.FrameLayout/android.widget.LinearLayout/android.widget.TextView[1]","f93268b4-2919-4fc5-8680-4b4d0e835fe1"]
[debug] &amp#27;[35m[BaseDriver]&amp#27;[39m Valid locator strategies for this request: xpath, id, class name, accessibility id, css selector, -android uiautomator
[debug] &amp#27;[35m[BaseDriver]&amp#27;[39m Waiting up to 10000 ms for condition
[debug] &amp#27;[35m[WD Proxy]&amp#27;[39m Matched '/element' to command name 'findElement'
[debug] &amp#27;[35m[WD Proxy]&amp#27;[39m Proxying [POST /element] to [POST http://127.0.0.1:8200/wd/hub/session/c0327d69-2521-479e-82fc-9dc670cc62df/element] with body: {"strategy":"xpath","selector":"//android.widget.FrameLayout/android.widget.LinearLayout/android.widget.FrameLayout/android.widget.LinearLayout/android.widget.TextView[1]","context":"","multiple":false}
[debug] &amp#27;[35m[WD Proxy]&amp#27;[39m Got response with status 200: {"sessionId":"c0327d69-2521-479e-82fc-9dc670cc62df","value":{"ELEMENT":"e460aa5c-65f6-4f1d-970d-9d5985b6bdb8","element-6066-11e4-a52e-4f735466cecf":"e460aa5c-65f6-4f1d-970d-9d5985b6bdb8"}}
[debug] &amp#27;[35m[W3C (f93268b4)]&amp#27;[39m Responding to client with driver.findElement() result: {"element-6066-11e4-a52e-4f735466cecf":"e460aa5c-65f6-4f1d-970d-9d5985b6bdb8","ELEMENT":"e460aa5c-65f6-4f1d-970d-9d5985b6bdb8"}
&amp#27;[35m[HTTP]&amp#27;[39m &amp#27;[37m<-- POST /wd/hub/session/f93268b4-2919-4fc5-8680-4b4d0e835fe1/element &amp#27;[39m&amp#27;[32m200&amp#27;[39m &amp#27;[90m460 ms - 137&amp#27;[39m
&amp#27;[35m[HTTP]&amp#27;[39m &amp#27;[90m&amp#27;[39m
&amp#27;[35m[HTTP]&amp#27;[39m &amp#27;[37m-->&amp#27;[39m &amp#27;[37mGET&amp#27;[39m &amp#27;[37m/wd/hub/session/f93268b4-2919-4fc5-8680-4b4d0e835fe1/element/e460aa5c-65f6-4f1d-970d-9d5985b6bdb8/text&amp#27;[39m
&amp#27;[35m[HTTP]&amp#27;[39m &amp#27;[90m{}&amp#27;[39m
&amp#27;[35m[W3C (f93268b4)]&amp#27;[39m Driver proxy active, passing request on via HTTP proxy
[debug] &amp#27;[35m[WD Proxy]&amp#27;[39m Matched '/wd/hub/session/f93268b4-2919-4fc5-8680-4b4d0e835fe1/element/e460aa5c-65f6-4f1d-970d-9d5985b6bdb8/text' to command name 'getText'
[debug] &amp#27;[35m[WD Proxy]&amp#27;[39m Proxying [GET /wd/hub/session/f93268b4-2919-4fc5-8680-4b4d0e835fe1/element/e460aa5c-65f6-4f1d-970d-9d5985b6bdb8/text] to [GET http://127.0.0.1:8200/wd/hub/session/c0327d69-2521-479e-82fc-9dc670cc62df/element/e460aa5c-65f6-4f1d-970d-9d5985b6bdb8/text] with no body
[debug] &amp#27;[35m[WD Proxy]&amp#27;[39m Got response with status 200: {"sessionId":"c0327d69-2521-479e-82fc-9dc670cc62df","value":"Job Search"}
&amp#27;[35m[WD Proxy]&amp#27;[39m Replacing sessionId c0327d69-2521-479e-82fc-9dc670cc62df with f93268b4-2919-4fc5-8680-4b4d0e835fe1
&amp#27;[35m[HTTP]&amp#27;[39m &amp#27;[37m<-- GET /wd/hub/session/f93268b4-2919-4fc5-8680-4b4d0e835fe1/element/e460aa5c-65f6-4f1d-970d-9d5985b6bdb8/text &amp#27;[39m&amp#27;[32m200&amp#27;[39m &amp#27;[90m31 ms - 73&amp#27;[39m
&amp#27;[35m[HTTP]&amp#27;[39m &amp#27;[90m&amp#27;[39m
&amp#27;[35m[HTTP]&amp#27;[39m &amp#27;[37m-->&amp#27;[39m &amp#27;[37mGET&amp#27;[39m &amp#27;[37m/wd/hub/session/f93268b4-2919-4fc5-8680-4b4d0e835fe1&amp#27;[39m
&amp#27;[35m[HTTP]&amp#27;[39m &amp#27;[90m{}&amp#27;[39m
[debug] &amp#27;[35m[W3C (f93268b4)]&amp#27;[39m Calling AppiumDriver.getSession() with args: ["f93268b4-2919-4fc5-8680-4b4d0e835fe1"]
[debug] &amp#27;[35m[UiAutomator2]&amp#27;[39m Getting session details from server to mix in
[debug] &amp#27;[35m[WD Proxy]&amp#27;[39m Matched '/' to command name 'getSession'
[debug] &amp#27;[35m[WD Proxy]&amp#27;[39m Proxying [GET /] to [GET http://127.0.0.1:8200/wd/hub/session/c0327d69-2521-479e-82fc-9dc670cc62df] with no body
[debug] &amp#27;[35m[WD Proxy]&amp#27;[39m Got response with status 200: {"sessionId":"c0327d69-2521-479e-82fc-9dc670cc62df","value":{"lastScrollData":null}}
[debug] &amp#27;[35m[W3C (f93268b4)]&amp#27;[39m Responding to client with driver.getSession() result: {"platform":"LINUX","webStorageEnabled":false,"takesScreenshot":true,"javascriptEnabled":true,"databaseEnabled":false,"networkConnectionEnabled":true,"locationContextEnabled":false,"warnings":{},"desired":{"platformName":"android","skipDeviceInitialization":true,"skipServerInstallation":false,"app":"./Resources/in.workindia.apk","appActivity":".RegisterActivity","appPackage":"in.workindia.nileshdungarwal.workindiaandroid","platformVersion":"8.1"},"platformName":"android","skipDeviceInitialization":true,"skipServerInstallation":false,"app":"./Resources/in.workindia.apk","appActivity":".RegisterActivity","appPackage":"in.workindia.nileshdungarwal.workindiaandroid","platformVersion":"8.1.0","deviceName":"emulator-5554","deviceUDID":"emulator-5554","deviceApiLevel":27,"deviceScreenSize":"1080x2160","deviceScreenDensity":440,"deviceModel":"Android SDK built for x86","deviceManufacturer":"Google","pixelRatio":2.75,"statBarHeight":66,"viewportRect":{"left":0,"top":66,"width":1080,"height":1962},"lastScrollData":n...
&amp#27;[35m[HTTP]&amp#27;[39m &amp#27;[37m<-- GET /wd/hub/session/f93268b4-2919-4fc5-8680-4b4d0e835fe1 &amp#27;[39m&amp#27;[32m200&amp#27;[39m &amp#27;[90m15 ms - 1035&amp#27;[39m
&amp#27;[35m[HTTP]&amp#27;[39m &amp#27;[90m&amp#27;[39m
&amp#27;[35m[HTTP]&amp#27;[39m &amp#27;[37m-->&amp#27;[39m &amp#27;[37mPOST&amp#27;[39m &amp#27;[37m/wd/hub/session/f93268b4-2919-4fc5-8680-4b4d0e835fe1/element&amp#27;[39m
&amp#27;[35m[HTTP]&amp#27;[39m &amp#27;[90m{"using":"id","value":"in.workindia.nileshdungarwal.workindiaandroid:id/et_name"}&amp#27;[39m
[debug] &amp#27;[35m[W3C (f93268b4)]&amp#27;[39m Calling AppiumDriver.findElement() with args: ["id","in.workindia.nileshdungarwal.workindiaandroid:id/et_name","f93268b4-2919-4fc5-8680-4b4d0e835fe1"]
[debug] &amp#27;[35m[BaseDriver]&amp#27;[39m Valid locator strategies for this request: xpath, id, class name, accessibility id, css selector, -android uiautomator
[debug] &amp#27;[35m[BaseDriver]&amp#27;[39m Waiting up to 10000 ms for condition
[debug] &amp#27;[35m[WD Proxy]&amp#27;[39m Matched '/element' to command name 'findElement'
[debug] &amp#27;[35m[WD Proxy]&amp#27;[39m Proxying [POST /element] to [POST http://127.0.0.1:8200/wd/hub/session/c0327d69-2521-479e-82fc-9dc670cc62df/element] with body: {"strategy":"id","selector":"in.workindia.nileshdungarwal.workindiaandroid:id/et_name","context":"","multiple":false}
[debug] &amp#27;[35m[WD Proxy]&amp#27;[39m Got response with status 200: {"sessionId":"c0327d69-2521-479e-82fc-9dc670cc62df","value":{"ELEMENT":"6a18441a-53fc-49c4-b236-2669671ef1de","element-6066-11e4-a52e-4f735466cecf":"6a18441a-53fc-49c4-b236-2669671ef1de"}}
[debug] &amp#27;[35m[W3C (f93268b4)]&amp#27;[39m Responding to client with driver.findElement() result: {"element-6066-11e4-a52e-4f735466cecf":"6a18441a-53fc-49c4-b236-2669671ef1de","ELEMENT":"6a18441a-53fc-49c4-b236-2669671ef1de"}
&amp#27;[35m[HTTP]&amp#27;[39m &amp#27;[37m<-- POST /wd/hub/session/f93268b4-2919-4fc5-8680-4b4d0e835fe1/element &amp#27;[39m&amp#27;[32m200&amp#27;[39m &amp#27;[90m32 ms - 137&amp#27;[39m
&amp#27;[35m[HTTP]&amp#27;[39m &amp#27;[90m&amp#27;[39m
&amp#27;[35m[HTTP]&amp#27;[39m &amp#27;[37m-->&amp#27;[39m &amp#27;[37mPOST&amp#27;[39m &amp#27;[37m/wd/hub/session/f93268b4-2919-4fc5-8680-4b4d0e835fe1/element/6a18441a-53fc-49c4-b236-2669671ef1de/value&amp#27;[39m
&amp#27;[35m[HTTP]&amp#27;[39m &amp#27;[90m{"id":"6a18441a-53fc-49c4-b236-2669671ef1de","text":"Sobhit","value":["S","o","b","h","i","t"]}&amp#27;[39m
[debug] &amp#27;[35m[W3C (f93268b4)]&amp#27;[39m Calling AppiumDriver.setValue() with args: [["S","o","b","h","i","t"],"6a18441a-53fc-49c4-b236-2669671ef1de","f93268b4-2919-4fc5-8680-4b4d0e835fe1"]
[debug] &amp#27;[35m[WD Proxy]&amp#27;[39m Matched '/element/6a18441a-53fc-49c4-b236-2669671ef1de/value' to command name 'setValue'
[debug] &amp#27;[35m[Protocol Converter]&amp#27;[39m Added 'value' property ["S","o","b","h","i","t"] to 'setValue' request body
[debug] &amp#27;[35m[WD Proxy]&amp#27;[39m Proxying [POST /element/6a18441a-53fc-49c4-b236-2669671ef1de/value] to [POST http://127.0.0.1:8200/wd/hub/session/c0327d69-2521-479e-82fc-9dc670cc62df/element/6a18441a-53fc-49c4-b236-2669671ef1de/value] with body: {"elementId":"6a18441a-53fc-49c4-b236-2669671ef1de","text":"Sobhit","replace":false,"value":["S","o","b","h","i","t"]}
[debug] &amp#27;[35m[WD Proxy]&amp#27;[39m Got response with status 200: {"sessionId":"c0327d69-2521-479e-82fc-9dc670cc62df","value":null}
[debug] &amp#27;[35m[W3C (f93268b4)]&amp#27;[39m Responding to client with driver.setValue() result: null
&amp#27;[35m[HTTP]&amp#27;[39m &amp#27;[37m<-- POST /wd/hub/session/f93268b4-2919-4fc5-8680-4b4d0e835fe1/element/6a18441a-53fc-49c4-b236-2669671ef1de/value &amp#27;[39m&amp#27;[32m200&amp#27;[39m &amp#27;[90m46 ms - 14&amp#27;[39m
&amp#27;[35m[HTTP]&amp#27;[39m &amp#27;[90m&amp#27;[39m
&amp#27;[35m[HTTP]&amp#27;[39m &amp#27;[37m-->&amp#27;[39m &amp#27;[37mGET&amp#27;[39m &amp#27;[37m/wd/hub/session/f93268b4-2919-4fc5-8680-4b4d0e835fe1&amp#27;[39m
&amp#27;[35m[HTTP]&amp#27;[39m &amp#27;[90m{}&amp#27;[39m
[debug] &amp#27;[35m[W3C (f93268b4)]&amp#27;[39m Calling AppiumDriver.getSession() with args: ["f93268b4-2919-4fc5-8680-4b4d0e835fe1"]
[debug] &amp#27;[35m[UiAutomator2]&amp#27;[39m Getting session details from server to mix in
[debug] &amp#27;[35m[WD Proxy]&amp#27;[39m Matched '/' to command name 'getSession'
[debug] &amp#27;[35m[WD Proxy]&amp#27;[39m Proxying [GET /] to [GET http://127.0.0.1:8200/wd/hub/session/c0327d69-2521-479e-82fc-9dc670cc62df] with no body
[debug] &amp#27;[35m[WD Proxy]&amp#27;[39m Got response with status 200: {"sessionId":"c0327d69-2521-479e-82fc-9dc670cc62df","value":{"lastScrollData":null}}
[debug] &amp#27;[35m[W3C (f93268b4)]&amp#27;[39m Responding to client with driver.getSession() result: {"platform":"LINUX","webStorageEnabled":false,"takesScreenshot":true,"javascriptEnabled":true,"databaseEnabled":false,"networkConnectionEnabled":true,"locationContextEnabled":false,"warnings":{},"desired":{"platformName":"android","skipDeviceInitialization":true,"skipServerInstallation":false,"app":"./Resources/in.workindia.apk","appActivity":".RegisterActivity","appPackage":"in.workindia.nileshdungarwal.workindiaandroid","platformVersion":"8.1"},"platformName":"android","skipDeviceInitialization":true,"skipServerInstallation":false,"app":"./Resources/in.workindia.apk","appActivity":".RegisterActivity","appPackage":"in.workindia.nileshdungarwal.workindiaandroid","platformVersion":"8.1.0","deviceName":"emulator-5554","deviceUDID":"emulator-5554","deviceApiLevel":27,"deviceScreenSize":"1080x2160","deviceScreenDensity":440,"deviceModel":"Android SDK built for x86","deviceManufacturer":"Google","pixelRatio":2.75,"statBarHeight":66,"viewportRect":{"left":0,"top":66,"width":1080,"height":1962},"lastScrollData":n...
&amp#27;[35m[HTTP]&amp#27;[39m &amp#27;[37m<-- GET /wd/hub/session/f93268b4-2919-4fc5-8680-4b4d0e835fe1 &amp#27;[39m&amp#27;[32m200&amp#27;[39m &amp#27;[90m20 ms - 1035&amp#27;[39m
&amp#27;[35m[HTTP]&amp#27;[39m &amp#27;[90m&amp#27;[39m
&amp#27;[35m[HTTP]&amp#27;[39m &amp#27;[37m-->&amp#27;[39m &amp#27;[37mPOST&amp#27;[39m &amp#27;[37m/wd/hub/session/f93268b4-2919-4fc5-8680-4b4d0e835fe1/element&amp#27;[39m
&amp#27;[35m[HTTP]&amp#27;[39m &amp#27;[90m{"using":"id","value":"in.workindia.nileshdungarwal.workindiaandroid:id/et_number"}&amp#27;[39m
[debug] &amp#27;[35m[W3C (f93268b4)]&amp#27;[39m Calling AppiumDriver.findElement() with args: ["id","in.workindia.nileshdungarwal.workindiaandroid:id/et_number","f93268b4-2919-4fc5-8680-4b4d0e835fe1"]
[debug] &amp#27;[35m[BaseDriver]&amp#27;[39m Valid locator strategies for this request: xpath, id, class name, accessibility id, css selector, -android uiautomator
[debug] &amp#27;[35m[BaseDriver]&amp#27;[39m Waiting up to 10000 ms for condition
[debug] &amp#27;[35m[WD Proxy]&amp#27;[39m Matched '/element' to command name 'findElement'
[debug] &amp#27;[35m[WD Proxy]&amp#27;[39m Proxying [POST /element] to [POST http://127.0.0.1:8200/wd/hub/session/c0327d69-2521-479e-82fc-9dc670cc62df/element] with body: {"strategy":"id","selector":"in.workindia.nileshdungarwal.workindiaandroid:id/et_number","context":"","multiple":false}
[debug] &amp#27;[35m[WD Proxy]&amp#27;[39m Got response with status 200: {"sessionId":"c0327d69-2521-479e-82fc-9dc670cc62df","value":{"ELEMENT":"514b0386-9c97-4343-8650-78e27fc976b0","element-6066-11e4-a52e-4f735466cecf":"514b0386-9c97-4343-8650-78e27fc976b0"}}
[debug] &amp#27;[35m[W3C (f93268b4)]&amp#27;[39m Responding to client with driver.findElement() result: {"element-6066-11e4-a52e-4f735466cecf":"514b0386-9c97-4343-8650-78e27fc976b0","ELEMENT":"514b0386-9c97-4343-8650-78e27fc976b0"}
&amp#27;[35m[HTTP]&amp#27;[39m &amp#27;[37m<-- POST /wd/hub/session/f93268b4-2919-4fc5-8680-4b4d0e835fe1/element &amp#27;[39m&amp#27;[32m200&amp#27;[39m &amp#27;[90m495 ms - 137&amp#27;[39m
&amp#27;[35m[HTTP]&amp#27;[39m &amp#27;[90m&amp#27;[39m
&amp#27;[35m[HTTP]&amp#27;[39m &amp#27;[37m-->&amp#27;[39m &amp#27;[37mPOST&amp#27;[39m &amp#27;[37m/wd/hub/session/f93268b4-2919-4fc5-8680-4b4d0e835fe1/element/514b0386-9c97-4343-8650-78e27fc976b0/value&amp#27;[39m
&amp#27;[35m[HTTP]&amp#27;[39m &amp#27;[90m{"id":"514b0386-9c97-4343-8650-78e27fc976b0","text":"1234567890","value":["1","2","3","4","5","6","7","8","9","0"]}&amp#27;[39m
[debug] &amp#27;[35m[W3C (f93268b4)]&amp#27;[39m Calling AppiumDriver.setValue() with args: [["1","2","3","4","5","6","7","8","9","0"],"514b0386-9c97-4343-8650-78e27fc976b0","f93268b4-2919-4fc5-8680-4b4d0e835fe1"]
[debug] &amp#27;[35m[WD Proxy]&amp#27;[39m Matched '/element/514b0386-9c97-4343-8650-78e27fc976b0/value' to command name 'setValue'
[debug] &amp#27;[35m[Protocol Converter]&amp#27;[39m Added 'value' property ["1","2","3","4","5","6","7","8","9","0"] to 'setValue' request body
[debug] &amp#27;[35m[WD Proxy]&amp#27;[39m Proxying [POST /element/514b0386-9c97-4343-8650-78e27fc976b0/value] to [POST http://127.0.0.1:8200/wd/hub/session/c0327d69-2521-479e-82fc-9dc670cc62df/element/514b0386-9c97-4343-8650-78e27fc976b0/value] with body: {"elementId":"514b0386-9c97-4343-8650-78e27fc976b0","text":"1234567890","replace":false,"value":["1","2","3","4","5","6","7","8","9","0"]}
[debug] &amp#27;[35m[WD Proxy]&amp#27;[39m Got response with status 200: {"sessionId":"c0327d69-2521-479e-82fc-9dc670cc62df","value":null}
[debug] &amp#27;[35m[W3C (f93268b4)]&amp#27;[39m Responding to client with driver.setValue() result: null
&amp#27;[35m[HTTP]&amp#27;[39m &amp#27;[37m<-- POST /wd/hub/session/f93268b4-2919-4fc5-8680-4b4d0e835fe1/element/514b0386-9c97-4343-8650-78e27fc976b0/value &amp#27;[39m&amp#27;[32m200&amp#27;[39m &amp#27;[90m28 ms - 14&amp#27;[39m
&amp#27;[35m[HTTP]&amp#27;[39m &amp#27;[90m&amp#27;[39m
&amp#27;[35m[HTTP]&amp#27;[39m &amp#27;[37m-->&amp#27;[39m &amp#27;[37mGET&amp#27;[39m &amp#27;[37m/wd/hub/session/f93268b4-2919-4fc5-8680-4b4d0e835fe1&amp#27;[39m
&amp#27;[35m[HTTP]&amp#27;[39m &amp#27;[90m{}&amp#27;[39m
[debug] &amp#27;[35m[W3C (f93268b4)]&amp#27;[39m Calling AppiumDriver.getSession() with args: ["f93268b4-2919-4fc5-8680-4b4d0e835fe1"]
[debug] &amp#27;[35m[UiAutomator2]&amp#27;[39m Getting session details from server to mix in
[debug] &amp#27;[35m[WD Proxy]&amp#27;[39m Matched '/' to command name 'getSession'
[debug] &amp#27;[35m[WD Proxy]&amp#27;[39m Proxying [GET /] to [GET http://127.0.0.1:8200/wd/hub/session/c0327d69-2521-479e-82fc-9dc670cc62df] with no body
[debug] &amp#27;[35m[WD Proxy]&amp#27;[39m Got response with status 200: {"sessionId":"c0327d69-2521-479e-82fc-9dc670cc62df","value":{"lastScrollData":null}}
[debug] &amp#27;[35m[W3C (f93268b4)]&amp#27;[39m Responding to client with driver.getSession() result: {"platform":"LINUX","webStorageEnabled":false,"takesScreenshot":true,"javascriptEnabled":true,"databaseEnabled":false,"networkConnectionEnabled":true,"locationContextEnabled":false,"warnings":{},"desired":{"platformName":"android","skipDeviceInitialization":true,"skipServerInstallation":false,"app":"./Resources/in.workindia.apk","appActivity":".RegisterActivity","appPackage":"in.workindia.nileshdungarwal.workindiaandroid","platformVersion":"8.1"},"platformName":"android","skipDeviceInitialization":true,"skipServerInstallation":false,"app":"./Resources/in.workindia.apk","appActivity":".RegisterActivity","appPackage":"in.workindia.nileshdungarwal.workindiaandroid","platformVersion":"8.1.0","deviceName":"emulator-5554","deviceUDID":"emulator-5554","deviceApiLevel":27,"deviceScreenSize":"1080x2160","deviceScreenDensity":440,"deviceModel":"Android SDK built for x86","deviceManufacturer":"Google","pixelRatio":2.75,"statBarHeight":66,"viewportRect":{"left":0,"top":66,"width":1080,"height":1962},"lastScrollData":n...
&amp#27;[35m[HTTP]&amp#27;[39m &amp#27;[37m<-- GET /wd/hub/session/f93268b4-2919-4fc5-8680-4b4d0e835fe1 &amp#27;[39m&amp#27;[32m200&amp#27;[39m &amp#27;[90m17 ms - 1035&amp#27;[39m
&amp#27;[35m[HTTP]&amp#27;[39m &amp#27;[90m&amp#27;[39m
&amp#27;[35m[HTTP]&amp#27;[39m &amp#27;[37m-->&amp#27;[39m &amp#27;[37mGET&amp#27;[39m &amp#27;[37m/wd/hub/session/f93268b4-2919-4fc5-8680-4b4d0e835fe1&amp#27;[39m
&amp#27;[35m[HTTP]&amp#27;[39m &amp#27;[90m{}&amp#27;[39m
[debug] &amp#27;[35m[W3C (f93268b4)]&amp#27;[39m Calling AppiumDriver.getSession() with args: ["f93268b4-2919-4fc5-8680-4b4d0e835fe1"]
[debug] &amp#27;[35m[UiAutomator2]&amp#27;[39m Getting session details from server to mix in
[debug] &amp#27;[35m[WD Proxy]&amp#27;[39m Matched '/' to command name 'getSession'
[debug] &amp#27;[35m[WD Proxy]&amp#27;[39m Proxying [GET /] to [GET http://127.0.0.1:8200/wd/hub/session/c0327d69-2521-479e-82fc-9dc670cc62df] with no body
[debug] &amp#27;[35m[WD Proxy]&amp#27;[39m Got response with status 200: {"sessionId":"c0327d69-2521-479e-82fc-9dc670cc62df","value":{"lastScrollData":null}}
[debug] &amp#27;[35m[W3C (f93268b4)]&amp#27;[39m Responding to client with driver.getSession() result: {"platform":"LINUX","webStorageEnabled":false,"takesScreenshot":true,"javascriptEnabled":true,"databaseEnabled":false,"networkConnectionEnabled":true,"locationContextEnabled":false,"warnings":{},"desired":{"platformName":"android","skipDeviceInitialization":true,"skipServerInstallation":false,"app":"./Resources/in.workindia.apk","appActivity":".RegisterActivity","appPackage":"in.workindia.nileshdungarwal.workindiaandroid","platformVersion":"8.1"},"platformName":"android","skipDeviceInitialization":true,"skipServerInstallation":false,"app":"./Resources/in.workindia.apk","appActivity":".RegisterActivity","appPackage":"in.workindia.nileshdungarwal.workindiaandroid","platformVersion":"8.1.0","deviceName":"emulator-5554","deviceUDID":"emulator-5554","deviceApiLevel":27,"deviceScreenSize":"1080x2160","deviceScreenDensity":440,"deviceModel":"Android SDK built for x86","deviceManufacturer":"Google","pixelRatio":2.75,"statBarHeight":66,"viewportRect":{"left":0,"top":66,"width":1080,"height":1962},"lastScrollData":n...
&amp#27;[35m[HTTP]&amp#27;[39m &amp#27;[37m<-- GET /wd/hub/session/f93268b4-2919-4fc5-8680-4b4d0e835fe1 &amp#27;[39m&amp#27;[32m200&amp#27;[39m &amp#27;[90m15 ms - 1035&amp#27;[39m
&amp#27;[35m[HTTP]&amp#27;[39m &amp#27;[90m&amp#27;[39m
&amp#27;[35m[HTTP]&amp#27;[39m &amp#27;[37m-->&amp#27;[39m &amp#27;[37mGET&amp#27;[39m &amp#27;[37m/wd/hub/session/f93268b4-2919-4fc5-8680-4b4d0e835fe1&amp#27;[39m
&amp#27;[35m[HTTP]&amp#27;[39m &amp#27;[90m{}&amp#27;[39m
[debug] &amp#27;[35m[W3C (f93268b4)]&amp#27;[39m Calling AppiumDriver.getSession() with args: ["f93268b4-2919-4fc5-8680-4b4d0e835fe1"]
[debug] &amp#27;[35m[UiAutomator2]&amp#27;[39m Getting session details from server to mix in
[debug] &amp#27;[35m[WD Proxy]&amp#27;[39m Matched '/' to command name 'getSession'
[debug] &amp#27;[35m[WD Proxy]&amp#27;[39m Proxying [GET /] to [GET http://127.0.0.1:8200/wd/hub/session/c0327d69-2521-479e-82fc-9dc670cc62df] with no body
[debug] &amp#27;[35m[WD Proxy]&amp#27;[39m Got response with status 200: {"sessionId":"c0327d69-2521-479e-82fc-9dc670cc62df","value":{"lastScrollData":null}}
[debug] &amp#27;[35m[W3C (f93268b4)]&amp#27;[39m Responding to client with driver.getSession() result: {"platform":"LINUX","webStorageEnabled":false,"takesScreenshot":true,"javascriptEnabled":true,"databaseEnabled":false,"networkConnectionEnabled":true,"locationContextEnabled":false,"warnings":{},"desired":{"platformName":"android","skipDeviceInitialization":true,"skipServerInstallation":false,"app":"./Resources/in.workindia.apk","appActivity":".RegisterActivity","appPackage":"in.workindia.nileshdungarwal.workindiaandroid","platformVersion":"8.1"},"platformName":"android","skipDeviceInitialization":true,"skipServerInstallation":false,"app":"./Resources/in.workindia.apk","appActivity":".RegisterActivity","appPackage":"in.workindia.nileshdungarwal.workindiaandroid","platformVersion":"8.1.0","deviceName":"emulator-5554","deviceUDID":"emulator-5554","deviceApiLevel":27,"deviceScreenSize":"1080x2160","deviceScreenDensity":440,"deviceModel":"Android SDK built for x86","deviceManufacturer":"Google","pixelRatio":2.75,"statBarHeight":66,"viewportRect":{"left":0,"top":66,"width":1080,"height":1962},"lastScrollData":n...
&amp#27;[35m[HTTP]&amp#27;[39m &amp#27;[37m<-- GET /wd/hub/session/f93268b4-2919-4fc5-8680-4b4d0e835fe1 &amp#27;[39m&amp#27;[32m200&amp#27;[39m &amp#27;[90m10 ms - 1035&amp#27;[39m
&amp#27;[35m[HTTP]&amp#27;[39m &amp#27;[90m&amp#27;[39m
&amp#27;[35m[HTTP]&amp#27;[39m &amp#27;[37m-->&amp#27;[39m &amp#27;[37mPOST&amp#27;[39m &amp#27;[37m/wd/hub/session/f93268b4-2919-4fc5-8680-4b4d0e835fe1/element&amp#27;[39m
&amp#27;[35m[HTTP]&amp#27;[39m &amp#27;[90m{"using":"id","value":"in.workindia.nileshdungarwal.workindiaandroid:id/btn_submit"}&amp#27;[39m
[debug] &amp#27;[35m[W3C (f93268b4)]&amp#27;[39m Calling AppiumDriver.findElement() with args: ["id","in.workindia.nileshdungarwal.workindiaandroid:id/btn_submit","f93268b4-2919-4fc5-8680-4b4d0e835fe1"]
[debug] &amp#27;[35m[BaseDriver]&amp#27;[39m Valid locator strategies for this request: xpath, id, class name, accessibility id, css selector, -android uiautomator
[debug] &amp#27;[35m[BaseDriver]&amp#27;[39m Waiting up to 10000 ms for condition
[debug] &amp#27;[35m[WD Proxy]&amp#27;[39m Matched '/element' to command name 'findElement'
[debug] &amp#27;[35m[WD Proxy]&amp#27;[39m Proxying [POST /element] to [POST http://127.0.0.1:8200/wd/hub/session/c0327d69-2521-479e-82fc-9dc670cc62df/element] with body: {"strategy":"id","selector":"in.workindia.nileshdungarwal.workindiaandroid:id/btn_submit","context":"","multiple":false}
[debug] &amp#27;[35m[WD Proxy]&amp#27;[39m Got response with status 200: {"sessionId":"c0327d69-2521-479e-82fc-9dc670cc62df","value":{"ELEMENT":"ec347839-37ea-471e-b5f0-b48da14a2cce","element-6066-11e4-a52e-4f735466cecf":"ec347839-37ea-471e-b5f0-b48da14a2cce"}}
[debug] &amp#27;[35m[W3C (f93268b4)]&amp#27;[39m Responding to client with driver.findElement() result: {"element-6066-11e4-a52e-4f735466cecf":"ec347839-37ea-471e-b5f0-b48da14a2cce","ELEMENT":"ec347839-37ea-471e-b5f0-b48da14a2cce"}
&amp#27;[35m[HTTP]&amp#27;[39m &amp#27;[37m<-- POST /wd/hub/session/f93268b4-2919-4fc5-8680-4b4d0e835fe1/element &amp#27;[39m&amp#27;[32m200&amp#27;[39m &amp#27;[90m462 ms - 137&amp#27;[39m
&amp#27;[35m[HTTP]&amp#27;[39m &amp#27;[90m&amp#27;[39m
&amp#27;[35m[HTTP]&amp#27;[39m &amp#27;[37m-->&amp#27;[39m &amp#27;[37mPOST&amp#27;[39m &amp#27;[37m/wd/hub/session/f93268b4-2919-4fc5-8680-4b4d0e835fe1/element/ec347839-37ea-471e-b5f0-b48da14a2cce/click&amp#27;[39m
&amp#27;[35m[HTTP]&amp#27;[39m &amp#27;[90m{"id":"ec347839-37ea-471e-b5f0-b48da14a2cce"}&amp#27;[39m
[debug] &amp#27;[35m[W3C (f93268b4)]&amp#27;[39m Calling AppiumDriver.click() with args: ["ec347839-37ea-471e-b5f0-b48da14a2cce","f93268b4-2919-4fc5-8680-4b4d0e835fe1"]
[debug] &amp#27;[35m[WD Proxy]&amp#27;[39m Matched '/element/ec347839-37ea-471e-b5f0-b48da14a2cce/click' to command name 'click'
[debug] &amp#27;[35m[WD Proxy]&amp#27;[39m Proxying [POST /element/ec347839-37ea-471e-b5f0-b48da14a2cce/click] to [POST http://127.0.0.1:8200/wd/hub/session/c0327d69-2521-479e-82fc-9dc670cc62df/element/ec347839-37ea-471e-b5f0-b48da14a2cce/click] with body: {"element":"ec347839-37ea-471e-b5f0-b48da14a2cce"}
[debug] &amp#27;[35m[WD Proxy]&amp#27;[39m Got response with status 200: {"sessionId":"c0327d69-2521-479e-82fc-9dc670cc62df","value":null}
[debug] &amp#27;[35m[W3C (f93268b4)]&amp#27;[39m Responding to client with driver.click() result: null
&amp#27;[35m[HTTP]&amp#27;[39m &amp#27;[37m<-- POST /wd/hub/session/f93268b4-2919-4fc5-8680-4b4d0e835fe1/element/ec347839-37ea-471e-b5f0-b48da14a2cce/click &amp#27;[39m&amp#27;[32m200&amp#27;[39m &amp#27;[90m30 ms - 14&amp#27;[39m
&amp#27;[35m[HTTP]&amp#27;[39m &amp#27;[90m&amp#27;[39m
&amp#27;[35m[HTTP]&amp#27;[39m &amp#27;[37m-->&amp#27;[39m &amp#27;[37mPOST&amp#27;[39m &amp#27;[37m/wd/hub/session/f93268b4-2919-4fc5-8680-4b4d0e835fe1/timeouts&amp#27;[39m
&amp#27;[35m[HTTP]&amp#27;[39m &amp#27;[90m{"implicit":50000}&amp#27;[39m
[debug] &amp#27;[35m[W3C (f93268b4)]&amp#27;[39m Calling AppiumDriver.timeouts() with args: [null,null,null,null,50000,"f93268b4-2919-4fc5-8680-4b4d0e835fe1"]
[debug] &amp#27;[35m[BaseDriver]&amp#27;[39m W3C timeout argument: {"implicit":50000}}
[debug] &amp#27;[35m[BaseDriver]&amp#27;[39m Set implicit wait to 50000ms
[debug] &amp#27;[35m[W3C (f93268b4)]&amp#27;[39m Responding to client with driver.timeouts() result: null
&amp#27;[35m[HTTP]&amp#27;[39m &amp#27;[37m<-- POST /wd/hub/session/f93268b4-2919-4fc5-8680-4b4d0e835fe1/timeouts &amp#27;[39m&amp#27;[32m200&amp#27;[39m &amp#27;[90m3 ms - 14&amp#27;[39m
&amp#27;[35m[HTTP]&amp#27;[39m &amp#27;[90m&amp#27;[39m
&amp#27;[35m[HTTP]&amp#27;[39m &amp#27;[37m-->&amp#27;[39m &amp#27;[37mGET&amp#27;[39m &amp#27;[37m/wd/hub/session/f93268b4-2919-4fc5-8680-4b4d0e835fe1&amp#27;[39m
&amp#27;[35m[HTTP]&amp#27;[39m &amp#27;[90m{}&amp#27;[39m
[debug] &amp#27;[35m[W3C (f93268b4)]&amp#27;[39m Calling AppiumDriver.getSession() with args: ["f93268b4-2919-4fc5-8680-4b4d0e835fe1"]
[debug] &amp#27;[35m[UiAutomator2]&amp#27;[39m Getting session details from server to mix in
[debug] &amp#27;[35m[WD Proxy]&amp#27;[39m Matched '/' to command name 'getSession'
[debug] &amp#27;[35m[WD Proxy]&amp#27;[39m Proxying [GET /] to [GET http://127.0.0.1:8200/wd/hub/session/c0327d69-2521-479e-82fc-9dc670cc62df] with no body
[debug] &amp#27;[35m[WD Proxy]&amp#27;[39m Got response with status 200: {"sessionId":"c0327d69-2521-479e-82fc-9dc670cc62df","value":{"lastScrollData":null}}
[debug] &amp#27;[35m[W3C (f93268b4)]&amp#27;[39m Responding to client with driver.getSession() result: {"platform":"LINUX","webStorageEnabled":false,"takesScreenshot":true,"javascriptEnabled":true,"databaseEnabled":false,"networkConnectionEnabled":true,"locationContextEnabled":false,"warnings":{},"desired":{"platformName":"android","skipDeviceInitialization":true,"skipServerInstallation":false,"app":"./Resources/in.workindia.apk","appActivity":".RegisterActivity","appPackage":"in.workindia.nileshdungarwal.workindiaandroid","platformVersion":"8.1"},"platformName":"android","skipDeviceInitialization":true,"skipServerInstallation":false,"app":"./Resources/in.workindia.apk","appActivity":".RegisterActivity","appPackage":"in.workindia.nileshdungarwal.workindiaandroid","platformVersion":"8.1.0","deviceName":"emulator-5554","deviceUDID":"emulator-5554","deviceApiLevel":27,"deviceScreenSize":"1080x2160","deviceScreenDensity":440,"deviceModel":"Android SDK built for x86","deviceManufacturer":"Google","pixelRatio":2.75,"statBarHeight":66,"viewportRect":{"left":0,"top":66,"width":1080,"height":1962},"lastScrollData":n...
&amp#27;[35m[HTTP]&amp#27;[39m &amp#27;[37m<-- GET /wd/hub/session/f93268b4-2919-4fc5-8680-4b4d0e835fe1 &amp#27;[39m&amp#27;[32m200&amp#27;[39m &amp#27;[90m15 ms - 1035&amp#27;[39m
&amp#27;[35m[HTTP]&amp#27;[39m &amp#27;[90m&amp#27;[39m
&amp#27;[35m[HTTP]&amp#27;[39m &amp#27;[37m-->&amp#27;[39m &amp#27;[37mGET&amp#27;[39m &amp#27;[37m/wd/hub/session/f93268b4-2919-4fc5-8680-4b4d0e835fe1&amp#27;[39m
&amp#27;[35m[HTTP]&amp#27;[39m &amp#27;[90m{}&amp#27;[39m
[debug] &amp#27;[35m[W3C (f93268b4)]&amp#27;[39m Calling AppiumDriver.getSession() with args: ["f93268b4-2919-4fc5-8680-4b4d0e835fe1"]
[debug] &amp#27;[35m[UiAutomator2]&amp#27;[39m Getting session details from server to mix in
[debug] &amp#27;[35m[WD Proxy]&amp#27;[39m Matched '/' to command name 'getSession'
[debug] &amp#27;[35m[WD Proxy]&amp#27;[39m Proxying [GET /] to [GET http://127.0.0.1:8200/wd/hub/session/c0327d69-2521-479e-82fc-9dc670cc62df] with no body
[debug] &amp#27;[35m[WD Proxy]&amp#27;[39m Got response with status 200: {"sessionId":"c0327d69-2521-479e-82fc-9dc670cc62df","value":{"lastScrollData":null}}
[debug] &amp#27;[35m[W3C (f93268b4)]&amp#27;[39m Responding to client with driver.getSession() result: {"platform":"LINUX","webStorageEnabled":false,"takesScreenshot":true,"javascriptEnabled":true,"databaseEnabled":false,"networkConnectionEnabled":true,"locationContextEnabled":false,"warnings":{},"desired":{"platformName":"android","skipDeviceInitialization":true,"skipServerInstallation":false,"app":"./Resources/in.workindia.apk","appActivity":".RegisterActivity","appPackage":"in.workindia.nileshdungarwal.workindiaandroid","platformVersion":"8.1"},"platformName":"android","skipDeviceInitialization":true,"skipServerInstallation":false,"app":"./Resources/in.workindia.apk","appActivity":".RegisterActivity","appPackage":"in.workindia.nileshdungarwal.workindiaandroid","platformVersion":"8.1.0","deviceName":"emulator-5554","deviceUDID":"emulator-5554","deviceApiLevel":27,"deviceScreenSize":"1080x2160","deviceScreenDensity":440,"deviceModel":"Android SDK built for x86","deviceManufacturer":"Google","pixelRatio":2.75,"statBarHeight":66,"viewportRect":{"left":0,"top":66,"width":1080,"height":1962},"lastScrollData":n...
&amp#27;[35m[HTTP]&amp#27;[39m &amp#27;[37m<-- GET /wd/hub/session/f93268b4-2919-4fc5-8680-4b4d0e835fe1 &amp#27;[39m&amp#27;[32m200&amp#27;[39m &amp#27;[90m15 ms - 1035&amp#27;[39m
&amp#27;[35m[HTTP]&amp#27;[39m &amp#27;[90m&amp#27;[39m
&amp#27;[35m[HTTP]&amp#27;[39m &amp#27;[37m-->&amp#27;[39m &amp#27;[37mGET&amp#27;[39m &amp#27;[37m/wd/hub/session/f93268b4-2919-4fc5-8680-4b4d0e835fe1&amp#27;[39m
&amp#27;[35m[HTTP]&amp#27;[39m &amp#27;[90m{}&amp#27;[39m
[debug] &amp#27;[35m[W3C (f93268b4)]&amp#27;[39m Calling AppiumDriver.getSession() with args: ["f93268b4-2919-4fc5-8680-4b4d0e835fe1"]
[debug] &amp#27;[35m[UiAutomator2]&amp#27;[39m Getting session details from server to mix in
[debug] &amp#27;[35m[WD Proxy]&amp#27;[39m Matched '/' to command name 'getSession'
[debug] &amp#27;[35m[WD Proxy]&amp#27;[39m Proxying [GET /] to [GET http://127.0.0.1:8200/wd/hub/session/c0327d69-2521-479e-82fc-9dc670cc62df] with no body
[debug] &amp#27;[35m[WD Proxy]&amp#27;[39m Got response with status 200: {"sessionId":"c0327d69-2521-479e-82fc-9dc670cc62df","value":{"lastScrollData":null}}
[debug] &amp#27;[35m[W3C (f93268b4)]&amp#27;[39m Responding to client with driver.getSession() result: {"platform":"LINUX","webStorageEnabled":false,"takesScreenshot":true,"javascriptEnabled":true,"databaseEnabled":false,"networkConnectionEnabled":true,"locationContextEnabled":false,"warnings":{},"desired":{"platformName":"android","skipDeviceInitialization":true,"skipServerInstallation":false,"app":"./Resources/in.workindia.apk","appActivity":".RegisterActivity","appPackage":"in.workindia.nileshdungarwal.workindiaandroid","platformVersion":"8.1"},"platformName":"android","skipDeviceInitialization":true,"skipServerInstallation":false,"app":"./Resources/in.workindia.apk","appActivity":".RegisterActivity","appPackage":"in.workindia.nileshdungarwal.workindiaandroid","platformVersion":"8.1.0","deviceName":"emulator-5554","deviceUDID":"emulator-5554","deviceApiLevel":27,"deviceScreenSize":"1080x2160","deviceScreenDensity":440,"deviceModel":"Android SDK built for x86","deviceManufacturer":"Google","pixelRatio":2.75,"statBarHeight":66,"viewportRect":{"left":0,"top":66,"width":1080,"height":1962},"lastScrollData":n...
&amp#27;[35m[HTTP]&amp#27;[39m &amp#27;[37m<-- GET /wd/hub/session/f93268b4-2919-4fc5-8680-4b4d0e835fe1 &amp#27;[39m&amp#27;[32m200&amp#27;[39m &amp#27;[90m14 ms - 1035&amp#27;[39m
&amp#27;[35m[HTTP]&amp#27;[39m &amp#27;[90m&amp#27;[39m
&amp#27;[35m[HTTP]&amp#27;[39m &amp#27;[37m-->&amp#27;[39m &amp#27;[37mPOST&amp#27;[39m &amp#27;[37m/wd/hub/session/f93268b4-2919-4fc5-8680-4b4d0e835fe1/element&amp#27;[39m
&amp#27;[35m[HTTP]&amp#27;[39m &amp#27;[90m{"using":"id","value":"in.workindia.nileshdungarwal.workindiaandroid:id/rb_delhi"}&amp#27;[39m
[debug] &amp#27;[35m[W3C (f93268b4)]&amp#27;[39m Calling AppiumDriver.findElement() with args: ["id","in.workindia.nileshdungarwal.workindiaandroid:id/rb_delhi","f93268b4-2919-4fc5-8680-4b4d0e835fe1"]
[debug] &amp#27;[35m[BaseDriver]&amp#27;[39m Valid locator strategies for this request: xpath, id, class name, accessibility id, css selector, -android uiautomator
[debug] &amp#27;[35m[BaseDriver]&amp#27;[39m Waiting up to 50000 ms for condition
[debug] &amp#27;[35m[WD Proxy]&amp#27;[39m Matched '/element' to command name 'findElement'
[debug] &amp#27;[35m[WD Proxy]&amp#27;[39m Proxying [POST /element] to [POST http://127.0.0.1:8200/wd/hub/session/c0327d69-2521-479e-82fc-9dc670cc62df/element] with body: {"strategy":"id","selector":"in.workindia.nileshdungarwal.workindiaandroid:id/rb_delhi","context":"","multiple":false}
&amp#27;[35m[WD Proxy]&amp#27;[39m Got response with status 404: {"sessionId":"c0327d69-2521-479e-82fc-9dc670cc62df","value":{"error":"no such element","message":"An element could not be located on the page using the given search parameters","stacktrace":"io.appium.uiautomator2.common.exceptions.ElementNotFoundException: An element could not be located on the page using the given search parameters\n\tat io.appium.uiautomator2.handler.FindElement.safeHandle(FindElement.java:73)\n\tat io.appium.uiautomator2.handler.request.SafeRequestHandler.handle(SafeRequestHandler.java:41)\n\tat io.appium.uiautomator2.server.AppiumServlet.handleRequest(AppiumServlet.java:261)\n\tat io.appium.uiautomator2.server.AppiumServlet.handleHttpRequest(AppiumServlet.java:255)\n\tat io.appium.uiautomator2.http.ServerHandler.channelRead(ServerHandler.java:68)\n\tat io.netty.channel.AbstractChannelHandlerContext.invokeChannelRead(AbstractChannelHandlerContext.java:366)\n\tat io.netty.channel.AbstractChannelHandlerContext.invokeChannelRead(AbstractChannelHandlerContext.java:352)\n\tat io.netty.chann...
[debug] &amp#27;[35m[W3C]&amp#27;[39m Matched W3C error code 'no such element' to NoSuchElementError
[debug] &amp#27;[35m[BaseDriver]&amp#27;[39m Waited for 245 ms so far
[debug] &amp#27;[35m[WD Proxy]&amp#27;[39m Matched '/element' to command name 'findElement'
[debug] &amp#27;[35m[WD Proxy]&amp#27;[39m Proxying [POST /element] to [POST http://127.0.0.1:8200/wd/hub/session/c0327d69-2521-479e-82fc-9dc670cc62df/element] with body: {"strategy":"id","selector":"in.workindia.nileshdungarwal.workindiaandroid:id/rb_delhi","context":"","multiple":false}
&amp#27;[35m[WD Proxy]&amp#27;[39m Got response with status 404: {"sessionId":"c0327d69-2521-479e-82fc-9dc670cc62df","value":{"error":"no such element","message":"An element could not be located on the page using the given search parameters","stacktrace":"io.appium.uiautomator2.common.exceptions.ElementNotFoundException: An element could not be located on the page using the given search parameters\n\tat io.appium.uiautomator2.handler.FindElement.safeHandle(FindElement.java:73)\n\tat io.appium.uiautomator2.handler.request.SafeRequestHandler.handle(SafeRequestHandler.java:41)\n\tat io.appium.uiautomator2.server.AppiumServlet.handleRequest(AppiumServlet.java:261)\n\tat io.appium.uiautomator2.server.AppiumServlet.handleHttpRequest(AppiumServlet.java:255)\n\tat io.appium.uiautomator2.http.ServerHandler.channelRead(ServerHandler.java:68)\n\tat io.netty.channel.AbstractChannelHandlerContext.invokeChannelRead(AbstractChannelHandlerContext.java:366)\n\tat io.netty.channel.AbstractChannelHandlerContext.invokeChannelRead(AbstractChannelHandlerContext.java:352)\n\tat io.netty.chann...
[debug] &amp#27;[35m[W3C]&amp#27;[39m Matched W3C error code 'no such element' to NoSuchElementError
[debug] &amp#27;[35m[BaseDriver]&amp#27;[39m Waited for 863 ms so far
[debug] &amp#27;[35m[WD Proxy]&amp#27;[39m Matched '/element' to command name 'findElement'
[debug] &amp#27;[35m[WD Proxy]&amp#27;[39m Proxying [POST /element] to [POST http://127.0.0.1:8200/wd/hub/session/c0327d69-2521-479e-82fc-9dc670cc62df/element] with body: {"strategy":"id","selector":"in.workindia.nileshdungarwal.workindiaandroid:id/rb_delhi","context":"","multiple":false}
&amp#27;[35m[WD Proxy]&amp#27;[39m Got response with status 404: {"sessionId":"c0327d69-2521-479e-82fc-9dc670cc62df","value":{"error":"no such element","message":"An element could not be located on the page using the given search parameters","stacktrace":"io.appium.uiautomator2.common.exceptions.ElementNotFoundException: An element could not be located on the page using the given search parameters\n\tat io.appium.uiautomator2.handler.FindElement.safeHandle(FindElement.java:73)\n\tat io.appium.uiautomator2.handler.request.SafeRequestHandler.handle(SafeRequestHandler.java:41)\n\tat io.appium.uiautomator2.server.AppiumServlet.handleRequest(AppiumServlet.java:261)\n\tat io.appium.uiautomator2.server.AppiumServlet.handleHttpRequest(AppiumServlet.java:255)\n\tat io.appium.uiautomator2.http.ServerHandler.channelRead(ServerHandler.java:68)\n\tat io.netty.channel.AbstractChannelHandlerContext.invokeChannelRead(AbstractChannelHandlerContext.java:366)\n\tat io.netty.channel.AbstractChannelHandlerContext.invokeChannelRead(AbstractChannelHandlerContext.java:352)\n\tat io.netty.chann...
[debug] &amp#27;[35m[W3C]&amp#27;[39m Matched W3C error code 'no such element' to NoSuchElementError
[debug] &amp#27;[35m[BaseDriver]&amp#27;[39m Waited for 1385 ms so far
[debug] &amp#27;[35m[WD Proxy]&amp#27;[39m Matched '/element' to command name 'findElement'
[debug] &amp#27;[35m[WD Proxy]&amp#27;[39m Proxying [POST /element] to [POST http://127.0.0.1:8200/wd/hub/session/c0327d69-2521-479e-82fc-9dc670cc62df/element] with body: {"strategy":"id","selector":"in.workindia.nileshdungarwal.workindiaandroid:id/rb_delhi","context":"","multiple":false}
&amp#27;[35m[WD Proxy]&amp#27;[39m Got response with status 404: {"sessionId":"c0327d69-2521-479e-82fc-9dc670cc62df","value":{"error":"no such element","message":"An element could not be located on the page using the given search parameters","stacktrace":"io.appium.uiautomator2.common.exceptions.ElementNotFoundException: An element could not be located on the page using the given search parameters\n\tat io.appium.uiautomator2.handler.FindElement.safeHandle(FindElement.java:73)\n\tat io.appium.uiautomator2.handler.request.SafeRequestHandler.handle(SafeRequestHandler.java:41)\n\tat io.appium.uiautomator2.server.AppiumServlet.handleRequest(AppiumServlet.java:261)\n\tat io.appium.uiautomator2.server.AppiumServlet.handleHttpRequest(AppiumServlet.java:255)\n\tat io.appium.uiautomator2.http.ServerHandler.channelRead(ServerHandler.java:68)\n\tat io.netty.channel.AbstractChannelHandlerContext.invokeChannelRead(AbstractChannelHandlerContext.java:366)\n\tat io.netty.channel.AbstractChannelHandlerContext.invokeChannelRead(AbstractChannelHandlerContext.java:352)\n\tat io.netty.chann...
[debug] &amp#27;[35m[W3C]&amp#27;[39m Matched W3C error code 'no such element' to NoSuchElementError
[debug] &amp#27;[35m[BaseDriver]&amp#27;[39m Waited for 1914 ms so far
[debug] &amp#27;[35m[WD Proxy]&amp#27;[39m Matched '/element' to command name 'findElement'
[debug] &amp#27;[35m[WD Proxy]&amp#27;[39m Proxying [POST /element] to [POST http://127.0.0.1:8200/wd/hub/session/c0327d69-2521-479e-82fc-9dc670cc62df/element] with body: {"strategy":"id","selector":"in.workindia.nileshdungarwal.workindiaandroid:id/rb_delhi","context":"","multiple":false}
&amp#27;[35m[WD Proxy]&amp#27;[39m Got response with status 404: {"sessionId":"c0327d69-2521-479e-82fc-9dc670cc62df","value":{"error":"no such element","message":"An element could not be located on the page using the given search parameters","stacktrace":"io.appium.uiautomator2.common.exceptions.ElementNotFoundException: An element could not be located on the page using the given search parameters\n\tat io.appium.uiautomator2.handler.FindElement.safeHandle(FindElement.java:73)\n\tat io.appium.uiautomator2.handler.request.SafeRequestHandler.handle(SafeRequestHandler.java:41)\n\tat io.appium.uiautomator2.server.AppiumServlet.handleRequest(AppiumServlet.java:261)\n\tat io.appium.uiautomator2.server.AppiumServlet.handleHttpRequest(AppiumServlet.java:255)\n\tat io.appium.uiautomator2.http.ServerHandler.channelRead(ServerHandler.java:68)\n\tat io.netty.channel.AbstractChannelHandlerContext.invokeChannelRead(AbstractChannelHandlerContext.java:366)\n\tat io.netty.channel.AbstractChannelHandlerContext.invokeChannelRead(AbstractChannelHandlerContext.java:352)\n\tat io.netty.chann...
[debug] &amp#27;[35m[W3C]&amp#27;[39m Matched W3C error code 'no such element' to NoSuchElementError
[debug] &amp#27;[35m[BaseDriver]&amp#27;[39m Waited for 2436 ms so far
[debug] &amp#27;[35m[WD Proxy]&amp#27;[39m Matched '/element' to command name 'findElement'
[debug] &amp#27;[35m[WD Proxy]&amp#27;[39m Proxying [POST /element] to [POST http://127.0.0.1:8200/wd/hub/session/c0327d69-2521-479e-82fc-9dc670cc62df/element] with body: {"strategy":"id","selector":"in.workindia.nileshdungarwal.workindiaandroid:id/rb_delhi","context":"","multiple":false}
&amp#27;[35m[WD Proxy]&amp#27;[39m Got response with status 404: {"sessionId":"c0327d69-2521-479e-82fc-9dc670cc62df","value":{"error":"no such element","message":"An element could not be located on the page using the given search parameters","stacktrace":"io.appium.uiautomator2.common.exceptions.ElementNotFoundException: An element could not be located on the page using the given search parameters\n\tat io.appium.uiautomator2.handler.FindElement.safeHandle(FindElement.java:73)\n\tat io.appium.uiautomator2.handler.request.SafeRequestHandler.handle(SafeRequestHandler.java:41)\n\tat io.appium.uiautomator2.server.AppiumServlet.handleRequest(AppiumServlet.java:261)\n\tat io.appium.uiautomator2.server.AppiumServlet.handleHttpRequest(AppiumServlet.java:255)\n\tat io.appium.uiautomator2.http.ServerHandler.channelRead(ServerHandler.java:68)\n\tat io.netty.channel.AbstractChannelHandlerContext.invokeChannelRead(AbstractChannelHandlerContext.java:366)\n\tat io.netty.channel.AbstractChannelHandlerContext.invokeChannelRead(AbstractChannelHandlerContext.java:352)\n\tat io.netty.chann...
[debug] &amp#27;[35m[W3C]&amp#27;[39m Matched W3C error code 'no such element' to NoSuchElementError
[debug] &amp#27;[35m[BaseDriver]&amp#27;[39m Waited for 2958 ms so far
[debug] &amp#27;[35m[WD Proxy]&amp#27;[39m Matched '/element' to command name 'findElement'
[debug] &amp#27;[35m[WD Proxy]&amp#27;[39m Proxying [POST /element] to [POST http://127.0.0.1:8200/wd/hub/session/c0327d69-2521-479e-82fc-9dc670cc62df/element] with body: {"strategy":"id","selector":"in.workindia.nileshdungarwal.workindiaandroid:id/rb_delhi","context":"","multiple":false}
&amp#27;[35m[WD Proxy]&amp#27;[39m Got response with status 404: {"sessionId":"c0327d69-2521-479e-82fc-9dc670cc62df","value":{"error":"no such element","message":"An element could not be located on the page using the given search parameters","stacktrace":"io.appium.uiautomator2.common.exceptions.ElementNotFoundException: An element could not be located on the page using the given search parameters\n\tat io.appium.uiautomator2.handler.FindElement.safeHandle(FindElement.java:73)\n\tat io.appium.uiautomator2.handler.request.SafeRequestHandler.handle(SafeRequestHandler.java:41)\n\tat io.appium.uiautomator2.server.AppiumServlet.handleRequest(AppiumServlet.java:261)\n\tat io.appium.uiautomator2.server.AppiumServlet.handleHttpRequest(AppiumServlet.java:255)\n\tat io.appium.uiautomator2.http.ServerHandler.channelRead(ServerHandler.java:68)\n\tat io.netty.channel.AbstractChannelHandlerContext.invokeChannelRead(AbstractChannelHandlerContext.java:366)\n\tat io.netty.channel.AbstractChannelHandlerContext.invokeChannelRead(AbstractChannelHandlerContext.java:352)\n\tat io.netty.chann...
[debug] &amp#27;[35m[W3C]&amp#27;[39m Matched W3C error code 'no such element' to NoSuchElementError
[debug] &amp#27;[35m[BaseDriver]&amp#27;[39m Waited for 3481 ms so far
[debug] &amp#27;[35m[WD Proxy]&amp#27;[39m Matched '/element' to command name 'findElement'
[debug] &amp#27;[35m[WD Proxy]&amp#27;[39m Proxying [POST /element] to [POST http://127.0.0.1:8200/wd/hub/session/c0327d69-2521-479e-82fc-9dc670cc62df/element] with body: {"strategy":"id","selector":"in.workindia.nileshdungarwal.workindiaandroid:id/rb_delhi","context":"","multiple":false}
&amp#27;[35m[WD Proxy]&amp#27;[39m Got response with status 404: {"sessionId":"c0327d69-2521-479e-82fc-9dc670cc62df","value":{"error":"no such element","message":"An element could not be located on the page using the given search parameters","stacktrace":"io.appium.uiautomator2.common.exceptions.ElementNotFoundException: An element could not be located on the page using the given search parameters\n\tat io.appium.uiautomator2.handler.FindElement.safeHandle(FindElement.java:73)\n\tat io.appium.uiautomator2.handler.request.SafeRequestHandler.handle(SafeRequestHandler.java:41)\n\tat io.appium.uiautomator2.server.AppiumServlet.handleRequest(AppiumServlet.java:261)\n\tat io.appium.uiautomator2.server.AppiumServlet.handleHttpRequest(AppiumServlet.java:255)\n\tat io.appium.uiautomator2.http.ServerHandler.channelRead(ServerHandler.java:68)\n\tat io.netty.channel.AbstractChannelHandlerContext.invokeChannelRead(AbstractChannelHandlerContext.java:366)\n\tat io.netty.channel.AbstractChannelHandlerContext.invokeChannelRead(AbstractChannelHandlerContext.java:352)\n\tat io.netty.chann...
[debug] &amp#27;[35m[W3C]&amp#27;[39m Matched W3C error code 'no such element' to NoSuchElementError
[debug] &amp#27;[35m[BaseDriver]&amp#27;[39m Waited for 3999 ms so far
[debug] &amp#27;[35m[WD Proxy]&amp#27;[39m Matched '/element' to command name 'findElement'
[debug] &amp#27;[35m[WD Proxy]&amp#27;[39m Proxying [POST /element] to [POST http://127.0.0.1:8200/wd/hub/session/c0327d69-2521-479e-82fc-9dc670cc62df/element] with body: {"strategy":"id","selector":"in.workindia.nileshdungarwal.workindiaandroid:id/rb_delhi","context":"","multiple":false}
&amp#27;[35m[WD Proxy]&amp#27;[39m Got response with status 404: {"sessionId":"c0327d69-2521-479e-82fc-9dc670cc62df","value":{"error":"no such element","message":"An element could not be located on the page using the given search parameters","stacktrace":"io.appium.uiautomator2.common.exceptions.ElementNotFoundException: An element could not be located on the page using the given search parameters\n\tat io.appium.uiautomator2.handler.FindElement.safeHandle(FindElement.java:73)\n\tat io.appium.uiautomator2.handler.request.SafeRequestHandler.handle(SafeRequestHandler.java:41)\n\tat io.appium.uiautomator2.server.AppiumServlet.handleRequest(AppiumServlet.java:261)\n\tat io.appium.uiautomator2.server.AppiumServlet.handleHttpRequest(AppiumServlet.java:255)\n\tat io.appium.uiautomator2.http.ServerHandler.channelRead(ServerHandler.java:68)\n\tat io.netty.channel.AbstractChannelHandlerContext.invokeChannelRead(AbstractChannelHandlerContext.java:366)\n\tat io.netty.channel.AbstractChannelHandlerContext.invokeChannelRead(AbstractChannelHandlerContext.java:352)\n\tat io.netty.chann...
[debug] &amp#27;[35m[W3C]&amp#27;[39m Matched W3C error code 'no such element' to NoSuchElementError
[debug] &amp#27;[35m[BaseDriver]&amp#27;[39m Waited for 4516 ms so far
[debug] &amp#27;[35m[WD Proxy]&amp#27;[39m Matched '/element' to command name 'findElement'
[debug] &amp#27;[35m[WD Proxy]&amp#27;[39m Proxying [POST /element] to [POST http://127.0.0.1:8200/wd/hub/session/c0327d69-2521-479e-82fc-9dc670cc62df/element] with body: {"strategy":"id","selector":"in.workindia.nileshdungarwal.workindiaandroid:id/rb_delhi","context":"","multiple":false}
&amp#27;[35m[WD Proxy]&amp#27;[39m Got response with status 404: {"sessionId":"c0327d69-2521-479e-82fc-9dc670cc62df","value":{"error":"no such element","message":"An element could not be located on the page using the given search parameters","stacktrace":"io.appium.uiautomator2.common.exceptions.ElementNotFoundException: An element could not be located on the page using the given search parameters\n\tat io.appium.uiautomator2.handler.FindElement.safeHandle(FindElement.java:73)\n\tat io.appium.uiautomator2.handler.request.SafeRequestHandler.handle(SafeRequestHandler.java:41)\n\tat io.appium.uiautomator2.server.AppiumServlet.handleRequest(AppiumServlet.java:261)\n\tat io.appium.uiautomator2.server.AppiumServlet.handleHttpRequest(AppiumServlet.java:255)\n\tat io.appium.uiautomator2.http.ServerHandler.channelRead(ServerHandler.java:68)\n\tat io.netty.channel.AbstractChannelHandlerContext.invokeChannelRead(AbstractChannelHandlerContext.java:366)\n\tat io.netty.channel.AbstractChannelHandlerContext.invokeChannelRead(AbstractChannelHandlerContext.java:352)\n\tat io.netty.chann...
[debug] &amp#27;[35m[W3C]&amp#27;[39m Matched W3C error code 'no such element' to NoSuchElementError
[debug] &amp#27;[35m[BaseDriver]&amp#27;[39m Waited for 5039 ms so far
[debug] &amp#27;[35m[WD Proxy]&amp#27;[39m Matched '/element' to command name 'findElement'
[debug] &amp#27;[35m[WD Proxy]&amp#27;[39m Proxying [POST /element] to [POST http://127.0.0.1:8200/wd/hub/session/c0327d69-2521-479e-82fc-9dc670cc62df/element] with body: {"strategy":"id","selector":"in.workindia.nileshdungarwal.workindiaandroid:id/rb_delhi","context":"","multiple":false}
&amp#27;[35m[WD Proxy]&amp#27;[39m Got response with status 404: {"sessionId":"c0327d69-2521-479e-82fc-9dc670cc62df","value":{"error":"no such element","message":"An element could not be located on the page using the given search parameters","stacktrace":"io.appium.uiautomator2.common.exceptions.ElementNotFoundException: An element could not be located on the page using the given search parameters\n\tat io.appium.uiautomator2.handler.FindElement.safeHandle(FindElement.java:73)\n\tat io.appium.uiautomator2.handler.request.SafeRequestHandler.handle(SafeRequestHandler.java:41)\n\tat io.appium.uiautomator2.server.AppiumServlet.handleRequest(AppiumServlet.java:261)\n\tat io.appium.uiautomator2.server.AppiumServlet.handleHttpRequest(AppiumServlet.java:255)\n\tat io.appium.uiautomator2.http.ServerHandler.channelRead(ServerHandler.java:68)\n\tat io.netty.channel.AbstractChannelHandlerContext.invokeChannelRead(AbstractChannelHandlerContext.java:366)\n\tat io.netty.channel.AbstractChannelHandlerContext.invokeChannelRead(AbstractChannelHandlerContext.java:352)\n\tat io.netty.chann...
[debug] &amp#27;[35m[W3C]&amp#27;[39m Matched W3C error code 'no such element' to NoSuchElementError
[debug] &amp#27;[35m[BaseDriver]&amp#27;[39m Waited for 5565 ms so far
[debug] &amp#27;[35m[WD Proxy]&amp#27;[39m Matched '/element' to command name 'findElement'
[debug] &amp#27;[35m[WD Proxy]&amp#27;[39m Proxying [POST /element] to [POST http://127.0.0.1:8200/wd/hub/session/c0327d69-2521-479e-82fc-9dc670cc62df/element] with body: {"strategy":"id","selector":"in.workindia.nileshdungarwal.workindiaandroid:id/rb_delhi","context":"","multiple":false}
&amp#27;[35m[WD Proxy]&amp#27;[39m Got response with status 404: {"sessionId":"c0327d69-2521-479e-82fc-9dc670cc62df","value":{"error":"no such element","message":"An element could not be located on the page using the given search parameters","stacktrace":"io.appium.uiautomator2.common.exceptions.ElementNotFoundException: An element could not be located on the page using the given search parameters\n\tat io.appium.uiautomator2.handler.FindElement.safeHandle(FindElement.java:73)\n\tat io.appium.uiautomator2.handler.request.SafeRequestHandler.handle(SafeRequestHandler.java:41)\n\tat io.appium.uiautomator2.server.AppiumServlet.handleRequest(AppiumServlet.java:261)\n\tat io.appium.uiautomator2.server.AppiumServlet.handleHttpRequest(AppiumServlet.java:255)\n\tat io.appium.uiautomator2.http.ServerHandler.channelRead(ServerHandler.java:68)\n\tat io.netty.channel.AbstractChannelHandlerContext.invokeChannelRead(AbstractChannelHandlerContext.java:366)\n\tat io.netty.channel.AbstractChannelHandlerContext.invokeChannelRead(AbstractChannelHandlerContext.java:352)\n\tat io.netty.chann...
[debug] &amp#27;[35m[W3C]&amp#27;[39m Matched W3C error code 'no such element' to NoSuchElementError
[debug] &amp#27;[35m[BaseDriver]&amp#27;[39m Waited for 6089 ms so far
[debug] &amp#27;[35m[WD Proxy]&amp#27;[39m Matched '/element' to command name 'findElement'
[debug] &amp#27;[35m[WD Proxy]&amp#27;[39m Proxying [POST /element] to [POST http://127.0.0.1:8200/wd/hub/session/c0327d69-2521-479e-82fc-9dc670cc62df/element] with body: {"strategy":"id","selector":"in.workindia.nileshdungarwal.workindiaandroid:id/rb_delhi","context":"","multiple":false}
&amp#27;[35m[WD Proxy]&amp#27;[39m Got response with status 404: {"sessionId":"c0327d69-2521-479e-82fc-9dc670cc62df","value":{"error":"no such element","message":"An element could not be located on the page using the given search parameters","stacktrace":"io.appium.uiautomator2.common.exceptions.ElementNotFoundException: An element could not be located on the page using the given search parameters\n\tat io.appium.uiautomator2.handler.FindElement.safeHandle(FindElement.java:73)\n\tat io.appium.uiautomator2.handler.request.SafeRequestHandler.handle(SafeRequestHandler.java:41)\n\tat io.appium.uiautomator2.server.AppiumServlet.handleRequest(AppiumServlet.java:261)\n\tat io.appium.uiautomator2.server.AppiumServlet.handleHttpRequest(AppiumServlet.java:255)\n\tat io.appium.uiautomator2.http.ServerHandler.channelRead(ServerHandler.java:68)\n\tat io.netty.channel.AbstractChannelHandlerContext.invokeChannelRead(AbstractChannelHandlerContext.java:366)\n\tat io.netty.channel.AbstractChannelHandlerContext.invokeChannelRead(AbstractChannelHandlerContext.java:352)\n\tat io.netty.chann...
[debug] &amp#27;[35m[W3C]&amp#27;[39m Matched W3C error code 'no such element' to NoSuchElementError
[debug] &amp#27;[35m[BaseDriver]&amp#27;[39m Waited for 7456 ms so far
[debug] &amp#27;[35m[WD Proxy]&amp#27;[39m Matched '/element' to command name 'findElement'
[debug] &amp#27;[35m[WD Proxy]&amp#27;[39m Proxying [POST /element] to [POST http://127.0.0.1:8200/wd/hub/session/c0327d69-2521-479e-82fc-9dc670cc62df/element] with body: {"strategy":"id","selector":"in.workindia.nileshdungarwal.workindiaandroid:id/rb_delhi","context":"","multiple":false}
[debug] &amp#27;[35m[WD Proxy]&amp#27;[39m Got response with status 200: {"sessionId":"c0327d69-2521-479e-82fc-9dc670cc62df","value":{"ELEMENT":"6b4d86a5-9a6b-46ce-92ad-4025b4cbc84c","element-6066-11e4-a52e-4f735466cecf":"6b4d86a5-9a6b-46ce-92ad-4025b4cbc84c"}}
[debug] &amp#27;[35m[W3C (f93268b4)]&amp#27;[39m Responding to client with driver.findElement() result: {"element-6066-11e4-a52e-4f735466cecf":"6b4d86a5-9a6b-46ce-92ad-4025b4cbc84c","ELEMENT":"6b4d86a5-9a6b-46ce-92ad-4025b4cbc84c"}
&amp#27;[35m[HTTP]&amp#27;[39m &amp#27;[37m<-- POST /wd/hub/session/f93268b4-2919-4fc5-8680-4b4d0e835fe1/element &amp#27;[39m&amp#27;[32m200&amp#27;[39m &amp#27;[90m7982 ms - 137&amp#27;[39m
&amp#27;[35m[HTTP]&amp#27;[39m &amp#27;[90m&amp#27;[39m
&amp#27;[35m[HTTP]&amp#27;[39m &amp#27;[37m-->&amp#27;[39m &amp#27;[37mPOST&amp#27;[39m &amp#27;[37m/wd/hub/session/f93268b4-2919-4fc5-8680-4b4d0e835fe1/element/6b4d86a5-9a6b-46ce-92ad-4025b4cbc84c/click&amp#27;[39m
&amp#27;[35m[HTTP]&amp#27;[39m &amp#27;[90m{"id":"6b4d86a5-9a6b-46ce-92ad-4025b4cbc84c"}&amp#27;[39m
[debug] &amp#27;[35m[W3C (f93268b4)]&amp#27;[39m Calling AppiumDriver.click() with args: ["6b4d86a5-9a6b-46ce-92ad-4025b4cbc84c","f93268b4-2919-4fc5-8680-4b4d0e835fe1"]
[debug] &amp#27;[35m[WD Proxy]&amp#27;[39m Matched '/element/6b4d86a5-9a6b-46ce-92ad-4025b4cbc84c/click' to command name 'click'
[debug] &amp#27;[35m[WD Proxy]&amp#27;[39m Proxying [POST /element/6b4d86a5-9a6b-46ce-92ad-4025b4cbc84c/click] to [POST http://127.0.0.1:8200/wd/hub/session/c0327d69-2521-479e-82fc-9dc670cc62df/element/6b4d86a5-9a6b-46ce-92ad-4025b4cbc84c/click] with body: {"element":"6b4d86a5-9a6b-46ce-92ad-4025b4cbc84c"}
[debug] &amp#27;[35m[WD Proxy]&amp#27;[39m Got response with status 200: {"sessionId":"c0327d69-2521-479e-82fc-9dc670cc62df","value":null}
[debug] &amp#27;[35m[W3C (f93268b4)]&amp#27;[39m Responding to client with driver.click() result: null
&amp#27;[35m[HTTP]&amp#27;[39m &amp#27;[37m<-- POST /wd/hub/session/f93268b4-2919-4fc5-8680-4b4d0e835fe1/element/6b4d86a5-9a6b-46ce-92ad-4025b4cbc84c/click &amp#27;[39m&amp#27;[32m200&amp#27;[39m &amp#27;[90m35 ms - 14&amp#27;[39m
&amp#27;[35m[HTTP]&amp#27;[39m &amp#27;[90m&amp#27;[39m
&amp#27;[35m[HTTP]&amp#27;[39m &amp#27;[37m-->&amp#27;[39m &amp#27;[37mGET&amp#27;[39m &amp#27;[37m/wd/hub/session/f93268b4-2919-4fc5-8680-4b4d0e835fe1&amp#27;[39m
&amp#27;[35m[HTTP]&amp#27;[39m &amp#27;[90m{}&amp#27;[39m
[debug] &amp#27;[35m[W3C (f93268b4)]&amp#27;[39m Calling AppiumDriver.getSession() with args: ["f93268b4-2919-4fc5-8680-4b4d0e835fe1"]
[debug] &amp#27;[35m[UiAutomator2]&amp#27;[39m Getting session details from server to mix in
[debug] &amp#27;[35m[WD Proxy]&amp#27;[39m Matched '/' to command name 'getSession'
[debug] &amp#27;[35m[WD Proxy]&amp#27;[39m Proxying [GET /] to [GET http://127.0.0.1:8200/wd/hub/session/c0327d69-2521-479e-82fc-9dc670cc62df] with no body
[debug] &amp#27;[35m[WD Proxy]&amp#27;[39m Got response with status 200: {"sessionId":"c0327d69-2521-479e-82fc-9dc670cc62df","value":{"lastScrollData":null}}
[debug] &amp#27;[35m[W3C (f93268b4)]&amp#27;[39m Responding to client with driver.getSession() result: {"platform":"LINUX","webStorageEnabled":false,"takesScreenshot":true,"javascriptEnabled":true,"databaseEnabled":false,"networkConnectionEnabled":true,"locationContextEnabled":false,"warnings":{},"desired":{"platformName":"android","skipDeviceInitialization":true,"skipServerInstallation":false,"app":"./Resources/in.workindia.apk","appActivity":".RegisterActivity","appPackage":"in.workindia.nileshdungarwal.workindiaandroid","platformVersion":"8.1"},"platformName":"android","skipDeviceInitialization":true,"skipServerInstallation":false,"app":"./Resources/in.workindia.apk","appActivity":".RegisterActivity","appPackage":"in.workindia.nileshdungarwal.workindiaandroid","platformVersion":"8.1.0","deviceName":"emulator-5554","deviceUDID":"emulator-5554","deviceApiLevel":27,"deviceScreenSize":"1080x2160","deviceScreenDensity":440,"deviceModel":"Android SDK built for x86","deviceManufacturer":"Google","pixelRatio":2.75,"statBarHeight":66,"viewportRect":{"left":0,"top":66,"width":1080,"height":1962},"lastScrollData":n...
&amp#27;[35m[HTTP]&amp#27;[39m &amp#27;[37m<-- GET /wd/hub/session/f93268b4-2919-4fc5-8680-4b4d0e835fe1 &amp#27;[39m&amp#27;[32m200&amp#27;[39m &amp#27;[90m16 ms - 1035&amp#27;[39m
&amp#27;[35m[HTTP]&amp#27;[39m &amp#27;[90m&amp#27;[39m
&amp#27;[35m[HTTP]&amp#27;[39m &amp#27;[37m-->&amp#27;[39m &amp#27;[37mGET&amp#27;[39m &amp#27;[37m/wd/hub/session/f93268b4-2919-4fc5-8680-4b4d0e835fe1&amp#27;[39m
&amp#27;[35m[HTTP]&amp#27;[39m &amp#27;[90m{}&amp#27;[39m
[debug] &amp#27;[35m[W3C (f93268b4)]&amp#27;[39m Calling AppiumDriver.getSession() with args: ["f93268b4-2919-4fc5-8680-4b4d0e835fe1"]
[debug] &amp#27;[35m[UiAutomator2]&amp#27;[39m Getting session details from server to mix in
[debug] &amp#27;[35m[WD Proxy]&amp#27;[39m Matched '/' to command name 'getSession'
[debug] &amp#27;[35m[WD Proxy]&amp#27;[39m Proxying [GET /] to [GET http://127.0.0.1:8200/wd/hub/session/c0327d69-2521-479e-82fc-9dc670cc62df] with no body
[debug] &amp#27;[35m[WD Proxy]&amp#27;[39m Got response with status 200: {"sessionId":"c0327d69-2521-479e-82fc-9dc670cc62df","value":{"lastScrollData":null}}
[debug] &amp#27;[35m[W3C (f93268b4)]&amp#27;[39m Responding to client with driver.getSession() result: {"platform":"LINUX","webStorageEnabled":false,"takesScreenshot":true,"javascriptEnabled":true,"databaseEnabled":false,"networkConnectionEnabled":true,"locationContextEnabled":false,"warnings":{},"desired":{"platformName":"android","skipDeviceInitialization":true,"skipServerInstallation":false,"app":"./Resources/in.workindia.apk","appActivity":".RegisterActivity","appPackage":"in.workindia.nileshdungarwal.workindiaandroid","platformVersion":"8.1"},"platformName":"android","skipDeviceInitialization":true,"skipServerInstallation":false,"app":"./Resources/in.workindia.apk","appActivity":".RegisterActivity","appPackage":"in.workindia.nileshdungarwal.workindiaandroid","platformVersion":"8.1.0","deviceName":"emulator-5554","deviceUDID":"emulator-5554","deviceApiLevel":27,"deviceScreenSize":"1080x2160","deviceScreenDensity":440,"deviceModel":"Android SDK built for x86","deviceManufacturer":"Google","pixelRatio":2.75,"statBarHeight":66,"viewportRect":{"left":0,"top":66,"width":1080,"height":1962},"lastScrollData":n...
&amp#27;[35m[HTTP]&amp#27;[39m &amp#27;[37m<-- GET /wd/hub/session/f93268b4-2919-4fc5-8680-4b4d0e835fe1 &amp#27;[39m&amp#27;[32m200&amp#27;[39m &amp#27;[90m13 ms - 1035&amp#27;[39m
&amp#27;[35m[HTTP]&amp#27;[39m &amp#27;[90m&amp#27;[39m
&amp#27;[35m[HTTP]&amp#27;[39m &amp#27;[37m-->&amp#27;[39m &amp#27;[37mGET&amp#27;[39m &amp#27;[37m/wd/hub/session/f93268b4-2919-4fc5-8680-4b4d0e835fe1&amp#27;[39m
&amp#27;[35m[HTTP]&amp#27;[39m &amp#27;[90m{}&amp#27;[39m
[debug] &amp#27;[35m[W3C (f93268b4)]&amp#27;[39m Calling AppiumDriver.getSession() with args: ["f93268b4-2919-4fc5-8680-4b4d0e835fe1"]
[debug] &amp#27;[35m[UiAutomator2]&amp#27;[39m Getting session details from server to mix in
[debug] &amp#27;[35m[WD Proxy]&amp#27;[39m Matched '/' to command name 'getSession'
[debug] &amp#27;[35m[WD Proxy]&amp#27;[39m Proxying [GET /] to [GET http://127.0.0.1:8200/wd/hub/session/c0327d69-2521-479e-82fc-9dc670cc62df] with no body
[debug] &amp#27;[35m[WD Proxy]&amp#27;[39m Got response with status 200: {"sessionId":"c0327d69-2521-479e-82fc-9dc670cc62df","value":{"lastScrollData":null}}
[debug] &amp#27;[35m[W3C (f93268b4)]&amp#27;[39m Responding to client with driver.getSession() result: {"platform":"LINUX","webStorageEnabled":false,"takesScreenshot":true,"javascriptEnabled":true,"databaseEnabled":false,"networkConnectionEnabled":true,"locationContextEnabled":false,"warnings":{},"desired":{"platformName":"android","skipDeviceInitialization":true,"skipServerInstallation":false,"app":"./Resources/in.workindia.apk","appActivity":".RegisterActivity","appPackage":"in.workindia.nileshdungarwal.workindiaandroid","platformVersion":"8.1"},"platformName":"android","skipDeviceInitialization":true,"skipServerInstallation":false,"app":"./Resources/in.workindia.apk","appActivity":".RegisterActivity","appPackage":"in.workindia.nileshdungarwal.workindiaandroid","platformVersion":"8.1.0","deviceName":"emulator-5554","deviceUDID":"emulator-5554","deviceApiLevel":27,"deviceScreenSize":"1080x2160","deviceScreenDensity":440,"deviceModel":"Android SDK built for x86","deviceManufacturer":"Google","pixelRatio":2.75,"statBarHeight":66,"viewportRect":{"left":0,"top":66,"width":1080,"height":1962},"lastScrollData":n...
&amp#27;[35m[HTTP]&amp#27;[39m &amp#27;[37m<-- GET /wd/hub/session/f93268b4-2919-4fc5-8680-4b4d0e835fe1 &amp#27;[39m&amp#27;[32m200&amp#27;[39m &amp#27;[90m15 ms - 1035&amp#27;[39m
&amp#27;[35m[HTTP]&amp#27;[39m &amp#27;[90m&amp#27;[39m
&amp#27;[35m[HTTP]&amp#27;[39m &amp#27;[37m-->&amp#27;[39m &amp#27;[37mPOST&amp#27;[39m &amp#27;[37m/wd/hub/session/f93268b4-2919-4fc5-8680-4b4d0e835fe1/element&amp#27;[39m
&amp#27;[35m[HTTP]&amp#27;[39m &amp#27;[90m{"using":"id","value":"in.workindia.nileshdungarwal.workindiaandroid:id/act_auto_complete"}&amp#27;[39m
[debug] &amp#27;[35m[W3C (f93268b4)]&amp#27;[39m Calling AppiumDriver.findElement() with args: ["id","in.workindia.nileshdungarwal.workindiaandroid:id/act_auto_complete","f93268b4-2919-4fc5-8680-4b4d0e835fe1"]
[debug] &amp#27;[35m[BaseDriver]&amp#27;[39m Valid locator strategies for this request: xpath, id, class name, accessibility id, css selector, -android uiautomator
[debug] &amp#27;[35m[BaseDriver]&amp#27;[39m Waiting up to 50000 ms for condition
[debug] &amp#27;[35m[WD Proxy]&amp#27;[39m Matched '/element' to command name 'findElement'
[debug] &amp#27;[35m[WD Proxy]&amp#27;[39m Proxying [POST /element] to [POST http://127.0.0.1:8200/wd/hub/session/c0327d69-2521-479e-82fc-9dc670cc62df/element] with body: {"strategy":"id","selector":"in.workindia.nileshdungarwal.workindiaandroid:id/act_auto_complete","context":"","multiple":false}
&amp#27;[35m[WD Proxy]&amp#27;[39m Got response with status 404: {"sessionId":"c0327d69-2521-479e-82fc-9dc670cc62df","value":{"error":"no such element","message":"An element could not be located on the page using the given search parameters","stacktrace":"io.appium.uiautomator2.common.exceptions.ElementNotFoundException: An element could not be located on the page using the given search parameters\n\tat io.appium.uiautomator2.handler.FindElement.safeHandle(FindElement.java:73)\n\tat io.appium.uiautomator2.handler.request.SafeRequestHandler.handle(SafeRequestHandler.java:41)\n\tat io.appium.uiautomator2.server.AppiumServlet.handleRequest(AppiumServlet.java:261)\n\tat io.appium.uiautomator2.server.AppiumServlet.handleHttpRequest(AppiumServlet.java:255)\n\tat io.appium.uiautomator2.http.ServerHandler.channelRead(ServerHandler.java:68)\n\tat io.netty.channel.AbstractChannelHandlerContext.invokeChannelRead(AbstractChannelHandlerContext.java:366)\n\tat io.netty.channel.AbstractChannelHandlerContext.invokeChannelRead(AbstractChannelHandlerContext.java:352)\n\tat io.netty.chann...
[debug] &amp#27;[35m[W3C]&amp#27;[39m Matched W3C error code 'no such element' to NoSuchElementError
[debug] &amp#27;[35m[BaseDriver]&amp#27;[39m Waited for 662 ms so far
[debug] &amp#27;[35m[WD Proxy]&amp#27;[39m Matched '/element' to command name 'findElement'
[debug] &amp#27;[35m[WD Proxy]&amp#27;[39m Proxying [POST /element] to [POST http://127.0.0.1:8200/wd/hub/session/c0327d69-2521-479e-82fc-9dc670cc62df/element] with body: {"strategy":"id","selector":"in.workindia.nileshdungarwal.workindiaandroid:id/act_auto_complete","context":"","multiple":false}
[debug] &amp#27;[35m[WD Proxy]&amp#27;[39m Got response with status 200: {"sessionId":"c0327d69-2521-479e-82fc-9dc670cc62df","value":{"ELEMENT":"b199182c-6489-4c58-82ba-8f1d5bbd3e55","element-6066-11e4-a52e-4f735466cecf":"b199182c-6489-4c58-82ba-8f1d5bbd3e55"}}
[debug] &amp#27;[35m[W3C (f93268b4)]&amp#27;[39m Responding to client with driver.findElement() result: {"element-6066-11e4-a52e-4f735466cecf":"b199182c-6489-4c58-82ba-8f1d5bbd3e55","ELEMENT":"b199182c-6489-4c58-82ba-8f1d5bbd3e55"}
&amp#27;[35m[HTTP]&amp#27;[39m &amp#27;[37m<-- POST /wd/hub/session/f93268b4-2919-4fc5-8680-4b4d0e835fe1/element &amp#27;[39m&amp#27;[32m200&amp#27;[39m &amp#27;[90m1520 ms - 137&amp#27;[39m
&amp#27;[35m[HTTP]&amp#27;[39m &amp#27;[90m&amp#27;[39m
&amp#27;[35m[HTTP]&amp#27;[39m &amp#27;[37m-->&amp#27;[39m &amp#27;[37mPOST&amp#27;[39m &amp#27;[37m/wd/hub/session/f93268b4-2919-4fc5-8680-4b4d0e835fe1/element/b199182c-6489-4c58-82ba-8f1d5bbd3e55/value&amp#27;[39m
&amp#27;[35m[HTTP]&amp#27;[39m &amp#27;[90m{"id":"b199182c-6489-4c58-82ba-8f1d5bbd3e55","text":"Karol Bagh","value":["K","a","r","o","l"," ","B","a","g","h"]}&amp#27;[39m
[debug] &amp#27;[35m[W3C (f93268b4)]&amp#27;[39m Calling AppiumDriver.setValue() with args: [["K","a","r","o","l"," ","B","a","g","h"],"b199182c-6489-4c58-82ba-8f1d5bbd3e55","f93268b4-2919-4fc5-8680-4b4d0e835fe1"]
[debug] &amp#27;[35m[WD Proxy]&amp#27;[39m Matched '/element/b199182c-6489-4c58-82ba-8f1d5bbd3e55/value' to command name 'setValue'
[debug] &amp#27;[35m[Protocol Converter]&amp#27;[39m Added 'value' property ["K","a","r","o","l"," ","B","a","g","h"] to 'setValue' request body
[debug] &amp#27;[35m[WD Proxy]&amp#27;[39m Proxying [POST /element/b199182c-6489-4c58-82ba-8f1d5bbd3e55/value] to [POST http://127.0.0.1:8200/wd/hub/session/c0327d69-2521-479e-82fc-9dc670cc62df/element/b199182c-6489-4c58-82ba-8f1d5bbd3e55/value] with body: {"elementId":"b199182c-6489-4c58-82ba-8f1d5bbd3e55","text":"Karol Bagh","replace":false,"value":["K","a","r","o","l"," ","B","a","g","h"]}
[debug] &amp#27;[35m[WD Proxy]&amp#27;[39m Got response with status 200: {"sessionId":"c0327d69-2521-479e-82fc-9dc670cc62df","value":null}
[debug] &amp#27;[35m[W3C (f93268b4)]&amp#27;[39m Responding to client with driver.setValue() result: null
&amp#27;[35m[HTTP]&amp#27;[39m &amp#27;[37m<-- POST /wd/hub/session/f93268b4-2919-4fc5-8680-4b4d0e835fe1/element/b199182c-6489-4c58-82ba-8f1d5bbd3e55/value &amp#27;[39m&amp#27;[32m200&amp#27;[39m &amp#27;[90m542 ms - 14&amp#27;[39m
&amp#27;[35m[HTTP]&amp#27;[39m &amp#27;[90m&amp#27;[39m
&amp#27;[35m[HTTP]&amp#27;[39m &amp#27;[37m-->&amp#27;[39m &amp#27;[37mGET&amp#27;[39m &amp#27;[37m/wd/hub/session/f93268b4-2919-4fc5-8680-4b4d0e835fe1&amp#27;[39m
&amp#27;[35m[HTTP]&amp#27;[39m &amp#27;[90m{}&amp#27;[39m
[debug] &amp#27;[35m[W3C (f93268b4)]&amp#27;[39m Calling AppiumDriver.getSession() with args: ["f93268b4-2919-4fc5-8680-4b4d0e835fe1"]
[debug] &amp#27;[35m[UiAutomator2]&amp#27;[39m Getting session details from server to mix in
[debug] &amp#27;[35m[WD Proxy]&amp#27;[39m Matched '/' to command name 'getSession'
[debug] &amp#27;[35m[WD Proxy]&amp#27;[39m Proxying [GET /] to [GET http://127.0.0.1:8200/wd/hub/session/c0327d69-2521-479e-82fc-9dc670cc62df] with no body
[debug] &amp#27;[35m[WD Proxy]&amp#27;[39m Got response with status 200: {"sessionId":"c0327d69-2521-479e-82fc-9dc670cc62df","value":{"lastScrollData":null}}
[debug] &amp#27;[35m[W3C (f93268b4)]&amp#27;[39m Responding to client with driver.getSession() result: {"platform":"LINUX","webStorageEnabled":false,"takesScreenshot":true,"javascriptEnabled":true,"databaseEnabled":false,"networkConnectionEnabled":true,"locationContextEnabled":false,"warnings":{},"desired":{"platformName":"android","skipDeviceInitialization":true,"skipServerInstallation":false,"app":"./Resources/in.workindia.apk","appActivity":".RegisterActivity","appPackage":"in.workindia.nileshdungarwal.workindiaandroid","platformVersion":"8.1"},"platformName":"android","skipDeviceInitialization":true,"skipServerInstallation":false,"app":"./Resources/in.workindia.apk","appActivity":".RegisterActivity","appPackage":"in.workindia.nileshdungarwal.workindiaandroid","platformVersion":"8.1.0","deviceName":"emulator-5554","deviceUDID":"emulator-5554","deviceApiLevel":27,"deviceScreenSize":"1080x2160","deviceScreenDensity":440,"deviceModel":"Android SDK built for x86","deviceManufacturer":"Google","pixelRatio":2.75,"statBarHeight":66,"viewportRect":{"left":0,"top":66,"width":1080,"height":1962},"lastScrollData":n...
&amp#27;[35m[HTTP]&amp#27;[39m &amp#27;[37m<-- GET /wd/hub/session/f93268b4-2919-4fc5-8680-4b4d0e835fe1 &amp#27;[39m&amp#27;[32m200&amp#27;[39m &amp#27;[90m20 ms - 1035&amp#27;[39m
&amp#27;[35m[HTTP]&amp#27;[39m &amp#27;[90m&amp#27;[39m
&amp#27;[35m[HTTP]&amp#27;[39m &amp#27;[37m-->&amp#27;[39m &amp#27;[37mGET&amp#27;[39m &amp#27;[37m/wd/hub/session/f93268b4-2919-4fc5-8680-4b4d0e835fe1&amp#27;[39m
&amp#27;[35m[HTTP]&amp#27;[39m &amp#27;[90m{}&amp#27;[39m
[debug] &amp#27;[35m[W3C (f93268b4)]&amp#27;[39m Calling AppiumDriver.getSession() with args: ["f93268b4-2919-4fc5-8680-4b4d0e835fe1"]
[debug] &amp#27;[35m[UiAutomator2]&amp#27;[39m Getting session details from server to mix in
[debug] &amp#27;[35m[WD Proxy]&amp#27;[39m Matched '/' to command name 'getSession'
[debug] &amp#27;[35m[WD Proxy]&amp#27;[39m Proxying [GET /] to [GET http://127.0.0.1:8200/wd/hub/session/c0327d69-2521-479e-82fc-9dc670cc62df] with no body
[debug] &amp#27;[35m[WD Proxy]&amp#27;[39m Got response with status 200: {"sessionId":"c0327d69-2521-479e-82fc-9dc670cc62df","value":{"lastScrollData":null}}
[debug] &amp#27;[35m[W3C (f93268b4)]&amp#27;[39m Responding to client with driver.getSession() result: {"platform":"LINUX","webStorageEnabled":false,"takesScreenshot":true,"javascriptEnabled":true,"databaseEnabled":false,"networkConnectionEnabled":true,"locationContextEnabled":false,"warnings":{},"desired":{"platformName":"android","skipDeviceInitialization":true,"skipServerInstallation":false,"app":"./Resources/in.workindia.apk","appActivity":".RegisterActivity","appPackage":"in.workindia.nileshdungarwal.workindiaandroid","platformVersion":"8.1"},"platformName":"android","skipDeviceInitialization":true,"skipServerInstallation":false,"app":"./Resources/in.workindia.apk","appActivity":".RegisterActivity","appPackage":"in.workindia.nileshdungarwal.workindiaandroid","platformVersion":"8.1.0","deviceName":"emulator-5554","deviceUDID":"emulator-5554","deviceApiLevel":27,"deviceScreenSize":"1080x2160","deviceScreenDensity":440,"deviceModel":"Android SDK built for x86","deviceManufacturer":"Google","pixelRatio":2.75,"statBarHeight":66,"viewportRect":{"left":0,"top":66,"width":1080,"height":1962},"lastScrollData":n...
&amp#27;[35m[HTTP]&amp#27;[39m &amp#27;[37m<-- GET /wd/hub/session/f93268b4-2919-4fc5-8680-4b4d0e835fe1 &amp#27;[39m&amp#27;[32m200&amp#27;[39m &amp#27;[90m20 ms - 1035&amp#27;[39m
&amp#27;[35m[HTTP]&amp#27;[39m &amp#27;[90m&amp#27;[39m
&amp#27;[35m[HTTP]&amp#27;[39m &amp#27;[37m-->&amp#27;[39m &amp#27;[37mGET&amp#27;[39m &amp#27;[37m/wd/hub/session/f93268b4-2919-4fc5-8680-4b4d0e835fe1&amp#27;[39m
&amp#27;[35m[HTTP]&amp#27;[39m &amp#27;[90m{}&amp#27;[39m
[debug] &amp#27;[35m[W3C (f93268b4)]&amp#27;[39m Calling AppiumDriver.getSession() with args: ["f93268b4-2919-4fc5-8680-4b4d0e835fe1"]
[debug] &amp#27;[35m[UiAutomator2]&amp#27;[39m Getting session details from server to mix in
[debug] &amp#27;[35m[WD Proxy]&amp#27;[39m Matched '/' to command name 'getSession'
[debug] &amp#27;[35m[WD Proxy]&amp#27;[39m Proxying [GET /] to [GET http://127.0.0.1:8200/wd/hub/session/c0327d69-2521-479e-82fc-9dc670cc62df] with no body
[debug] &amp#27;[35m[WD Proxy]&amp#27;[39m Got response with status 200: {"sessionId":"c0327d69-2521-479e-82fc-9dc670cc62df","value":{"lastScrollData":null}}
[debug] &amp#27;[35m[W3C (f93268b4)]&amp#27;[39m Responding to client with driver.getSession() result: {"platform":"LINUX","webStorageEnabled":false,"takesScreenshot":true,"javascriptEnabled":true,"databaseEnabled":false,"networkConnectionEnabled":true,"locationContextEnabled":false,"warnings":{},"desired":{"platformName":"android","skipDeviceInitialization":true,"skipServerInstallation":false,"app":"./Resources/in.workindia.apk","appActivity":".RegisterActivity","appPackage":"in.workindia.nileshdungarwal.workindiaandroid","platformVersion":"8.1"},"platformName":"android","skipDeviceInitialization":true,"skipServerInstallation":false,"app":"./Resources/in.workindia.apk","appActivity":".RegisterActivity","appPackage":"in.workindia.nileshdungarwal.workindiaandroid","platformVersion":"8.1.0","deviceName":"emulator-5554","deviceUDID":"emulator-5554","deviceApiLevel":27,"deviceScreenSize":"1080x2160","deviceScreenDensity":440,"deviceModel":"Android SDK built for x86","deviceManufacturer":"Google","pixelRatio":2.75,"statBarHeight":66,"viewportRect":{"left":0,"top":66,"width":1080,"height":1962},"lastScrollData":n...
&amp#27;[35m[HTTP]&amp#27;[39m &amp#27;[37m<-- GET /wd/hub/session/f93268b4-2919-4fc5-8680-4b4d0e835fe1 &amp#27;[39m&amp#27;[32m200&amp#27;[39m &amp#27;[90m18 ms - 1035&amp#27;[39m
&amp#27;[35m[HTTP]&amp#27;[39m &amp#27;[90m&amp#27;[39m
&amp#27;[35m[HTTP]&amp#27;[39m &amp#27;[37m-->&amp#27;[39m &amp#27;[37mPOST&amp#27;[39m &amp#27;[37m/wd/hub/session/f93268b4-2919-4fc5-8680-4b4d0e835fe1/element&amp#27;[39m
&amp#27;[35m[HTTP]&amp#27;[39m &amp#27;[90m{"using":"id","value":"in.workindia.nileshdungarwal.workindiaandroid:id/btn_done"}&amp#27;[39m
[debug] &amp#27;[35m[W3C (f93268b4)]&amp#27;[39m Calling AppiumDriver.findElement() with args: ["id","in.workindia.nileshdungarwal.workindiaandroid:id/btn_done","f93268b4-2919-4fc5-8680-4b4d0e835fe1"]
[debug] &amp#27;[35m[BaseDriver]&amp#27;[39m Valid locator strategies for this request: xpath, id, class name, accessibility id, css selector, -android uiautomator
[debug] &amp#27;[35m[BaseDriver]&amp#27;[39m Waiting up to 50000 ms for condition
[debug] &amp#27;[35m[WD Proxy]&amp#27;[39m Matched '/element' to command name 'findElement'
[debug] &amp#27;[35m[WD Proxy]&amp#27;[39m Proxying [POST /element] to [POST http://127.0.0.1:8200/wd/hub/session/c0327d69-2521-479e-82fc-9dc670cc62df/element] with body: {"strategy":"id","selector":"in.workindia.nileshdungarwal.workindiaandroid:id/btn_done","context":"","multiple":false}
[debug] &amp#27;[35m[WD Proxy]&amp#27;[39m Got response with status 200: {"sessionId":"c0327d69-2521-479e-82fc-9dc670cc62df","value":{"ELEMENT":"5ec16599-8b89-44f1-923d-1ce53ecbc528","element-6066-11e4-a52e-4f735466cecf":"5ec16599-8b89-44f1-923d-1ce53ecbc528"}}
[debug] &amp#27;[35m[W3C (f93268b4)]&amp#27;[39m Responding to client with driver.findElement() result: {"element-6066-11e4-a52e-4f735466cecf":"5ec16599-8b89-44f1-923d-1ce53ecbc528","ELEMENT":"5ec16599-8b89-44f1-923d-1ce53ecbc528"}
&amp#27;[35m[HTTP]&amp#27;[39m &amp#27;[37m<-- POST /wd/hub/session/f93268b4-2919-4fc5-8680-4b4d0e835fe1/element &amp#27;[39m&amp#27;[32m200&amp#27;[39m &amp#27;[90m966 ms - 137&amp#27;[39m
&amp#27;[35m[HTTP]&amp#27;[39m &amp#27;[90m&amp#27;[39m
&amp#27;[35m[HTTP]&amp#27;[39m &amp#27;[37m-->&amp#27;[39m &amp#27;[37mPOST&amp#27;[39m &amp#27;[37m/wd/hub/session/f93268b4-2919-4fc5-8680-4b4d0e835fe1/element/5ec16599-8b89-44f1-923d-1ce53ecbc528/click&amp#27;[39m
&amp#27;[35m[HTTP]&amp#27;[39m &amp#27;[90m{"id":"5ec16599-8b89-44f1-923d-1ce53ecbc528"}&amp#27;[39m
[debug] &amp#27;[35m[W3C (f93268b4)]&amp#27;[39m Calling AppiumDriver.click() with args: ["5ec16599-8b89-44f1-923d-1ce53ecbc528","f93268b4-2919-4fc5-8680-4b4d0e835fe1"]
[debug] &amp#27;[35m[WD Proxy]&amp#27;[39m Matched '/element/5ec16599-8b89-44f1-923d-1ce53ecbc528/click' to command name 'click'
[debug] &amp#27;[35m[WD Proxy]&amp#27;[39m Proxying [POST /element/5ec16599-8b89-44f1-923d-1ce53ecbc528/click] to [POST http://127.0.0.1:8200/wd/hub/session/c0327d69-2521-479e-82fc-9dc670cc62df/element/5ec16599-8b89-44f1-923d-1ce53ecbc528/click] with body: {"element":"5ec16599-8b89-44f1-923d-1ce53ecbc528"}
[debug] &amp#27;[35m[WD Proxy]&amp#27;[39m Got response with status 200: {"sessionId":"c0327d69-2521-479e-82fc-9dc670cc62df","value":null}
[debug] &amp#27;[35m[W3C (f93268b4)]&amp#27;[39m Responding to client with driver.click() result: null
&amp#27;[35m[HTTP]&amp#27;[39m &amp#27;[37m<-- POST /wd/hub/session/f93268b4-2919-4fc5-8680-4b4d0e835fe1/element/5ec16599-8b89-44f1-923d-1ce53ecbc528/click &amp#27;[39m&amp#27;[32m200&amp#27;[39m &amp#27;[90m34 ms - 14&amp#27;[39m
&amp#27;[35m[HTTP]&amp#27;[39m &amp#27;[90m&amp#27;[39m
&amp#27;[35m[HTTP]&amp#27;[39m &amp#27;[37m-->&amp#27;[39m &amp#27;[37mGET&amp#27;[39m &amp#27;[37m/wd/hub/session/f93268b4-2919-4fc5-8680-4b4d0e835fe1&amp#27;[39m
&amp#27;[35m[HTTP]&amp#27;[39m &amp#27;[90m{}&amp#27;[39m
[debug] &amp#27;[35m[W3C (f93268b4)]&amp#27;[39m Calling AppiumDriver.getSession() with args: ["f93268b4-2919-4fc5-8680-4b4d0e835fe1"]
[debug] &amp#27;[35m[UiAutomator2]&amp#27;[39m Getting session details from server to mix in
[debug] &amp#27;[35m[WD Proxy]&amp#27;[39m Matched '/' to command name 'getSession'
[debug] &amp#27;[35m[WD Proxy]&amp#27;[39m Proxying [GET /] to [GET http://127.0.0.1:8200/wd/hub/session/c0327d69-2521-479e-82fc-9dc670cc62df] with no body
[debug] &amp#27;[35m[WD Proxy]&amp#27;[39m Got response with status 200: {"sessionId":"c0327d69-2521-479e-82fc-9dc670cc62df","value":{"lastScrollData":null}}
[debug] &amp#27;[35m[W3C (f93268b4)]&amp#27;[39m Responding to client with driver.getSession() result: {"platform":"LINUX","webStorageEnabled":false,"takesScreenshot":true,"javascriptEnabled":true,"databaseEnabled":false,"networkConnectionEnabled":true,"locationContextEnabled":false,"warnings":{},"desired":{"platformName":"android","skipDeviceInitialization":true,"skipServerInstallation":false,"app":"./Resources/in.workindia.apk","appActivity":".RegisterActivity","appPackage":"in.workindia.nileshdungarwal.workindiaandroid","platformVersion":"8.1"},"platformName":"android","skipDeviceInitialization":true,"skipServerInstallation":false,"app":"./Resources/in.workindia.apk","appActivity":".RegisterActivity","appPackage":"in.workindia.nileshdungarwal.workindiaandroid","platformVersion":"8.1.0","deviceName":"emulator-5554","deviceUDID":"emulator-5554","deviceApiLevel":27,"deviceScreenSize":"1080x2160","deviceScreenDensity":440,"deviceModel":"Android SDK built for x86","deviceManufacturer":"Google","pixelRatio":2.75,"statBarHeight":66,"viewportRect":{"left":0,"top":66,"width":1080,"height":1962},"lastScrollData":n...
&amp#27;[35m[HTTP]&amp#27;[39m &amp#27;[37m<-- GET /wd/hub/session/f93268b4-2919-4fc5-8680-4b4d0e835fe1 &amp#27;[39m&amp#27;[32m200&amp#27;[39m &amp#27;[90m17 ms - 1035&amp#27;[39m
&amp#27;[35m[HTTP]&amp#27;[39m &amp#27;[90m&amp#27;[39m
&amp#27;[35m[HTTP]&amp#27;[39m &amp#27;[37m-->&amp#27;[39m &amp#27;[37mGET&amp#27;[39m &amp#27;[37m/wd/hub/session/f93268b4-2919-4fc5-8680-4b4d0e835fe1&amp#27;[39m
&amp#27;[35m[HTTP]&amp#27;[39m &amp#27;[90m{}&amp#27;[39m
[debug] &amp#27;[35m[W3C (f93268b4)]&amp#27;[39m Calling AppiumDriver.getSession() with args: ["f93268b4-2919-4fc5-8680-4b4d0e835fe1"]
[debug] &amp#27;[35m[UiAutomator2]&amp#27;[39m Getting session details from server to mix in
[debug] &amp#27;[35m[WD Proxy]&amp#27;[39m Matched '/' to command name 'getSession'
[debug] &amp#27;[35m[WD Proxy]&amp#27;[39m Proxying [GET /] to [GET http://127.0.0.1:8200/wd/hub/session/c0327d69-2521-479e-82fc-9dc670cc62df] with no body
[debug] &amp#27;[35m[WD Proxy]&amp#27;[39m Got response with status 200: {"sessionId":"c0327d69-2521-479e-82fc-9dc670cc62df","value":{"lastScrollData":null}}
[debug] &amp#27;[35m[W3C (f93268b4)]&amp#27;[39m Responding to client with driver.getSession() result: {"platform":"LINUX","webStorageEnabled":false,"takesScreenshot":true,"javascriptEnabled":true,"databaseEnabled":false,"networkConnectionEnabled":true,"locationContextEnabled":false,"warnings":{},"desired":{"platformName":"android","skipDeviceInitialization":true,"skipServerInstallation":false,"app":"./Resources/in.workindia.apk","appActivity":".RegisterActivity","appPackage":"in.workindia.nileshdungarwal.workindiaandroid","platformVersion":"8.1"},"platformName":"android","skipDeviceInitialization":true,"skipServerInstallation":false,"app":"./Resources/in.workindia.apk","appActivity":".RegisterActivity","appPackage":"in.workindia.nileshdungarwal.workindiaandroid","platformVersion":"8.1.0","deviceName":"emulator-5554","deviceUDID":"emulator-5554","deviceApiLevel":27,"deviceScreenSize":"1080x2160","deviceScreenDensity":440,"deviceModel":"Android SDK built for x86","deviceManufacturer":"Google","pixelRatio":2.75,"statBarHeight":66,"viewportRect":{"left":0,"top":66,"width":1080,"height":1962},"lastScrollData":n...
&amp#27;[35m[HTTP]&amp#27;[39m &amp#27;[37m<-- GET /wd/hub/session/f93268b4-2919-4fc5-8680-4b4d0e835fe1 &amp#27;[39m&amp#27;[32m200&amp#27;[39m &amp#27;[90m19 ms - 1035&amp#27;[39m
&amp#27;[35m[HTTP]&amp#27;[39m &amp#27;[90m&amp#27;[39m
&amp#27;[35m[HTTP]&amp#27;[39m &amp#27;[37m-->&amp#27;[39m &amp#27;[37mPOST&amp#27;[39m &amp#27;[37m/wd/hub/session/f93268b4-2919-4fc5-8680-4b4d0e835fe1/element&amp#27;[39m
&amp#27;[35m[HTTP]&amp#27;[39m &amp#27;[90m{"using":"id","value":"in.workindia.nileshdungarwal.workindiaandroid:id/tv_my_gender"}&amp#27;[39m
[debug] &amp#27;[35m[W3C (f93268b4)]&amp#27;[39m Calling AppiumDriver.findElement() with args: ["id","in.workindia.nileshdungarwal.workindiaandroid:id/tv_my_gender","f93268b4-2919-4fc5-8680-4b4d0e835fe1"]
[debug] &amp#27;[35m[BaseDriver]&amp#27;[39m Valid locator strategies for this request: xpath, id, class name, accessibility id, css selector, -android uiautomator
[debug] &amp#27;[35m[BaseDriver]&amp#27;[39m Waiting up to 50000 ms for condition
[debug] &amp#27;[35m[WD Proxy]&amp#27;[39m Matched '/element' to command name 'findElement'
[debug] &amp#27;[35m[WD Proxy]&amp#27;[39m Proxying [POST /element] to [POST http://127.0.0.1:8200/wd/hub/session/c0327d69-2521-479e-82fc-9dc670cc62df/element] with body: {"strategy":"id","selector":"in.workindia.nileshdungarwal.workindiaandroid:id/tv_my_gender","context":"","multiple":false}
&amp#27;[35m[WD Proxy]&amp#27;[39m Got response with status 404: {"sessionId":"c0327d69-2521-479e-82fc-9dc670cc62df","value":{"error":"no such element","message":"An element could not be located on the page using the given search parameters","stacktrace":"io.appium.uiautomator2.common.exceptions.ElementNotFoundException: An element could not be located on the page using the given search parameters\n\tat io.appium.uiautomator2.handler.FindElement.safeHandle(FindElement.java:73)\n\tat io.appium.uiautomator2.handler.request.SafeRequestHandler.handle(SafeRequestHandler.java:41)\n\tat io.appium.uiautomator2.server.AppiumServlet.handleRequest(AppiumServlet.java:261)\n\tat io.appium.uiautomator2.server.AppiumServlet.handleHttpRequest(AppiumServlet.java:255)\n\tat io.appium.uiautomator2.http.ServerHandler.channelRead(ServerHandler.java:68)\n\tat io.netty.channel.AbstractChannelHandlerContext.invokeChannelRead(AbstractChannelHandlerContext.java:366)\n\tat io.netty.channel.AbstractChannelHandlerContext.invokeChannelRead(AbstractChannelHandlerContext.java:352)\n\tat io.netty.chann...
[debug] &amp#27;[35m[W3C]&amp#27;[39m Matched W3C error code 'no such element' to NoSuchElementError
[debug] &amp#27;[35m[BaseDriver]&amp#27;[39m Waited for 100 ms so far
[debug] &amp#27;[35m[WD Proxy]&amp#27;[39m Matched '/element' to command name 'findElement'
[debug] &amp#27;[35m[WD Proxy]&amp#27;[39m Proxying [POST /element] to [POST http://127.0.0.1:8200/wd/hub/session/c0327d69-2521-479e-82fc-9dc670cc62df/element] with body: {"strategy":"id","selector":"in.workindia.nileshdungarwal.workindiaandroid:id/tv_my_gender","context":"","multiple":false}
&amp#27;[35m[WD Proxy]&amp#27;[39m Got response with status 404: {"sessionId":"c0327d69-2521-479e-82fc-9dc670cc62df","value":{"error":"no such element","message":"An element could not be located on the page using the given search parameters","stacktrace":"io.appium.uiautomator2.common.exceptions.ElementNotFoundException: An element could not be located on the page using the given search parameters\n\tat io.appium.uiautomator2.handler.FindElement.safeHandle(FindElement.java:73)\n\tat io.appium.uiautomator2.handler.request.SafeRequestHandler.handle(SafeRequestHandler.java:41)\n\tat io.appium.uiautomator2.server.AppiumServlet.handleRequest(AppiumServlet.java:261)\n\tat io.appium.uiautomator2.server.AppiumServlet.handleHttpRequest(AppiumServlet.java:255)\n\tat io.appium.uiautomator2.http.ServerHandler.channelRead(ServerHandler.java:68)\n\tat io.netty.channel.AbstractChannelHandlerContext.invokeChannelRead(AbstractChannelHandlerContext.java:366)\n\tat io.netty.channel.AbstractChannelHandlerContext.invokeChannelRead(AbstractChannelHandlerContext.java:352)\n\tat io.netty.chann...
[debug] &amp#27;[35m[W3C]&amp#27;[39m Matched W3C error code 'no such element' to NoSuchElementError
[debug] &amp#27;[35m[BaseDriver]&amp#27;[39m Waited for 826 ms so far
[debug] &amp#27;[35m[WD Proxy]&amp#27;[39m Matched '/element' to command name 'findElement'
[debug] &amp#27;[35m[WD Proxy]&amp#27;[39m Proxying [POST /element] to [POST http://127.0.0.1:8200/wd/hub/session/c0327d69-2521-479e-82fc-9dc670cc62df/element] with body: {"strategy":"id","selector":"in.workindia.nileshdungarwal.workindiaandroid:id/tv_my_gender","context":"","multiple":false}
&amp#27;[35m[WD Proxy]&amp#27;[39m Got response with status 404: {"sessionId":"c0327d69-2521-479e-82fc-9dc670cc62df","value":{"error":"no such element","message":"An element could not be located on the page using the given search parameters","stacktrace":"io.appium.uiautomator2.common.exceptions.ElementNotFoundException: An element could not be located on the page using the given search parameters\n\tat io.appium.uiautomator2.handler.FindElement.safeHandle(FindElement.java:73)\n\tat io.appium.uiautomator2.handler.request.SafeRequestHandler.handle(SafeRequestHandler.java:41)\n\tat io.appium.uiautomator2.server.AppiumServlet.handleRequest(AppiumServlet.java:261)\n\tat io.appium.uiautomator2.server.AppiumServlet.handleHttpRequest(AppiumServlet.java:255)\n\tat io.appium.uiautomator2.http.ServerHandler.channelRead(ServerHandler.java:68)\n\tat io.netty.channel.AbstractChannelHandlerContext.invokeChannelRead(AbstractChannelHandlerContext.java:366)\n\tat io.netty.channel.AbstractChannelHandlerContext.invokeChannelRead(AbstractChannelHandlerContext.java:352)\n\tat io.netty.chann...
[debug] &amp#27;[35m[W3C]&amp#27;[39m Matched W3C error code 'no such element' to NoSuchElementError
[debug] &amp#27;[35m[BaseDriver]&amp#27;[39m Waited for 1619 ms so far
[debug] &amp#27;[35m[WD Proxy]&amp#27;[39m Matched '/element' to command name 'findElement'
[debug] &amp#27;[35m[WD Proxy]&amp#27;[39m Proxying [POST /element] to [POST http://127.0.0.1:8200/wd/hub/session/c0327d69-2521-479e-82fc-9dc670cc62df/element] with body: {"strategy":"id","selector":"in.workindia.nileshdungarwal.workindiaandroid:id/tv_my_gender","context":"","multiple":false}
[debug] &amp#27;[35m[WD Proxy]&amp#27;[39m Got response with status 200: {"sessionId":"c0327d69-2521-479e-82fc-9dc670cc62df","value":{"ELEMENT":"b92cc71d-aec8-4a95-89c6-f82c763ccb6e","element-6066-11e4-a52e-4f735466cecf":"b92cc71d-aec8-4a95-89c6-f82c763ccb6e"}}
[debug] &amp#27;[35m[W3C (f93268b4)]&amp#27;[39m Responding to client with driver.findElement() result: {"element-6066-11e4-a52e-4f735466cecf":"b92cc71d-aec8-4a95-89c6-f82c763ccb6e","ELEMENT":"b92cc71d-aec8-4a95-89c6-f82c763ccb6e"}
&amp#27;[35m[HTTP]&amp#27;[39m &amp#27;[37m<-- POST /wd/hub/session/f93268b4-2919-4fc5-8680-4b4d0e835fe1/element &amp#27;[39m&amp#27;[32m200&amp#27;[39m &amp#27;[90m2170 ms - 137&amp#27;[39m
&amp#27;[35m[HTTP]&amp#27;[39m &amp#27;[90m&amp#27;[39m
&amp#27;[35m[HTTP]&amp#27;[39m &amp#27;[37m-->&amp#27;[39m &amp#27;[37mGET&amp#27;[39m &amp#27;[37m/wd/hub/session/f93268b4-2919-4fc5-8680-4b4d0e835fe1/element/b92cc71d-aec8-4a95-89c6-f82c763ccb6e/text&amp#27;[39m
&amp#27;[35m[HTTP]&amp#27;[39m &amp#27;[90m{}&amp#27;[39m
&amp#27;[35m[W3C (f93268b4)]&amp#27;[39m Driver proxy active, passing request on via HTTP proxy
[debug] &amp#27;[35m[WD Proxy]&amp#27;[39m Matched '/wd/hub/session/f93268b4-2919-4fc5-8680-4b4d0e835fe1/element/b92cc71d-aec8-4a95-89c6-f82c763ccb6e/text' to command name 'getText'
[debug] &amp#27;[35m[WD Proxy]&amp#27;[39m Proxying [GET /wd/hub/session/f93268b4-2919-4fc5-8680-4b4d0e835fe1/element/b92cc71d-aec8-4a95-89c6-f82c763ccb6e/text] to [GET http://127.0.0.1:8200/wd/hub/session/c0327d69-2521-479e-82fc-9dc670cc62df/element/b92cc71d-aec8-4a95-89c6-f82c763ccb6e/text] with no body
[debug] &amp#27;[35m[WD Proxy]&amp#27;[39m Got response with status 200: {"sessionId":"c0327d69-2521-479e-82fc-9dc670cc62df","value":"My Gender *"}
&amp#27;[35m[WD Proxy]&amp#27;[39m Replacing sessionId c0327d69-2521-479e-82fc-9dc670cc62df with f93268b4-2919-4fc5-8680-4b4d0e835fe1
&amp#27;[35m[HTTP]&amp#27;[39m &amp#27;[37m<-- GET /wd/hub/session/f93268b4-2919-4fc5-8680-4b4d0e835fe1/element/b92cc71d-aec8-4a95-89c6-f82c763ccb6e/text &amp#27;[39m&amp#27;[32m200&amp#27;[39m &amp#27;[90m25 ms - 74&amp#27;[39m
&amp#27;[35m[HTTP]&amp#27;[39m &amp#27;[90m&amp#27;[39m
&amp#27;[35m[HTTP]&amp#27;[39m &amp#27;[37m-->&amp#27;[39m &amp#27;[37mGET&amp#27;[39m &amp#27;[37m/wd/hub/session/f93268b4-2919-4fc5-8680-4b4d0e835fe1&amp#27;[39m
&amp#27;[35m[HTTP]&amp#27;[39m &amp#27;[90m{}&amp#27;[39m
[debug] &amp#27;[35m[W3C (f93268b4)]&amp#27;[39m Calling AppiumDriver.getSession() with args: ["f93268b4-2919-4fc5-8680-4b4d0e835fe1"]
[debug] &amp#27;[35m[UiAutomator2]&amp#27;[39m Getting session details from server to mix in
[debug] &amp#27;[35m[WD Proxy]&amp#27;[39m Matched '/' to command name 'getSession'
[debug] &amp#27;[35m[WD Proxy]&amp#27;[39m Proxying [GET /] to [GET http://127.0.0.1:8200/wd/hub/session/c0327d69-2521-479e-82fc-9dc670cc62df] with no body
[debug] &amp#27;[35m[WD Proxy]&amp#27;[39m Got response with status 200: {"sessionId":"c0327d69-2521-479e-82fc-9dc670cc62df","value":{"lastScrollData":null}}
[debug] &amp#27;[35m[W3C (f93268b4)]&amp#27;[39m Responding to client with driver.getSession() result: {"platform":"LINUX","webStorageEnabled":false,"takesScreenshot":true,"javascriptEnabled":true,"databaseEnabled":false,"networkConnectionEnabled":true,"locationContextEnabled":false,"warnings":{},"desired":{"platformName":"android","skipDeviceInitialization":true,"skipServerInstallation":false,"app":"./Resources/in.workindia.apk","appActivity":".RegisterActivity","appPackage":"in.workindia.nileshdungarwal.workindiaandroid","platformVersion":"8.1"},"platformName":"android","skipDeviceInitialization":true,"skipServerInstallation":false,"app":"./Resources/in.workindia.apk","appActivity":".RegisterActivity","appPackage":"in.workindia.nileshdungarwal.workindiaandroid","platformVersion":"8.1.0","deviceName":"emulator-5554","deviceUDID":"emulator-5554","deviceApiLevel":27,"deviceScreenSize":"1080x2160","deviceScreenDensity":440,"deviceModel":"Android SDK built for x86","deviceManufacturer":"Google","pixelRatio":2.75,"statBarHeight":66,"viewportRect":{"left":0,"top":66,"width":1080,"height":1962},"lastScrollData":n...
&amp#27;[35m[HTTP]&amp#27;[39m &amp#27;[37m<-- GET /wd/hub/session/f93268b4-2919-4fc5-8680-4b4d0e835fe1 &amp#27;[39m&amp#27;[32m200&amp#27;[39m &amp#27;[90m15 ms - 1035&amp#27;[39m
&amp#27;[35m[HTTP]&amp#27;[39m &amp#27;[90m&amp#27;[39m
&amp#27;[35m[HTTP]&amp#27;[39m &amp#27;[37m-->&amp#27;[39m &amp#27;[37mPOST&amp#27;[39m &amp#27;[37m/wd/hub/session/f93268b4-2919-4fc5-8680-4b4d0e835fe1/element&amp#27;[39m
&amp#27;[35m[HTTP]&amp#27;[39m &amp#27;[90m{"using":"id","value":"in.workindia.nileshdungarwal.workindiaandroid:id/rg_male"}&amp#27;[39m
[debug] &amp#27;[35m[W3C (f93268b4)]&amp#27;[39m Calling AppiumDriver.findElement() with args: ["id","in.workindia.nileshdungarwal.workindiaandroid:id/rg_male","f93268b4-2919-4fc5-8680-4b4d0e835fe1"]
[debug] &amp#27;[35m[BaseDriver]&amp#27;[39m Valid locator strategies for this request: xpath, id, class name, accessibility id, css selector, -android uiautomator
[debug] &amp#27;[35m[BaseDriver]&amp#27;[39m Waiting up to 50000 ms for condition
[debug] &amp#27;[35m[WD Proxy]&amp#27;[39m Matched '/element' to command name 'findElement'
[debug] &amp#27;[35m[WD Proxy]&amp#27;[39m Proxying [POST /element] to [POST http://127.0.0.1:8200/wd/hub/session/c0327d69-2521-479e-82fc-9dc670cc62df/element] with body: {"strategy":"id","selector":"in.workindia.nileshdungarwal.workindiaandroid:id/rg_male","context":"","multiple":false}
[debug] &amp#27;[35m[WD Proxy]&amp#27;[39m Got response with status 200: {"sessionId":"c0327d69-2521-479e-82fc-9dc670cc62df","value":{"ELEMENT":"39a1b304-97f8-42fd-8d3d-a9aceb987cef","element-6066-11e4-a52e-4f735466cecf":"39a1b304-97f8-42fd-8d3d-a9aceb987cef"}}
[debug] &amp#27;[35m[W3C (f93268b4)]&amp#27;[39m Responding to client with driver.findElement() result: {"element-6066-11e4-a52e-4f735466cecf":"39a1b304-97f8-42fd-8d3d-a9aceb987cef","ELEMENT":"39a1b304-97f8-42fd-8d3d-a9aceb987cef"}
&amp#27;[35m[HTTP]&amp#27;[39m &amp#27;[37m<-- POST /wd/hub/session/f93268b4-2919-4fc5-8680-4b4d0e835fe1/element &amp#27;[39m&amp#27;[32m200&amp#27;[39m &amp#27;[90m37 ms - 137&amp#27;[39m
&amp#27;[35m[HTTP]&amp#27;[39m &amp#27;[90m&amp#27;[39m
&amp#27;[35m[HTTP]&amp#27;[39m &amp#27;[37m-->&amp#27;[39m &amp#27;[37mPOST&amp#27;[39m &amp#27;[37m/wd/hub/session/f93268b4-2919-4fc5-8680-4b4d0e835fe1/element/39a1b304-97f8-42fd-8d3d-a9aceb987cef/click&amp#27;[39m
&amp#27;[35m[HTTP]&amp#27;[39m &amp#27;[90m{"id":"39a1b304-97f8-42fd-8d3d-a9aceb987cef"}&amp#27;[39m
[debug] &amp#27;[35m[W3C (f93268b4)]&amp#27;[39m Calling AppiumDriver.click() with args: ["39a1b304-97f8-42fd-8d3d-a9aceb987cef","f93268b4-2919-4fc5-8680-4b4d0e835fe1"]
[debug] &amp#27;[35m[WD Proxy]&amp#27;[39m Matched '/element/39a1b304-97f8-42fd-8d3d-a9aceb987cef/click' to command name 'click'
[debug] &amp#27;[35m[WD Proxy]&amp#27;[39m Proxying [POST /element/39a1b304-97f8-42fd-8d3d-a9aceb987cef/click] to [POST http://127.0.0.1:8200/wd/hub/session/c0327d69-2521-479e-82fc-9dc670cc62df/element/39a1b304-97f8-42fd-8d3d-a9aceb987cef/click] with body: {"element":"39a1b304-97f8-42fd-8d3d-a9aceb987cef"}
[debug] &amp#27;[35m[WD Proxy]&amp#27;[39m Got response with status 200: {"sessionId":"c0327d69-2521-479e-82fc-9dc670cc62df","value":null}
[debug] &amp#27;[35m[W3C (f93268b4)]&amp#27;[39m Responding to client with driver.click() result: null
&amp#27;[35m[HTTP]&amp#27;[39m &amp#27;[37m<-- POST /wd/hub/session/f93268b4-2919-4fc5-8680-4b4d0e835fe1/element/39a1b304-97f8-42fd-8d3d-a9aceb987cef/click &amp#27;[39m&amp#27;[32m200&amp#27;[39m &amp#27;[90m24 ms - 14&amp#27;[39m
&amp#27;[35m[HTTP]&amp#27;[39m &amp#27;[90m&amp#27;[39m
&amp#27;[35m[HTTP]&amp#27;[39m &amp#27;[37m-->&amp#27;[39m &amp#27;[37mGET&amp#27;[39m &amp#27;[37m/wd/hub/session/f93268b4-2919-4fc5-8680-4b4d0e835fe1&amp#27;[39m
&amp#27;[35m[HTTP]&amp#27;[39m &amp#27;[90m{}&amp#27;[39m
[debug] &amp#27;[35m[W3C (f93268b4)]&amp#27;[39m Calling AppiumDriver.getSession() with args: ["f93268b4-2919-4fc5-8680-4b4d0e835fe1"]
[debug] &amp#27;[35m[UiAutomator2]&amp#27;[39m Getting session details from server to mix in
[debug] &amp#27;[35m[WD Proxy]&amp#27;[39m Matched '/' to command name 'getSession'
[debug] &amp#27;[35m[WD Proxy]&amp#27;[39m Proxying [GET /] to [GET http://127.0.0.1:8200/wd/hub/session/c0327d69-2521-479e-82fc-9dc670cc62df] with no body
[debug] &amp#27;[35m[WD Proxy]&amp#27;[39m Got response with status 200: {"sessionId":"c0327d69-2521-479e-82fc-9dc670cc62df","value":{"lastScrollData":null}}
[debug] &amp#27;[35m[W3C (f93268b4)]&amp#27;[39m Responding to client with driver.getSession() result: {"platform":"LINUX","webStorageEnabled":false,"takesScreenshot":true,"javascriptEnabled":true,"databaseEnabled":false,"networkConnectionEnabled":true,"locationContextEnabled":false,"warnings":{},"desired":{"platformName":"android","skipDeviceInitialization":true,"skipServerInstallation":false,"app":"./Resources/in.workindia.apk","appActivity":".RegisterActivity","appPackage":"in.workindia.nileshdungarwal.workindiaandroid","platformVersion":"8.1"},"platformName":"android","skipDeviceInitialization":true,"skipServerInstallation":false,"app":"./Resources/in.workindia.apk","appActivity":".RegisterActivity","appPackage":"in.workindia.nileshdungarwal.workindiaandroid","platformVersion":"8.1.0","deviceName":"emulator-5554","deviceUDID":"emulator-5554","deviceApiLevel":27,"deviceScreenSize":"1080x2160","deviceScreenDensity":440,"deviceModel":"Android SDK built for x86","deviceManufacturer":"Google","pixelRatio":2.75,"statBarHeight":66,"viewportRect":{"left":0,"top":66,"width":1080,"height":1962},"lastScrollData":n...
&amp#27;[35m[HTTP]&amp#27;[39m &amp#27;[37m<-- GET /wd/hub/session/f93268b4-2919-4fc5-8680-4b4d0e835fe1 &amp#27;[39m&amp#27;[32m200&amp#27;[39m &amp#27;[90m14 ms - 1035&amp#27;[39m
&amp#27;[35m[HTTP]&amp#27;[39m &amp#27;[90m&amp#27;[39m
&amp#27;[35m[HTTP]&amp#27;[39m &amp#27;[37m-->&amp#27;[39m &amp#27;[37mPOST&amp#27;[39m &amp#27;[37m/wd/hub/session/f93268b4-2919-4fc5-8680-4b4d0e835fe1/element&amp#27;[39m
&amp#27;[35m[HTTP]&amp#27;[39m &amp#27;[90m{"using":"id","value":"in.workindia.nileshdungarwal.workindiaandroid:id/rb_graduate"}&amp#27;[39m
[debug] &amp#27;[35m[W3C (f93268b4)]&amp#27;[39m Calling AppiumDriver.findElement() with args: ["id","in.workindia.nileshdungarwal.workindiaandroid:id/rb_graduate","f93268b4-2919-4fc5-8680-4b4d0e835fe1"]
[debug] &amp#27;[35m[BaseDriver]&amp#27;[39m Valid locator strategies for this request: xpath, id, class name, accessibility id, css selector, -android uiautomator
[debug] &amp#27;[35m[BaseDriver]&amp#27;[39m Waiting up to 50000 ms for condition
[debug] &amp#27;[35m[WD Proxy]&amp#27;[39m Matched '/element' to command name 'findElement'
[debug] &amp#27;[35m[WD Proxy]&amp#27;[39m Proxying [POST /element] to [POST http://127.0.0.1:8200/wd/hub/session/c0327d69-2521-479e-82fc-9dc670cc62df/element] with body: {"strategy":"id","selector":"in.workindia.nileshdungarwal.workindiaandroid:id/rb_graduate","context":"","multiple":false}
[debug] &amp#27;[35m[WD Proxy]&amp#27;[39m Got response with status 200: {"sessionId":"c0327d69-2521-479e-82fc-9dc670cc62df","value":{"ELEMENT":"05a137b0-537d-4908-9755-5dc03ded5ce7","element-6066-11e4-a52e-4f735466cecf":"05a137b0-537d-4908-9755-5dc03ded5ce7"}}
[debug] &amp#27;[35m[W3C (f93268b4)]&amp#27;[39m Responding to client with driver.findElement() result: {"element-6066-11e4-a52e-4f735466cecf":"05a137b0-537d-4908-9755-5dc03ded5ce7","ELEMENT":"05a137b0-537d-4908-9755-5dc03ded5ce7"}
&amp#27;[35m[HTTP]&amp#27;[39m &amp#27;[37m<-- POST /wd/hub/session/f93268b4-2919-4fc5-8680-4b4d0e835fe1/element &amp#27;[39m&amp#27;[32m200&amp#27;[39m &amp#27;[90m503 ms - 137&amp#27;[39m
&amp#27;[35m[HTTP]&amp#27;[39m &amp#27;[90m&amp#27;[39m
&amp#27;[35m[HTTP]&amp#27;[39m &amp#27;[37m-->&amp#27;[39m &amp#27;[37mPOST&amp#27;[39m &amp#27;[37m/wd/hub/session/f93268b4-2919-4fc5-8680-4b4d0e835fe1/element/05a137b0-537d-4908-9755-5dc03ded5ce7/click&amp#27;[39m
&amp#27;[35m[HTTP]&amp#27;[39m &amp#27;[90m{"id":"05a137b0-537d-4908-9755-5dc03ded5ce7"}&amp#27;[39m
[debug] &amp#27;[35m[W3C (f93268b4)]&amp#27;[39m Calling AppiumDriver.click() with args: ["05a137b0-537d-4908-9755-5dc03ded5ce7","f93268b4-2919-4fc5-8680-4b4d0e835fe1"]
[debug] &amp#27;[35m[WD Proxy]&amp#27;[39m Matched '/element/05a137b0-537d-4908-9755-5dc03ded5ce7/click' to command name 'click'
[debug] &amp#27;[35m[WD Proxy]&amp#27;[39m Proxying [POST /element/05a137b0-537d-4908-9755-5dc03ded5ce7/click] to [POST http://127.0.0.1:8200/wd/hub/session/c0327d69-2521-479e-82fc-9dc670cc62df/element/05a137b0-537d-4908-9755-5dc03ded5ce7/click] with body: {"element":"05a137b0-537d-4908-9755-5dc03ded5ce7"}
[debug] &amp#27;[35m[WD Proxy]&amp#27;[39m Got response with status 200: {"sessionId":"c0327d69-2521-479e-82fc-9dc670cc62df","value":null}
[debug] &amp#27;[35m[W3C (f93268b4)]&amp#27;[39m Responding to client with driver.click() result: null
&amp#27;[35m[HTTP]&amp#27;[39m &amp#27;[37m<-- POST /wd/hub/session/f93268b4-2919-4fc5-8680-4b4d0e835fe1/element/05a137b0-537d-4908-9755-5dc03ded5ce7/click &amp#27;[39m&amp#27;[32m200&amp#27;[39m &amp#27;[90m25 ms - 14&amp#27;[39m
&amp#27;[35m[HTTP]&amp#27;[39m &amp#27;[90m&amp#27;[39m
&amp#27;[35m[HTTP]&amp#27;[39m &amp#27;[37m-->&amp#27;[39m &amp#27;[37mGET&amp#27;[39m &amp#27;[37m/wd/hub/session/f93268b4-2919-4fc5-8680-4b4d0e835fe1&amp#27;[39m
&amp#27;[35m[HTTP]&amp#27;[39m &amp#27;[90m{}&amp#27;[39m
[debug] &amp#27;[35m[W3C (f93268b4)]&amp#27;[39m Calling AppiumDriver.getSession() with args: ["f93268b4-2919-4fc5-8680-4b4d0e835fe1"]
[debug] &amp#27;[35m[UiAutomator2]&amp#27;[39m Getting session details from server to mix in
[debug] &amp#27;[35m[WD Proxy]&amp#27;[39m Matched '/' to command name 'getSession'
[debug] &amp#27;[35m[WD Proxy]&amp#27;[39m Proxying [GET /] to [GET http://127.0.0.1:8200/wd/hub/session/c0327d69-2521-479e-82fc-9dc670cc62df] with no body
[debug] &amp#27;[35m[WD Proxy]&amp#27;[39m Got response with status 200: {"sessionId":"c0327d69-2521-479e-82fc-9dc670cc62df","value":{"lastScrollData":null}}
[debug] &amp#27;[35m[W3C (f93268b4)]&amp#27;[39m Responding to client with driver.getSession() result: {"platform":"LINUX","webStorageEnabled":false,"takesScreenshot":true,"javascriptEnabled":true,"databaseEnabled":false,"networkConnectionEnabled":true,"locationContextEnabled":false,"warnings":{},"desired":{"platformName":"android","skipDeviceInitialization":true,"skipServerInstallation":false,"app":"./Resources/in.workindia.apk","appActivity":".RegisterActivity","appPackage":"in.workindia.nileshdungarwal.workindiaandroid","platformVersion":"8.1"},"platformName":"android","skipDeviceInitialization":true,"skipServerInstallation":false,"app":"./Resources/in.workindia.apk","appActivity":".RegisterActivity","appPackage":"in.workindia.nileshdungarwal.workindiaandroid","platformVersion":"8.1.0","deviceName":"emulator-5554","deviceUDID":"emulator-5554","deviceApiLevel":27,"deviceScreenSize":"1080x2160","deviceScreenDensity":440,"deviceModel":"Android SDK built for x86","deviceManufacturer":"Google","pixelRatio":2.75,"statBarHeight":66,"viewportRect":{"left":0,"top":66,"width":1080,"height":1962},"lastScrollData":n...
&amp#27;[35m[HTTP]&amp#27;[39m &amp#27;[37m<-- GET /wd/hub/session/f93268b4-2919-4fc5-8680-4b4d0e835fe1 &amp#27;[39m&amp#27;[32m200&amp#27;[39m &amp#27;[90m9 ms - 1035&amp#27;[39m
&amp#27;[35m[HTTP]&amp#27;[39m &amp#27;[90m&amp#27;[39m
&amp#27;[35m[HTTP]&amp#27;[39m &amp#27;[37m-->&amp#27;[39m &amp#27;[37mPOST&amp#27;[39m &amp#27;[37m/wd/hub/session/f93268b4-2919-4fc5-8680-4b4d0e835fe1/element&amp#27;[39m
&amp#27;[35m[HTTP]&amp#27;[39m &amp#27;[90m{"using":"id","value":"in.workindia.nileshdungarwal.workindiaandroid:id/cb_hindi"}&amp#27;[39m
[debug] &amp#27;[35m[W3C (f93268b4)]&amp#27;[39m Calling AppiumDriver.findElement() with args: ["id","in.workindia.nileshdungarwal.workindiaandroid:id/cb_hindi","f93268b4-2919-4fc5-8680-4b4d0e835fe1"]
[debug] &amp#27;[35m[BaseDriver]&amp#27;[39m Valid locator strategies for this request: xpath, id, class name, accessibility id, css selector, -android uiautomator
[debug] &amp#27;[35m[BaseDriver]&amp#27;[39m Waiting up to 50000 ms for condition
[debug] &amp#27;[35m[WD Proxy]&amp#27;[39m Matched '/element' to command name 'findElement'
[debug] &amp#27;[35m[WD Proxy]&amp#27;[39m Proxying [POST /element] to [POST http://127.0.0.1:8200/wd/hub/session/c0327d69-2521-479e-82fc-9dc670cc62df/element] with body: {"strategy":"id","selector":"in.workindia.nileshdungarwal.workindiaandroid:id/cb_hindi","context":"","multiple":false}
[debug] &amp#27;[35m[WD Proxy]&amp#27;[39m Got response with status 200: {"sessionId":"c0327d69-2521-479e-82fc-9dc670cc62df","value":{"ELEMENT":"27e0a0f1-bbda-402b-8f0b-514d085e6eb4","element-6066-11e4-a52e-4f735466cecf":"27e0a0f1-bbda-402b-8f0b-514d085e6eb4"}}
[debug] &amp#27;[35m[W3C (f93268b4)]&amp#27;[39m Responding to client with driver.findElement() result: {"element-6066-11e4-a52e-4f735466cecf":"27e0a0f1-bbda-402b-8f0b-514d085e6eb4","ELEMENT":"27e0a0f1-bbda-402b-8f0b-514d085e6eb4"}
&amp#27;[35m[HTTP]&amp#27;[39m &amp#27;[37m<-- POST /wd/hub/session/f93268b4-2919-4fc5-8680-4b4d0e835fe1/element &amp#27;[39m&amp#27;[32m200&amp#27;[39m &amp#27;[90m84 ms - 137&amp#27;[39m
&amp#27;[35m[HTTP]&amp#27;[39m &amp#27;[90m&amp#27;[39m
&amp#27;[35m[HTTP]&amp#27;[39m &amp#27;[37m-->&amp#27;[39m &amp#27;[37mPOST&amp#27;[39m &amp#27;[37m/wd/hub/session/f93268b4-2919-4fc5-8680-4b4d0e835fe1/element/27e0a0f1-bbda-402b-8f0b-514d085e6eb4/click&amp#27;[39m
&amp#27;[35m[HTTP]&amp#27;[39m &amp#27;[90m{"id":"27e0a0f1-bbda-402b-8f0b-514d085e6eb4"}&amp#27;[39m
[debug] &amp#27;[35m[W3C (f93268b4)]&amp#27;[39m Calling AppiumDriver.click() with args: ["27e0a0f1-bbda-402b-8f0b-514d085e6eb4","f93268b4-2919-4fc5-8680-4b4d0e835fe1"]
[debug] &amp#27;[35m[WD Proxy]&amp#27;[39m Matched '/element/27e0a0f1-bbda-402b-8f0b-514d085e6eb4/click' to command name 'click'
[debug] &amp#27;[35m[WD Proxy]&amp#27;[39m Proxying [POST /element/27e0a0f1-bbda-402b-8f0b-514d085e6eb4/click] to [POST http://127.0.0.1:8200/wd/hub/session/c0327d69-2521-479e-82fc-9dc670cc62df/element/27e0a0f1-bbda-402b-8f0b-514d085e6eb4/click] with body: {"element":"27e0a0f1-bbda-402b-8f0b-514d085e6eb4"}
[debug] &amp#27;[35m[WD Proxy]&amp#27;[39m Got response with status 200: {"sessionId":"c0327d69-2521-479e-82fc-9dc670cc62df","value":null}
[debug] &amp#27;[35m[W3C (f93268b4)]&amp#27;[39m Responding to client with driver.click() result: null
&amp#27;[35m[HTTP]&amp#27;[39m &amp#27;[37m<-- POST /wd/hub/session/f93268b4-2919-4fc5-8680-4b4d0e835fe1/element/27e0a0f1-bbda-402b-8f0b-514d085e6eb4/click &amp#27;[39m&amp#27;[32m200&amp#27;[39m &amp#27;[90m519 ms - 14&amp#27;[39m
&amp#27;[35m[HTTP]&amp#27;[39m &amp#27;[90m&amp#27;[39m
&amp#27;[35m[HTTP]&amp#27;[39m &amp#27;[37m-->&amp#27;[39m &amp#27;[37mGET&amp#27;[39m &amp#27;[37m/wd/hub/session/f93268b4-2919-4fc5-8680-4b4d0e835fe1&amp#27;[39m
&amp#27;[35m[HTTP]&amp#27;[39m &amp#27;[90m{}&amp#27;[39m
[debug] &amp#27;[35m[W3C (f93268b4)]&amp#27;[39m Calling AppiumDriver.getSession() with args: ["f93268b4-2919-4fc5-8680-4b4d0e835fe1"]
[debug] &amp#27;[35m[UiAutomator2]&amp#27;[39m Getting session details from server to mix in
[debug] &amp#27;[35m[WD Proxy]&amp#27;[39m Matched '/' to command name 'getSession'
[debug] &amp#27;[35m[WD Proxy]&amp#27;[39m Proxying [GET /] to [GET http://127.0.0.1:8200/wd/hub/session/c0327d69-2521-479e-82fc-9dc670cc62df] with no body
[debug] &amp#27;[35m[WD Proxy]&amp#27;[39m Got response with status 200: {"sessionId":"c0327d69-2521-479e-82fc-9dc670cc62df","value":{"lastScrollData":null}}
[debug] &amp#27;[35m[W3C (f93268b4)]&amp#27;[39m Responding to client with driver.getSession() result: {"platform":"LINUX","webStorageEnabled":false,"takesScreenshot":true,"javascriptEnabled":true,"databaseEnabled":false,"networkConnectionEnabled":true,"locationContextEnabled":false,"warnings":{},"desired":{"platformName":"android","skipDeviceInitialization":true,"skipServerInstallation":false,"app":"./Resources/in.workindia.apk","appActivity":".RegisterActivity","appPackage":"in.workindia.nileshdungarwal.workindiaandroid","platformVersion":"8.1"},"platformName":"android","skipDeviceInitialization":true,"skipServerInstallation":false,"app":"./Resources/in.workindia.apk","appActivity":".RegisterActivity","appPackage":"in.workindia.nileshdungarwal.workindiaandroid","platformVersion":"8.1.0","deviceName":"emulator-5554","deviceUDID":"emulator-5554","deviceApiLevel":27,"deviceScreenSize":"1080x2160","deviceScreenDensity":440,"deviceModel":"Android SDK built for x86","deviceManufacturer":"Google","pixelRatio":2.75,"statBarHeight":66,"viewportRect":{"left":0,"top":66,"width":1080,"height":1962},"lastScrollData":n...
&amp#27;[35m[HTTP]&amp#27;[39m &amp#27;[37m<-- GET /wd/hub/session/f93268b4-2919-4fc5-8680-4b4d0e835fe1 &amp#27;[39m&amp#27;[32m200&amp#27;[39m &amp#27;[90m25 ms - 1035&amp#27;[39m
&amp#27;[35m[HTTP]&amp#27;[39m &amp#27;[90m&amp#27;[39m
&amp#27;[35m[HTTP]&amp#27;[39m &amp#27;[37m-->&amp#27;[39m &amp#27;[37mPOST&amp#27;[39m &amp#27;[37m/wd/hub/session/f93268b4-2919-4fc5-8680-4b4d0e835fe1/element&amp#27;[39m
&amp#27;[35m[HTTP]&amp#27;[39m &amp#27;[90m{"using":"id","value":"in.workindia.nileshdungarwal.workindiaandroid:id/rg_eng_level_2"}&amp#27;[39m
[debug] &amp#27;[35m[W3C (f93268b4)]&amp#27;[39m Calling AppiumDriver.findElement() with args: ["id","in.workindia.nileshdungarwal.workindiaandroid:id/rg_eng_level_2","f93268b4-2919-4fc5-8680-4b4d0e835fe1"]
[debug] &amp#27;[35m[BaseDriver]&amp#27;[39m Valid locator strategies for this request: xpath, id, class name, accessibility id, css selector, -android uiautomator
[debug] &amp#27;[35m[BaseDriver]&amp#27;[39m Waiting up to 50000 ms for condition
[debug] &amp#27;[35m[WD Proxy]&amp#27;[39m Matched '/element' to command name 'findElement'
[debug] &amp#27;[35m[WD Proxy]&amp#27;[39m Proxying [POST /element] to [POST http://127.0.0.1:8200/wd/hub/session/c0327d69-2521-479e-82fc-9dc670cc62df/element] with body: {"strategy":"id","selector":"in.workindia.nileshdungarwal.workindiaandroid:id/rg_eng_level_2","context":"","multiple":false}
[debug] &amp#27;[35m[WD Proxy]&amp#27;[39m Got response with status 200: {"sessionId":"c0327d69-2521-479e-82fc-9dc670cc62df","value":{"ELEMENT":"b9005eaa-088c-4228-90ab-5acf66587fc4","element-6066-11e4-a52e-4f735466cecf":"b9005eaa-088c-4228-90ab-5acf66587fc4"}}
[debug] &amp#27;[35m[W3C (f93268b4)]&amp#27;[39m Responding to client with driver.findElement() result: {"element-6066-11e4-a52e-4f735466cecf":"b9005eaa-088c-4228-90ab-5acf66587fc4","ELEMENT":"b9005eaa-088c-4228-90ab-5acf66587fc4"}
&amp#27;[35m[HTTP]&amp#27;[39m &amp#27;[37m<-- POST /wd/hub/session/f93268b4-2919-4fc5-8680-4b4d0e835fe1/element &amp#27;[39m&amp#27;[32m200&amp#27;[39m &amp#27;[90m605 ms - 137&amp#27;[39m
&amp#27;[35m[HTTP]&amp#27;[39m &amp#27;[90m&amp#27;[39m
&amp#27;[35m[HTTP]&amp#27;[39m &amp#27;[37m-->&amp#27;[39m &amp#27;[37mPOST&amp#27;[39m &amp#27;[37m/wd/hub/session/f93268b4-2919-4fc5-8680-4b4d0e835fe1/element/b9005eaa-088c-4228-90ab-5acf66587fc4/click&amp#27;[39m
&amp#27;[35m[HTTP]&amp#27;[39m &amp#27;[90m{"id":"b9005eaa-088c-4228-90ab-5acf66587fc4"}&amp#27;[39m
[debug] &amp#27;[35m[W3C (f93268b4)]&amp#27;[39m Calling AppiumDriver.click() with args: ["b9005eaa-088c-4228-90ab-5acf66587fc4","f93268b4-2919-4fc5-8680-4b4d0e835fe1"]
[debug] &amp#27;[35m[WD Proxy]&amp#27;[39m Matched '/element/b9005eaa-088c-4228-90ab-5acf66587fc4/click' to command name 'click'
[debug] &amp#27;[35m[WD Proxy]&amp#27;[39m Proxying [POST /element/b9005eaa-088c-4228-90ab-5acf66587fc4/click] to [POST http://127.0.0.1:8200/wd/hub/session/c0327d69-2521-479e-82fc-9dc670cc62df/element/b9005eaa-088c-4228-90ab-5acf66587fc4/click] with body: {"element":"b9005eaa-088c-4228-90ab-5acf66587fc4"}
[debug] &amp#27;[35m[WD Proxy]&amp#27;[39m Got response with status 200: {"sessionId":"c0327d69-2521-479e-82fc-9dc670cc62df","value":null}
[debug] &amp#27;[35m[W3C (f93268b4)]&amp#27;[39m Responding to client with driver.click() result: null
&amp#27;[35m[HTTP]&amp#27;[39m &amp#27;[37m<-- POST /wd/hub/session/f93268b4-2919-4fc5-8680-4b4d0e835fe1/element/b9005eaa-088c-4228-90ab-5acf66587fc4/click &amp#27;[39m&amp#27;[32m200&amp#27;[39m &amp#27;[90m27 ms - 14&amp#27;[39m
&amp#27;[35m[HTTP]&amp#27;[39m &amp#27;[90m&amp#27;[39m
&amp#27;[35m[HTTP]&amp#27;[39m &amp#27;[37m-->&amp#27;[39m &amp#27;[37mGET&amp#27;[39m &amp#27;[37m/wd/hub/session/f93268b4-2919-4fc5-8680-4b4d0e835fe1&amp#27;[39m
&amp#27;[35m[HTTP]&amp#27;[39m &amp#27;[90m{}&amp#27;[39m
[debug] &amp#27;[35m[W3C (f93268b4)]&amp#27;[39m Calling AppiumDriver.getSession() with args: ["f93268b4-2919-4fc5-8680-4b4d0e835fe1"]
[debug] &amp#27;[35m[UiAutomator2]&amp#27;[39m Getting session details from server to mix in
[debug] &amp#27;[35m[WD Proxy]&amp#27;[39m Matched '/' to command name 'getSession'
[debug] &amp#27;[35m[WD Proxy]&amp#27;[39m Proxying [GET /] to [GET http://127.0.0.1:8200/wd/hub/session/c0327d69-2521-479e-82fc-9dc670cc62df] with no body
[debug] &amp#27;[35m[WD Proxy]&amp#27;[39m Got response with status 200: {"sessionId":"c0327d69-2521-479e-82fc-9dc670cc62df","value":{"lastScrollData":null}}
[debug] &amp#27;[35m[W3C (f93268b4)]&amp#27;[39m Responding to client with driver.getSession() result: {"platform":"LINUX","webStorageEnabled":false,"takesScreenshot":true,"javascriptEnabled":true,"databaseEnabled":false,"networkConnectionEnabled":true,"locationContextEnabled":false,"warnings":{},"desired":{"platformName":"android","skipDeviceInitialization":true,"skipServerInstallation":false,"app":"./Resources/in.workindia.apk","appActivity":".RegisterActivity","appPackage":"in.workindia.nileshdungarwal.workindiaandroid","platformVersion":"8.1"},"platformName":"android","skipDeviceInitialization":true,"skipServerInstallation":false,"app":"./Resources/in.workindia.apk","appActivity":".RegisterActivity","appPackage":"in.workindia.nileshdungarwal.workindiaandroid","platformVersion":"8.1.0","deviceName":"emulator-5554","deviceUDID":"emulator-5554","deviceApiLevel":27,"deviceScreenSize":"1080x2160","deviceScreenDensity":440,"deviceModel":"Android SDK built for x86","deviceManufacturer":"Google","pixelRatio":2.75,"statBarHeight":66,"viewportRect":{"left":0,"top":66,"width":1080,"height":1962},"lastScrollData":n...
&amp#27;[35m[HTTP]&amp#27;[39m &amp#27;[37m<-- GET /wd/hub/session/f93268b4-2919-4fc5-8680-4b4d0e835fe1 &amp#27;[39m&amp#27;[32m200&amp#27;[39m &amp#27;[90m9 ms - 1035&amp#27;[39m
&amp#27;[35m[HTTP]&amp#27;[39m &amp#27;[90m&amp#27;[39m
&amp#27;[35m[HTTP]&amp#27;[39m &amp#27;[37m-->&amp#27;[39m &amp#27;[37mGET&amp#27;[39m &amp#27;[37m/wd/hub/session/f93268b4-2919-4fc5-8680-4b4d0e835fe1&amp#27;[39m
&amp#27;[35m[HTTP]&amp#27;[39m &amp#27;[90m{}&amp#27;[39m
[debug] &amp#27;[35m[W3C (f93268b4)]&amp#27;[39m Calling AppiumDriver.getSession() with args: ["f93268b4-2919-4fc5-8680-4b4d0e835fe1"]
[debug] &amp#27;[35m[UiAutomator2]&amp#27;[39m Getting session details from server to mix in
[debug] &amp#27;[35m[WD Proxy]&amp#27;[39m Matched '/' to command name 'getSession'
[debug] &amp#27;[35m[WD Proxy]&amp#27;[39m Proxying [GET /] to [GET http://127.0.0.1:8200/wd/hub/session/c0327d69-2521-479e-82fc-9dc670cc62df] with no body
[debug] &amp#27;[35m[WD Proxy]&amp#27;[39m Got response with status 200: {"sessionId":"c0327d69-2521-479e-82fc-9dc670cc62df","value":{"lastScrollData":null}}
[debug] &amp#27;[35m[W3C (f93268b4)]&amp#27;[39m Responding to client with driver.getSession() result: {"platform":"LINUX","webStorageEnabled":false,"takesScreenshot":true,"javascriptEnabled":true,"databaseEnabled":false,"networkConnectionEnabled":true,"locationContextEnabled":false,"warnings":{},"desired":{"platformName":"android","skipDeviceInitialization":true,"skipServerInstallation":false,"app":"./Resources/in.workindia.apk","appActivity":".RegisterActivity","appPackage":"in.workindia.nileshdungarwal.workindiaandroid","platformVersion":"8.1"},"platformName":"android","skipDeviceInitialization":true,"skipServerInstallation":false,"app":"./Resources/in.workindia.apk","appActivity":".RegisterActivity","appPackage":"in.workindia.nileshdungarwal.workindiaandroid","platformVersion":"8.1.0","deviceName":"emulator-5554","deviceUDID":"emulator-5554","deviceApiLevel":27,"deviceScreenSize":"1080x2160","deviceScreenDensity":440,"deviceModel":"Android SDK built for x86","deviceManufacturer":"Google","pixelRatio":2.75,"statBarHeight":66,"viewportRect":{"left":0,"top":66,"width":1080,"height":1962},"lastScrollData":n...
&amp#27;[35m[HTTP]&amp#27;[39m &amp#27;[37m<-- GET /wd/hub/session/f93268b4-2919-4fc5-8680-4b4d0e835fe1 &amp#27;[39m&amp#27;[32m200&amp#27;[39m &amp#27;[90m19 ms - 1035&amp#27;[39m
&amp#27;[35m[HTTP]&amp#27;[39m &amp#27;[90m&amp#27;[39m
&amp#27;[35m[HTTP]&amp#27;[39m &amp#27;[37m-->&amp#27;[39m &amp#27;[37mGET&amp#27;[39m &amp#27;[37m/wd/hub/session/f93268b4-2919-4fc5-8680-4b4d0e835fe1/window/rect&amp#27;[39m
&amp#27;[35m[HTTP]&amp#27;[39m &amp#27;[90m{}&amp#27;[39m
[debug] &amp#27;[35m[W3C (f93268b4)]&amp#27;[39m Calling AppiumDriver.getWindowRect() with args: ["f93268b4-2919-4fc5-8680-4b4d0e835fe1"]
[debug] &amp#27;[35m[WD Proxy]&amp#27;[39m Matched '/window/current/size' to command name 'getWindowSize'
[debug] &amp#27;[35m[WD Proxy]&amp#27;[39m Proxying [GET /window/current/size] to [GET http://127.0.0.1:8200/wd/hub/session/c0327d69-2521-479e-82fc-9dc670cc62df/window/current/size] with no body
[debug] &amp#27;[35m[WD Proxy]&amp#27;[39m Got response with status 200: {"sessionId":"c0327d69-2521-479e-82fc-9dc670cc62df","value":{"height":2028,"width":1080}}
[debug] &amp#27;[35m[W3C (f93268b4)]&amp#27;[39m Responding to client with driver.getWindowRect() result: {"width":1080,"height":2028,"x":0,"y":0}
&amp#27;[35m[HTTP]&amp#27;[39m &amp#27;[37m<-- GET /wd/hub/session/f93268b4-2919-4fc5-8680-4b4d0e835fe1/window/rect &amp#27;[39m&amp#27;[32m200&amp#27;[39m &amp#27;[90m17 ms - 50&amp#27;[39m
&amp#27;[35m[HTTP]&amp#27;[39m &amp#27;[90m&amp#27;[39m
&amp#27;[35m[HTTP]&amp#27;[39m &amp#27;[37m-->&amp#27;[39m &amp#27;[37mPOST&amp#27;[39m &amp#27;[37m/wd/hub/session/f93268b4-2919-4fc5-8680-4b4d0e835fe1/touch/perform&amp#27;[39m
&amp#27;[35m[HTTP]&amp#27;[39m &amp#27;[90m{"actions":[{"action":"press","options":{"x":540,"y":1419}},{"action":"wait","options":{"ms":1000}},{"action":"moveTo","options":{"x":540,"y":202}},{"action":"release","options":{}}]}&amp#27;[39m
[debug] &amp#27;[35m[W3C (f93268b4)]&amp#27;[39m Calling AppiumDriver.performTouch() with args: [[{"action":"press","options":{"x":540,"y":1419}},{"action":"wait","options":{"ms":1000}},{"action":"moveTo","options":{"x":540,"y":202}},{"action":"release","options":{}}],"f93268b4-2919-4fc5-8680-4b4d0e835fe1"]
[debug] &amp#27;[35m[WD Proxy]&amp#27;[39m Matched '/touch/perform' to command name 'performTouch'
[debug] &amp#27;[35m[WD Proxy]&amp#27;[39m Proxying [POST /touch/perform] to [POST http://127.0.0.1:8200/wd/hub/session/c0327d69-2521-479e-82fc-9dc670cc62df/touch/perform] with body: {"startX":540,"startY":1419,"endX":540,"endY":202,"steps":28}
[debug] &amp#27;[35m[WD Proxy]&amp#27;[39m Got response with status 200: {"sessionId":"c0327d69-2521-479e-82fc-9dc670cc62df","value":null}
[debug] &amp#27;[35m[W3C (f93268b4)]&amp#27;[39m Responding to client with driver.performTouch() result: null
&amp#27;[35m[HTTP]&amp#27;[39m &amp#27;[37m<-- POST /wd/hub/session/f93268b4-2919-4fc5-8680-4b4d0e835fe1/touch/perform &amp#27;[39m&amp#27;[32m200&amp#27;[39m &amp#27;[90m1477 ms - 14&amp#27;[39m
&amp#27;[35m[HTTP]&amp#27;[39m &amp#27;[90m&amp#27;[39m
&amp#27;[35m[HTTP]&amp#27;[39m &amp#27;[37m-->&amp#27;[39m &amp#27;[37mPOST&amp#27;[39m &amp#27;[37m/wd/hub/session/f93268b4-2919-4fc5-8680-4b4d0e835fe1/timeouts&amp#27;[39m
&amp#27;[35m[HTTP]&amp#27;[39m &amp#27;[90m{"implicit":50000}&amp#27;[39m
[debug] &amp#27;[35m[W3C (f93268b4)]&amp#27;[39m Calling AppiumDriver.timeouts() with args: [null,null,null,null,50000,"f93268b4-2919-4fc5-8680-4b4d0e835fe1"]
[debug] &amp#27;[35m[BaseDriver]&amp#27;[39m W3C timeout argument: {"implicit":50000}}
[debug] &amp#27;[35m[BaseDriver]&amp#27;[39m Set implicit wait to 50000ms
[debug] &amp#27;[35m[W3C (f93268b4)]&amp#27;[39m Responding to client with driver.timeouts() result: null
&amp#27;[35m[HTTP]&amp#27;[39m &amp#27;[37m<-- POST /wd/hub/session/f93268b4-2919-4fc5-8680-4b4d0e835fe1/timeouts &amp#27;[39m&amp#27;[32m200&amp#27;[39m &amp#27;[90m4 ms - 14&amp#27;[39m
&amp#27;[35m[HTTP]&amp#27;[39m &amp#27;[90m&amp#27;[39m
&amp#27;[35m[HTTP]&amp#27;[39m &amp#27;[37m-->&amp#27;[39m &amp#27;[37mGET&amp#27;[39m &amp#27;[37m/wd/hub/session/f93268b4-2919-4fc5-8680-4b4d0e835fe1&amp#27;[39m
&amp#27;[35m[HTTP]&amp#27;[39m &amp#27;[90m{}&amp#27;[39m
[debug] &amp#27;[35m[W3C (f93268b4)]&amp#27;[39m Calling AppiumDriver.getSession() with args: ["f93268b4-2919-4fc5-8680-4b4d0e835fe1"]
[debug] &amp#27;[35m[UiAutomator2]&amp#27;[39m Getting session details from server to mix in
[debug] &amp#27;[35m[WD Proxy]&amp#27;[39m Matched '/' to command name 'getSession'
[debug] &amp#27;[35m[WD Proxy]&amp#27;[39m Proxying [GET /] to [GET http://127.0.0.1:8200/wd/hub/session/c0327d69-2521-479e-82fc-9dc670cc62df] with no body
[debug] &amp#27;[35m[WD Proxy]&amp#27;[39m Got response with status 200: {"sessionId":"c0327d69-2521-479e-82fc-9dc670cc62df","value":{"lastScrollData":{"toIndex":-1,"maxScrollY":2299,"maxScrollX":0,"scrollY":1563,"scrollX":0,"fromIndex":-1,"itemCount":-1}}}
[debug] &amp#27;[35m[W3C (f93268b4)]&amp#27;[39m Responding to client with driver.getSession() result: {"platform":"LINUX","webStorageEnabled":false,"takesScreenshot":true,"javascriptEnabled":true,"databaseEnabled":false,"networkConnectionEnabled":true,"locationContextEnabled":false,"warnings":{},"desired":{"platformName":"android","skipDeviceInitialization":true,"skipServerInstallation":false,"app":"./Resources/in.workindia.apk","appActivity":".RegisterActivity","appPackage":"in.workindia.nileshdungarwal.workindiaandroid","platformVersion":"8.1"},"platformName":"android","skipDeviceInitialization":true,"skipServerInstallation":false,"app":"./Resources/in.workindia.apk","appActivity":".RegisterActivity","appPackage":"in.workindia.nileshdungarwal.workindiaandroid","platformVersion":"8.1.0","deviceName":"emulator-5554","deviceUDID":"emulator-5554","deviceApiLevel":27,"deviceScreenSize":"1080x2160","deviceScreenDensity":440,"deviceModel":"Android SDK built for x86","deviceManufacturer":"Google","pixelRatio":2.75,"statBarHeight":66,"viewportRect":{"left":0,"top":66,"width":1080,"height":1962},"lastScrollData":{...
&amp#27;[35m[HTTP]&amp#27;[39m &amp#27;[37m<-- GET /wd/hub/session/f93268b4-2919-4fc5-8680-4b4d0e835fe1 &amp#27;[39m&amp#27;[32m200&amp#27;[39m &amp#27;[90m19 ms - 1135&amp#27;[39m
&amp#27;[35m[HTTP]&amp#27;[39m &amp#27;[90m&amp#27;[39m
&amp#27;[35m[HTTP]&amp#27;[39m &amp#27;[37m-->&amp#27;[39m &amp#27;[37mGET&amp#27;[39m &amp#27;[37m/wd/hub/session/f93268b4-2919-4fc5-8680-4b4d0e835fe1&amp#27;[39m
&amp#27;[35m[HTTP]&amp#27;[39m &amp#27;[90m{}&amp#27;[39m
[debug] &amp#27;[35m[W3C (f93268b4)]&amp#27;[39m Calling AppiumDriver.getSession() with args: ["f93268b4-2919-4fc5-8680-4b4d0e835fe1"]
[debug] &amp#27;[35m[UiAutomator2]&amp#27;[39m Getting session details from server to mix in
[debug] &amp#27;[35m[WD Proxy]&amp#27;[39m Matched '/' to command name 'getSession'
[debug] &amp#27;[35m[WD Proxy]&amp#27;[39m Proxying [GET /] to [GET http://127.0.0.1:8200/wd/hub/session/c0327d69-2521-479e-82fc-9dc670cc62df] with no body
[debug] &amp#27;[35m[WD Proxy]&amp#27;[39m Got response with status 200: {"sessionId":"c0327d69-2521-479e-82fc-9dc670cc62df","value":{"lastScrollData":{"toIndex":-1,"maxScrollY":2299,"maxScrollX":0,"scrollY":1563,"scrollX":0,"fromIndex":-1,"itemCount":-1}}}
[debug] &amp#27;[35m[W3C (f93268b4)]&amp#27;[39m Responding to client with driver.getSession() result: {"platform":"LINUX","webStorageEnabled":false,"takesScreenshot":true,"javascriptEnabled":true,"databaseEnabled":false,"networkConnectionEnabled":true,"locationContextEnabled":false,"warnings":{},"desired":{"platformName":"android","skipDeviceInitialization":true,"skipServerInstallation":false,"app":"./Resources/in.workindia.apk","appActivity":".RegisterActivity","appPackage":"in.workindia.nileshdungarwal.workindiaandroid","platformVersion":"8.1"},"platformName":"android","skipDeviceInitialization":true,"skipServerInstallation":false,"app":"./Resources/in.workindia.apk","appActivity":".RegisterActivity","appPackage":"in.workindia.nileshdungarwal.workindiaandroid","platformVersion":"8.1.0","deviceName":"emulator-5554","deviceUDID":"emulator-5554","deviceApiLevel":27,"deviceScreenSize":"1080x2160","deviceScreenDensity":440,"deviceModel":"Android SDK built for x86","deviceManufacturer":"Google","pixelRatio":2.75,"statBarHeight":66,"viewportRect":{"left":0,"top":66,"width":1080,"height":1962},"lastScrollData":{...
&amp#27;[35m[HTTP]&amp#27;[39m &amp#27;[37m<-- GET /wd/hub/session/f93268b4-2919-4fc5-8680-4b4d0e835fe1 &amp#27;[39m&amp#27;[32m200&amp#27;[39m &amp#27;[90m20 ms - 1135&amp#27;[39m
&amp#27;[35m[HTTP]&amp#27;[39m &amp#27;[90m&amp#27;[39m
&amp#27;[35m[HTTP]&amp#27;[39m &amp#27;[37m-->&amp#27;[39m &amp#27;[37mGET&amp#27;[39m &amp#27;[37m/wd/hub/session/f93268b4-2919-4fc5-8680-4b4d0e835fe1&amp#27;[39m
&amp#27;[35m[HTTP]&amp#27;[39m &amp#27;[90m{}&amp#27;[39m
[debug] &amp#27;[35m[W3C (f93268b4)]&amp#27;[39m Calling AppiumDriver.getSession() with args: ["f93268b4-2919-4fc5-8680-4b4d0e835fe1"]
[debug] &amp#27;[35m[UiAutomator2]&amp#27;[39m Getting session details from server to mix in
[debug] &amp#27;[35m[WD Proxy]&amp#27;[39m Matched '/' to command name 'getSession'
[debug] &amp#27;[35m[WD Proxy]&amp#27;[39m Proxying [GET /] to [GET http://127.0.0.1:8200/wd/hub/session/c0327d69-2521-479e-82fc-9dc670cc62df] with no body
[debug] &amp#27;[35m[WD Proxy]&amp#27;[39m Got response with status 200: {"sessionId":"c0327d69-2521-479e-82fc-9dc670cc62df","value":{"lastScrollData":{"toIndex":-1,"maxScrollY":2299,"maxScrollX":0,"scrollY":1563,"scrollX":0,"fromIndex":-1,"itemCount":-1}}}
[debug] &amp#27;[35m[W3C (f93268b4)]&amp#27;[39m Responding to client with driver.getSession() result: {"platform":"LINUX","webStorageEnabled":false,"takesScreenshot":true,"javascriptEnabled":true,"databaseEnabled":false,"networkConnectionEnabled":true,"locationContextEnabled":false,"warnings":{},"desired":{"platformName":"android","skipDeviceInitialization":true,"skipServerInstallation":false,"app":"./Resources/in.workindia.apk","appActivity":".RegisterActivity","appPackage":"in.workindia.nileshdungarwal.workindiaandroid","platformVersion":"8.1"},"platformName":"android","skipDeviceInitialization":true,"skipServerInstallation":false,"app":"./Resources/in.workindia.apk","appActivity":".RegisterActivity","appPackage":"in.workindia.nileshdungarwal.workindiaandroid","platformVersion":"8.1.0","deviceName":"emulator-5554","deviceUDID":"emulator-5554","deviceApiLevel":27,"deviceScreenSize":"1080x2160","deviceScreenDensity":440,"deviceModel":"Android SDK built for x86","deviceManufacturer":"Google","pixelRatio":2.75,"statBarHeight":66,"viewportRect":{"left":0,"top":66,"width":1080,"height":1962},"lastScrollData":{...
&amp#27;[35m[HTTP]&amp#27;[39m &amp#27;[37m<-- GET /wd/hub/session/f93268b4-2919-4fc5-8680-4b4d0e835fe1 &amp#27;[39m&amp#27;[32m200&amp#27;[39m &amp#27;[90m18 ms - 1135&amp#27;[39m
&amp#27;[35m[HTTP]&amp#27;[39m &amp#27;[90m&amp#27;[39m
&amp#27;[35m[HTTP]&amp#27;[39m &amp#27;[37m-->&amp#27;[39m &amp#27;[37mPOST&amp#27;[39m &amp#27;[37m/wd/hub/session/f93268b4-2919-4fc5-8680-4b4d0e835fe1/element&amp#27;[39m
&amp#27;[35m[HTTP]&amp#27;[39m &amp#27;[90m{"using":"id","value":"in.workindia.nileshdungarwal.workindiaandroid:id/cb_fresher"}&amp#27;[39m
[debug] &amp#27;[35m[W3C (f93268b4)]&amp#27;[39m Calling AppiumDriver.findElement() with args: ["id","in.workindia.nileshdungarwal.workindiaandroid:id/cb_fresher","f93268b4-2919-4fc5-8680-4b4d0e835fe1"]
[debug] &amp#27;[35m[BaseDriver]&amp#27;[39m Valid locator strategies for this request: xpath, id, class name, accessibility id, css selector, -android uiautomator
[debug] &amp#27;[35m[BaseDriver]&amp#27;[39m Waiting up to 50000 ms for condition
[debug] &amp#27;[35m[WD Proxy]&amp#27;[39m Matched '/element' to command name 'findElement'
[debug] &amp#27;[35m[WD Proxy]&amp#27;[39m Proxying [POST /element] to [POST http://127.0.0.1:8200/wd/hub/session/c0327d69-2521-479e-82fc-9dc670cc62df/element] with body: {"strategy":"id","selector":"in.workindia.nileshdungarwal.workindiaandroid:id/cb_fresher","context":"","multiple":false}
[debug] &amp#27;[35m[WD Proxy]&amp#27;[39m Got response with status 200: {"sessionId":"c0327d69-2521-479e-82fc-9dc670cc62df","value":{"ELEMENT":"1ad81b05-a36c-4144-9be6-5963509b451a","element-6066-11e4-a52e-4f735466cecf":"1ad81b05-a36c-4144-9be6-5963509b451a"}}
[debug] &amp#27;[35m[W3C (f93268b4)]&amp#27;[39m Responding to client with driver.findElement() result: {"element-6066-11e4-a52e-4f735466cecf":"1ad81b05-a36c-4144-9be6-5963509b451a","ELEMENT":"1ad81b05-a36c-4144-9be6-5963509b451a"}
&amp#27;[35m[HTTP]&amp#27;[39m &amp#27;[37m<-- POST /wd/hub/session/f93268b4-2919-4fc5-8680-4b4d0e835fe1/element &amp#27;[39m&amp#27;[32m200&amp#27;[39m &amp#27;[90m332 ms - 137&amp#27;[39m
&amp#27;[35m[HTTP]&amp#27;[39m &amp#27;[90m&amp#27;[39m
&amp#27;[35m[HTTP]&amp#27;[39m &amp#27;[37m-->&amp#27;[39m &amp#27;[37mPOST&amp#27;[39m &amp#27;[37m/wd/hub/session/f93268b4-2919-4fc5-8680-4b4d0e835fe1/element/1ad81b05-a36c-4144-9be6-5963509b451a/click&amp#27;[39m
&amp#27;[35m[HTTP]&amp#27;[39m &amp#27;[90m{"id":"1ad81b05-a36c-4144-9be6-5963509b451a"}&amp#27;[39m
[debug] &amp#27;[35m[W3C (f93268b4)]&amp#27;[39m Calling AppiumDriver.click() with args: ["1ad81b05-a36c-4144-9be6-5963509b451a","f93268b4-2919-4fc5-8680-4b4d0e835fe1"]
[debug] &amp#27;[35m[WD Proxy]&amp#27;[39m Matched '/element/1ad81b05-a36c-4144-9be6-5963509b451a/click' to command name 'click'
[debug] &amp#27;[35m[WD Proxy]&amp#27;[39m Proxying [POST /element/1ad81b05-a36c-4144-9be6-5963509b451a/click] to [POST http://127.0.0.1:8200/wd/hub/session/c0327d69-2521-479e-82fc-9dc670cc62df/element/1ad81b05-a36c-4144-9be6-5963509b451a/click] with body: {"element":"1ad81b05-a36c-4144-9be6-5963509b451a"}
[debug] &amp#27;[35m[WD Proxy]&amp#27;[39m Got response with status 200: {"sessionId":"c0327d69-2521-479e-82fc-9dc670cc62df","value":null}
[debug] &amp#27;[35m[W3C (f93268b4)]&amp#27;[39m Responding to client with driver.click() result: null
&amp#27;[35m[HTTP]&amp#27;[39m &amp#27;[37m<-- POST /wd/hub/session/f93268b4-2919-4fc5-8680-4b4d0e835fe1/element/1ad81b05-a36c-4144-9be6-5963509b451a/click &amp#27;[39m&amp#27;[32m200&amp#27;[39m &amp#27;[90m37 ms - 14&amp#27;[39m
&amp#27;[35m[HTTP]&amp#27;[39m &amp#27;[90m&amp#27;[39m
&amp#27;[35m[HTTP]&amp#27;[39m &amp#27;[37m-->&amp#27;[39m &amp#27;[37mGET&amp#27;[39m &amp#27;[37m/wd/hub/session/f93268b4-2919-4fc5-8680-4b4d0e835fe1&amp#27;[39m
&amp#27;[35m[HTTP]&amp#27;[39m &amp#27;[90m{}&amp#27;[39m
[debug] &amp#27;[35m[W3C (f93268b4)]&amp#27;[39m Calling AppiumDriver.getSession() with args: ["f93268b4-2919-4fc5-8680-4b4d0e835fe1"]
[debug] &amp#27;[35m[UiAutomator2]&amp#27;[39m Getting session details from server to mix in
[debug] &amp#27;[35m[WD Proxy]&amp#27;[39m Matched '/' to command name 'getSession'
[debug] &amp#27;[35m[WD Proxy]&amp#27;[39m Proxying [GET /] to [GET http://127.0.0.1:8200/wd/hub/session/c0327d69-2521-479e-82fc-9dc670cc62df] with no body
[debug] &amp#27;[35m[WD Proxy]&amp#27;[39m Got response with status 200: {"sessionId":"c0327d69-2521-479e-82fc-9dc670cc62df","value":{"lastScrollData":{"toIndex":-1,"maxScrollY":2299,"maxScrollX":0,"scrollY":1563,"scrollX":0,"fromIndex":-1,"itemCount":-1}}}
[debug] &amp#27;[35m[W3C (f93268b4)]&amp#27;[39m Responding to client with driver.getSession() result: {"platform":"LINUX","webStorageEnabled":false,"takesScreenshot":true,"javascriptEnabled":true,"databaseEnabled":false,"networkConnectionEnabled":true,"locationContextEnabled":false,"warnings":{},"desired":{"platformName":"android","skipDeviceInitialization":true,"skipServerInstallation":false,"app":"./Resources/in.workindia.apk","appActivity":".RegisterActivity","appPackage":"in.workindia.nileshdungarwal.workindiaandroid","platformVersion":"8.1"},"platformName":"android","skipDeviceInitialization":true,"skipServerInstallation":false,"app":"./Resources/in.workindia.apk","appActivity":".RegisterActivity","appPackage":"in.workindia.nileshdungarwal.workindiaandroid","platformVersion":"8.1.0","deviceName":"emulator-5554","deviceUDID":"emulator-5554","deviceApiLevel":27,"deviceScreenSize":"1080x2160","deviceScreenDensity":440,"deviceModel":"Android SDK built for x86","deviceManufacturer":"Google","pixelRatio":2.75,"statBarHeight":66,"viewportRect":{"left":0,"top":66,"width":1080,"height":1962},"lastScrollData":{...
&amp#27;[35m[HTTP]&amp#27;[39m &amp#27;[37m<-- GET /wd/hub/session/f93268b4-2919-4fc5-8680-4b4d0e835fe1 &amp#27;[39m&amp#27;[32m200&amp#27;[39m &amp#27;[90m15 ms - 1135&amp#27;[39m
&amp#27;[35m[HTTP]&amp#27;[39m &amp#27;[90m&amp#27;[39m
&amp#27;[35m[HTTP]&amp#27;[39m &amp#27;[37m-->&amp#27;[39m &amp#27;[37mPOST&amp#27;[39m &amp#27;[37m/wd/hub/session/f93268b4-2919-4fc5-8680-4b4d0e835fe1/element&amp#27;[39m
&amp#27;[35m[HTTP]&amp#27;[39m &amp#27;[90m{"using":"id","value":"in.workindia.nileshdungarwal.workindiaandroid:id/et_age"}&amp#27;[39m
[debug] &amp#27;[35m[W3C (f93268b4)]&amp#27;[39m Calling AppiumDriver.findElement() with args: ["id","in.workindia.nileshdungarwal.workindiaandroid:id/et_age","f93268b4-2919-4fc5-8680-4b4d0e835fe1"]
[debug] &amp#27;[35m[BaseDriver]&amp#27;[39m Valid locator strategies for this request: xpath, id, class name, accessibility id, css selector, -android uiautomator
[debug] &amp#27;[35m[BaseDriver]&amp#27;[39m Waiting up to 50000 ms for condition
[debug] &amp#27;[35m[WD Proxy]&amp#27;[39m Matched '/element' to command name 'findElement'
[debug] &amp#27;[35m[WD Proxy]&amp#27;[39m Proxying [POST /element] to [POST http://127.0.0.1:8200/wd/hub/session/c0327d69-2521-479e-82fc-9dc670cc62df/element] with body: {"strategy":"id","selector":"in.workindia.nileshdungarwal.workindiaandroid:id/et_age","context":"","multiple":false}
[debug] &amp#27;[35m[WD Proxy]&amp#27;[39m Got response with status 200: {"sessionId":"c0327d69-2521-479e-82fc-9dc670cc62df","value":{"ELEMENT":"e56aeee1-f200-4736-b6e5-37993035be0d","element-6066-11e4-a52e-4f735466cecf":"e56aeee1-f200-4736-b6e5-37993035be0d"}}
[debug] &amp#27;[35m[W3C (f93268b4)]&amp#27;[39m Responding to client with driver.findElement() result: {"element-6066-11e4-a52e-4f735466cecf":"e56aeee1-f200-4736-b6e5-37993035be0d","ELEMENT":"e56aeee1-f200-4736-b6e5-37993035be0d"}
&amp#27;[35m[HTTP]&amp#27;[39m &amp#27;[37m<-- POST /wd/hub/session/f93268b4-2919-4fc5-8680-4b4d0e835fe1/element &amp#27;[39m&amp#27;[32m200&amp#27;[39m &amp#27;[90m496 ms - 137&amp#27;[39m
&amp#27;[35m[HTTP]&amp#27;[39m &amp#27;[90m&amp#27;[39m
&amp#27;[35m[HTTP]&amp#27;[39m &amp#27;[37m-->&amp#27;[39m &amp#27;[37mPOST&amp#27;[39m &amp#27;[37m/wd/hub/session/f93268b4-2919-4fc5-8680-4b4d0e835fe1/element/e56aeee1-f200-4736-b6e5-37993035be0d/click&amp#27;[39m
&amp#27;[35m[HTTP]&amp#27;[39m &amp#27;[90m{"id":"e56aeee1-f200-4736-b6e5-37993035be0d"}&amp#27;[39m
[debug] &amp#27;[35m[W3C (f93268b4)]&amp#27;[39m Calling AppiumDriver.click() with args: ["e56aeee1-f200-4736-b6e5-37993035be0d","f93268b4-2919-4fc5-8680-4b4d0e835fe1"]
[debug] &amp#27;[35m[WD Proxy]&amp#27;[39m Matched '/element/e56aeee1-f200-4736-b6e5-37993035be0d/click' to command name 'click'
[debug] &amp#27;[35m[WD Proxy]&amp#27;[39m Proxying [POST /element/e56aeee1-f200-4736-b6e5-37993035be0d/click] to [POST http://127.0.0.1:8200/wd/hub/session/c0327d69-2521-479e-82fc-9dc670cc62df/element/e56aeee1-f200-4736-b6e5-37993035be0d/click] with body: {"element":"e56aeee1-f200-4736-b6e5-37993035be0d"}
[debug] &amp#27;[35m[WD Proxy]&amp#27;[39m Got response with status 200: {"sessionId":"c0327d69-2521-479e-82fc-9dc670cc62df","value":null}
[debug] &amp#27;[35m[W3C (f93268b4)]&amp#27;[39m Responding to client with driver.click() result: null
&amp#27;[35m[HTTP]&amp#27;[39m &amp#27;[37m<-- POST /wd/hub/session/f93268b4-2919-4fc5-8680-4b4d0e835fe1/element/e56aeee1-f200-4736-b6e5-37993035be0d/click &amp#27;[39m&amp#27;[32m200&amp#27;[39m &amp#27;[90m23 ms - 14&amp#27;[39m
&amp#27;[35m[HTTP]&amp#27;[39m &amp#27;[90m&amp#27;[39m
&amp#27;[35m[HTTP]&amp#27;[39m &amp#27;[37m-->&amp#27;[39m &amp#27;[37mGET&amp#27;[39m &amp#27;[37m/wd/hub/session/f93268b4-2919-4fc5-8680-4b4d0e835fe1&amp#27;[39m
&amp#27;[35m[HTTP]&amp#27;[39m &amp#27;[90m{}&amp#27;[39m
[debug] &amp#27;[35m[W3C (f93268b4)]&amp#27;[39m Calling AppiumDriver.getSession() with args: ["f93268b4-2919-4fc5-8680-4b4d0e835fe1"]
[debug] &amp#27;[35m[UiAutomator2]&amp#27;[39m Getting session details from server to mix in
[debug] &amp#27;[35m[WD Proxy]&amp#27;[39m Matched '/' to command name 'getSession'
[debug] &amp#27;[35m[WD Proxy]&amp#27;[39m Proxying [GET /] to [GET http://127.0.0.1:8200/wd/hub/session/c0327d69-2521-479e-82fc-9dc670cc62df] with no body
[debug] &amp#27;[35m[WD Proxy]&amp#27;[39m Got response with status 200: {"sessionId":"c0327d69-2521-479e-82fc-9dc670cc62df","value":{"lastScrollData":{"toIndex":-1,"maxScrollY":2299,"maxScrollX":0,"scrollY":1563,"scrollX":0,"fromIndex":-1,"itemCount":-1}}}
[debug] &amp#27;[35m[W3C (f93268b4)]&amp#27;[39m Responding to client with driver.getSession() result: {"platform":"LINUX","webStorageEnabled":false,"takesScreenshot":true,"javascriptEnabled":true,"databaseEnabled":false,"networkConnectionEnabled":true,"locationContextEnabled":false,"warnings":{},"desired":{"platformName":"android","skipDeviceInitialization":true,"skipServerInstallation":false,"app":"./Resources/in.workindia.apk","appActivity":".RegisterActivity","appPackage":"in.workindia.nileshdungarwal.workindiaandroid","platformVersion":"8.1"},"platformName":"android","skipDeviceInitialization":true,"skipServerInstallation":false,"app":"./Resources/in.workindia.apk","appActivity":".RegisterActivity","appPackage":"in.workindia.nileshdungarwal.workindiaandroid","platformVersion":"8.1.0","deviceName":"emulator-5554","deviceUDID":"emulator-5554","deviceApiLevel":27,"deviceScreenSize":"1080x2160","deviceScreenDensity":440,"deviceModel":"Android SDK built for x86","deviceManufacturer":"Google","pixelRatio":2.75,"statBarHeight":66,"viewportRect":{"left":0,"top":66,"width":1080,"height":1962},"lastScrollData":{...
&amp#27;[35m[HTTP]&amp#27;[39m &amp#27;[37m<-- GET /wd/hub/session/f93268b4-2919-4fc5-8680-4b4d0e835fe1 &amp#27;[39m&amp#27;[32m200&amp#27;[39m &amp#27;[90m11 ms - 1135&amp#27;[39m
&amp#27;[35m[HTTP]&amp#27;[39m &amp#27;[90m&amp#27;[39m
&amp#27;[35m[HTTP]&amp#27;[39m &amp#27;[37m-->&amp#27;[39m &amp#27;[37mPOST&amp#27;[39m &amp#27;[37m/wd/hub/session/f93268b4-2919-4fc5-8680-4b4d0e835fe1/element&amp#27;[39m
&amp#27;[35m[HTTP]&amp#27;[39m &amp#27;[90m{"using":"xpath","value":"//android.widget.TextView[9]"}&amp#27;[39m
[debug] &amp#27;[35m[W3C (f93268b4)]&amp#27;[39m Calling AppiumDriver.findElement() with args: ["xpath","//android.widget.TextView[9]","f93268b4-2919-4fc5-8680-4b4d0e835fe1"]
[debug] &amp#27;[35m[BaseDriver]&amp#27;[39m Valid locator strategies for this request: xpath, id, class name, accessibility id, css selector, -android uiautomator
[debug] &amp#27;[35m[BaseDriver]&amp#27;[39m Waiting up to 50000 ms for condition
[debug] &amp#27;[35m[WD Proxy]&amp#27;[39m Matched '/element' to command name 'findElement'
[debug] &amp#27;[35m[WD Proxy]&amp#27;[39m Proxying [POST /element] to [POST http://127.0.0.1:8200/wd/hub/session/c0327d69-2521-479e-82fc-9dc670cc62df/element] with body: {"strategy":"xpath","selector":"//android.widget.TextView[9]","context":"","multiple":false}
&amp#27;[35m[WD Proxy]&amp#27;[39m Got response with status 404: {"sessionId":"c0327d69-2521-479e-82fc-9dc670cc62df","value":{"error":"no such element","message":"An element could not be located on the page using the given search parameters","stacktrace":"io.appium.uiautomator2.common.exceptions.ElementNotFoundException: An element could not be located on the page using the given search parameters\n\tat io.appium.uiautomator2.handler.FindElement.findElement(FindElement.java:96)\n\tat io.appium.uiautomator2.handler.FindElement.safeHandle(FindElement.java:71)\n\tat io.appium.uiautomator2.handler.request.SafeRequestHandler.handle(SafeRequestHandler.java:41)\n\tat io.appium.uiautomator2.server.AppiumServlet.handleRequest(AppiumServlet.java:261)\n\tat io.appium.uiautomator2.server.AppiumServlet.handleHttpRequest(AppiumServlet.java:255)\n\tat io.appium.uiautomator2.http.ServerHandler.channelRead(ServerHandler.java:68)\n\tat io.netty.channel.AbstractChannelHandlerContext.invokeChannelRead(AbstractChannelHandlerContext.java:366)\n\tat io.netty.channel.AbstractChannelHandlerCont...
[debug] &amp#27;[35m[W3C]&amp#27;[39m Matched W3C error code 'no such element' to NoSuchElementError
[debug] &amp#27;[35m[BaseDriver]&amp#27;[39m Waited for 358 ms so far
[debug] &amp#27;[35m[WD Proxy]&amp#27;[39m Matched '/element' to command name 'findElement'
[debug] &amp#27;[35m[WD Proxy]&amp#27;[39m Proxying [POST /element] to [POST http://127.0.0.1:8200/wd/hub/session/c0327d69-2521-479e-82fc-9dc670cc62df/element] with body: {"strategy":"xpath","selector":"//android.widget.TextView[9]","context":"","multiple":false}
[debug] &amp#27;[35m[WD Proxy]&amp#27;[39m Got response with status 200: {"sessionId":"c0327d69-2521-479e-82fc-9dc670cc62df","value":{"ELEMENT":"fcc5d07d-fe7a-4b9f-9488-9fd7b070ac01","element-6066-11e4-a52e-4f735466cecf":"fcc5d07d-fe7a-4b9f-9488-9fd7b070ac01"}}
[debug] &amp#27;[35m[W3C (f93268b4)]&amp#27;[39m Responding to client with driver.findElement() result: {"element-6066-11e4-a52e-4f735466cecf":"fcc5d07d-fe7a-4b9f-9488-9fd7b070ac01","ELEMENT":"fcc5d07d-fe7a-4b9f-9488-9fd7b070ac01"}
&amp#27;[35m[HTTP]&amp#27;[39m &amp#27;[37m<-- POST /wd/hub/session/f93268b4-2919-4fc5-8680-4b4d0e835fe1/element &amp#27;[39m&amp#27;[32m200&amp#27;[39m &amp#27;[90m1158 ms - 137&amp#27;[39m
&amp#27;[35m[HTTP]&amp#27;[39m &amp#27;[90m&amp#27;[39m
&amp#27;[35m[HTTP]&amp#27;[39m &amp#27;[37m-->&amp#27;[39m &amp#27;[37mPOST&amp#27;[39m &amp#27;[37m/wd/hub/session/f93268b4-2919-4fc5-8680-4b4d0e835fe1/element/fcc5d07d-fe7a-4b9f-9488-9fd7b070ac01/click&amp#27;[39m
&amp#27;[35m[HTTP]&amp#27;[39m &amp#27;[90m{"id":"fcc5d07d-fe7a-4b9f-9488-9fd7b070ac01"}&amp#27;[39m
[debug] &amp#27;[35m[W3C (f93268b4)]&amp#27;[39m Calling AppiumDriver.click() with args: ["fcc5d07d-fe7a-4b9f-9488-9fd7b070ac01","f93268b4-2919-4fc5-8680-4b4d0e835fe1"]
[debug] &amp#27;[35m[WD Proxy]&amp#27;[39m Matched '/element/fcc5d07d-fe7a-4b9f-9488-9fd7b070ac01/click' to command name 'click'
[debug] &amp#27;[35m[WD Proxy]&amp#27;[39m Proxying [POST /element/fcc5d07d-fe7a-4b9f-9488-9fd7b070ac01/click] to [POST http://127.0.0.1:8200/wd/hub/session/c0327d69-2521-479e-82fc-9dc670cc62df/element/fcc5d07d-fe7a-4b9f-9488-9fd7b070ac01/click] with body: {"element":"fcc5d07d-fe7a-4b9f-9488-9fd7b070ac01"}
[debug] &amp#27;[35m[WD Proxy]&amp#27;[39m Got response with status 200: {"sessionId":"c0327d69-2521-479e-82fc-9dc670cc62df","value":null}
[debug] &amp#27;[35m[W3C (f93268b4)]&amp#27;[39m Responding to client with driver.click() result: null
&amp#27;[35m[HTTP]&amp#27;[39m &amp#27;[37m<-- POST /wd/hub/session/f93268b4-2919-4fc5-8680-4b4d0e835fe1/element/fcc5d07d-fe7a-4b9f-9488-9fd7b070ac01/click &amp#27;[39m&amp#27;[32m200&amp#27;[39m &amp#27;[90m22 ms - 14&amp#27;[39m
&amp#27;[35m[HTTP]&amp#27;[39m &amp#27;[90m&amp#27;[39m
&amp#27;[35m[HTTP]&amp#27;[39m &amp#27;[37m-->&amp#27;[39m &amp#27;[37mGET&amp#27;[39m &amp#27;[37m/wd/hub/session/f93268b4-2919-4fc5-8680-4b4d0e835fe1&amp#27;[39m
&amp#27;[35m[HTTP]&amp#27;[39m &amp#27;[90m{}&amp#27;[39m
[debug] &amp#27;[35m[W3C (f93268b4)]&amp#27;[39m Calling AppiumDriver.getSession() with args: ["f93268b4-2919-4fc5-8680-4b4d0e835fe1"]
[debug] &amp#27;[35m[UiAutomator2]&amp#27;[39m Getting session details from server to mix in
[debug] &amp#27;[35m[WD Proxy]&amp#27;[39m Matched '/' to command name 'getSession'
[debug] &amp#27;[35m[WD Proxy]&amp#27;[39m Proxying [GET /] to [GET http://127.0.0.1:8200/wd/hub/session/c0327d69-2521-479e-82fc-9dc670cc62df] with no body
[debug] &amp#27;[35m[WD Proxy]&amp#27;[39m Got response with status 200: {"sessionId":"c0327d69-2521-479e-82fc-9dc670cc62df","value":{"lastScrollData":{"toIndex":-1,"maxScrollY":2299,"maxScrollX":0,"scrollY":1563,"scrollX":0,"fromIndex":-1,"itemCount":-1}}}
[debug] &amp#27;[35m[W3C (f93268b4)]&amp#27;[39m Responding to client with driver.getSession() result: {"platform":"LINUX","webStorageEnabled":false,"takesScreenshot":true,"javascriptEnabled":true,"databaseEnabled":false,"networkConnectionEnabled":true,"locationContextEnabled":false,"warnings":{},"desired":{"platformName":"android","skipDeviceInitialization":true,"skipServerInstallation":false,"app":"./Resources/in.workindia.apk","appActivity":".RegisterActivity","appPackage":"in.workindia.nileshdungarwal.workindiaandroid","platformVersion":"8.1"},"platformName":"android","skipDeviceInitialization":true,"skipServerInstallation":false,"app":"./Resources/in.workindia.apk","appActivity":".RegisterActivity","appPackage":"in.workindia.nileshdungarwal.workindiaandroid","platformVersion":"8.1.0","deviceName":"emulator-5554","deviceUDID":"emulator-5554","deviceApiLevel":27,"deviceScreenSize":"1080x2160","deviceScreenDensity":440,"deviceModel":"Android SDK built for x86","deviceManufacturer":"Google","pixelRatio":2.75,"statBarHeight":66,"viewportRect":{"left":0,"top":66,"width":1080,"height":1962},"lastScrollData":{...
&amp#27;[35m[HTTP]&amp#27;[39m &amp#27;[37m<-- GET /wd/hub/session/f93268b4-2919-4fc5-8680-4b4d0e835fe1 &amp#27;[39m&amp#27;[32m200&amp#27;[39m &amp#27;[90m9 ms - 1135&amp#27;[39m
&amp#27;[35m[HTTP]&amp#27;[39m &amp#27;[90m&amp#27;[39m
&amp#27;[35m[HTTP]&amp#27;[39m &amp#27;[37m-->&amp#27;[39m &amp#27;[37mPOST&amp#27;[39m &amp#27;[37m/wd/hub/session/f93268b4-2919-4fc5-8680-4b4d0e835fe1/element&amp#27;[39m
&amp#27;[35m[HTTP]&amp#27;[39m &amp#27;[90m{"using":"xpath","value":"//android.widget.FrameLayout[1]/android.widget.CheckBox"}&amp#27;[39m
[debug] &amp#27;[35m[W3C (f93268b4)]&amp#27;[39m Calling AppiumDriver.findElement() with args: ["xpath","//android.widget.FrameLayout[1]/android.widget.CheckBox","f93268b4-2919-4fc5-8680-4b4d0e835fe1"]
[debug] &amp#27;[35m[BaseDriver]&amp#27;[39m Valid locator strategies for this request: xpath, id, class name, accessibility id, css selector, -android uiautomator
[debug] &amp#27;[35m[BaseDriver]&amp#27;[39m Waiting up to 50000 ms for condition
[debug] &amp#27;[35m[WD Proxy]&amp#27;[39m Matched '/element' to command name 'findElement'
[debug] &amp#27;[35m[WD Proxy]&amp#27;[39m Proxying [POST /element] to [POST http://127.0.0.1:8200/wd/hub/session/c0327d69-2521-479e-82fc-9dc670cc62df/element] with body: {"strategy":"xpath","selector":"//android.widget.FrameLayout[1]/android.widget.CheckBox","context":"","multiple":false}
[debug] &amp#27;[35m[WD Proxy]&amp#27;[39m Got response with status 200: {"sessionId":"c0327d69-2521-479e-82fc-9dc670cc62df","value":{"ELEMENT":"3c48473a-75e5-47a8-ad14-d96caf095faa","element-6066-11e4-a52e-4f735466cecf":"3c48473a-75e5-47a8-ad14-d96caf095faa"}}
[debug] &amp#27;[35m[W3C (f93268b4)]&amp#27;[39m Responding to client with driver.findElement() result: {"element-6066-11e4-a52e-4f735466cecf":"3c48473a-75e5-47a8-ad14-d96caf095faa","ELEMENT":"3c48473a-75e5-47a8-ad14-d96caf095faa"}
&amp#27;[35m[HTTP]&amp#27;[39m &amp#27;[37m<-- POST /wd/hub/session/f93268b4-2919-4fc5-8680-4b4d0e835fe1/element &amp#27;[39m&amp#27;[32m200&amp#27;[39m &amp#27;[90m755 ms - 137&amp#27;[39m
&amp#27;[35m[HTTP]&amp#27;[39m &amp#27;[90m&amp#27;[39m
&amp#27;[35m[HTTP]&amp#27;[39m &amp#27;[37m-->&amp#27;[39m &amp#27;[37mPOST&amp#27;[39m &amp#27;[37m/wd/hub/session/f93268b4-2919-4fc5-8680-4b4d0e835fe1/element/3c48473a-75e5-47a8-ad14-d96caf095faa/click&amp#27;[39m
&amp#27;[35m[HTTP]&amp#27;[39m &amp#27;[90m{"id":"3c48473a-75e5-47a8-ad14-d96caf095faa"}&amp#27;[39m
[debug] &amp#27;[35m[W3C (f93268b4)]&amp#27;[39m Calling AppiumDriver.click() with args: ["3c48473a-75e5-47a8-ad14-d96caf095faa","f93268b4-2919-4fc5-8680-4b4d0e835fe1"]
[debug] &amp#27;[35m[WD Proxy]&amp#27;[39m Matched '/element/3c48473a-75e5-47a8-ad14-d96caf095faa/click' to command name 'click'
[debug] &amp#27;[35m[WD Proxy]&amp#27;[39m Proxying [POST /element/3c48473a-75e5-47a8-ad14-d96caf095faa/click] to [POST http://127.0.0.1:8200/wd/hub/session/c0327d69-2521-479e-82fc-9dc670cc62df/element/3c48473a-75e5-47a8-ad14-d96caf095faa/click] with body: {"element":"3c48473a-75e5-47a8-ad14-d96caf095faa"}
[debug] &amp#27;[35m[WD Proxy]&amp#27;[39m Got response with status 200: {"sessionId":"c0327d69-2521-479e-82fc-9dc670cc62df","value":null}
[debug] &amp#27;[35m[W3C (f93268b4)]&amp#27;[39m Responding to client with driver.click() result: null
&amp#27;[35m[HTTP]&amp#27;[39m &amp#27;[37m<-- POST /wd/hub/session/f93268b4-2919-4fc5-8680-4b4d0e835fe1/element/3c48473a-75e5-47a8-ad14-d96caf095faa/click &amp#27;[39m&amp#27;[32m200&amp#27;[39m &amp#27;[90m25 ms - 14&amp#27;[39m
&amp#27;[35m[HTTP]&amp#27;[39m &amp#27;[90m&amp#27;[39m
&amp#27;[35m[HTTP]&amp#27;[39m &amp#27;[37m-->&amp#27;[39m &amp#27;[37mGET&amp#27;[39m &amp#27;[37m/wd/hub/session/f93268b4-2919-4fc5-8680-4b4d0e835fe1&amp#27;[39m
&amp#27;[35m[HTTP]&amp#27;[39m &amp#27;[90m{}&amp#27;[39m
[debug] &amp#27;[35m[W3C (f93268b4)]&amp#27;[39m Calling AppiumDriver.getSession() with args: ["f93268b4-2919-4fc5-8680-4b4d0e835fe1"]
[debug] &amp#27;[35m[UiAutomator2]&amp#27;[39m Getting session details from server to mix in
[debug] &amp#27;[35m[WD Proxy]&amp#27;[39m Matched '/' to command name 'getSession'
[debug] &amp#27;[35m[WD Proxy]&amp#27;[39m Proxying [GET /] to [GET http://127.0.0.1:8200/wd/hub/session/c0327d69-2521-479e-82fc-9dc670cc62df] with no body
[debug] &amp#27;[35m[WD Proxy]&amp#27;[39m Got response with status 200: {"sessionId":"c0327d69-2521-479e-82fc-9dc670cc62df","value":{"lastScrollData":{"toIndex":-1,"maxScrollY":2299,"maxScrollX":0,"scrollY":1563,"scrollX":0,"fromIndex":-1,"itemCount":-1}}}
[debug] &amp#27;[35m[W3C (f93268b4)]&amp#27;[39m Responding to client with driver.getSession() result: {"platform":"LINUX","webStorageEnabled":false,"takesScreenshot":true,"javascriptEnabled":true,"databaseEnabled":false,"networkConnectionEnabled":true,"locationContextEnabled":false,"warnings":{},"desired":{"platformName":"android","skipDeviceInitialization":true,"skipServerInstallation":false,"app":"./Resources/in.workindia.apk","appActivity":".RegisterActivity","appPackage":"in.workindia.nileshdungarwal.workindiaandroid","platformVersion":"8.1"},"platformName":"android","skipDeviceInitialization":true,"skipServerInstallation":false,"app":"./Resources/in.workindia.apk","appActivity":".RegisterActivity","appPackage":"in.workindia.nileshdungarwal.workindiaandroid","platformVersion":"8.1.0","deviceName":"emulator-5554","deviceUDID":"emulator-5554","deviceApiLevel":27,"deviceScreenSize":"1080x2160","deviceScreenDensity":440,"deviceModel":"Android SDK built for x86","deviceManufacturer":"Google","pixelRatio":2.75,"statBarHeight":66,"viewportRect":{"left":0,"top":66,"width":1080,"height":1962},"lastScrollData":{...
&amp#27;[35m[HTTP]&amp#27;[39m &amp#27;[37m<-- GET /wd/hub/session/f93268b4-2919-4fc5-8680-4b4d0e835fe1 &amp#27;[39m&amp#27;[32m200&amp#27;[39m &amp#27;[90m12 ms - 1135&amp#27;[39m
&amp#27;[35m[HTTP]&amp#27;[39m &amp#27;[90m&amp#27;[39m
&amp#27;[35m[HTTP]&amp#27;[39m &amp#27;[37m-->&amp#27;[39m &amp#27;[37mPOST&amp#27;[39m &amp#27;[37m/wd/hub/session/f93268b4-2919-4fc5-8680-4b4d0e835fe1/element&amp#27;[39m
&amp#27;[35m[HTTP]&amp#27;[39m &amp#27;[90m{"using":"xpath","value":"//android.widget.FrameLayout[2]/android.widget.CheckBox"}&amp#27;[39m
[debug] &amp#27;[35m[W3C (f93268b4)]&amp#27;[39m Calling AppiumDriver.findElement() with args: ["xpath","//android.widget.FrameLayout[2]/android.widget.CheckBox","f93268b4-2919-4fc5-8680-4b4d0e835fe1"]
[debug] &amp#27;[35m[BaseDriver]&amp#27;[39m Valid locator strategies for this request: xpath, id, class name, accessibility id, css selector, -android uiautomator
[debug] &amp#27;[35m[BaseDriver]&amp#27;[39m Waiting up to 50000 ms for condition
[debug] &amp#27;[35m[WD Proxy]&amp#27;[39m Matched '/element' to command name 'findElement'
[debug] &amp#27;[35m[WD Proxy]&amp#27;[39m Proxying [POST /element] to [POST http://127.0.0.1:8200/wd/hub/session/c0327d69-2521-479e-82fc-9dc670cc62df/element] with body: {"strategy":"xpath","selector":"//android.widget.FrameLayout[2]/android.widget.CheckBox","context":"","multiple":false}
[debug] &amp#27;[35m[WD Proxy]&amp#27;[39m Got response with status 200: {"sessionId":"c0327d69-2521-479e-82fc-9dc670cc62df","value":{"ELEMENT":"f8f0c207-884c-47f3-b25e-18d0b8c23d67","element-6066-11e4-a52e-4f735466cecf":"f8f0c207-884c-47f3-b25e-18d0b8c23d67"}}
[debug] &amp#27;[35m[W3C (f93268b4)]&amp#27;[39m Responding to client with driver.findElement() result: {"element-6066-11e4-a52e-4f735466cecf":"f8f0c207-884c-47f3-b25e-18d0b8c23d67","ELEMENT":"f8f0c207-884c-47f3-b25e-18d0b8c23d67"}
&amp#27;[35m[HTTP]&amp#27;[39m &amp#27;[37m<-- POST /wd/hub/session/f93268b4-2919-4fc5-8680-4b4d0e835fe1/element &amp#27;[39m&amp#27;[32m200&amp#27;[39m &amp#27;[90m577 ms - 137&amp#27;[39m
&amp#27;[35m[HTTP]&amp#27;[39m &amp#27;[90m&amp#27;[39m
&amp#27;[35m[HTTP]&amp#27;[39m &amp#27;[37m-->&amp#27;[39m &amp#27;[37mPOST&amp#27;[39m &amp#27;[37m/wd/hub/session/f93268b4-2919-4fc5-8680-4b4d0e835fe1/element/f8f0c207-884c-47f3-b25e-18d0b8c23d67/click&amp#27;[39m
&amp#27;[35m[HTTP]&amp#27;[39m &amp#27;[90m{"id":"f8f0c207-884c-47f3-b25e-18d0b8c23d67"}&amp#27;[39m
[debug] &amp#27;[35m[W3C (f93268b4)]&amp#27;[39m Calling AppiumDriver.click() with args: ["f8f0c207-884c-47f3-b25e-18d0b8c23d67","f93268b4-2919-4fc5-8680-4b4d0e835fe1"]
[debug] &amp#27;[35m[WD Proxy]&amp#27;[39m Matched '/element/f8f0c207-884c-47f3-b25e-18d0b8c23d67/click' to command name 'click'
[debug] &amp#27;[35m[WD Proxy]&amp#27;[39m Proxying [POST /element/f8f0c207-884c-47f3-b25e-18d0b8c23d67/click] to [POST http://127.0.0.1:8200/wd/hub/session/c0327d69-2521-479e-82fc-9dc670cc62df/element/f8f0c207-884c-47f3-b25e-18d0b8c23d67/click] with body: {"element":"f8f0c207-884c-47f3-b25e-18d0b8c23d67"}
[debug] &amp#27;[35m[WD Proxy]&amp#27;[39m Got response with status 200: {"sessionId":"c0327d69-2521-479e-82fc-9dc670cc62df","value":null}
[debug] &amp#27;[35m[W3C (f93268b4)]&amp#27;[39m Responding to client with driver.click() result: null
&amp#27;[35m[HTTP]&amp#27;[39m &amp#27;[37m<-- POST /wd/hub/session/f93268b4-2919-4fc5-8680-4b4d0e835fe1/element/f8f0c207-884c-47f3-b25e-18d0b8c23d67/click &amp#27;[39m&amp#27;[32m200&amp#27;[39m &amp#27;[90m21 ms - 14&amp#27;[39m
&amp#27;[35m[HTTP]&amp#27;[39m &amp#27;[90m&amp#27;[39m
&amp#27;[35m[HTTP]&amp#27;[39m &amp#27;[37m-->&amp#27;[39m &amp#27;[37mGET&amp#27;[39m &amp#27;[37m/wd/hub/session/f93268b4-2919-4fc5-8680-4b4d0e835fe1&amp#27;[39m
&amp#27;[35m[HTTP]&amp#27;[39m &amp#27;[90m{}&amp#27;[39m
[debug] &amp#27;[35m[W3C (f93268b4)]&amp#27;[39m Calling AppiumDriver.getSession() with args: ["f93268b4-2919-4fc5-8680-4b4d0e835fe1"]
[debug] &amp#27;[35m[UiAutomator2]&amp#27;[39m Getting session details from server to mix in
[debug] &amp#27;[35m[WD Proxy]&amp#27;[39m Matched '/' to command name 'getSession'
[debug] &amp#27;[35m[WD Proxy]&amp#27;[39m Proxying [GET /] to [GET http://127.0.0.1:8200/wd/hub/session/c0327d69-2521-479e-82fc-9dc670cc62df] with no body
[debug] &amp#27;[35m[WD Proxy]&amp#27;[39m Got response with status 200: {"sessionId":"c0327d69-2521-479e-82fc-9dc670cc62df","value":{"lastScrollData":{"toIndex":-1,"maxScrollY":2299,"maxScrollX":0,"scrollY":1563,"scrollX":0,"fromIndex":-1,"itemCount":-1}}}
[debug] &amp#27;[35m[W3C (f93268b4)]&amp#27;[39m Responding to client with driver.getSession() result: {"platform":"LINUX","webStorageEnabled":false,"takesScreenshot":true,"javascriptEnabled":true,"databaseEnabled":false,"networkConnectionEnabled":true,"locationContextEnabled":false,"warnings":{},"desired":{"platformName":"android","skipDeviceInitialization":true,"skipServerInstallation":false,"app":"./Resources/in.workindia.apk","appActivity":".RegisterActivity","appPackage":"in.workindia.nileshdungarwal.workindiaandroid","platformVersion":"8.1"},"platformName":"android","skipDeviceInitialization":true,"skipServerInstallation":false,"app":"./Resources/in.workindia.apk","appActivity":".RegisterActivity","appPackage":"in.workindia.nileshdungarwal.workindiaandroid","platformVersion":"8.1.0","deviceName":"emulator-5554","deviceUDID":"emulator-5554","deviceApiLevel":27,"deviceScreenSize":"1080x2160","deviceScreenDensity":440,"deviceModel":"Android SDK built for x86","deviceManufacturer":"Google","pixelRatio":2.75,"statBarHeight":66,"viewportRect":{"left":0,"top":66,"width":1080,"height":1962},"lastScrollData":{...
&amp#27;[35m[HTTP]&amp#27;[39m &amp#27;[37m<-- GET /wd/hub/session/f93268b4-2919-4fc5-8680-4b4d0e835fe1 &amp#27;[39m&amp#27;[32m200&amp#27;[39m &amp#27;[90m11 ms - 1135&amp#27;[39m
&amp#27;[35m[HTTP]&amp#27;[39m &amp#27;[90m&amp#27;[39m
&amp#27;[35m[HTTP]&amp#27;[39m &amp#27;[37m-->&amp#27;[39m &amp#27;[37mGET&amp#27;[39m &amp#27;[37m/wd/hub/session/f93268b4-2919-4fc5-8680-4b4d0e835fe1&amp#27;[39m
&amp#27;[35m[HTTP]&amp#27;[39m &amp#27;[90m{}&amp#27;[39m
[debug] &amp#27;[35m[W3C (f93268b4)]&amp#27;[39m Calling AppiumDriver.getSession() with args: ["f93268b4-2919-4fc5-8680-4b4d0e835fe1"]
[debug] &amp#27;[35m[UiAutomator2]&amp#27;[39m Getting session details from server to mix in
[debug] &amp#27;[35m[WD Proxy]&amp#27;[39m Matched '/' to command name 'getSession'
[debug] &amp#27;[35m[WD Proxy]&amp#27;[39m Proxying [GET /] to [GET http://127.0.0.1:8200/wd/hub/session/c0327d69-2521-479e-82fc-9dc670cc62df] with no body
[debug] &amp#27;[35m[WD Proxy]&amp#27;[39m Got response with status 200: {"sessionId":"c0327d69-2521-479e-82fc-9dc670cc62df","value":{"lastScrollData":{"toIndex":-1,"maxScrollY":2299,"maxScrollX":0,"scrollY":1563,"scrollX":0,"fromIndex":-1,"itemCount":-1}}}
[debug] &amp#27;[35m[W3C (f93268b4)]&amp#27;[39m Responding to client with driver.getSession() result: {"platform":"LINUX","webStorageEnabled":false,"takesScreenshot":true,"javascriptEnabled":true,"databaseEnabled":false,"networkConnectionEnabled":true,"locationContextEnabled":false,"warnings":{},"desired":{"platformName":"android","skipDeviceInitialization":true,"skipServerInstallation":false,"app":"./Resources/in.workindia.apk","appActivity":".RegisterActivity","appPackage":"in.workindia.nileshdungarwal.workindiaandroid","platformVersion":"8.1"},"platformName":"android","skipDeviceInitialization":true,"skipServerInstallation":false,"app":"./Resources/in.workindia.apk","appActivity":".RegisterActivity","appPackage":"in.workindia.nileshdungarwal.workindiaandroid","platformVersion":"8.1.0","deviceName":"emulator-5554","deviceUDID":"emulator-5554","deviceApiLevel":27,"deviceScreenSize":"1080x2160","deviceScreenDensity":440,"deviceModel":"Android SDK built for x86","deviceManufacturer":"Google","pixelRatio":2.75,"statBarHeight":66,"viewportRect":{"left":0,"top":66,"width":1080,"height":1962},"lastScrollData":{...
&amp#27;[35m[HTTP]&amp#27;[39m &amp#27;[37m<-- GET /wd/hub/session/f93268b4-2919-4fc5-8680-4b4d0e835fe1 &amp#27;[39m&amp#27;[32m200&amp#27;[39m &amp#27;[90m11 ms - 1135&amp#27;[39m
&amp#27;[35m[HTTP]&amp#27;[39m &amp#27;[90m&amp#27;[39m
&amp#27;[35m[HTTP]&amp#27;[39m &amp#27;[37m-->&amp#27;[39m &amp#27;[37mGET&amp#27;[39m &amp#27;[37m/wd/hub/session/f93268b4-2919-4fc5-8680-4b4d0e835fe1/window/rect&amp#27;[39m
&amp#27;[35m[HTTP]&amp#27;[39m &amp#27;[90m{}&amp#27;[39m
[debug] &amp#27;[35m[W3C (f93268b4)]&amp#27;[39m Calling AppiumDriver.getWindowRect() with args: ["f93268b4-2919-4fc5-8680-4b4d0e835fe1"]
[debug] &amp#27;[35m[WD Proxy]&amp#27;[39m Matched '/window/current/size' to command name 'getWindowSize'
[debug] &amp#27;[35m[WD Proxy]&amp#27;[39m Proxying [GET /window/current/size] to [GET http://127.0.0.1:8200/wd/hub/session/c0327d69-2521-479e-82fc-9dc670cc62df/window/current/size] with no body
[debug] &amp#27;[35m[WD Proxy]&amp#27;[39m Got response with status 200: {"sessionId":"c0327d69-2521-479e-82fc-9dc670cc62df","value":{"height":2028,"width":1080}}
[debug] &amp#27;[35m[W3C (f93268b4)]&amp#27;[39m Responding to client with driver.getWindowRect() result: {"width":1080,"height":2028,"x":0,"y":0}
&amp#27;[35m[HTTP]&amp#27;[39m &amp#27;[37m<-- GET /wd/hub/session/f93268b4-2919-4fc5-8680-4b4d0e835fe1/window/rect &amp#27;[39m&amp#27;[32m200&amp#27;[39m &amp#27;[90m15 ms - 50&amp#27;[39m
&amp#27;[35m[HTTP]&amp#27;[39m &amp#27;[90m&amp#27;[39m
&amp#27;[35m[HTTP]&amp#27;[39m &amp#27;[37m-->&amp#27;[39m &amp#27;[37mPOST&amp#27;[39m &amp#27;[37m/wd/hub/session/f93268b4-2919-4fc5-8680-4b4d0e835fe1/touch/perform&amp#27;[39m
&amp#27;[35m[HTTP]&amp#27;[39m &amp#27;[90m{"actions":[{"action":"press","options":{"x":540,"y":1419}},{"action":"wait","options":{"ms":1000}},{"action":"moveTo","options":{"x":540,"y":202}},{"action":"release","options":{}}]}&amp#27;[39m
[debug] &amp#27;[35m[W3C (f93268b4)]&amp#27;[39m Calling AppiumDriver.performTouch() with args: [[{"action":"press","options":{"x":540,"y":1419}},{"action":"wait","options":{"ms":1000}},{"action":"moveTo","options":{"x":540,"y":202}},{"action":"release","options":{}}],"f93268b4-2919-4fc5-8680-4b4d0e835fe1"]
[debug] &amp#27;[35m[WD Proxy]&amp#27;[39m Matched '/touch/perform' to command name 'performTouch'
[debug] &amp#27;[35m[WD Proxy]&amp#27;[39m Proxying [POST /touch/perform] to [POST http://127.0.0.1:8200/wd/hub/session/c0327d69-2521-479e-82fc-9dc670cc62df/touch/perform] with body: {"startX":540,"startY":1419,"endX":540,"endY":202,"steps":28}
[debug] &amp#27;[35m[WD Proxy]&amp#27;[39m Got response with status 200: {"sessionId":"c0327d69-2521-479e-82fc-9dc670cc62df","value":null}
[debug] &amp#27;[35m[W3C (f93268b4)]&amp#27;[39m Responding to client with driver.performTouch() result: null
&amp#27;[35m[HTTP]&amp#27;[39m &amp#27;[37m<-- POST /wd/hub/session/f93268b4-2919-4fc5-8680-4b4d0e835fe1/touch/perform &amp#27;[39m&amp#27;[32m200&amp#27;[39m &amp#27;[90m1318 ms - 14&amp#27;[39m
&amp#27;[35m[HTTP]&amp#27;[39m &amp#27;[90m&amp#27;[39m
&amp#27;[35m[HTTP]&amp#27;[39m &amp#27;[37m-->&amp#27;[39m &amp#27;[37mGET&amp#27;[39m &amp#27;[37m/wd/hub/session/f93268b4-2919-4fc5-8680-4b4d0e835fe1&amp#27;[39m
&amp#27;[35m[HTTP]&amp#27;[39m &amp#27;[90m{}&amp#27;[39m
[debug] &amp#27;[35m[W3C (f93268b4)]&amp#27;[39m Calling AppiumDriver.getSession() with args: ["f93268b4-2919-4fc5-8680-4b4d0e835fe1"]
[debug] &amp#27;[35m[UiAutomator2]&amp#27;[39m Getting session details from server to mix in
[debug] &amp#27;[35m[WD Proxy]&amp#27;[39m Matched '/' to command name 'getSession'
[debug] &amp#27;[35m[WD Proxy]&amp#27;[39m Proxying [GET /] to [GET http://127.0.0.1:8200/wd/hub/session/c0327d69-2521-479e-82fc-9dc670cc62df] with no body
[debug] &amp#27;[35m[WD Proxy]&amp#27;[39m Got response with status 200: {"sessionId":"c0327d69-2521-479e-82fc-9dc670cc62df","value":{"lastScrollData":{"toIndex":-1,"maxScrollY":2299,"maxScrollX":0,"scrollY":2299,"scrollX":0,"fromIndex":-1,"itemCount":-1}}}
[debug] &amp#27;[35m[W3C (f93268b4)]&amp#27;[39m Responding to client with driver.getSession() result: {"platform":"LINUX","webStorageEnabled":false,"takesScreenshot":true,"javascriptEnabled":true,"databaseEnabled":false,"networkConnectionEnabled":true,"locationContextEnabled":false,"warnings":{},"desired":{"platformName":"android","skipDeviceInitialization":true,"skipServerInstallation":false,"app":"./Resources/in.workindia.apk","appActivity":".RegisterActivity","appPackage":"in.workindia.nileshdungarwal.workindiaandroid","platformVersion":"8.1"},"platformName":"android","skipDeviceInitialization":true,"skipServerInstallation":false,"app":"./Resources/in.workindia.apk","appActivity":".RegisterActivity","appPackage":"in.workindia.nileshdungarwal.workindiaandroid","platformVersion":"8.1.0","deviceName":"emulator-5554","deviceUDID":"emulator-5554","deviceApiLevel":27,"deviceScreenSize":"1080x2160","deviceScreenDensity":440,"deviceModel":"Android SDK built for x86","deviceManufacturer":"Google","pixelRatio":2.75,"statBarHeight":66,"viewportRect":{"left":0,"top":66,"width":1080,"height":1962},"lastScrollData":{...
&amp#27;[35m[HTTP]&amp#27;[39m &amp#27;[37m<-- GET /wd/hub/session/f93268b4-2919-4fc5-8680-4b4d0e835fe1 &amp#27;[39m&amp#27;[32m200&amp#27;[39m &amp#27;[90m21 ms - 1135&amp#27;[39m
&amp#27;[35m[HTTP]&amp#27;[39m &amp#27;[90m&amp#27;[39m
&amp#27;[35m[HTTP]&amp#27;[39m &amp#27;[37m-->&amp#27;[39m &amp#27;[37mGET&amp#27;[39m &amp#27;[37m/wd/hub/session/f93268b4-2919-4fc5-8680-4b4d0e835fe1&amp#27;[39m
&amp#27;[35m[HTTP]&amp#27;[39m &amp#27;[90m{}&amp#27;[39m
[debug] &amp#27;[35m[W3C (f93268b4)]&amp#27;[39m Calling AppiumDriver.getSession() with args: ["f93268b4-2919-4fc5-8680-4b4d0e835fe1"]
[debug] &amp#27;[35m[UiAutomator2]&amp#27;[39m Getting session details from server to mix in
[debug] &amp#27;[35m[WD Proxy]&amp#27;[39m Matched '/' to command name 'getSession'
[debug] &amp#27;[35m[WD Proxy]&amp#27;[39m Proxying [GET /] to [GET http://127.0.0.1:8200/wd/hub/session/c0327d69-2521-479e-82fc-9dc670cc62df] with no body
[debug] &amp#27;[35m[WD Proxy]&amp#27;[39m Got response with status 200: {"sessionId":"c0327d69-2521-479e-82fc-9dc670cc62df","value":{"lastScrollData":{"toIndex":-1,"maxScrollY":2299,"maxScrollX":0,"scrollY":2299,"scrollX":0,"fromIndex":-1,"itemCount":-1}}}
[debug] &amp#27;[35m[W3C (f93268b4)]&amp#27;[39m Responding to client with driver.getSession() result: {"platform":"LINUX","webStorageEnabled":false,"takesScreenshot":true,"javascriptEnabled":true,"databaseEnabled":false,"networkConnectionEnabled":true,"locationContextEnabled":false,"warnings":{},"desired":{"platformName":"android","skipDeviceInitialization":true,"skipServerInstallation":false,"app":"./Resources/in.workindia.apk","appActivity":".RegisterActivity","appPackage":"in.workindia.nileshdungarwal.workindiaandroid","platformVersion":"8.1"},"platformName":"android","skipDeviceInitialization":true,"skipServerInstallation":false,"app":"./Resources/in.workindia.apk","appActivity":".RegisterActivity","appPackage":"in.workindia.nileshdungarwal.workindiaandroid","platformVersion":"8.1.0","deviceName":"emulator-5554","deviceUDID":"emulator-5554","deviceApiLevel":27,"deviceScreenSize":"1080x2160","deviceScreenDensity":440,"deviceModel":"Android SDK built for x86","deviceManufacturer":"Google","pixelRatio":2.75,"statBarHeight":66,"viewportRect":{"left":0,"top":66,"width":1080,"height":1962},"lastScrollData":{...
&amp#27;[35m[HTTP]&amp#27;[39m &amp#27;[37m<-- GET /wd/hub/session/f93268b4-2919-4fc5-8680-4b4d0e835fe1 &amp#27;[39m&amp#27;[32m200&amp#27;[39m &amp#27;[90m20 ms - 1135&amp#27;[39m
&amp#27;[35m[HTTP]&amp#27;[39m &amp#27;[90m&amp#27;[39m
&amp#27;[35m[HTTP]&amp#27;[39m &amp#27;[37m-->&amp#27;[39m &amp#27;[37mGET&amp#27;[39m &amp#27;[37m/wd/hub/session/f93268b4-2919-4fc5-8680-4b4d0e835fe1&amp#27;[39m
&amp#27;[35m[HTTP]&amp#27;[39m &amp#27;[90m{}&amp#27;[39m
[debug] &amp#27;[35m[W3C (f93268b4)]&amp#27;[39m Calling AppiumDriver.getSession() with args: ["f93268b4-2919-4fc5-8680-4b4d0e835fe1"]
[debug] &amp#27;[35m[UiAutomator2]&amp#27;[39m Getting session details from server to mix in
[debug] &amp#27;[35m[WD Proxy]&amp#27;[39m Matched '/' to command name 'getSession'
[debug] &amp#27;[35m[WD Proxy]&amp#27;[39m Proxying [GET /] to [GET http://127.0.0.1:8200/wd/hub/session/c0327d69-2521-479e-82fc-9dc670cc62df] with no body
[debug] &amp#27;[35m[WD Proxy]&amp#27;[39m Got response with status 200: {"sessionId":"c0327d69-2521-479e-82fc-9dc670cc62df","value":{"lastScrollData":{"toIndex":-1,"maxScrollY":2299,"maxScrollX":0,"scrollY":2299,"scrollX":0,"fromIndex":-1,"itemCount":-1}}}
[debug] &amp#27;[35m[W3C (f93268b4)]&amp#27;[39m Responding to client with driver.getSession() result: {"platform":"LINUX","webStorageEnabled":false,"takesScreenshot":true,"javascriptEnabled":true,"databaseEnabled":false,"networkConnectionEnabled":true,"locationContextEnabled":false,"warnings":{},"desired":{"platformName":"android","skipDeviceInitialization":true,"skipServerInstallation":false,"app":"./Resources/in.workindia.apk","appActivity":".RegisterActivity","appPackage":"in.workindia.nileshdungarwal.workindiaandroid","platformVersion":"8.1"},"platformName":"android","skipDeviceInitialization":true,"skipServerInstallation":false,"app":"./Resources/in.workindia.apk","appActivity":".RegisterActivity","appPackage":"in.workindia.nileshdungarwal.workindiaandroid","platformVersion":"8.1.0","deviceName":"emulator-5554","deviceUDID":"emulator-5554","deviceApiLevel":27,"deviceScreenSize":"1080x2160","deviceScreenDensity":440,"deviceModel":"Android SDK built for x86","deviceManufacturer":"Google","pixelRatio":2.75,"statBarHeight":66,"viewportRect":{"left":0,"top":66,"width":1080,"height":1962},"lastScrollData":{...
&amp#27;[35m[HTTP]&amp#27;[39m &amp#27;[37m<-- GET /wd/hub/session/f93268b4-2919-4fc5-8680-4b4d0e835fe1 &amp#27;[39m&amp#27;[32m200&amp#27;[39m &amp#27;[90m16 ms - 1135&amp#27;[39m
&amp#27;[35m[HTTP]&amp#27;[39m &amp#27;[90m&amp#27;[39m
&amp#27;[35m[HTTP]&amp#27;[39m &amp#27;[37m-->&amp#27;[39m &amp#27;[37mPOST&amp#27;[39m &amp#27;[37m/wd/hub/session/f93268b4-2919-4fc5-8680-4b4d0e835fe1/element&amp#27;[39m
&amp#27;[35m[HTTP]&amp#27;[39m &amp#27;[90m{"using":"id","value":"in.workindia.nileshdungarwal.workindiaandroid:id/btn_done"}&amp#27;[39m
[debug] &amp#27;[35m[W3C (f93268b4)]&amp#27;[39m Calling AppiumDriver.findElement() with args: ["id","in.workindia.nileshdungarwal.workindiaandroid:id/btn_done","f93268b4-2919-4fc5-8680-4b4d0e835fe1"]
[debug] &amp#27;[35m[BaseDriver]&amp#27;[39m Valid locator strategies for this request: xpath, id, class name, accessibility id, css selector, -android uiautomator
[debug] &amp#27;[35m[BaseDriver]&amp#27;[39m Waiting up to 50000 ms for condition
[debug] &amp#27;[35m[WD Proxy]&amp#27;[39m Matched '/element' to command name 'findElement'
[debug] &amp#27;[35m[WD Proxy]&amp#27;[39m Proxying [POST /element] to [POST http://127.0.0.1:8200/wd/hub/session/c0327d69-2521-479e-82fc-9dc670cc62df/element] with body: {"strategy":"id","selector":"in.workindia.nileshdungarwal.workindiaandroid:id/btn_done","context":"","multiple":false}
[debug] &amp#27;[35m[WD Proxy]&amp#27;[39m Got response with status 200: {"sessionId":"c0327d69-2521-479e-82fc-9dc670cc62df","value":{"ELEMENT":"08368981-b16c-4ffd-a780-dabfe6283a96","element-6066-11e4-a52e-4f735466cecf":"08368981-b16c-4ffd-a780-dabfe6283a96"}}
[debug] &amp#27;[35m[W3C (f93268b4)]&amp#27;[39m Responding to client with driver.findElement() result: {"element-6066-11e4-a52e-4f735466cecf":"08368981-b16c-4ffd-a780-dabfe6283a96","ELEMENT":"08368981-b16c-4ffd-a780-dabfe6283a96"}
&amp#27;[35m[HTTP]&amp#27;[39m &amp#27;[37m<-- POST /wd/hub/session/f93268b4-2919-4fc5-8680-4b4d0e835fe1/element &amp#27;[39m&amp#27;[32m200&amp#27;[39m &amp#27;[90m52 ms - 137&amp#27;[39m
&amp#27;[35m[HTTP]&amp#27;[39m &amp#27;[90m&amp#27;[39m
&amp#27;[35m[HTTP]&amp#27;[39m &amp#27;[37m-->&amp#27;[39m &amp#27;[37mPOST&amp#27;[39m &amp#27;[37m/wd/hub/session/f93268b4-2919-4fc5-8680-4b4d0e835fe1/element/08368981-b16c-4ffd-a780-dabfe6283a96/click&amp#27;[39m
&amp#27;[35m[HTTP]&amp#27;[39m &amp#27;[90m{"id":"08368981-b16c-4ffd-a780-dabfe6283a96"}&amp#27;[39m
[debug] &amp#27;[35m[W3C (f93268b4)]&amp#27;[39m Calling AppiumDriver.click() with args: ["08368981-b16c-4ffd-a780-dabfe6283a96","f93268b4-2919-4fc5-8680-4b4d0e835fe1"]
[debug] &amp#27;[35m[WD Proxy]&amp#27;[39m Matched '/element/08368981-b16c-4ffd-a780-dabfe6283a96/click' to command name 'click'
[debug] &amp#27;[35m[WD Proxy]&amp#27;[39m Proxying [POST /element/08368981-b16c-4ffd-a780-dabfe6283a96/click] to [POST http://127.0.0.1:8200/wd/hub/session/c0327d69-2521-479e-82fc-9dc670cc62df/element/08368981-b16c-4ffd-a780-dabfe6283a96/click] with body: {"element":"08368981-b16c-4ffd-a780-dabfe6283a96"}
[debug] &amp#27;[35m[WD Proxy]&amp#27;[39m Got response with status 200: {"sessionId":"c0327d69-2521-479e-82fc-9dc670cc62df","value":null}
[debug] &amp#27;[35m[W3C (f93268b4)]&amp#27;[39m Responding to client with driver.click() result: null
&amp#27;[35m[HTTP]&amp#27;[39m &amp#27;[37m<-- POST /wd/hub/session/f93268b4-2919-4fc5-8680-4b4d0e835fe1/element/08368981-b16c-4ffd-a780-dabfe6283a96/click &amp#27;[39m&amp#27;[32m200&amp#27;[39m &amp#27;[90m36 ms - 14&amp#27;[39m
&amp#27;[35m[HTTP]&amp#27;[39m &amp#27;[90m&amp#27;[39m
&amp#27;[35m[HTTP]&amp#27;[39m &amp#27;[37m-->&amp#27;[39m &amp#27;[37mGET&amp#27;[39m &amp#27;[37m/wd/hub/session/f93268b4-2919-4fc5-8680-4b4d0e835fe1&amp#27;[39m
&amp#27;[35m[HTTP]&amp#27;[39m &amp#27;[90m{}&amp#27;[39m
[debug] &amp#27;[35m[W3C (f93268b4)]&amp#27;[39m Calling AppiumDriver.getSession() with args: ["f93268b4-2919-4fc5-8680-4b4d0e835fe1"]
[debug] &amp#27;[35m[UiAutomator2]&amp#27;[39m Getting session details from server to mix in
[debug] &amp#27;[35m[WD Proxy]&amp#27;[39m Matched '/' to command name 'getSession'
[debug] &amp#27;[35m[WD Proxy]&amp#27;[39m Proxying [GET /] to [GET http://127.0.0.1:8200/wd/hub/session/c0327d69-2521-479e-82fc-9dc670cc62df] with no body
[debug] &amp#27;[35m[WD Proxy]&amp#27;[39m Got response with status 200: {"sessionId":"c0327d69-2521-479e-82fc-9dc670cc62df","value":{"lastScrollData":{"toIndex":-1,"maxScrollY":2299,"maxScrollX":0,"scrollY":2299,"scrollX":0,"fromIndex":-1,"itemCount":-1}}}
[debug] &amp#27;[35m[W3C (f93268b4)]&amp#27;[39m Responding to client with driver.getSession() result: {"platform":"LINUX","webStorageEnabled":false,"takesScreenshot":true,"javascriptEnabled":true,"databaseEnabled":false,"networkConnectionEnabled":true,"locationContextEnabled":false,"warnings":{},"desired":{"platformName":"android","skipDeviceInitialization":true,"skipServerInstallation":false,"app":"./Resources/in.workindia.apk","appActivity":".RegisterActivity","appPackage":"in.workindia.nileshdungarwal.workindiaandroid","platformVersion":"8.1"},"platformName":"android","skipDeviceInitialization":true,"skipServerInstallation":false,"app":"./Resources/in.workindia.apk","appActivity":".RegisterActivity","appPackage":"in.workindia.nileshdungarwal.workindiaandroid","platformVersion":"8.1.0","deviceName":"emulator-5554","deviceUDID":"emulator-5554","deviceApiLevel":27,"deviceScreenSize":"1080x2160","deviceScreenDensity":440,"deviceModel":"Android SDK built for x86","deviceManufacturer":"Google","pixelRatio":2.75,"statBarHeight":66,"viewportRect":{"left":0,"top":66,"width":1080,"height":1962},"lastScrollData":{...
&amp#27;[35m[HTTP]&amp#27;[39m &amp#27;[37m<-- GET /wd/hub/session/f93268b4-2919-4fc5-8680-4b4d0e835fe1 &amp#27;[39m&amp#27;[32m200&amp#27;[39m &amp#27;[90m12 ms - 1135&amp#27;[39m
&amp#27;[35m[HTTP]&amp#27;[39m &amp#27;[90m&amp#27;[39m
&amp#27;[35m[HTTP]&amp#27;[39m &amp#27;[37m-->&amp#27;[39m &amp#27;[37mGET&amp#27;[39m &amp#27;[37m/wd/hub/session/f93268b4-2919-4fc5-8680-4b4d0e835fe1&amp#27;[39m
&amp#27;[35m[HTTP]&amp#27;[39m &amp#27;[90m{}&amp#27;[39m
[debug] &amp#27;[35m[W3C (f93268b4)]&amp#27;[39m Calling AppiumDriver.getSession() with args: ["f93268b4-2919-4fc5-8680-4b4d0e835fe1"]
[debug] &amp#27;[35m[UiAutomator2]&amp#27;[39m Getting session details from server to mix in
[debug] &amp#27;[35m[WD Proxy]&amp#27;[39m Matched '/' to command name 'getSession'
[debug] &amp#27;[35m[WD Proxy]&amp#27;[39m Proxying [GET /] to [GET http://127.0.0.1:8200/wd/hub/session/c0327d69-2521-479e-82fc-9dc670cc62df] with no body
[debug] &amp#27;[35m[WD Proxy]&amp#27;[39m Got response with status 200: {"sessionId":"c0327d69-2521-479e-82fc-9dc670cc62df","value":{"lastScrollData":{"toIndex":-1,"maxScrollY":2299,"maxScrollX":0,"scrollY":2299,"scrollX":0,"fromIndex":-1,"itemCount":-1}}}
[debug] &amp#27;[35m[W3C (f93268b4)]&amp#27;[39m Responding to client with driver.getSession() result: {"platform":"LINUX","webStorageEnabled":false,"takesScreenshot":true,"javascriptEnabled":true,"databaseEnabled":false,"networkConnectionEnabled":true,"locationContextEnabled":false,"warnings":{},"desired":{"platformName":"android","skipDeviceInitialization":true,"skipServerInstallation":false,"app":"./Resources/in.workindia.apk","appActivity":".RegisterActivity","appPackage":"in.workindia.nileshdungarwal.workindiaandroid","platformVersion":"8.1"},"platformName":"android","skipDeviceInitialization":true,"skipServerInstallation":false,"app":"./Resources/in.workindia.apk","appActivity":".RegisterActivity","appPackage":"in.workindia.nileshdungarwal.workindiaandroid","platformVersion":"8.1.0","deviceName":"emulator-5554","deviceUDID":"emulator-5554","deviceApiLevel":27,"deviceScreenSize":"1080x2160","deviceScreenDensity":440,"deviceModel":"Android SDK built for x86","deviceManufacturer":"Google","pixelRatio":2.75,"statBarHeight":66,"viewportRect":{"left":0,"top":66,"width":1080,"height":1962},"lastScrollData":{...
&amp#27;[35m[HTTP]&amp#27;[39m &amp#27;[37m<-- GET /wd/hub/session/f93268b4-2919-4fc5-8680-4b4d0e835fe1 &amp#27;[39m&amp#27;[32m200&amp#27;[39m &amp#27;[90m15 ms - 1135&amp#27;[39m
&amp#27;[35m[HTTP]&amp#27;[39m &amp#27;[90m&amp#27;[39m
&amp#27;[35m[HTTP]&amp#27;[39m &amp#27;[37m-->&amp#27;[39m &amp#27;[37mPOST&amp#27;[39m &amp#27;[37m/wd/hub/session/f93268b4-2919-4fc5-8680-4b4d0e835fe1/element&amp#27;[39m
&amp#27;[35m[HTTP]&amp#27;[39m &amp#27;[90m{"using":"id","value":"in.workindia.nileshdungarwal.workindiaandroid:id/tv_profile_heading"}&amp#27;[39m
[debug] &amp#27;[35m[W3C (f93268b4)]&amp#27;[39m Calling AppiumDriver.findElement() with args: ["id","in.workindia.nileshdungarwal.workindiaandroid:id/tv_profile_heading","f93268b4-2919-4fc5-8680-4b4d0e835fe1"]
[debug] &amp#27;[35m[BaseDriver]&amp#27;[39m Valid locator strategies for this request: xpath, id, class name, accessibility id, css selector, -android uiautomator
[debug] &amp#27;[35m[BaseDriver]&amp#27;[39m Waiting up to 50000 ms for condition
[debug] &amp#27;[35m[WD Proxy]&amp#27;[39m Matched '/element' to command name 'findElement'
[debug] &amp#27;[35m[WD Proxy]&amp#27;[39m Proxying [POST /element] to [POST http://127.0.0.1:8200/wd/hub/session/c0327d69-2521-479e-82fc-9dc670cc62df/element] with body: {"strategy":"id","selector":"in.workindia.nileshdungarwal.workindiaandroid:id/tv_profile_heading","context":"","multiple":false}
&amp#27;[35m[WD Proxy]&amp#27;[39m Got response with status 404: {"sessionId":"c0327d69-2521-479e-82fc-9dc670cc62df","value":{"error":"no such element","message":"An element could not be located on the page using the given search parameters","stacktrace":"io.appium.uiautomator2.common.exceptions.ElementNotFoundException: An element could not be located on the page using the given search parameters\n\tat io.appium.uiautomator2.handler.FindElement.safeHandle(FindElement.java:73)\n\tat io.appium.uiautomator2.handler.request.SafeRequestHandler.handle(SafeRequestHandler.java:41)\n\tat io.appium.uiautomator2.server.AppiumServlet.handleRequest(AppiumServlet.java:261)\n\tat io.appium.uiautomator2.server.AppiumServlet.handleHttpRequest(AppiumServlet.java:255)\n\tat io.appium.uiautomator2.http.ServerHandler.channelRead(ServerHandler.java:68)\n\tat io.netty.channel.AbstractChannelHandlerContext.invokeChannelRead(AbstractChannelHandlerContext.java:366)\n\tat io.netty.channel.AbstractChannelHandlerContext.invokeChannelRead(AbstractChannelHandlerContext.java:352)\n\tat io.netty.chann...
[debug] &amp#27;[35m[W3C]&amp#27;[39m Matched W3C error code 'no such element' to NoSuchElementError
[debug] &amp#27;[35m[BaseDriver]&amp#27;[39m Waited for 1766 ms so far
[debug] &amp#27;[35m[WD Proxy]&amp#27;[39m Matched '/element' to command name 'findElement'
[debug] &amp#27;[35m[WD Proxy]&amp#27;[39m Proxying [POST /element] to [POST http://127.0.0.1:8200/wd/hub/session/c0327d69-2521-479e-82fc-9dc670cc62df/element] with body: {"strategy":"id","selector":"in.workindia.nileshdungarwal.workindiaandroid:id/tv_profile_heading","context":"","multiple":false}
[debug] &amp#27;[35m[WD Proxy]&amp#27;[39m Got response with status 200: {"sessionId":"c0327d69-2521-479e-82fc-9dc670cc62df","value":{"ELEMENT":"580b6147-7bd7-4d18-9291-a40f966a6020","element-6066-11e4-a52e-4f735466cecf":"580b6147-7bd7-4d18-9291-a40f966a6020"}}
[debug] &amp#27;[35m[W3C (f93268b4)]&amp#27;[39m Responding to client with driver.findElement() result: {"element-6066-11e4-a52e-4f735466cecf":"580b6147-7bd7-4d18-9291-a40f966a6020","ELEMENT":"580b6147-7bd7-4d18-9291-a40f966a6020"}
&amp#27;[35m[HTTP]&amp#27;[39m &amp#27;[37m<-- POST /wd/hub/session/f93268b4-2919-4fc5-8680-4b4d0e835fe1/element &amp#27;[39m&amp#27;[32m200&amp#27;[39m &amp#27;[90m2291 ms - 137&amp#27;[39m
&amp#27;[35m[HTTP]&amp#27;[39m &amp#27;[90m&amp#27;[39m
&amp#27;[35m[HTTP]&amp#27;[39m &amp#27;[37m-->&amp#27;[39m &amp#27;[37mGET&amp#27;[39m &amp#27;[37m/wd/hub/session/f93268b4-2919-4fc5-8680-4b4d0e835fe1/element/580b6147-7bd7-4d18-9291-a40f966a6020/text&amp#27;[39m
&amp#27;[35m[HTTP]&amp#27;[39m &amp#27;[90m{}&amp#27;[39m
&amp#27;[35m[W3C (f93268b4)]&amp#27;[39m Driver proxy active, passing request on via HTTP proxy
[debug] &amp#27;[35m[WD Proxy]&amp#27;[39m Matched '/wd/hub/session/f93268b4-2919-4fc5-8680-4b4d0e835fe1/element/580b6147-7bd7-4d18-9291-a40f966a6020/text' to command name 'getText'
[debug] &amp#27;[35m[WD Proxy]&amp#27;[39m Proxying [GET /wd/hub/session/f93268b4-2919-4fc5-8680-4b4d0e835fe1/element/580b6147-7bd7-4d18-9291-a40f966a6020/text] to [GET http://127.0.0.1:8200/wd/hub/session/c0327d69-2521-479e-82fc-9dc670cc62df/element/580b6147-7bd7-4d18-9291-a40f966a6020/text] with no body
[debug] &amp#27;[35m[WD Proxy]&amp#27;[39m Got response with status 200: {"sessionId":"c0327d69-2521-479e-82fc-9dc670cc62df","value":"Sobhit,\nAapke Bare Me Bataye"}
&amp#27;[35m[WD Proxy]&amp#27;[39m Replacing sessionId c0327d69-2521-479e-82fc-9dc670cc62df with f93268b4-2919-4fc5-8680-4b4d0e835fe1
&amp#27;[35m[HTTP]&amp#27;[39m &amp#27;[37m<-- GET /wd/hub/session/f93268b4-2919-4fc5-8680-4b4d0e835fe1/element/580b6147-7bd7-4d18-9291-a40f966a6020/text &amp#27;[39m&amp#27;[32m200&amp#27;[39m &amp#27;[90m21 ms - 92&amp#27;[39m
&amp#27;[35m[HTTP]&amp#27;[39m &amp#27;[90m&amp#27;[39m
&amp#27;[35m[HTTP]&amp#27;[39m &amp#27;[37m-->&amp#27;[39m &amp#27;[37mGET&amp#27;[39m &amp#27;[37m/wd/hub/session/f93268b4-2919-4fc5-8680-4b4d0e835fe1&amp#27;[39m
&amp#27;[35m[HTTP]&amp#27;[39m &amp#27;[90m{}&amp#27;[39m
[debug] &amp#27;[35m[W3C (f93268b4)]&amp#27;[39m Calling AppiumDriver.getSession() with args: ["f93268b4-2919-4fc5-8680-4b4d0e835fe1"]
[debug] &amp#27;[35m[UiAutomator2]&amp#27;[39m Getting session details from server to mix in
[debug] &amp#27;[35m[WD Proxy]&amp#27;[39m Matched '/' to command name 'getSession'
[debug] &amp#27;[35m[WD Proxy]&amp#27;[39m Proxying [GET /] to [GET http://127.0.0.1:8200/wd/hub/session/c0327d69-2521-479e-82fc-9dc670cc62df] with no body
[debug] &amp#27;[35m[WD Proxy]&amp#27;[39m Got response with status 200: {"sessionId":"c0327d69-2521-479e-82fc-9dc670cc62df","value":{"lastScrollData":{"toIndex":-1,"maxScrollY":2299,"maxScrollX":0,"scrollY":2299,"scrollX":0,"fromIndex":-1,"itemCount":-1}}}
[debug] &amp#27;[35m[W3C (f93268b4)]&amp#27;[39m Responding to client with driver.getSession() result: {"platform":"LINUX","webStorageEnabled":false,"takesScreenshot":true,"javascriptEnabled":true,"databaseEnabled":false,"networkConnectionEnabled":true,"locationContextEnabled":false,"warnings":{},"desired":{"platformName":"android","skipDeviceInitialization":true,"skipServerInstallation":false,"app":"./Resources/in.workindia.apk","appActivity":".RegisterActivity","appPackage":"in.workindia.nileshdungarwal.workindiaandroid","platformVersion":"8.1"},"platformName":"android","skipDeviceInitialization":true,"skipServerInstallation":false,"app":"./Resources/in.workindia.apk","appActivity":".RegisterActivity","appPackage":"in.workindia.nileshdungarwal.workindiaandroid","platformVersion":"8.1.0","deviceName":"emulator-5554","deviceUDID":"emulator-5554","deviceApiLevel":27,"deviceScreenSize":"1080x2160","deviceScreenDensity":440,"deviceModel":"Android SDK built for x86","deviceManufacturer":"Google","pixelRatio":2.75,"statBarHeight":66,"viewportRect":{"left":0,"top":66,"width":1080,"height":1962},"lastScrollData":{...
&amp#27;[35m[HTTP]&amp#27;[39m &amp#27;[37m<-- GET /wd/hub/session/f93268b4-2919-4fc5-8680-4b4d0e835fe1 &amp#27;[39m&amp#27;[32m200&amp#27;[39m &amp#27;[90m17 ms - 1135&amp#27;[39m
&amp#27;[35m[HTTP]&amp#27;[39m &amp#27;[90m&amp#27;[39m
&amp#27;[35m[HTTP]&amp#27;[39m &amp#27;[37m-->&amp#27;[39m &amp#27;[37mPOST&amp#27;[39m &amp#27;[37m/wd/hub/session/f93268b4-2919-4fc5-8680-4b4d0e835fe1/element&amp#27;[39m
&amp#27;[35m[HTTP]&amp#27;[39m &amp#27;[90m{"using":"id","value":"in.workindia.nileshdungarwal.workindiaandroid:id/et_skill_1"}&amp#27;[39m
[debug] &amp#27;[35m[W3C (f93268b4)]&amp#27;[39m Calling AppiumDriver.findElement() with args: ["id","in.workindia.nileshdungarwal.workindiaandroid:id/et_skill_1","f93268b4-2919-4fc5-8680-4b4d0e835fe1"]
[debug] &amp#27;[35m[BaseDriver]&amp#27;[39m Valid locator strategies for this request: xpath, id, class name, accessibility id, css selector, -android uiautomator
[debug] &amp#27;[35m[BaseDriver]&amp#27;[39m Waiting up to 50000 ms for condition
[debug] &amp#27;[35m[WD Proxy]&amp#27;[39m Matched '/element' to command name 'findElement'
[debug] &amp#27;[35m[WD Proxy]&amp#27;[39m Proxying [POST /element] to [POST http://127.0.0.1:8200/wd/hub/session/c0327d69-2521-479e-82fc-9dc670cc62df/element] with body: {"strategy":"id","selector":"in.workindia.nileshdungarwal.workindiaandroid:id/et_skill_1","context":"","multiple":false}
[debug] &amp#27;[35m[WD Proxy]&amp#27;[39m Got response with status 200: {"sessionId":"c0327d69-2521-479e-82fc-9dc670cc62df","value":{"ELEMENT":"b543eef1-1ed9-498f-96e9-bf20c66d8825","element-6066-11e4-a52e-4f735466cecf":"b543eef1-1ed9-498f-96e9-bf20c66d8825"}}
[debug] &amp#27;[35m[W3C (f93268b4)]&amp#27;[39m Responding to client with driver.findElement() result: {"element-6066-11e4-a52e-4f735466cecf":"b543eef1-1ed9-498f-96e9-bf20c66d8825","ELEMENT":"b543eef1-1ed9-498f-96e9-bf20c66d8825"}
&amp#27;[35m[HTTP]&amp#27;[39m &amp#27;[37m<-- POST /wd/hub/session/f93268b4-2919-4fc5-8680-4b4d0e835fe1/element &amp#27;[39m&amp#27;[32m200&amp#27;[39m &amp#27;[90m28 ms - 137&amp#27;[39m
&amp#27;[35m[HTTP]&amp#27;[39m &amp#27;[90m&amp#27;[39m
&amp#27;[35m[HTTP]&amp#27;[39m &amp#27;[37m-->&amp#27;[39m &amp#27;[37mPOST&amp#27;[39m &amp#27;[37m/wd/hub/session/f93268b4-2919-4fc5-8680-4b4d0e835fe1/element/b543eef1-1ed9-498f-96e9-bf20c66d8825/click&amp#27;[39m
&amp#27;[35m[HTTP]&amp#27;[39m &amp#27;[90m{"id":"b543eef1-1ed9-498f-96e9-bf20c66d8825"}&amp#27;[39m
[debug] &amp#27;[35m[W3C (f93268b4)]&amp#27;[39m Calling AppiumDriver.click() with args: ["b543eef1-1ed9-498f-96e9-bf20c66d8825","f93268b4-2919-4fc5-8680-4b4d0e835fe1"]
[debug] &amp#27;[35m[WD Proxy]&amp#27;[39m Matched '/element/b543eef1-1ed9-498f-96e9-bf20c66d8825/click' to command name 'click'
[debug] &amp#27;[35m[WD Proxy]&amp#27;[39m Proxying [POST /element/b543eef1-1ed9-498f-96e9-bf20c66d8825/click] to [POST http://127.0.0.1:8200/wd/hub/session/c0327d69-2521-479e-82fc-9dc670cc62df/element/b543eef1-1ed9-498f-96e9-bf20c66d8825/click] with body: {"element":"b543eef1-1ed9-498f-96e9-bf20c66d8825"}
[debug] &amp#27;[35m[WD Proxy]&amp#27;[39m Got response with status 200: {"sessionId":"c0327d69-2521-479e-82fc-9dc670cc62df","value":null}
[debug] &amp#27;[35m[W3C (f93268b4)]&amp#27;[39m Responding to client with driver.click() result: null
&amp#27;[35m[HTTP]&amp#27;[39m &amp#27;[37m<-- POST /wd/hub/session/f93268b4-2919-4fc5-8680-4b4d0e835fe1/element/b543eef1-1ed9-498f-96e9-bf20c66d8825/click &amp#27;[39m&amp#27;[32m200&amp#27;[39m &amp#27;[90m35 ms - 14&amp#27;[39m
&amp#27;[35m[HTTP]&amp#27;[39m &amp#27;[90m&amp#27;[39m
&amp#27;[35m[HTTP]&amp#27;[39m &amp#27;[37m-->&amp#27;[39m &amp#27;[37mPOST&amp#27;[39m &amp#27;[37m/wd/hub/session/f93268b4-2919-4fc5-8680-4b4d0e835fe1/timeouts&amp#27;[39m
&amp#27;[35m[HTTP]&amp#27;[39m &amp#27;[90m{"implicit":50000}&amp#27;[39m
[debug] &amp#27;[35m[W3C (f93268b4)]&amp#27;[39m Calling AppiumDriver.timeouts() with args: [null,null,null,null,50000,"f93268b4-2919-4fc5-8680-4b4d0e835fe1"]
[debug] &amp#27;[35m[BaseDriver]&amp#27;[39m W3C timeout argument: {"implicit":50000}}
[debug] &amp#27;[35m[BaseDriver]&amp#27;[39m Set implicit wait to 50000ms
[debug] &amp#27;[35m[W3C (f93268b4)]&amp#27;[39m Responding to client with driver.timeouts() result: null
&amp#27;[35m[HTTP]&amp#27;[39m &amp#27;[37m<-- POST /wd/hub/session/f93268b4-2919-4fc5-8680-4b4d0e835fe1/timeouts &amp#27;[39m&amp#27;[32m200&amp#27;[39m &amp#27;[90m4 ms - 14&amp#27;[39m
&amp#27;[35m[HTTP]&amp#27;[39m &amp#27;[90m&amp#27;[39m
&amp#27;[35m[HTTP]&amp#27;[39m &amp#27;[37m-->&amp#27;[39m &amp#27;[37mGET&amp#27;[39m &amp#27;[37m/wd/hub/session/f93268b4-2919-4fc5-8680-4b4d0e835fe1&amp#27;[39m
&amp#27;[35m[HTTP]&amp#27;[39m &amp#27;[90m{}&amp#27;[39m
[debug] &amp#27;[35m[W3C (f93268b4)]&amp#27;[39m Calling AppiumDriver.getSession() with args: ["f93268b4-2919-4fc5-8680-4b4d0e835fe1"]
[debug] &amp#27;[35m[UiAutomator2]&amp#27;[39m Getting session details from server to mix in
[debug] &amp#27;[35m[WD Proxy]&amp#27;[39m Matched '/' to command name 'getSession'
[debug] &amp#27;[35m[WD Proxy]&amp#27;[39m Proxying [GET /] to [GET http://127.0.0.1:8200/wd/hub/session/c0327d69-2521-479e-82fc-9dc670cc62df] with no body
[debug] &amp#27;[35m[WD Proxy]&amp#27;[39m Got response with status 200: {"sessionId":"c0327d69-2521-479e-82fc-9dc670cc62df","value":{"lastScrollData":{"toIndex":-1,"maxScrollY":2299,"maxScrollX":0,"scrollY":2299,"scrollX":0,"fromIndex":-1,"itemCount":-1}}}
[debug] &amp#27;[35m[W3C (f93268b4)]&amp#27;[39m Responding to client with driver.getSession() result: {"platform":"LINUX","webStorageEnabled":false,"takesScreenshot":true,"javascriptEnabled":true,"databaseEnabled":false,"networkConnectionEnabled":true,"locationContextEnabled":false,"warnings":{},"desired":{"platformName":"android","skipDeviceInitialization":true,"skipServerInstallation":false,"app":"./Resources/in.workindia.apk","appActivity":".RegisterActivity","appPackage":"in.workindia.nileshdungarwal.workindiaandroid","platformVersion":"8.1"},"platformName":"android","skipDeviceInitialization":true,"skipServerInstallation":false,"app":"./Resources/in.workindia.apk","appActivity":".RegisterActivity","appPackage":"in.workindia.nileshdungarwal.workindiaandroid","platformVersion":"8.1.0","deviceName":"emulator-5554","deviceUDID":"emulator-5554","deviceApiLevel":27,"deviceScreenSize":"1080x2160","deviceScreenDensity":440,"deviceModel":"Android SDK built for x86","deviceManufacturer":"Google","pixelRatio":2.75,"statBarHeight":66,"viewportRect":{"left":0,"top":66,"width":1080,"height":1962},"lastScrollData":{...
&amp#27;[35m[HTTP]&amp#27;[39m &amp#27;[37m<-- GET /wd/hub/session/f93268b4-2919-4fc5-8680-4b4d0e835fe1 &amp#27;[39m&amp#27;[32m200&amp#27;[39m &amp#27;[90m23 ms - 1135&amp#27;[39m
&amp#27;[35m[HTTP]&amp#27;[39m &amp#27;[90m&amp#27;[39m
&amp#27;[35m[HTTP]&amp#27;[39m &amp#27;[37m-->&amp#27;[39m &amp#27;[37mPOST&amp#27;[39m &amp#27;[37m/wd/hub/session/f93268b4-2919-4fc5-8680-4b4d0e835fe1/element&amp#27;[39m
&amp#27;[35m[HTTP]&amp#27;[39m &amp#27;[90m{"using":"xpath","value":"//android.widget.LinearLayout[1]/android.widget.LinearLayout/android.widget.LinearLayout/android.widget.CheckBox"}&amp#27;[39m
[debug] &amp#27;[35m[W3C (f93268b4)]&amp#27;[39m Calling AppiumDriver.findElement() with args: ["xpath","//android.widget.LinearLayout[1]/android.widget.LinearLayout/android.widget.LinearLayout/android.widget.CheckBox","f93268b4-2919-4fc5-8680-4b4d0e835fe1"]
[debug] &amp#27;[35m[BaseDriver]&amp#27;[39m Valid locator strategies for this request: xpath, id, class name, accessibility id, css selector, -android uiautomator
[debug] &amp#27;[35m[BaseDriver]&amp#27;[39m Waiting up to 50000 ms for condition
[debug] &amp#27;[35m[WD Proxy]&amp#27;[39m Matched '/element' to command name 'findElement'
[debug] &amp#27;[35m[WD Proxy]&amp#27;[39m Proxying [POST /element] to [POST http://127.0.0.1:8200/wd/hub/session/c0327d69-2521-479e-82fc-9dc670cc62df/element] with body: {"strategy":"xpath","selector":"//android.widget.LinearLayout[1]/android.widget.LinearLayout/android.widget.LinearLayout/android.widget.CheckBox","context":"","multiple":false}
[debug] &amp#27;[35m[WD Proxy]&amp#27;[39m Got response with status 200: {"sessionId":"c0327d69-2521-479e-82fc-9dc670cc62df","value":{"ELEMENT":"a15ed697-fe97-437a-a533-5bde27245c00","element-6066-11e4-a52e-4f735466cecf":"a15ed697-fe97-437a-a533-5bde27245c00"}}
[debug] &amp#27;[35m[W3C (f93268b4)]&amp#27;[39m Responding to client with driver.findElement() result: {"element-6066-11e4-a52e-4f735466cecf":"a15ed697-fe97-437a-a533-5bde27245c00","ELEMENT":"a15ed697-fe97-437a-a533-5bde27245c00"}
&amp#27;[35m[HTTP]&amp#27;[39m &amp#27;[37m<-- POST /wd/hub/session/f93268b4-2919-4fc5-8680-4b4d0e835fe1/element &amp#27;[39m&amp#27;[32m200&amp#27;[39m &amp#27;[90m589 ms - 137&amp#27;[39m
&amp#27;[35m[HTTP]&amp#27;[39m &amp#27;[90m&amp#27;[39m
&amp#27;[35m[HTTP]&amp#27;[39m &amp#27;[37m-->&amp#27;[39m &amp#27;[37mPOST&amp#27;[39m &amp#27;[37m/wd/hub/session/f93268b4-2919-4fc5-8680-4b4d0e835fe1/element/a15ed697-fe97-437a-a533-5bde27245c00/click&amp#27;[39m
&amp#27;[35m[HTTP]&amp#27;[39m &amp#27;[90m{"id":"a15ed697-fe97-437a-a533-5bde27245c00"}&amp#27;[39m
[debug] &amp#27;[35m[W3C (f93268b4)]&amp#27;[39m Calling AppiumDriver.click() with args: ["a15ed697-fe97-437a-a533-5bde27245c00","f93268b4-2919-4fc5-8680-4b4d0e835fe1"]
[debug] &amp#27;[35m[WD Proxy]&amp#27;[39m Matched '/element/a15ed697-fe97-437a-a533-5bde27245c00/click' to command name 'click'
[debug] &amp#27;[35m[WD Proxy]&amp#27;[39m Proxying [POST /element/a15ed697-fe97-437a-a533-5bde27245c00/click] to [POST http://127.0.0.1:8200/wd/hub/session/c0327d69-2521-479e-82fc-9dc670cc62df/element/a15ed697-fe97-437a-a533-5bde27245c00/click] with body: {"element":"a15ed697-fe97-437a-a533-5bde27245c00"}
[debug] &amp#27;[35m[WD Proxy]&amp#27;[39m Got response with status 200: {"sessionId":"c0327d69-2521-479e-82fc-9dc670cc62df","value":null}
[debug] &amp#27;[35m[W3C (f93268b4)]&amp#27;[39m Responding to client with driver.click() result: null
&amp#27;[35m[HTTP]&amp#27;[39m &amp#27;[37m<-- POST /wd/hub/session/f93268b4-2919-4fc5-8680-4b4d0e835fe1/element/a15ed697-fe97-437a-a533-5bde27245c00/click &amp#27;[39m&amp#27;[32m200&amp#27;[39m &amp#27;[90m406 ms - 14&amp#27;[39m
&amp#27;[35m[HTTP]&amp#27;[39m &amp#27;[90m&amp#27;[39m
&amp#27;[35m[HTTP]&amp#27;[39m &amp#27;[37m-->&amp#27;[39m &amp#27;[37mGET&amp#27;[39m &amp#27;[37m/wd/hub/session/f93268b4-2919-4fc5-8680-4b4d0e835fe1&amp#27;[39m
&amp#27;[35m[HTTP]&amp#27;[39m &amp#27;[90m{}&amp#27;[39m
[debug] &amp#27;[35m[W3C (f93268b4)]&amp#27;[39m Calling AppiumDriver.getSession() with args: ["f93268b4-2919-4fc5-8680-4b4d0e835fe1"]
[debug] &amp#27;[35m[UiAutomator2]&amp#27;[39m Getting session details from server to mix in
[debug] &amp#27;[35m[WD Proxy]&amp#27;[39m Matched '/' to command name 'getSession'
[debug] &amp#27;[35m[WD Proxy]&amp#27;[39m Proxying [GET /] to [GET http://127.0.0.1:8200/wd/hub/session/c0327d69-2521-479e-82fc-9dc670cc62df] with no body
[debug] &amp#27;[35m[WD Proxy]&amp#27;[39m Got response with status 200: {"sessionId":"c0327d69-2521-479e-82fc-9dc670cc62df","value":{"lastScrollData":{"toIndex":-1,"maxScrollY":2299,"maxScrollX":0,"scrollY":2299,"scrollX":0,"fromIndex":-1,"itemCount":-1}}}
[debug] &amp#27;[35m[W3C (f93268b4)]&amp#27;[39m Responding to client with driver.getSession() result: {"platform":"LINUX","webStorageEnabled":false,"takesScreenshot":true,"javascriptEnabled":true,"databaseEnabled":false,"networkConnectionEnabled":true,"locationContextEnabled":false,"warnings":{},"desired":{"platformName":"android","skipDeviceInitialization":true,"skipServerInstallation":false,"app":"./Resources/in.workindia.apk","appActivity":".RegisterActivity","appPackage":"in.workindia.nileshdungarwal.workindiaandroid","platformVersion":"8.1"},"platformName":"android","skipDeviceInitialization":true,"skipServerInstallation":false,"app":"./Resources/in.workindia.apk","appActivity":".RegisterActivity","appPackage":"in.workindia.nileshdungarwal.workindiaandroid","platformVersion":"8.1.0","deviceName":"emulator-5554","deviceUDID":"emulator-5554","deviceApiLevel":27,"deviceScreenSize":"1080x2160","deviceScreenDensity":440,"deviceModel":"Android SDK built for x86","deviceManufacturer":"Google","pixelRatio":2.75,"statBarHeight":66,"viewportRect":{"left":0,"top":66,"width":1080,"height":1962},"lastScrollData":{...
&amp#27;[35m[HTTP]&amp#27;[39m &amp#27;[37m<-- GET /wd/hub/session/f93268b4-2919-4fc5-8680-4b4d0e835fe1 &amp#27;[39m&amp#27;[32m200&amp#27;[39m &amp#27;[90m12 ms - 1135&amp#27;[39m
&amp#27;[35m[HTTP]&amp#27;[39m &amp#27;[90m&amp#27;[39m
&amp#27;[35m[HTTP]&amp#27;[39m &amp#27;[37m-->&amp#27;[39m &amp#27;[37mPOST&amp#27;[39m &amp#27;[37m/wd/hub/session/f93268b4-2919-4fc5-8680-4b4d0e835fe1/element&amp#27;[39m
&amp#27;[35m[HTTP]&amp#27;[39m &amp#27;[90m{"using":"xpath","value":"//android.widget.LinearLayout[2]/android.widget.LinearLayout/android.widget.LinearLayout/android.widget.CheckBox"}&amp#27;[39m
[debug] &amp#27;[35m[W3C (f93268b4)]&amp#27;[39m Calling AppiumDriver.findElement() with args: ["xpath","//android.widget.LinearLayout[2]/android.widget.LinearLayout/android.widget.LinearLayout/android.widget.CheckBox","f93268b4-2919-4fc5-8680-4b4d0e835fe1"]
[debug] &amp#27;[35m[BaseDriver]&amp#27;[39m Valid locator strategies for this request: xpath, id, class name, accessibility id, css selector, -android uiautomator
[debug] &amp#27;[35m[BaseDriver]&amp#27;[39m Waiting up to 50000 ms for condition
[debug] &amp#27;[35m[WD Proxy]&amp#27;[39m Matched '/element' to command name 'findElement'
[debug] &amp#27;[35m[WD Proxy]&amp#27;[39m Proxying [POST /element] to [POST http://127.0.0.1:8200/wd/hub/session/c0327d69-2521-479e-82fc-9dc670cc62df/element] with body: {"strategy":"xpath","selector":"//android.widget.LinearLayout[2]/android.widget.LinearLayout/android.widget.LinearLayout/android.widget.CheckBox","context":"","multiple":false}
[debug] &amp#27;[35m[WD Proxy]&amp#27;[39m Got response with status 200: {"sessionId":"c0327d69-2521-479e-82fc-9dc670cc62df","value":{"ELEMENT":"caffd1c6-5374-40c2-aeab-40bdab56ec54","element-6066-11e4-a52e-4f735466cecf":"caffd1c6-5374-40c2-aeab-40bdab56ec54"}}
[debug] &amp#27;[35m[W3C (f93268b4)]&amp#27;[39m Responding to client with driver.findElement() result: {"element-6066-11e4-a52e-4f735466cecf":"caffd1c6-5374-40c2-aeab-40bdab56ec54","ELEMENT":"caffd1c6-5374-40c2-aeab-40bdab56ec54"}
&amp#27;[35m[HTTP]&amp#27;[39m &amp#27;[37m<-- POST /wd/hub/session/f93268b4-2919-4fc5-8680-4b4d0e835fe1/element &amp#27;[39m&amp#27;[32m200&amp#27;[39m &amp#27;[90m663 ms - 137&amp#27;[39m
&amp#27;[35m[HTTP]&amp#27;[39m &amp#27;[90m&amp#27;[39m
&amp#27;[35m[HTTP]&amp#27;[39m &amp#27;[37m-->&amp#27;[39m &amp#27;[37mPOST&amp#27;[39m &amp#27;[37m/wd/hub/session/f93268b4-2919-4fc5-8680-4b4d0e835fe1/element/caffd1c6-5374-40c2-aeab-40bdab56ec54/click&amp#27;[39m
&amp#27;[35m[HTTP]&amp#27;[39m &amp#27;[90m{"id":"caffd1c6-5374-40c2-aeab-40bdab56ec54"}&amp#27;[39m
[debug] &amp#27;[35m[W3C (f93268b4)]&amp#27;[39m Calling AppiumDriver.click() with args: ["caffd1c6-5374-40c2-aeab-40bdab56ec54","f93268b4-2919-4fc5-8680-4b4d0e835fe1"]
[debug] &amp#27;[35m[WD Proxy]&amp#27;[39m Matched '/element/caffd1c6-5374-40c2-aeab-40bdab56ec54/click' to command name 'click'
[debug] &amp#27;[35m[WD Proxy]&amp#27;[39m Proxying [POST /element/caffd1c6-5374-40c2-aeab-40bdab56ec54/click] to [POST http://127.0.0.1:8200/wd/hub/session/c0327d69-2521-479e-82fc-9dc670cc62df/element/caffd1c6-5374-40c2-aeab-40bdab56ec54/click] with body: {"element":"caffd1c6-5374-40c2-aeab-40bdab56ec54"}
[debug] &amp#27;[35m[WD Proxy]&amp#27;[39m Got response with status 200: {"sessionId":"c0327d69-2521-479e-82fc-9dc670cc62df","value":null}
[debug] &amp#27;[35m[W3C (f93268b4)]&amp#27;[39m Responding to client with driver.click() result: null
&amp#27;[35m[HTTP]&amp#27;[39m &amp#27;[37m<-- POST /wd/hub/session/f93268b4-2919-4fc5-8680-4b4d0e835fe1/element/caffd1c6-5374-40c2-aeab-40bdab56ec54/click &amp#27;[39m&amp#27;[32m200&amp#27;[39m &amp#27;[90m51 ms - 14&amp#27;[39m
&amp#27;[35m[HTTP]&amp#27;[39m &amp#27;[90m&amp#27;[39m
&amp#27;[35m[HTTP]&amp#27;[39m &amp#27;[37m-->&amp#27;[39m &amp#27;[37mGET&amp#27;[39m &amp#27;[37m/wd/hub/session/f93268b4-2919-4fc5-8680-4b4d0e835fe1&amp#27;[39m
&amp#27;[35m[HTTP]&amp#27;[39m &amp#27;[90m{}&amp#27;[39m
[debug] &amp#27;[35m[W3C (f93268b4)]&amp#27;[39m Calling AppiumDriver.getSession() with args: ["f93268b4-2919-4fc5-8680-4b4d0e835fe1"]
[debug] &amp#27;[35m[UiAutomator2]&amp#27;[39m Getting session details from server to mix in
[debug] &amp#27;[35m[WD Proxy]&amp#27;[39m Matched '/' to command name 'getSession'
[debug] &amp#27;[35m[WD Proxy]&amp#27;[39m Proxying [GET /] to [GET http://127.0.0.1:8200/wd/hub/session/c0327d69-2521-479e-82fc-9dc670cc62df] with no body
[debug] &amp#27;[35m[WD Proxy]&amp#27;[39m Got response with status 200: {"sessionId":"c0327d69-2521-479e-82fc-9dc670cc62df","value":{"lastScrollData":{"toIndex":-1,"maxScrollY":2299,"maxScrollX":0,"scrollY":2299,"scrollX":0,"fromIndex":-1,"itemCount":-1}}}
[debug] &amp#27;[35m[W3C (f93268b4)]&amp#27;[39m Responding to client with driver.getSession() result: {"platform":"LINUX","webStorageEnabled":false,"takesScreenshot":true,"javascriptEnabled":true,"databaseEnabled":false,"networkConnectionEnabled":true,"locationContextEnabled":false,"warnings":{},"desired":{"platformName":"android","skipDeviceInitialization":true,"skipServerInstallation":false,"app":"./Resources/in.workindia.apk","appActivity":".RegisterActivity","appPackage":"in.workindia.nileshdungarwal.workindiaandroid","platformVersion":"8.1"},"platformName":"android","skipDeviceInitialization":true,"skipServerInstallation":false,"app":"./Resources/in.workindia.apk","appActivity":".RegisterActivity","appPackage":"in.workindia.nileshdungarwal.workindiaandroid","platformVersion":"8.1.0","deviceName":"emulator-5554","deviceUDID":"emulator-5554","deviceApiLevel":27,"deviceScreenSize":"1080x2160","deviceScreenDensity":440,"deviceModel":"Android SDK built for x86","deviceManufacturer":"Google","pixelRatio":2.75,"statBarHeight":66,"viewportRect":{"left":0,"top":66,"width":1080,"height":1962},"lastScrollData":{...
&amp#27;[35m[HTTP]&amp#27;[39m &amp#27;[37m<-- GET /wd/hub/session/f93268b4-2919-4fc5-8680-4b4d0e835fe1 &amp#27;[39m&amp#27;[32m200&amp#27;[39m &amp#27;[90m12 ms - 1135&amp#27;[39m
&amp#27;[35m[HTTP]&amp#27;[39m &amp#27;[90m&amp#27;[39m
&amp#27;[35m[HTTP]&amp#27;[39m &amp#27;[37m-->&amp#27;[39m &amp#27;[37mPOST&amp#27;[39m &amp#27;[37m/wd/hub/session/f93268b4-2919-4fc5-8680-4b4d0e835fe1/element&amp#27;[39m
&amp#27;[35m[HTTP]&amp#27;[39m &amp#27;[90m{"using":"id","value":"android:id/button1"}&amp#27;[39m
[debug] &amp#27;[35m[W3C (f93268b4)]&amp#27;[39m Calling AppiumDriver.findElement() with args: ["id","android:id/button1","f93268b4-2919-4fc5-8680-4b4d0e835fe1"]
[debug] &amp#27;[35m[BaseDriver]&amp#27;[39m Valid locator strategies for this request: xpath, id, class name, accessibility id, css selector, -android uiautomator
[debug] &amp#27;[35m[BaseDriver]&amp#27;[39m Waiting up to 50000 ms for condition
[debug] &amp#27;[35m[WD Proxy]&amp#27;[39m Matched '/element' to command name 'findElement'
[debug] &amp#27;[35m[WD Proxy]&amp#27;[39m Proxying [POST /element] to [POST http://127.0.0.1:8200/wd/hub/session/c0327d69-2521-479e-82fc-9dc670cc62df/element] with body: {"strategy":"id","selector":"android:id/button1","context":"","multiple":false}
[debug] &amp#27;[35m[WD Proxy]&amp#27;[39m Got response with status 200: {"sessionId":"c0327d69-2521-479e-82fc-9dc670cc62df","value":{"ELEMENT":"cd136f66-c858-460a-85d5-be451c976d98","element-6066-11e4-a52e-4f735466cecf":"cd136f66-c858-460a-85d5-be451c976d98"}}
[debug] &amp#27;[35m[W3C (f93268b4)]&amp#27;[39m Responding to client with driver.findElement() result: {"element-6066-11e4-a52e-4f735466cecf":"cd136f66-c858-460a-85d5-be451c976d98","ELEMENT":"cd136f66-c858-460a-85d5-be451c976d98"}
&amp#27;[35m[HTTP]&amp#27;[39m &amp#27;[37m<-- POST /wd/hub/session/f93268b4-2919-4fc5-8680-4b4d0e835fe1/element &amp#27;[39m&amp#27;[32m200&amp#27;[39m &amp#27;[90m576 ms - 137&amp#27;[39m
&amp#27;[35m[HTTP]&amp#27;[39m &amp#27;[90m&amp#27;[39m
&amp#27;[35m[HTTP]&amp#27;[39m &amp#27;[37m-->&amp#27;[39m &amp#27;[37mPOST&amp#27;[39m &amp#27;[37m/wd/hub/session/f93268b4-2919-4fc5-8680-4b4d0e835fe1/element/cd136f66-c858-460a-85d5-be451c976d98/click&amp#27;[39m
&amp#27;[35m[HTTP]&amp#27;[39m &amp#27;[90m{"id":"cd136f66-c858-460a-85d5-be451c976d98"}&amp#27;[39m
[debug] &amp#27;[35m[W3C (f93268b4)]&amp#27;[39m Calling AppiumDriver.click() with args: ["cd136f66-c858-460a-85d5-be451c976d98","f93268b4-2919-4fc5-8680-4b4d0e835fe1"]
[debug] &amp#27;[35m[WD Proxy]&amp#27;[39m Matched '/element/cd136f66-c858-460a-85d5-be451c976d98/click' to command name 'click'
[debug] &amp#27;[35m[WD Proxy]&amp#27;[39m Proxying [POST /element/cd136f66-c858-460a-85d5-be451c976d98/click] to [POST http://127.0.0.1:8200/wd/hub/session/c0327d69-2521-479e-82fc-9dc670cc62df/element/cd136f66-c858-460a-85d5-be451c976d98/click] with body: {"element":"cd136f66-c858-460a-85d5-be451c976d98"}
[debug] &amp#27;[35m[WD Proxy]&amp#27;[39m Got response with status 200: {"sessionId":"c0327d69-2521-479e-82fc-9dc670cc62df","value":null}
[debug] &amp#27;[35m[W3C (f93268b4)]&amp#27;[39m Responding to client with driver.click() result: null
&amp#27;[35m[HTTP]&amp#27;[39m &amp#27;[37m<-- POST /wd/hub/session/f93268b4-2919-4fc5-8680-4b4d0e835fe1/element/cd136f66-c858-460a-85d5-be451c976d98/click &amp#27;[39m&amp#27;[32m200&amp#27;[39m &amp#27;[90m41 ms - 14&amp#27;[39m
&amp#27;[35m[HTTP]&amp#27;[39m &amp#27;[90m&amp#27;[39m
&amp#27;[35m[HTTP]&amp#27;[39m &amp#27;[37m-->&amp#27;[39m &amp#27;[37mGET&amp#27;[39m &amp#27;[37m/wd/hub/session/f93268b4-2919-4fc5-8680-4b4d0e835fe1&amp#27;[39m
&amp#27;[35m[HTTP]&amp#27;[39m &amp#27;[90m{}&amp#27;[39m
[debug] &amp#27;[35m[W3C (f93268b4)]&amp#27;[39m Calling AppiumDriver.getSession() with args: ["f93268b4-2919-4fc5-8680-4b4d0e835fe1"]
[debug] &amp#27;[35m[UiAutomator2]&amp#27;[39m Getting session details from server to mix in
[debug] &amp#27;[35m[WD Proxy]&amp#27;[39m Matched '/' to command name 'getSession'
[debug] &amp#27;[35m[WD Proxy]&amp#27;[39m Proxying [GET /] to [GET http://127.0.0.1:8200/wd/hub/session/c0327d69-2521-479e-82fc-9dc670cc62df] with no body
[debug] &amp#27;[35m[WD Proxy]&amp#27;[39m Got response with status 200: {"sessionId":"c0327d69-2521-479e-82fc-9dc670cc62df","value":{"lastScrollData":{"toIndex":-1,"maxScrollY":2299,"maxScrollX":0,"scrollY":2299,"scrollX":0,"fromIndex":-1,"itemCount":-1}}}
[debug] &amp#27;[35m[W3C (f93268b4)]&amp#27;[39m Responding to client with driver.getSession() result: {"platform":"LINUX","webStorageEnabled":false,"takesScreenshot":true,"javascriptEnabled":true,"databaseEnabled":false,"networkConnectionEnabled":true,"locationContextEnabled":false,"warnings":{},"desired":{"platformName":"android","skipDeviceInitialization":true,"skipServerInstallation":false,"app":"./Resources/in.workindia.apk","appActivity":".RegisterActivity","appPackage":"in.workindia.nileshdungarwal.workindiaandroid","platformVersion":"8.1"},"platformName":"android","skipDeviceInitialization":true,"skipServerInstallation":false,"app":"./Resources/in.workindia.apk","appActivity":".RegisterActivity","appPackage":"in.workindia.nileshdungarwal.workindiaandroid","platformVersion":"8.1.0","deviceName":"emulator-5554","deviceUDID":"emulator-5554","deviceApiLevel":27,"deviceScreenSize":"1080x2160","deviceScreenDensity":440,"deviceModel":"Android SDK built for x86","deviceManufacturer":"Google","pixelRatio":2.75,"statBarHeight":66,"viewportRect":{"left":0,"top":66,"width":1080,"height":1962},"lastScrollData":{...
&amp#27;[35m[HTTP]&amp#27;[39m &amp#27;[37m<-- GET /wd/hub/session/f93268b4-2919-4fc5-8680-4b4d0e835fe1 &amp#27;[39m&amp#27;[32m200&amp#27;[39m &amp#27;[90m18 ms - 1135&amp#27;[39m
&amp#27;[35m[HTTP]&amp#27;[39m &amp#27;[90m&amp#27;[39m
&amp#27;[35m[HTTP]&amp#27;[39m &amp#27;[37m-->&amp#27;[39m &amp#27;[37mPOST&amp#27;[39m &amp#27;[37m/wd/hub/session/f93268b4-2919-4fc5-8680-4b4d0e835fe1/element&amp#27;[39m
&amp#27;[35m[HTTP]&amp#27;[39m &amp#27;[90m{"using":"id","value":"in.workindia.nileshdungarwal.workindiaandroid:id/et_course"}&amp#27;[39m
[debug] &amp#27;[35m[W3C (f93268b4)]&amp#27;[39m Calling AppiumDriver.findElement() with args: ["id","in.workindia.nileshdungarwal.workindiaandroid:id/et_course","f93268b4-2919-4fc5-8680-4b4d0e835fe1"]
[debug] &amp#27;[35m[BaseDriver]&amp#27;[39m Valid locator strategies for this request: xpath, id, class name, accessibility id, css selector, -android uiautomator
[debug] &amp#27;[35m[BaseDriver]&amp#27;[39m Waiting up to 50000 ms for condition
[debug] &amp#27;[35m[WD Proxy]&amp#27;[39m Matched '/element' to command name 'findElement'
[debug] &amp#27;[35m[WD Proxy]&amp#27;[39m Proxying [POST /element] to [POST http://127.0.0.1:8200/wd/hub/session/c0327d69-2521-479e-82fc-9dc670cc62df/element] with body: {"strategy":"id","selector":"in.workindia.nileshdungarwal.workindiaandroid:id/et_course","context":"","multiple":false}
[debug] &amp#27;[35m[WD Proxy]&amp#27;[39m Got response with status 200: {"sessionId":"c0327d69-2521-479e-82fc-9dc670cc62df","value":{"ELEMENT":"d542653c-6f6f-4e1f-9088-c9b69a955de9","element-6066-11e4-a52e-4f735466cecf":"d542653c-6f6f-4e1f-9088-c9b69a955de9"}}
[debug] &amp#27;[35m[W3C (f93268b4)]&amp#27;[39m Responding to client with driver.findElement() result: {"element-6066-11e4-a52e-4f735466cecf":"d542653c-6f6f-4e1f-9088-c9b69a955de9","ELEMENT":"d542653c-6f6f-4e1f-9088-c9b69a955de9"}
&amp#27;[35m[HTTP]&amp#27;[39m &amp#27;[37m<-- POST /wd/hub/session/f93268b4-2919-4fc5-8680-4b4d0e835fe1/element &amp#27;[39m&amp#27;[32m200&amp#27;[39m &amp#27;[90m116 ms - 137&amp#27;[39m
&amp#27;[35m[HTTP]&amp#27;[39m &amp#27;[90m&amp#27;[39m
&amp#27;[35m[HTTP]&amp#27;[39m &amp#27;[37m-->&amp#27;[39m &amp#27;[37mPOST&amp#27;[39m &amp#27;[37m/wd/hub/session/f93268b4-2919-4fc5-8680-4b4d0e835fe1/element/d542653c-6f6f-4e1f-9088-c9b69a955de9/click&amp#27;[39m
&amp#27;[35m[HTTP]&amp#27;[39m &amp#27;[90m{"id":"d542653c-6f6f-4e1f-9088-c9b69a955de9"}&amp#27;[39m
[debug] &amp#27;[35m[W3C (f93268b4)]&amp#27;[39m Calling AppiumDriver.click() with args: ["d542653c-6f6f-4e1f-9088-c9b69a955de9","f93268b4-2919-4fc5-8680-4b4d0e835fe1"]
[debug] &amp#27;[35m[WD Proxy]&amp#27;[39m Matched '/element/d542653c-6f6f-4e1f-9088-c9b69a955de9/click' to command name 'click'
[debug] &amp#27;[35m[WD Proxy]&amp#27;[39m Proxying [POST /element/d542653c-6f6f-4e1f-9088-c9b69a955de9/click] to [POST http://127.0.0.1:8200/wd/hub/session/c0327d69-2521-479e-82fc-9dc670cc62df/element/d542653c-6f6f-4e1f-9088-c9b69a955de9/click] with body: {"element":"d542653c-6f6f-4e1f-9088-c9b69a955de9"}
[debug] &amp#27;[35m[WD Proxy]&amp#27;[39m Got response with status 200: {"sessionId":"c0327d69-2521-479e-82fc-9dc670cc62df","value":null}
[debug] &amp#27;[35m[W3C (f93268b4)]&amp#27;[39m Responding to client with driver.click() result: null
&amp#27;[35m[HTTP]&amp#27;[39m &amp#27;[37m<-- POST /wd/hub/session/f93268b4-2919-4fc5-8680-4b4d0e835fe1/element/d542653c-6f6f-4e1f-9088-c9b69a955de9/click &amp#27;[39m&amp#27;[32m200&amp#27;[39m &amp#27;[90m487 ms - 14&amp#27;[39m
&amp#27;[35m[HTTP]&amp#27;[39m &amp#27;[90m&amp#27;[39m
&amp#27;[35m[HTTP]&amp#27;[39m &amp#27;[37m-->&amp#27;[39m &amp#27;[37mGET&amp#27;[39m &amp#27;[37m/wd/hub/session/f93268b4-2919-4fc5-8680-4b4d0e835fe1&amp#27;[39m
&amp#27;[35m[HTTP]&amp#27;[39m &amp#27;[90m{}&amp#27;[39m
[debug] &amp#27;[35m[W3C (f93268b4)]&amp#27;[39m Calling AppiumDriver.getSession() with args: ["f93268b4-2919-4fc5-8680-4b4d0e835fe1"]
[debug] &amp#27;[35m[UiAutomator2]&amp#27;[39m Getting session details from server to mix in
[debug] &amp#27;[35m[WD Proxy]&amp#27;[39m Matched '/' to command name 'getSession'
[debug] &amp#27;[35m[WD Proxy]&amp#27;[39m Proxying [GET /] to [GET http://127.0.0.1:8200/wd/hub/session/c0327d69-2521-479e-82fc-9dc670cc62df] with no body
[debug] &amp#27;[35m[WD Proxy]&amp#27;[39m Got response with status 200: {"sessionId":"c0327d69-2521-479e-82fc-9dc670cc62df","value":{"lastScrollData":{"toIndex":-1,"maxScrollY":2299,"maxScrollX":0,"scrollY":2299,"scrollX":0,"fromIndex":-1,"itemCount":-1}}}
[debug] &amp#27;[35m[W3C (f93268b4)]&amp#27;[39m Responding to client with driver.getSession() result: {"platform":"LINUX","webStorageEnabled":false,"takesScreenshot":true,"javascriptEnabled":true,"databaseEnabled":false,"networkConnectionEnabled":true,"locationContextEnabled":false,"warnings":{},"desired":{"platformName":"android","skipDeviceInitialization":true,"skipServerInstallation":false,"app":"./Resources/in.workindia.apk","appActivity":".RegisterActivity","appPackage":"in.workindia.nileshdungarwal.workindiaandroid","platformVersion":"8.1"},"platformName":"android","skipDeviceInitialization":true,"skipServerInstallation":false,"app":"./Resources/in.workindia.apk","appActivity":".RegisterActivity","appPackage":"in.workindia.nileshdungarwal.workindiaandroid","platformVersion":"8.1.0","deviceName":"emulator-5554","deviceUDID":"emulator-5554","deviceApiLevel":27,"deviceScreenSize":"1080x2160","deviceScreenDensity":440,"deviceModel":"Android SDK built for x86","deviceManufacturer":"Google","pixelRatio":2.75,"statBarHeight":66,"viewportRect":{"left":0,"top":66,"width":1080,"height":1962},"lastScrollData":{...
&amp#27;[35m[HTTP]&amp#27;[39m &amp#27;[37m<-- GET /wd/hub/session/f93268b4-2919-4fc5-8680-4b4d0e835fe1 &amp#27;[39m&amp#27;[32m200&amp#27;[39m &amp#27;[90m23 ms - 1135&amp#27;[39m
&amp#27;[35m[HTTP]&amp#27;[39m &amp#27;[90m&amp#27;[39m
&amp#27;[35m[HTTP]&amp#27;[39m &amp#27;[37m-->&amp#27;[39m &amp#27;[37mPOST&amp#27;[39m &amp#27;[37m/wd/hub/session/f93268b4-2919-4fc5-8680-4b4d0e835fe1/element&amp#27;[39m
&amp#27;[35m[HTTP]&amp#27;[39m &amp#27;[90m{"using":"xpath","value":"//android.widget.ListView/android.widget.CheckedTextView[11]"}&amp#27;[39m
[debug] &amp#27;[35m[W3C (f93268b4)]&amp#27;[39m Calling AppiumDriver.findElement() with args: ["xpath","//android.widget.ListView/android.widget.CheckedTextView[11]","f93268b4-2919-4fc5-8680-4b4d0e835fe1"]
[debug] &amp#27;[35m[BaseDriver]&amp#27;[39m Valid locator strategies for this request: xpath, id, class name, accessibility id, css selector, -android uiautomator
[debug] &amp#27;[35m[BaseDriver]&amp#27;[39m Waiting up to 50000 ms for condition
[debug] &amp#27;[35m[WD Proxy]&amp#27;[39m Matched '/element' to command name 'findElement'
[debug] &amp#27;[35m[WD Proxy]&amp#27;[39m Proxying [POST /element] to [POST http://127.0.0.1:8200/wd/hub/session/c0327d69-2521-479e-82fc-9dc670cc62df/element] with body: {"strategy":"xpath","selector":"//android.widget.ListView/android.widget.CheckedTextView[11]","context":"","multiple":false}
&amp#27;[35m[WD Proxy]&amp#27;[39m Got response with status 404: {"sessionId":"c0327d69-2521-479e-82fc-9dc670cc62df","value":{"error":"no such element","message":"An element could not be located on the page using the given search parameters","stacktrace":"io.appium.uiautomator2.common.exceptions.ElementNotFoundException: An element could not be located on the page using the given search parameters\n\tat io.appium.uiautomator2.handler.FindElement.findElement(FindElement.java:96)\n\tat io.appium.uiautomator2.handler.FindElement.safeHandle(FindElement.java:71)\n\tat io.appium.uiautomator2.handler.request.SafeRequestHandler.handle(SafeRequestHandler.java:41)\n\tat io.appium.uiautomator2.server.AppiumServlet.handleRequest(AppiumServlet.java:261)\n\tat io.appium.uiautomator2.server.AppiumServlet.handleHttpRequest(AppiumServlet.java:255)\n\tat io.appium.uiautomator2.http.ServerHandler.channelRead(ServerHandler.java:68)\n\tat io.netty.channel.AbstractChannelHandlerContext.invokeChannelRead(AbstractChannelHandlerContext.java:366)\n\tat io.netty.channel.AbstractChannelHandlerCont...
[debug] &amp#27;[35m[W3C]&amp#27;[39m Matched W3C error code 'no such element' to NoSuchElementError
[debug] &amp#27;[35m[BaseDriver]&amp#27;[39m Waited for 207 ms so far
[debug] &amp#27;[35m[WD Proxy]&amp#27;[39m Matched '/element' to command name 'findElement'
[debug] &amp#27;[35m[WD Proxy]&amp#27;[39m Proxying [POST /element] to [POST http://127.0.0.1:8200/wd/hub/session/c0327d69-2521-479e-82fc-9dc670cc62df/element] with body: {"strategy":"xpath","selector":"//android.widget.ListView/android.widget.CheckedTextView[11]","context":"","multiple":false}
[debug] &amp#27;[35m[WD Proxy]&amp#27;[39m Got response with status 200: {"sessionId":"c0327d69-2521-479e-82fc-9dc670cc62df","value":{"ELEMENT":"f1b2726a-c36a-4d66-9723-c005c62708eb","element-6066-11e4-a52e-4f735466cecf":"f1b2726a-c36a-4d66-9723-c005c62708eb"}}
[debug] &amp#27;[35m[W3C (f93268b4)]&amp#27;[39m Responding to client with driver.findElement() result: {"element-6066-11e4-a52e-4f735466cecf":"f1b2726a-c36a-4d66-9723-c005c62708eb","ELEMENT":"f1b2726a-c36a-4d66-9723-c005c62708eb"}
&amp#27;[35m[HTTP]&amp#27;[39m &amp#27;[37m<-- POST /wd/hub/session/f93268b4-2919-4fc5-8680-4b4d0e835fe1/element &amp#27;[39m&amp#27;[32m200&amp#27;[39m &amp#27;[90m914 ms - 137&amp#27;[39m
&amp#27;[35m[HTTP]&amp#27;[39m &amp#27;[90m&amp#27;[39m
&amp#27;[35m[HTTP]&amp#27;[39m &amp#27;[37m-->&amp#27;[39m &amp#27;[37mPOST&amp#27;[39m &amp#27;[37m/wd/hub/session/f93268b4-2919-4fc5-8680-4b4d0e835fe1/element/f1b2726a-c36a-4d66-9723-c005c62708eb/click&amp#27;[39m
&amp#27;[35m[HTTP]&amp#27;[39m &amp#27;[90m{"id":"f1b2726a-c36a-4d66-9723-c005c62708eb"}&amp#27;[39m
[debug] &amp#27;[35m[W3C (f93268b4)]&amp#27;[39m Calling AppiumDriver.click() with args: ["f1b2726a-c36a-4d66-9723-c005c62708eb","f93268b4-2919-4fc5-8680-4b4d0e835fe1"]
[debug] &amp#27;[35m[WD Proxy]&amp#27;[39m Matched '/element/f1b2726a-c36a-4d66-9723-c005c62708eb/click' to command name 'click'
[debug] &amp#27;[35m[WD Proxy]&amp#27;[39m Proxying [POST /element/f1b2726a-c36a-4d66-9723-c005c62708eb/click] to [POST http://127.0.0.1:8200/wd/hub/session/c0327d69-2521-479e-82fc-9dc670cc62df/element/f1b2726a-c36a-4d66-9723-c005c62708eb/click] with body: {"element":"f1b2726a-c36a-4d66-9723-c005c62708eb"}
[debug] &amp#27;[35m[WD Proxy]&amp#27;[39m Got response with status 200: {"sessionId":"c0327d69-2521-479e-82fc-9dc670cc62df","value":null}
[debug] &amp#27;[35m[W3C (f93268b4)]&amp#27;[39m Responding to client with driver.click() result: null
&amp#27;[35m[HTTP]&amp#27;[39m &amp#27;[37m<-- POST /wd/hub/session/f93268b4-2919-4fc5-8680-4b4d0e835fe1/element/f1b2726a-c36a-4d66-9723-c005c62708eb/click &amp#27;[39m&amp#27;[32m200&amp#27;[39m &amp#27;[90m689 ms - 14&amp#27;[39m
&amp#27;[35m[HTTP]&amp#27;[39m &amp#27;[90m&amp#27;[39m
&amp#27;[35m[HTTP]&amp#27;[39m &amp#27;[37m-->&amp#27;[39m &amp#27;[37mGET&amp#27;[39m &amp#27;[37m/wd/hub/session/f93268b4-2919-4fc5-8680-4b4d0e835fe1&amp#27;[39m
&amp#27;[35m[HTTP]&amp#27;[39m &amp#27;[90m{}&amp#27;[39m
[debug] &amp#27;[35m[W3C (f93268b4)]&amp#27;[39m Calling AppiumDriver.getSession() with args: ["f93268b4-2919-4fc5-8680-4b4d0e835fe1"]
[debug] &amp#27;[35m[UiAutomator2]&amp#27;[39m Getting session details from server to mix in
[debug] &amp#27;[35m[WD Proxy]&amp#27;[39m Matched '/' to command name 'getSession'
[debug] &amp#27;[35m[WD Proxy]&amp#27;[39m Proxying [GET /] to [GET http://127.0.0.1:8200/wd/hub/session/c0327d69-2521-479e-82fc-9dc670cc62df] with no body
[debug] &amp#27;[35m[WD Proxy]&amp#27;[39m Got response with status 200: {"sessionId":"c0327d69-2521-479e-82fc-9dc670cc62df","value":{"lastScrollData":{"toIndex":-1,"maxScrollY":2299,"maxScrollX":0,"scrollY":2299,"scrollX":0,"fromIndex":-1,"itemCount":-1}}}
[debug] &amp#27;[35m[W3C (f93268b4)]&amp#27;[39m Responding to client with driver.getSession() result: {"platform":"LINUX","webStorageEnabled":false,"takesScreenshot":true,"javascriptEnabled":true,"databaseEnabled":false,"networkConnectionEnabled":true,"locationContextEnabled":false,"warnings":{},"desired":{"platformName":"android","skipDeviceInitialization":true,"skipServerInstallation":false,"app":"./Resources/in.workindia.apk","appActivity":".RegisterActivity","appPackage":"in.workindia.nileshdungarwal.workindiaandroid","platformVersion":"8.1"},"platformName":"android","skipDeviceInitialization":true,"skipServerInstallation":false,"app":"./Resources/in.workindia.apk","appActivity":".RegisterActivity","appPackage":"in.workindia.nileshdungarwal.workindiaandroid","platformVersion":"8.1.0","deviceName":"emulator-5554","deviceUDID":"emulator-5554","deviceApiLevel":27,"deviceScreenSize":"1080x2160","deviceScreenDensity":440,"deviceModel":"Android SDK built for x86","deviceManufacturer":"Google","pixelRatio":2.75,"statBarHeight":66,"viewportRect":{"left":0,"top":66,"width":1080,"height":1962},"lastScrollData":{...
&amp#27;[35m[HTTP]&amp#27;[39m &amp#27;[37m<-- GET /wd/hub/session/f93268b4-2919-4fc5-8680-4b4d0e835fe1 &amp#27;[39m&amp#27;[32m200&amp#27;[39m &amp#27;[90m29 ms - 1135&amp#27;[39m
&amp#27;[35m[HTTP]&amp#27;[39m &amp#27;[90m&amp#27;[39m
&amp#27;[35m[HTTP]&amp#27;[39m &amp#27;[37m-->&amp#27;[39m &amp#27;[37mGET&amp#27;[39m &amp#27;[37m/wd/hub/session/f93268b4-2919-4fc5-8680-4b4d0e835fe1&amp#27;[39m
&amp#27;[35m[HTTP]&amp#27;[39m &amp#27;[90m{}&amp#27;[39m
[debug] &amp#27;[35m[W3C (f93268b4)]&amp#27;[39m Calling AppiumDriver.getSession() with args: ["f93268b4-2919-4fc5-8680-4b4d0e835fe1"]
[debug] &amp#27;[35m[UiAutomator2]&amp#27;[39m Getting session details from server to mix in
[debug] &amp#27;[35m[WD Proxy]&amp#27;[39m Matched '/' to command name 'getSession'
[debug] &amp#27;[35m[WD Proxy]&amp#27;[39m Proxying [GET /] to [GET http://127.0.0.1:8200/wd/hub/session/c0327d69-2521-479e-82fc-9dc670cc62df] with no body
[debug] &amp#27;[35m[WD Proxy]&amp#27;[39m Got response with status 200: {"sessionId":"c0327d69-2521-479e-82fc-9dc670cc62df","value":{"lastScrollData":{"toIndex":-1,"maxScrollY":2299,"maxScrollX":0,"scrollY":2299,"scrollX":0,"fromIndex":-1,"itemCount":-1}}}
[debug] &amp#27;[35m[W3C (f93268b4)]&amp#27;[39m Responding to client with driver.getSession() result: {"platform":"LINUX","webStorageEnabled":false,"takesScreenshot":true,"javascriptEnabled":true,"databaseEnabled":false,"networkConnectionEnabled":true,"locationContextEnabled":false,"warnings":{},"desired":{"platformName":"android","skipDeviceInitialization":true,"skipServerInstallation":false,"app":"./Resources/in.workindia.apk","appActivity":".RegisterActivity","appPackage":"in.workindia.nileshdungarwal.workindiaandroid","platformVersion":"8.1"},"platformName":"android","skipDeviceInitialization":true,"skipServerInstallation":false,"app":"./Resources/in.workindia.apk","appActivity":".RegisterActivity","appPackage":"in.workindia.nileshdungarwal.workindiaandroid","platformVersion":"8.1.0","deviceName":"emulator-5554","deviceUDID":"emulator-5554","deviceApiLevel":27,"deviceScreenSize":"1080x2160","deviceScreenDensity":440,"deviceModel":"Android SDK built for x86","deviceManufacturer":"Google","pixelRatio":2.75,"statBarHeight":66,"viewportRect":{"left":0,"top":66,"width":1080,"height":1962},"lastScrollData":{...
&amp#27;[35m[HTTP]&amp#27;[39m &amp#27;[37m<-- GET /wd/hub/session/f93268b4-2919-4fc5-8680-4b4d0e835fe1 &amp#27;[39m&amp#27;[32m200&amp#27;[39m &amp#27;[90m17 ms - 1135&amp#27;[39m
&amp#27;[35m[HTTP]&amp#27;[39m &amp#27;[90m&amp#27;[39m
&amp#27;[35m[HTTP]&amp#27;[39m &amp#27;[37m-->&amp#27;[39m &amp#27;[37mGET&amp#27;[39m &amp#27;[37m/wd/hub/session/f93268b4-2919-4fc5-8680-4b4d0e835fe1&amp#27;[39m
&amp#27;[35m[HTTP]&amp#27;[39m &amp#27;[90m{}&amp#27;[39m
[debug] &amp#27;[35m[W3C (f93268b4)]&amp#27;[39m Calling AppiumDriver.getSession() with args: ["f93268b4-2919-4fc5-8680-4b4d0e835fe1"]
[debug] &amp#27;[35m[UiAutomator2]&amp#27;[39m Getting session details from server to mix in
[debug] &amp#27;[35m[WD Proxy]&amp#27;[39m Matched '/' to command name 'getSession'
[debug] &amp#27;[35m[WD Proxy]&amp#27;[39m Proxying [GET /] to [GET http://127.0.0.1:8200/wd/hub/session/c0327d69-2521-479e-82fc-9dc670cc62df] with no body
[debug] &amp#27;[35m[WD Proxy]&amp#27;[39m Got response with status 200: {"sessionId":"c0327d69-2521-479e-82fc-9dc670cc62df","value":{"lastScrollData":{"toIndex":-1,"maxScrollY":2299,"maxScrollX":0,"scrollY":2299,"scrollX":0,"fromIndex":-1,"itemCount":-1}}}
[debug] &amp#27;[35m[W3C (f93268b4)]&amp#27;[39m Responding to client with driver.getSession() result: {"platform":"LINUX","webStorageEnabled":false,"takesScreenshot":true,"javascriptEnabled":true,"databaseEnabled":false,"networkConnectionEnabled":true,"locationContextEnabled":false,"warnings":{},"desired":{"platformName":"android","skipDeviceInitialization":true,"skipServerInstallation":false,"app":"./Resources/in.workindia.apk","appActivity":".RegisterActivity","appPackage":"in.workindia.nileshdungarwal.workindiaandroid","platformVersion":"8.1"},"platformName":"android","skipDeviceInitialization":true,"skipServerInstallation":false,"app":"./Resources/in.workindia.apk","appActivity":".RegisterActivity","appPackage":"in.workindia.nileshdungarwal.workindiaandroid","platformVersion":"8.1.0","deviceName":"emulator-5554","deviceUDID":"emulator-5554","deviceApiLevel":27,"deviceScreenSize":"1080x2160","deviceScreenDensity":440,"deviceModel":"Android SDK built for x86","deviceManufacturer":"Google","pixelRatio":2.75,"statBarHeight":66,"viewportRect":{"left":0,"top":66,"width":1080,"height":1962},"lastScrollData":{...
&amp#27;[35m[HTTP]&amp#27;[39m &amp#27;[37m<-- GET /wd/hub/session/f93268b4-2919-4fc5-8680-4b4d0e835fe1 &amp#27;[39m&amp#27;[32m200&amp#27;[39m &amp#27;[90m15 ms - 1135&amp#27;[39m
&amp#27;[35m[HTTP]&amp#27;[39m &amp#27;[90m&amp#27;[39m
&amp#27;[35m[HTTP]&amp#27;[39m &amp#27;[37m-->&amp#27;[39m &amp#27;[37mPOST&amp#27;[39m &amp#27;[37m/wd/hub/session/f93268b4-2919-4fc5-8680-4b4d0e835fe1/element&amp#27;[39m
&amp#27;[35m[HTTP]&amp#27;[39m &amp#27;[90m{"using":"id","value":"in.workindia.nileshdungarwal.workindiaandroid:id/btn_done"}&amp#27;[39m
[debug] &amp#27;[35m[W3C (f93268b4)]&amp#27;[39m Calling AppiumDriver.findElement() with args: ["id","in.workindia.nileshdungarwal.workindiaandroid:id/btn_done","f93268b4-2919-4fc5-8680-4b4d0e835fe1"]
[debug] &amp#27;[35m[BaseDriver]&amp#27;[39m Valid locator strategies for this request: xpath, id, class name, accessibility id, css selector, -android uiautomator
[debug] &amp#27;[35m[BaseDriver]&amp#27;[39m Waiting up to 50000 ms for condition
[debug] &amp#27;[35m[WD Proxy]&amp#27;[39m Matched '/element' to command name 'findElement'
[debug] &amp#27;[35m[WD Proxy]&amp#27;[39m Proxying [POST /element] to [POST http://127.0.0.1:8200/wd/hub/session/c0327d69-2521-479e-82fc-9dc670cc62df/element] with body: {"strategy":"id","selector":"in.workindia.nileshdungarwal.workindiaandroid:id/btn_done","context":"","multiple":false}
[debug] &amp#27;[35m[WD Proxy]&amp#27;[39m Got response with status 200: {"sessionId":"c0327d69-2521-479e-82fc-9dc670cc62df","value":{"ELEMENT":"8bf739fb-e373-405a-82b2-3c2a0823b411","element-6066-11e4-a52e-4f735466cecf":"8bf739fb-e373-405a-82b2-3c2a0823b411"}}
[debug] &amp#27;[35m[W3C (f93268b4)]&amp#27;[39m Responding to client with driver.findElement() result: {"element-6066-11e4-a52e-4f735466cecf":"8bf739fb-e373-405a-82b2-3c2a0823b411","ELEMENT":"8bf739fb-e373-405a-82b2-3c2a0823b411"}
&amp#27;[35m[HTTP]&amp#27;[39m &amp#27;[37m<-- POST /wd/hub/session/f93268b4-2919-4fc5-8680-4b4d0e835fe1/element &amp#27;[39m&amp#27;[32m200&amp#27;[39m &amp#27;[90m34 ms - 137&amp#27;[39m
&amp#27;[35m[HTTP]&amp#27;[39m &amp#27;[90m&amp#27;[39m
&amp#27;[35m[HTTP]&amp#27;[39m &amp#27;[37m-->&amp#27;[39m &amp#27;[37mPOST&amp#27;[39m &amp#27;[37m/wd/hub/session/f93268b4-2919-4fc5-8680-4b4d0e835fe1/element/8bf739fb-e373-405a-82b2-3c2a0823b411/click&amp#27;[39m
&amp#27;[35m[HTTP]&amp#27;[39m &amp#27;[90m{"id":"8bf739fb-e373-405a-82b2-3c2a0823b411"}&amp#27;[39m
[debug] &amp#27;[35m[W3C (f93268b4)]&amp#27;[39m Calling AppiumDriver.click() with args: ["8bf739fb-e373-405a-82b2-3c2a0823b411","f93268b4-2919-4fc5-8680-4b4d0e835fe1"]
[debug] &amp#27;[35m[WD Proxy]&amp#27;[39m Matched '/element/8bf739fb-e373-405a-82b2-3c2a0823b411/click' to command name 'click'
[debug] &amp#27;[35m[WD Proxy]&amp#27;[39m Proxying [POST /element/8bf739fb-e373-405a-82b2-3c2a0823b411/click] to [POST http://127.0.0.1:8200/wd/hub/session/c0327d69-2521-479e-82fc-9dc670cc62df/element/8bf739fb-e373-405a-82b2-3c2a0823b411/click] with body: {"element":"8bf739fb-e373-405a-82b2-3c2a0823b411"}
[debug] &amp#27;[35m[WD Proxy]&amp#27;[39m Got response with status 200: {"sessionId":"c0327d69-2521-479e-82fc-9dc670cc62df","value":null}
[debug] &amp#27;[35m[W3C (f93268b4)]&amp#27;[39m Responding to client with driver.click() result: null
&amp#27;[35m[HTTP]&amp#27;[39m &amp#27;[37m<-- POST /wd/hub/session/f93268b4-2919-4fc5-8680-4b4d0e835fe1/element/8bf739fb-e373-405a-82b2-3c2a0823b411/click &amp#27;[39m&amp#27;[32m200&amp#27;[39m &amp#27;[90m36 ms - 14&amp#27;[39m
&amp#27;[35m[HTTP]&amp#27;[39m &amp#27;[90m&amp#27;[39m
&amp#27;[35m[HTTP]&amp#27;[39m &amp#27;[37m-->&amp#27;[39m &amp#27;[37mGET&amp#27;[39m &amp#27;[37m/wd/hub/session/f93268b4-2919-4fc5-8680-4b4d0e835fe1&amp#27;[39m
&amp#27;[35m[HTTP]&amp#27;[39m &amp#27;[90m{}&amp#27;[39m
[debug] &amp#27;[35m[W3C (f93268b4)]&amp#27;[39m Calling AppiumDriver.getSession() with args: ["f93268b4-2919-4fc5-8680-4b4d0e835fe1"]
[debug] &amp#27;[35m[UiAutomator2]&amp#27;[39m Getting session details from server to mix in
[debug] &amp#27;[35m[WD Proxy]&amp#27;[39m Matched '/' to command name 'getSession'
[debug] &amp#27;[35m[WD Proxy]&amp#27;[39m Proxying [GET /] to [GET http://127.0.0.1:8200/wd/hub/session/c0327d69-2521-479e-82fc-9dc670cc62df] with no body
[debug] &amp#27;[35m[WD Proxy]&amp#27;[39m Got response with status 200: {"sessionId":"c0327d69-2521-479e-82fc-9dc670cc62df","value":{"lastScrollData":{"toIndex":-1,"maxScrollY":2299,"maxScrollX":0,"scrollY":2299,"scrollX":0,"fromIndex":-1,"itemCount":-1}}}
[debug] &amp#27;[35m[W3C (f93268b4)]&amp#27;[39m Responding to client with driver.getSession() result: {"platform":"LINUX","webStorageEnabled":false,"takesScreenshot":true,"javascriptEnabled":true,"databaseEnabled":false,"networkConnectionEnabled":true,"locationContextEnabled":false,"warnings":{},"desired":{"platformName":"android","skipDeviceInitialization":true,"skipServerInstallation":false,"app":"./Resources/in.workindia.apk","appActivity":".RegisterActivity","appPackage":"in.workindia.nileshdungarwal.workindiaandroid","platformVersion":"8.1"},"platformName":"android","skipDeviceInitialization":true,"skipServerInstallation":false,"app":"./Resources/in.workindia.apk","appActivity":".RegisterActivity","appPackage":"in.workindia.nileshdungarwal.workindiaandroid","platformVersion":"8.1.0","deviceName":"emulator-5554","deviceUDID":"emulator-5554","deviceApiLevel":27,"deviceScreenSize":"1080x2160","deviceScreenDensity":440,"deviceModel":"Android SDK built for x86","deviceManufacturer":"Google","pixelRatio":2.75,"statBarHeight":66,"viewportRect":{"left":0,"top":66,"width":1080,"height":1962},"lastScrollData":{...
&amp#27;[35m[HTTP]&amp#27;[39m &amp#27;[37m<-- GET /wd/hub/session/f93268b4-2919-4fc5-8680-4b4d0e835fe1 &amp#27;[39m&amp#27;[32m200&amp#27;[39m &amp#27;[90m20 ms - 1135&amp#27;[39m
&amp#27;[35m[HTTP]&amp#27;[39m &amp#27;[90m&amp#27;[39m
&amp#27;[35m[HTTP]&amp#27;[39m &amp#27;[37m-->&amp#27;[39m &amp#27;[37mGET&amp#27;[39m &amp#27;[37m/wd/hub/session/f93268b4-2919-4fc5-8680-4b4d0e835fe1&amp#27;[39m
&amp#27;[35m[HTTP]&amp#27;[39m &amp#27;[90m{}&amp#27;[39m
[debug] &amp#27;[35m[W3C (f93268b4)]&amp#27;[39m Calling AppiumDriver.getSession() with args: ["f93268b4-2919-4fc5-8680-4b4d0e835fe1"]
[debug] &amp#27;[35m[UiAutomator2]&amp#27;[39m Getting session details from server to mix in
[debug] &amp#27;[35m[WD Proxy]&amp#27;[39m Matched '/' to command name 'getSession'
[debug] &amp#27;[35m[WD Proxy]&amp#27;[39m Proxying [GET /] to [GET http://127.0.0.1:8200/wd/hub/session/c0327d69-2521-479e-82fc-9dc670cc62df] with no body
[debug] &amp#27;[35m[WD Proxy]&amp#27;[39m Got response with status 200: {"sessionId":"c0327d69-2521-479e-82fc-9dc670cc62df","value":{"lastScrollData":{"toIndex":-1,"maxScrollY":2299,"maxScrollX":0,"scrollY":2299,"scrollX":0,"fromIndex":-1,"itemCount":-1}}}
[debug] &amp#27;[35m[W3C (f93268b4)]&amp#27;[39m Responding to client with driver.getSession() result: {"platform":"LINUX","webStorageEnabled":false,"takesScreenshot":true,"javascriptEnabled":true,"databaseEnabled":false,"networkConnectionEnabled":true,"locationContextEnabled":false,"warnings":{},"desired":{"platformName":"android","skipDeviceInitialization":true,"skipServerInstallation":false,"app":"./Resources/in.workindia.apk","appActivity":".RegisterActivity","appPackage":"in.workindia.nileshdungarwal.workindiaandroid","platformVersion":"8.1"},"platformName":"android","skipDeviceInitialization":true,"skipServerInstallation":false,"app":"./Resources/in.workindia.apk","appActivity":".RegisterActivity","appPackage":"in.workindia.nileshdungarwal.workindiaandroid","platformVersion":"8.1.0","deviceName":"emulator-5554","deviceUDID":"emulator-5554","deviceApiLevel":27,"deviceScreenSize":"1080x2160","deviceScreenDensity":440,"deviceModel":"Android SDK built for x86","deviceManufacturer":"Google","pixelRatio":2.75,"statBarHeight":66,"viewportRect":{"left":0,"top":66,"width":1080,"height":1962},"lastScrollData":{...
&amp#27;[35m[HTTP]&amp#27;[39m &amp#27;[37m<-- GET /wd/hub/session/f93268b4-2919-4fc5-8680-4b4d0e835fe1 &amp#27;[39m&amp#27;[32m200&amp#27;[39m &amp#27;[90m11 ms - 1135&amp#27;[39m
&amp#27;[35m[HTTP]&amp#27;[39m &amp#27;[90m&amp#27;[39m
&amp#27;[35m[HTTP]&amp#27;[39m &amp#27;[37m-->&amp#27;[39m &amp#27;[37mGET&amp#27;[39m &amp#27;[37m/wd/hub/session/f93268b4-2919-4fc5-8680-4b4d0e835fe1&amp#27;[39m
&amp#27;[35m[HTTP]&amp#27;[39m &amp#27;[90m{}&amp#27;[39m
[debug] &amp#27;[35m[W3C (f93268b4)]&amp#27;[39m Calling AppiumDriver.getSession() with args: ["f93268b4-2919-4fc5-8680-4b4d0e835fe1"]
[debug] &amp#27;[35m[UiAutomator2]&amp#27;[39m Getting session details from server to mix in
[debug] &amp#27;[35m[WD Proxy]&amp#27;[39m Matched '/' to command name 'getSession'
[debug] &amp#27;[35m[WD Proxy]&amp#27;[39m Proxying [GET /] to [GET http://127.0.0.1:8200/wd/hub/session/c0327d69-2521-479e-82fc-9dc670cc62df] with no body
[debug] &amp#27;[35m[WD Proxy]&amp#27;[39m Got response with status 200: {"sessionId":"c0327d69-2521-479e-82fc-9dc670cc62df","value":{"lastScrollData":{"toIndex":-1,"maxScrollY":2299,"maxScrollX":0,"scrollY":2299,"scrollX":0,"fromIndex":-1,"itemCount":-1}}}
[debug] &amp#27;[35m[W3C (f93268b4)]&amp#27;[39m Responding to client with driver.getSession() result: {"platform":"LINUX","webStorageEnabled":false,"takesScreenshot":true,"javascriptEnabled":true,"databaseEnabled":false,"networkConnectionEnabled":true,"locationContextEnabled":false,"warnings":{},"desired":{"platformName":"android","skipDeviceInitialization":true,"skipServerInstallation":false,"app":"./Resources/in.workindia.apk","appActivity":".RegisterActivity","appPackage":"in.workindia.nileshdungarwal.workindiaandroid","platformVersion":"8.1"},"platformName":"android","skipDeviceInitialization":true,"skipServerInstallation":false,"app":"./Resources/in.workindia.apk","appActivity":".RegisterActivity","appPackage":"in.workindia.nileshdungarwal.workindiaandroid","platformVersion":"8.1.0","deviceName":"emulator-5554","deviceUDID":"emulator-5554","deviceApiLevel":27,"deviceScreenSize":"1080x2160","deviceScreenDensity":440,"deviceModel":"Android SDK built for x86","deviceManufacturer":"Google","pixelRatio":2.75,"statBarHeight":66,"viewportRect":{"left":0,"top":66,"width":1080,"height":1962},"lastScrollData":{...
&amp#27;[35m[HTTP]&amp#27;[39m &amp#27;[37m<-- GET /wd/hub/session/f93268b4-2919-4fc5-8680-4b4d0e835fe1 &amp#27;[39m&amp#27;[32m200&amp#27;[39m &amp#27;[90m15 ms - 1135&amp#27;[39m
&amp#27;[35m[HTTP]&amp#27;[39m &amp#27;[90m&amp#27;[39m
&amp#27;[35m[HTTP]&amp#27;[39m &amp#27;[37m-->&amp#27;[39m &amp#27;[37mPOST&amp#27;[39m &amp#27;[37m/wd/hub/session/f93268b4-2919-4fc5-8680-4b4d0e835fe1/element&amp#27;[39m
&amp#27;[35m[HTTP]&amp#27;[39m &amp#27;[90m{"using":"id","value":"in.workindia.nileshdungarwal.workindiaandroid:id/btn_english"}&amp#27;[39m
[debug] &amp#27;[35m[W3C (f93268b4)]&amp#27;[39m Calling AppiumDriver.findElement() with args: ["id","in.workindia.nileshdungarwal.workindiaandroid:id/btn_english","f93268b4-2919-4fc5-8680-4b4d0e835fe1"]
[debug] &amp#27;[35m[BaseDriver]&amp#27;[39m Valid locator strategies for this request: xpath, id, class name, accessibility id, css selector, -android uiautomator
[debug] &amp#27;[35m[BaseDriver]&amp#27;[39m Waiting up to 50000 ms for condition
[debug] &amp#27;[35m[WD Proxy]&amp#27;[39m Matched '/element' to command name 'findElement'
[debug] &amp#27;[35m[WD Proxy]&amp#27;[39m Proxying [POST /element] to [POST http://127.0.0.1:8200/wd/hub/session/c0327d69-2521-479e-82fc-9dc670cc62df/element] with body: {"strategy":"id","selector":"in.workindia.nileshdungarwal.workindiaandroid:id/btn_english","context":"","multiple":false}
&amp#27;[35m[WD Proxy]&amp#27;[39m Got response with status 404: {"sessionId":"c0327d69-2521-479e-82fc-9dc670cc62df","value":{"error":"no such element","message":"An element could not be located on the page using the given search parameters","stacktrace":"io.appium.uiautomator2.common.exceptions.ElementNotFoundException: An element could not be located on the page using the given search parameters\n\tat io.appium.uiautomator2.handler.FindElement.safeHandle(FindElement.java:73)\n\tat io.appium.uiautomator2.handler.request.SafeRequestHandler.handle(SafeRequestHandler.java:41)\n\tat io.appium.uiautomator2.server.AppiumServlet.handleRequest(AppiumServlet.java:261)\n\tat io.appium.uiautomator2.server.AppiumServlet.handleHttpRequest(AppiumServlet.java:255)\n\tat io.appium.uiautomator2.http.ServerHandler.channelRead(ServerHandler.java:68)\n\tat io.netty.channel.AbstractChannelHandlerContext.invokeChannelRead(AbstractChannelHandlerContext.java:366)\n\tat io.netty.channel.AbstractChannelHandlerContext.invokeChannelRead(AbstractChannelHandlerContext.java:352)\n\tat io.netty.chann...
[debug] &amp#27;[35m[W3C]&amp#27;[39m Matched W3C error code 'no such element' to NoSuchElementError
[debug] &amp#27;[35m[BaseDriver]&amp#27;[39m Waited for 122 ms so far
[debug] &amp#27;[35m[WD Proxy]&amp#27;[39m Matched '/element' to command name 'findElement'
[debug] &amp#27;[35m[WD Proxy]&amp#27;[39m Proxying [POST /element] to [POST http://127.0.0.1:8200/wd/hub/session/c0327d69-2521-479e-82fc-9dc670cc62df/element] with body: {"strategy":"id","selector":"in.workindia.nileshdungarwal.workindiaandroid:id/btn_english","context":"","multiple":false}
[debug] &amp#27;[35m[WD Proxy]&amp#27;[39m Got response with status 200: {"sessionId":"c0327d69-2521-479e-82fc-9dc670cc62df","value":{"ELEMENT":"00ee7306-2e85-4c7e-86dc-66e1f5101a3b","element-6066-11e4-a52e-4f735466cecf":"00ee7306-2e85-4c7e-86dc-66e1f5101a3b"}}
[debug] &amp#27;[35m[W3C (f93268b4)]&amp#27;[39m Responding to client with driver.findElement() result: {"element-6066-11e4-a52e-4f735466cecf":"00ee7306-2e85-4c7e-86dc-66e1f5101a3b","ELEMENT":"00ee7306-2e85-4c7e-86dc-66e1f5101a3b"}
&amp#27;[35m[HTTP]&amp#27;[39m &amp#27;[37m<-- POST /wd/hub/session/f93268b4-2919-4fc5-8680-4b4d0e835fe1/element &amp#27;[39m&amp#27;[32m200&amp#27;[39m &amp#27;[90m1561 ms - 137&amp#27;[39m
&amp#27;[35m[HTTP]&amp#27;[39m &amp#27;[90m&amp#27;[39m
&amp#27;[35m[HTTP]&amp#27;[39m &amp#27;[37m-->&amp#27;[39m &amp#27;[37mPOST&amp#27;[39m &amp#27;[37m/wd/hub/session/f93268b4-2919-4fc5-8680-4b4d0e835fe1/element/00ee7306-2e85-4c7e-86dc-66e1f5101a3b/click&amp#27;[39m
&amp#27;[35m[HTTP]&amp#27;[39m &amp#27;[90m{"id":"00ee7306-2e85-4c7e-86dc-66e1f5101a3b"}&amp#27;[39m
[debug] &amp#27;[35m[W3C (f93268b4)]&amp#27;[39m Calling AppiumDriver.click() with args: ["00ee7306-2e85-4c7e-86dc-66e1f5101a3b","f93268b4-2919-4fc5-8680-4b4d0e835fe1"]
[debug] &amp#27;[35m[WD Proxy]&amp#27;[39m Matched '/element/00ee7306-2e85-4c7e-86dc-66e1f5101a3b/click' to command name 'click'
[debug] &amp#27;[35m[WD Proxy]&amp#27;[39m Proxying [POST /element/00ee7306-2e85-4c7e-86dc-66e1f5101a3b/click] to [POST http://127.0.0.1:8200/wd/hub/session/c0327d69-2521-479e-82fc-9dc670cc62df/element/00ee7306-2e85-4c7e-86dc-66e1f5101a3b/click] with body: {"element":"00ee7306-2e85-4c7e-86dc-66e1f5101a3b"}
[debug] &amp#27;[35m[WD Proxy]&amp#27;[39m Got response with status 200: {"sessionId":"c0327d69-2521-479e-82fc-9dc670cc62df","value":null}
[debug] &amp#27;[35m[W3C (f93268b4)]&amp#27;[39m Responding to client with driver.click() result: null
&amp#27;[35m[HTTP]&amp#27;[39m &amp#27;[37m<-- POST /wd/hub/session/f93268b4-2919-4fc5-8680-4b4d0e835fe1/element/00ee7306-2e85-4c7e-86dc-66e1f5101a3b/click &amp#27;[39m&amp#27;[32m200&amp#27;[39m &amp#27;[90m537 ms - 14&amp#27;[39m
&amp#27;[35m[HTTP]&amp#27;[39m &amp#27;[90m&amp#27;[39m
&amp#27;[35m[HTTP]&amp#27;[39m &amp#27;[37m-->&amp#27;[39m &amp#27;[37mDELETE&amp#27;[39m &amp#27;[37m/wd/hub/session/f93268b4-2919-4fc5-8680-4b4d0e835fe1&amp#27;[39m
&amp#27;[35m[HTTP]&amp#27;[39m &amp#27;[90m{}&amp#27;[39m
[debug] &amp#27;[35m[W3C (f93268b4)]&amp#27;[39m Calling AppiumDriver.deleteSession() with args: ["f93268b4-2919-4fc5-8680-4b4d0e835fe1"]
[debug] &amp#27;[35m[BaseDriver]&amp#27;[39m Event 'quitSessionRequested' logged at 1610628766966 (18:22:46 GMT+0530 (India Standard Time))
&amp#27;[35m[Appium]&amp#27;[39m Removing session f93268b4-2919-4fc5-8680-4b4d0e835fe1 from our master session list
[debug] &amp#27;[35m[UiAutomator2]&amp#27;[39m Deleting UiAutomator2 session
[debug] &amp#27;[35m[UiAutomator2]&amp#27;[39m Deleting UiAutomator2 server session
[debug] &amp#27;[35m[WD Proxy]&amp#27;[39m Matched '/' to command name 'deleteSession'
[debug] &amp#27;[35m[WD Proxy]&amp#27;[39m Proxying [DELETE /] to [DELETE http://127.0.0.1:8200/wd/hub/session/c0327d69-2521-479e-82fc-9dc670cc62df] with no body
[debug] &amp#27;[35m[WD Proxy]&amp#27;[39m Got response with status 200: {"sessionId":"c0327d69-2521-479e-82fc-9dc670cc62df","value":null}
[debug] &amp#27;[35m[ADB]&amp#27;[39m Running 'C:\Users\saurabhsoni\AppData\Local\Android\Sdk\platform-tools\adb.exe -P 5037 -s emulator-5554 shell am force-stop in.workindia.nileshdungarwal.workindiaandroid'
[debug] &amp#27;[35m[Logcat]&amp#27;[39m Stopping logcat capture
[debug] &amp#27;[35m[ADB]&amp#27;[39m Removing forwarded port socket connection: 8200 
[debug] &amp#27;[35m[ADB]&amp#27;[39m Running 'C:\Users\saurabhsoni\AppData\Local\Android\Sdk\platform-tools\adb.exe -P 5037 -s emulator-5554 forward --remove tcp:8200'
[debug] &amp#27;[35m[BaseDriver]&amp#27;[39m Event 'quitSessionFinished' logged at 1610628767144 (18:22:47 GMT+0530 (India Standard Time))
[debug] &amp#27;[35m[W3C (f93268b4)]&amp#27;[39m Received response: null
[debug] &amp#27;[35m[W3C (f93268b4)]&amp#27;[39m But deleting session, so not returning
[debug] &amp#27;[35m[W3C (f93268b4)]&amp#27;[39m Responding to client with driver.deleteSession() result: null
[debug] &amp#27;[35m[W3C (f93268b4)]&amp#27;[39m Destroying socket connection
&amp#27;[35m[HTTP]&amp#27;[39m &amp#27;[37m<-- DELETE /wd/hub/session/f93268b4-2919-4fc5-8680-4b4d0e835fe1 &amp#27;[39m&amp#27;[32m20
0&amp#27;  @tag3
[39m &amp#27;[90m180 ms -   Scenario Outline: input Intrest , Skills and Qualification Details of Registration # Registration.feature:50
14&amp#27;[39m
    When User enter the "Sobhit" and "1234567890"                                    # RegistrationStepDef.user_enter_the_and(String,String)
&amp#27;[35m[HTTP]&amp#27;[39m &amp#27;[90m&amp#27;[3    And User click on Submit button                                                  # RegistrationStepDef.user_click_on_Submit_button()
9m
    When User select DELHI                                                           # RegistrationStepDef.user_select_DELHI()
    Then User enter Area "Karol Bagh"                                                # RegistrationStepDef.user_enter_Area(String)
    Then User click on the Submit button                                             # RegistrationStepDef.user_click_on_the_Submit_button()
    Given User should be on Please fill more Details                                 # RegistrationStepDef.user_should_be_on_Please_fill_more_Details()
    When User Select Gender , Qualifications , school medium and Fluency in english  # RegistrationStepDef.user_Select_Gender_Qualifications_school_medium_and_Fluency_in_english()
    And About Experience , Age and Area of Interest                                  # RegistrationStepDef.about_Experience_Age_and_Area_of_Interest()
    And Click on Submit Button                                                       # RegistrationStepDef.click_on_Submit_Button()
    Then Choose your Area of Skills and Digree                                       # RegistrationStepDef.choose_your_Area_of_Skills_and_Digree()
    Then Click on Submit button                                                      # RegistrationStepDef.click_on_Submit_button()
    Then Choose Language                                                             # RegistrationStepDef.choose_Language()
]]></system-out>
    <system-err><![CDATA[Jan 14, 2021 6:21:35 PM io.appium.java_client.remote.AppiumCommandExecutor$1 lambda$0
INFO: Detected dialect: W3C
Jan 14, 2021 6:21:46 PM io.appium.java_client.remote.AppiumCommandExecutor$1 lambda$0
INFO: Detected dialect: W3C
Jan 14, 2021 6:22:09 PM io.appium.java_client.remote.AppiumCommandExecutor$1 lambda$0
INFO: Detected dialect: W3C
]]></system-err>
  </testcase>
  <testcase name="feature[Update the Information of Registered User](4)" classname="Runner.TestRunner" time="51.176">
    <system-out><![CDATA[Feature: Update the Information of Registered User

  @tag4
  Scenario Outline: input Intrest , Skills and Qualification Details of Registration # UpadteProfileInfo.feature:5
    When User enter the "<Name>" and "<PhoneNumber>"
    And User click on Submit button
    When User select DELHI
    Then User enter Area "<Area_name>"
    Then User click on the Submit button
    Given User should be on Please fill more Details
    When User Select Gender , Qualifications , school medium and Fluency in english
    And About Experience , Age and Area of Interest
    And Click on Submit Button
    Then Choose your Area of Skills and Digree
    Then Click on Submit button
    Then Choose Language
    Then User will Click on Profile Icon, User Will Click On My Profile Icon
    Then User Will Select Qualification

    Examples: 
&amp#27;[35m[HTTP]&amp#27;[39m &amp#27;[37m-->&amp#27;[39m &amp#27;[37mPOST&amp#27;[39m &amp#27;[37m/wd/hub/session&amp#27;[39m
&amp#27;[35m[HTTP]&amp#27;[39m &amp#27;[90m{"desiredCapabilities":{"app":"./Resources/in.workindia.apk","appActivity":".RegisterActivity","appPackage":"in.workindia.nileshdungarwal.workindiaandroid","platformVersion":"8.1","skipDeviceInitialization":"true","skipServerInstallation":"false","platformName":"Android"},"capabilities":{"alwaysMatch":{"appium:app":"./Resources/in.workindia.apk","appium:appActivity":".RegisterActivity","appium:appPackage":"in.workindia.nileshdungarwal.workindiaandroid","platformName":"android","appium:platformVersion":"8.1","skipDeviceInitialization":"true","skipServerInstallation":"false"},"firstMatch":[{}]}}&amp#27;[39m
[debug] &amp#27;[35m[W3C]&amp#27;[39m Calling AppiumDriver.createSession() with args: [{"app":"./Resources/in.workindia.apk","appActivity":".RegisterActivity","appPackage":"in.workindia.nileshdungarwal.workindiaandroid","platformVersion":"8.1","skipDeviceInitialization":"true","skipServerInstallation":"false","platformName":"Android"},null,{"alwaysMatch":{"appium:app":"./Resources/in.workindia.apk","appium:appActivity":".RegisterActivity","appium:appPackage":"in.workindia.nileshdungarwal.workindiaandroid","platformName":"android","appium:platformVersion":"8.1","skipDeviceInitialization":"true","skipServerInstallation":"false"},"firstMatch":[{}]}]
[debug] &amp#27;[35m[BaseDriver]&amp#27;[39m Event 'newSessionRequested' logged at 1610628767166 (18:22:47 GMT+0530 (India Standard Time))
&amp#27;[35m[BaseDriver]&amp#27;[39m The following capabilities are not standard capabilities and should have an extension prefix:
&amp#27;[35m[BaseDriver]&amp#27;[39m   skipDeviceInitialization
&amp#27;[35m[BaseDriver]&amp#27;[39m   skipServerInstallation
&amp#27;[35m[Appium]&amp#27;[39m 
&amp#27;[35m[Appium]&amp#27;[39m ======================================================================
&amp#27;[35m[Appium]&amp#27;[39m   DEPRECATION WARNING:
&amp#27;[35m[Appium]&amp#27;[39m 
&amp#27;[35m[Appium]&amp#27;[39m   The 'automationName' capability was not provided in the desired 
&amp#27;[35m[Appium]&amp#27;[39m   capabilities for this Android session
&amp#27;[35m[Appium]&amp#27;[39m 
&amp#27;[35m[Appium]&amp#27;[39m   Setting 'automationName=UiAutomator2' by default and using the 
&amp#27;[35m[Appium]&amp#27;[39m   UiAutomator2 Driver
&amp#27;[35m[Appium]&amp#27;[39m 
&amp#27;[35m[Appium]&amp#27;[39m   The next major version of Appium (2.x) will **require** the 
&amp#27;[35m[Appium]&amp#27;[39m   'automationName' capability to be set for all sessions on all 
&amp#27;[35m[Appium]&amp#27;[39m   platforms
&amp#27;[35m[Appium]&amp#27;[39m 
&amp#27;[35m[Appium]&amp#27;[39m   In previous versions (Appium <= 1.13.x), the default was 
&amp#27;[35m[Appium]&amp#27;[39m   'automationName=UiAutomator1'
&amp#27;[35m[Appium]&amp#27;[39m 
&amp#27;[35m[Appium]&amp#27;[39m   If you wish to use that automation instead of UiAutomator2, please 
&amp#27;[35m[Appium]&amp#27;[39m   add 'automationName=UiAutomator1' to your desired capabilities
&amp#27;[35m[Appium]&amp#27;[39m 
&amp#27;[35m[Appium]&amp#27;[39m   For more information about drivers, please visit 
&amp#27;[35m[Appium]&amp#27;[39m   http://appium.io/docs/en/about-appium/intro/ and explore the 
&amp#27;[35m[Appium]&amp#27;[39m   'Drivers' menu
&amp#27;[35m[Appium]&amp#27;[39m 
&amp#27;[35m[Appium]&amp#27;[39m ======================================================================
&amp#27;[35m[Appium]&amp#27;[39m 
&amp#27;[35m[Appium]&amp#27;[39m Appium v1.19.1 creating new AndroidUiautomator2Driver (v1.59.0) session
[debug] &amp#27;[35m[BaseDriver]&amp#27;[39m W3C capabilities and MJSONWP desired capabilities were provided
[debug] &amp#27;[35m[BaseDriver]&amp#27;[39m Creating session with W3C capabilities: {
[debug] &amp#27;[35m[BaseDriver]&amp#27;[39m   "alwaysMatch": {
[debug] &amp#27;[35m[BaseDriver]&amp#27;[39m     "platformName": "android",
[debug] &amp#27;[35m[BaseDriver]&amp#27;[39m     "appium:skipDeviceInitialization": "true",
[debug] &amp#27;[35m[BaseDriver]&amp#27;[39m     "appium:skipServerInstallation": "false",
[debug] &amp#27;[35m[BaseDriver]&amp#27;[39m     "appium:app": "./Resources/in.workindia.apk",
[debug] &amp#27;[35m[BaseDriver]&amp#27;[39m     "appium:appActivity": ".RegisterActivity",
[debug] &amp#27;[35m[BaseDriver]&amp#27;[39m     "appium:appPackage": "in.workindia.nileshdungarwal.workindiaandroid",
[debug] &amp#27;[35m[BaseDriver]&amp#27;[39m     "appium:platformVersion": "8.1"
[debug] &amp#27;[35m[BaseDriver]&amp#27;[39m   },
[debug] &amp#27;[35m[BaseDriver]&amp#27;[39m   "firstMatch": [
[debug] &amp#27;[35m[BaseDriver]&amp#27;[39m     {}
[debug] &amp#27;[35m[BaseDriver]&amp#27;[39m   ]
[debug] &amp#27;[35m[BaseDriver]&amp#27;[39m }
&amp#27;[35m[BaseDriver]&amp#27;[39m Capability 'skipServerInstallation' changed from string to boolean. This may cause unexpected behavior
&amp#27;[35m[BaseDriver]&amp#27;[39m Capability 'skipDeviceInitialization' changed from string to boolean. This may cause unexpected behavior
&amp#27;[35m[BaseDriver]&amp#27;[39m Session created with session id: c8f67fea-aa1e-4cc0-8af9-22de90b109c0
&amp#27;[35m[BaseDriver]&amp#27;[39m Using local app './Resources/in.workindia.apk'
&amp#27;[35m[BaseDriver]&amp#27;[39m The current application path './Resources/in.workindia.apk' is not absolute and has been rewritten to 'C:\Users\saurabhsoni\eclipse-workspace\Saurabh_Soni_3155142_AppiumAssignment\Resources\in.workindia.apk'. Consider using absolute paths rather than relative
[debug] &amp#27;[35m[UiAutomator2]&amp#27;[39m Checking whether app is actually present
&amp#27;[35m[ADB]&amp#27;[39m Using 'adb.exe' from 'C:\Users\saurabhsoni\AppData\Local\Android\Sdk\platform-tools\adb.exe'
[debug] &amp#27;[35m[ADB]&amp#27;[39m Running 'C:\Users\saurabhsoni\AppData\Local\Android\Sdk\platform-tools\adb.exe -P 5037 start-server'
&amp#27;[35m[AndroidDriver]&amp#27;[39m Retrieving device list
[debug] &amp#27;[35m[ADB]&amp#27;[39m Trying to find a connected android device
[debug] &amp#27;[35m[ADB]&amp#27;[39m Getting connected devices
[debug] &amp#27;[35m[ADB]&amp#27;[39m Connected devices: [{"udid":"emulator-5554","state":"device"}]
&amp#27;[35m[AndroidDriver]&amp#27;[39m Looking for a device with Android '8.1.0'
[debug] &amp#27;[35m[ADB]&amp#27;[39m Setting device id to emulator-5554
&amp#27;[35m[ADB]&amp#27;[39m Getting device platform version
[debug] &amp#27;[35m[ADB]&amp#27;[39m Running 'C:\Users\saurabhsoni\AppData\Local\Android\Sdk\platform-tools\adb.exe -P 5037 -s emulator-5554 shell getprop ro.build.version.release'
[debug] &amp#27;[35m[Instrumentation]&amp#27;[39m .
[debug] &amp#27;[35m[ADB]&amp#27;[39m Current device property 'ro.build.version.release': 8.1.0
&amp#27;[35m[AndroidDriver]&amp#27;[39m Using device: emulator-5554
&amp#27;[35m[ADB]&amp#27;[39m Using 'adb.exe' from 'C:\Users\saurabhsoni\AppData\Local\Android\Sdk\platform-tools\adb.exe'
[debug] &amp#27;[35m[ADB]&amp#27;[39m Running 'C:\Users\saurabhsoni\AppData\Local\Android\Sdk\platform-tools\adb.exe -P 5037 start-server'
[debug] &amp#27;[35m[ADB]&amp#27;[39m Setting device id to emulator-5554
[debug] &amp#27;[35m[ADB]&amp#27;[39m Running 'C:\Users\saurabhsoni\AppData\Local\Android\Sdk\platform-tools\adb.exe -P 5037 -s emulator-5554 shell getprop ro.build.version.sdk'
[debug] &amp#27;[35m[ADB]&amp#27;[39m Current device property 'ro.build.version.sdk': 27
[debug] &amp#27;[35m[ADB]&amp#27;[39m Device API level: 27
&amp#27;[35m[AndroidDriver]&amp#27;[39m 'skipDeviceInitialization' is set. Skipping device initialization.
[debug] &amp#27;[35m[Logcat]&amp#27;[39m Starting logs capture with command: C:\\Users\\saurabhsoni\\AppData\\Local\\Android\\Sdk\\platform-tools\\adb.exe -P 5037 -s emulator-5554 logcat -v threadtime
[debug] &amp#27;[35m[UiAutomator2]&amp#27;[39m Forwarding UiAutomator2 Server port 6790 to local port 8200
[debug] &amp#27;[35m[ADB]&amp#27;[39m Forwarding system: 8200 to device: 6790
[debug] &amp#27;[35m[ADB]&amp#27;[39m Running 'C:\Users\saurabhsoni\AppData\Local\Android\Sdk\platform-tools\adb.exe -P 5037 -s emulator-5554 forward tcp:8200 tcp:6790'
[debug] &amp#27;[35m[ADB]&amp#27;[39m Getting install status for io.appium.uiautomator2.server
[debug] &amp#27;[35m[ADB]&amp#27;[39m Running 'C:\Users\saurabhsoni\AppData\Local\Android\Sdk\platform-tools\adb.exe -P 5037 -s emulator-5554 shell dumpsys package io.appium.uiautomator2.server'
[debug] &amp#27;[35m[ADB]&amp#27;[39m 'io.appium.uiautomator2.server' is installed
[debug] &amp#27;[35m[ADB]&amp#27;[39m Getting package info for 'io.appium.uiautomator2.server'
[debug] &amp#27;[35m[ADB]&amp#27;[39m Running 'C:\Users\saurabhsoni\AppData\Local\Android\Sdk\platform-tools\adb.exe -P 5037 -s emulator-5554 shell dumpsys package io.appium.uiautomator2.server'
[debug] &amp#27;[35m[Instrumentation]&amp#27;[39m Time: 42.14
[debug] &amp#27;[35m[Instrumentation]&amp#27;[39m 
[debug] &amp#27;[35m[Instrumentation]&amp#27;[39m OK (1 test)
[debug] &amp#27;[35m[Instrumentation]&amp#27;[39m The process has exited with code 0
[debug] &amp#27;[35m[ADB]&amp#27;[39m The version name of the installed 'io.appium.uiautomator2.server' is greater or equal to the application version name ('4.15.0' >= '4.15.0')
[debug] &amp#27;[35m[UiAutomator2]&amp#27;[39m io.appium.uiautomator2.server installation state: sameVersionInstalled
[debug] &amp#27;[35m[ADB]&amp#27;[39m Checking app cert for C:\Users\saurabhsoni\AppData\Roaming\npm\node_modules\appium\node_modules\appium-uiautomator2-server\apks\appium-uiautomator2-server-v4.15.0.apk
&amp#27;[35m[ADB]&amp#27;[39m Using 'apksigner.jar' from 'C:\Users\saurabhsoni\AppData\Local\Android\Sdk\build-tools\30.0.3\lib\apksigner.jar'
[debug] &amp#27;[35m[ADB]&amp#27;[39m Starting apksigner: 'C:\\Program Files\\Java\\jdk1.8.0_221\\bin\\java.exe' -Xmx1024M -Xss1m -jar C:\\Users\\saurabhsoni\\AppData\\Local\\Android\\Sdk\\build-tools\\30.0.3\\lib\\apksigner.jar verify --print-certs C:\\Users\\saurabhsoni\\AppData\\Roaming\\npm\\node_modules\\appium\\node_modules\\appium-uiautomator2-server\\apks\\appium-uiautomator2-server-v4.15.0.apk
[debug] &amp#27;[35m[ADB]&amp#27;[39m apksigner stdout: Signer #1 certificate DN: EMAILADDRESS=android@android.com, CN=Android, OU=Android, O=Android, L=Mountain View, ST=California, C=US
[debug] &amp#27;[35m[ADB]&amp#27;[39m Signer #1 certificate SHA-256 digest: a40da80a59d170caa950cf15c18c454d47a39b26989d8b640ecd745ba71bf5dc
[debug] &amp#27;[35m[ADB]&amp#27;[39m Signer #1 certificate SHA-1 digest: 61ed377e85d386a8dfee6b864bd85b0bfaa5af81
[debug] &amp#27;[35m[ADB]&amp#27;[39m Signer #1 certificate MD5 digest: e89b158e4bcf988ebd09eb83f5378e87
[debug] &amp#27;[35m[ADB]&amp#27;[39m 
[debug] &amp#27;[35m[ADB]&amp#27;[39m sha256 hash did match for 'appium-uiautomator2-server-v4.15.0.apk'
&amp#27;[35m[ADB]&amp#27;[39m 'C:\Users\saurabhsoni\AppData\Roaming\npm\node_modules\appium\node_modules\appium-uiautomator2-server\apks\appium-uiautomator2-server-v4.15.0.apk' is signed with the default certificate
[debug] &amp#27;[35m[ADB]&amp#27;[39m Getting install status for io.appium.uiautomator2.server.test
[debug] &amp#27;[35m[ADB]&amp#27;[39m Running 'C:\Users\saurabhsoni\AppData\Local\Android\Sdk\platform-tools\adb.exe -P 5037 -s emulator-5554 shell dumpsys package io.appium.uiautomator2.server.test'
[debug] &amp#27;[35m[ADB]&amp#27;[39m 'io.appium.uiautomator2.server.test' is installed
[debug] &amp#27;[35m[ADB]&amp#27;[39m Checking app cert for C:\Users\saurabhsoni\AppData\Roaming\npm\node_modules\appium\node_modules\appium-uiautomator2-server\apks\appium-uiautomator2-server-debug-androidTest.apk
[debug] &amp#27;[35m[ADB]&amp#27;[39m Starting apksigner: 'C:\\Program Files\\Java\\jdk1.8.0_221\\bin\\java.exe' -Xmx1024M -Xss1m -jar C:\\Users\\saurabhsoni\\AppData\\Local\\Android\\Sdk\\build-tools\\30.0.3\\lib\\apksigner.jar verify --print-certs C:\\Users\\saurabhsoni\\AppData\\Roaming\\npm\\node_modules\\appium\\node_modules\\appium-uiautomator2-server\\apks\\appium-uiautomator2-server-debug-androidTest.apk
[debug] &amp#27;[35m[ADB]&amp#27;[39m apksigner stdout: Signer #1 certificate DN: EMAILADDRESS=android@android.com, CN=Android, OU=Android, O=Android, L=Mountain View, ST=California, C=US
[debug] &amp#27;[35m[ADB]&amp#27;[39m Signer #1 certificate SHA-256 digest: a40da80a59d170caa950cf15c18c454d47a39b26989d8b640ecd745ba71bf5dc
[debug] &amp#27;[35m[ADB]&amp#27;[39m Signer #1 certificate SHA-1 digest: 61ed377e85d386a8dfee6b864bd85b0bfaa5af81
[debug] &amp#27;[35m[ADB]&amp#27;[39m Signer #1 certificate MD5 digest: e89b158e4bcf988ebd09eb83f5378e87
[debug] &amp#27;[35m[ADB]&amp#27;[39m 
[debug] &amp#27;[35m[ADB]&amp#27;[39m sha256 hash did match for 'appium-uiautomator2-server-debug-androidTest.apk'
&amp#27;[35m[ADB]&amp#27;[39m 'C:\Users\saurabhsoni\AppData\Roaming\npm\node_modules\appium\node_modules\appium-uiautomator2-server\apks\appium-uiautomator2-server-debug-androidTest.apk' is signed with the default certificate
&amp#27;[35m[UiAutomator2]&amp#27;[39m Server packages are not going to be (re)installed
[debug] &amp#27;[35m[UiAutomator2]&amp#27;[39m Waiting up to 30000ms for services to be available
[debug] &amp#27;[35m[ADB]&amp#27;[39m Running 'C:\Users\saurabhsoni\AppData\Local\Android\Sdk\platform-tools\adb.exe -P 5037 -s emulator-5554 shell pm list instrumentation'
[debug] &amp#27;[35m[UiAutomator2]&amp#27;[39m Instrumentation target 'io.appium.uiautomator2.server.test/androidx.test.runner.AndroidJUnitRunner' is available
[debug] &amp#27;[35m[ADB]&amp#27;[39m Checking app cert for C:\Users\saurabhsoni\eclipse-workspace\Saurabh_Soni_3155142_AppiumAssignment\Resources\in.workindia.apk
[debug] &amp#27;[35m[ADB]&amp#27;[39m Starting apksigner: 'C:\\Program Files\\Java\\jdk1.8.0_221\\bin\\java.exe' -Xmx1024M -Xss1m -jar C:\\Users\\saurabhsoni\\AppData\\Local\\Android\\Sdk\\build-tools\\30.0.3\\lib\\apksigner.jar verify --print-certs C:\\Users\\saurabhsoni\\eclipse-workspace\\Saurabh_Soni_3155142_AppiumAssignment\\Resources\\in.workindia.apk
[debug] &amp#27;[35m[ADB]&amp#27;[39m apksigner stdout: Signer #1 certificate DN: CN=Nilesh Dungarwal, OU=WorkIndia, O=WorkIndia, L=Mumbai, ST=Maharashtra, C=IN
[debug] &amp#27;[35m[ADB]&amp#27;[39m Signer #1 certificate SHA-256 digest: 0fdc1fed6cd07d2c4854153ee799955c35f5dd671743e3c4610c90914d2f7d32
[debug] &amp#27;[35m[ADB]&amp#27;[39m Signer #1 certificate SHA-1 digest: 2e328de1bc8d9844c8a7634fa66f9363c00f613d
[debug] &amp#27;[35m[ADB]&amp#27;[39m Signer #1 certificate MD5 digest: c47446d10c7a53d63b2f43c2e34ce656
[debug] &amp#27;[35m[ADB]&amp#27;[39m 
&amp#27;[35m[ADB]&amp#27;[39m 'C:\Users\saurabhsoni\eclipse-workspace\Saurabh_Soni_3155142_AppiumAssignment\Resources\in.workindia.apk' is signed with a non-default certificate
[debug] &amp#27;[35m[ADB]&amp#27;[39m Getting install status for in.workindia.nileshdungarwal.workindiaandroid
[debug] &amp#27;[35m[ADB]&amp#27;[39m Running 'C:\Users\saurabhsoni\AppData\Local\Android\Sdk\platform-tools\adb.exe -P 5037 -s emulator-5554 shell dumpsys package in.workindia.nileshdungarwal.workindiaandroid'
[debug] &amp#27;[35m[ADB]&amp#27;[39m 'in.workindia.nileshdungarwal.workindiaandroid' is installed
[debug] &amp#27;[35m[ADB]&amp#27;[39m Getting package info for 'in.workindia.nileshdungarwal.workindiaandroid'
[debug] &amp#27;[35m[ADB]&amp#27;[39m Running 'C:\Users\saurabhsoni\AppData\Local\Android\Sdk\platform-tools\adb.exe -P 5037 -s emulator-5554 shell dumpsys package in.workindia.nileshdungarwal.workindiaandroid'
[debug] &amp#27;[35m[ADB]&amp#27;[39m The version name of the installed 'in.workindia.nileshdungarwal.workindiaandroid' is greater or equal to the application version name ('4.1.1' >= '4.1.1')
[debug] &amp#27;[35m[ADB]&amp#27;[39m There is no need to install/upgrade 'C:\Users\saurabhsoni\eclipse-workspace\Saurabh_Soni_3155142_AppiumAssignment\Resources\in.workindia.apk'
&amp#27;[35m[AndroidDriver]&amp#27;[39m Performing fast reset on 'in.workindia.nileshdungarwal.workindiaandroid'
[debug] &amp#27;[35m[ADB]&amp#27;[39m Getting install status for in.workindia.nileshdungarwal.workindiaandroid
[debug] &amp#27;[35m[ADB]&amp#27;[39m Running 'C:\Users\saurabhsoni\AppData\Local\Android\Sdk\platform-tools\adb.exe -P 5037 -s emulator-5554 shell dumpsys package in.workindia.nileshdungarwal.workindiaandroid'
[debug] &amp#27;[35m[ADB]&amp#27;[39m 'in.workindia.nileshdungarwal.workindiaandroid' is installed
[debug] &amp#27;[35m[ADB]&amp#27;[39m Running 'C:\Users\saurabhsoni\AppData\Local\Android\Sdk\platform-tools\adb.exe -P 5037 -s emulator-5554 shell am force-stop in.workindia.nileshdungarwal.workindiaandroid'
[debug] &amp#27;[35m[ADB]&amp#27;[39m Running 'C:\Users\saurabhsoni\AppData\Local\Android\Sdk\platform-tools\adb.exe -P 5037 -s emulator-5554 shell pm clear in.workindia.nileshdungarwal.workindiaandroid'
[debug] &amp#27;[35m[AndroidDriver]&amp#27;[39m Performed fast reset on the installed 'in.workindia.nileshdungarwal.workindiaandroid' application (stop and clear)
[debug] &amp#27;[35m[UiAutomator2]&amp#27;[39m Performing shallow cleanup of automation leftovers
[debug] &amp#27;[35m[UiAutomator2]&amp#27;[39m No obsolete sessions have been detected (socket hang up)
[debug] &amp#27;[35m[ADB]&amp#27;[39m Running 'C:\Users\saurabhsoni\AppData\Local\Android\Sdk\platform-tools\adb.exe -P 5037 -s emulator-5554 shell am force-stop io.appium.uiautomator2.server.test'
&amp#27;[35m[UiAutomator2]&amp#27;[39m Starting UIAutomator2 server 4.15.0
&amp#27;[35m[UiAutomator2]&amp#27;[39m Using UIAutomator2 server from 'C:\Users\saurabhsoni\AppData\Roaming\npm\node_modules\appium\node_modules\appium-uiautomator2-server\apks\appium-uiautomator2-server-v4.15.0.apk' and test from 'C:\Users\saurabhsoni\AppData\Roaming\npm\node_modules\appium\node_modules\appium-uiautomator2-server\apks\appium-uiautomator2-server-debug-androidTest.apk'
&amp#27;[35m[UiAutomator2]&amp#27;[39m Waiting up to 30000ms for UiAutomator2 to be online...
[debug] &amp#27;[35m[ADB]&amp#27;[39m Creating ADB subprocess with args: ["-P",5037,"-s","emulator-5554","shell","am","instrument","-w","io.appium.uiautomator2.server.test/androidx.test.runner.AndroidJUnitRunner"]
[debug] &amp#27;[35m[Instrumentation]&amp#27;[39m io.appium.uiautomator2.server.test.AppiumUiAutomator2Server:
[debug] &amp#27;[35m[WD Proxy]&amp#27;[39m Matched '/status' to command name 'getStatus'
[debug] &amp#27;[35m[WD Proxy]&amp#27;[39m Proxying [GET /status] to [GET http://127.0.0.1:8200/wd/hub/status] with no body
&amp#27;[35m[WD Proxy]&amp#27;[39m socket hang up
[debug] &amp#27;[35m[WD Proxy]&amp#27;[39m Matched '/status' to command name 'getStatus'
[debug] &amp#27;[35m[WD Proxy]&amp#27;[39m Proxying [GET /status] to [GET http://127.0.0.1:8200/wd/hub/status] with no body
[debug] &amp#27;[35m[WD Proxy]&amp#27;[39m Got response with status 200: {"sessionId":"None","value":{"message":"UiAutomator2 Server is ready to accept commands","ready":true}}
[debug] &amp#27;[35m[UiAutomator2]&amp#27;[39m The initialization of the instrumentation process took 2169ms
[debug] &amp#27;[35m[WD Proxy]&amp#27;[39m Matched '/session' to command name 'createSession'
[debug] &amp#27;[35m[WD Proxy]&amp#27;[39m Proxying [POST /session] to [POST http://127.0.0.1:8200/wd/hub/session] with body: {"capabilities":{"firstMatch":[{"platform":"LINUX","webStorageEnabled":false,"takesScreenshot":true,"javascriptEnabled":true,"databaseEnabled":false,"networkConnectionEnabled":true,"locationContextEnabled":false,"warnings":{},"desired":{"platformName":"android","skipDeviceInitialization":true,"skipServerInstallation":false,"app":"./Resources/in.workindia.apk","appActivity":".RegisterActivity","appPackage":"in.workindia.nileshdungarwal.workindiaandroid","platformVersion":"8.1"},"platformName":"android","skipDeviceInitialization":true,"skipServerInstallation":false,"app":"./Resources/in.workindia.apk","appActivity":".RegisterActivity","appPackage":"in.workindia.nileshdungarwal.workindiaandroid","platformVersion":"8.1","deviceName":"emulator-5554","deviceUDID":"emulator-5554"}],"alwaysMatch":{}}}
[debug] &amp#27;[35m[WD Proxy]&amp#27;[39m Got response with status 200: {"sessionId":"05558cfb-4cab-4ab5-9c88-c136f1430733","value":{"capabilities":{"firstMatch":[{"platform":"LINUX","webStorageEnabled":false,"takesScreenshot":true,"javascriptEnabled":true,"databaseEnabled":false,"networkConnectionEnabled":true,"locationContextEnabled":false,"warnings":{},"desired":{"platformName":"android","skipDeviceInitialization":true,"skipServerInstallation":false,"app":"./Resources/in.workindia.apk","appActivity":".RegisterActivity","appPackage":"in.workindia.nileshdungarwal.workindiaandroid","platformVersion":"8.1"},"platformName":"android","skipDeviceInitialization":true,"skipServerInstallation":false,"app":"./Resources/in.workindia.apk","appActivity":".RegisterActivity","appPackage":"in.workindia.nileshdungarwal.workindiaandroid","platformVersion":"8.1","deviceName":"emulator-5554","deviceUDID":"emulator-5554"}],"alwaysMatch":{}},"sessionId":"05558cfb-4cab-4ab5-9c88-c136f1430733"}}
&amp#27;[35m[WD Proxy]&amp#27;[39m Determined the downstream protocol as 'W3C'
[debug] &amp#27;[35m[WD Proxy]&amp#27;[39m Proxying [GET /appium/device/info] to [GET http://127.0.0.1:8200/wd/hub/session/05558cfb-4cab-4ab5-9c88-c136f1430733/appium/device/info] with no body
[debug] &amp#27;[35m[WD Proxy]&amp#27;[39m Got response with status 200: {"sessionId":"05558cfb-4cab-4ab5-9c88-c136f1430733","value":{"androidId":"d0cbdccec5cf9e3d","apiVersion":"27","bluetooth":null,"brand":"google","carrierName":"Android","displayDensity":440,"locale":"en_US","manufacturer":"Google","model":"Android SDK built for x86","networks":[{"capabilities":{"SSID":null,"linkDownBandwidthKbps":102400,"linkUpstreamBandwidthKbps":51200,"networkCapabilities":"NET_CAPABILITY_MMS,NET_CAPABILITY_SUPL,NET_CAPABILITY_DUN,NET_CAPABILITY_FOTA,NET_CAPABILITY_IMS,NET_CAPABILITY_CBS,NET_CAPABILITY_IA,NET_CAPABILITY_INTERNET,NET_CAPABILITY_NOT_RESTRICTED,NET_CAPABILITY_TRUSTED,NET_CAPABILITY_NOT_VPN,NET_CAPABILITY_VALIDATED","signalStrength":-2147483648,"transportTypes":"TRANSPORT_CELLULAR"},"detailedState":"CONNECTED","extraInfo":"epc.tmobile.com","isAvailable":true,"isConnected":true,"isFailover":false,"isRoaming":false,"state":"CONNECTED","subtype":13,"subtypeName":"LTE","type":0,"typeName":"MOBILE"},{"capabilities":{"SSID":null,"linkDownBandwidthKbps":1048576,"linkUpstreamBandwidt...
[debug] &amp#27;[35m[ADB]&amp#27;[39m Running 'C:\Users\saurabhsoni\AppData\Local\Android\Sdk\platform-tools\adb.exe -P 5037 -s emulator-5554 shell dumpsys window'
&amp#27;[35m[AndroidDriver]&amp#27;[39m Screen already unlocked, doing nothing
&amp#27;[35m[UiAutomator2]&amp#27;[39m Starting 'in.workindia.nileshdungarwal.workindiaandroid/.RegisterActivity and waiting for 'in.workindia.nileshdungarwal.workindiaandroid/.RegisterActivity'
[debug] &amp#27;[35m[ADB]&amp#27;[39m Running 'C:\Users\saurabhsoni\AppData\Local\Android\Sdk\platform-tools\adb.exe -P 5037 -s emulator-5554 shell am start -W -n in.workindia.nileshdungarwal.workindiaandroid/.RegisterActivity -S -a android.intent.action.MAIN -c android.intent.category.LAUNCHER -f 0x10200000'
[debug] &amp#27;[35m[WD Proxy]&amp#27;[39m Proxying [GET /appium/device/pixel_ratio] to [GET http://127.0.0.1:8200/wd/hub/session/05558cfb-4cab-4ab5-9c88-c136f1430733/appium/device/pixel_ratio] with no body
[debug] &amp#27;[35m[WD Proxy]&amp#27;[39m Got response with status 200: {"sessionId":"05558cfb-4cab-4ab5-9c88-c136f1430733","value":2.75}
[debug] &amp#27;[35m[WD Proxy]&amp#27;[39m Matched '/appium/device/system_bars' to command name 'getSystemBars'
[debug] &amp#27;[35m[WD Proxy]&amp#27;[39m Proxying [GET /appium/device/system_bars] to [GET http://127.0.0.1:8200/wd/hub/session/05558cfb-4cab-4ab5-9c88-c136f1430733/appium/device/system_bars] with no body
[debug] &amp#27;[35m[WD Proxy]&amp#27;[39m Got response with status 200: {"sessionId":"05558cfb-4cab-4ab5-9c88-c136f1430733","value":{"statusBar":66}}
[debug] &amp#27;[35m[WD Proxy]&amp#27;[39m Matched '/window/current/size' to command name 'getWindowSize'
[debug] &amp#27;[35m[WD Proxy]&amp#27;[39m Proxying [GET /window/current/size] to [GET http://127.0.0.1:8200/wd/hub/session/05558cfb-4cab-4ab5-9c88-c136f1430733/window/current/size] with no body
[debug] &amp#27;[35m[WD Proxy]&amp#27;[39m Got response with status 200: {"sessionId":"05558cfb-4cab-4ab5-9c88-c136f1430733","value":{"height":2028,"width":1080}}
&amp#27;[35m[Appium]&amp#27;[39m New AndroidUiautomator2Driver session created successfully, session c8f67fea-aa1e-4cc0-8af9-22de90b109c0 added to master session list
[debug] &amp#27;[35m[BaseDriver]&amp#27;[39m Event 'newSessionStarted' logged at 1610628776406 (18:22:56 GMT+0530 (India Standard Time))
[debug] &amp#27;[35m[W3C (c8f67fea)]&amp#27;[39m Cached the protocol value 'W3C' for the new session c8f67fea-aa1e-4cc0-8af9-22de90b109c0
[debug] &amp#27;[35m[W3C (c8f67fea)]&amp#27;[39m Responding to client with driver.createSession() result: {"capabilities":{"platform":"LINUX","webStorageEnabled":false,"takesScreenshot":true,"javascriptEnabled":true,"databaseEnabled":false,"networkConnectionEnabled":true,"locationContextEnabled":false,"warnings":{},"desired":{"platformName":"android","skipDeviceInitialization":true,"skipServerInstallation":false,"app":"./Resources/in.workindia.apk","appActivity":".RegisterActivity","appPackage":"in.workindia.nileshdungarwal.workindiaandroid","platformVersion":"8.1"},"platformName":"android","skipDeviceInitialization":true,"skipServerInstallation":false,"app":"./Resources/in.workindia.apk","appActivity":".RegisterActivity","appPackage":"in.workindia.nileshdungarwal.workindiaandroid","platformVersion":"8.1.0","deviceName":"emulator-5554","deviceUDID":"emulator-5554","deviceApiLevel":27,"deviceScreenSize":"1080x2160","deviceScreenDensity":440,"deviceModel":"Android SDK built for x86","deviceManufacturer":"Google","pixelRatio":2.75,"statBarHeight":66,"viewportRect":{"left":0,"top":66,"width":1080,"height":1962}}}
&amp#27;[35m[HTTP]&amp#27;[39m &amp#27;[37m<-- POST /wd/hub/session &amp#27;[39m&amp#27;[32m200&amp#27;[39m &amp#27;[90m9242 ms - 1081&amp#27;[39m
&amp#27;[35m[HTTP]&amp#27;[39m &amp#27;[90m&amp#27;[39m
&amp#27;[35m[HTTP]&amp#27;[39m &amp#27;[37m-->&amp#27;[39m &amp#27;[37mGET&amp#27;[39m &amp#27;[37m/wd/hub/session/c8f67fea-aa1e-4cc0-8af9-22de90b109c0&amp#27;[39m
&amp#27;[35m[HTTP]&amp#27;[39m &amp#27;[90m{}&amp#27;[39m
[debug] &amp#27;[35m[W3C (c8f67fea)]&amp#27;[39m Calling AppiumDriver.getSession() with args: ["c8f67fea-aa1e-4cc0-8af9-22de90b109c0"]
[debug] &amp#27;[35m[UiAutomator2]&amp#27;[39m Getting session details from server to mix in
[debug] &amp#27;[35m[WD Proxy]&amp#27;[39m Matched '/' to command name 'getSession'
[debug] &amp#27;[35m[WD Proxy]&amp#27;[39m Proxying [GET /] to [GET http://127.0.0.1:8200/wd/hub/session/05558cfb-4cab-4ab5-9c88-c136f1430733] with no body
[debug] &amp#27;[35m[WD Proxy]&amp#27;[39m Got response with status 200: {"sessionId":"05558cfb-4cab-4ab5-9c88-c136f1430733","value":{"lastScrollData":null}}
[debug] &amp#27;[35m[W3C (c8f67fea)]&amp#27;[39m Responding to client with driver.getSession() result: {"platform":"LINUX","webStorageEnabled":false,"takesScreenshot":true,"javascriptEnabled":true,"databaseEnabled":false,"networkConnectionEnabled":true,"locationContextEnabled":false,"warnings":{},"desired":{"platformName":"android","skipDeviceInitialization":true,"skipServerInstallation":false,"app":"./Resources/in.workindia.apk","appActivity":".RegisterActivity","appPackage":"in.workindia.nileshdungarwal.workindiaandroid","platformVersion":"8.1"},"platformName":"android","skipDeviceInitialization":true,"skipServerInstallation":false,"app":"./Resources/in.workindia.apk","appActivity":".RegisterActivity","appPackage":"in.workindia.nileshdungarwal.workindiaandroid","platformVersion":"8.1.0","deviceName":"emulator-5554","deviceUDID":"emulator-5554","deviceApiLevel":27,"deviceScreenSize":"1080x2160","deviceScreenDensity":440,"deviceModel":"Android SDK built for x86","deviceManufacturer":"Google","pixelRatio":2.75,"statBarHeight":66,"viewportRect":{"left":0,"top":66,"width":1080,"height":1962},"lastScrollData":n...
&amp#27;[35m[HTTP]&amp#27;[39m &amp#27;[37m<-- GET /wd/hub/session/c8f67fea-aa1e-4cc0-8af9-22de90b109c0 &amp#27;[39m&amp#27;[32m200&amp#27;[39m &amp#27;[90m21 ms - 1035&amp#27;[39m
&amp#27;[35m[HTTP]&amp#27;[39m &amp#27;[90m&amp#27;[39m
&amp#27;[35m[HTTP]&amp#27;[39m &amp#27;[37m-->&amp#27;[39m &amp#27;[37mGET&amp#27;[39m &amp#27;[37m/wd/hub/session/c8f67fea-aa1e-4cc0-8af9-22de90b109c0&amp#27;[39m
&amp#27;[35m[HTTP]&amp#27;[39m &amp#27;[90m{}&amp#27;[39m
[debug] &amp#27;[35m[W3C (c8f67fea)]&amp#27;[39m Calling AppiumDriver.getSession() with args: ["c8f67fea-aa1e-4cc0-8af9-22de90b109c0"]
[debug] &amp#27;[35m[UiAutomator2]&amp#27;[39m Getting session details from server to mix in
[debug] &amp#27;[35m[WD Proxy]&amp#27;[39m Matched '/' to command name 'getSession'
[debug] &amp#27;[35m[WD Proxy]&amp#27;[39m Proxying [GET /] to [GET http://127.0.0.1:8200/wd/hub/session/05558cfb-4cab-4ab5-9c88-c136f1430733] with no body
[debug] &amp#27;[35m[WD Proxy]&amp#27;[39m Got response with status 200: {"sessionId":"05558cfb-4cab-4ab5-9c88-c136f1430733","value":{"lastScrollData":null}}
[debug] &amp#27;[35m[W3C (c8f67fea)]&amp#27;[39m Responding to client with driver.getSession() result: {"platform":"LINUX","webStorageEnabled":false,"takesScreenshot":true,"javascriptEnabled":true,"databaseEnabled":false,"networkConnectionEnabled":true,"locationContextEnabled":false,"warnings":{},"desired":{"platformName":"android","skipDeviceInitialization":true,"skipServerInstallation":false,"app":"./Resources/in.workindia.apk","appActivity":".RegisterActivity","appPackage":"in.workindia.nileshdungarwal.workindiaandroid","platformVersion":"8.1"},"platformName":"android","skipDeviceInitialization":true,"skipServerInstallation":false,"app":"./Resources/in.workindia.apk","appActivity":".RegisterActivity","appPackage":"in.workindia.nileshdungarwal.workindiaandroid","platformVersion":"8.1.0","deviceName":"emulator-5554","deviceUDID":"emulator-5554","deviceApiLevel":27,"deviceScreenSize":"1080x2160","deviceScreenDensity":440,"deviceModel":"Android SDK built for x86","deviceManufacturer":"Google","pixelRatio":2.75,"statBarHeight":66,"viewportRect":{"left":0,"top":66,"width":1080,"height":1962},"lastScrollData":n...
&amp#27;[35m[HTTP]&amp#27;[39m &amp#27;[37m<-- GET /wd/hub/session/c8f67fea-aa1e-4cc0-8af9-22de90b109c0 &amp#27;[39m&amp#27;[32m200&amp#27;[39m &amp#27;[90m15 ms - 1035&amp#27;[39m
&amp#27;[35m[HTTP]&amp#27;[39m &amp#27;[90m&amp#27;[39m
&amp#27;[35m[HTTP]&amp#27;[39m &amp#27;[37m-->&amp#27;[39m &amp#27;[37mPOST&amp#27;[39m &amp#27;[37m/wd/hub/session/c8f67fea-aa1e-4cc0-8af9-22de90b109c0/timeouts&amp#27;[39m
&amp#27;[35m[HTTP]&amp#27;[39m &amp#27;[90m{"implicit":10000}&amp#27;[39m
[debug] &amp#27;[35m[W3C (c8f67fea)]&amp#27;[39m Calling AppiumDriver.timeouts() with args: [null,null,null,null,10000,"c8f67fea-aa1e-4cc0-8af9-22de90b109c0"]
[debug] &amp#27;[35m[BaseDriver]&amp#27;[39m W3C timeout argument: {"implicit":10000}}
[debug] &amp#27;[35m[BaseDriver]&amp#27;[39m Set implicit wait to 10000ms
[debug] &amp#27;[35m[W3C (c8f67fea)]&amp#27;[39m Responding to client with driver.timeouts() result: null
&amp#27;[35m[HTTP]&amp#27;[39m &amp#27;[37m<-- POST /wd/hub/session/c8f67fea-aa1e-4cc0-8af9-22de90b109c0/timeouts &amp#27;[39m&amp#27;[32m200&amp#27;[39m &amp#27;[90m3 ms - 14&amp#27;[39m
&amp#27;[35m[HTTP]&amp#27;[39m &amp#27;[90m&amp#27;[39m
&amp#27;[35m[HTTP]&amp#27;[39m &amp#27;[37m-->&amp#27;[39m &amp#27;[37mGET&amp#27;[39m &amp#27;[37m/wd/hub/session/c8f67fea-aa1e-4cc0-8af9-22de90b109c0&amp#27;[39m
&amp#27;[35m[HTTP]&amp#27;[39m &amp#27;[90m{}&amp#27;[39m
[debug] &amp#27;[35m[W3C (c8f67fea)]&amp#27;[39m Calling AppiumDriver.getSession() with args: ["c8f67fea-aa1e-4cc0-8af9-22de90b109c0"]
[debug] &amp#27;[35m[UiAutomator2]&amp#27;[39m Getting session details from server to mix in
[debug] &amp#27;[35m[WD Proxy]&amp#27;[39m Matched '/' to command name 'getSession'
[debug] &amp#27;[35m[WD Proxy]&amp#27;[39m Proxying [GET /] to [GET http://127.0.0.1:8200/wd/hub/session/05558cfb-4cab-4ab5-9c88-c136f1430733] with no body
[debug] &amp#27;[35m[WD Proxy]&amp#27;[39m Got response with status 200: {"sessionId":"05558cfb-4cab-4ab5-9c88-c136f1430733","value":{"lastScrollData":null}}
[debug] &amp#27;[35m[W3C (c8f67fea)]&amp#27;[39m Responding to client with driver.getSession() result: {"platform":"LINUX","webStorageEnabled":false,"takesScreenshot":true,"javascriptEnabled":true,"databaseEnabled":false,"networkConnectionEnabled":true,"locationContextEnabled":false,"warnings":{},"desired":{"platformName":"android","skipDeviceInitialization":true,"skipServerInstallation":false,"app":"./Resources/in.workindia.apk","appActivity":".RegisterActivity","appPackage":"in.workindia.nileshdungarwal.workindiaandroid","platformVersion":"8.1"},"platformName":"android","skipDeviceInitialization":true,"skipServerInstallation":false,"app":"./Resources/in.workindia.apk","appActivity":".RegisterActivity","appPackage":"in.workindia.nileshdungarwal.workindiaandroid","platformVersion":"8.1.0","deviceName":"emulator-5554","deviceUDID":"emulator-5554","deviceApiLevel":27,"deviceScreenSize":"1080x2160","deviceScreenDensity":440,"deviceModel":"Android SDK built for x86","deviceManufacturer":"Google","pixelRatio":2.75,"statBarHeight":66,"viewportRect":{"left":0,"top":66,"width":1080,"height":1962},"lastScrollData":n...
&amp#27;[35m[HTTP]&amp#27;[39m &amp#27;[37m<-- GET /wd/hub/session/c8f67fea-aa1e-4cc0-8af9-22de90b109c0 &amp#27;[39m&amp#27;[32m200&amp#27;[39m &amp#27;[90m30 ms - 1035&amp#27;[39m
&amp#27;[35m[HTTP]&amp#27;[39m &amp#27;[90m&amp#27;[39m
&amp#27;[35m[HTTP]&amp#27;[39m &amp#27;[37m-->&amp#27;[39m &amp#27;[37mGET&amp#27;[39m &amp#27;[37m/wd/hub/session/c8f67fea-aa1e-4cc0-8af9-22de90b109c0&amp#27;[39m
&amp#27;[35m[HTTP]&amp#27;[39m &amp#27;[90m{}&amp#27;[39m
[debug] &amp#27;[35m[W3C (c8f67fea)]&amp#27;[39m Calling AppiumDriver.getSession() with args: ["c8f67fea-aa1e-4cc0-8af9-22de90b109c0"]
[debug] &amp#27;[35m[UiAutomator2]&amp#27;[39m Getting session details from server to mix in
[debug] &amp#27;[35m[WD Proxy]&amp#27;[39m Matched '/' to command name 'getSession'
[debug] &amp#27;[35m[WD Proxy]&amp#27;[39m Proxying [GET /] to [GET http://127.0.0.1:8200/wd/hub/session/05558cfb-4cab-4ab5-9c88-c136f1430733] with no body
[debug] &amp#27;[35m[WD Proxy]&amp#27;[39m Got response with status 200: {"sessionId":"05558cfb-4cab-4ab5-9c88-c136f1430733","value":{"lastScrollData":null}}
[debug] &amp#27;[35m[W3C (c8f67fea)]&amp#27;[39m Responding to client with driver.getSession() result: {"platform":"LINUX","webStorageEnabled":false,"takesScreenshot":true,"javascriptEnabled":true,"databaseEnabled":false,"networkConnectionEnabled":true,"locationContextEnabled":false,"warnings":{},"desired":{"platformName":"android","skipDeviceInitialization":true,"skipServerInstallation":false,"app":"./Resources/in.workindia.apk","appActivity":".RegisterActivity","appPackage":"in.workindia.nileshdungarwal.workindiaandroid","platformVersion":"8.1"},"platformName":"android","skipDeviceInitialization":true,"skipServerInstallation":false,"app":"./Resources/in.workindia.apk","appActivity":".RegisterActivity","appPackage":"in.workindia.nileshdungarwal.workindiaandroid","platformVersion":"8.1.0","deviceName":"emulator-5554","deviceUDID":"emulator-5554","deviceApiLevel":27,"deviceScreenSize":"1080x2160","deviceScreenDensity":440,"deviceModel":"Android SDK built for x86","deviceManufacturer":"Google","pixelRatio":2.75,"statBarHeight":66,"viewportRect":{"left":0,"top":66,"width":1080,"height":1962},"lastScrollData":n...
&amp#27;[35m[HTTP]&amp#27;[39m &amp#27;[37m<-- GET /wd/hub/session/c8f67fea-aa1e-4cc0-8af9-22de90b109c0 &amp#27;[39m&amp#27;[32m200&amp#27;[39m &amp#27;[90m18 ms - 1035&amp#27;[39m
&amp#27;[35m[HTTP]&amp#27;[39m &amp#27;[90m&amp#27;[39m
&amp#27;[35m[HTTP]&amp#27;[39m &amp#27;[37m-->&amp#27;[39m &amp#27;[37mPOST&amp#27;[39m &amp#27;[37m/wd/hub/session/c8f67fea-aa1e-4cc0-8af9-22de90b109c0/element&amp#27;[39m
&amp#27;[35m[HTTP]&amp#27;[39m &amp#27;[90m{"using":"xpath","value":"//android.widget.FrameLayout/android.widget.LinearLayout/android.widget.FrameLayout/android.widget.LinearLayout/android.widget.TextView[1]"}&amp#27;[39m
[debug] &amp#27;[35m[W3C (c8f67fea)]&amp#27;[39m Calling AppiumDriver.findElement() with args: ["xpath","//android.widget.FrameLayout/android.widget.LinearLayout/android.widget.FrameLayout/android.widget.LinearLayout/android.widget.TextView[1]","c8f67fea-aa1e-4cc0-8af9-22de90b109c0"]
[debug] &amp#27;[35m[BaseDriver]&amp#27;[39m Valid locator strategies for this request: xpath, id, class name, accessibility id, css selector, -android uiautomator
[debug] &amp#27;[35m[BaseDriver]&amp#27;[39m Waiting up to 10000 ms for condition
[debug] &amp#27;[35m[WD Proxy]&amp#27;[39m Matched '/element' to command name 'findElement'
[debug] &amp#27;[35m[WD Proxy]&amp#27;[39m Proxying [POST /element] to [POST http://127.0.0.1:8200/wd/hub/session/05558cfb-4cab-4ab5-9c88-c136f1430733/element] with body: {"strategy":"xpath","selector":"//android.widget.FrameLayout/android.widget.LinearLayout/android.widget.FrameLayout/android.widget.LinearLayout/android.widget.TextView[1]","context":"","multiple":false}
[debug] &amp#27;[35m[WD Proxy]&amp#27;[39m Got response with status 200: {"sessionId":"05558cfb-4cab-4ab5-9c88-c136f1430733","value":{"ELEMENT":"20d527e7-018f-453d-876c-af73b98ba66a","element-6066-11e4-a52e-4f735466cecf":"20d527e7-018f-453d-876c-af73b98ba66a"}}
[debug] &amp#27;[35m[W3C (c8f67fea)]&amp#27;[39m Responding to client with driver.findElement() result: {"element-6066-11e4-a52e-4f735466cecf":"20d527e7-018f-453d-876c-af73b98ba66a","ELEMENT":"20d527e7-018f-453d-876c-af73b98ba66a"}
&amp#27;[35m[HTTP]&amp#27;[39m &amp#27;[37m<-- POST /wd/hub/session/c8f67fea-aa1e-4cc0-8af9-22de90b109c0/element &amp#27;[39m&amp#27;[32m200&amp#27;[39m &amp#27;[90m481 ms - 137&amp#27;[39m
&amp#27;[35m[HTTP]&amp#27;[39m &amp#27;[90m&amp#27;[39m
&amp#27;[35m[HTTP]&amp#27;[39m &amp#27;[37m-->&amp#27;[39m &amp#27;[37mGET&amp#27;[39m &amp#27;[37m/wd/hub/session/c8f67fea-aa1e-4cc0-8af9-22de90b109c0/element/20d527e7-018f-453d-876c-af73b98ba66a/text&amp#27;[39m
&amp#27;[35m[HTTP]&amp#27;[39m &amp#27;[90m{}&amp#27;[39m
&amp#27;[35m[W3C (c8f67fea)]&amp#27;[39m Driver proxy active, passing request on via HTTP proxy
[debug] &amp#27;[35m[WD Proxy]&amp#27;[39m Matched '/wd/hub/session/c8f67fea-aa1e-4cc0-8af9-22de90b109c0/element/20d527e7-018f-453d-876c-af73b98ba66a/text' to command name 'getText'
[debug] &amp#27;[35m[WD Proxy]&amp#27;[39m Proxying [GET /wd/hub/session/c8f67fea-aa1e-4cc0-8af9-22de90b109c0/element/20d527e7-018f-453d-876c-af73b98ba66a/text] to [GET http://127.0.0.1:8200/wd/hub/session/05558cfb-4cab-4ab5-9c88-c136f1430733/element/20d527e7-018f-453d-876c-af73b98ba66a/text] with no body
[debug] &amp#27;[35m[WD Proxy]&amp#27;[39m Got response with status 200: {"sessionId":"05558cfb-4cab-4ab5-9c88-c136f1430733","value":"Job Search"}
&amp#27;[35m[WD Proxy]&amp#27;[39m Replacing sessionId 05558cfb-4cab-4ab5-9c88-c136f1430733 with c8f67fea-aa1e-4cc0-8af9-22de90b109c0
&amp#27;[35m[HTTP]&amp#27;[39m &amp#27;[37m<-- GET /wd/hub/session/c8f67fea-aa1e-4cc0-8af9-22de90b109c0/element/20d527e7-018f-453d-876c-af73b98ba66a/text &amp#27;[39m&amp#27;[32m200&amp#27;[39m &amp#27;[90m21 ms - 73&amp#27;[39m
&amp#27;[35m[HTTP]&amp#27;[39m &amp#27;[90m&amp#27;[39m
&amp#27;[35m[HTTP]&amp#27;[39m &amp#27;[37m-->&amp#27;[39m &amp#27;[37mGET&amp#27;[39m &amp#27;[37m/wd/hub/session/c8f67fea-aa1e-4cc0-8af9-22de90b109c0&amp#27;[39m
&amp#27;[35m[HTTP]&amp#27;[39m &amp#27;[90m{}&amp#27;[39m
[debug] &amp#27;[35m[W3C (c8f67fea)]&amp#27;[39m Calling AppiumDriver.getSession() with args: ["c8f67fea-aa1e-4cc0-8af9-22de90b109c0"]
[debug] &amp#27;[35m[UiAutomator2]&amp#27;[39m Getting session details from server to mix in
[debug] &amp#27;[35m[WD Proxy]&amp#27;[39m Matched '/' to command name 'getSession'
[debug] &amp#27;[35m[WD Proxy]&amp#27;[39m Proxying [GET /] to [GET http://127.0.0.1:8200/wd/hub/session/05558cfb-4cab-4ab5-9c88-c136f1430733] with no body
[debug] &amp#27;[35m[WD Proxy]&amp#27;[39m Got response with status 200: {"sessionId":"05558cfb-4cab-4ab5-9c88-c136f1430733","value":{"lastScrollData":null}}
[debug] &amp#27;[35m[W3C (c8f67fea)]&amp#27;[39m Responding to client with driver.getSession() result: {"platform":"LINUX","webStorageEnabled":false,"takesScreenshot":true,"javascriptEnabled":true,"databaseEnabled":false,"networkConnectionEnabled":true,"locationContextEnabled":false,"warnings":{},"desired":{"platformName":"android","skipDeviceInitialization":true,"skipServerInstallation":false,"app":"./Resources/in.workindia.apk","appActivity":".RegisterActivity","appPackage":"in.workindia.nileshdungarwal.workindiaandroid","platformVersion":"8.1"},"platformName":"android","skipDeviceInitialization":true,"skipServerInstallation":false,"app":"./Resources/in.workindia.apk","appActivity":".RegisterActivity","appPackage":"in.workindia.nileshdungarwal.workindiaandroid","platformVersion":"8.1.0","deviceName":"emulator-5554","deviceUDID":"emulator-5554","deviceApiLevel":27,"deviceScreenSize":"1080x2160","deviceScreenDensity":440,"deviceModel":"Android SDK built for x86","deviceManufacturer":"Google","pixelRatio":2.75,"statBarHeight":66,"viewportRect":{"left":0,"top":66,"width":1080,"height":1962},"lastScrollData":n...
&amp#27;[35m[HTTP]&amp#27;[39m &amp#27;[37m<-- GET /wd/hub/session/c8f67fea-aa1e-4cc0-8af9-22de90b109c0 &amp#27;[39m&amp#27;[32m200&amp#27;[39m &amp#27;[90m13 ms - 1035&amp#27;[39m
&amp#27;[35m[HTTP]&amp#27;[39m &amp#27;[90m&amp#27;[39m
&amp#27;[35m[HTTP]&amp#27;[39m &amp#27;[37m-->&amp#27;[39m &amp#27;[37mPOST&amp#27;[39m &amp#27;[37m/wd/hub/session/c8f67fea-aa1e-4cc0-8af9-22de90b109c0/element&amp#27;[39m
&amp#27;[35m[HTTP]&amp#27;[39m &amp#27;[90m{"using":"id","value":"in.workindia.nileshdungarwal.workindiaandroid:id/et_name"}&amp#27;[39m
[debug] &amp#27;[35m[W3C (c8f67fea)]&amp#27;[39m Calling AppiumDriver.findElement() with args: ["id","in.workindia.nileshdungarwal.workindiaandroid:id/et_name","c8f67fea-aa1e-4cc0-8af9-22de90b109c0"]
[debug] &amp#27;[35m[BaseDriver]&amp#27;[39m Valid locator strategies for this request: xpath, id, class name, accessibility id, css selector, -android uiautomator
[debug] &amp#27;[35m[BaseDriver]&amp#27;[39m Waiting up to 10000 ms for condition
[debug] &amp#27;[35m[WD Proxy]&amp#27;[39m Matched '/element' to command name 'findElement'
[debug] &amp#27;[35m[WD Proxy]&amp#27;[39m Proxying [POST /element] to [POST http://127.0.0.1:8200/wd/hub/session/05558cfb-4cab-4ab5-9c88-c136f1430733/element] with body: {"strategy":"id","selector":"in.workindia.nileshdungarwal.workindiaandroid:id/et_name","context":"","multiple":false}
[debug] &amp#27;[35m[WD Proxy]&amp#27;[39m Got response with status 200: {"sessionId":"05558cfb-4cab-4ab5-9c88-c136f1430733","value":{"ELEMENT":"e5a834ce-e6b0-4907-b253-370c19d31477","element-6066-11e4-a52e-4f735466cecf":"e5a834ce-e6b0-4907-b253-370c19d31477"}}
[debug] &amp#27;[35m[W3C (c8f67fea)]&amp#27;[39m Responding to client with driver.findElement() result: {"element-6066-11e4-a52e-4f735466cecf":"e5a834ce-e6b0-4907-b253-370c19d31477","ELEMENT":"e5a834ce-e6b0-4907-b253-370c19d31477"}
&amp#27;[35m[HTTP]&amp#27;[39m &amp#27;[37m<-- POST /wd/hub/session/c8f67fea-aa1e-4cc0-8af9-22de90b109c0/element &amp#27;[39m&amp#27;[32m200&amp#27;[39m &amp#27;[90m25 ms - 137&amp#27;[39m
&amp#27;[35m[HTTP]&amp#27;[39m &amp#27;[90m&amp#27;[39m
&amp#27;[35m[HTTP]&amp#27;[39m &amp#27;[37m-->&amp#27;[39m &amp#27;[37mPOST&amp#27;[39m &amp#27;[37m/wd/hub/session/c8f67fea-aa1e-4cc0-8af9-22de90b109c0/element/e5a834ce-e6b0-4907-b253-370c19d31477/value&amp#27;[39m
&amp#27;[35m[HTTP]&amp#27;[39m &amp#27;[90m{"id":"e5a834ce-e6b0-4907-b253-370c19d31477","text":"Sobhit","value":["S","o","b","h","i","t"]}&amp#27;[39m
[debug] &amp#27;[35m[W3C (c8f67fea)]&amp#27;[39m Calling AppiumDriver.setValue() with args: [["S","o","b","h","i","t"],"e5a834ce-e6b0-4907-b253-370c19d31477","c8f67fea-aa1e-4cc0-8af9-22de90b109c0"]
[debug] &amp#27;[35m[WD Proxy]&amp#27;[39m Matched '/element/e5a834ce-e6b0-4907-b253-370c19d31477/value' to command name 'setValue'
[debug] &amp#27;[35m[Protocol Converter]&amp#27;[39m Added 'value' property ["S","o","b","h","i","t"] to 'setValue' request body
[debug] &amp#27;[35m[WD Proxy]&amp#27;[39m Proxying [POST /element/e5a834ce-e6b0-4907-b253-370c19d31477/value] to [POST http://127.0.0.1:8200/wd/hub/session/05558cfb-4cab-4ab5-9c88-c136f1430733/element/e5a834ce-e6b0-4907-b253-370c19d31477/value] with body: {"elementId":"e5a834ce-e6b0-4907-b253-370c19d31477","text":"Sobhit","replace":false,"value":["S","o","b","h","i","t"]}
[debug] &amp#27;[35m[WD Proxy]&amp#27;[39m Got response with status 200: {"sessionId":"05558cfb-4cab-4ab5-9c88-c136f1430733","value":null}
[debug] &amp#27;[35m[W3C (c8f67fea)]&amp#27;[39m Responding to client with driver.setValue() result: null
&amp#27;[35m[HTTP]&amp#27;[39m &amp#27;[37m<-- POST /wd/hub/session/c8f67fea-aa1e-4cc0-8af9-22de90b109c0/element/e5a834ce-e6b0-4907-b253-370c19d31477/value &amp#27;[39m&amp#27;[32m200&amp#27;[39m &amp#27;[90m39 ms - 14&amp#27;[39m
&amp#27;[35m[HTTP]&amp#27;[39m &amp#27;[90m&amp#27;[39m
&amp#27;[35m[HTTP]&amp#27;[39m &amp#27;[37m-->&amp#27;[39m &amp#27;[37mGET&amp#27;[39m &amp#27;[37m/wd/hub/session/c8f67fea-aa1e-4cc0-8af9-22de90b109c0&amp#27;[39m
&amp#27;[35m[HTTP]&amp#27;[39m &amp#27;[90m{}&amp#27;[39m
[debug] &amp#27;[35m[W3C (c8f67fea)]&amp#27;[39m Calling AppiumDriver.getSession() with args: ["c8f67fea-aa1e-4cc0-8af9-22de90b109c0"]
[debug] &amp#27;[35m[UiAutomator2]&amp#27;[39m Getting session details from server to mix in
[debug] &amp#27;[35m[WD Proxy]&amp#27;[39m Matched '/' to command name 'getSession'
[debug] &amp#27;[35m[WD Proxy]&amp#27;[39m Proxying [GET /] to [GET http://127.0.0.1:8200/wd/hub/session/05558cfb-4cab-4ab5-9c88-c136f1430733] with no body
[debug] &amp#27;[35m[WD Proxy]&amp#27;[39m Got response with status 200: {"sessionId":"05558cfb-4cab-4ab5-9c88-c136f1430733","value":{"lastScrollData":null}}
[debug] &amp#27;[35m[W3C (c8f67fea)]&amp#27;[39m Responding to client with driver.getSession() result: {"platform":"LINUX","webStorageEnabled":false,"takesScreenshot":true,"javascriptEnabled":true,"databaseEnabled":false,"networkConnectionEnabled":true,"locationContextEnabled":false,"warnings":{},"desired":{"platformName":"android","skipDeviceInitialization":true,"skipServerInstallation":false,"app":"./Resources/in.workindia.apk","appActivity":".RegisterActivity","appPackage":"in.workindia.nileshdungarwal.workindiaandroid","platformVersion":"8.1"},"platformName":"android","skipDeviceInitialization":true,"skipServerInstallation":false,"app":"./Resources/in.workindia.apk","appActivity":".RegisterActivity","appPackage":"in.workindia.nileshdungarwal.workindiaandroid","platformVersion":"8.1.0","deviceName":"emulator-5554","deviceUDID":"emulator-5554","deviceApiLevel":27,"deviceScreenSize":"1080x2160","deviceScreenDensity":440,"deviceModel":"Android SDK built for x86","deviceManufacturer":"Google","pixelRatio":2.75,"statBarHeight":66,"viewportRect":{"left":0,"top":66,"width":1080,"height":1962},"lastScrollData":n...
&amp#27;[35m[HTTP]&amp#27;[39m &amp#27;[37m<-- GET /wd/hub/session/c8f67fea-aa1e-4cc0-8af9-22de90b109c0 &amp#27;[39m&amp#27;[32m200&amp#27;[39m &amp#27;[90m14 ms - 1035&amp#27;[39m
&amp#27;[35m[HTTP]&amp#27;[39m &amp#27;[90m&amp#27;[39m
&amp#27;[35m[HTTP]&amp#27;[39m &amp#27;[37m-->&amp#27;[39m &amp#27;[37mPOST&amp#27;[39m &amp#27;[37m/wd/hub/session/c8f67fea-aa1e-4cc0-8af9-22de90b109c0/element&amp#27;[39m
&amp#27;[35m[HTTP]&amp#27;[39m &amp#27;[90m{"using":"id","value":"in.workindia.nileshdungarwal.workindiaandroid:id/et_number"}&amp#27;[39m
[debug] &amp#27;[35m[W3C (c8f67fea)]&amp#27;[39m Calling AppiumDriver.findElement() with args: ["id","in.workindia.nileshdungarwal.workindiaandroid:id/et_number","c8f67fea-aa1e-4cc0-8af9-22de90b109c0"]
[debug] &amp#27;[35m[BaseDriver]&amp#27;[39m Valid locator strategies for this request: xpath, id, class name, accessibility id, css selector, -android uiautomator
[debug] &amp#27;[35m[BaseDriver]&amp#27;[39m Waiting up to 10000 ms for condition
[debug] &amp#27;[35m[WD Proxy]&amp#27;[39m Matched '/element' to command name 'findElement'
[debug] &amp#27;[35m[WD Proxy]&amp#27;[39m Proxying [POST /element] to [POST http://127.0.0.1:8200/wd/hub/session/05558cfb-4cab-4ab5-9c88-c136f1430733/element] with body: {"strategy":"id","selector":"in.workindia.nileshdungarwal.workindiaandroid:id/et_number","context":"","multiple":false}
[debug] &amp#27;[35m[WD Proxy]&amp#27;[39m Got response with status 200: {"sessionId":"05558cfb-4cab-4ab5-9c88-c136f1430733","value":{"ELEMENT":"7f9171e6-91fc-406e-ad10-6b4615ed5092","element-6066-11e4-a52e-4f735466cecf":"7f9171e6-91fc-406e-ad10-6b4615ed5092"}}
[debug] &amp#27;[35m[W3C (c8f67fea)]&amp#27;[39m Responding to client with driver.findElement() result: {"element-6066-11e4-a52e-4f735466cecf":"7f9171e6-91fc-406e-ad10-6b4615ed5092","ELEMENT":"7f9171e6-91fc-406e-ad10-6b4615ed5092"}
&amp#27;[35m[HTTP]&amp#27;[39m &amp#27;[37m<-- POST /wd/hub/session/c8f67fea-aa1e-4cc0-8af9-22de90b109c0/element &amp#27;[39m&amp#27;[32m200&amp#27;[39m &amp#27;[90m492 ms - 137&amp#27;[39m
&amp#27;[35m[HTTP]&amp#27;[39m &amp#27;[90m&amp#27;[39m
&amp#27;[35m[HTTP]&amp#27;[39m &amp#27;[37m-->&amp#27;[39m &amp#27;[37mPOST&amp#27;[39m &amp#27;[37m/wd/hub/session/c8f67fea-aa1e-4cc0-8af9-22de90b109c0/element/7f9171e6-91fc-406e-ad10-6b4615ed5092/value&amp#27;[39m
&amp#27;[35m[HTTP]&amp#27;[39m &amp#27;[90m{"id":"7f9171e6-91fc-406e-ad10-6b4615ed5092","text":"1234567890","value":["1","2","3","4","5","6","7","8","9","0"]}&amp#27;[39m
[debug] &amp#27;[35m[W3C (c8f67fea)]&amp#27;[39m Calling AppiumDriver.setValue() with args: [["1","2","3","4","5","6","7","8","9","0"],"7f9171e6-91fc-406e-ad10-6b4615ed5092","c8f67fea-aa1e-4cc0-8af9-22de90b109c0"]
[debug] &amp#27;[35m[WD Proxy]&amp#27;[39m Matched '/element/7f9171e6-91fc-406e-ad10-6b4615ed5092/value' to command name 'setValue'
[debug] &amp#27;[35m[Protocol Converter]&amp#27;[39m Added 'value' property ["1","2","3","4","5","6","7","8","9","0"] to 'setValue' request body
[debug] &amp#27;[35m[WD Proxy]&amp#27;[39m Proxying [POST /element/7f9171e6-91fc-406e-ad10-6b4615ed5092/value] to [POST http://127.0.0.1:8200/wd/hub/session/05558cfb-4cab-4ab5-9c88-c136f1430733/element/7f9171e6-91fc-406e-ad10-6b4615ed5092/value] with body: {"elementId":"7f9171e6-91fc-406e-ad10-6b4615ed5092","text":"1234567890","replace":false,"value":["1","2","3","4","5","6","7","8","9","0"]}
[debug] &amp#27;[35m[WD Proxy]&amp#27;[39m Got response with status 200: {"sessionId":"05558cfb-4cab-4ab5-9c88-c136f1430733","value":null}
[debug] &amp#27;[35m[W3C (c8f67fea)]&amp#27;[39m Responding to client with driver.setValue() result: null
&amp#27;[35m[HTTP]&amp#27;[39m &amp#27;[37m<-- POST /wd/hub/session/c8f67fea-aa1e-4cc0-8af9-22de90b109c0/element/7f9171e6-91fc-406e-ad10-6b4615ed5092/value &amp#27;[39m&amp#27;[32m200&amp#27;[39m &amp#27;[90m26 ms - 14&amp#27;[39m
&amp#27;[35m[HTTP]&amp#27;[39m &amp#27;[90m&amp#27;[39m
&amp#27;[35m[HTTP]&amp#27;[39m &amp#27;[37m-->&amp#27;[39m &amp#27;[37mGET&amp#27;[39m &amp#27;[37m/wd/hub/session/c8f67fea-aa1e-4cc0-8af9-22de90b109c0&amp#27;[39m
&amp#27;[35m[HTTP]&amp#27;[39m &amp#27;[90m{}&amp#27;[39m
[debug] &amp#27;[35m[W3C (c8f67fea)]&amp#27;[39m Calling AppiumDriver.getSession() with args: ["c8f67fea-aa1e-4cc0-8af9-22de90b109c0"]
[debug] &amp#27;[35m[UiAutomator2]&amp#27;[39m Getting session details from server to mix in
[debug] &amp#27;[35m[WD Proxy]&amp#27;[39m Matched '/' to command name 'getSession'
[debug] &amp#27;[35m[WD Proxy]&amp#27;[39m Proxying [GET /] to [GET http://127.0.0.1:8200/wd/hub/session/05558cfb-4cab-4ab5-9c88-c136f1430733] with no body
[debug] &amp#27;[35m[WD Proxy]&amp#27;[39m Got response with status 200: {"sessionId":"05558cfb-4cab-4ab5-9c88-c136f1430733","value":{"lastScrollData":null}}
[debug] &amp#27;[35m[W3C (c8f67fea)]&amp#27;[39m Responding to client with driver.getSession() result: {"platform":"LINUX","webStorageEnabled":false,"takesScreenshot":true,"javascriptEnabled":true,"databaseEnabled":false,"networkConnectionEnabled":true,"locationContextEnabled":false,"warnings":{},"desired":{"platformName":"android","skipDeviceInitialization":true,"skipServerInstallation":false,"app":"./Resources/in.workindia.apk","appActivity":".RegisterActivity","appPackage":"in.workindia.nileshdungarwal.workindiaandroid","platformVersion":"8.1"},"platformName":"android","skipDeviceInitialization":true,"skipServerInstallation":false,"app":"./Resources/in.workindia.apk","appActivity":".RegisterActivity","appPackage":"in.workindia.nileshdungarwal.workindiaandroid","platformVersion":"8.1.0","deviceName":"emulator-5554","deviceUDID":"emulator-5554","deviceApiLevel":27,"deviceScreenSize":"1080x2160","deviceScreenDensity":440,"deviceModel":"Android SDK built for x86","deviceManufacturer":"Google","pixelRatio":2.75,"statBarHeight":66,"viewportRect":{"left":0,"top":66,"width":1080,"height":1962},"lastScrollData":n...
&amp#27;[35m[HTTP]&amp#27;[39m &amp#27;[37m<-- GET /wd/hub/session/c8f67fea-aa1e-4cc0-8af9-22de90b109c0 &amp#27;[39m&amp#27;[32m200&amp#27;[39m &amp#27;[90m10 ms - 1035&amp#27;[39m
&amp#27;[35m[HTTP]&amp#27;[39m &amp#27;[90m&amp#27;[39m
&amp#27;[35m[HTTP]&amp#27;[39m &amp#27;[37m-->&amp#27;[39m &amp#27;[37mGET&amp#27;[39m &amp#27;[37m/wd/hub/session/c8f67fea-aa1e-4cc0-8af9-22de90b109c0&amp#27;[39m
&amp#27;[35m[HTTP]&amp#27;[39m &amp#27;[90m{}&amp#27;[39m
[debug] &amp#27;[35m[W3C (c8f67fea)]&amp#27;[39m Calling AppiumDriver.getSession() with args: ["c8f67fea-aa1e-4cc0-8af9-22de90b109c0"]
[debug] &amp#27;[35m[UiAutomator2]&amp#27;[39m Getting session details from server to mix in
[debug] &amp#27;[35m[WD Proxy]&amp#27;[39m Matched '/' to command name 'getSession'
[debug] &amp#27;[35m[WD Proxy]&amp#27;[39m Proxying [GET /] to [GET http://127.0.0.1:8200/wd/hub/session/05558cfb-4cab-4ab5-9c88-c136f1430733] with no body
[debug] &amp#27;[35m[WD Proxy]&amp#27;[39m Got response with status 200: {"sessionId":"05558cfb-4cab-4ab5-9c88-c136f1430733","value":{"lastScrollData":null}}
[debug] &amp#27;[35m[W3C (c8f67fea)]&amp#27;[39m Responding to client with driver.getSession() result: {"platform":"LINUX","webStorageEnabled":false,"takesScreenshot":true,"javascriptEnabled":true,"databaseEnabled":false,"networkConnectionEnabled":true,"locationContextEnabled":false,"warnings":{},"desired":{"platformName":"android","skipDeviceInitialization":true,"skipServerInstallation":false,"app":"./Resources/in.workindia.apk","appActivity":".RegisterActivity","appPackage":"in.workindia.nileshdungarwal.workindiaandroid","platformVersion":"8.1"},"platformName":"android","skipDeviceInitialization":true,"skipServerInstallation":false,"app":"./Resources/in.workindia.apk","appActivity":".RegisterActivity","appPackage":"in.workindia.nileshdungarwal.workindiaandroid","platformVersion":"8.1.0","deviceName":"emulator-5554","deviceUDID":"emulator-5554","deviceApiLevel":27,"deviceScreenSize":"1080x2160","deviceScreenDensity":440,"deviceModel":"Android SDK built for x86","deviceManufacturer":"Google","pixelRatio":2.75,"statBarHeight":66,"viewportRect":{"left":0,"top":66,"width":1080,"height":1962},"lastScrollData":n...
&amp#27;[35m[HTTP]&amp#27;[39m &amp#27;[37m<-- GET /wd/hub/session/c8f67fea-aa1e-4cc0-8af9-22de90b109c0 &amp#27;[39m&amp#27;[32m200&amp#27;[39m &amp#27;[90m16 ms - 1035&amp#27;[39m
&amp#27;[35m[HTTP]&amp#27;[39m &amp#27;[90m&amp#27;[39m
&amp#27;[35m[HTTP]&amp#27;[39m &amp#27;[37m-->&amp#27;[39m &amp#27;[37mGET&amp#27;[39m &amp#27;[37m/wd/hub/session/c8f67fea-aa1e-4cc0-8af9-22de90b109c0&amp#27;[39m
&amp#27;[35m[HTTP]&amp#27;[39m &amp#27;[90m{}&amp#27;[39m
[debug] &amp#27;[35m[W3C (c8f67fea)]&amp#27;[39m Calling AppiumDriver.getSession() with args: ["c8f67fea-aa1e-4cc0-8af9-22de90b109c0"]
[debug] &amp#27;[35m[UiAutomator2]&amp#27;[39m Getting session details from server to mix in
[debug] &amp#27;[35m[WD Proxy]&amp#27;[39m Matched '/' to command name 'getSession'
[debug] &amp#27;[35m[WD Proxy]&amp#27;[39m Proxying [GET /] to [GET http://127.0.0.1:8200/wd/hub/session/05558cfb-4cab-4ab5-9c88-c136f1430733] with no body
[debug] &amp#27;[35m[WD Proxy]&amp#27;[39m Got response with status 200: {"sessionId":"05558cfb-4cab-4ab5-9c88-c136f1430733","value":{"lastScrollData":null}}
[debug] &amp#27;[35m[W3C (c8f67fea)]&amp#27;[39m Responding to client with driver.getSession() result: {"platform":"LINUX","webStorageEnabled":false,"takesScreenshot":true,"javascriptEnabled":true,"databaseEnabled":false,"networkConnectionEnabled":true,"locationContextEnabled":false,"warnings":{},"desired":{"platformName":"android","skipDeviceInitialization":true,"skipServerInstallation":false,"app":"./Resources/in.workindia.apk","appActivity":".RegisterActivity","appPackage":"in.workindia.nileshdungarwal.workindiaandroid","platformVersion":"8.1"},"platformName":"android","skipDeviceInitialization":true,"skipServerInstallation":false,"app":"./Resources/in.workindia.apk","appActivity":".RegisterActivity","appPackage":"in.workindia.nileshdungarwal.workindiaandroid","platformVersion":"8.1.0","deviceName":"emulator-5554","deviceUDID":"emulator-5554","deviceApiLevel":27,"deviceScreenSize":"1080x2160","deviceScreenDensity":440,"deviceModel":"Android SDK built for x86","deviceManufacturer":"Google","pixelRatio":2.75,"statBarHeight":66,"viewportRect":{"left":0,"top":66,"width":1080,"height":1962},"lastScrollData":n...
&amp#27;[35m[HTTP]&amp#27;[39m &amp#27;[37m<-- GET /wd/hub/session/c8f67fea-aa1e-4cc0-8af9-22de90b109c0 &amp#27;[39m&amp#27;[32m200&amp#27;[39m &amp#27;[90m15 ms - 1035&amp#27;[39m
&amp#27;[35m[HTTP]&amp#27;[39m &amp#27;[90m&amp#27;[39m
&amp#27;[35m[HTTP]&amp#27;[39m &amp#27;[37m-->&amp#27;[39m &amp#27;[37mPOST&amp#27;[39m &amp#27;[37m/wd/hub/session/c8f67fea-aa1e-4cc0-8af9-22de90b109c0/element&amp#27;[39m
&amp#27;[35m[HTTP]&amp#27;[39m &amp#27;[90m{"using":"id","value":"in.workindia.nileshdungarwal.workindiaandroid:id/btn_submit"}&amp#27;[39m
[debug] &amp#27;[35m[W3C (c8f67fea)]&amp#27;[39m Calling AppiumDriver.findElement() with args: ["id","in.workindia.nileshdungarwal.workindiaandroid:id/btn_submit","c8f67fea-aa1e-4cc0-8af9-22de90b109c0"]
[debug] &amp#27;[35m[BaseDriver]&amp#27;[39m Valid locator strategies for this request: xpath, id, class name, accessibility id, css selector, -android uiautomator
[debug] &amp#27;[35m[BaseDriver]&amp#27;[39m Waiting up to 10000 ms for condition
[debug] &amp#27;[35m[WD Proxy]&amp#27;[39m Matched '/element' to command name 'findElement'
[debug] &amp#27;[35m[WD Proxy]&amp#27;[39m Proxying [POST /element] to [POST http://127.0.0.1:8200/wd/hub/session/05558cfb-4cab-4ab5-9c88-c136f1430733/element] with body: {"strategy":"id","selector":"in.workindia.nileshdungarwal.workindiaandroid:id/btn_submit","context":"","multiple":false}
[debug] &amp#27;[35m[WD Proxy]&amp#27;[39m Got response with status 200: {"sessionId":"05558cfb-4cab-4ab5-9c88-c136f1430733","value":{"ELEMENT":"5dae415d-65d2-4957-99f9-da1e7fc67db0","element-6066-11e4-a52e-4f735466cecf":"5dae415d-65d2-4957-99f9-da1e7fc67db0"}}
[debug] &amp#27;[35m[W3C (c8f67fea)]&amp#27;[39m Responding to client with driver.findElement() result: {"element-6066-11e4-a52e-4f735466cecf":"5dae415d-65d2-4957-99f9-da1e7fc67db0","ELEMENT":"5dae415d-65d2-4957-99f9-da1e7fc67db0"}
&amp#27;[35m[HTTP]&amp#27;[39m &amp#27;[37m<-- POST /wd/hub/session/c8f67fea-aa1e-4cc0-8af9-22de90b109c0/element &amp#27;[39m&amp#27;[32m200&amp#27;[39m &amp#27;[90m452 ms - 137&amp#27;[39m
&amp#27;[35m[HTTP]&amp#27;[39m &amp#27;[90m&amp#27;[39m
&amp#27;[35m[HTTP]&amp#27;[39m &amp#27;[37m-->&amp#27;[39m &amp#27;[37mPOST&amp#27;[39m &amp#27;[37m/wd/hub/session/c8f67fea-aa1e-4cc0-8af9-22de90b109c0/element/5dae415d-65d2-4957-99f9-da1e7fc67db0/click&amp#27;[39m
&amp#27;[35m[HTTP]&amp#27;[39m &amp#27;[90m{"id":"5dae415d-65d2-4957-99f9-da1e7fc67db0"}&amp#27;[39m
[debug] &amp#27;[35m[W3C (c8f67fea)]&amp#27;[39m Calling AppiumDriver.click() with args: ["5dae415d-65d2-4957-99f9-da1e7fc67db0","c8f67fea-aa1e-4cc0-8af9-22de90b109c0"]
[debug] &amp#27;[35m[WD Proxy]&amp#27;[39m Matched '/element/5dae415d-65d2-4957-99f9-da1e7fc67db0/click' to command name 'click'
[debug] &amp#27;[35m[WD Proxy]&amp#27;[39m Proxying [POST /element/5dae415d-65d2-4957-99f9-da1e7fc67db0/click] to [POST http://127.0.0.1:8200/wd/hub/session/05558cfb-4cab-4ab5-9c88-c136f1430733/element/5dae415d-65d2-4957-99f9-da1e7fc67db0/click] with body: {"element":"5dae415d-65d2-4957-99f9-da1e7fc67db0"}
[debug] &amp#27;[35m[WD Proxy]&amp#27;[39m Got response with status 200: {"sessionId":"05558cfb-4cab-4ab5-9c88-c136f1430733","value":null}
[debug] &amp#27;[35m[W3C (c8f67fea)]&amp#27;[39m Responding to client with driver.click() result: null
&amp#27;[35m[HTTP]&amp#27;[39m &amp#27;[37m<-- POST /wd/hub/session/c8f67fea-aa1e-4cc0-8af9-22de90b109c0/element/5dae415d-65d2-4957-99f9-da1e7fc67db0/click &amp#27;[39m&amp#27;[32m200&amp#27;[39m &amp#27;[90m31 ms - 14&amp#27;[39m
&amp#27;[35m[HTTP]&amp#27;[39m &amp#27;[90m&amp#27;[39m
&amp#27;[35m[HTTP]&amp#27;[39m &amp#27;[37m-->&amp#27;[39m &amp#27;[37mPOST&amp#27;[39m &amp#27;[37m/wd/hub/session/c8f67fea-aa1e-4cc0-8af9-22de90b109c0/timeouts&amp#27;[39m
&amp#27;[35m[HTTP]&amp#27;[39m &amp#27;[90m{"implicit":50000}&amp#27;[39m
[debug] &amp#27;[35m[W3C (c8f67fea)]&amp#27;[39m Calling AppiumDriver.timeouts() with args: [null,null,null,null,50000,"c8f67fea-aa1e-4cc0-8af9-22de90b109c0"]
[debug] &amp#27;[35m[BaseDriver]&amp#27;[39m W3C timeout argument: {"implicit":50000}}
[debug] &amp#27;[35m[BaseDriver]&amp#27;[39m Set implicit wait to 50000ms
[debug] &amp#27;[35m[W3C (c8f67fea)]&amp#27;[39m Responding to client with driver.timeouts() result: null
&amp#27;[35m[HTTP]&amp#27;[39m &amp#27;[37m<-- POST /wd/hub/session/c8f67fea-aa1e-4cc0-8af9-22de90b109c0/timeouts &amp#27;[39m&amp#27;[32m200&amp#27;[39m &amp#27;[90m3 ms - 14&amp#27;[39m
&amp#27;[35m[HTTP]&amp#27;[39m &amp#27;[90m&amp#27;[39m
&amp#27;[35m[HTTP]&amp#27;[39m &amp#27;[37m-->&amp#27;[39m &amp#27;[37mGET&amp#27;[39m &amp#27;[37m/wd/hub/session/c8f67fea-aa1e-4cc0-8af9-22de90b109c0&amp#27;[39m
&amp#27;[35m[HTTP]&amp#27;[39m &amp#27;[90m{}&amp#27;[39m
[debug] &amp#27;[35m[W3C (c8f67fea)]&amp#27;[39m Calling AppiumDriver.getSession() with args: ["c8f67fea-aa1e-4cc0-8af9-22de90b109c0"]
[debug] &amp#27;[35m[UiAutomator2]&amp#27;[39m Getting session details from server to mix in
[debug] &amp#27;[35m[WD Proxy]&amp#27;[39m Matched '/' to command name 'getSession'
[debug] &amp#27;[35m[WD Proxy]&amp#27;[39m Proxying [GET /] to [GET http://127.0.0.1:8200/wd/hub/session/05558cfb-4cab-4ab5-9c88-c136f1430733] with no body
[debug] &amp#27;[35m[WD Proxy]&amp#27;[39m Got response with status 200: {"sessionId":"05558cfb-4cab-4ab5-9c88-c136f1430733","value":{"lastScrollData":null}}
[debug] &amp#27;[35m[W3C (c8f67fea)]&amp#27;[39m Responding to client with driver.getSession() result: {"platform":"LINUX","webStorageEnabled":false,"takesScreenshot":true,"javascriptEnabled":true,"databaseEnabled":false,"networkConnectionEnabled":true,"locationContextEnabled":false,"warnings":{},"desired":{"platformName":"android","skipDeviceInitialization":true,"skipServerInstallation":false,"app":"./Resources/in.workindia.apk","appActivity":".RegisterActivity","appPackage":"in.workindia.nileshdungarwal.workindiaandroid","platformVersion":"8.1"},"platformName":"android","skipDeviceInitialization":true,"skipServerInstallation":false,"app":"./Resources/in.workindia.apk","appActivity":".RegisterActivity","appPackage":"in.workindia.nileshdungarwal.workindiaandroid","platformVersion":"8.1.0","deviceName":"emulator-5554","deviceUDID":"emulator-5554","deviceApiLevel":27,"deviceScreenSize":"1080x2160","deviceScreenDensity":440,"deviceModel":"Android SDK built for x86","deviceManufacturer":"Google","pixelRatio":2.75,"statBarHeight":66,"viewportRect":{"left":0,"top":66,"width":1080,"height":1962},"lastScrollData":n...
&amp#27;[35m[HTTP]&amp#27;[39m &amp#27;[37m<-- GET /wd/hub/session/c8f67fea-aa1e-4cc0-8af9-22de90b109c0 &amp#27;[39m&amp#27;[32m200&amp#27;[39m &amp#27;[90m14 ms - 1035&amp#27;[39m
&amp#27;[35m[HTTP]&amp#27;[39m &amp#27;[90m&amp#27;[39m
&amp#27;[35m[HTTP]&amp#27;[39m &amp#27;[37m-->&amp#27;[39m &amp#27;[37mGET&amp#27;[39m &amp#27;[37m/wd/hub/session/c8f67fea-aa1e-4cc0-8af9-22de90b109c0&amp#27;[39m
&amp#27;[35m[HTTP]&amp#27;[39m &amp#27;[90m{}&amp#27;[39m
[debug] &amp#27;[35m[W3C (c8f67fea)]&amp#27;[39m Calling AppiumDriver.getSession() with args: ["c8f67fea-aa1e-4cc0-8af9-22de90b109c0"]
[debug] &amp#27;[35m[UiAutomator2]&amp#27;[39m Getting session details from server to mix in
[debug] &amp#27;[35m[WD Proxy]&amp#27;[39m Matched '/' to command name 'getSession'
[debug] &amp#27;[35m[WD Proxy]&amp#27;[39m Proxying [GET /] to [GET http://127.0.0.1:8200/wd/hub/session/05558cfb-4cab-4ab5-9c88-c136f1430733] with no body
[debug] &amp#27;[35m[WD Proxy]&amp#27;[39m Got response with status 200: {"sessionId":"05558cfb-4cab-4ab5-9c88-c136f1430733","value":{"lastScrollData":null}}
[debug] &amp#27;[35m[W3C (c8f67fea)]&amp#27;[39m Responding to client with driver.getSession() result: {"platform":"LINUX","webStorageEnabled":false,"takesScreenshot":true,"javascriptEnabled":true,"databaseEnabled":false,"networkConnectionEnabled":true,"locationContextEnabled":false,"warnings":{},"desired":{"platformName":"android","skipDeviceInitialization":true,"skipServerInstallation":false,"app":"./Resources/in.workindia.apk","appActivity":".RegisterActivity","appPackage":"in.workindia.nileshdungarwal.workindiaandroid","platformVersion":"8.1"},"platformName":"android","skipDeviceInitialization":true,"skipServerInstallation":false,"app":"./Resources/in.workindia.apk","appActivity":".RegisterActivity","appPackage":"in.workindia.nileshdungarwal.workindiaandroid","platformVersion":"8.1.0","deviceName":"emulator-5554","deviceUDID":"emulator-5554","deviceApiLevel":27,"deviceScreenSize":"1080x2160","deviceScreenDensity":440,"deviceModel":"Android SDK built for x86","deviceManufacturer":"Google","pixelRatio":2.75,"statBarHeight":66,"viewportRect":{"left":0,"top":66,"width":1080,"height":1962},"lastScrollData":n...
&amp#27;[35m[HTTP]&amp#27;[39m &amp#27;[37m<-- GET /wd/hub/session/c8f67fea-aa1e-4cc0-8af9-22de90b109c0 &amp#27;[39m&amp#27;[32m200&amp#27;[39m &amp#27;[90m14 ms - 1035&amp#27;[39m
&amp#27;[35m[HTTP]&amp#27;[39m &amp#27;[90m&amp#27;[39m
&amp#27;[35m[HTTP]&amp#27;[39m &amp#27;[37m-->&amp#27;[39m &amp#27;[37mGET&amp#27;[39m &amp#27;[37m/wd/hub/session/c8f67fea-aa1e-4cc0-8af9-22de90b109c0&amp#27;[39m
&amp#27;[35m[HTTP]&amp#27;[39m &amp#27;[90m{}&amp#27;[39m
[debug] &amp#27;[35m[W3C (c8f67fea)]&amp#27;[39m Calling AppiumDriver.getSession() with args: ["c8f67fea-aa1e-4cc0-8af9-22de90b109c0"]
[debug] &amp#27;[35m[UiAutomator2]&amp#27;[39m Getting session details from server to mix in
[debug] &amp#27;[35m[WD Proxy]&amp#27;[39m Matched '/' to command name 'getSession'
[debug] &amp#27;[35m[WD Proxy]&amp#27;[39m Proxying [GET /] to [GET http://127.0.0.1:8200/wd/hub/session/05558cfb-4cab-4ab5-9c88-c136f1430733] with no body
[debug] &amp#27;[35m[WD Proxy]&amp#27;[39m Got response with status 200: {"sessionId":"05558cfb-4cab-4ab5-9c88-c136f1430733","value":{"lastScrollData":null}}
[debug] &amp#27;[35m[W3C (c8f67fea)]&amp#27;[39m Responding to client with driver.getSession() result: {"platform":"LINUX","webStorageEnabled":false,"takesScreenshot":true,"javascriptEnabled":true,"databaseEnabled":false,"networkConnectionEnabled":true,"locationContextEnabled":false,"warnings":{},"desired":{"platformName":"android","skipDeviceInitialization":true,"skipServerInstallation":false,"app":"./Resources/in.workindia.apk","appActivity":".RegisterActivity","appPackage":"in.workindia.nileshdungarwal.workindiaandroid","platformVersion":"8.1"},"platformName":"android","skipDeviceInitialization":true,"skipServerInstallation":false,"app":"./Resources/in.workindia.apk","appActivity":".RegisterActivity","appPackage":"in.workindia.nileshdungarwal.workindiaandroid","platformVersion":"8.1.0","deviceName":"emulator-5554","deviceUDID":"emulator-5554","deviceApiLevel":27,"deviceScreenSize":"1080x2160","deviceScreenDensity":440,"deviceModel":"Android SDK built for x86","deviceManufacturer":"Google","pixelRatio":2.75,"statBarHeight":66,"viewportRect":{"left":0,"top":66,"width":1080,"height":1962},"lastScrollData":n...
&amp#27;[35m[HTTP]&amp#27;[39m &amp#27;[37m<-- GET /wd/hub/session/c8f67fea-aa1e-4cc0-8af9-22de90b109c0 &amp#27;[39m&amp#27;[32m200&amp#27;[39m &amp#27;[90m17 ms - 1035&amp#27;[39m
&amp#27;[35m[HTTP]&amp#27;[39m &amp#27;[90m&amp#27;[39m
&amp#27;[35m[HTTP]&amp#27;[39m &amp#27;[37m-->&amp#27;[39m &amp#27;[37mPOST&amp#27;[39m &amp#27;[37m/wd/hub/session/c8f67fea-aa1e-4cc0-8af9-22de90b109c0/element&amp#27;[39m
&amp#27;[35m[HTTP]&amp#27;[39m &amp#27;[90m{"using":"id","value":"in.workindia.nileshdungarwal.workindiaandroid:id/rb_delhi"}&amp#27;[39m
[debug] &amp#27;[35m[W3C (c8f67fea)]&amp#27;[39m Calling AppiumDriver.findElement() with args: ["id","in.workindia.nileshdungarwal.workindiaandroid:id/rb_delhi","c8f67fea-aa1e-4cc0-8af9-22de90b109c0"]
[debug] &amp#27;[35m[BaseDriver]&amp#27;[39m Valid locator strategies for this request: xpath, id, class name, accessibility id, css selector, -android uiautomator
[debug] &amp#27;[35m[BaseDriver]&amp#27;[39m Waiting up to 50000 ms for condition
[debug] &amp#27;[35m[WD Proxy]&amp#27;[39m Matched '/element' to command name 'findElement'
[debug] &amp#27;[35m[WD Proxy]&amp#27;[39m Proxying [POST /element] to [POST http://127.0.0.1:8200/wd/hub/session/05558cfb-4cab-4ab5-9c88-c136f1430733/element] with body: {"strategy":"id","selector":"in.workindia.nileshdungarwal.workindiaandroid:id/rb_delhi","context":"","multiple":false}
&amp#27;[35m[WD Proxy]&amp#27;[39m Got response with status 404: {"sessionId":"05558cfb-4cab-4ab5-9c88-c136f1430733","value":{"error":"no such element","message":"An element could not be located on the page using the given search parameters","stacktrace":"io.appium.uiautomator2.common.exceptions.ElementNotFoundException: An element could not be located on the page using the given search parameters\n\tat io.appium.uiautomator2.handler.FindElement.safeHandle(FindElement.java:73)\n\tat io.appium.uiautomator2.handler.request.SafeRequestHandler.handle(SafeRequestHandler.java:41)\n\tat io.appium.uiautomator2.server.AppiumServlet.handleRequest(AppiumServlet.java:261)\n\tat io.appium.uiautomator2.server.AppiumServlet.handleHttpRequest(AppiumServlet.java:255)\n\tat io.appium.uiautomator2.http.ServerHandler.channelRead(ServerHandler.java:68)\n\tat io.netty.channel.AbstractChannelHandlerContext.invokeChannelRead(AbstractChannelHandlerContext.java:366)\n\tat io.netty.channel.AbstractChannelHandlerContext.invokeChannelRead(AbstractChannelHandlerContext.java:352)\n\tat io.netty.chann...
[debug] &amp#27;[35m[W3C]&amp#27;[39m Matched W3C error code 'no such element' to NoSuchElementError
[debug] &amp#27;[35m[BaseDriver]&amp#27;[39m Waited for 871 ms so far
[debug] &amp#27;[35m[WD Proxy]&amp#27;[39m Matched '/element' to command name 'findElement'
[debug] &amp#27;[35m[WD Proxy]&amp#27;[39m Proxying [POST /element] to [POST http://127.0.0.1:8200/wd/hub/session/05558cfb-4cab-4ab5-9c88-c136f1430733/element] with body: {"strategy":"id","selector":"in.workindia.nileshdungarwal.workindiaandroid:id/rb_delhi","context":"","multiple":false}
&amp#27;[35m[WD Proxy]&amp#27;[39m Got response with status 404: {"sessionId":"05558cfb-4cab-4ab5-9c88-c136f1430733","value":{"error":"no such element","message":"An element could not be located on the page using the given search parameters","stacktrace":"io.appium.uiautomator2.common.exceptions.ElementNotFoundException: An element could not be located on the page using the given search parameters\n\tat io.appium.uiautomator2.handler.FindElement.safeHandle(FindElement.java:73)\n\tat io.appium.uiautomator2.handler.request.SafeRequestHandler.handle(SafeRequestHandler.java:41)\n\tat io.appium.uiautomator2.server.AppiumServlet.handleRequest(AppiumServlet.java:261)\n\tat io.appium.uiautomator2.server.AppiumServlet.handleHttpRequest(AppiumServlet.java:255)\n\tat io.appium.uiautomator2.http.ServerHandler.channelRead(ServerHandler.java:68)\n\tat io.netty.channel.AbstractChannelHandlerContext.invokeChannelRead(AbstractChannelHandlerContext.java:366)\n\tat io.netty.channel.AbstractChannelHandlerContext.invokeChannelRead(AbstractChannelHandlerContext.java:352)\n\tat io.netty.chann...
[debug] &amp#27;[35m[W3C]&amp#27;[39m Matched W3C error code 'no such element' to NoSuchElementError
[debug] &amp#27;[35m[BaseDriver]&amp#27;[39m Waited for 1393 ms so far
[debug] &amp#27;[35m[WD Proxy]&amp#27;[39m Matched '/element' to command name 'findElement'
[debug] &amp#27;[35m[WD Proxy]&amp#27;[39m Proxying [POST /element] to [POST http://127.0.0.1:8200/wd/hub/session/05558cfb-4cab-4ab5-9c88-c136f1430733/element] with body: {"strategy":"id","selector":"in.workindia.nileshdungarwal.workindiaandroid:id/rb_delhi","context":"","multiple":false}
&amp#27;[35m[WD Proxy]&amp#27;[39m Got response with status 404: {"sessionId":"05558cfb-4cab-4ab5-9c88-c136f1430733","value":{"error":"no such element","message":"An element could not be located on the page using the given search parameters","stacktrace":"io.appium.uiautomator2.common.exceptions.ElementNotFoundException: An element could not be located on the page using the given search parameters\n\tat io.appium.uiautomator2.handler.FindElement.safeHandle(FindElement.java:73)\n\tat io.appium.uiautomator2.handler.request.SafeRequestHandler.handle(SafeRequestHandler.java:41)\n\tat io.appium.uiautomator2.server.AppiumServlet.handleRequest(AppiumServlet.java:261)\n\tat io.appium.uiautomator2.server.AppiumServlet.handleHttpRequest(AppiumServlet.java:255)\n\tat io.appium.uiautomator2.http.ServerHandler.channelRead(ServerHandler.java:68)\n\tat io.netty.channel.AbstractChannelHandlerContext.invokeChannelRead(AbstractChannelHandlerContext.java:366)\n\tat io.netty.channel.AbstractChannelHandlerContext.invokeChannelRead(AbstractChannelHandlerContext.java:352)\n\tat io.netty.chann...
[debug] &amp#27;[35m[W3C]&amp#27;[39m Matched W3C error code 'no such element' to NoSuchElementError
[debug] &amp#27;[35m[BaseDriver]&amp#27;[39m Waited for 1922 ms so far
[debug] &amp#27;[35m[WD Proxy]&amp#27;[39m Matched '/element' to command name 'findElement'
[debug] &amp#27;[35m[WD Proxy]&amp#27;[39m Proxying [POST /element] to [POST http://127.0.0.1:8200/wd/hub/session/05558cfb-4cab-4ab5-9c88-c136f1430733/element] with body: {"strategy":"id","selector":"in.workindia.nileshdungarwal.workindiaandroid:id/rb_delhi","context":"","multiple":false}
&amp#27;[35m[WD Proxy]&amp#27;[39m Got response with status 404: {"sessionId":"05558cfb-4cab-4ab5-9c88-c136f1430733","value":{"error":"no such element","message":"An element could not be located on the page using the given search parameters","stacktrace":"io.appium.uiautomator2.common.exceptions.ElementNotFoundException: An element could not be located on the page using the given search parameters\n\tat io.appium.uiautomator2.handler.FindElement.safeHandle(FindElement.java:73)\n\tat io.appium.uiautomator2.handler.request.SafeRequestHandler.handle(SafeRequestHandler.java:41)\n\tat io.appium.uiautomator2.server.AppiumServlet.handleRequest(AppiumServlet.java:261)\n\tat io.appium.uiautomator2.server.AppiumServlet.handleHttpRequest(AppiumServlet.java:255)\n\tat io.appium.uiautomator2.http.ServerHandler.channelRead(ServerHandler.java:68)\n\tat io.netty.channel.AbstractChannelHandlerContext.invokeChannelRead(AbstractChannelHandlerContext.java:366)\n\tat io.netty.channel.AbstractChannelHandlerContext.invokeChannelRead(AbstractChannelHandlerContext.java:352)\n\tat io.netty.chann...
[debug] &amp#27;[35m[W3C]&amp#27;[39m Matched W3C error code 'no such element' to NoSuchElementError
[debug] &amp#27;[35m[BaseDriver]&amp#27;[39m Waited for 2963 ms so far
[debug] &amp#27;[35m[WD Proxy]&amp#27;[39m Matched '/element' to command name 'findElement'
[debug] &amp#27;[35m[WD Proxy]&amp#27;[39m Proxying [POST /element] to [POST http://127.0.0.1:8200/wd/hub/session/05558cfb-4cab-4ab5-9c88-c136f1430733/element] with body: {"strategy":"id","selector":"in.workindia.nileshdungarwal.workindiaandroid:id/rb_delhi","context":"","multiple":false}
&amp#27;[35m[WD Proxy]&amp#27;[39m Got response with status 404: {"sessionId":"05558cfb-4cab-4ab5-9c88-c136f1430733","value":{"error":"no such element","message":"An element could not be located on the page using the given search parameters","stacktrace":"io.appium.uiautomator2.common.exceptions.ElementNotFoundException: An element could not be located on the page using the given search parameters\n\tat io.appium.uiautomator2.handler.FindElement.safeHandle(FindElement.java:73)\n\tat io.appium.uiautomator2.handler.request.SafeRequestHandler.handle(SafeRequestHandler.java:41)\n\tat io.appium.uiautomator2.server.AppiumServlet.handleRequest(AppiumServlet.java:261)\n\tat io.appium.uiautomator2.server.AppiumServlet.handleHttpRequest(AppiumServlet.java:255)\n\tat io.appium.uiautomator2.http.ServerHandler.channelRead(ServerHandler.java:68)\n\tat io.netty.channel.AbstractChannelHandlerContext.invokeChannelRead(AbstractChannelHandlerContext.java:366)\n\tat io.netty.channel.AbstractChannelHandlerContext.invokeChannelRead(AbstractChannelHandlerContext.java:352)\n\tat io.netty.chann...
[debug] &amp#27;[35m[W3C]&amp#27;[39m Matched W3C error code 'no such element' to NoSuchElementError
[debug] &amp#27;[35m[BaseDriver]&amp#27;[39m Waited for 3489 ms so far
[debug] &amp#27;[35m[WD Proxy]&amp#27;[39m Matched '/element' to command name 'findElement'
[debug] &amp#27;[35m[WD Proxy]&amp#27;[39m Proxying [POST /element] to [POST http://127.0.0.1:8200/wd/hub/session/05558cfb-4cab-4ab5-9c88-c136f1430733/element] with body: {"strategy":"id","selector":"in.workindia.nileshdungarwal.workindiaandroid:id/rb_delhi","context":"","multiple":false}
&amp#27;[35m[WD Proxy]&amp#27;[39m Got response with status 404: {"sessionId":"05558cfb-4cab-4ab5-9c88-c136f1430733","value":{"error":"no such element","message":"An element could not be located on the page using the given search parameters","stacktrace":"io.appium.uiautomator2.common.exceptions.ElementNotFoundException: An element could not be located on the page using the given search parameters\n\tat io.appium.uiautomator2.handler.FindElement.safeHandle(FindElement.java:73)\n\tat io.appium.uiautomator2.handler.request.SafeRequestHandler.handle(SafeRequestHandler.java:41)\n\tat io.appium.uiautomator2.server.AppiumServlet.handleRequest(AppiumServlet.java:261)\n\tat io.appium.uiautomator2.server.AppiumServlet.handleHttpRequest(AppiumServlet.java:255)\n\tat io.appium.uiautomator2.http.ServerHandler.channelRead(ServerHandler.java:68)\n\tat io.netty.channel.AbstractChannelHandlerContext.invokeChannelRead(AbstractChannelHandlerContext.java:366)\n\tat io.netty.channel.AbstractChannelHandlerContext.invokeChannelRead(AbstractChannelHandlerContext.java:352)\n\tat io.netty.chann...
[debug] &amp#27;[35m[W3C]&amp#27;[39m Matched W3C error code 'no such element' to NoSuchElementError
[debug] &amp#27;[35m[BaseDriver]&amp#27;[39m Waited for 4014 ms so far
[debug] &amp#27;[35m[WD Proxy]&amp#27;[39m Matched '/element' to command name 'findElement'
[debug] &amp#27;[35m[WD Proxy]&amp#27;[39m Proxying [POST /element] to [POST http://127.0.0.1:8200/wd/hub/session/05558cfb-4cab-4ab5-9c88-c136f1430733/element] with body: {"strategy":"id","selector":"in.workindia.nileshdungarwal.workindiaandroid:id/rb_delhi","context":"","multiple":false}
&amp#27;[35m[WD Proxy]&amp#27;[39m Got response with status 404: {"sessionId":"05558cfb-4cab-4ab5-9c88-c136f1430733","value":{"error":"no such element","message":"An element could not be located on the page using the given search parameters","stacktrace":"io.appium.uiautomator2.common.exceptions.ElementNotFoundException: An element could not be located on the page using the given search parameters\n\tat io.appium.uiautomator2.handler.FindElement.safeHandle(FindElement.java:73)\n\tat io.appium.uiautomator2.handler.request.SafeRequestHandler.handle(SafeRequestHandler.java:41)\n\tat io.appium.uiautomator2.server.AppiumServlet.handleRequest(AppiumServlet.java:261)\n\tat io.appium.uiautomator2.server.AppiumServlet.handleHttpRequest(AppiumServlet.java:255)\n\tat io.appium.uiautomator2.http.ServerHandler.channelRead(ServerHandler.java:68)\n\tat io.netty.channel.AbstractChannelHandlerContext.invokeChannelRead(AbstractChannelHandlerContext.java:366)\n\tat io.netty.channel.AbstractChannelHandlerContext.invokeChannelRead(AbstractChannelHandlerContext.java:352)\n\tat io.netty.chann...
[debug] &amp#27;[35m[W3C]&amp#27;[39m Matched W3C error code 'no such element' to NoSuchElementError
[debug] &amp#27;[35m[BaseDriver]&amp#27;[39m Waited for 4539 ms so far
[debug] &amp#27;[35m[WD Proxy]&amp#27;[39m Matched '/element' to command name 'findElement'
[debug] &amp#27;[35m[WD Proxy]&amp#27;[39m Proxying [POST /element] to [POST http://127.0.0.1:8200/wd/hub/session/05558cfb-4cab-4ab5-9c88-c136f1430733/element] with body: {"strategy":"id","selector":"in.workindia.nileshdungarwal.workindiaandroid:id/rb_delhi","context":"","multiple":false}
&amp#27;[35m[WD Proxy]&amp#27;[39m Got response with status 404: {"sessionId":"05558cfb-4cab-4ab5-9c88-c136f1430733","value":{"error":"no such element","message":"An element could not be located on the page using the given search parameters","stacktrace":"io.appium.uiautomator2.common.exceptions.ElementNotFoundException: An element could not be located on the page using the given search parameters\n\tat io.appium.uiautomator2.handler.FindElement.safeHandle(FindElement.java:73)\n\tat io.appium.uiautomator2.handler.request.SafeRequestHandler.handle(SafeRequestHandler.java:41)\n\tat io.appium.uiautomator2.server.AppiumServlet.handleRequest(AppiumServlet.java:261)\n\tat io.appium.uiautomator2.server.AppiumServlet.handleHttpRequest(AppiumServlet.java:255)\n\tat io.appium.uiautomator2.http.ServerHandler.channelRead(ServerHandler.java:68)\n\tat io.netty.channel.AbstractChannelHandlerContext.invokeChannelRead(AbstractChannelHandlerContext.java:366)\n\tat io.netty.channel.AbstractChannelHandlerContext.invokeChannelRead(AbstractChannelHandlerContext.java:352)\n\tat io.netty.chann...
[debug] &amp#27;[35m[W3C]&amp#27;[39m Matched W3C error code 'no such element' to NoSuchElementError
[debug] &amp#27;[35m[BaseDriver]&amp#27;[39m Waited for 5063 ms so far
[debug] &amp#27;[35m[WD Proxy]&amp#27;[39m Matched '/element' to command name 'findElement'
[debug] &amp#27;[35m[WD Proxy]&amp#27;[39m Proxying [POST /element] to [POST http://127.0.0.1:8200/wd/hub/session/05558cfb-4cab-4ab5-9c88-c136f1430733/element] with body: {"strategy":"id","selector":"in.workindia.nileshdungarwal.workindiaandroid:id/rb_delhi","context":"","multiple":false}
&amp#27;[35m[WD Proxy]&amp#27;[39m Got response with status 404: {"sessionId":"05558cfb-4cab-4ab5-9c88-c136f1430733","value":{"error":"no such element","message":"An element could not be located on the page using the given search parameters","stacktrace":"io.appium.uiautomator2.common.exceptions.ElementNotFoundException: An element could not be located on the page using the given search parameters\n\tat io.appium.uiautomator2.handler.FindElement.safeHandle(FindElement.java:73)\n\tat io.appium.uiautomator2.handler.request.SafeRequestHandler.handle(SafeRequestHandler.java:41)\n\tat io.appium.uiautomator2.server.AppiumServlet.handleRequest(AppiumServlet.java:261)\n\tat io.appium.uiautomator2.server.AppiumServlet.handleHttpRequest(AppiumServlet.java:255)\n\tat io.appium.uiautomator2.http.ServerHandler.channelRead(ServerHandler.java:68)\n\tat io.netty.channel.AbstractChannelHandlerContext.invokeChannelRead(AbstractChannelHandlerContext.java:366)\n\tat io.netty.channel.AbstractChannelHandlerContext.invokeChannelRead(AbstractChannelHandlerContext.java:352)\n\tat io.netty.chann...
[debug] &amp#27;[35m[W3C]&amp#27;[39m Matched W3C error code 'no such element' to NoSuchElementError
[debug] &amp#27;[35m[BaseDriver]&amp#27;[39m Waited for 5582 ms so far
[debug] &amp#27;[35m[WD Proxy]&amp#27;[39m Matched '/element' to command name 'findElement'
[debug] &amp#27;[35m[WD Proxy]&amp#27;[39m Proxying [POST /element] to [POST http://127.0.0.1:8200/wd/hub/session/05558cfb-4cab-4ab5-9c88-c136f1430733/element] with body: {"strategy":"id","selector":"in.workindia.nileshdungarwal.workindiaandroid:id/rb_delhi","context":"","multiple":false}
&amp#27;[35m[WD Proxy]&amp#27;[39m Got response with status 404: {"sessionId":"05558cfb-4cab-4ab5-9c88-c136f1430733","value":{"error":"no such element","message":"An element could not be located on the page using the given search parameters","stacktrace":"io.appium.uiautomator2.common.exceptions.ElementNotFoundException: An element could not be located on the page using the given search parameters\n\tat io.appium.uiautomator2.handler.FindElement.safeHandle(FindElement.java:73)\n\tat io.appium.uiautomator2.handler.request.SafeRequestHandler.handle(SafeRequestHandler.java:41)\n\tat io.appium.uiautomator2.server.AppiumServlet.handleRequest(AppiumServlet.java:261)\n\tat io.appium.uiautomator2.server.AppiumServlet.handleHttpRequest(AppiumServlet.java:255)\n\tat io.appium.uiautomator2.http.ServerHandler.channelRead(ServerHandler.java:68)\n\tat io.netty.channel.AbstractChannelHandlerContext.invokeChannelRead(AbstractChannelHandlerContext.java:366)\n\tat io.netty.channel.AbstractChannelHandlerContext.invokeChannelRead(AbstractChannelHandlerContext.java:352)\n\tat io.netty.chann...
[debug] &amp#27;[35m[W3C]&amp#27;[39m Matched W3C error code 'no such element' to NoSuchElementError
[debug] &amp#27;[35m[BaseDriver]&amp#27;[39m Waited for 6111 ms so far
[debug] &amp#27;[35m[WD Proxy]&amp#27;[39m Matched '/element' to command name 'findElement'
[debug] &amp#27;[35m[WD Proxy]&amp#27;[39m Proxying [POST /element] to [POST http://127.0.0.1:8200/wd/hub/session/05558cfb-4cab-4ab5-9c88-c136f1430733/element] with body: {"strategy":"id","selector":"in.workindia.nileshdungarwal.workindiaandroid:id/rb_delhi","context":"","multiple":false}
[debug] &amp#27;[35m[WD Proxy]&amp#27;[39m Got response with status 200: {"sessionId":"05558cfb-4cab-4ab5-9c88-c136f1430733","value":{"ELEMENT":"59278c21-18e7-448c-a430-0cab8973e113","element-6066-11e4-a52e-4f735466cecf":"59278c21-18e7-448c-a430-0cab8973e113"}}
[debug] &amp#27;[35m[W3C (c8f67fea)]&amp#27;[39m Responding to client with driver.findElement() result: {"element-6066-11e4-a52e-4f735466cecf":"59278c21-18e7-448c-a430-0cab8973e113","ELEMENT":"59278c21-18e7-448c-a430-0cab8973e113"}
&amp#27;[35m[HTTP]&amp#27;[39m &amp#27;[37m<-- POST /wd/hub/session/c8f67fea-aa1e-4cc0-8af9-22de90b109c0/element &amp#27;[39m&amp#27;[32m200&amp#27;[39m &amp#27;[90m8020 ms - 137&amp#27;[39m
&amp#27;[35m[HTTP]&amp#27;[39m &amp#27;[90m&amp#27;[39m
&amp#27;[35m[HTTP]&amp#27;[39m &amp#27;[37m-->&amp#27;[39m &amp#27;[37mPOST&amp#27;[39m &amp#27;[37m/wd/hub/session/c8f67fea-aa1e-4cc0-8af9-22de90b109c0/element/59278c21-18e7-448c-a430-0cab8973e113/click&amp#27;[39m
&amp#27;[35m[HTTP]&amp#27;[39m &amp#27;[90m{"id":"59278c21-18e7-448c-a430-0cab8973e113"}&amp#27;[39m
[debug] &amp#27;[35m[W3C (c8f67fea)]&amp#27;[39m Calling AppiumDriver.click() with args: ["59278c21-18e7-448c-a430-0cab8973e113","c8f67fea-aa1e-4cc0-8af9-22de90b109c0"]
[debug] &amp#27;[35m[WD Proxy]&amp#27;[39m Matched '/element/59278c21-18e7-448c-a430-0cab8973e113/click' to command name 'click'
[debug] &amp#27;[35m[WD Proxy]&amp#27;[39m Proxying [POST /element/59278c21-18e7-448c-a430-0cab8973e113/click] to [POST http://127.0.0.1:8200/wd/hub/session/05558cfb-4cab-4ab5-9c88-c136f1430733/element/59278c21-18e7-448c-a430-0cab8973e113/click] with body: {"element":"59278c21-18e7-448c-a430-0cab8973e113"}
[debug] &amp#27;[35m[WD Proxy]&amp#27;[39m Got response with status 200: {"sessionId":"05558cfb-4cab-4ab5-9c88-c136f1430733","value":null}
[debug] &amp#27;[35m[W3C (c8f67fea)]&amp#27;[39m Responding to client with driver.click() result: null
&amp#27;[35m[HTTP]&amp#27;[39m &amp#27;[37m<-- POST /wd/hub/session/c8f67fea-aa1e-4cc0-8af9-22de90b109c0/element/59278c21-18e7-448c-a430-0cab8973e113/click &amp#27;[39m&amp#27;[32m200&amp#27;[39m &amp#27;[90m29 ms - 14&amp#27;[39m
&amp#27;[35m[HTTP]&amp#27;[39m &amp#27;[90m&amp#27;[39m
&amp#27;[35m[HTTP]&amp#27;[39m &amp#27;[37m-->&amp#27;[39m &amp#27;[37mGET&amp#27;[39m &amp#27;[37m/wd/hub/session/c8f67fea-aa1e-4cc0-8af9-22de90b109c0&amp#27;[39m
&amp#27;[35m[HTTP]&amp#27;[39m &amp#27;[90m{}&amp#27;[39m
[debug] &amp#27;[35m[W3C (c8f67fea)]&amp#27;[39m Calling AppiumDriver.getSession() with args: ["c8f67fea-aa1e-4cc0-8af9-22de90b109c0"]
[debug] &amp#27;[35m[UiAutomator2]&amp#27;[39m Getting session details from server to mix in
[debug] &amp#27;[35m[WD Proxy]&amp#27;[39m Matched '/' to command name 'getSession'
[debug] &amp#27;[35m[WD Proxy]&amp#27;[39m Proxying [GET /] to [GET http://127.0.0.1:8200/wd/hub/session/05558cfb-4cab-4ab5-9c88-c136f1430733] with no body
[debug] &amp#27;[35m[WD Proxy]&amp#27;[39m Got response with status 200: {"sessionId":"05558cfb-4cab-4ab5-9c88-c136f1430733","value":{"lastScrollData":null}}
[debug] &amp#27;[35m[W3C (c8f67fea)]&amp#27;[39m Responding to client with driver.getSession() result: {"platform":"LINUX","webStorageEnabled":false,"takesScreenshot":true,"javascriptEnabled":true,"databaseEnabled":false,"networkConnectionEnabled":true,"locationContextEnabled":false,"warnings":{},"desired":{"platformName":"android","skipDeviceInitialization":true,"skipServerInstallation":false,"app":"./Resources/in.workindia.apk","appActivity":".RegisterActivity","appPackage":"in.workindia.nileshdungarwal.workindiaandroid","platformVersion":"8.1"},"platformName":"android","skipDeviceInitialization":true,"skipServerInstallation":false,"app":"./Resources/in.workindia.apk","appActivity":".RegisterActivity","appPackage":"in.workindia.nileshdungarwal.workindiaandroid","platformVersion":"8.1.0","deviceName":"emulator-5554","deviceUDID":"emulator-5554","deviceApiLevel":27,"deviceScreenSize":"1080x2160","deviceScreenDensity":440,"deviceModel":"Android SDK built for x86","deviceManufacturer":"Google","pixelRatio":2.75,"statBarHeight":66,"viewportRect":{"left":0,"top":66,"width":1080,"height":1962},"lastScrollData":n...
&amp#27;[35m[HTTP]&amp#27;[39m &amp#27;[37m<-- GET /wd/hub/session/c8f67fea-aa1e-4cc0-8af9-22de90b109c0 &amp#27;[39m&amp#27;[32m200&amp#27;[39m &amp#27;[90m13 ms - 1035&amp#27;[39m
&amp#27;[35m[HTTP]&amp#27;[39m &amp#27;[90m&amp#27;[39m
&amp#27;[35m[HTTP]&amp#27;[39m &amp#27;[37m-->&amp#27;[39m &amp#27;[37mGET&amp#27;[39m &amp#27;[37m/wd/hub/session/c8f67fea-aa1e-4cc0-8af9-22de90b109c0&amp#27;[39m
&amp#27;[35m[HTTP]&amp#27;[39m &amp#27;[90m{}&amp#27;[39m
[debug] &amp#27;[35m[W3C (c8f67fea)]&amp#27;[39m Calling AppiumDriver.getSession() with args: ["c8f67fea-aa1e-4cc0-8af9-22de90b109c0"]
[debug] &amp#27;[35m[UiAutomator2]&amp#27;[39m Getting session details from server to mix in
[debug] &amp#27;[35m[WD Proxy]&amp#27;[39m Matched '/' to command name 'getSession'
[debug] &amp#27;[35m[WD Proxy]&amp#27;[39m Proxying [GET /] to [GET http://127.0.0.1:8200/wd/hub/session/05558cfb-4cab-4ab5-9c88-c136f1430733] with no body
[debug] &amp#27;[35m[WD Proxy]&amp#27;[39m Got response with status 200: {"sessionId":"05558cfb-4cab-4ab5-9c88-c136f1430733","value":{"lastScrollData":null}}
[debug] &amp#27;[35m[W3C (c8f67fea)]&amp#27;[39m Responding to client with driver.getSession() result: {"platform":"LINUX","webStorageEnabled":false,"takesScreenshot":true,"javascriptEnabled":true,"databaseEnabled":false,"networkConnectionEnabled":true,"locationContextEnabled":false,"warnings":{},"desired":{"platformName":"android","skipDeviceInitialization":true,"skipServerInstallation":false,"app":"./Resources/in.workindia.apk","appActivity":".RegisterActivity","appPackage":"in.workindia.nileshdungarwal.workindiaandroid","platformVersion":"8.1"},"platformName":"android","skipDeviceInitialization":true,"skipServerInstallation":false,"app":"./Resources/in.workindia.apk","appActivity":".RegisterActivity","appPackage":"in.workindia.nileshdungarwal.workindiaandroid","platformVersion":"8.1.0","deviceName":"emulator-5554","deviceUDID":"emulator-5554","deviceApiLevel":27,"deviceScreenSize":"1080x2160","deviceScreenDensity":440,"deviceModel":"Android SDK built for x86","deviceManufacturer":"Google","pixelRatio":2.75,"statBarHeight":66,"viewportRect":{"left":0,"top":66,"width":1080,"height":1962},"lastScrollData":n...
&amp#27;[35m[HTTP]&amp#27;[39m &amp#27;[37m<-- GET /wd/hub/session/c8f67fea-aa1e-4cc0-8af9-22de90b109c0 &amp#27;[39m&amp#27;[32m200&amp#27;[39m &amp#27;[90m14 ms - 1035&amp#27;[39m
&amp#27;[35m[HTTP]&amp#27;[39m &amp#27;[90m&amp#27;[39m
&amp#27;[35m[HTTP]&amp#27;[39m &amp#27;[37m-->&amp#27;[39m &amp#27;[37mGET&amp#27;[39m &amp#27;[37m/wd/hub/session/c8f67fea-aa1e-4cc0-8af9-22de90b109c0&amp#27;[39m
&amp#27;[35m[HTTP]&amp#27;[39m &amp#27;[90m{}&amp#27;[39m
[debug] &amp#27;[35m[W3C (c8f67fea)]&amp#27;[39m Calling AppiumDriver.getSession() with args: ["c8f67fea-aa1e-4cc0-8af9-22de90b109c0"]
[debug] &amp#27;[35m[UiAutomator2]&amp#27;[39m Getting session details from server to mix in
[debug] &amp#27;[35m[WD Proxy]&amp#27;[39m Matched '/' to command name 'getSession'
[debug] &amp#27;[35m[WD Proxy]&amp#27;[39m Proxying [GET /] to [GET http://127.0.0.1:8200/wd/hub/session/05558cfb-4cab-4ab5-9c88-c136f1430733] with no body
[debug] &amp#27;[35m[WD Proxy]&amp#27;[39m Got response with status 200: {"sessionId":"05558cfb-4cab-4ab5-9c88-c136f1430733","value":{"lastScrollData":null}}
[debug] &amp#27;[35m[W3C (c8f67fea)]&amp#27;[39m Responding to client with driver.getSession() result: {"platform":"LINUX","webStorageEnabled":false,"takesScreenshot":true,"javascriptEnabled":true,"databaseEnabled":false,"networkConnectionEnabled":true,"locationContextEnabled":false,"warnings":{},"desired":{"platformName":"android","skipDeviceInitialization":true,"skipServerInstallation":false,"app":"./Resources/in.workindia.apk","appActivity":".RegisterActivity","appPackage":"in.workindia.nileshdungarwal.workindiaandroid","platformVersion":"8.1"},"platformName":"android","skipDeviceInitialization":true,"skipServerInstallation":false,"app":"./Resources/in.workindia.apk","appActivity":".RegisterActivity","appPackage":"in.workindia.nileshdungarwal.workindiaandroid","platformVersion":"8.1.0","deviceName":"emulator-5554","deviceUDID":"emulator-5554","deviceApiLevel":27,"deviceScreenSize":"1080x2160","deviceScreenDensity":440,"deviceModel":"Android SDK built for x86","deviceManufacturer":"Google","pixelRatio":2.75,"statBarHeight":66,"viewportRect":{"left":0,"top":66,"width":1080,"height":1962},"lastScrollData":n...
&amp#27;[35m[HTTP]&amp#27;[39m &amp#27;[37m<-- GET /wd/hub/session/c8f67fea-aa1e-4cc0-8af9-22de90b109c0 &amp#27;[39m&amp#27;[32m200&amp#27;[39m &amp#27;[90m15 ms - 1035&amp#27;[39m
&amp#27;[35m[HTTP]&amp#27;[39m &amp#27;[90m&amp#27;[39m
&amp#27;[35m[HTTP]&amp#27;[39m &amp#27;[37m-->&amp#27;[39m &amp#27;[37mPOST&amp#27;[39m &amp#27;[37m/wd/hub/session/c8f67fea-aa1e-4cc0-8af9-22de90b109c0/element&amp#27;[39m
&amp#27;[35m[HTTP]&amp#27;[39m &amp#27;[90m{"using":"id","value":"in.workindia.nileshdungarwal.workindiaandroid:id/act_auto_complete"}&amp#27;[39m
[debug] &amp#27;[35m[W3C (c8f67fea)]&amp#27;[39m Calling AppiumDriver.findElement() with args: ["id","in.workindia.nileshdungarwal.workindiaandroid:id/act_auto_complete","c8f67fea-aa1e-4cc0-8af9-22de90b109c0"]
[debug] &amp#27;[35m[BaseDriver]&amp#27;[39m Valid locator strategies for this request: xpath, id, class name, accessibility id, css selector, -android uiautomator
[debug] &amp#27;[35m[BaseDriver]&amp#27;[39m Waiting up to 50000 ms for condition
[debug] &amp#27;[35m[WD Proxy]&amp#27;[39m Matched '/element' to command name 'findElement'
[debug] &amp#27;[35m[WD Proxy]&amp#27;[39m Proxying [POST /element] to [POST http://127.0.0.1:8200/wd/hub/session/05558cfb-4cab-4ab5-9c88-c136f1430733/element] with body: {"strategy":"id","selector":"in.workindia.nileshdungarwal.workindiaandroid:id/act_auto_complete","context":"","multiple":false}
&amp#27;[35m[WD Proxy]&amp#27;[39m Got response with status 404: {"sessionId":"05558cfb-4cab-4ab5-9c88-c136f1430733","value":{"error":"no such element","message":"An element could not be located on the page using the given search parameters","stacktrace":"io.appium.uiautomator2.common.exceptions.ElementNotFoundException: An element could not be located on the page using the given search parameters\n\tat io.appium.uiautomator2.handler.FindElement.safeHandle(FindElement.java:73)\n\tat io.appium.uiautomator2.handler.request.SafeRequestHandler.handle(SafeRequestHandler.java:41)\n\tat io.appium.uiautomator2.server.AppiumServlet.handleRequest(AppiumServlet.java:261)\n\tat io.appium.uiautomator2.server.AppiumServlet.handleHttpRequest(AppiumServlet.java:255)\n\tat io.appium.uiautomator2.http.ServerHandler.channelRead(ServerHandler.java:68)\n\tat io.netty.channel.AbstractChannelHandlerContext.invokeChannelRead(AbstractChannelHandlerContext.java:366)\n\tat io.netty.channel.AbstractChannelHandlerContext.invokeChannelRead(AbstractChannelHandlerContext.java:352)\n\tat io.netty.chann...
[debug] &amp#27;[35m[W3C]&amp#27;[39m Matched W3C error code 'no such element' to NoSuchElementError
[debug] &amp#27;[35m[BaseDriver]&amp#27;[39m Waited for 686 ms so far
[debug] &amp#27;[35m[WD Proxy]&amp#27;[39m Matched '/element' to command name 'findElement'
[debug] &amp#27;[35m[WD Proxy]&amp#27;[39m Proxying [POST /element] to [POST http://127.0.0.1:8200/wd/hub/session/05558cfb-4cab-4ab5-9c88-c136f1430733/element] with body: {"strategy":"id","selector":"in.workindia.nileshdungarwal.workindiaandroid:id/act_auto_complete","context":"","multiple":false}
[debug] &amp#27;[35m[WD Proxy]&amp#27;[39m Got response with status 200: {"sessionId":"05558cfb-4cab-4ab5-9c88-c136f1430733","value":{"ELEMENT":"2f59da16-0b2b-4c13-ada8-5c3c9d66cf0c","element-6066-11e4-a52e-4f735466cecf":"2f59da16-0b2b-4c13-ada8-5c3c9d66cf0c"}}
[debug] &amp#27;[35m[W3C (c8f67fea)]&amp#27;[39m Responding to client with driver.findElement() result: {"element-6066-11e4-a52e-4f735466cecf":"2f59da16-0b2b-4c13-ada8-5c3c9d66cf0c","ELEMENT":"2f59da16-0b2b-4c13-ada8-5c3c9d66cf0c"}
&amp#27;[35m[HTTP]&amp#27;[39m &amp#27;[37m<-- POST /wd/hub/session/c8f67fea-aa1e-4cc0-8af9-22de90b109c0/element &amp#27;[39m&amp#27;[32m200&amp#27;[39m &amp#27;[90m1528 ms - 137&amp#27;[39m
&amp#27;[35m[HTTP]&amp#27;[39m &amp#27;[90m&amp#27;[39m
&amp#27;[35m[HTTP]&amp#27;[39m &amp#27;[37m-->&amp#27;[39m &amp#27;[37mPOST&amp#27;[39m &amp#27;[37m/wd/hub/session/c8f67fea-aa1e-4cc0-8af9-22de90b109c0/element/2f59da16-0b2b-4c13-ada8-5c3c9d66cf0c/value&amp#27;[39m
&amp#27;[35m[HTTP]&amp#27;[39m &amp#27;[90m{"id":"2f59da16-0b2b-4c13-ada8-5c3c9d66cf0c","text":"Karol Bagh","value":["K","a","r","o","l"," ","B","a","g","h"]}&amp#27;[39m
[debug] &amp#27;[35m[W3C (c8f67fea)]&amp#27;[39m Calling AppiumDriver.setValue() with args: [["K","a","r","o","l"," ","B","a","g","h"],"2f59da16-0b2b-4c13-ada8-5c3c9d66cf0c","c8f67fea-aa1e-4cc0-8af9-22de90b109c0"]
[debug] &amp#27;[35m[WD Proxy]&amp#27;[39m Matched '/element/2f59da16-0b2b-4c13-ada8-5c3c9d66cf0c/value' to command name 'setValue'
[debug] &amp#27;[35m[Protocol Converter]&amp#27;[39m Added 'value' property ["K","a","r","o","l"," ","B","a","g","h"] to 'setValue' request body
[debug] &amp#27;[35m[WD Proxy]&amp#27;[39m Proxying [POST /element/2f59da16-0b2b-4c13-ada8-5c3c9d66cf0c/value] to [POST http://127.0.0.1:8200/wd/hub/session/05558cfb-4cab-4ab5-9c88-c136f1430733/element/2f59da16-0b2b-4c13-ada8-5c3c9d66cf0c/value] with body: {"elementId":"2f59da16-0b2b-4c13-ada8-5c3c9d66cf0c","text":"Karol Bagh","replace":false,"value":["K","a","r","o","l"," ","B","a","g","h"]}
[debug] &amp#27;[35m[WD Proxy]&amp#27;[39m Got response with status 200: {"sessionId":"05558cfb-4cab-4ab5-9c88-c136f1430733","value":null}
[debug] &amp#27;[35m[W3C (c8f67fea)]&amp#27;[39m Responding to client with driver.setValue() result: null
&amp#27;[35m[HTTP]&amp#27;[39m &amp#27;[37m<-- POST /wd/hub/session/c8f67fea-aa1e-4cc0-8af9-22de90b109c0/element/2f59da16-0b2b-4c13-ada8-5c3c9d66cf0c/value &amp#27;[39m&amp#27;[32m200&amp#27;[39m &amp#27;[90m562 ms - 14&amp#27;[39m
&amp#27;[35m[HTTP]&amp#27;[39m &amp#27;[90m&amp#27;[39m
&amp#27;[35m[HTTP]&amp#27;[39m &amp#27;[37m-->&amp#27;[39m &amp#27;[37mGET&amp#27;[39m &amp#27;[37m/wd/hub/session/c8f67fea-aa1e-4cc0-8af9-22de90b109c0&amp#27;[39m
&amp#27;[35m[HTTP]&amp#27;[39m &amp#27;[90m{}&amp#27;[39m
[debug] &amp#27;[35m[W3C (c8f67fea)]&amp#27;[39m Calling AppiumDriver.getSession() with args: ["c8f67fea-aa1e-4cc0-8af9-22de90b109c0"]
[debug] &amp#27;[35m[UiAutomator2]&amp#27;[39m Getting session details from server to mix in
[debug] &amp#27;[35m[WD Proxy]&amp#27;[39m Matched '/' to command name 'getSession'
[debug] &amp#27;[35m[WD Proxy]&amp#27;[39m Proxying [GET /] to [GET http://127.0.0.1:8200/wd/hub/session/05558cfb-4cab-4ab5-9c88-c136f1430733] with no body
[debug] &amp#27;[35m[WD Proxy]&amp#27;[39m Got response with status 200: {"sessionId":"05558cfb-4cab-4ab5-9c88-c136f1430733","value":{"lastScrollData":null}}
[debug] &amp#27;[35m[W3C (c8f67fea)]&amp#27;[39m Responding to client with driver.getSession() result: {"platform":"LINUX","webStorageEnabled":false,"takesScreenshot":true,"javascriptEnabled":true,"databaseEnabled":false,"networkConnectionEnabled":true,"locationContextEnabled":false,"warnings":{},"desired":{"platformName":"android","skipDeviceInitialization":true,"skipServerInstallation":false,"app":"./Resources/in.workindia.apk","appActivity":".RegisterActivity","appPackage":"in.workindia.nileshdungarwal.workindiaandroid","platformVersion":"8.1"},"platformName":"android","skipDeviceInitialization":true,"skipServerInstallation":false,"app":"./Resources/in.workindia.apk","appActivity":".RegisterActivity","appPackage":"in.workindia.nileshdungarwal.workindiaandroid","platformVersion":"8.1.0","deviceName":"emulator-5554","deviceUDID":"emulator-5554","deviceApiLevel":27,"deviceScreenSize":"1080x2160","deviceScreenDensity":440,"deviceModel":"Android SDK built for x86","deviceManufacturer":"Google","pixelRatio":2.75,"statBarHeight":66,"viewportRect":{"left":0,"top":66,"width":1080,"height":1962},"lastScrollData":n...
&amp#27;[35m[HTTP]&amp#27;[39m &amp#27;[37m<-- GET /wd/hub/session/c8f67fea-aa1e-4cc0-8af9-22de90b109c0 &amp#27;[39m&amp#27;[32m200&amp#27;[39m &amp#27;[90m16 ms - 1035&amp#27;[39m
&amp#27;[35m[HTTP]&amp#27;[39m &amp#27;[90m&amp#27;[39m
&amp#27;[35m[HTTP]&amp#27;[39m &amp#27;[37m-->&amp#27;[39m &amp#27;[37mGET&amp#27;[39m &amp#27;[37m/wd/hub/session/c8f67fea-aa1e-4cc0-8af9-22de90b109c0&amp#27;[39m
&amp#27;[35m[HTTP]&amp#27;[39m &amp#27;[90m{}&amp#27;[39m
[debug] &amp#27;[35m[W3C (c8f67fea)]&amp#27;[39m Calling AppiumDriver.getSession() with args: ["c8f67fea-aa1e-4cc0-8af9-22de90b109c0"]
[debug] &amp#27;[35m[UiAutomator2]&amp#27;[39m Getting session details from server to mix in
[debug] &amp#27;[35m[WD Proxy]&amp#27;[39m Matched '/' to command name 'getSession'
[debug] &amp#27;[35m[WD Proxy]&amp#27;[39m Proxying [GET /] to [GET http://127.0.0.1:8200/wd/hub/session/05558cfb-4cab-4ab5-9c88-c136f1430733] with no body
[debug] &amp#27;[35m[WD Proxy]&amp#27;[39m Got response with status 200: {"sessionId":"05558cfb-4cab-4ab5-9c88-c136f1430733","value":{"lastScrollData":null}}
[debug] &amp#27;[35m[W3C (c8f67fea)]&amp#27;[39m Responding to client with driver.getSession() result: {"platform":"LINUX","webStorageEnabled":false,"takesScreenshot":true,"javascriptEnabled":true,"databaseEnabled":false,"networkConnectionEnabled":true,"locationContextEnabled":false,"warnings":{},"desired":{"platformName":"android","skipDeviceInitialization":true,"skipServerInstallation":false,"app":"./Resources/in.workindia.apk","appActivity":".RegisterActivity","appPackage":"in.workindia.nileshdungarwal.workindiaandroid","platformVersion":"8.1"},"platformName":"android","skipDeviceInitialization":true,"skipServerInstallation":false,"app":"./Resources/in.workindia.apk","appActivity":".RegisterActivity","appPackage":"in.workindia.nileshdungarwal.workindiaandroid","platformVersion":"8.1.0","deviceName":"emulator-5554","deviceUDID":"emulator-5554","deviceApiLevel":27,"deviceScreenSize":"1080x2160","deviceScreenDensity":440,"deviceModel":"Android SDK built for x86","deviceManufacturer":"Google","pixelRatio":2.75,"statBarHeight":66,"viewportRect":{"left":0,"top":66,"width":1080,"height":1962},"lastScrollData":n...
&amp#27;[35m[HTTP]&amp#27;[39m &amp#27;[37m<-- GET /wd/hub/session/c8f67fea-aa1e-4cc0-8af9-22de90b109c0 &amp#27;[39m&amp#27;[32m200&amp#27;[39m &amp#27;[90m12 ms - 1035&amp#27;[39m
&amp#27;[35m[HTTP]&amp#27;[39m &amp#27;[90m&amp#27;[39m
&amp#27;[35m[HTTP]&amp#27;[39m &amp#27;[37m-->&amp#27;[39m &amp#27;[37mGET&amp#27;[39m &amp#27;[37m/wd/hub/session/c8f67fea-aa1e-4cc0-8af9-22de90b109c0&amp#27;[39m
&amp#27;[35m[HTTP]&amp#27;[39m &amp#27;[90m{}&amp#27;[39m
[debug] &amp#27;[35m[W3C (c8f67fea)]&amp#27;[39m Calling AppiumDriver.getSession() with args: ["c8f67fea-aa1e-4cc0-8af9-22de90b109c0"]
[debug] &amp#27;[35m[UiAutomator2]&amp#27;[39m Getting session details from server to mix in
[debug] &amp#27;[35m[WD Proxy]&amp#27;[39m Matched '/' to command name 'getSession'
[debug] &amp#27;[35m[WD Proxy]&amp#27;[39m Proxying [GET /] to [GET http://127.0.0.1:8200/wd/hub/session/05558cfb-4cab-4ab5-9c88-c136f1430733] with no body
[debug] &amp#27;[35m[WD Proxy]&amp#27;[39m Got response with status 200: {"sessionId":"05558cfb-4cab-4ab5-9c88-c136f1430733","value":{"lastScrollData":null}}
[debug] &amp#27;[35m[W3C (c8f67fea)]&amp#27;[39m Responding to client with driver.getSession() result: {"platform":"LINUX","webStorageEnabled":false,"takesScreenshot":true,"javascriptEnabled":true,"databaseEnabled":false,"networkConnectionEnabled":true,"locationContextEnabled":false,"warnings":{},"desired":{"platformName":"android","skipDeviceInitialization":true,"skipServerInstallation":false,"app":"./Resources/in.workindia.apk","appActivity":".RegisterActivity","appPackage":"in.workindia.nileshdungarwal.workindiaandroid","platformVersion":"8.1"},"platformName":"android","skipDeviceInitialization":true,"skipServerInstallation":false,"app":"./Resources/in.workindia.apk","appActivity":".RegisterActivity","appPackage":"in.workindia.nileshdungarwal.workindiaandroid","platformVersion":"8.1.0","deviceName":"emulator-5554","deviceUDID":"emulator-5554","deviceApiLevel":27,"deviceScreenSize":"1080x2160","deviceScreenDensity":440,"deviceModel":"Android SDK built for x86","deviceManufacturer":"Google","pixelRatio":2.75,"statBarHeight":66,"viewportRect":{"left":0,"top":66,"width":1080,"height":1962},"lastScrollData":n...
&amp#27;[35m[HTTP]&amp#27;[39m &amp#27;[37m<-- GET /wd/hub/session/c8f67fea-aa1e-4cc0-8af9-22de90b109c0 &amp#27;[39m&amp#27;[32m200&amp#27;[39m &amp#27;[90m13 ms - 1035&amp#27;[39m
&amp#27;[35m[HTTP]&amp#27;[39m &amp#27;[90m&amp#27;[39m
&amp#27;[35m[HTTP]&amp#27;[39m &amp#27;[37m-->&amp#27;[39m &amp#27;[37mPOST&amp#27;[39m &amp#27;[37m/wd/hub/session/c8f67fea-aa1e-4cc0-8af9-22de90b109c0/element&amp#27;[39m
&amp#27;[35m[HTTP]&amp#27;[39m &amp#27;[90m{"using":"id","value":"in.workindia.nileshdungarwal.workindiaandroid:id/btn_done"}&amp#27;[39m
[debug] &amp#27;[35m[W3C (c8f67fea)]&amp#27;[39m Calling AppiumDriver.findElement() with args: ["id","in.workindia.nileshdungarwal.workindiaandroid:id/btn_done","c8f67fea-aa1e-4cc0-8af9-22de90b109c0"]
[debug] &amp#27;[35m[BaseDriver]&amp#27;[39m Valid locator strategies for this request: xpath, id, class name, accessibility id, css selector, -android uiautomator
[debug] &amp#27;[35m[BaseDriver]&amp#27;[39m Waiting up to 50000 ms for condition
[debug] &amp#27;[35m[WD Proxy]&amp#27;[39m Matched '/element' to command name 'findElement'
[debug] &amp#27;[35m[WD Proxy]&amp#27;[39m Proxying [POST /element] to [POST http://127.0.0.1:8200/wd/hub/session/05558cfb-4cab-4ab5-9c88-c136f1430733/element] with body: {"strategy":"id","selector":"in.workindia.nileshdungarwal.workindiaandroid:id/btn_done","context":"","multiple":false}
[debug] &amp#27;[35m[WD Proxy]&amp#27;[39m Got response with status 200: {"sessionId":"05558cfb-4cab-4ab5-9c88-c136f1430733","value":{"ELEMENT":"08a89d83-0da7-4528-9c8c-8e26a7ada25e","element-6066-11e4-a52e-4f735466cecf":"08a89d83-0da7-4528-9c8c-8e26a7ada25e"}}
[debug] &amp#27;[35m[W3C (c8f67fea)]&amp#27;[39m Responding to client with driver.findElement() result: {"element-6066-11e4-a52e-4f735466cecf":"08a89d83-0da7-4528-9c8c-8e26a7ada25e","ELEMENT":"08a89d83-0da7-4528-9c8c-8e26a7ada25e"}
&amp#27;[35m[HTTP]&amp#27;[39m &amp#27;[37m<-- POST /wd/hub/session/c8f67fea-aa1e-4cc0-8af9-22de90b109c0/element &amp#27;[39m&amp#27;[32m200&amp#27;[39m &amp#27;[90m957 ms - 137&amp#27;[39m
&amp#27;[35m[HTTP]&amp#27;[39m &amp#27;[90m&amp#27;[39m
&amp#27;[35m[HTTP]&amp#27;[39m &amp#27;[37m-->&amp#27;[39m &amp#27;[37mPOST&amp#27;[39m &amp#27;[37m/wd/hub/session/c8f67fea-aa1e-4cc0-8af9-22de90b109c0/element/08a89d83-0da7-4528-9c8c-8e26a7ada25e/click&amp#27;[39m
&amp#27;[35m[HTTP]&amp#27;[39m &amp#27;[90m{"id":"08a89d83-0da7-4528-9c8c-8e26a7ada25e"}&amp#27;[39m
[debug] &amp#27;[35m[W3C (c8f67fea)]&amp#27;[39m Calling AppiumDriver.click() with args: ["08a89d83-0da7-4528-9c8c-8e26a7ada25e","c8f67fea-aa1e-4cc0-8af9-22de90b109c0"]
[debug] &amp#27;[35m[WD Proxy]&amp#27;[39m Matched '/element/08a89d83-0da7-4528-9c8c-8e26a7ada25e/click' to command name 'click'
[debug] &amp#27;[35m[WD Proxy]&amp#27;[39m Proxying [POST /element/08a89d83-0da7-4528-9c8c-8e26a7ada25e/click] to [POST http://127.0.0.1:8200/wd/hub/session/05558cfb-4cab-4ab5-9c88-c136f1430733/element/08a89d83-0da7-4528-9c8c-8e26a7ada25e/click] with body: {"element":"08a89d83-0da7-4528-9c8c-8e26a7ada25e"}
[debug] &amp#27;[35m[WD Proxy]&amp#27;[39m Got response with status 200: {"sessionId":"05558cfb-4cab-4ab5-9c88-c136f1430733","value":null}
[debug] &amp#27;[35m[W3C (c8f67fea)]&amp#27;[39m Responding to client with driver.click() result: null
&amp#27;[35m[HTTP]&amp#27;[39m &amp#27;[37m<-- POST /wd/hub/session/c8f67fea-aa1e-4cc0-8af9-22de90b109c0/element/08a89d83-0da7-4528-9c8c-8e26a7ada25e/click &amp#27;[39m&amp#27;[32m200&amp#27;[39m &amp#27;[90m43 ms - 14&amp#27;[39m
&amp#27;[35m[HTTP]&amp#27;[39m &amp#27;[90m&amp#27;[39m
&amp#27;[35m[HTTP]&amp#27;[39m &amp#27;[37m-->&amp#27;[39m &amp#27;[37mGET&amp#27;[39m &amp#27;[37m/wd/hub/session/c8f67fea-aa1e-4cc0-8af9-22de90b109c0&amp#27;[39m
&amp#27;[35m[HTTP]&amp#27;[39m &amp#27;[90m{}&amp#27;[39m
[debug] &amp#27;[35m[W3C (c8f67fea)]&amp#27;[39m Calling AppiumDriver.getSession() with args: ["c8f67fea-aa1e-4cc0-8af9-22de90b109c0"]
[debug] &amp#27;[35m[UiAutomator2]&amp#27;[39m Getting session details from server to mix in
[debug] &amp#27;[35m[WD Proxy]&amp#27;[39m Matched '/' to command name 'getSession'
[debug] &amp#27;[35m[WD Proxy]&amp#27;[39m Proxying [GET /] to [GET http://127.0.0.1:8200/wd/hub/session/05558cfb-4cab-4ab5-9c88-c136f1430733] with no body
[debug] &amp#27;[35m[WD Proxy]&amp#27;[39m Got response with status 200: {"sessionId":"05558cfb-4cab-4ab5-9c88-c136f1430733","value":{"lastScrollData":null}}
[debug] &amp#27;[35m[W3C (c8f67fea)]&amp#27;[39m Responding to client with driver.getSession() result: {"platform":"LINUX","webStorageEnabled":false,"takesScreenshot":true,"javascriptEnabled":true,"databaseEnabled":false,"networkConnectionEnabled":true,"locationContextEnabled":false,"warnings":{},"desired":{"platformName":"android","skipDeviceInitialization":true,"skipServerInstallation":false,"app":"./Resources/in.workindia.apk","appActivity":".RegisterActivity","appPackage":"in.workindia.nileshdungarwal.workindiaandroid","platformVersion":"8.1"},"platformName":"android","skipDeviceInitialization":true,"skipServerInstallation":false,"app":"./Resources/in.workindia.apk","appActivity":".RegisterActivity","appPackage":"in.workindia.nileshdungarwal.workindiaandroid","platformVersion":"8.1.0","deviceName":"emulator-5554","deviceUDID":"emulator-5554","deviceApiLevel":27,"deviceScreenSize":"1080x2160","deviceScreenDensity":440,"deviceModel":"Android SDK built for x86","deviceManufacturer":"Google","pixelRatio":2.75,"statBarHeight":66,"viewportRect":{"left":0,"top":66,"width":1080,"height":1962},"lastScrollData":n...
&amp#27;[35m[HTTP]&amp#27;[39m &amp#27;[37m<-- GET /wd/hub/session/c8f67fea-aa1e-4cc0-8af9-22de90b109c0 &amp#27;[39m&amp#27;[32m200&amp#27;[39m &amp#27;[90m19 ms - 1035&amp#27;[39m
&amp#27;[35m[HTTP]&amp#27;[39m &amp#27;[90m&amp#27;[39m
&amp#27;[35m[HTTP]&amp#27;[39m &amp#27;[37m-->&amp#27;[39m &amp#27;[37mGET&amp#27;[39m &amp#27;[37m/wd/hub/session/c8f67fea-aa1e-4cc0-8af9-22de90b109c0&amp#27;[39m
&amp#27;[35m[HTTP]&amp#27;[39m &amp#27;[90m{}&amp#27;[39m
[debug] &amp#27;[35m[W3C (c8f67fea)]&amp#27;[39m Calling AppiumDriver.getSession() with args: ["c8f67fea-aa1e-4cc0-8af9-22de90b109c0"]
[debug] &amp#27;[35m[UiAutomator2]&amp#27;[39m Getting session details from server to mix in
[debug] &amp#27;[35m[WD Proxy]&amp#27;[39m Matched '/' to command name 'getSession'
[debug] &amp#27;[35m[WD Proxy]&amp#27;[39m Proxying [GET /] to [GET http://127.0.0.1:8200/wd/hub/session/05558cfb-4cab-4ab5-9c88-c136f1430733] with no body
[debug] &amp#27;[35m[WD Proxy]&amp#27;[39m Got response with status 200: {"sessionId":"05558cfb-4cab-4ab5-9c88-c136f1430733","value":{"lastScrollData":null}}
[debug] &amp#27;[35m[W3C (c8f67fea)]&amp#27;[39m Responding to client with driver.getSession() result: {"platform":"LINUX","webStorageEnabled":false,"takesScreenshot":true,"javascriptEnabled":true,"databaseEnabled":false,"networkConnectionEnabled":true,"locationContextEnabled":false,"warnings":{},"desired":{"platformName":"android","skipDeviceInitialization":true,"skipServerInstallation":false,"app":"./Resources/in.workindia.apk","appActivity":".RegisterActivity","appPackage":"in.workindia.nileshdungarwal.workindiaandroid","platformVersion":"8.1"},"platformName":"android","skipDeviceInitialization":true,"skipServerInstallation":false,"app":"./Resources/in.workindia.apk","appActivity":".RegisterActivity","appPackage":"in.workindia.nileshdungarwal.workindiaandroid","platformVersion":"8.1.0","deviceName":"emulator-5554","deviceUDID":"emulator-5554","deviceApiLevel":27,"deviceScreenSize":"1080x2160","deviceScreenDensity":440,"deviceModel":"Android SDK built for x86","deviceManufacturer":"Google","pixelRatio":2.75,"statBarHeight":66,"viewportRect":{"left":0,"top":66,"width":1080,"height":1962},"lastScrollData":n...
&amp#27;[35m[HTTP]&amp#27;[39m &amp#27;[37m<-- GET /wd/hub/session/c8f67fea-aa1e-4cc0-8af9-22de90b109c0 &amp#27;[39m&amp#27;[32m200&amp#27;[39m &amp#27;[90m14 ms - 1035&amp#27;[39m
&amp#27;[35m[HTTP]&amp#27;[39m &amp#27;[90m&amp#27;[39m
&amp#27;[35m[HTTP]&amp#27;[39m &amp#27;[37m-->&amp#27;[39m &amp#27;[37mPOST&amp#27;[39m &amp#27;[37m/wd/hub/session/c8f67fea-aa1e-4cc0-8af9-22de90b109c0/element&amp#27;[39m
&amp#27;[35m[HTTP]&amp#27;[39m &amp#27;[90m{"using":"id","value":"in.workindia.nileshdungarwal.workindiaandroid:id/tv_my_gender"}&amp#27;[39m
[debug] &amp#27;[35m[W3C (c8f67fea)]&amp#27;[39m Calling AppiumDriver.findElement() with args: ["id","in.workindia.nileshdungarwal.workindiaandroid:id/tv_my_gender","c8f67fea-aa1e-4cc0-8af9-22de90b109c0"]
[debug] &amp#27;[35m[BaseDriver]&amp#27;[39m Valid locator strategies for this request: xpath, id, class name, accessibility id, css selector, -android uiautomator
[debug] &amp#27;[35m[BaseDriver]&amp#27;[39m Waiting up to 50000 ms for condition
[debug] &amp#27;[35m[WD Proxy]&amp#27;[39m Matched '/element' to command name 'findElement'
[debug] &amp#27;[35m[WD Proxy]&amp#27;[39m Proxying [POST /element] to [POST http://127.0.0.1:8200/wd/hub/session/05558cfb-4cab-4ab5-9c88-c136f1430733/element] with body: {"strategy":"id","selector":"in.workindia.nileshdungarwal.workindiaandroid:id/tv_my_gender","context":"","multiple":false}
&amp#27;[35m[WD Proxy]&amp#27;[39m Got response with status 404: {"sessionId":"05558cfb-4cab-4ab5-9c88-c136f1430733","value":{"error":"no such element","message":"An element could not be located on the page using the given search parameters","stacktrace":"io.appium.uiautomator2.common.exceptions.ElementNotFoundException: An element could not be located on the page using the given search parameters\n\tat io.appium.uiautomator2.handler.FindElement.safeHandle(FindElement.java:73)\n\tat io.appium.uiautomator2.handler.request.SafeRequestHandler.handle(SafeRequestHandler.java:41)\n\tat io.appium.uiautomator2.server.AppiumServlet.handleRequest(AppiumServlet.java:261)\n\tat io.appium.uiautomator2.server.AppiumServlet.handleHttpRequest(AppiumServlet.java:255)\n\tat io.appium.uiautomator2.http.ServerHandler.channelRead(ServerHandler.java:68)\n\tat io.netty.channel.AbstractChannelHandlerContext.invokeChannelRead(AbstractChannelHandlerContext.java:366)\n\tat io.netty.channel.AbstractChannelHandlerContext.invokeChannelRead(AbstractChannelHandlerContext.java:352)\n\tat io.netty.chann...
[debug] &amp#27;[35m[W3C]&amp#27;[39m Matched W3C error code 'no such element' to NoSuchElementError
[debug] &amp#27;[35m[BaseDriver]&amp#27;[39m Waited for 132 ms so far
[debug] &amp#27;[35m[WD Proxy]&amp#27;[39m Matched '/element' to command name 'findElement'
[debug] &amp#27;[35m[WD Proxy]&amp#27;[39m Proxying [POST /element] to [POST http://127.0.0.1:8200/wd/hub/session/05558cfb-4cab-4ab5-9c88-c136f1430733/element] with body: {"strategy":"id","selector":"in.workindia.nileshdungarwal.workindiaandroid:id/tv_my_gender","context":"","multiple":false}
&amp#27;[35m[WD Proxy]&amp#27;[39m Got response with status 404: {"sessionId":"05558cfb-4cab-4ab5-9c88-c136f1430733","value":{"error":"no such element","message":"An element could not be located on the page using the given search parameters","stacktrace":"io.appium.uiautomator2.common.exceptions.ElementNotFoundException: An element could not be located on the page using the given search parameters\n\tat io.appium.uiautomator2.handler.FindElement.safeHandle(FindElement.java:73)\n\tat io.appium.uiautomator2.handler.request.SafeRequestHandler.handle(SafeRequestHandler.java:41)\n\tat io.appium.uiautomator2.server.AppiumServlet.handleRequest(AppiumServlet.java:261)\n\tat io.appium.uiautomator2.server.AppiumServlet.handleHttpRequest(AppiumServlet.java:255)\n\tat io.appium.uiautomator2.http.ServerHandler.channelRead(ServerHandler.java:68)\n\tat io.netty.channel.AbstractChannelHandlerContext.invokeChannelRead(AbstractChannelHandlerContext.java:366)\n\tat io.netty.channel.AbstractChannelHandlerContext.invokeChannelRead(AbstractChannelHandlerContext.java:352)\n\tat io.netty.chann...
[debug] &amp#27;[35m[W3C]&amp#27;[39m Matched W3C error code 'no such element' to NoSuchElementError
[debug] &amp#27;[35m[BaseDriver]&amp#27;[39m Waited for 1080 ms so far
[debug] &amp#27;[35m[WD Proxy]&amp#27;[39m Matched '/element' to command name 'findElement'
[debug] &amp#27;[35m[WD Proxy]&amp#27;[39m Proxying [POST /element] to [POST http://127.0.0.1:8200/wd/hub/session/05558cfb-4cab-4ab5-9c88-c136f1430733/element] with body: {"strategy":"id","selector":"in.workindia.nileshdungarwal.workindiaandroid:id/tv_my_gender","context":"","multiple":false}
[debug] &amp#27;[35m[WD Proxy]&amp#27;[39m Got response with status 200: {"sessionId":"05558cfb-4cab-4ab5-9c88-c136f1430733","value":{"ELEMENT":"b12a0b4e-7a80-4141-ab2c-45f88e447661","element-6066-11e4-a52e-4f735466cecf":"b12a0b4e-7a80-4141-ab2c-45f88e447661"}}
[debug] &amp#27;[35m[W3C (c8f67fea)]&amp#27;[39m Responding to client with driver.findElement() result: {"element-6066-11e4-a52e-4f735466cecf":"b12a0b4e-7a80-4141-ab2c-45f88e447661","ELEMENT":"b12a0b4e-7a80-4141-ab2c-45f88e447661"}
&amp#27;[35m[HTTP]&amp#27;[39m &amp#27;[37m<-- POST /wd/hub/session/c8f67fea-aa1e-4cc0-8af9-22de90b109c0/element &amp#27;[39m&amp#27;[32m200&amp#27;[39m &amp#27;[90m1880 ms - 137&amp#27;[39m
&amp#27;[35m[HTTP]&amp#27;[39m &amp#27;[90m&amp#27;[39m
&amp#27;[35m[HTTP]&amp#27;[39m &amp#27;[37m-->&amp#27;[39m &amp#27;[37mGET&amp#27;[39m &amp#27;[37m/wd/hub/session/c8f67fea-aa1e-4cc0-8af9-22de90b109c0/element/b12a0b4e-7a80-4141-ab2c-45f88e447661/text&amp#27;[39m
&amp#27;[35m[HTTP]&amp#27;[39m &amp#27;[90m{}&amp#27;[39m
&amp#27;[35m[W3C (c8f67fea)]&amp#27;[39m Driver proxy active, passing request on via HTTP proxy
[debug] &amp#27;[35m[WD Proxy]&amp#27;[39m Matched '/wd/hub/session/c8f67fea-aa1e-4cc0-8af9-22de90b109c0/element/b12a0b4e-7a80-4141-ab2c-45f88e447661/text' to command name 'getText'
[debug] &amp#27;[35m[WD Proxy]&amp#27;[39m Proxying [GET /wd/hub/session/c8f67fea-aa1e-4cc0-8af9-22de90b109c0/element/b12a0b4e-7a80-4141-ab2c-45f88e447661/text] to [GET http://127.0.0.1:8200/wd/hub/session/05558cfb-4cab-4ab5-9c88-c136f1430733/element/b12a0b4e-7a80-4141-ab2c-45f88e447661/text] with no body
[debug] &amp#27;[35m[WD Proxy]&amp#27;[39m Got response with status 200: {"sessionId":"05558cfb-4cab-4ab5-9c88-c136f1430733","value":"My Gender *"}
&amp#27;[35m[WD Proxy]&amp#27;[39m Replacing sessionId 05558cfb-4cab-4ab5-9c88-c136f1430733 with c8f67fea-aa1e-4cc0-8af9-22de90b109c0
&amp#27;[35m[HTTP]&amp#27;[39m &amp#27;[37m<-- GET /wd/hub/session/c8f67fea-aa1e-4cc0-8af9-22de90b109c0/element/b12a0b4e-7a80-4141-ab2c-45f88e447661/text &amp#27;[39m&amp#27;[32m200&amp#27;[39m &amp#27;[90m510 ms - 74&amp#27;[39m
&amp#27;[35m[HTTP]&amp#27;[39m &amp#27;[90m&amp#27;[39m
&amp#27;[35m[HTTP]&amp#27;[39m &amp#27;[37m-->&amp#27;[39m &amp#27;[37mGET&amp#27;[39m &amp#27;[37m/wd/hub/session/c8f67fea-aa1e-4cc0-8af9-22de90b109c0&amp#27;[39m
&amp#27;[35m[HTTP]&amp#27;[39m &amp#27;[90m{}&amp#27;[39m
[debug] &amp#27;[35m[W3C (c8f67fea)]&amp#27;[39m Calling AppiumDriver.getSession() with args: ["c8f67fea-aa1e-4cc0-8af9-22de90b109c0"]
[debug] &amp#27;[35m[UiAutomator2]&amp#27;[39m Getting session details from server to mix in
[debug] &amp#27;[35m[WD Proxy]&amp#27;[39m Matched '/' to command name 'getSession'
[debug] &amp#27;[35m[WD Proxy]&amp#27;[39m Proxying [GET /] to [GET http://127.0.0.1:8200/wd/hub/session/05558cfb-4cab-4ab5-9c88-c136f1430733] with no body
[debug] &amp#27;[35m[WD Proxy]&amp#27;[39m Got response with status 200: {"sessionId":"05558cfb-4cab-4ab5-9c88-c136f1430733","value":{"lastScrollData":null}}
[debug] &amp#27;[35m[W3C (c8f67fea)]&amp#27;[39m Responding to client with driver.getSession() result: {"platform":"LINUX","webStorageEnabled":false,"takesScreenshot":true,"javascriptEnabled":true,"databaseEnabled":false,"networkConnectionEnabled":true,"locationContextEnabled":false,"warnings":{},"desired":{"platformName":"android","skipDeviceInitialization":true,"skipServerInstallation":false,"app":"./Resources/in.workindia.apk","appActivity":".RegisterActivity","appPackage":"in.workindia.nileshdungarwal.workindiaandroid","platformVersion":"8.1"},"platformName":"android","skipDeviceInitialization":true,"skipServerInstallation":false,"app":"./Resources/in.workindia.apk","appActivity":".RegisterActivity","appPackage":"in.workindia.nileshdungarwal.workindiaandroid","platformVersion":"8.1.0","deviceName":"emulator-5554","deviceUDID":"emulator-5554","deviceApiLevel":27,"deviceScreenSize":"1080x2160","deviceScreenDensity":440,"deviceModel":"Android SDK built for x86","deviceManufacturer":"Google","pixelRatio":2.75,"statBarHeight":66,"viewportRect":{"left":0,"top":66,"width":1080,"height":1962},"lastScrollData":n...
&amp#27;[35m[HTTP]&amp#27;[39m &amp#27;[37m<-- GET /wd/hub/session/c8f67fea-aa1e-4cc0-8af9-22de90b109c0 &amp#27;[39m&amp#27;[32m200&amp#27;[39m &amp#27;[90m14 ms - 1035&amp#27;[39m
&amp#27;[35m[HTTP]&amp#27;[39m &amp#27;[90m&amp#27;[39m
&amp#27;[35m[HTTP]&amp#27;[39m &amp#27;[37m-->&amp#27;[39m &amp#27;[37mPOST&amp#27;[39m &amp#27;[37m/wd/hub/session/c8f67fea-aa1e-4cc0-8af9-22de90b109c0/element&amp#27;[39m
&amp#27;[35m[HTTP]&amp#27;[39m &amp#27;[90m{"using":"id","value":"in.workindia.nileshdungarwal.workindiaandroid:id/rg_male"}&amp#27;[39m
[debug] &amp#27;[35m[W3C (c8f67fea)]&amp#27;[39m Calling AppiumDriver.findElement() with args: ["id","in.workindia.nileshdungarwal.workindiaandroid:id/rg_male","c8f67fea-aa1e-4cc0-8af9-22de90b109c0"]
[debug] &amp#27;[35m[BaseDriver]&amp#27;[39m Valid locator strategies for this request: xpath, id, class name, accessibility id, css selector, -android uiautomator
[debug] &amp#27;[35m[BaseDriver]&amp#27;[39m Waiting up to 50000 ms for condition
[debug] &amp#27;[35m[WD Proxy]&amp#27;[39m Matched '/element' to command name 'findElement'
[debug] &amp#27;[35m[WD Proxy]&amp#27;[39m Proxying [POST /element] to [POST http://127.0.0.1:8200/wd/hub/session/05558cfb-4cab-4ab5-9c88-c136f1430733/element] with body: {"strategy":"id","selector":"in.workindia.nileshdungarwal.workindiaandroid:id/rg_male","context":"","multiple":false}
[debug] &amp#27;[35m[WD Proxy]&amp#27;[39m Got response with status 200: {"sessionId":"05558cfb-4cab-4ab5-9c88-c136f1430733","value":{"ELEMENT":"c37914b5-8816-4a9b-b14f-504db76f0245","element-6066-11e4-a52e-4f735466cecf":"c37914b5-8816-4a9b-b14f-504db76f0245"}}
[debug] &amp#27;[35m[W3C (c8f67fea)]&amp#27;[39m Responding to client with driver.findElement() result: {"element-6066-11e4-a52e-4f735466cecf":"c37914b5-8816-4a9b-b14f-504db76f0245","ELEMENT":"c37914b5-8816-4a9b-b14f-504db76f0245"}
&amp#27;[35m[HTTP]&amp#27;[39m &amp#27;[37m<-- POST /wd/hub/session/c8f67fea-aa1e-4cc0-8af9-22de90b109c0/element &amp#27;[39m&amp#27;[32m200&amp#27;[39m &amp#27;[90m34 ms - 137&amp#27;[39m
&amp#27;[35m[HTTP]&amp#27;[39m &amp#27;[90m&amp#27;[39m
&amp#27;[35m[HTTP]&amp#27;[39m &amp#27;[37m-->&amp#27;[39m &amp#27;[37mPOST&amp#27;[39m &amp#27;[37m/wd/hub/session/c8f67fea-aa1e-4cc0-8af9-22de90b109c0/element/c37914b5-8816-4a9b-b14f-504db76f0245/click&amp#27;[39m
&amp#27;[35m[HTTP]&amp#27;[39m &amp#27;[90m{"id":"c37914b5-8816-4a9b-b14f-504db76f0245"}&amp#27;[39m
[debug] &amp#27;[35m[W3C (c8f67fea)]&amp#27;[39m Calling AppiumDriver.click() with args: ["c37914b5-8816-4a9b-b14f-504db76f0245","c8f67fea-aa1e-4cc0-8af9-22de90b109c0"]
[debug] &amp#27;[35m[WD Proxy]&amp#27;[39m Matched '/element/c37914b5-8816-4a9b-b14f-504db76f0245/click' to command name 'click'
[debug] &amp#27;[35m[WD Proxy]&amp#27;[39m Proxying [POST /element/c37914b5-8816-4a9b-b14f-504db76f0245/click] to [POST http://127.0.0.1:8200/wd/hub/session/05558cfb-4cab-4ab5-9c88-c136f1430733/element/c37914b5-8816-4a9b-b14f-504db76f0245/click] with body: {"element":"c37914b5-8816-4a9b-b14f-504db76f0245"}
[debug] &amp#27;[35m[WD Proxy]&amp#27;[39m Got response with status 200: {"sessionId":"05558cfb-4cab-4ab5-9c88-c136f1430733","value":null}
[debug] &amp#27;[35m[W3C (c8f67fea)]&amp#27;[39m Responding to client with driver.click() result: null
&amp#27;[35m[HTTP]&amp#27;[39m &amp#27;[37m<-- POST /wd/hub/session/c8f67fea-aa1e-4cc0-8af9-22de90b109c0/element/c37914b5-8816-4a9b-b14f-504db76f0245/click &amp#27;[39m&amp#27;[32m200&amp#27;[39m &amp#27;[90m27 ms - 14&amp#27;[39m
&amp#27;[35m[HTTP]&amp#27;[39m &amp#27;[90m&amp#27;[39m
&amp#27;[35m[HTTP]&amp#27;[39m &amp#27;[37m-->&amp#27;[39m &amp#27;[37mGET&amp#27;[39m &amp#27;[37m/wd/hub/session/c8f67fea-aa1e-4cc0-8af9-22de90b109c0&amp#27;[39m
&amp#27;[35m[HTTP]&amp#27;[39m &amp#27;[90m{}&amp#27;[39m
[debug] &amp#27;[35m[W3C (c8f67fea)]&amp#27;[39m Calling AppiumDriver.getSession() with args: ["c8f67fea-aa1e-4cc0-8af9-22de90b109c0"]
[debug] &amp#27;[35m[UiAutomator2]&amp#27;[39m Getting session details from server to mix in
[debug] &amp#27;[35m[WD Proxy]&amp#27;[39m Matched '/' to command name 'getSession'
[debug] &amp#27;[35m[WD Proxy]&amp#27;[39m Proxying [GET /] to [GET http://127.0.0.1:8200/wd/hub/session/05558cfb-4cab-4ab5-9c88-c136f1430733] with no body
[debug] &amp#27;[35m[WD Proxy]&amp#27;[39m Got response with status 200: {"sessionId":"05558cfb-4cab-4ab5-9c88-c136f1430733","value":{"lastScrollData":null}}
[debug] &amp#27;[35m[W3C (c8f67fea)]&amp#27;[39m Responding to client with driver.getSession() result: {"platform":"LINUX","webStorageEnabled":false,"takesScreenshot":true,"javascriptEnabled":true,"databaseEnabled":false,"networkConnectionEnabled":true,"locationContextEnabled":false,"warnings":{},"desired":{"platformName":"android","skipDeviceInitialization":true,"skipServerInstallation":false,"app":"./Resources/in.workindia.apk","appActivity":".RegisterActivity","appPackage":"in.workindia.nileshdungarwal.workindiaandroid","platformVersion":"8.1"},"platformName":"android","skipDeviceInitialization":true,"skipServerInstallation":false,"app":"./Resources/in.workindia.apk","appActivity":".RegisterActivity","appPackage":"in.workindia.nileshdungarwal.workindiaandroid","platformVersion":"8.1.0","deviceName":"emulator-5554","deviceUDID":"emulator-5554","deviceApiLevel":27,"deviceScreenSize":"1080x2160","deviceScreenDensity":440,"deviceModel":"Android SDK built for x86","deviceManufacturer":"Google","pixelRatio":2.75,"statBarHeight":66,"viewportRect":{"left":0,"top":66,"width":1080,"height":1962},"lastScrollData":n...
&amp#27;[35m[HTTP]&amp#27;[39m &amp#27;[37m<-- GET /wd/hub/session/c8f67fea-aa1e-4cc0-8af9-22de90b109c0 &amp#27;[39m&amp#27;[32m200&amp#27;[39m &amp#27;[90m13 ms - 1035&amp#27;[39m
&amp#27;[35m[HTTP]&amp#27;[39m &amp#27;[90m&amp#27;[39m
&amp#27;[35m[HTTP]&amp#27;[39m &amp#27;[37m-->&amp#27;[39m &amp#27;[37mPOST&amp#27;[39m &amp#27;[37m/wd/hub/session/c8f67fea-aa1e-4cc0-8af9-22de90b109c0/element&amp#27;[39m
&amp#27;[35m[HTTP]&amp#27;[39m &amp#27;[90m{"using":"id","value":"in.workindia.nileshdungarwal.workindiaandroid:id/rb_graduate"}&amp#27;[39m
[debug] &amp#27;[35m[W3C (c8f67fea)]&amp#27;[39m Calling AppiumDriver.findElement() with args: ["id","in.workindia.nileshdungarwal.workindiaandroid:id/rb_graduate","c8f67fea-aa1e-4cc0-8af9-22de90b109c0"]
[debug] &amp#27;[35m[BaseDriver]&amp#27;[39m Valid locator strategies for this request: xpath, id, class name, accessibility id, css selector, -android uiautomator
[debug] &amp#27;[35m[BaseDriver]&amp#27;[39m Waiting up to 50000 ms for condition
[debug] &amp#27;[35m[WD Proxy]&amp#27;[39m Matched '/element' to command name 'findElement'
[debug] &amp#27;[35m[WD Proxy]&amp#27;[39m Proxying [POST /element] to [POST http://127.0.0.1:8200/wd/hub/session/05558cfb-4cab-4ab5-9c88-c136f1430733/element] with body: {"strategy":"id","selector":"in.workindia.nileshdungarwal.workindiaandroid:id/rb_graduate","context":"","multiple":false}
[debug] &amp#27;[35m[WD Proxy]&amp#27;[39m Got response with status 200: {"sessionId":"05558cfb-4cab-4ab5-9c88-c136f1430733","value":{"ELEMENT":"849a1cbf-1a6b-42ca-b479-e0ce65416b42","element-6066-11e4-a52e-4f735466cecf":"849a1cbf-1a6b-42ca-b479-e0ce65416b42"}}
[debug] &amp#27;[35m[W3C (c8f67fea)]&amp#27;[39m Responding to client with driver.findElement() result: {"element-6066-11e4-a52e-4f735466cecf":"849a1cbf-1a6b-42ca-b479-e0ce65416b42","ELEMENT":"849a1cbf-1a6b-42ca-b479-e0ce65416b42"}
&amp#27;[35m[HTTP]&amp#27;[39m &amp#27;[37m<-- POST /wd/hub/session/c8f67fea-aa1e-4cc0-8af9-22de90b109c0/element &amp#27;[39m&amp#27;[32m200&amp#27;[39m &amp#27;[90m520 ms - 137&amp#27;[39m
&amp#27;[35m[HTTP]&amp#27;[39m &amp#27;[90m&amp#27;[39m
&amp#27;[35m[HTTP]&amp#27;[39m &amp#27;[37m-->&amp#27;[39m &amp#27;[37mPOST&amp#27;[39m &amp#27;[37m/wd/hub/session/c8f67fea-aa1e-4cc0-8af9-22de90b109c0/element/849a1cbf-1a6b-42ca-b479-e0ce65416b42/click&amp#27;[39m
&amp#27;[35m[HTTP]&amp#27;[39m &amp#27;[90m{"id":"849a1cbf-1a6b-42ca-b479-e0ce65416b42"}&amp#27;[39m
[debug] &amp#27;[35m[W3C (c8f67fea)]&amp#27;[39m Calling AppiumDriver.click() with args: ["849a1cbf-1a6b-42ca-b479-e0ce65416b42","c8f67fea-aa1e-4cc0-8af9-22de90b109c0"]
[debug] &amp#27;[35m[WD Proxy]&amp#27;[39m Matched '/element/849a1cbf-1a6b-42ca-b479-e0ce65416b42/click' to command name 'click'
[debug] &amp#27;[35m[WD Proxy]&amp#27;[39m Proxying [POST /element/849a1cbf-1a6b-42ca-b479-e0ce65416b42/click] to [POST http://127.0.0.1:8200/wd/hub/session/05558cfb-4cab-4ab5-9c88-c136f1430733/element/849a1cbf-1a6b-42ca-b479-e0ce65416b42/click] with body: {"element":"849a1cbf-1a6b-42ca-b479-e0ce65416b42"}
[debug] &amp#27;[35m[WD Proxy]&amp#27;[39m Got response with status 200: {"sessionId":"05558cfb-4cab-4ab5-9c88-c136f1430733","value":null}
[debug] &amp#27;[35m[W3C (c8f67fea)]&amp#27;[39m Responding to client with driver.click() result: null
&amp#27;[35m[HTTP]&amp#27;[39m &amp#27;[37m<-- POST /wd/hub/session/c8f67fea-aa1e-4cc0-8af9-22de90b109c0/element/849a1cbf-1a6b-42ca-b479-e0ce65416b42/click &amp#27;[39m&amp#27;[32m200&amp#27;[39m &amp#27;[90m30 ms - 14&amp#27;[39m
&amp#27;[35m[HTTP]&amp#27;[39m &amp#27;[90m&amp#27;[39m
&amp#27;[35m[HTTP]&amp#27;[39m &amp#27;[37m-->&amp#27;[39m &amp#27;[37mGET&amp#27;[39m &amp#27;[37m/wd/hub/session/c8f67fea-aa1e-4cc0-8af9-22de90b109c0&amp#27;[39m
&amp#27;[35m[HTTP]&amp#27;[39m &amp#27;[90m{}&amp#27;[39m
[debug] &amp#27;[35m[W3C (c8f67fea)]&amp#27;[39m Calling AppiumDriver.getSession() with args: ["c8f67fea-aa1e-4cc0-8af9-22de90b109c0"]
[debug] &amp#27;[35m[UiAutomator2]&amp#27;[39m Getting session details from server to mix in
[debug] &amp#27;[35m[WD Proxy]&amp#27;[39m Matched '/' to command name 'getSession'
[debug] &amp#27;[35m[WD Proxy]&amp#27;[39m Proxying [GET /] to [GET http://127.0.0.1:8200/wd/hub/session/05558cfb-4cab-4ab5-9c88-c136f1430733] with no body
[debug] &amp#27;[35m[WD Proxy]&amp#27;[39m Got response with status 200: {"sessionId":"05558cfb-4cab-4ab5-9c88-c136f1430733","value":{"lastScrollData":null}}
[debug] &amp#27;[35m[W3C (c8f67fea)]&amp#27;[39m Responding to client with driver.getSession() result: {"platform":"LINUX","webStorageEnabled":false,"takesScreenshot":true,"javascriptEnabled":true,"databaseEnabled":false,"networkConnectionEnabled":true,"locationContextEnabled":false,"warnings":{},"desired":{"platformName":"android","skipDeviceInitialization":true,"skipServerInstallation":false,"app":"./Resources/in.workindia.apk","appActivity":".RegisterActivity","appPackage":"in.workindia.nileshdungarwal.workindiaandroid","platformVersion":"8.1"},"platformName":"android","skipDeviceInitialization":true,"skipServerInstallation":false,"app":"./Resources/in.workindia.apk","appActivity":".RegisterActivity","appPackage":"in.workindia.nileshdungarwal.workindiaandroid","platformVersion":"8.1.0","deviceName":"emulator-5554","deviceUDID":"emulator-5554","deviceApiLevel":27,"deviceScreenSize":"1080x2160","deviceScreenDensity":440,"deviceModel":"Android SDK built for x86","deviceManufacturer":"Google","pixelRatio":2.75,"statBarHeight":66,"viewportRect":{"left":0,"top":66,"width":1080,"height":1962},"lastScrollData":n...
&amp#27;[35m[HTTP]&amp#27;[39m &amp#27;[37m<-- GET /wd/hub/session/c8f67fea-aa1e-4cc0-8af9-22de90b109c0 &amp#27;[39m&amp#27;[32m200&amp#27;[39m &amp#27;[90m14 ms - 1035&amp#27;[39m
&amp#27;[35m[HTTP]&amp#27;[39m &amp#27;[90m&amp#27;[39m
&amp#27;[35m[HTTP]&amp#27;[39m &amp#27;[37m-->&amp#27;[39m &amp#27;[37mPOST&amp#27;[39m &amp#27;[37m/wd/hub/session/c8f67fea-aa1e-4cc0-8af9-22de90b109c0/element&amp#27;[39m
&amp#27;[35m[HTTP]&amp#27;[39m &amp#27;[90m{"using":"id","value":"in.workindia.nileshdungarwal.workindiaandroid:id/cb_hindi"}&amp#27;[39m
[debug] &amp#27;[35m[W3C (c8f67fea)]&amp#27;[39m Calling AppiumDriver.findElement() with args: ["id","in.workindia.nileshdungarwal.workindiaandroid:id/cb_hindi","c8f67fea-aa1e-4cc0-8af9-22de90b109c0"]
[debug] &amp#27;[35m[BaseDriver]&amp#27;[39m Valid locator strategies for this request: xpath, id, class name, accessibility id, css selector, -android uiautomator
[debug] &amp#27;[35m[BaseDriver]&amp#27;[39m Waiting up to 50000 ms for condition
[debug] &amp#27;[35m[WD Proxy]&amp#27;[39m Matched '/element' to command name 'findElement'
[debug] &amp#27;[35m[WD Proxy]&amp#27;[39m Proxying [POST /element] to [POST http://127.0.0.1:8200/wd/hub/session/05558cfb-4cab-4ab5-9c88-c136f1430733/element] with body: {"strategy":"id","selector":"in.workindia.nileshdungarwal.workindiaandroid:id/cb_hindi","context":"","multiple":false}
[debug] &amp#27;[35m[WD Proxy]&amp#27;[39m Got response with status 200: {"sessionId":"05558cfb-4cab-4ab5-9c88-c136f1430733","value":{"ELEMENT":"83166e25-446a-4a2e-b935-612b9251d8a4","element-6066-11e4-a52e-4f735466cecf":"83166e25-446a-4a2e-b935-612b9251d8a4"}}
[debug] &amp#27;[35m[W3C (c8f67fea)]&amp#27;[39m Responding to client with driver.findElement() result: {"element-6066-11e4-a52e-4f735466cecf":"83166e25-446a-4a2e-b935-612b9251d8a4","ELEMENT":"83166e25-446a-4a2e-b935-612b9251d8a4"}
&amp#27;[35m[HTTP]&amp#27;[39m &amp#27;[37m<-- POST /wd/hub/session/c8f67fea-aa1e-4cc0-8af9-22de90b109c0/element &amp#27;[39m&amp#27;[32m200&amp#27;[39m &amp#27;[90m93 ms - 137&amp#27;[39m
&amp#27;[35m[HTTP]&amp#27;[39m &amp#27;[90m&amp#27;[39m
&amp#27;[35m[HTTP]&amp#27;[39m &amp#27;[37m-->&amp#27;[39m &amp#27;[37mPOST&amp#27;[39m &amp#27;[37m/wd/hub/session/c8f67fea-aa1e-4cc0-8af9-22de90b109c0/element/83166e25-446a-4a2e-b935-612b9251d8a4/click&amp#27;[39m
&amp#27;[35m[HTTP]&amp#27;[39m &amp#27;[90m{"id":"83166e25-446a-4a2e-b935-612b9251d8a4"}&amp#27;[39m
[debug] &amp#27;[35m[W3C (c8f67fea)]&amp#27;[39m Calling AppiumDriver.click() with args: ["83166e25-446a-4a2e-b935-612b9251d8a4","c8f67fea-aa1e-4cc0-8af9-22de90b109c0"]
[debug] &amp#27;[35m[WD Proxy]&amp#27;[39m Matched '/element/83166e25-446a-4a2e-b935-612b9251d8a4/click' to command name 'click'
[debug] &amp#27;[35m[WD Proxy]&amp#27;[39m Proxying [POST /element/83166e25-446a-4a2e-b935-612b9251d8a4/click] to [POST http://127.0.0.1:8200/wd/hub/session/05558cfb-4cab-4ab5-9c88-c136f1430733/element/83166e25-446a-4a2e-b935-612b9251d8a4/click] with body: {"element":"83166e25-446a-4a2e-b935-612b9251d8a4"}
[debug] &amp#27;[35m[WD Proxy]&amp#27;[39m Got response with status 200: {"sessionId":"05558cfb-4cab-4ab5-9c88-c136f1430733","value":null}
[debug] &amp#27;[35m[W3C (c8f67fea)]&amp#27;[39m Responding to client with driver.click() result: null
&amp#27;[35m[HTTP]&amp#27;[39m &amp#27;[37m<-- POST /wd/hub/session/c8f67fea-aa1e-4cc0-8af9-22de90b109c0/element/83166e25-446a-4a2e-b935-612b9251d8a4/click &amp#27;[39m&amp#27;[32m200&amp#27;[39m &amp#27;[90m511 ms - 14&amp#27;[39m
&amp#27;[35m[HTTP]&amp#27;[39m &amp#27;[90m&amp#27;[39m
&amp#27;[35m[HTTP]&amp#27;[39m &amp#27;[37m-->&amp#27;[39m &amp#27;[37mGET&amp#27;[39m &amp#27;[37m/wd/hub/session/c8f67fea-aa1e-4cc0-8af9-22de90b109c0&amp#27;[39m
&amp#27;[35m[HTTP]&amp#27;[39m &amp#27;[90m{}&amp#27;[39m
[debug] &amp#27;[35m[W3C (c8f67fea)]&amp#27;[39m Calling AppiumDriver.getSession() with args: ["c8f67fea-aa1e-4cc0-8af9-22de90b109c0"]
[debug] &amp#27;[35m[UiAutomator2]&amp#27;[39m Getting session details from server to mix in
[debug] &amp#27;[35m[WD Proxy]&amp#27;[39m Matched '/' to command name 'getSession'
[debug] &amp#27;[35m[WD Proxy]&amp#27;[39m Proxying [GET /] to [GET http://127.0.0.1:8200/wd/hub/session/05558cfb-4cab-4ab5-9c88-c136f1430733] with no body
[debug] &amp#27;[35m[WD Proxy]&amp#27;[39m Got response with status 200: {"sessionId":"05558cfb-4cab-4ab5-9c88-c136f1430733","value":{"lastScrollData":null}}
[debug] &amp#27;[35m[W3C (c8f67fea)]&amp#27;[39m Responding to client with driver.getSession() result: {"platform":"LINUX","webStorageEnabled":false,"takesScreenshot":true,"javascriptEnabled":true,"databaseEnabled":false,"networkConnectionEnabled":true,"locationContextEnabled":false,"warnings":{},"desired":{"platformName":"android","skipDeviceInitialization":true,"skipServerInstallation":false,"app":"./Resources/in.workindia.apk","appActivity":".RegisterActivity","appPackage":"in.workindia.nileshdungarwal.workindiaandroid","platformVersion":"8.1"},"platformName":"android","skipDeviceInitialization":true,"skipServerInstallation":false,"app":"./Resources/in.workindia.apk","appActivity":".RegisterActivity","appPackage":"in.workindia.nileshdungarwal.workindiaandroid","platformVersion":"8.1.0","deviceName":"emulator-5554","deviceUDID":"emulator-5554","deviceApiLevel":27,"deviceScreenSize":"1080x2160","deviceScreenDensity":440,"deviceModel":"Android SDK built for x86","deviceManufacturer":"Google","pixelRatio":2.75,"statBarHeight":66,"viewportRect":{"left":0,"top":66,"width":1080,"height":1962},"lastScrollData":n...
&amp#27;[35m[HTTP]&amp#27;[39m &amp#27;[37m<-- GET /wd/hub/session/c8f67fea-aa1e-4cc0-8af9-22de90b109c0 &amp#27;[39m&amp#27;[32m200&amp#27;[39m &amp#27;[90m21 ms - 1035&amp#27;[39m
&amp#27;[35m[HTTP]&amp#27;[39m &amp#27;[90m&amp#27;[39m
&amp#27;[35m[HTTP]&amp#27;[39m &amp#27;[37m-->&amp#27;[39m &amp#27;[37mPOST&amp#27;[39m &amp#27;[37m/wd/hub/session/c8f67fea-aa1e-4cc0-8af9-22de90b109c0/element&amp#27;[39m
&amp#27;[35m[HTTP]&amp#27;[39m &amp#27;[90m{"using":"id","value":"in.workindia.nileshdungarwal.workindiaandroid:id/rg_eng_level_2"}&amp#27;[39m
[debug] &amp#27;[35m[W3C (c8f67fea)]&amp#27;[39m Calling AppiumDriver.findElement() with args: ["id","in.workindia.nileshdungarwal.workindiaandroid:id/rg_eng_level_2","c8f67fea-aa1e-4cc0-8af9-22de90b109c0"]
[debug] &amp#27;[35m[BaseDriver]&amp#27;[39m Valid locator strategies for this request: xpath, id, class name, accessibility id, css selector, -android uiautomator
[debug] &amp#27;[35m[BaseDriver]&amp#27;[39m Waiting up to 50000 ms for condition
[debug] &amp#27;[35m[WD Proxy]&amp#27;[39m Matched '/element' to command name 'findElement'
[debug] &amp#27;[35m[WD Proxy]&amp#27;[39m Proxying [POST /element] to [POST http://127.0.0.1:8200/wd/hub/session/05558cfb-4cab-4ab5-9c88-c136f1430733/element] with body: {"strategy":"id","selector":"in.workindia.nileshdungarwal.workindiaandroid:id/rg_eng_level_2","context":"","multiple":false}
[debug] &amp#27;[35m[WD Proxy]&amp#27;[39m Got response with status 200: {"sessionId":"05558cfb-4cab-4ab5-9c88-c136f1430733","value":{"ELEMENT":"dd9c1ab5-0c71-457d-927d-43d5d3375c98","element-6066-11e4-a52e-4f735466cecf":"dd9c1ab5-0c71-457d-927d-43d5d3375c98"}}
[debug] &amp#27;[35m[W3C (c8f67fea)]&amp#27;[39m Responding to client with driver.findElement() result: {"element-6066-11e4-a52e-4f735466cecf":"dd9c1ab5-0c71-457d-927d-43d5d3375c98","ELEMENT":"dd9c1ab5-0c71-457d-927d-43d5d3375c98"}
&amp#27;[35m[HTTP]&amp#27;[39m &amp#27;[37m<-- POST /wd/hub/session/c8f67fea-aa1e-4cc0-8af9-22de90b109c0/element &amp#27;[39m&amp#27;[32m200&amp#27;[39m &amp#27;[90m588 ms - 137&amp#27;[39m
&amp#27;[35m[HTTP]&amp#27;[39m &amp#27;[90m&amp#27;[39m
&amp#27;[35m[HTTP]&amp#27;[39m &amp#27;[37m-->&amp#27;[39m &amp#27;[37mPOST&amp#27;[39m &amp#27;[37m/wd/hub/session/c8f67fea-aa1e-4cc0-8af9-22de90b109c0/element/dd9c1ab5-0c71-457d-927d-43d5d3375c98/click&amp#27;[39m
&amp#27;[35m[HTTP]&amp#27;[39m &amp#27;[90m{"id":"dd9c1ab5-0c71-457d-927d-43d5d3375c98"}&amp#27;[39m
[debug] &amp#27;[35m[W3C (c8f67fea)]&amp#27;[39m Calling AppiumDriver.click() with args: ["dd9c1ab5-0c71-457d-927d-43d5d3375c98","c8f67fea-aa1e-4cc0-8af9-22de90b109c0"]
[debug] &amp#27;[35m[WD Proxy]&amp#27;[39m Matched '/element/dd9c1ab5-0c71-457d-927d-43d5d3375c98/click' to command name 'click'
[debug] &amp#27;[35m[WD Proxy]&amp#27;[39m Proxying [POST /element/dd9c1ab5-0c71-457d-927d-43d5d3375c98/click] to [POST http://127.0.0.1:8200/wd/hub/session/05558cfb-4cab-4ab5-9c88-c136f1430733/element/dd9c1ab5-0c71-457d-927d-43d5d3375c98/click] with body: {"element":"dd9c1ab5-0c71-457d-927d-43d5d3375c98"}
[debug] &amp#27;[35m[WD Proxy]&amp#27;[39m Got response with status 200: {"sessionId":"05558cfb-4cab-4ab5-9c88-c136f1430733","value":null}
[debug] &amp#27;[35m[W3C (c8f67fea)]&amp#27;[39m Responding to client with driver.click() result: null
&amp#27;[35m[HTTP]&amp#27;[39m &amp#27;[37m<-- POST /wd/hub/session/c8f67fea-aa1e-4cc0-8af9-22de90b109c0/element/dd9c1ab5-0c71-457d-927d-43d5d3375c98/click &amp#27;[39m&amp#27;[32m200&amp#27;[39m &amp#27;[90m27 ms - 14&amp#27;[39m
&amp#27;[35m[HTTP]&amp#27;[39m &amp#27;[90m&amp#27;[39m
&amp#27;[35m[HTTP]&amp#27;[39m &amp#27;[37m-->&amp#27;[39m &amp#27;[37mGET&amp#27;[39m &amp#27;[37m/wd/hub/session/c8f67fea-aa1e-4cc0-8af9-22de90b109c0&amp#27;[39m
&amp#27;[35m[HTTP]&amp#27;[39m &amp#27;[90m{}&amp#27;[39m
[debug] &amp#27;[35m[W3C (c8f67fea)]&amp#27;[39m Calling AppiumDriver.getSession() with args: ["c8f67fea-aa1e-4cc0-8af9-22de90b109c0"]
[debug] &amp#27;[35m[UiAutomator2]&amp#27;[39m Getting session details from server to mix in
[debug] &amp#27;[35m[WD Proxy]&amp#27;[39m Matched '/' to command name 'getSession'
[debug] &amp#27;[35m[WD Proxy]&amp#27;[39m Proxying [GET /] to [GET http://127.0.0.1:8200/wd/hub/session/05558cfb-4cab-4ab5-9c88-c136f1430733] with no body
[debug] &amp#27;[35m[WD Proxy]&amp#27;[39m Got response with status 200: {"sessionId":"05558cfb-4cab-4ab5-9c88-c136f1430733","value":{"lastScrollData":null}}
[debug] &amp#27;[35m[W3C (c8f67fea)]&amp#27;[39m Responding to client with driver.getSession() result: {"platform":"LINUX","webStorageEnabled":false,"takesScreenshot":true,"javascriptEnabled":true,"databaseEnabled":false,"networkConnectionEnabled":true,"locationContextEnabled":false,"warnings":{},"desired":{"platformName":"android","skipDeviceInitialization":true,"skipServerInstallation":false,"app":"./Resources/in.workindia.apk","appActivity":".RegisterActivity","appPackage":"in.workindia.nileshdungarwal.workindiaandroid","platformVersion":"8.1"},"platformName":"android","skipDeviceInitialization":true,"skipServerInstallation":false,"app":"./Resources/in.workindia.apk","appActivity":".RegisterActivity","appPackage":"in.workindia.nileshdungarwal.workindiaandroid","platformVersion":"8.1.0","deviceName":"emulator-5554","deviceUDID":"emulator-5554","deviceApiLevel":27,"deviceScreenSize":"1080x2160","deviceScreenDensity":440,"deviceModel":"Android SDK built for x86","deviceManufacturer":"Google","pixelRatio":2.75,"statBarHeight":66,"viewportRect":{"left":0,"top":66,"width":1080,"height":1962},"lastScrollData":n...
&amp#27;[35m[HTTP]&amp#27;[39m &amp#27;[37m<-- GET /wd/hub/session/c8f67fea-aa1e-4cc0-8af9-22de90b109c0 &amp#27;[39m&amp#27;[32m200&amp#27;[39m &amp#27;[90m12 ms - 1035&amp#27;[39m
&amp#27;[35m[HTTP]&amp#27;[39m &amp#27;[90m&amp#27;[39m
&amp#27;[35m[HTTP]&amp#27;[39m &amp#27;[37m-->&amp#27;[39m &amp#27;[37mGET&amp#27;[39m &amp#27;[37m/wd/hub/session/c8f67fea-aa1e-4cc0-8af9-22de90b109c0&amp#27;[39m
&amp#27;[35m[HTTP]&amp#27;[39m &amp#27;[90m{}&amp#27;[39m
[debug] &amp#27;[35m[W3C (c8f67fea)]&amp#27;[39m Calling AppiumDriver.getSession() with args: ["c8f67fea-aa1e-4cc0-8af9-22de90b109c0"]
[debug] &amp#27;[35m[UiAutomator2]&amp#27;[39m Getting session details from server to mix in
[debug] &amp#27;[35m[WD Proxy]&amp#27;[39m Matched '/' to command name 'getSession'
[debug] &amp#27;[35m[WD Proxy]&amp#27;[39m Proxying [GET /] to [GET http://127.0.0.1:8200/wd/hub/session/05558cfb-4cab-4ab5-9c88-c136f1430733] with no body
[debug] &amp#27;[35m[WD Proxy]&amp#27;[39m Got response with status 200: {"sessionId":"05558cfb-4cab-4ab5-9c88-c136f1430733","value":{"lastScrollData":null}}
[debug] &amp#27;[35m[W3C (c8f67fea)]&amp#27;[39m Responding to client with driver.getSession() result: {"platform":"LINUX","webStorageEnabled":false,"takesScreenshot":true,"javascriptEnabled":true,"databaseEnabled":false,"networkConnectionEnabled":true,"locationContextEnabled":false,"warnings":{},"desired":{"platformName":"android","skipDeviceInitialization":true,"skipServerInstallation":false,"app":"./Resources/in.workindia.apk","appActivity":".RegisterActivity","appPackage":"in.workindia.nileshdungarwal.workindiaandroid","platformVersion":"8.1"},"platformName":"android","skipDeviceInitialization":true,"skipServerInstallation":false,"app":"./Resources/in.workindia.apk","appActivity":".RegisterActivity","appPackage":"in.workindia.nileshdungarwal.workindiaandroid","platformVersion":"8.1.0","deviceName":"emulator-5554","deviceUDID":"emulator-5554","deviceApiLevel":27,"deviceScreenSize":"1080x2160","deviceScreenDensity":440,"deviceModel":"Android SDK built for x86","deviceManufacturer":"Google","pixelRatio":2.75,"statBarHeight":66,"viewportRect":{"left":0,"top":66,"width":1080,"height":1962},"lastScrollData":n...
&amp#27;[35m[HTTP]&amp#27;[39m &amp#27;[37m<-- GET /wd/hub/session/c8f67fea-aa1e-4cc0-8af9-22de90b109c0 &amp#27;[39m&amp#27;[32m200&amp#27;[39m &amp#27;[90m17 ms - 1035&amp#27;[39m
&amp#27;[35m[HTTP]&amp#27;[39m &amp#27;[90m&amp#27;[39m
&amp#27;[35m[HTTP]&amp#27;[39m &amp#27;[37m-->&amp#27;[39m &amp#27;[37mGET&amp#27;[39m &amp#27;[37m/wd/hub/session/c8f67fea-aa1e-4cc0-8af9-22de90b109c0/window/rect&amp#27;[39m
&amp#27;[35m[HTTP]&amp#27;[39m &amp#27;[90m{}&amp#27;[39m
[debug] &amp#27;[35m[W3C (c8f67fea)]&amp#27;[39m Calling AppiumDriver.getWindowRect() with args: ["c8f67fea-aa1e-4cc0-8af9-22de90b109c0"]
[debug] &amp#27;[35m[WD Proxy]&amp#27;[39m Matched '/window/current/size' to command name 'getWindowSize'
[debug] &amp#27;[35m[WD Proxy]&amp#27;[39m Proxying [GET /window/current/size] to [GET http://127.0.0.1:8200/wd/hub/session/05558cfb-4cab-4ab5-9c88-c136f1430733/window/current/size] with no body
[debug] &amp#27;[35m[WD Proxy]&amp#27;[39m Got response with status 200: {"sessionId":"05558cfb-4cab-4ab5-9c88-c136f1430733","value":{"height":2028,"width":1080}}
[debug] &amp#27;[35m[W3C (c8f67fea)]&amp#27;[39m Responding to client with driver.getWindowRect() result: {"width":1080,"height":2028,"x":0,"y":0}
&amp#27;[35m[HTTP]&amp#27;[39m &amp#27;[37m<-- GET /wd/hub/session/c8f67fea-aa1e-4cc0-8af9-22de90b109c0/window/rect &amp#27;[39m&amp#27;[32m200&amp#27;[39m &amp#27;[90m27 ms - 50&amp#27;[39m
&amp#27;[35m[HTTP]&amp#27;[39m &amp#27;[90m&amp#27;[39m
&amp#27;[35m[HTTP]&amp#27;[39m &amp#27;[37m-->&amp#27;[39m &amp#27;[37mPOST&amp#27;[39m &amp#27;[37m/wd/hub/session/c8f67fea-aa1e-4cc0-8af9-22de90b109c0/touch/perform&amp#27;[39m
&amp#27;[35m[HTTP]&amp#27;[39m &amp#27;[90m{"actions":[{"action":"press","options":{"x":540,"y":1419}},{"action":"wait","options":{"ms":1000}},{"action":"moveTo","options":{"x":540,"y":202}},{"action":"release","options":{}}]}&amp#27;[39m
[debug] &amp#27;[35m[W3C (c8f67fea)]&amp#27;[39m Calling AppiumDriver.performTouch() with args: [[{"action":"press","options":{"x":540,"y":1419}},{"action":"wait","options":{"ms":1000}},{"action":"moveTo","options":{"x":540,"y":202}},{"action":"release","options":{}}],"c8f67fea-aa1e-4cc0-8af9-22de90b109c0"]
[debug] &amp#27;[35m[WD Proxy]&amp#27;[39m Matched '/touch/perform' to command name 'performTouch'
[debug] &amp#27;[35m[WD Proxy]&amp#27;[39m Proxying [POST /touch/perform] to [POST http://127.0.0.1:8200/wd/hub/session/05558cfb-4cab-4ab5-9c88-c136f1430733/touch/perform] with body: {"startX":540,"startY":1419,"endX":540,"endY":202,"steps":28}
[debug] &amp#27;[35m[WD Proxy]&amp#27;[39m Got response with status 200: {"sessionId":"05558cfb-4cab-4ab5-9c88-c136f1430733","value":null}
[debug] &amp#27;[35m[W3C (c8f67fea)]&amp#27;[39m Responding to client with driver.performTouch() result: null
&amp#27;[35m[HTTP]&amp#27;[39m &amp#27;[37m<-- POST /wd/hub/session/c8f67fea-aa1e-4cc0-8af9-22de90b109c0/touch/perform &amp#27;[39m&amp#27;[32m200&amp#27;[39m &amp#27;[90m1403 ms - 14&amp#27;[39m
&amp#27;[35m[HTTP]&amp#27;[39m &amp#27;[90m&amp#27;[39m
&amp#27;[35m[HTTP]&amp#27;[39m &amp#27;[37m-->&amp#27;[39m &amp#27;[37mPOST&amp#27;[39m &amp#27;[37m/wd/hub/session/c8f67fea-aa1e-4cc0-8af9-22de90b109c0/timeouts&amp#27;[39m
&amp#27;[35m[HTTP]&amp#27;[39m &amp#27;[90m{"implicit":50000}&amp#27;[39m
[debug] &amp#27;[35m[W3C (c8f67fea)]&amp#27;[39m Calling AppiumDriver.timeouts() with args: [null,null,null,null,50000,"c8f67fea-aa1e-4cc0-8af9-22de90b109c0"]
[debug] &amp#27;[35m[BaseDriver]&amp#27;[39m W3C timeout argument: {"implicit":50000}}
[debug] &amp#27;[35m[BaseDriver]&amp#27;[39m Set implicit wait to 50000ms
[debug] &amp#27;[35m[W3C (c8f67fea)]&amp#27;[39m Responding to client with driver.timeouts() result: null
&amp#27;[35m[HTTP]&amp#27;[39m &amp#27;[37m<-- POST /wd/hub/session/c8f67fea-aa1e-4cc0-8af9-22de90b109c0/timeouts &amp#27;[39m&amp#27;[32m200&amp#27;[39m &amp#27;[90m2 ms - 14&amp#27;[39m
&amp#27;[35m[HTTP]&amp#27;[39m &amp#27;[90m&amp#27;[39m
&amp#27;[35m[HTTP]&amp#27;[39m &amp#27;[37m-->&amp#27;[39m &amp#27;[37mGET&amp#27;[39m &amp#27;[37m/wd/hub/session/c8f67fea-aa1e-4cc0-8af9-22de90b109c0&amp#27;[39m
&amp#27;[35m[HTTP]&amp#27;[39m &amp#27;[90m{}&amp#27;[39m
[debug] &amp#27;[35m[W3C (c8f67fea)]&amp#27;[39m Calling AppiumDriver.getSession() with args: ["c8f67fea-aa1e-4cc0-8af9-22de90b109c0"]
[debug] &amp#27;[35m[UiAutomator2]&amp#27;[39m Getting session details from server to mix in
[debug] &amp#27;[35m[WD Proxy]&amp#27;[39m Matched '/' to command name 'getSession'
[debug] &amp#27;[35m[WD Proxy]&amp#27;[39m Proxying [GET /] to [GET http://127.0.0.1:8200/wd/hub/session/05558cfb-4cab-4ab5-9c88-c136f1430733] with no body
[debug] &amp#27;[35m[WD Proxy]&amp#27;[39m Got response with status 200: {"sessionId":"05558cfb-4cab-4ab5-9c88-c136f1430733","value":{"lastScrollData":{"toIndex":-1,"maxScrollY":2299,"maxScrollX":0,"scrollY":1554,"scrollX":0,"fromIndex":-1,"itemCount":-1}}}
[debug] &amp#27;[35m[W3C (c8f67fea)]&amp#27;[39m Responding to client with driver.getSession() result: {"platform":"LINUX","webStorageEnabled":false,"takesScreenshot":true,"javascriptEnabled":true,"databaseEnabled":false,"networkConnectionEnabled":true,"locationContextEnabled":false,"warnings":{},"desired":{"platformName":"android","skipDeviceInitialization":true,"skipServerInstallation":false,"app":"./Resources/in.workindia.apk","appActivity":".RegisterActivity","appPackage":"in.workindia.nileshdungarwal.workindiaandroid","platformVersion":"8.1"},"platformName":"android","skipDeviceInitialization":true,"skipServerInstallation":false,"app":"./Resources/in.workindia.apk","appActivity":".RegisterActivity","appPackage":"in.workindia.nileshdungarwal.workindiaandroid","platformVersion":"8.1.0","deviceName":"emulator-5554","deviceUDID":"emulator-5554","deviceApiLevel":27,"deviceScreenSize":"1080x2160","deviceScreenDensity":440,"deviceModel":"Android SDK built for x86","deviceManufacturer":"Google","pixelRatio":2.75,"statBarHeight":66,"viewportRect":{"left":0,"top":66,"width":1080,"height":1962},"lastScrollData":{...
&amp#27;[35m[HTTP]&amp#27;[39m &amp#27;[37m<-- GET /wd/hub/session/c8f67fea-aa1e-4cc0-8af9-22de90b109c0 &amp#27;[39m&amp#27;[32m200&amp#27;[39m &amp#27;[90m12 ms - 1135&amp#27;[39m
&amp#27;[35m[HTTP]&amp#27;[39m &amp#27;[90m&amp#27;[39m
&amp#27;[35m[HTTP]&amp#27;[39m &amp#27;[37m-->&amp#27;[39m &amp#27;[37mGET&amp#27;[39m &amp#27;[37m/wd/hub/session/c8f67fea-aa1e-4cc0-8af9-22de90b109c0&amp#27;[39m
&amp#27;[35m[HTTP]&amp#27;[39m &amp#27;[90m{}&amp#27;[39m
[debug] &amp#27;[35m[W3C (c8f67fea)]&amp#27;[39m Calling AppiumDriver.getSession() with args: ["c8f67fea-aa1e-4cc0-8af9-22de90b109c0"]
[debug] &amp#27;[35m[UiAutomator2]&amp#27;[39m Getting session details from server to mix in
[debug] &amp#27;[35m[WD Proxy]&amp#27;[39m Matched '/' to command name 'getSession'
[debug] &amp#27;[35m[WD Proxy]&amp#27;[39m Proxying [GET /] to [GET http://127.0.0.1:8200/wd/hub/session/05558cfb-4cab-4ab5-9c88-c136f1430733] with no body
[debug] &amp#27;[35m[WD Proxy]&amp#27;[39m Got response with status 200: {"sessionId":"05558cfb-4cab-4ab5-9c88-c136f1430733","value":{"lastScrollData":{"toIndex":-1,"maxScrollY":2299,"maxScrollX":0,"scrollY":1554,"scrollX":0,"fromIndex":-1,"itemCount":-1}}}
[debug] &amp#27;[35m[W3C (c8f67fea)]&amp#27;[39m Responding to client with driver.getSession() result: {"platform":"LINUX","webStorageEnabled":false,"takesScreenshot":true,"javascriptEnabled":true,"databaseEnabled":false,"networkConnectionEnabled":true,"locationContextEnabled":false,"warnings":{},"desired":{"platformName":"android","skipDeviceInitialization":true,"skipServerInstallation":false,"app":"./Resources/in.workindia.apk","appActivity":".RegisterActivity","appPackage":"in.workindia.nileshdungarwal.workindiaandroid","platformVersion":"8.1"},"platformName":"android","skipDeviceInitialization":true,"skipServerInstallation":false,"app":"./Resources/in.workindia.apk","appActivity":".RegisterActivity","appPackage":"in.workindia.nileshdungarwal.workindiaandroid","platformVersion":"8.1.0","deviceName":"emulator-5554","deviceUDID":"emulator-5554","deviceApiLevel":27,"deviceScreenSize":"1080x2160","deviceScreenDensity":440,"deviceModel":"Android SDK built for x86","deviceManufacturer":"Google","pixelRatio":2.75,"statBarHeight":66,"viewportRect":{"left":0,"top":66,"width":1080,"height":1962},"lastScrollData":{...
&amp#27;[35m[HTTP]&amp#27;[39m &amp#27;[37m<-- GET /wd/hub/session/c8f67fea-aa1e-4cc0-8af9-22de90b109c0 &amp#27;[39m&amp#27;[32m200&amp#27;[39m &amp#27;[90m14 ms - 1135&amp#27;[39m
&amp#27;[35m[HTTP]&amp#27;[39m &amp#27;[90m&amp#27;[39m
&amp#27;[35m[HTTP]&amp#27;[39m &amp#27;[37m-->&amp#27;[39m &amp#27;[37mGET&amp#27;[39m &amp#27;[37m/wd/hub/session/c8f67fea-aa1e-4cc0-8af9-22de90b109c0&amp#27;[39m
&amp#27;[35m[HTTP]&amp#27;[39m &amp#27;[90m{}&amp#27;[39m
[debug] &amp#27;[35m[W3C (c8f67fea)]&amp#27;[39m Calling AppiumDriver.getSession() with args: ["c8f67fea-aa1e-4cc0-8af9-22de90b109c0"]
[debug] &amp#27;[35m[UiAutomator2]&amp#27;[39m Getting session details from server to mix in
[debug] &amp#27;[35m[WD Proxy]&amp#27;[39m Matched '/' to command name 'getSession'
[debug] &amp#27;[35m[WD Proxy]&amp#27;[39m Proxying [GET /] to [GET http://127.0.0.1:8200/wd/hub/session/05558cfb-4cab-4ab5-9c88-c136f1430733] with no body
[debug] &amp#27;[35m[WD Proxy]&amp#27;[39m Got response with status 200: {"sessionId":"05558cfb-4cab-4ab5-9c88-c136f1430733","value":{"lastScrollData":{"toIndex":-1,"maxScrollY":2299,"maxScrollX":0,"scrollY":1554,"scrollX":0,"fromIndex":-1,"itemCount":-1}}}
[debug] &amp#27;[35m[W3C (c8f67fea)]&amp#27;[39m Responding to client with driver.getSession() result: {"platform":"LINUX","webStorageEnabled":false,"takesScreenshot":true,"javascriptEnabled":true,"databaseEnabled":false,"networkConnectionEnabled":true,"locationContextEnabled":false,"warnings":{},"desired":{"platformName":"android","skipDeviceInitialization":true,"skipServerInstallation":false,"app":"./Resources/in.workindia.apk","appActivity":".RegisterActivity","appPackage":"in.workindia.nileshdungarwal.workindiaandroid","platformVersion":"8.1"},"platformName":"android","skipDeviceInitialization":true,"skipServerInstallation":false,"app":"./Resources/in.workindia.apk","appActivity":".RegisterActivity","appPackage":"in.workindia.nileshdungarwal.workindiaandroid","platformVersion":"8.1.0","deviceName":"emulator-5554","deviceUDID":"emulator-5554","deviceApiLevel":27,"deviceScreenSize":"1080x2160","deviceScreenDensity":440,"deviceModel":"Android SDK built for x86","deviceManufacturer":"Google","pixelRatio":2.75,"statBarHeight":66,"viewportRect":{"left":0,"top":66,"width":1080,"height":1962},"lastScrollData":{...
&amp#27;[35m[HTTP]&amp#27;[39m &amp#27;[37m<-- GET /wd/hub/session/c8f67fea-aa1e-4cc0-8af9-22de90b109c0 &amp#27;[39m&amp#27;[32m200&amp#27;[39m &amp#27;[90m14 ms - 1135&amp#27;[39m
&amp#27;[35m[HTTP]&amp#27;[39m &amp#27;[90m&amp#27;[39m
&amp#27;[35m[HTTP]&amp#27;[39m &amp#27;[37m-->&amp#27;[39m &amp#27;[37mPOST&amp#27;[39m &amp#27;[37m/wd/hub/session/c8f67fea-aa1e-4cc0-8af9-22de90b109c0/element&amp#27;[39m
&amp#27;[35m[HTTP]&amp#27;[39m &amp#27;[90m{"using":"id","value":"in.workindia.nileshdungarwal.workindiaandroid:id/cb_fresher"}&amp#27;[39m
[debug] &amp#27;[35m[W3C (c8f67fea)]&amp#27;[39m Calling AppiumDriver.findElement() with args: ["id","in.workindia.nileshdungarwal.workindiaandroid:id/cb_fresher","c8f67fea-aa1e-4cc0-8af9-22de90b109c0"]
[debug] &amp#27;[35m[BaseDriver]&amp#27;[39m Valid locator strategies for this request: xpath, id, class name, accessibility id, css selector, -android uiautomator
[debug] &amp#27;[35m[BaseDriver]&amp#27;[39m Waiting up to 50000 ms for condition
[debug] &amp#27;[35m[WD Proxy]&amp#27;[39m Matched '/element' to command name 'findElement'
[debug] &amp#27;[35m[WD Proxy]&amp#27;[39m Proxying [POST /element] to [POST http://127.0.0.1:8200/wd/hub/session/05558cfb-4cab-4ab5-9c88-c136f1430733/element] with body: {"strategy":"id","selector":"in.workindia.nileshdungarwal.workindiaandroid:id/cb_fresher","context":"","multiple":false}
[debug] &amp#27;[35m[WD Proxy]&amp#27;[39m Got response with status 200: {"sessionId":"05558cfb-4cab-4ab5-9c88-c136f1430733","value":{"ELEMENT":"203eb320-50e3-4ec2-8be4-0f32c91a4539","element-6066-11e4-a52e-4f735466cecf":"203eb320-50e3-4ec2-8be4-0f32c91a4539"}}
[debug] &amp#27;[35m[W3C (c8f67fea)]&amp#27;[39m Responding to client with driver.findElement() result: {"element-6066-11e4-a52e-4f735466cecf":"203eb320-50e3-4ec2-8be4-0f32c91a4539","ELEMENT":"203eb320-50e3-4ec2-8be4-0f32c91a4539"}
&amp#27;[35m[HTTP]&amp#27;[39m &amp#27;[37m<-- POST /wd/hub/session/c8f67fea-aa1e-4cc0-8af9-22de90b109c0/element &amp#27;[39m&amp#27;[32m200&amp#27;[39m &amp#27;[90m361 ms - 137&amp#27;[39m
&amp#27;[35m[HTTP]&amp#27;[39m &amp#27;[90m&amp#27;[39m
&amp#27;[35m[HTTP]&amp#27;[39m &amp#27;[37m-->&amp#27;[39m &amp#27;[37mPOST&amp#27;[39m &amp#27;[37m/wd/hub/session/c8f67fea-aa1e-4cc0-8af9-22de90b109c0/element/203eb320-50e3-4ec2-8be4-0f32c91a4539/click&amp#27;[39m
&amp#27;[35m[HTTP]&amp#27;[39m &amp#27;[90m{"id":"203eb320-50e3-4ec2-8be4-0f32c91a4539"}&amp#27;[39m
[debug] &amp#27;[35m[W3C (c8f67fea)]&amp#27;[39m Calling AppiumDriver.click() with args: ["203eb320-50e3-4ec2-8be4-0f32c91a4539","c8f67fea-aa1e-4cc0-8af9-22de90b109c0"]
[debug] &amp#27;[35m[WD Proxy]&amp#27;[39m Matched '/element/203eb320-50e3-4ec2-8be4-0f32c91a4539/click' to command name 'click'
[debug] &amp#27;[35m[WD Proxy]&amp#27;[39m Proxying [POST /element/203eb320-50e3-4ec2-8be4-0f32c91a4539/click] to [POST http://127.0.0.1:8200/wd/hub/session/05558cfb-4cab-4ab5-9c88-c136f1430733/element/203eb320-50e3-4ec2-8be4-0f32c91a4539/click] with body: {"element":"203eb320-50e3-4ec2-8be4-0f32c91a4539"}
[debug] &amp#27;[35m[WD Proxy]&amp#27;[39m Got response with status 200: {"sessionId":"05558cfb-4cab-4ab5-9c88-c136f1430733","value":null}
[debug] &amp#27;[35m[W3C (c8f67fea)]&amp#27;[39m Responding to client with driver.click() result: null
&amp#27;[35m[HTTP]&amp#27;[39m &amp#27;[37m<-- POST /wd/hub/session/c8f67fea-aa1e-4cc0-8af9-22de90b109c0/element/203eb320-50e3-4ec2-8be4-0f32c91a4539/click &amp#27;[39m&amp#27;[32m200&amp#27;[39m &amp#27;[90m63 ms - 14&amp#27;[39m
&amp#27;[35m[HTTP]&amp#27;[39m &amp#27;[90m&amp#27;[39m
&amp#27;[35m[HTTP]&amp#27;[39m &amp#27;[37m-->&amp#27;[39m &amp#27;[37mGET&amp#27;[39m &amp#27;[37m/wd/hub/session/c8f67fea-aa1e-4cc0-8af9-22de90b109c0&amp#27;[39m
&amp#27;[35m[HTTP]&amp#27;[39m &amp#27;[90m{}&amp#27;[39m
[debug] &amp#27;[35m[W3C (c8f67fea)]&amp#27;[39m Calling AppiumDriver.getSession() with args: ["c8f67fea-aa1e-4cc0-8af9-22de90b109c0"]
[debug] &amp#27;[35m[UiAutomator2]&amp#27;[39m Getting session details from server to mix in
[debug] &amp#27;[35m[WD Proxy]&amp#27;[39m Matched '/' to command name 'getSession'
[debug] &amp#27;[35m[WD Proxy]&amp#27;[39m Proxying [GET /] to [GET http://127.0.0.1:8200/wd/hub/session/05558cfb-4cab-4ab5-9c88-c136f1430733] with no body
[debug] &amp#27;[35m[WD Proxy]&amp#27;[39m Got response with status 200: {"sessionId":"05558cfb-4cab-4ab5-9c88-c136f1430733","value":{"lastScrollData":{"toIndex":-1,"maxScrollY":2299,"maxScrollX":0,"scrollY":1554,"scrollX":0,"fromIndex":-1,"itemCount":-1}}}
[debug] &amp#27;[35m[W3C (c8f67fea)]&amp#27;[39m Responding to client with driver.getSession() result: {"platform":"LINUX","webStorageEnabled":false,"takesScreenshot":true,"javascriptEnabled":true,"databaseEnabled":false,"networkConnectionEnabled":true,"locationContextEnabled":false,"warnings":{},"desired":{"platformName":"android","skipDeviceInitialization":true,"skipServerInstallation":false,"app":"./Resources/in.workindia.apk","appActivity":".RegisterActivity","appPackage":"in.workindia.nileshdungarwal.workindiaandroid","platformVersion":"8.1"},"platformName":"android","skipDeviceInitialization":true,"skipServerInstallation":false,"app":"./Resources/in.workindia.apk","appActivity":".RegisterActivity","appPackage":"in.workindia.nileshdungarwal.workindiaandroid","platformVersion":"8.1.0","deviceName":"emulator-5554","deviceUDID":"emulator-5554","deviceApiLevel":27,"deviceScreenSize":"1080x2160","deviceScreenDensity":440,"deviceModel":"Android SDK built for x86","deviceManufacturer":"Google","pixelRatio":2.75,"statBarHeight":66,"viewportRect":{"left":0,"top":66,"width":1080,"height":1962},"lastScrollData":{...
&amp#27;[35m[HTTP]&amp#27;[39m &amp#27;[37m<-- GET /wd/hub/session/c8f67fea-aa1e-4cc0-8af9-22de90b109c0 &amp#27;[39m&amp#27;[32m200&amp#27;[39m &amp#27;[90m23 ms - 1135&amp#27;[39m
&amp#27;[35m[HTTP]&amp#27;[39m &amp#27;[90m&amp#27;[39m
&amp#27;[35m[HTTP]&amp#27;[39m &amp#27;[37m-->&amp#27;[39m &amp#27;[37mPOST&amp#27;[39m &amp#27;[37m/wd/hub/session/c8f67fea-aa1e-4cc0-8af9-22de90b109c0/element&amp#27;[39m
&amp#27;[35m[HTTP]&amp#27;[39m &amp#27;[90m{"using":"id","value":"in.workindia.nileshdungarwal.workindiaandroid:id/et_age"}&amp#27;[39m
[debug] &amp#27;[35m[W3C (c8f67fea)]&amp#27;[39m Calling AppiumDriver.findElement() with args: ["id","in.workindia.nileshdungarwal.workindiaandroid:id/et_age","c8f67fea-aa1e-4cc0-8af9-22de90b109c0"]
[debug] &amp#27;[35m[BaseDriver]&amp#27;[39m Valid locator strategies for this request: xpath, id, class name, accessibility id, css selector, -android uiautomator
[debug] &amp#27;[35m[BaseDriver]&amp#27;[39m Waiting up to 50000 ms for condition
[debug] &amp#27;[35m[WD Proxy]&amp#27;[39m Matched '/element' to command name 'findElement'
[debug] &amp#27;[35m[WD Proxy]&amp#27;[39m Proxying [POST /element] to [POST http://127.0.0.1:8200/wd/hub/session/05558cfb-4cab-4ab5-9c88-c136f1430733/element] with body: {"strategy":"id","selector":"in.workindia.nileshdungarwal.workindiaandroid:id/et_age","context":"","multiple":false}
[debug] &amp#27;[35m[WD Proxy]&amp#27;[39m Got response with status 200: {"sessionId":"05558cfb-4cab-4ab5-9c88-c136f1430733","value":{"ELEMENT":"ad66b97c-4ff0-4532-b20f-7e41072aa1fd","element-6066-11e4-a52e-4f735466cecf":"ad66b97c-4ff0-4532-b20f-7e41072aa1fd"}}
[debug] &amp#27;[35m[W3C (c8f67fea)]&amp#27;[39m Responding to client with driver.findElement() result: {"element-6066-11e4-a52e-4f735466cecf":"ad66b97c-4ff0-4532-b20f-7e41072aa1fd","ELEMENT":"ad66b97c-4ff0-4532-b20f-7e41072aa1fd"}
&amp#27;[35m[HTTP]&amp#27;[39m &amp#27;[37m<-- POST /wd/hub/session/c8f67fea-aa1e-4cc0-8af9-22de90b109c0/element &amp#27;[39m&amp#27;[32m200&amp#27;[39m &amp#27;[90m491 ms - 137&amp#27;[39m
&amp#27;[35m[HTTP]&amp#27;[39m &amp#27;[90m&amp#27;[39m
&amp#27;[35m[HTTP]&amp#27;[39m &amp#27;[37m-->&amp#27;[39m &amp#27;[37mPOST&amp#27;[39m &amp#27;[37m/wd/hub/session/c8f67fea-aa1e-4cc0-8af9-22de90b109c0/element/ad66b97c-4ff0-4532-b20f-7e41072aa1fd/click&amp#27;[39m
&amp#27;[35m[HTTP]&amp#27;[39m &amp#27;[90m{"id":"ad66b97c-4ff0-4532-b20f-7e41072aa1fd"}&amp#27;[39m
[debug] &amp#27;[35m[W3C (c8f67fea)]&amp#27;[39m Calling AppiumDriver.click() with args: ["ad66b97c-4ff0-4532-b20f-7e41072aa1fd","c8f67fea-aa1e-4cc0-8af9-22de90b109c0"]
[debug] &amp#27;[35m[WD Proxy]&amp#27;[39m Matched '/element/ad66b97c-4ff0-4532-b20f-7e41072aa1fd/click' to command name 'click'
[debug] &amp#27;[35m[WD Proxy]&amp#27;[39m Proxying [POST /element/ad66b97c-4ff0-4532-b20f-7e41072aa1fd/click] to [POST http://127.0.0.1:8200/wd/hub/session/05558cfb-4cab-4ab5-9c88-c136f1430733/element/ad66b97c-4ff0-4532-b20f-7e41072aa1fd/click] with body: {"element":"ad66b97c-4ff0-4532-b20f-7e41072aa1fd"}
[debug] &amp#27;[35m[WD Proxy]&amp#27;[39m Got response with status 200: {"sessionId":"05558cfb-4cab-4ab5-9c88-c136f1430733","value":null}
[debug] &amp#27;[35m[W3C (c8f67fea)]&amp#27;[39m Responding to client with driver.click() result: null
&amp#27;[35m[HTTP]&amp#27;[39m &amp#27;[37m<-- POST /wd/hub/session/c8f67fea-aa1e-4cc0-8af9-22de90b109c0/element/ad66b97c-4ff0-4532-b20f-7e41072aa1fd/click &amp#27;[39m&amp#27;[32m200&amp#27;[39m &amp#27;[90m30 ms - 14&amp#27;[39m
&amp#27;[35m[HTTP]&amp#27;[39m &amp#27;[90m&amp#27;[39m
&amp#27;[35m[HTTP]&amp#27;[39m &amp#27;[37m-->&amp#27;[39m &amp#27;[37mGET&amp#27;[39m &amp#27;[37m/wd/hub/session/c8f67fea-aa1e-4cc0-8af9-22de90b109c0&amp#27;[39m
&amp#27;[35m[HTTP]&amp#27;[39m &amp#27;[90m{}&amp#27;[39m
[debug] &amp#27;[35m[W3C (c8f67fea)]&amp#27;[39m Calling AppiumDriver.getSession() with args: ["c8f67fea-aa1e-4cc0-8af9-22de90b109c0"]
[debug] &amp#27;[35m[UiAutomator2]&amp#27;[39m Getting session details from server to mix in
[debug] &amp#27;[35m[WD Proxy]&amp#27;[39m Matched '/' to command name 'getSession'
[debug] &amp#27;[35m[WD Proxy]&amp#27;[39m Proxying [GET /] to [GET http://127.0.0.1:8200/wd/hub/session/05558cfb-4cab-4ab5-9c88-c136f1430733] with no body
[debug] &amp#27;[35m[WD Proxy]&amp#27;[39m Got response with status 200: {"sessionId":"05558cfb-4cab-4ab5-9c88-c136f1430733","value":{"lastScrollData":{"toIndex":-1,"maxScrollY":2299,"maxScrollX":0,"scrollY":1554,"scrollX":0,"fromIndex":-1,"itemCount":-1}}}
[debug] &amp#27;[35m[W3C (c8f67fea)]&amp#27;[39m Responding to client with driver.getSession() result: {"platform":"LINUX","webStorageEnabled":false,"takesScreenshot":true,"javascriptEnabled":true,"databaseEnabled":false,"networkConnectionEnabled":true,"locationContextEnabled":false,"warnings":{},"desired":{"platformName":"android","skipDeviceInitialization":true,"skipServerInstallation":false,"app":"./Resources/in.workindia.apk","appActivity":".RegisterActivity","appPackage":"in.workindia.nileshdungarwal.workindiaandroid","platformVersion":"8.1"},"platformName":"android","skipDeviceInitialization":true,"skipServerInstallation":false,"app":"./Resources/in.workindia.apk","appActivity":".RegisterActivity","appPackage":"in.workindia.nileshdungarwal.workindiaandroid","platformVersion":"8.1.0","deviceName":"emulator-5554","deviceUDID":"emulator-5554","deviceApiLevel":27,"deviceScreenSize":"1080x2160","deviceScreenDensity":440,"deviceModel":"Android SDK built for x86","deviceManufacturer":"Google","pixelRatio":2.75,"statBarHeight":66,"viewportRect":{"left":0,"top":66,"width":1080,"height":1962},"lastScrollData":{...
&amp#27;[35m[HTTP]&amp#27;[39m &amp#27;[37m<-- GET /wd/hub/session/c8f67fea-aa1e-4cc0-8af9-22de90b109c0 &amp#27;[39m&amp#27;[32m200&amp#27;[39m &amp#27;[90m11 ms - 1135&amp#27;[39m
&amp#27;[35m[HTTP]&amp#27;[39m &amp#27;[90m&amp#27;[39m
&amp#27;[35m[HTTP]&amp#27;[39m &amp#27;[37m-->&amp#27;[39m &amp#27;[37mPOST&amp#27;[39m &amp#27;[37m/wd/hub/session/c8f67fea-aa1e-4cc0-8af9-22de90b109c0/element&amp#27;[39m
&amp#27;[35m[HTTP]&amp#27;[39m &amp#27;[90m{"using":"xpath","value":"//android.widget.TextView[9]"}&amp#27;[39m
[debug] &amp#27;[35m[W3C (c8f67fea)]&amp#27;[39m Calling AppiumDriver.findElement() with args: ["xpath","//android.widget.TextView[9]","c8f67fea-aa1e-4cc0-8af9-22de90b109c0"]
[debug] &amp#27;[35m[BaseDriver]&amp#27;[39m Valid locator strategies for this request: xpath, id, class name, accessibility id, css selector, -android uiautomator
[debug] &amp#27;[35m[BaseDriver]&amp#27;[39m Waiting up to 50000 ms for condition
[debug] &amp#27;[35m[WD Proxy]&amp#27;[39m Matched '/element' to command name 'findElement'
[debug] &amp#27;[35m[WD Proxy]&amp#27;[39m Proxying [POST /element] to [POST http://127.0.0.1:8200/wd/hub/session/05558cfb-4cab-4ab5-9c88-c136f1430733/element] with body: {"strategy":"xpath","selector":"//android.widget.TextView[9]","context":"","multiple":false}
&amp#27;[35m[WD Proxy]&amp#27;[39m Got response with status 404: {"sessionId":"05558cfb-4cab-4ab5-9c88-c136f1430733","value":{"error":"no such element","message":"An element could not be located on the page using the given search parameters","stacktrace":"io.appium.uiautomator2.common.exceptions.ElementNotFoundException: An element could not be located on the page using the given search parameters\n\tat io.appium.uiautomator2.handler.FindElement.findElement(FindElement.java:96)\n\tat io.appium.uiautomator2.handler.FindElement.safeHandle(FindElement.java:71)\n\tat io.appium.uiautomator2.handler.request.SafeRequestHandler.handle(SafeRequestHandler.java:41)\n\tat io.appium.uiautomator2.server.AppiumServlet.handleRequest(AppiumServlet.java:261)\n\tat io.appium.uiautomator2.server.AppiumServlet.handleHttpRequest(AppiumServlet.java:255)\n\tat io.appium.uiautomator2.http.ServerHandler.channelRead(ServerHandler.java:68)\n\tat io.netty.channel.AbstractChannelHandlerContext.invokeChannelRead(AbstractChannelHandlerContext.java:366)\n\tat io.netty.channel.AbstractChannelHandlerCont...
[debug] &amp#27;[35m[W3C]&amp#27;[39m Matched W3C error code 'no such element' to NoSuchElementError
[debug] &amp#27;[35m[BaseDriver]&amp#27;[39m Waited for 215 ms so far
[debug] &amp#27;[35m[WD Proxy]&amp#27;[39m Matched '/element' to command name 'findElement'
[debug] &amp#27;[35m[WD Proxy]&amp#27;[39m Proxying [POST /element] to [POST http://127.0.0.1:8200/wd/hub/session/05558cfb-4cab-4ab5-9c88-c136f1430733/element] with body: {"strategy":"xpath","selector":"//android.widget.TextView[9]","context":"","multiple":false}
[debug] &amp#27;[35m[WD Proxy]&amp#27;[39m Got response with status 200: {"sessionId":"05558cfb-4cab-4ab5-9c88-c136f1430733","value":{"ELEMENT":"1762d04c-749c-4995-b758-b6a9766f9fd8","element-6066-11e4-a52e-4f735466cecf":"1762d04c-749c-4995-b758-b6a9766f9fd8"}}
[debug] &amp#27;[35m[W3C (c8f67fea)]&amp#27;[39m Responding to client with driver.findElement() result: {"element-6066-11e4-a52e-4f735466cecf":"1762d04c-749c-4995-b758-b6a9766f9fd8","ELEMENT":"1762d04c-749c-4995-b758-b6a9766f9fd8"}
&amp#27;[35m[HTTP]&amp#27;[39m &amp#27;[37m<-- POST /wd/hub/session/c8f67fea-aa1e-4cc0-8af9-22de90b109c0/element &amp#27;[39m&amp#27;[32m200&amp#27;[39m &amp#27;[90m1007 ms - 137&amp#27;[39m
&amp#27;[35m[HTTP]&amp#27;[39m &amp#27;[90m&amp#27;[39m
&amp#27;[35m[HTTP]&amp#27;[39m &amp#27;[37m-->&amp#27;[39m &amp#27;[37mPOST&amp#27;[39m &amp#27;[37m/wd/hub/session/c8f67fea-aa1e-4cc0-8af9-22de90b109c0/element/1762d04c-749c-4995-b758-b6a9766f9fd8/click&amp#27;[39m
&amp#27;[35m[HTTP]&amp#27;[39m &amp#27;[90m{"id":"1762d04c-749c-4995-b758-b6a9766f9fd8"}&amp#27;[39m
[debug] &amp#27;[35m[W3C (c8f67fea)]&amp#27;[39m Calling AppiumDriver.click() with args: ["1762d04c-749c-4995-b758-b6a9766f9fd8","c8f67fea-aa1e-4cc0-8af9-22de90b109c0"]
[debug] &amp#27;[35m[WD Proxy]&amp#27;[39m Matched '/element/1762d04c-749c-4995-b758-b6a9766f9fd8/click' to command name 'click'
[debug] &amp#27;[35m[WD Proxy]&amp#27;[39m Proxying [POST /element/1762d04c-749c-4995-b758-b6a9766f9fd8/click] to [POST http://127.0.0.1:8200/wd/hub/session/05558cfb-4cab-4ab5-9c88-c136f1430733/element/1762d04c-749c-4995-b758-b6a9766f9fd8/click] with body: {"element":"1762d04c-749c-4995-b758-b6a9766f9fd8"}
[debug] &amp#27;[35m[WD Proxy]&amp#27;[39m Got response with status 200: {"sessionId":"05558cfb-4cab-4ab5-9c88-c136f1430733","value":null}
[debug] &amp#27;[35m[W3C (c8f67fea)]&amp#27;[39m Responding to client with driver.click() result: null
&amp#27;[35m[HTTP]&amp#27;[39m &amp#27;[37m<-- POST /wd/hub/session/c8f67fea-aa1e-4cc0-8af9-22de90b109c0/element/1762d04c-749c-4995-b758-b6a9766f9fd8/click &amp#27;[39m&amp#27;[32m200&amp#27;[39m &amp#27;[90m710 ms - 14&amp#27;[39m
&amp#27;[35m[HTTP]&amp#27;[39m &amp#27;[90m&amp#27;[39m
&amp#27;[35m[HTTP]&amp#27;[39m &amp#27;[37m-->&amp#27;[39m &amp#27;[37mGET&amp#27;[39m &amp#27;[37m/wd/hub/session/c8f67fea-aa1e-4cc0-8af9-22de90b109c0&amp#27;[39m
&amp#27;[35m[HTTP]&amp#27;[39m &amp#27;[90m{}&amp#27;[39m
[debug] &amp#27;[35m[W3C (c8f67fea)]&amp#27;[39m Calling AppiumDriver.getSession() with args: ["c8f67fea-aa1e-4cc0-8af9-22de90b109c0"]
[debug] &amp#27;[35m[UiAutomator2]&amp#27;[39m Getting session details from server to mix in
[debug] &amp#27;[35m[WD Proxy]&amp#27;[39m Matched '/' to command name 'getSession'
[debug] &amp#27;[35m[WD Proxy]&amp#27;[39m Proxying [GET /] to [GET http://127.0.0.1:8200/wd/hub/session/05558cfb-4cab-4ab5-9c88-c136f1430733] with no body
[debug] &amp#27;[35m[WD Proxy]&amp#27;[39m Got response with status 200: {"sessionId":"05558cfb-4cab-4ab5-9c88-c136f1430733","value":{"lastScrollData":{"toIndex":-1,"maxScrollY":2299,"maxScrollX":0,"scrollY":1554,"scrollX":0,"fromIndex":-1,"itemCount":-1}}}
[debug] &amp#27;[35m[W3C (c8f67fea)]&amp#27;[39m Responding to client with driver.getSession() result: {"platform":"LINUX","webStorageEnabled":false,"takesScreenshot":true,"javascriptEnabled":true,"databaseEnabled":false,"networkConnectionEnabled":true,"locationContextEnabled":false,"warnings":{},"desired":{"platformName":"android","skipDeviceInitialization":true,"skipServerInstallation":false,"app":"./Resources/in.workindia.apk","appActivity":".RegisterActivity","appPackage":"in.workindia.nileshdungarwal.workindiaandroid","platformVersion":"8.1"},"platformName":"android","skipDeviceInitialization":true,"skipServerInstallation":false,"app":"./Resources/in.workindia.apk","appActivity":".RegisterActivity","appPackage":"in.workindia.nileshdungarwal.workindiaandroid","platformVersion":"8.1.0","deviceName":"emulator-5554","deviceUDID":"emulator-5554","deviceApiLevel":27,"deviceScreenSize":"1080x2160","deviceScreenDensity":440,"deviceModel":"Android SDK built for x86","deviceManufacturer":"Google","pixelRatio":2.75,"statBarHeight":66,"viewportRect":{"left":0,"top":66,"width":1080,"height":1962},"lastScrollData":{...
&amp#27;[35m[HTTP]&amp#27;[39m &amp#27;[37m<-- GET /wd/hub/session/c8f67fea-aa1e-4cc0-8af9-22de90b109c0 &amp#27;[39m&amp#27;[32m200&amp#27;[39m &amp#27;[90m14 ms - 1135&amp#27;[39m
&amp#27;[35m[HTTP]&amp#27;[39m &amp#27;[90m&amp#27;[39m
&amp#27;[35m[HTTP]&amp#27;[39m &amp#27;[37m-->&amp#27;[39m &amp#27;[37mPOST&amp#27;[39m &amp#27;[37m/wd/hub/session/c8f67fea-aa1e-4cc0-8af9-22de90b109c0/element&amp#27;[39m
&amp#27;[35m[HTTP]&amp#27;[39m &amp#27;[90m{"using":"xpath","value":"//android.widget.FrameLayout[1]/android.widget.CheckBox"}&amp#27;[39m
[debug] &amp#27;[35m[W3C (c8f67fea)]&amp#27;[39m Calling AppiumDriver.findElement() with args: ["xpath","//android.widget.FrameLayout[1]/android.widget.CheckBox","c8f67fea-aa1e-4cc0-8af9-22de90b109c0"]
[debug] &amp#27;[35m[BaseDriver]&amp#27;[39m Valid locator strategies for this request: xpath, id, class name, accessibility id, css selector, -android uiautomator
[debug] &amp#27;[35m[BaseDriver]&amp#27;[39m Waiting up to 50000 ms for condition
[debug] &amp#27;[35m[WD Proxy]&amp#27;[39m Matched '/element' to command name 'findElement'
[debug] &amp#27;[35m[WD Proxy]&amp#27;[39m Proxying [POST /element] to [POST http://127.0.0.1:8200/wd/hub/session/05558cfb-4cab-4ab5-9c88-c136f1430733/element] with body: {"strategy":"xpath","selector":"//android.widget.FrameLayout[1]/android.widget.CheckBox","context":"","multiple":false}
[debug] &amp#27;[35m[WD Proxy]&amp#27;[39m Got response with status 200: {"sessionId":"05558cfb-4cab-4ab5-9c88-c136f1430733","value":{"ELEMENT":"1a02e21a-32c1-4f6b-a55b-24e27ac29ce7","element-6066-11e4-a52e-4f735466cecf":"1a02e21a-32c1-4f6b-a55b-24e27ac29ce7"}}
[debug] &amp#27;[35m[W3C (c8f67fea)]&amp#27;[39m Responding to client with driver.findElement() result: {"element-6066-11e4-a52e-4f735466cecf":"1a02e21a-32c1-4f6b-a55b-24e27ac29ce7","ELEMENT":"1a02e21a-32c1-4f6b-a55b-24e27ac29ce7"}
&amp#27;[35m[HTTP]&amp#27;[39m &amp#27;[37m<-- POST /wd/hub/session/c8f67fea-aa1e-4cc0-8af9-22de90b109c0/element &amp#27;[39m&amp#27;[32m200&amp#27;[39m &amp#27;[90m108 ms - 137&amp#27;[39m
&amp#27;[35m[HTTP]&amp#27;[39m &amp#27;[90m&amp#27;[39m
&amp#27;[35m[HTTP]&amp#27;[39m &amp#27;[37m-->&amp#27;[39m &amp#27;[37mPOST&amp#27;[39m &amp#27;[37m/wd/hub/session/c8f67fea-aa1e-4cc0-8af9-22de90b109c0/element/1a02e21a-32c1-4f6b-a55b-24e27ac29ce7/click&amp#27;[39m
&amp#27;[35m[HTTP]&amp#27;[39m &amp#27;[90m{"id":"1a02e21a-32c1-4f6b-a55b-24e27ac29ce7"}&amp#27;[39m
[debug] &amp#27;[35m[W3C (c8f67fea)]&amp#27;[39m Calling AppiumDriver.click() with args: ["1a02e21a-32c1-4f6b-a55b-24e27ac29ce7","c8f67fea-aa1e-4cc0-8af9-22de90b109c0"]
[debug] &amp#27;[35m[WD Proxy]&amp#27;[39m Matched '/element/1a02e21a-32c1-4f6b-a55b-24e27ac29ce7/click' to command name 'click'
[debug] &amp#27;[35m[WD Proxy]&amp#27;[39m Proxying [POST /element/1a02e21a-32c1-4f6b-a55b-24e27ac29ce7/click] to [POST http://127.0.0.1:8200/wd/hub/session/05558cfb-4cab-4ab5-9c88-c136f1430733/element/1a02e21a-32c1-4f6b-a55b-24e27ac29ce7/click] with body: {"element":"1a02e21a-32c1-4f6b-a55b-24e27ac29ce7"}
[debug] &amp#27;[35m[WD Proxy]&amp#27;[39m Got response with status 200: {"sessionId":"05558cfb-4cab-4ab5-9c88-c136f1430733","value":null}
[debug] &amp#27;[35m[W3C (c8f67fea)]&amp#27;[39m Responding to client with driver.click() result: null
&amp#27;[35m[HTTP]&amp#27;[39m &amp#27;[37m<-- POST /wd/hub/session/c8f67fea-aa1e-4cc0-8af9-22de90b109c0/element/1a02e21a-32c1-4f6b-a55b-24e27ac29ce7/click &amp#27;[39m&amp#27;[32m200&amp#27;[39m &amp#27;[90m17 ms - 14&amp#27;[39m
&amp#27;[35m[HTTP]&amp#27;[39m &amp#27;[90m&amp#27;[39m
&amp#27;[35m[HTTP]&amp#27;[39m &amp#27;[37m-->&amp#27;[39m &amp#27;[37mGET&amp#27;[39m &amp#27;[37m/wd/hub/session/c8f67fea-aa1e-4cc0-8af9-22de90b109c0&amp#27;[39m
&amp#27;[35m[HTTP]&amp#27;[39m &amp#27;[90m{}&amp#27;[39m
[debug] &amp#27;[35m[W3C (c8f67fea)]&amp#27;[39m Calling AppiumDriver.getSession() with args: ["c8f67fea-aa1e-4cc0-8af9-22de90b109c0"]
[debug] &amp#27;[35m[UiAutomator2]&amp#27;[39m Getting session details from server to mix in
[debug] &amp#27;[35m[WD Proxy]&amp#27;[39m Matched '/' to command name 'getSession'
[debug] &amp#27;[35m[WD Proxy]&amp#27;[39m Proxying [GET /] to [GET http://127.0.0.1:8200/wd/hub/session/05558cfb-4cab-4ab5-9c88-c136f1430733] with no body
[debug] &amp#27;[35m[WD Proxy]&amp#27;[39m Got response with status 200: {"sessionId":"05558cfb-4cab-4ab5-9c88-c136f1430733","value":{"lastScrollData":{"toIndex":-1,"maxScrollY":2299,"maxScrollX":0,"scrollY":1554,"scrollX":0,"fromIndex":-1,"itemCount":-1}}}
[debug] &amp#27;[35m[W3C (c8f67fea)]&amp#27;[39m Responding to client with driver.getSession() result: {"platform":"LINUX","webStorageEnabled":false,"takesScreenshot":true,"javascriptEnabled":true,"databaseEnabled":false,"networkConnectionEnabled":true,"locationContextEnabled":false,"warnings":{},"desired":{"platformName":"android","skipDeviceInitialization":true,"skipServerInstallation":false,"app":"./Resources/in.workindia.apk","appActivity":".RegisterActivity","appPackage":"in.workindia.nileshdungarwal.workindiaandroid","platformVersion":"8.1"},"platformName":"android","skipDeviceInitialization":true,"skipServerInstallation":false,"app":"./Resources/in.workindia.apk","appActivity":".RegisterActivity","appPackage":"in.workindia.nileshdungarwal.workindiaandroid","platformVersion":"8.1.0","deviceName":"emulator-5554","deviceUDID":"emulator-5554","deviceApiLevel":27,"deviceScreenSize":"1080x2160","deviceScreenDensity":440,"deviceModel":"Android SDK built for x86","deviceManufacturer":"Google","pixelRatio":2.75,"statBarHeight":66,"viewportRect":{"left":0,"top":66,"width":1080,"height":1962},"lastScrollData":{...
&amp#27;[35m[HTTP]&amp#27;[39m &amp#27;[37m<-- GET /wd/hub/session/c8f67fea-aa1e-4cc0-8af9-22de90b109c0 &amp#27;[39m&amp#27;[32m200&amp#27;[39m &amp#27;[90m10 ms - 1135&amp#27;[39m
&amp#27;[35m[HTTP]&amp#27;[39m &amp#27;[90m&amp#27;[39m
&amp#27;[35m[HTTP]&amp#27;[39m &amp#27;[37m-->&amp#27;[39m &amp#27;[37mPOST&amp#27;[39m &amp#27;[37m/wd/hub/session/c8f67fea-aa1e-4cc0-8af9-22de90b109c0/element&amp#27;[39m
&amp#27;[35m[HTTP]&amp#27;[39m &amp#27;[90m{"using":"xpath","value":"//android.widget.FrameLayout[2]/android.widget.CheckBox"}&amp#27;[39m
[debug] &amp#27;[35m[W3C (c8f67fea)]&amp#27;[39m Calling AppiumDriver.findElement() with args: ["xpath","//android.widget.FrameLayout[2]/android.widget.CheckBox","c8f67fea-aa1e-4cc0-8af9-22de90b109c0"]
[debug] &amp#27;[35m[BaseDriver]&amp#27;[39m Valid locator strategies for this request: xpath, id, class name, accessibility id, css selector, -android uiautomator
[debug] &amp#27;[35m[BaseDriver]&amp#27;[39m Waiting up to 50000 ms for condition
[debug] &amp#27;[35m[WD Proxy]&amp#27;[39m Matched '/element' to command name 'findElement'
[debug] &amp#27;[35m[WD Proxy]&amp#27;[39m Proxying [POST /element] to [POST http://127.0.0.1:8200/wd/hub/session/05558cfb-4cab-4ab5-9c88-c136f1430733/element] with body: {"strategy":"xpath","selector":"//android.widget.FrameLayout[2]/android.widget.CheckBox","context":"","multiple":false}
[debug] &amp#27;[35m[WD Proxy]&amp#27;[39m Got response with status 200: {"sessionId":"05558cfb-4cab-4ab5-9c88-c136f1430733","value":{"ELEMENT":"c9436966-fecd-4b79-a9e6-6471e454a20e","element-6066-11e4-a52e-4f735466cecf":"c9436966-fecd-4b79-a9e6-6471e454a20e"}}
[debug] &amp#27;[35m[W3C (c8f67fea)]&amp#27;[39m Responding to client with driver.findElement() result: {"element-6066-11e4-a52e-4f735466cecf":"c9436966-fecd-4b79-a9e6-6471e454a20e","ELEMENT":"c9436966-fecd-4b79-a9e6-6471e454a20e"}
&amp#27;[35m[HTTP]&amp#27;[39m &amp#27;[37m<-- POST /wd/hub/session/c8f67fea-aa1e-4cc0-8af9-22de90b109c0/element &amp#27;[39m&amp#27;[32m200&amp#27;[39m &amp#27;[90m585 ms - 137&amp#27;[39m
&amp#27;[35m[HTTP]&amp#27;[39m &amp#27;[90m&amp#27;[39m
&amp#27;[35m[HTTP]&amp#27;[39m &amp#27;[37m-->&amp#27;[39m &amp#27;[37mPOST&amp#27;[39m &amp#27;[37m/wd/hub/session/c8f67fea-aa1e-4cc0-8af9-22de90b109c0/element/c9436966-fecd-4b79-a9e6-6471e454a20e/click&amp#27;[39m
&amp#27;[35m[HTTP]&amp#27;[39m &amp#27;[90m{"id":"c9436966-fecd-4b79-a9e6-6471e454a20e"}&amp#27;[39m
[debug] &amp#27;[35m[W3C (c8f67fea)]&amp#27;[39m Calling AppiumDriver.click() with args: ["c9436966-fecd-4b79-a9e6-6471e454a20e","c8f67fea-aa1e-4cc0-8af9-22de90b109c0"]
[debug] &amp#27;[35m[WD Proxy]&amp#27;[39m Matched '/element/c9436966-fecd-4b79-a9e6-6471e454a20e/click' to command name 'click'
[debug] &amp#27;[35m[WD Proxy]&amp#27;[39m Proxying [POST /element/c9436966-fecd-4b79-a9e6-6471e454a20e/click] to [POST http://127.0.0.1:8200/wd/hub/session/05558cfb-4cab-4ab5-9c88-c136f1430733/element/c9436966-fecd-4b79-a9e6-6471e454a20e/click] with body: {"element":"c9436966-fecd-4b79-a9e6-6471e454a20e"}
[debug] &amp#27;[35m[WD Proxy]&amp#27;[39m Got response with status 200: {"sessionId":"05558cfb-4cab-4ab5-9c88-c136f1430733","value":null}
[debug] &amp#27;[35m[W3C (c8f67fea)]&amp#27;[39m Responding to client with driver.click() result: null
&amp#27;[35m[HTTP]&amp#27;[39m &amp#27;[37m<-- POST /wd/hub/session/c8f67fea-aa1e-4cc0-8af9-22de90b109c0/element/c9436966-fecd-4b79-a9e6-6471e454a20e/click &amp#27;[39m&amp#27;[32m200&amp#27;[39m &amp#27;[90m22 ms - 14&amp#27;[39m
&amp#27;[35m[HTTP]&amp#27;[39m &amp#27;[90m&amp#27;[39m
&amp#27;[35m[HTTP]&amp#27;[39m &amp#27;[37m-->&amp#27;[39m &amp#27;[37mGET&amp#27;[39m &amp#27;[37m/wd/hub/session/c8f67fea-aa1e-4cc0-8af9-22de90b109c0&amp#27;[39m
&amp#27;[35m[HTTP]&amp#27;[39m &amp#27;[90m{}&amp#27;[39m
[debug] &amp#27;[35m[W3C (c8f67fea)]&amp#27;[39m Calling AppiumDriver.getSession() with args: ["c8f67fea-aa1e-4cc0-8af9-22de90b109c0"]
[debug] &amp#27;[35m[UiAutomator2]&amp#27;[39m Getting session details from server to mix in
[debug] &amp#27;[35m[WD Proxy]&amp#27;[39m Matched '/' to command name 'getSession'
[debug] &amp#27;[35m[WD Proxy]&amp#27;[39m Proxying [GET /] to [GET http://127.0.0.1:8200/wd/hub/session/05558cfb-4cab-4ab5-9c88-c136f1430733] with no body
[debug] &amp#27;[35m[WD Proxy]&amp#27;[39m Got response with status 200: {"sessionId":"05558cfb-4cab-4ab5-9c88-c136f1430733","value":{"lastScrollData":{"toIndex":-1,"maxScrollY":2299,"maxScrollX":0,"scrollY":1554,"scrollX":0,"fromIndex":-1,"itemCount":-1}}}
[debug] &amp#27;[35m[W3C (c8f67fea)]&amp#27;[39m Responding to client with driver.getSession() result: {"platform":"LINUX","webStorageEnabled":false,"takesScreenshot":true,"javascriptEnabled":true,"databaseEnabled":false,"networkConnectionEnabled":true,"locationContextEnabled":false,"warnings":{},"desired":{"platformName":"android","skipDeviceInitialization":true,"skipServerInstallation":false,"app":"./Resources/in.workindia.apk","appActivity":".RegisterActivity","appPackage":"in.workindia.nileshdungarwal.workindiaandroid","platformVersion":"8.1"},"platformName":"android","skipDeviceInitialization":true,"skipServerInstallation":false,"app":"./Resources/in.workindia.apk","appActivity":".RegisterActivity","appPackage":"in.workindia.nileshdungarwal.workindiaandroid","platformVersion":"8.1.0","deviceName":"emulator-5554","deviceUDID":"emulator-5554","deviceApiLevel":27,"deviceScreenSize":"1080x2160","deviceScreenDensity":440,"deviceModel":"Android SDK built for x86","deviceManufacturer":"Google","pixelRatio":2.75,"statBarHeight":66,"viewportRect":{"left":0,"top":66,"width":1080,"height":1962},"lastScrollData":{...
&amp#27;[35m[HTTP]&amp#27;[39m &amp#27;[37m<-- GET /wd/hub/session/c8f67fea-aa1e-4cc0-8af9-22de90b109c0 &amp#27;[39m&amp#27;[32m200&amp#27;[39m &amp#27;[90m15 ms - 1135&amp#27;[39m
&amp#27;[35m[HTTP]&amp#27;[39m &amp#27;[90m&amp#27;[39m
&amp#27;[35m[HTTP]&amp#27;[39m &amp#27;[37m-->&amp#27;[39m &amp#27;[37mGET&amp#27;[39m &amp#27;[37m/wd/hub/session/c8f67fea-aa1e-4cc0-8af9-22de90b109c0&amp#27;[39m
&amp#27;[35m[HTTP]&amp#27;[39m &amp#27;[90m{}&amp#27;[39m
[debug] &amp#27;[35m[W3C (c8f67fea)]&amp#27;[39m Calling AppiumDriver.getSession() with args: ["c8f67fea-aa1e-4cc0-8af9-22de90b109c0"]
[debug] &amp#27;[35m[UiAutomator2]&amp#27;[39m Getting session details from server to mix in
[debug] &amp#27;[35m[WD Proxy]&amp#27;[39m Matched '/' to command name 'getSession'
[debug] &amp#27;[35m[WD Proxy]&amp#27;[39m Proxying [GET /] to [GET http://127.0.0.1:8200/wd/hub/session/05558cfb-4cab-4ab5-9c88-c136f1430733] with no body
[debug] &amp#27;[35m[WD Proxy]&amp#27;[39m Got response with status 200: {"sessionId":"05558cfb-4cab-4ab5-9c88-c136f1430733","value":{"lastScrollData":{"toIndex":-1,"maxScrollY":2299,"maxScrollX":0,"scrollY":1554,"scrollX":0,"fromIndex":-1,"itemCount":-1}}}
[debug] &amp#27;[35m[W3C (c8f67fea)]&amp#27;[39m Responding to client with driver.getSession() result: {"platform":"LINUX","webStorageEnabled":false,"takesScreenshot":true,"javascriptEnabled":true,"databaseEnabled":false,"networkConnectionEnabled":true,"locationContextEnabled":false,"warnings":{},"desired":{"platformName":"android","skipDeviceInitialization":true,"skipServerInstallation":false,"app":"./Resources/in.workindia.apk","appActivity":".RegisterActivity","appPackage":"in.workindia.nileshdungarwal.workindiaandroid","platformVersion":"8.1"},"platformName":"android","skipDeviceInitialization":true,"skipServerInstallation":false,"app":"./Resources/in.workindia.apk","appActivity":".RegisterActivity","appPackage":"in.workindia.nileshdungarwal.workindiaandroid","platformVersion":"8.1.0","deviceName":"emulator-5554","deviceUDID":"emulator-5554","deviceApiLevel":27,"deviceScreenSize":"1080x2160","deviceScreenDensity":440,"deviceModel":"Android SDK built for x86","deviceManufacturer":"Google","pixelRatio":2.75,"statBarHeight":66,"viewportRect":{"left":0,"top":66,"width":1080,"height":1962},"lastScrollData":{...
&amp#27;[35m[HTTP]&amp#27;[39m &amp#27;[37m<-- GET /wd/hub/session/c8f67fea-aa1e-4cc0-8af9-22de90b109c0 &amp#27;[39m&amp#27;[32m200&amp#27;[39m &amp#27;[90m12 ms - 1135&amp#27;[39m
&amp#27;[35m[HTTP]&amp#27;[39m &amp#27;[90m&amp#27;[39m
&amp#27;[35m[HTTP]&amp#27;[39m &amp#27;[37m-->&amp#27;[39m &amp#27;[37mGET&amp#27;[39m &amp#27;[37m/wd/hub/session/c8f67fea-aa1e-4cc0-8af9-22de90b109c0/window/rect&amp#27;[39m
&amp#27;[35m[HTTP]&amp#27;[39m &amp#27;[90m{}&amp#27;[39m
[debug] &amp#27;[35m[W3C (c8f67fea)]&amp#27;[39m Calling AppiumDriver.getWindowRect() with args: ["c8f67fea-aa1e-4cc0-8af9-22de90b109c0"]
[debug] &amp#27;[35m[WD Proxy]&amp#27;[39m Matched '/window/current/size' to command name 'getWindowSize'
[debug] &amp#27;[35m[WD Proxy]&amp#27;[39m Proxying [GET /window/current/size] to [GET http://127.0.0.1:8200/wd/hub/session/05558cfb-4cab-4ab5-9c88-c136f1430733/window/current/size] with no body
[debug] &amp#27;[35m[WD Proxy]&amp#27;[39m Got response with status 200: {"sessionId":"05558cfb-4cab-4ab5-9c88-c136f1430733","value":{"height":2028,"width":1080}}
[debug] &amp#27;[35m[W3C (c8f67fea)]&amp#27;[39m Responding to client with driver.getWindowRect() result: {"width":1080,"height":2028,"x":0,"y":0}
&amp#27;[35m[HTTP]&amp#27;[39m &amp#27;[37m<-- GET /wd/hub/session/c8f67fea-aa1e-4cc0-8af9-22de90b109c0/window/rect &amp#27;[39m&amp#27;[32m200&amp#27;[39m &amp#27;[90m14 ms - 50&amp#27;[39m
&amp#27;[35m[HTTP]&amp#27;[39m &amp#27;[90m&amp#27;[39m
&amp#27;[35m[HTTP]&amp#27;[39m &amp#27;[37m-->&amp#27;[39m &amp#27;[37mPOST&amp#27;[39m &amp#27;[37m/wd/hub/session/c8f67fea-aa1e-4cc0-8af9-22de90b109c0/touch/perform&amp#27;[39m
&amp#27;[35m[HTTP]&amp#27;[39m &amp#27;[90m{"actions":[{"action":"press","options":{"x":540,"y":1419}},{"action":"wait","options":{"ms":1000}},{"action":"moveTo","options":{"x":540,"y":202}},{"action":"release","options":{}}]}&amp#27;[39m
[debug] &amp#27;[35m[W3C (c8f67fea)]&amp#27;[39m Calling AppiumDriver.performTouch() with args: [[{"action":"press","options":{"x":540,"y":1419}},{"action":"wait","options":{"ms":1000}},{"action":"moveTo","options":{"x":540,"y":202}},{"action":"release","options":{}}],"c8f67fea-aa1e-4cc0-8af9-22de90b109c0"]
[debug] &amp#27;[35m[WD Proxy]&amp#27;[39m Matched '/touch/perform' to command name 'performTouch'
[debug] &amp#27;[35m[WD Proxy]&amp#27;[39m Proxying [POST /touch/perform] to [POST http://127.0.0.1:8200/wd/hub/session/05558cfb-4cab-4ab5-9c88-c136f1430733/touch/perform] with body: {"startX":540,"startY":1419,"endX":540,"endY":202,"steps":28}
[debug] &amp#27;[35m[WD Proxy]&amp#27;[39m Got response with status 200: {"sessionId":"05558cfb-4cab-4ab5-9c88-c136f1430733","value":null}
[debug] &amp#27;[35m[W3C (c8f67fea)]&amp#27;[39m Responding to client with driver.performTouch() result: null
&amp#27;[35m[HTTP]&amp#27;[39m &amp#27;[37m<-- POST /wd/hub/session/c8f67fea-aa1e-4cc0-8af9-22de90b109c0/touch/perform &amp#27;[39m&amp#27;[32m200&amp#27;[39m &amp#27;[90m1364 ms - 14&amp#27;[39m
&amp#27;[35m[HTTP]&amp#27;[39m &amp#27;[90m&amp#27;[39m
&amp#27;[35m[HTTP]&amp#27;[39m &amp#27;[37m-->&amp#27;[39m &amp#27;[37mGET&amp#27;[39m &amp#27;[37m/wd/hub/session/c8f67fea-aa1e-4cc0-8af9-22de90b109c0&amp#27;[39m
&amp#27;[35m[HTTP]&amp#27;[39m &amp#27;[90m{}&amp#27;[39m
[debug] &amp#27;[35m[W3C (c8f67fea)]&amp#27;[39m Calling AppiumDriver.getSession() with args: ["c8f67fea-aa1e-4cc0-8af9-22de90b109c0"]
[debug] &amp#27;[35m[UiAutomator2]&amp#27;[39m Getting session details from server to mix in
[debug] &amp#27;[35m[WD Proxy]&amp#27;[39m Matched '/' to command name 'getSession'
[debug] &amp#27;[35m[WD Proxy]&amp#27;[39m Proxying [GET /] to [GET http://127.0.0.1:8200/wd/hub/session/05558cfb-4cab-4ab5-9c88-c136f1430733] with no body
[debug] &amp#27;[35m[WD Proxy]&amp#27;[39m Got response with status 200: {"sessionId":"05558cfb-4cab-4ab5-9c88-c136f1430733","value":{"lastScrollData":{"toIndex":-1,"maxScrollY":2299,"maxScrollX":0,"scrollY":2299,"scrollX":0,"fromIndex":-1,"itemCount":-1}}}
[debug] &amp#27;[35m[W3C (c8f67fea)]&amp#27;[39m Responding to client with driver.getSession() result: {"platform":"LINUX","webStorageEnabled":false,"takesScreenshot":true,"javascriptEnabled":true,"databaseEnabled":false,"networkConnectionEnabled":true,"locationContextEnabled":false,"warnings":{},"desired":{"platformName":"android","skipDeviceInitialization":true,"skipServerInstallation":false,"app":"./Resources/in.workindia.apk","appActivity":".RegisterActivity","appPackage":"in.workindia.nileshdungarwal.workindiaandroid","platformVersion":"8.1"},"platformName":"android","skipDeviceInitialization":true,"skipServerInstallation":false,"app":"./Resources/in.workindia.apk","appActivity":".RegisterActivity","appPackage":"in.workindia.nileshdungarwal.workindiaandroid","platformVersion":"8.1.0","deviceName":"emulator-5554","deviceUDID":"emulator-5554","deviceApiLevel":27,"deviceScreenSize":"1080x2160","deviceScreenDensity":440,"deviceModel":"Android SDK built for x86","deviceManufacturer":"Google","pixelRatio":2.75,"statBarHeight":66,"viewportRect":{"left":0,"top":66,"width":1080,"height":1962},"lastScrollData":{...
&amp#27;[35m[HTTP]&amp#27;[39m &amp#27;[37m<-- GET /wd/hub/session/c8f67fea-aa1e-4cc0-8af9-22de90b109c0 &amp#27;[39m&amp#27;[32m200&amp#27;[39m &amp#27;[90m16 ms - 1135&amp#27;[39m
&amp#27;[35m[HTTP]&amp#27;[39m &amp#27;[90m&amp#27;[39m
&amp#27;[35m[HTTP]&amp#27;[39m &amp#27;[37m-->&amp#27;[39m &amp#27;[37mGET&amp#27;[39m &amp#27;[37m/wd/hub/session/c8f67fea-aa1e-4cc0-8af9-22de90b109c0&amp#27;[39m
&amp#27;[35m[HTTP]&amp#27;[39m &amp#27;[90m{}&amp#27;[39m
[debug] &amp#27;[35m[W3C (c8f67fea)]&amp#27;[39m Calling AppiumDriver.getSession() with args: ["c8f67fea-aa1e-4cc0-8af9-22de90b109c0"]
[debug] &amp#27;[35m[UiAutomator2]&amp#27;[39m Getting session details from server to mix in
[debug] &amp#27;[35m[WD Proxy]&amp#27;[39m Matched '/' to command name 'getSession'
[debug] &amp#27;[35m[WD Proxy]&amp#27;[39m Proxying [GET /] to [GET http://127.0.0.1:8200/wd/hub/session/05558cfb-4cab-4ab5-9c88-c136f1430733] with no body
[debug] &amp#27;[35m[WD Proxy]&amp#27;[39m Got response with status 200: {"sessionId":"05558cfb-4cab-4ab5-9c88-c136f1430733","value":{"lastScrollData":{"toIndex":-1,"maxScrollY":2299,"maxScrollX":0,"scrollY":2299,"scrollX":0,"fromIndex":-1,"itemCount":-1}}}
[debug] &amp#27;[35m[W3C (c8f67fea)]&amp#27;[39m Responding to client with driver.getSession() result: {"platform":"LINUX","webStorageEnabled":false,"takesScreenshot":true,"javascriptEnabled":true,"databaseEnabled":false,"networkConnectionEnabled":true,"locationContextEnabled":false,"warnings":{},"desired":{"platformName":"android","skipDeviceInitialization":true,"skipServerInstallation":false,"app":"./Resources/in.workindia.apk","appActivity":".RegisterActivity","appPackage":"in.workindia.nileshdungarwal.workindiaandroid","platformVersion":"8.1"},"platformName":"android","skipDeviceInitialization":true,"skipServerInstallation":false,"app":"./Resources/in.workindia.apk","appActivity":".RegisterActivity","appPackage":"in.workindia.nileshdungarwal.workindiaandroid","platformVersion":"8.1.0","deviceName":"emulator-5554","deviceUDID":"emulator-5554","deviceApiLevel":27,"deviceScreenSize":"1080x2160","deviceScreenDensity":440,"deviceModel":"Android SDK built for x86","deviceManufacturer":"Google","pixelRatio":2.75,"statBarHeight":66,"viewportRect":{"left":0,"top":66,"width":1080,"height":1962},"lastScrollData":{...
&amp#27;[35m[HTTP]&amp#27;[39m &amp#27;[37m<-- GET /wd/hub/session/c8f67fea-aa1e-4cc0-8af9-22de90b109c0 &amp#27;[39m&amp#27;[32m200&amp#27;[39m &amp#27;[90m21 ms - 1135&amp#27;[39m
&amp#27;[35m[HTTP]&amp#27;[39m &amp#27;[90m&amp#27;[39m
&amp#27;[35m[HTTP]&amp#27;[39m &amp#27;[37m-->&amp#27;[39m &amp#27;[37mGET&amp#27;[39m &amp#27;[37m/wd/hub/session/c8f67fea-aa1e-4cc0-8af9-22de90b109c0&amp#27;[39m
&amp#27;[35m[HTTP]&amp#27;[39m &amp#27;[90m{}&amp#27;[39m
[debug] &amp#27;[35m[W3C (c8f67fea)]&amp#27;[39m Calling AppiumDriver.getSession() with args: ["c8f67fea-aa1e-4cc0-8af9-22de90b109c0"]
[debug] &amp#27;[35m[UiAutomator2]&amp#27;[39m Getting session details from server to mix in
[debug] &amp#27;[35m[WD Proxy]&amp#27;[39m Matched '/' to command name 'getSession'
[debug] &amp#27;[35m[WD Proxy]&amp#27;[39m Proxying [GET /] to [GET http://127.0.0.1:8200/wd/hub/session/05558cfb-4cab-4ab5-9c88-c136f1430733] with no body
[debug] &amp#27;[35m[WD Proxy]&amp#27;[39m Got response with status 200: {"sessionId":"05558cfb-4cab-4ab5-9c88-c136f1430733","value":{"lastScrollData":{"toIndex":-1,"maxScrollY":2299,"maxScrollX":0,"scrollY":2299,"scrollX":0,"fromIndex":-1,"itemCount":-1}}}
[debug] &amp#27;[35m[W3C (c8f67fea)]&amp#27;[39m Responding to client with driver.getSession() result: {"platform":"LINUX","webStorageEnabled":false,"takesScreenshot":true,"javascriptEnabled":true,"databaseEnabled":false,"networkConnectionEnabled":true,"locationContextEnabled":false,"warnings":{},"desired":{"platformName":"android","skipDeviceInitialization":true,"skipServerInstallation":false,"app":"./Resources/in.workindia.apk","appActivity":".RegisterActivity","appPackage":"in.workindia.nileshdungarwal.workindiaandroid","platformVersion":"8.1"},"platformName":"android","skipDeviceInitialization":true,"skipServerInstallation":false,"app":"./Resources/in.workindia.apk","appActivity":".RegisterActivity","appPackage":"in.workindia.nileshdungarwal.workindiaandroid","platformVersion":"8.1.0","deviceName":"emulator-5554","deviceUDID":"emulator-5554","deviceApiLevel":27,"deviceScreenSize":"1080x2160","deviceScreenDensity":440,"deviceModel":"Android SDK built for x86","deviceManufacturer":"Google","pixelRatio":2.75,"statBarHeight":66,"viewportRect":{"left":0,"top":66,"width":1080,"height":1962},"lastScrollData":{...
&amp#27;[35m[HTTP]&amp#27;[39m &amp#27;[37m<-- GET /wd/hub/session/c8f67fea-aa1e-4cc0-8af9-22de90b109c0 &amp#27;[39m&amp#27;[32m200&amp#27;[39m &amp#27;[90m19 ms - 1135&amp#27;[39m
&amp#27;[35m[HTTP]&amp#27;[39m &amp#27;[90m&amp#27;[39m
&amp#27;[35m[HTTP]&amp#27;[39m &amp#27;[37m-->&amp#27;[39m &amp#27;[37mPOST&amp#27;[39m &amp#27;[37m/wd/hub/session/c8f67fea-aa1e-4cc0-8af9-22de90b109c0/element&amp#27;[39m
&amp#27;[35m[HTTP]&amp#27;[39m &amp#27;[90m{"using":"id","value":"in.workindia.nileshdungarwal.workindiaandroid:id/btn_done"}&amp#27;[39m
[debug] &amp#27;[35m[W3C (c8f67fea)]&amp#27;[39m Calling AppiumDriver.findElement() with args: ["id","in.workindia.nileshdungarwal.workindiaandroid:id/btn_done","c8f67fea-aa1e-4cc0-8af9-22de90b109c0"]
[debug] &amp#27;[35m[BaseDriver]&amp#27;[39m Valid locator strategies for this request: xpath, id, class name, accessibility id, css selector, -android uiautomator
[debug] &amp#27;[35m[BaseDriver]&amp#27;[39m Waiting up to 50000 ms for condition
[debug] &amp#27;[35m[WD Proxy]&amp#27;[39m Matched '/element' to command name 'findElement'
[debug] &amp#27;[35m[WD Proxy]&amp#27;[39m Proxying [POST /element] to [POST http://127.0.0.1:8200/wd/hub/session/05558cfb-4cab-4ab5-9c88-c136f1430733/element] with body: {"strategy":"id","selector":"in.workindia.nileshdungarwal.workindiaandroid:id/btn_done","context":"","multiple":false}
[debug] &amp#27;[35m[WD Proxy]&amp#27;[39m Got response with status 200: {"sessionId":"05558cfb-4cab-4ab5-9c88-c136f1430733","value":{"ELEMENT":"71f244d3-ef34-4e06-885d-ba6873431c1a","element-6066-11e4-a52e-4f735466cecf":"71f244d3-ef34-4e06-885d-ba6873431c1a"}}
[debug] &amp#27;[35m[W3C (c8f67fea)]&amp#27;[39m Responding to client with driver.findElement() result: {"element-6066-11e4-a52e-4f735466cecf":"71f244d3-ef34-4e06-885d-ba6873431c1a","ELEMENT":"71f244d3-ef34-4e06-885d-ba6873431c1a"}
&amp#27;[35m[HTTP]&amp#27;[39m &amp#27;[37m<-- POST /wd/hub/session/c8f67fea-aa1e-4cc0-8af9-22de90b109c0/element &amp#27;[39m&amp#27;[32m200&amp#27;[39m &amp#27;[90m45 ms - 137&amp#27;[39m
&amp#27;[35m[HTTP]&amp#27;[39m &amp#27;[90m&amp#27;[39m
&amp#27;[35m[HTTP]&amp#27;[39m &amp#27;[37m-->&amp#27;[39m &amp#27;[37mPOST&amp#27;[39m &amp#27;[37m/wd/hub/session/c8f67fea-aa1e-4cc0-8af9-22de90b109c0/element/71f244d3-ef34-4e06-885d-ba6873431c1a/click&amp#27;[39m
&amp#27;[35m[HTTP]&amp#27;[39m &amp#27;[90m{"id":"71f244d3-ef34-4e06-885d-ba6873431c1a"}&amp#27;[39m
[debug] &amp#27;[35m[W3C (c8f67fea)]&amp#27;[39m Calling AppiumDriver.click() with args: ["71f244d3-ef34-4e06-885d-ba6873431c1a","c8f67fea-aa1e-4cc0-8af9-22de90b109c0"]
[debug] &amp#27;[35m[WD Proxy]&amp#27;[39m Matched '/element/71f244d3-ef34-4e06-885d-ba6873431c1a/click' to command name 'click'
[debug] &amp#27;[35m[WD Proxy]&amp#27;[39m Proxying [POST /element/71f244d3-ef34-4e06-885d-ba6873431c1a/click] to [POST http://127.0.0.1:8200/wd/hub/session/05558cfb-4cab-4ab5-9c88-c136f1430733/element/71f244d3-ef34-4e06-885d-ba6873431c1a/click] with body: {"element":"71f244d3-ef34-4e06-885d-ba6873431c1a"}
[debug] &amp#27;[35m[WD Proxy]&amp#27;[39m Got response with status 200: {"sessionId":"05558cfb-4cab-4ab5-9c88-c136f1430733","value":null}
[debug] &amp#27;[35m[W3C (c8f67fea)]&amp#27;[39m Responding to client with driver.click() result: null
&amp#27;[35m[HTTP]&amp#27;[39m &amp#27;[37m<-- POST /wd/hub/session/c8f67fea-aa1e-4cc0-8af9-22de90b109c0/element/71f244d3-ef34-4e06-885d-ba6873431c1a/click &amp#27;[39m&amp#27;[32m200&amp#27;[39m &amp#27;[90m41 ms - 14&amp#27;[39m
&amp#27;[35m[HTTP]&amp#27;[39m &amp#27;[90m&amp#27;[39m
&amp#27;[35m[HTTP]&amp#27;[39m &amp#27;[37m-->&amp#27;[39m &amp#27;[37mGET&amp#27;[39m &amp#27;[37m/wd/hub/session/c8f67fea-aa1e-4cc0-8af9-22de90b109c0&amp#27;[39m
&amp#27;[35m[HTTP]&amp#27;[39m &amp#27;[90m{}&amp#27;[39m
[debug] &amp#27;[35m[W3C (c8f67fea)]&amp#27;[39m Calling AppiumDriver.getSession() with args: ["c8f67fea-aa1e-4cc0-8af9-22de90b109c0"]
[debug] &amp#27;[35m[UiAutomator2]&amp#27;[39m Getting session details from server to mix in
[debug] &amp#27;[35m[WD Proxy]&amp#27;[39m Matched '/' to command name 'getSession'
[debug] &amp#27;[35m[WD Proxy]&amp#27;[39m Proxying [GET /] to [GET http://127.0.0.1:8200/wd/hub/session/05558cfb-4cab-4ab5-9c88-c136f1430733] with no body
[debug] &amp#27;[35m[WD Proxy]&amp#27;[39m Got response with status 200: {"sessionId":"05558cfb-4cab-4ab5-9c88-c136f1430733","value":{"lastScrollData":{"toIndex":-1,"maxScrollY":2299,"maxScrollX":0,"scrollY":2299,"scrollX":0,"fromIndex":-1,"itemCount":-1}}}
[debug] &amp#27;[35m[W3C (c8f67fea)]&amp#27;[39m Responding to client with driver.getSession() result: {"platform":"LINUX","webStorageEnabled":false,"takesScreenshot":true,"javascriptEnabled":true,"databaseEnabled":false,"networkConnectionEnabled":true,"locationContextEnabled":false,"warnings":{},"desired":{"platformName":"android","skipDeviceInitialization":true,"skipServerInstallation":false,"app":"./Resources/in.workindia.apk","appActivity":".RegisterActivity","appPackage":"in.workindia.nileshdungarwal.workindiaandroid","platformVersion":"8.1"},"platformName":"android","skipDeviceInitialization":true,"skipServerInstallation":false,"app":"./Resources/in.workindia.apk","appActivity":".RegisterActivity","appPackage":"in.workindia.nileshdungarwal.workindiaandroid","platformVersion":"8.1.0","deviceName":"emulator-5554","deviceUDID":"emulator-5554","deviceApiLevel":27,"deviceScreenSize":"1080x2160","deviceScreenDensity":440,"deviceModel":"Android SDK built for x86","deviceManufacturer":"Google","pixelRatio":2.75,"statBarHeight":66,"viewportRect":{"left":0,"top":66,"width":1080,"height":1962},"lastScrollData":{...
&amp#27;[35m[HTTP]&amp#27;[39m &amp#27;[37m<-- GET /wd/hub/session/c8f67fea-aa1e-4cc0-8af9-22de90b109c0 &amp#27;[39m&amp#27;[32m200&amp#27;[39m &amp#27;[90m15 ms - 1135&amp#27;[39m
&amp#27;[35m[HTTP]&amp#27;[39m &amp#27;[90m&amp#27;[39m
&amp#27;[35m[HTTP]&amp#27;[39m &amp#27;[37m-->&amp#27;[39m &amp#27;[37mGET&amp#27;[39m &amp#27;[37m/wd/hub/session/c8f67fea-aa1e-4cc0-8af9-22de90b109c0&amp#27;[39m
&amp#27;[35m[HTTP]&amp#27;[39m &amp#27;[90m{}&amp#27;[39m
[debug] &amp#27;[35m[W3C (c8f67fea)]&amp#27;[39m Calling AppiumDriver.getSession() with args: ["c8f67fea-aa1e-4cc0-8af9-22de90b109c0"]
[debug] &amp#27;[35m[UiAutomator2]&amp#27;[39m Getting session details from server to mix in
[debug] &amp#27;[35m[WD Proxy]&amp#27;[39m Matched '/' to command name 'getSession'
[debug] &amp#27;[35m[WD Proxy]&amp#27;[39m Proxying [GET /] to [GET http://127.0.0.1:8200/wd/hub/session/05558cfb-4cab-4ab5-9c88-c136f1430733] with no body
[debug] &amp#27;[35m[WD Proxy]&amp#27;[39m Got response with status 200: {"sessionId":"05558cfb-4cab-4ab5-9c88-c136f1430733","value":{"lastScrollData":{"toIndex":-1,"maxScrollY":2299,"maxScrollX":0,"scrollY":2299,"scrollX":0,"fromIndex":-1,"itemCount":-1}}}
[debug] &amp#27;[35m[W3C (c8f67fea)]&amp#27;[39m Responding to client with driver.getSession() result: {"platform":"LINUX","webStorageEnabled":false,"takesScreenshot":true,"javascriptEnabled":true,"databaseEnabled":false,"networkConnectionEnabled":true,"locationContextEnabled":false,"warnings":{},"desired":{"platformName":"android","skipDeviceInitialization":true,"skipServerInstallation":false,"app":"./Resources/in.workindia.apk","appActivity":".RegisterActivity","appPackage":"in.workindia.nileshdungarwal.workindiaandroid","platformVersion":"8.1"},"platformName":"android","skipDeviceInitialization":true,"skipServerInstallation":false,"app":"./Resources/in.workindia.apk","appActivity":".RegisterActivity","appPackage":"in.workindia.nileshdungarwal.workindiaandroid","platformVersion":"8.1.0","deviceName":"emulator-5554","deviceUDID":"emulator-5554","deviceApiLevel":27,"deviceScreenSize":"1080x2160","deviceScreenDensity":440,"deviceModel":"Android SDK built for x86","deviceManufacturer":"Google","pixelRatio":2.75,"statBarHeight":66,"viewportRect":{"left":0,"top":66,"width":1080,"height":1962},"lastScrollData":{...
&amp#27;[35m[HTTP]&amp#27;[39m &amp#27;[37m<-- GET /wd/hub/session/c8f67fea-aa1e-4cc0-8af9-22de90b109c0 &amp#27;[39m&amp#27;[32m200&amp#27;[39m &amp#27;[90m15 ms - 1135&amp#27;[39m
&amp#27;[35m[HTTP]&amp#27;[39m &amp#27;[90m&amp#27;[39m
&amp#27;[35m[HTTP]&amp#27;[39m &amp#27;[37m-->&amp#27;[39m &amp#27;[37mPOST&amp#27;[39m &amp#27;[37m/wd/hub/session/c8f67fea-aa1e-4cc0-8af9-22de90b109c0/element&amp#27;[39m
&amp#27;[35m[HTTP]&amp#27;[39m &amp#27;[90m{"using":"id","value":"in.workindia.nileshdungarwal.workindiaandroid:id/tv_profile_heading"}&amp#27;[39m
[debug] &amp#27;[35m[W3C (c8f67fea)]&amp#27;[39m Calling AppiumDriver.findElement() with args: ["id","in.workindia.nileshdungarwal.workindiaandroid:id/tv_profile_heading","c8f67fea-aa1e-4cc0-8af9-22de90b109c0"]
[debug] &amp#27;[35m[BaseDriver]&amp#27;[39m Valid locator strategies for this request: xpath, id, class name, accessibility id, css selector, -android uiautomator
[debug] &amp#27;[35m[BaseDriver]&amp#27;[39m Waiting up to 50000 ms for condition
[debug] &amp#27;[35m[WD Proxy]&amp#27;[39m Matched '/element' to command name 'findElement'
[debug] &amp#27;[35m[WD Proxy]&amp#27;[39m Proxying [POST /element] to [POST http://127.0.0.1:8200/wd/hub/session/05558cfb-4cab-4ab5-9c88-c136f1430733/element] with body: {"strategy":"id","selector":"in.workindia.nileshdungarwal.workindiaandroid:id/tv_profile_heading","context":"","multiple":false}
&amp#27;[35m[WD Proxy]&amp#27;[39m Got response with status 404: {"sessionId":"05558cfb-4cab-4ab5-9c88-c136f1430733","value":{"error":"no such element","message":"An element could not be located on the page using the given search parameters","stacktrace":"io.appium.uiautomator2.common.exceptions.ElementNotFoundException: An element could not be located on the page using the given search parameters\n\tat io.appium.uiautomator2.handler.FindElement.safeHandle(FindElement.java:73)\n\tat io.appium.uiautomator2.handler.request.SafeRequestHandler.handle(SafeRequestHandler.java:41)\n\tat io.appium.uiautomator2.server.AppiumServlet.handleRequest(AppiumServlet.java:261)\n\tat io.appium.uiautomator2.server.AppiumServlet.handleHttpRequest(AppiumServlet.java:255)\n\tat io.appium.uiautomator2.http.ServerHandler.channelRead(ServerHandler.java:68)\n\tat io.netty.channel.AbstractChannelHandlerContext.invokeChannelRead(AbstractChannelHandlerContext.java:366)\n\tat io.netty.channel.AbstractChannelHandlerContext.invokeChannelRead(AbstractChannelHandlerContext.java:352)\n\tat io.netty.chann...
[debug] &amp#27;[35m[W3C]&amp#27;[39m Matched W3C error code 'no such element' to NoSuchElementError
[debug] &amp#27;[35m[BaseDriver]&amp#27;[39m Waited for 342 ms so far
[debug] &amp#27;[35m[WD Proxy]&amp#27;[39m Matched '/element' to command name 'findElement'
[debug] &amp#27;[35m[WD Proxy]&amp#27;[39m Proxying [POST /element] to [POST http://127.0.0.1:8200/wd/hub/session/05558cfb-4cab-4ab5-9c88-c136f1430733/element] with body: {"strategy":"id","selector":"in.workindia.nileshdungarwal.workindiaandroid:id/tv_profile_heading","context":"","multiple":false}
&amp#27;[35m[WD Proxy]&amp#27;[39m Got response with status 404: {"sessionId":"05558cfb-4cab-4ab5-9c88-c136f1430733","value":{"error":"no such element","message":"An element could not be located on the page using the given search parameters","stacktrace":"io.appium.uiautomator2.common.exceptions.ElementNotFoundException: An element could not be located on the page using the given search parameters\n\tat io.appium.uiautomator2.handler.FindElement.safeHandle(FindElement.java:73)\n\tat io.appium.uiautomator2.handler.request.SafeRequestHandler.handle(SafeRequestHandler.java:41)\n\tat io.appium.uiautomator2.server.AppiumServlet.handleRequest(AppiumServlet.java:261)\n\tat io.appium.uiautomator2.server.AppiumServlet.handleHttpRequest(AppiumServlet.java:255)\n\tat io.appium.uiautomator2.http.ServerHandler.channelRead(ServerHandler.java:68)\n\tat io.netty.channel.AbstractChannelHandlerContext.invokeChannelRead(AbstractChannelHandlerContext.java:366)\n\tat io.netty.channel.AbstractChannelHandlerContext.invokeChannelRead(AbstractChannelHandlerContext.java:352)\n\tat io.netty.chann...
[debug] &amp#27;[35m[W3C]&amp#27;[39m Matched W3C error code 'no such element' to NoSuchElementError
[debug] &amp#27;[35m[BaseDriver]&amp#27;[39m Waited for 1600 ms so far
[debug] &amp#27;[35m[WD Proxy]&amp#27;[39m Matched '/element' to command name 'findElement'
[debug] &amp#27;[35m[WD Proxy]&amp#27;[39m Proxying [POST /element] to [POST http://127.0.0.1:8200/wd/hub/session/05558cfb-4cab-4ab5-9c88-c136f1430733/element] with body: {"strategy":"id","selector":"in.workindia.nileshdungarwal.workindiaandroid:id/tv_profile_heading","context":"","multiple":false}
[debug] &amp#27;[35m[WD Proxy]&amp#27;[39m Got response with status 200: {"sessionId":"05558cfb-4cab-4ab5-9c88-c136f1430733","value":{"ELEMENT":"56803a4b-06c0-4ca5-9302-643dae1a7e3c","element-6066-11e4-a52e-4f735466cecf":"56803a4b-06c0-4ca5-9302-643dae1a7e3c"}}
[debug] &amp#27;[35m[W3C (c8f67fea)]&amp#27;[39m Responding to client with driver.findElement() result: {"element-6066-11e4-a52e-4f735466cecf":"56803a4b-06c0-4ca5-9302-643dae1a7e3c","ELEMENT":"56803a4b-06c0-4ca5-9302-643dae1a7e3c"}
&amp#27;[35m[HTTP]&amp#27;[39m &amp#27;[37m<-- POST /wd/hub/session/c8f67fea-aa1e-4cc0-8af9-22de90b109c0/element &amp#27;[39m&amp#27;[32m200&amp#27;[39m &amp#27;[90m2312 ms - 137&amp#27;[39m
&amp#27;[35m[HTTP]&amp#27;[39m &amp#27;[90m&amp#27;[39m
&amp#27;[35m[HTTP]&amp#27;[39m &amp#27;[37m-->&amp#27;[39m &amp#27;[37mGET&amp#27;[39m &amp#27;[37m/wd/hub/session/c8f67fea-aa1e-4cc0-8af9-22de90b109c0/element/56803a4b-06c0-4ca5-9302-643dae1a7e3c/text&amp#27;[39m
&amp#27;[35m[HTTP]&amp#27;[39m &amp#27;[90m{}&amp#27;[39m
&amp#27;[35m[W3C (c8f67fea)]&amp#27;[39m Driver proxy active, passing request on via HTTP proxy
[debug] &amp#27;[35m[WD Proxy]&amp#27;[39m Matched '/wd/hub/session/c8f67fea-aa1e-4cc0-8af9-22de90b109c0/element/56803a4b-06c0-4ca5-9302-643dae1a7e3c/text' to command name 'getText'
[debug] &amp#27;[35m[WD Proxy]&amp#27;[39m Proxying [GET /wd/hub/session/c8f67fea-aa1e-4cc0-8af9-22de90b109c0/element/56803a4b-06c0-4ca5-9302-643dae1a7e3c/text] to [GET http://127.0.0.1:8200/wd/hub/session/05558cfb-4cab-4ab5-9c88-c136f1430733/element/56803a4b-06c0-4ca5-9302-643dae1a7e3c/text] with no body
[debug] &amp#27;[35m[WD Proxy]&amp#27;[39m Got response with status 200: {"sessionId":"05558cfb-4cab-4ab5-9c88-c136f1430733","value":"Sobhit,\nAapke Bare Me Bataye"}
&amp#27;[35m[WD Proxy]&amp#27;[39m Replacing sessionId 05558cfb-4cab-4ab5-9c88-c136f1430733 with c8f67fea-aa1e-4cc0-8af9-22de90b109c0
&amp#27;[35m[HTTP]&amp#27;[39m &amp#27;[37m<-- GET /wd/hub/session/c8f67fea-aa1e-4cc0-8af9-22de90b109c0/element/56803a4b-06c0-4ca5-9302-643dae1a7e3c/text &amp#27;[39m&amp#27;[32m200&amp#27;[39m &amp#27;[90m22 ms - 92&amp#27;[39m
&amp#27;[35m[HTTP]&amp#27;[39m &amp#27;[90m&amp#27;[39m
&amp#27;[35m[HTTP]&amp#27;[39m &amp#27;[37m-->&amp#27;[39m &amp#27;[37mGET&amp#27;[39m &amp#27;[37m/wd/hub/session/c8f67fea-aa1e-4cc0-8af9-22de90b109c0&amp#27;[39m
&amp#27;[35m[HTTP]&amp#27;[39m &amp#27;[90m{}&amp#27;[39m
[debug] &amp#27;[35m[W3C (c8f67fea)]&amp#27;[39m Calling AppiumDriver.getSession() with args: ["c8f67fea-aa1e-4cc0-8af9-22de90b109c0"]
[debug] &amp#27;[35m[UiAutomator2]&amp#27;[39m Getting session details from server to mix in
[debug] &amp#27;[35m[WD Proxy]&amp#27;[39m Matched '/' to command name 'getSession'
[debug] &amp#27;[35m[WD Proxy]&amp#27;[39m Proxying [GET /] to [GET http://127.0.0.1:8200/wd/hub/session/05558cfb-4cab-4ab5-9c88-c136f1430733] with no body
[debug] &amp#27;[35m[WD Proxy]&amp#27;[39m Got response with status 200: {"sessionId":"05558cfb-4cab-4ab5-9c88-c136f1430733","value":{"lastScrollData":{"toIndex":-1,"maxScrollY":2299,"maxScrollX":0,"scrollY":2299,"scrollX":0,"fromIndex":-1,"itemCount":-1}}}
[debug] &amp#27;[35m[W3C (c8f67fea)]&amp#27;[39m Responding to client with driver.getSession() result: {"platform":"LINUX","webStorageEnabled":false,"takesScreenshot":true,"javascriptEnabled":true,"databaseEnabled":false,"networkConnectionEnabled":true,"locationContextEnabled":false,"warnings":{},"desired":{"platformName":"android","skipDeviceInitialization":true,"skipServerInstallation":false,"app":"./Resources/in.workindia.apk","appActivity":".RegisterActivity","appPackage":"in.workindia.nileshdungarwal.workindiaandroid","platformVersion":"8.1"},"platformName":"android","skipDeviceInitialization":true,"skipServerInstallation":false,"app":"./Resources/in.workindia.apk","appActivity":".RegisterActivity","appPackage":"in.workindia.nileshdungarwal.workindiaandroid","platformVersion":"8.1.0","deviceName":"emulator-5554","deviceUDID":"emulator-5554","deviceApiLevel":27,"deviceScreenSize":"1080x2160","deviceScreenDensity":440,"deviceModel":"Android SDK built for x86","deviceManufacturer":"Google","pixelRatio":2.75,"statBarHeight":66,"viewportRect":{"left":0,"top":66,"width":1080,"height":1962},"lastScrollData":{...
&amp#27;[35m[HTTP]&amp#27;[39m &amp#27;[37m<-- GET /wd/hub/session/c8f67fea-aa1e-4cc0-8af9-22de90b109c0 &amp#27;[39m&amp#27;[32m200&amp#27;[39m &amp#27;[90m22 ms - 1135&amp#27;[39m
&amp#27;[35m[HTTP]&amp#27;[39m &amp#27;[90m&amp#27;[39m
&amp#27;[35m[HTTP]&amp#27;[39m &amp#27;[37m-->&amp#27;[39m &amp#27;[37mPOST&amp#27;[39m &amp#27;[37m/wd/hub/session/c8f67fea-aa1e-4cc0-8af9-22de90b109c0/element&amp#27;[39m
&amp#27;[35m[HTTP]&amp#27;[39m &amp#27;[90m{"using":"id","value":"in.workindia.nileshdungarwal.workindiaandroid:id/et_skill_1"}&amp#27;[39m
[debug] &amp#27;[35m[W3C (c8f67fea)]&amp#27;[39m Calling AppiumDriver.findElement() with args: ["id","in.workindia.nileshdungarwal.workindiaandroid:id/et_skill_1","c8f67fea-aa1e-4cc0-8af9-22de90b109c0"]
[debug] &amp#27;[35m[BaseDriver]&amp#27;[39m Valid locator strategies for this request: xpath, id, class name, accessibility id, css selector, -android uiautomator
[debug] &amp#27;[35m[BaseDriver]&amp#27;[39m Waiting up to 50000 ms for condition
[debug] &amp#27;[35m[WD Proxy]&amp#27;[39m Matched '/element' to command name 'findElement'
[debug] &amp#27;[35m[WD Proxy]&amp#27;[39m Proxying [POST /element] to [POST http://127.0.0.1:8200/wd/hub/session/05558cfb-4cab-4ab5-9c88-c136f1430733/element] with body: {"strategy":"id","selector":"in.workindia.nileshdungarwal.workindiaandroid:id/et_skill_1","context":"","multiple":false}
[debug] &amp#27;[35m[WD Proxy]&amp#27;[39m Got response with status 200: {"sessionId":"05558cfb-4cab-4ab5-9c88-c136f1430733","value":{"ELEMENT":"5b825e3f-d77e-4099-8bc5-a6a79d823fd0","element-6066-11e4-a52e-4f735466cecf":"5b825e3f-d77e-4099-8bc5-a6a79d823fd0"}}
[debug] &amp#27;[35m[W3C (c8f67fea)]&amp#27;[39m Responding to client with driver.findElement() result: {"element-6066-11e4-a52e-4f735466cecf":"5b825e3f-d77e-4099-8bc5-a6a79d823fd0","ELEMENT":"5b825e3f-d77e-4099-8bc5-a6a79d823fd0"}
&amp#27;[35m[HTTP]&amp#27;[39m &amp#27;[37m<-- POST /wd/hub/session/c8f67fea-aa1e-4cc0-8af9-22de90b109c0/element &amp#27;[39m&amp#27;[32m200&amp#27;[39m &amp#27;[90m33 ms - 137&amp#27;[39m
&amp#27;[35m[HTTP]&amp#27;[39m &amp#27;[90m&amp#27;[39m
&amp#27;[35m[HTTP]&amp#27;[39m &amp#27;[37m-->&amp#27;[39m &amp#27;[37mPOST&amp#27;[39m &amp#27;[37m/wd/hub/session/c8f67fea-aa1e-4cc0-8af9-22de90b109c0/element/5b825e3f-d77e-4099-8bc5-a6a79d823fd0/click&amp#27;[39m
&amp#27;[35m[HTTP]&amp#27;[39m &amp#27;[90m{"id":"5b825e3f-d77e-4099-8bc5-a6a79d823fd0"}&amp#27;[39m
[debug] &amp#27;[35m[W3C (c8f67fea)]&amp#27;[39m Calling AppiumDriver.click() with args: ["5b825e3f-d77e-4099-8bc5-a6a79d823fd0","c8f67fea-aa1e-4cc0-8af9-22de90b109c0"]
[debug] &amp#27;[35m[WD Proxy]&amp#27;[39m Matched '/element/5b825e3f-d77e-4099-8bc5-a6a79d823fd0/click' to command name 'click'
[debug] &amp#27;[35m[WD Proxy]&amp#27;[39m Proxying [POST /element/5b825e3f-d77e-4099-8bc5-a6a79d823fd0/click] to [POST http://127.0.0.1:8200/wd/hub/session/05558cfb-4cab-4ab5-9c88-c136f1430733/element/5b825e3f-d77e-4099-8bc5-a6a79d823fd0/click] with body: {"element":"5b825e3f-d77e-4099-8bc5-a6a79d823fd0"}
[debug] &amp#27;[35m[WD Proxy]&amp#27;[39m Got response with status 200: {"sessionId":"05558cfb-4cab-4ab5-9c88-c136f1430733","value":null}
[debug] &amp#27;[35m[W3C (c8f67fea)]&amp#27;[39m Responding to client with driver.click() result: null
&amp#27;[35m[HTTP]&amp#27;[39m &amp#27;[37m<-- POST /wd/hub/session/c8f67fea-aa1e-4cc0-8af9-22de90b109c0/element/5b825e3f-d77e-4099-8bc5-a6a79d823fd0/click &amp#27;[39m&amp#27;[32m200&amp#27;[39m &amp#27;[90m33 ms - 14&amp#27;[39m
&amp#27;[35m[HTTP]&amp#27;[39m &amp#27;[90m&amp#27;[39m
&amp#27;[35m[HTTP]&amp#27;[39m &amp#27;[37m-->&amp#27;[39m &amp#27;[37mPOST&amp#27;[39m &amp#27;[37m/wd/hub/session/c8f67fea-aa1e-4cc0-8af9-22de90b109c0/timeouts&amp#27;[39m
&amp#27;[35m[HTTP]&amp#27;[39m &amp#27;[90m{"implicit":50000}&amp#27;[39m
[debug] &amp#27;[35m[W3C (c8f67fea)]&amp#27;[39m Calling AppiumDriver.timeouts() with args: [null,null,null,null,50000,"c8f67fea-aa1e-4cc0-8af9-22de90b109c0"]
[debug] &amp#27;[35m[BaseDriver]&amp#27;[39m W3C timeout argument: {"implicit":50000}}
[debug] &amp#27;[35m[BaseDriver]&amp#27;[39m Set implicit wait to 50000ms
[debug] &amp#27;[35m[W3C (c8f67fea)]&amp#27;[39m Responding to client with driver.timeouts() result: null
&amp#27;[35m[HTTP]&amp#27;[39m &amp#27;[37m<-- POST /wd/hub/session/c8f67fea-aa1e-4cc0-8af9-22de90b109c0/timeouts &amp#27;[39m&amp#27;[32m200&amp#27;[39m &amp#27;[90m3 ms - 14&amp#27;[39m
&amp#27;[35m[HTTP]&amp#27;[39m &amp#27;[90m&amp#27;[39m
&amp#27;[35m[HTTP]&amp#27;[39m &amp#27;[37m-->&amp#27;[39m &amp#27;[37mGET&amp#27;[39m &amp#27;[37m/wd/hub/session/c8f67fea-aa1e-4cc0-8af9-22de90b109c0&amp#27;[39m
&amp#27;[35m[HTTP]&amp#27;[39m &amp#27;[90m{}&amp#27;[39m
[debug] &amp#27;[35m[W3C (c8f67fea)]&amp#27;[39m Calling AppiumDriver.getSession() with args: ["c8f67fea-aa1e-4cc0-8af9-22de90b109c0"]
[debug] &amp#27;[35m[UiAutomator2]&amp#27;[39m Getting session details from server to mix in
[debug] &amp#27;[35m[WD Proxy]&amp#27;[39m Matched '/' to command name 'getSession'
[debug] &amp#27;[35m[WD Proxy]&amp#27;[39m Proxying [GET /] to [GET http://127.0.0.1:8200/wd/hub/session/05558cfb-4cab-4ab5-9c88-c136f1430733] with no body
[debug] &amp#27;[35m[WD Proxy]&amp#27;[39m Got response with status 200: {"sessionId":"05558cfb-4cab-4ab5-9c88-c136f1430733","value":{"lastScrollData":{"toIndex":-1,"maxScrollY":2299,"maxScrollX":0,"scrollY":2299,"scrollX":0,"fromIndex":-1,"itemCount":-1}}}
[debug] &amp#27;[35m[W3C (c8f67fea)]&amp#27;[39m Responding to client with driver.getSession() result: {"platform":"LINUX","webStorageEnabled":false,"takesScreenshot":true,"javascriptEnabled":true,"databaseEnabled":false,"networkConnectionEnabled":true,"locationContextEnabled":false,"warnings":{},"desired":{"platformName":"android","skipDeviceInitialization":true,"skipServerInstallation":false,"app":"./Resources/in.workindia.apk","appActivity":".RegisterActivity","appPackage":"in.workindia.nileshdungarwal.workindiaandroid","platformVersion":"8.1"},"platformName":"android","skipDeviceInitialization":true,"skipServerInstallation":false,"app":"./Resources/in.workindia.apk","appActivity":".RegisterActivity","appPackage":"in.workindia.nileshdungarwal.workindiaandroid","platformVersion":"8.1.0","deviceName":"emulator-5554","deviceUDID":"emulator-5554","deviceApiLevel":27,"deviceScreenSize":"1080x2160","deviceScreenDensity":440,"deviceModel":"Android SDK built for x86","deviceManufacturer":"Google","pixelRatio":2.75,"statBarHeight":66,"viewportRect":{"left":0,"top":66,"width":1080,"height":1962},"lastScrollData":{...
&amp#27;[35m[HTTP]&amp#27;[39m &amp#27;[37m<-- GET /wd/hub/session/c8f67fea-aa1e-4cc0-8af9-22de90b109c0 &amp#27;[39m&amp#27;[32m200&amp#27;[39m &amp#27;[90m24 ms - 1135&amp#27;[39m
&amp#27;[35m[HTTP]&amp#27;[39m &amp#27;[90m&amp#27;[39m
&amp#27;[35m[HTTP]&amp#27;[39m &amp#27;[37m-->&amp#27;[39m &amp#27;[37mPOST&amp#27;[39m &amp#27;[37m/wd/hub/session/c8f67fea-aa1e-4cc0-8af9-22de90b109c0/element&amp#27;[39m
&amp#27;[35m[HTTP]&amp#27;[39m &amp#27;[90m{"using":"xpath","value":"//android.widget.LinearLayout[1]/android.widget.LinearLayout/android.widget.LinearLayout/android.widget.CheckBox"}&amp#27;[39m
[debug] &amp#27;[35m[W3C (c8f67fea)]&amp#27;[39m Calling AppiumDriver.findElement() with args: ["xpath","//android.widget.LinearLayout[1]/android.widget.LinearLayout/android.widget.LinearLayout/android.widget.CheckBox","c8f67fea-aa1e-4cc0-8af9-22de90b109c0"]
[debug] &amp#27;[35m[BaseDriver]&amp#27;[39m Valid locator strategies for this request: xpath, id, class name, accessibility id, css selector, -android uiautomator
[debug] &amp#27;[35m[BaseDriver]&amp#27;[39m Waiting up to 50000 ms for condition
[debug] &amp#27;[35m[WD Proxy]&amp#27;[39m Matched '/element' to command name 'findElement'
[debug] &amp#27;[35m[WD Proxy]&amp#27;[39m Proxying [POST /element] to [POST http://127.0.0.1:8200/wd/hub/session/05558cfb-4cab-4ab5-9c88-c136f1430733/element] with body: {"strategy":"xpath","selector":"//android.widget.LinearLayout[1]/android.widget.LinearLayout/android.widget.LinearLayout/android.widget.CheckBox","context":"","multiple":false}
[debug] &amp#27;[35m[WD Proxy]&amp#27;[39m Got response with status 200: {"sessionId":"05558cfb-4cab-4ab5-9c88-c136f1430733","value":{"ELEMENT":"770d2c59-073f-4d11-9b41-73eb402ed618","element-6066-11e4-a52e-4f735466cecf":"770d2c59-073f-4d11-9b41-73eb402ed618"}}
[debug] &amp#27;[35m[W3C (c8f67fea)]&amp#27;[39m Responding to client with driver.findElement() result: {"element-6066-11e4-a52e-4f735466cecf":"770d2c59-073f-4d11-9b41-73eb402ed618","ELEMENT":"770d2c59-073f-4d11-9b41-73eb402ed618"}
&amp#27;[35m[HTTP]&amp#27;[39m &amp#27;[37m<-- POST /wd/hub/session/c8f67fea-aa1e-4cc0-8af9-22de90b109c0/element &amp#27;[39m&amp#27;[32m200&amp#27;[39m &amp#27;[90m625 ms - 137&amp#27;[39m
&amp#27;[35m[HTTP]&amp#27;[39m &amp#27;[90m&amp#27;[39m
&amp#27;[35m[HTTP]&amp#27;[39m &amp#27;[37m-->&amp#27;[39m &amp#27;[37mPOST&amp#27;[39m &amp#27;[37m/wd/hub/session/c8f67fea-aa1e-4cc0-8af9-22de90b109c0/element/770d2c59-073f-4d11-9b41-73eb402ed618/click&amp#27;[39m
&amp#27;[35m[HTTP]&amp#27;[39m &amp#27;[90m{"id":"770d2c59-073f-4d11-9b41-73eb402ed618"}&amp#27;[39m
[debug] &amp#27;[35m[W3C (c8f67fea)]&amp#27;[39m Calling AppiumDriver.click() with args: ["770d2c59-073f-4d11-9b41-73eb402ed618","c8f67fea-aa1e-4cc0-8af9-22de90b109c0"]
[debug] &amp#27;[35m[WD Proxy]&amp#27;[39m Matched '/element/770d2c59-073f-4d11-9b41-73eb402ed618/click' to command name 'click'
[debug] &amp#27;[35m[WD Proxy]&amp#27;[39m Proxying [POST /element/770d2c59-073f-4d11-9b41-73eb402ed618/click] to [POST http://127.0.0.1:8200/wd/hub/session/05558cfb-4cab-4ab5-9c88-c136f1430733/element/770d2c59-073f-4d11-9b41-73eb402ed618/click] with body: {"element":"770d2c59-073f-4d11-9b41-73eb402ed618"}
[debug] &amp#27;[35m[WD Proxy]&amp#27;[39m Got response with status 200: {"sessionId":"05558cfb-4cab-4ab5-9c88-c136f1430733","value":null}
[debug] &amp#27;[35m[W3C (c8f67fea)]&amp#27;[39m Responding to client with driver.click() result: null
&amp#27;[35m[HTTP]&amp#27;[39m &amp#27;[37m<-- POST /wd/hub/session/c8f67fea-aa1e-4cc0-8af9-22de90b109c0/element/770d2c59-073f-4d11-9b41-73eb402ed618/click &amp#27;[39m&amp#27;[32m200&amp#27;[39m &amp#27;[90m395 ms - 14&amp#27;[39m
&amp#27;[35m[HTTP]&amp#27;[39m &amp#27;[90m&amp#27;[39m
&amp#27;[35m[HTTP]&amp#27;[39m &amp#27;[37m-->&amp#27;[39m &amp#27;[37mGET&amp#27;[39m &amp#27;[37m/wd/hub/session/c8f67fea-aa1e-4cc0-8af9-22de90b109c0&amp#27;[39m
&amp#27;[35m[HTTP]&amp#27;[39m &amp#27;[90m{}&amp#27;[39m
[debug] &amp#27;[35m[W3C (c8f67fea)]&amp#27;[39m Calling AppiumDriver.getSession() with args: ["c8f67fea-aa1e-4cc0-8af9-22de90b109c0"]
[debug] &amp#27;[35m[UiAutomator2]&amp#27;[39m Getting session details from server to mix in
[debug] &amp#27;[35m[WD Proxy]&amp#27;[39m Matched '/' to command name 'getSession'
[debug] &amp#27;[35m[WD Proxy]&amp#27;[39m Proxying [GET /] to [GET http://127.0.0.1:8200/wd/hub/session/05558cfb-4cab-4ab5-9c88-c136f1430733] with no body
[debug] &amp#27;[35m[WD Proxy]&amp#27;[39m Got response with status 200: {"sessionId":"05558cfb-4cab-4ab5-9c88-c136f1430733","value":{"lastScrollData":{"toIndex":-1,"maxScrollY":2299,"maxScrollX":0,"scrollY":2299,"scrollX":0,"fromIndex":-1,"itemCount":-1}}}
[debug] &amp#27;[35m[W3C (c8f67fea)]&amp#27;[39m Responding to client with driver.getSession() result: {"platform":"LINUX","webStorageEnabled":false,"takesScreenshot":true,"javascriptEnabled":true,"databaseEnabled":false,"networkConnectionEnabled":true,"locationContextEnabled":false,"warnings":{},"desired":{"platformName":"android","skipDeviceInitialization":true,"skipServerInstallation":false,"app":"./Resources/in.workindia.apk","appActivity":".RegisterActivity","appPackage":"in.workindia.nileshdungarwal.workindiaandroid","platformVersion":"8.1"},"platformName":"android","skipDeviceInitialization":true,"skipServerInstallation":false,"app":"./Resources/in.workindia.apk","appActivity":".RegisterActivity","appPackage":"in.workindia.nileshdungarwal.workindiaandroid","platformVersion":"8.1.0","deviceName":"emulator-5554","deviceUDID":"emulator-5554","deviceApiLevel":27,"deviceScreenSize":"1080x2160","deviceScreenDensity":440,"deviceModel":"Android SDK built for x86","deviceManufacturer":"Google","pixelRatio":2.75,"statBarHeight":66,"viewportRect":{"left":0,"top":66,"width":1080,"height":1962},"lastScrollData":{...
&amp#27;[35m[HTTP]&amp#27;[39m &amp#27;[37m<-- GET /wd/hub/session/c8f67fea-aa1e-4cc0-8af9-22de90b109c0 &amp#27;[39m&amp#27;[32m200&amp#27;[39m &amp#27;[90m21 ms - 1135&amp#27;[39m
&amp#27;[35m[HTTP]&amp#27;[39m &amp#27;[90m&amp#27;[39m
&amp#27;[35m[HTTP]&amp#27;[39m &amp#27;[37m-->&amp#27;[39m &amp#27;[37mPOST&amp#27;[39m &amp#27;[37m/wd/hub/session/c8f67fea-aa1e-4cc0-8af9-22de90b109c0/element&amp#27;[39m
&amp#27;[35m[HTTP]&amp#27;[39m &amp#27;[90m{"using":"xpath","value":"//android.widget.LinearLayout[2]/android.widget.LinearLayout/android.widget.LinearLayout/android.widget.CheckBox"}&amp#27;[39m
[debug] &amp#27;[35m[W3C (c8f67fea)]&amp#27;[39m Calling AppiumDriver.findElement() with args: ["xpath","//android.widget.LinearLayout[2]/android.widget.LinearLayout/android.widget.LinearLayout/android.widget.CheckBox","c8f67fea-aa1e-4cc0-8af9-22de90b109c0"]
[debug] &amp#27;[35m[BaseDriver]&amp#27;[39m Valid locator strategies for this request: xpath, id, class name, accessibility id, css selector, -android uiautomator
[debug] &amp#27;[35m[BaseDriver]&amp#27;[39m Waiting up to 50000 ms for condition
[debug] &amp#27;[35m[WD Proxy]&amp#27;[39m Matched '/element' to command name 'findElement'
[debug] &amp#27;[35m[WD Proxy]&amp#27;[39m Proxying [POST /element] to [POST http://127.0.0.1:8200/wd/hub/session/05558cfb-4cab-4ab5-9c88-c136f1430733/element] with body: {"strategy":"xpath","selector":"//android.widget.LinearLayout[2]/android.widget.LinearLayout/android.widget.LinearLayout/android.widget.CheckBox","context":"","multiple":false}
[debug] &amp#27;[35m[WD Proxy]&amp#27;[39m Got response with status 200: {"sessionId":"05558cfb-4cab-4ab5-9c88-c136f1430733","value":{"ELEMENT":"5afc3fb6-41a5-4fd7-9fde-e3cbf681464f","element-6066-11e4-a52e-4f735466cecf":"5afc3fb6-41a5-4fd7-9fde-e3cbf681464f"}}
[debug] &amp#27;[35m[W3C (c8f67fea)]&amp#27;[39m Responding to client with driver.findElement() result: {"element-6066-11e4-a52e-4f735466cecf":"5afc3fb6-41a5-4fd7-9fde-e3cbf681464f","ELEMENT":"5afc3fb6-41a5-4fd7-9fde-e3cbf681464f"}
&amp#27;[35m[HTTP]&amp#27;[39m &amp#27;[37m<-- POST /wd/hub/session/c8f67fea-aa1e-4cc0-8af9-22de90b109c0/element &amp#27;[39m&amp#27;[32m200&amp#27;[39m &amp#27;[90m657 ms - 137&amp#27;[39m
&amp#27;[35m[HTTP]&amp#27;[39m &amp#27;[90m&amp#27;[39m
&amp#27;[35m[HTTP]&amp#27;[39m &amp#27;[37m-->&amp#27;[39m &amp#27;[37mPOST&amp#27;[39m &amp#27;[37m/wd/hub/session/c8f67fea-aa1e-4cc0-8af9-22de90b109c0/element/5afc3fb6-41a5-4fd7-9fde-e3cbf681464f/click&amp#27;[39m
&amp#27;[35m[HTTP]&amp#27;[39m &amp#27;[90m{"id":"5afc3fb6-41a5-4fd7-9fde-e3cbf681464f"}&amp#27;[39m
[debug] &amp#27;[35m[W3C (c8f67fea)]&amp#27;[39m Calling AppiumDriver.click() with args: ["5afc3fb6-41a5-4fd7-9fde-e3cbf681464f","c8f67fea-aa1e-4cc0-8af9-22de90b109c0"]
[debug] &amp#27;[35m[WD Proxy]&amp#27;[39m Matched '/element/5afc3fb6-41a5-4fd7-9fde-e3cbf681464f/click' to command name 'click'
[debug] &amp#27;[35m[WD Proxy]&amp#27;[39m Proxying [POST /element/5afc3fb6-41a5-4fd7-9fde-e3cbf681464f/click] to [POST http://127.0.0.1:8200/wd/hub/session/05558cfb-4cab-4ab5-9c88-c136f1430733/element/5afc3fb6-41a5-4fd7-9fde-e3cbf681464f/click] with body: {"element":"5afc3fb6-41a5-4fd7-9fde-e3cbf681464f"}
[debug] &amp#27;[35m[WD Proxy]&amp#27;[39m Got response with status 200: {"sessionId":"05558cfb-4cab-4ab5-9c88-c136f1430733","value":null}
[debug] &amp#27;[35m[W3C (c8f67fea)]&amp#27;[39m Responding to client with driver.click() result: null
&amp#27;[35m[HTTP]&amp#27;[39m &amp#27;[37m<-- POST /wd/hub/session/c8f67fea-aa1e-4cc0-8af9-22de90b109c0/element/5afc3fb6-41a5-4fd7-9fde-e3cbf681464f/click &amp#27;[39m&amp#27;[32m200&amp#27;[39m &amp#27;[90m53 ms - 14&amp#27;[39m
&amp#27;[35m[HTTP]&amp#27;[39m &amp#27;[90m&amp#27;[39m
&amp#27;[35m[HTTP]&amp#27;[39m &amp#27;[37m-->&amp#27;[39m &amp#27;[37mGET&amp#27;[39m &amp#27;[37m/wd/hub/session/c8f67fea-aa1e-4cc0-8af9-22de90b109c0&amp#27;[39m
&amp#27;[35m[HTTP]&amp#27;[39m &amp#27;[90m{}&amp#27;[39m
[debug] &amp#27;[35m[W3C (c8f67fea)]&amp#27;[39m Calling AppiumDriver.getSession() with args: ["c8f67fea-aa1e-4cc0-8af9-22de90b109c0"]
[debug] &amp#27;[35m[UiAutomator2]&amp#27;[39m Getting session details from server to mix in
[debug] &amp#27;[35m[WD Proxy]&amp#27;[39m Matched '/' to command name 'getSession'
[debug] &amp#27;[35m[WD Proxy]&amp#27;[39m Proxying [GET /] to [GET http://127.0.0.1:8200/wd/hub/session/05558cfb-4cab-4ab5-9c88-c136f1430733] with no body
[debug] &amp#27;[35m[WD Proxy]&amp#27;[39m Got response with status 200: {"sessionId":"05558cfb-4cab-4ab5-9c88-c136f1430733","value":{"lastScrollData":{"toIndex":-1,"maxScrollY":2299,"maxScrollX":0,"scrollY":2299,"scrollX":0,"fromIndex":-1,"itemCount":-1}}}
[debug] &amp#27;[35m[W3C (c8f67fea)]&amp#27;[39m Responding to client with driver.getSession() result: {"platform":"LINUX","webStorageEnabled":false,"takesScreenshot":true,"javascriptEnabled":true,"databaseEnabled":false,"networkConnectionEnabled":true,"locationContextEnabled":false,"warnings":{},"desired":{"platformName":"android","skipDeviceInitialization":true,"skipServerInstallation":false,"app":"./Resources/in.workindia.apk","appActivity":".RegisterActivity","appPackage":"in.workindia.nileshdungarwal.workindiaandroid","platformVersion":"8.1"},"platformName":"android","skipDeviceInitialization":true,"skipServerInstallation":false,"app":"./Resources/in.workindia.apk","appActivity":".RegisterActivity","appPackage":"in.workindia.nileshdungarwal.workindiaandroid","platformVersion":"8.1.0","deviceName":"emulator-5554","deviceUDID":"emulator-5554","deviceApiLevel":27,"deviceScreenSize":"1080x2160","deviceScreenDensity":440,"deviceModel":"Android SDK built for x86","deviceManufacturer":"Google","pixelRatio":2.75,"statBarHeight":66,"viewportRect":{"left":0,"top":66,"width":1080,"height":1962},"lastScrollData":{...
&amp#27;[35m[HTTP]&amp#27;[39m &amp#27;[37m<-- GET /wd/hub/session/c8f67fea-aa1e-4cc0-8af9-22de90b109c0 &amp#27;[39m&amp#27;[32m200&amp#27;[39m &amp#27;[90m14 ms - 1135&amp#27;[39m
&amp#27;[35m[HTTP]&amp#27;[39m &amp#27;[90m&amp#27;[39m
&amp#27;[35m[HTTP]&amp#27;[39m &amp#27;[37m-->&amp#27;[39m &amp#27;[37mPOST&amp#27;[39m &amp#27;[37m/wd/hub/session/c8f67fea-aa1e-4cc0-8af9-22de90b109c0/element&amp#27;[39m
&amp#27;[35m[HTTP]&amp#27;[39m &amp#27;[90m{"using":"id","value":"android:id/button1"}&amp#27;[39m
[debug] &amp#27;[35m[W3C (c8f67fea)]&amp#27;[39m Calling AppiumDriver.findElement() with args: ["id","android:id/button1","c8f67fea-aa1e-4cc0-8af9-22de90b109c0"]
[debug] &amp#27;[35m[BaseDriver]&amp#27;[39m Valid locator strategies for this request: xpath, id, class name, accessibility id, css selector, -android uiautomator
[debug] &amp#27;[35m[BaseDriver]&amp#27;[39m Waiting up to 50000 ms for condition
[debug] &amp#27;[35m[WD Proxy]&amp#27;[39m Matched '/element' to command name 'findElement'
[debug] &amp#27;[35m[WD Proxy]&amp#27;[39m Proxying [POST /element] to [POST http://127.0.0.1:8200/wd/hub/session/05558cfb-4cab-4ab5-9c88-c136f1430733/element] with body: {"strategy":"id","selector":"android:id/button1","context":"","multiple":false}
[debug] &amp#27;[35m[WD Proxy]&amp#27;[39m Got response with status 200: {"sessionId":"05558cfb-4cab-4ab5-9c88-c136f1430733","value":{"ELEMENT":"2fb7993d-311c-48ca-bce7-b2c12c2cebbe","element-6066-11e4-a52e-4f735466cecf":"2fb7993d-311c-48ca-bce7-b2c12c2cebbe"}}
[debug] &amp#27;[35m[W3C (c8f67fea)]&amp#27;[39m Responding to client with driver.findElement() result: {"element-6066-11e4-a52e-4f735466cecf":"2fb7993d-311c-48ca-bce7-b2c12c2cebbe","ELEMENT":"2fb7993d-311c-48ca-bce7-b2c12c2cebbe"}
&amp#27;[35m[HTTP]&amp#27;[39m &amp#27;[37m<-- POST /wd/hub/session/c8f67fea-aa1e-4cc0-8af9-22de90b109c0/element &amp#27;[39m&amp#27;[32m200&amp#27;[39m &amp#27;[90m561 ms - 137&amp#27;[39m
&amp#27;[35m[HTTP]&amp#27;[39m &amp#27;[90m&amp#27;[39m
&amp#27;[35m[HTTP]&amp#27;[39m &amp#27;[37m-->&amp#27;[39m &amp#27;[37mPOST&amp#27;[39m &amp#27;[37m/wd/hub/session/c8f67fea-aa1e-4cc0-8af9-22de90b109c0/element/2fb7993d-311c-48ca-bce7-b2c12c2cebbe/click&amp#27;[39m
&amp#27;[35m[HTTP]&amp#27;[39m &amp#27;[90m{"id":"2fb7993d-311c-48ca-bce7-b2c12c2cebbe"}&amp#27;[39m
[debug] &amp#27;[35m[W3C (c8f67fea)]&amp#27;[39m Calling AppiumDriver.click() with args: ["2fb7993d-311c-48ca-bce7-b2c12c2cebbe","c8f67fea-aa1e-4cc0-8af9-22de90b109c0"]
[debug] &amp#27;[35m[WD Proxy]&amp#27;[39m Matched '/element/2fb7993d-311c-48ca-bce7-b2c12c2cebbe/click' to command name 'click'
[debug] &amp#27;[35m[WD Proxy]&amp#27;[39m Proxying [POST /element/2fb7993d-311c-48ca-bce7-b2c12c2cebbe/click] to [POST http://127.0.0.1:8200/wd/hub/session/05558cfb-4cab-4ab5-9c88-c136f1430733/element/2fb7993d-311c-48ca-bce7-b2c12c2cebbe/click] with body: {"element":"2fb7993d-311c-48ca-bce7-b2c12c2cebbe"}
[debug] &amp#27;[35m[WD Proxy]&amp#27;[39m Got response with status 200: {"sessionId":"05558cfb-4cab-4ab5-9c88-c136f1430733","value":null}
[debug] &amp#27;[35m[W3C (c8f67fea)]&amp#27;[39m Responding to client with driver.click() result: null
&amp#27;[35m[HTTP]&amp#27;[39m &amp#27;[37m<-- POST /wd/hub/session/c8f67fea-aa1e-4cc0-8af9-22de90b109c0/element/2fb7993d-311c-48ca-bce7-b2c12c2cebbe/click &amp#27;[39m&amp#27;[32m200&amp#27;[39m &amp#27;[90m33 ms - 14&amp#27;[39m
&amp#27;[35m[HTTP]&amp#27;[39m &amp#27;[90m&amp#27;[39m
&amp#27;[35m[HTTP]&amp#27;[39m &amp#27;[37m-->&amp#27;[39m &amp#27;[37mGET&amp#27;[39m &amp#27;[37m/wd/hub/session/c8f67fea-aa1e-4cc0-8af9-22de90b109c0&amp#27;[39m
&amp#27;[35m[HTTP]&amp#27;[39m &amp#27;[90m{}&amp#27;[39m
[debug] &amp#27;[35m[W3C (c8f67fea)]&amp#27;[39m Calling AppiumDriver.getSession() with args: ["c8f67fea-aa1e-4cc0-8af9-22de90b109c0"]
[debug] &amp#27;[35m[UiAutomator2]&amp#27;[39m Getting session details from server to mix in
[debug] &amp#27;[35m[WD Proxy]&amp#27;[39m Matched '/' to command name 'getSession'
[debug] &amp#27;[35m[WD Proxy]&amp#27;[39m Proxying [GET /] to [GET http://127.0.0.1:8200/wd/hub/session/05558cfb-4cab-4ab5-9c88-c136f1430733] with no body
[debug] &amp#27;[35m[WD Proxy]&amp#27;[39m Got response with status 200: {"sessionId":"05558cfb-4cab-4ab5-9c88-c136f1430733","value":{"lastScrollData":{"toIndex":-1,"maxScrollY":2299,"maxScrollX":0,"scrollY":2299,"scrollX":0,"fromIndex":-1,"itemCount":-1}}}
[debug] &amp#27;[35m[W3C (c8f67fea)]&amp#27;[39m Responding to client with driver.getSession() result: {"platform":"LINUX","webStorageEnabled":false,"takesScreenshot":true,"javascriptEnabled":true,"databaseEnabled":false,"networkConnectionEnabled":true,"locationContextEnabled":false,"warnings":{},"desired":{"platformName":"android","skipDeviceInitialization":true,"skipServerInstallation":false,"app":"./Resources/in.workindia.apk","appActivity":".RegisterActivity","appPackage":"in.workindia.nileshdungarwal.workindiaandroid","platformVersion":"8.1"},"platformName":"android","skipDeviceInitialization":true,"skipServerInstallation":false,"app":"./Resources/in.workindia.apk","appActivity":".RegisterActivity","appPackage":"in.workindia.nileshdungarwal.workindiaandroid","platformVersion":"8.1.0","deviceName":"emulator-5554","deviceUDID":"emulator-5554","deviceApiLevel":27,"deviceScreenSize":"1080x2160","deviceScreenDensity":440,"deviceModel":"Android SDK built for x86","deviceManufacturer":"Google","pixelRatio":2.75,"statBarHeight":66,"viewportRect":{"left":0,"top":66,"width":1080,"height":1962},"lastScrollData":{...
&amp#27;[35m[HTTP]&amp#27;[39m &amp#27;[37m<-- GET /wd/hub/session/c8f67fea-aa1e-4cc0-8af9-22de90b109c0 &amp#27;[39m&amp#27;[32m200&amp#27;[39m &amp#27;[90m12 ms - 1135&amp#27;[39m
&amp#27;[35m[HTTP]&amp#27;[39m &amp#27;[90m&amp#27;[39m
&amp#27;[35m[HTTP]&amp#27;[39m &amp#27;[37m-->&amp#27;[39m &amp#27;[37mPOST&amp#27;[39m &amp#27;[37m/wd/hub/session/c8f67fea-aa1e-4cc0-8af9-22de90b109c0/element&amp#27;[39m
&amp#27;[35m[HTTP]&amp#27;[39m &amp#27;[90m{"using":"id","value":"in.workindia.nileshdungarwal.workindiaandroid:id/et_course"}&amp#27;[39m
[debug] &amp#27;[35m[W3C (c8f67fea)]&amp#27;[39m Calling AppiumDriver.findElement() with args: ["id","in.workindia.nileshdungarwal.workindiaandroid:id/et_course","c8f67fea-aa1e-4cc0-8af9-22de90b109c0"]
[debug] &amp#27;[35m[BaseDriver]&amp#27;[39m Valid locator strategies for this request: xpath, id, class name, accessibility id, css selector, -android uiautomator
[debug] &amp#27;[35m[BaseDriver]&amp#27;[39m Waiting up to 50000 ms for condition
[debug] &amp#27;[35m[WD Proxy]&amp#27;[39m Matched '/element' to command name 'findElement'
[debug] &amp#27;[35m[WD Proxy]&amp#27;[39m Proxying [POST /element] to [POST http://127.0.0.1:8200/wd/hub/session/05558cfb-4cab-4ab5-9c88-c136f1430733/element] with body: {"strategy":"id","selector":"in.workindia.nileshdungarwal.workindiaandroid:id/et_course","context":"","multiple":false}
[debug] &amp#27;[35m[WD Proxy]&amp#27;[39m Got response with status 200: {"sessionId":"05558cfb-4cab-4ab5-9c88-c136f1430733","value":{"ELEMENT":"e5e97f86-9fee-461d-a2d9-5d9b08b4881b","element-6066-11e4-a52e-4f735466cecf":"e5e97f86-9fee-461d-a2d9-5d9b08b4881b"}}
[debug] &amp#27;[35m[W3C (c8f67fea)]&amp#27;[39m Responding to client with driver.findElement() result: {"element-6066-11e4-a52e-4f735466cecf":"e5e97f86-9fee-461d-a2d9-5d9b08b4881b","ELEMENT":"e5e97f86-9fee-461d-a2d9-5d9b08b4881b"}
&amp#27;[35m[HTTP]&amp#27;[39m &amp#27;[37m<-- POST /wd/hub/session/c8f67fea-aa1e-4cc0-8af9-22de90b109c0/element &amp#27;[39m&amp#27;[32m200&amp#27;[39m &amp#27;[90m83 ms - 137&amp#27;[39m
&amp#27;[35m[HTTP]&amp#27;[39m &amp#27;[90m&amp#27;[39m
&amp#27;[35m[HTTP]&amp#27;[39m &amp#27;[37m-->&amp#27;[39m &amp#27;[37mPOST&amp#27;[39m &amp#27;[37m/wd/hub/session/c8f67fea-aa1e-4cc0-8af9-22de90b109c0/element/e5e97f86-9fee-461d-a2d9-5d9b08b4881b/click&amp#27;[39m
&amp#27;[35m[HTTP]&amp#27;[39m &amp#27;[90m{"id":"e5e97f86-9fee-461d-a2d9-5d9b08b4881b"}&amp#27;[39m
[debug] &amp#27;[35m[W3C (c8f67fea)]&amp#27;[39m Calling AppiumDriver.click() with args: ["e5e97f86-9fee-461d-a2d9-5d9b08b4881b","c8f67fea-aa1e-4cc0-8af9-22de90b109c0"]
[debug] &amp#27;[35m[WD Proxy]&amp#27;[39m Matched '/element/e5e97f86-9fee-461d-a2d9-5d9b08b4881b/click' to command name 'click'
[debug] &amp#27;[35m[WD Proxy]&amp#27;[39m Proxying [POST /element/e5e97f86-9fee-461d-a2d9-5d9b08b4881b/click] to [POST http://127.0.0.1:8200/wd/hub/session/05558cfb-4cab-4ab5-9c88-c136f1430733/element/e5e97f86-9fee-461d-a2d9-5d9b08b4881b/click] with body: {"element":"e5e97f86-9fee-461d-a2d9-5d9b08b4881b"}
[debug] &amp#27;[35m[WD Proxy]&amp#27;[39m Got response with status 200: {"sessionId":"05558cfb-4cab-4ab5-9c88-c136f1430733","value":null}
[debug] &amp#27;[35m[W3C (c8f67fea)]&amp#27;[39m Responding to client with driver.click() result: null
&amp#27;[35m[HTTP]&amp#27;[39m &amp#27;[37m<-- POST /wd/hub/session/c8f67fea-aa1e-4cc0-8af9-22de90b109c0/element/e5e97f86-9fee-461d-a2d9-5d9b08b4881b/click &amp#27;[39m&amp#27;[32m200&amp#27;[39m &amp#27;[90m508 ms - 14&amp#27;[39m
&amp#27;[35m[HTTP]&amp#27;[39m &amp#27;[90m&amp#27;[39m
&amp#27;[35m[HTTP]&amp#27;[39m &amp#27;[37m-->&amp#27;[39m &amp#27;[37mGET&amp#27;[39m &amp#27;[37m/wd/hub/session/c8f67fea-aa1e-4cc0-8af9-22de90b109c0&amp#27;[39m
&amp#27;[35m[HTTP]&amp#27;[39m &amp#27;[90m{}&amp#27;[39m
[debug] &amp#27;[35m[W3C (c8f67fea)]&amp#27;[39m Calling AppiumDriver.getSession() with args: ["c8f67fea-aa1e-4cc0-8af9-22de90b109c0"]
[debug] &amp#27;[35m[UiAutomator2]&amp#27;[39m Getting session details from server to mix in
[debug] &amp#27;[35m[WD Proxy]&amp#27;[39m Matched '/' to command name 'getSession'
[debug] &amp#27;[35m[WD Proxy]&amp#27;[39m Proxying [GET /] to [GET http://127.0.0.1:8200/wd/hub/session/05558cfb-4cab-4ab5-9c88-c136f1430733] with no body
[debug] &amp#27;[35m[WD Proxy]&amp#27;[39m Got response with status 200: {"sessionId":"05558cfb-4cab-4ab5-9c88-c136f1430733","value":{"lastScrollData":{"toIndex":-1,"maxScrollY":2299,"maxScrollX":0,"scrollY":2299,"scrollX":0,"fromIndex":-1,"itemCount":-1}}}
[debug] &amp#27;[35m[W3C (c8f67fea)]&amp#27;[39m Responding to client with driver.getSession() result: {"platform":"LINUX","webStorageEnabled":false,"takesScreenshot":true,"javascriptEnabled":true,"databaseEnabled":false,"networkConnectionEnabled":true,"locationContextEnabled":false,"warnings":{},"desired":{"platformName":"android","skipDeviceInitialization":true,"skipServerInstallation":false,"app":"./Resources/in.workindia.apk","appActivity":".RegisterActivity","appPackage":"in.workindia.nileshdungarwal.workindiaandroid","platformVersion":"8.1"},"platformName":"android","skipDeviceInitialization":true,"skipServerInstallation":false,"app":"./Resources/in.workindia.apk","appActivity":".RegisterActivity","appPackage":"in.workindia.nileshdungarwal.workindiaandroid","platformVersion":"8.1.0","deviceName":"emulator-5554","deviceUDID":"emulator-5554","deviceApiLevel":27,"deviceScreenSize":"1080x2160","deviceScreenDensity":440,"deviceModel":"Android SDK built for x86","deviceManufacturer":"Google","pixelRatio":2.75,"statBarHeight":66,"viewportRect":{"left":0,"top":66,"width":1080,"height":1962},"lastScrollData":{...
&amp#27;[35m[HTTP]&amp#27;[39m &amp#27;[37m<-- GET /wd/hub/session/c8f67fea-aa1e-4cc0-8af9-22de90b109c0 &amp#27;[39m&amp#27;[32m200&amp#27;[39m &amp#27;[90m11 ms - 1135&amp#27;[39m
&amp#27;[35m[HTTP]&amp#27;[39m &amp#27;[90m&amp#27;[39m
&amp#27;[35m[HTTP]&amp#27;[39m &amp#27;[37m-->&amp#27;[39m &amp#27;[37mPOST&amp#27;[39m &amp#27;[37m/wd/hub/session/c8f67fea-aa1e-4cc0-8af9-22de90b109c0/element&amp#27;[39m
&amp#27;[35m[HTTP]&amp#27;[39m &amp#27;[90m{"using":"xpath","value":"//android.widget.ListView/android.widget.CheckedTextView[11]"}&amp#27;[39m
[debug] &amp#27;[35m[W3C (c8f67fea)]&amp#27;[39m Calling AppiumDriver.findElement() with args: ["xpath","//android.widget.ListView/android.widget.CheckedTextView[11]","c8f67fea-aa1e-4cc0-8af9-22de90b109c0"]
[debug] &amp#27;[35m[BaseDriver]&amp#27;[39m Valid locator strategies for this request: xpath, id, class name, accessibility id, css selector, -android uiautomator
[debug] &amp#27;[35m[BaseDriver]&amp#27;[39m Waiting up to 50000 ms for condition
[debug] &amp#27;[35m[WD Proxy]&amp#27;[39m Matched '/element' to command name 'findElement'
[debug] &amp#27;[35m[WD Proxy]&amp#27;[39m Proxying [POST /element] to [POST http://127.0.0.1:8200/wd/hub/session/05558cfb-4cab-4ab5-9c88-c136f1430733/element] with body: {"strategy":"xpath","selector":"//android.widget.ListView/android.widget.CheckedTextView[11]","context":"","multiple":false}
&amp#27;[35m[WD Proxy]&amp#27;[39m Got response with status 404: {"sessionId":"05558cfb-4cab-4ab5-9c88-c136f1430733","value":{"error":"no such element","message":"An element could not be located on the page using the given search parameters","stacktrace":"io.appium.uiautomator2.common.exceptions.ElementNotFoundException: An element could not be located on the page using the given search parameters\n\tat io.appium.uiautomator2.handler.FindElement.findElement(FindElement.java:96)\n\tat io.appium.uiautomator2.handler.FindElement.safeHandle(FindElement.java:71)\n\tat io.appium.uiautomator2.handler.request.SafeRequestHandler.handle(SafeRequestHandler.java:41)\n\tat io.appium.uiautomator2.server.AppiumServlet.handleRequest(AppiumServlet.java:261)\n\tat io.appium.uiautomator2.server.AppiumServlet.handleHttpRequest(AppiumServlet.java:255)\n\tat io.appium.uiautomator2.http.ServerHandler.channelRead(ServerHandler.java:68)\n\tat io.netty.channel.AbstractChannelHandlerContext.invokeChannelRead(AbstractChannelHandlerContext.java:366)\n\tat io.netty.channel.AbstractChannelHandlerCont...
[debug] &amp#27;[35m[W3C]&amp#27;[39m Matched W3C error code 'no such element' to NoSuchElementError
[debug] &amp#27;[35m[BaseDriver]&amp#27;[39m Waited for 116 ms so far
[debug] &amp#27;[35m[WD Proxy]&amp#27;[39m Matched '/element' to command name 'findElement'
[debug] &amp#27;[35m[WD Proxy]&amp#27;[39m Proxying [POST /element] to [POST http://127.0.0.1:8200/wd/hub/session/05558cfb-4cab-4ab5-9c88-c136f1430733/element] with body: {"strategy":"xpath","selector":"//android.widget.ListView/android.widget.CheckedTextView[11]","context":"","multiple":false}
[debug] &amp#27;[35m[WD Proxy]&amp#27;[39m Got response with status 200: {"sessionId":"05558cfb-4cab-4ab5-9c88-c136f1430733","value":{"ELEMENT":"50f24f73-90fa-49a7-a66e-91f75da8dcdb","element-6066-11e4-a52e-4f735466cecf":"50f24f73-90fa-49a7-a66e-91f75da8dcdb"}}
[debug] &amp#27;[35m[W3C (c8f67fea)]&amp#27;[39m Responding to client with driver.findElement() result: {"element-6066-11e4-a52e-4f735466cecf":"50f24f73-90fa-49a7-a66e-91f75da8dcdb","ELEMENT":"50f24f73-90fa-49a7-a66e-91f75da8dcdb"}
&amp#27;[35m[HTTP]&amp#27;[39m &amp#27;[37m<-- POST /wd/hub/session/c8f67fea-aa1e-4cc0-8af9-22de90b109c0/element &amp#27;[39m&amp#27;[32m200&amp#27;[39m &amp#27;[90m816 ms - 137&amp#27;[39m
&amp#27;[35m[HTTP]&amp#27;[39m &amp#27;[90m&amp#27;[39m
&amp#27;[35m[HTTP]&amp#27;[39m &amp#27;[37m-->&amp#27;[39m &amp#27;[37mPOST&amp#27;[39m &amp#27;[37m/wd/hub/session/c8f67fea-aa1e-4cc0-8af9-22de90b109c0/element/50f24f73-90fa-49a7-a66e-91f75da8dcdb/click&amp#27;[39m
&amp#27;[35m[HTTP]&amp#27;[39m &amp#27;[90m{"id":"50f24f73-90fa-49a7-a66e-91f75da8dcdb"}&amp#27;[39m
[debug] &amp#27;[35m[W3C (c8f67fea)]&amp#27;[39m Calling AppiumDriver.click() with args: ["50f24f73-90fa-49a7-a66e-91f75da8dcdb","c8f67fea-aa1e-4cc0-8af9-22de90b109c0"]
[debug] &amp#27;[35m[WD Proxy]&amp#27;[39m Matched '/element/50f24f73-90fa-49a7-a66e-91f75da8dcdb/click' to command name 'click'
[debug] &amp#27;[35m[WD Proxy]&amp#27;[39m Proxying [POST /element/50f24f73-90fa-49a7-a66e-91f75da8dcdb/click] to [POST http://127.0.0.1:8200/wd/hub/session/05558cfb-4cab-4ab5-9c88-c136f1430733/element/50f24f73-90fa-49a7-a66e-91f75da8dcdb/click] with body: {"element":"50f24f73-90fa-49a7-a66e-91f75da8dcdb"}
[debug] &amp#27;[35m[WD Proxy]&amp#27;[39m Got response with status 200: {"sessionId":"05558cfb-4cab-4ab5-9c88-c136f1430733","value":null}
[debug] &amp#27;[35m[W3C (c8f67fea)]&amp#27;[39m Responding to client with driver.click() result: null
&amp#27;[35m[HTTP]&amp#27;[39m &amp#27;[37m<-- POST /wd/hub/session/c8f67fea-aa1e-4cc0-8af9-22de90b109c0/element/50f24f73-90fa-49a7-a66e-91f75da8dcdb/click &amp#27;[39m&amp#27;[32m200&amp#27;[39m &amp#27;[90m675 ms - 14&amp#27;[39m
&amp#27;[35m[HTTP]&amp#27;[39m &amp#27;[90m&amp#27;[39m
&amp#27;[35m[HTTP]&amp#27;[39m &amp#27;[37m-->&amp#27;[39m &amp#27;[37mGET&amp#27;[39m &amp#27;[37m/wd/hub/session/c8f67fea-aa1e-4cc0-8af9-22de90b109c0&amp#27;[39m
&amp#27;[35m[HTTP]&amp#27;[39m &amp#27;[90m{}&amp#27;[39m
[debug] &amp#27;[35m[W3C (c8f67fea)]&amp#27;[39m Calling AppiumDriver.getSession() with args: ["c8f67fea-aa1e-4cc0-8af9-22de90b109c0"]
[debug] &amp#27;[35m[UiAutomator2]&amp#27;[39m Getting session details from server to mix in
[debug] &amp#27;[35m[WD Proxy]&amp#27;[39m Matched '/' to command name 'getSession'
[debug] &amp#27;[35m[WD Proxy]&amp#27;[39m Proxying [GET /] to [GET http://127.0.0.1:8200/wd/hub/session/05558cfb-4cab-4ab5-9c88-c136f1430733] with no body
[debug] &amp#27;[35m[WD Proxy]&amp#27;[39m Got response with status 200: {"sessionId":"05558cfb-4cab-4ab5-9c88-c136f1430733","value":{"lastScrollData":{"toIndex":-1,"maxScrollY":2299,"maxScrollX":0,"scrollY":2299,"scrollX":0,"fromIndex":-1,"itemCount":-1}}}
[debug] &amp#27;[35m[W3C (c8f67fea)]&amp#27;[39m Responding to client with driver.getSession() result: {"platform":"LINUX","webStorageEnabled":false,"takesScreenshot":true,"javascriptEnabled":true,"databaseEnabled":false,"networkConnectionEnabled":true,"locationContextEnabled":false,"warnings":{},"desired":{"platformName":"android","skipDeviceInitialization":true,"skipServerInstallation":false,"app":"./Resources/in.workindia.apk","appActivity":".RegisterActivity","appPackage":"in.workindia.nileshdungarwal.workindiaandroid","platformVersion":"8.1"},"platformName":"android","skipDeviceInitialization":true,"skipServerInstallation":false,"app":"./Resources/in.workindia.apk","appActivity":".RegisterActivity","appPackage":"in.workindia.nileshdungarwal.workindiaandroid","platformVersion":"8.1.0","deviceName":"emulator-5554","deviceUDID":"emulator-5554","deviceApiLevel":27,"deviceScreenSize":"1080x2160","deviceScreenDensity":440,"deviceModel":"Android SDK built for x86","deviceManufacturer":"Google","pixelRatio":2.75,"statBarHeight":66,"viewportRect":{"left":0,"top":66,"width":1080,"height":1962},"lastScrollData":{...
&amp#27;[35m[HTTP]&amp#27;[39m &amp#27;[37m<-- GET /wd/hub/session/c8f67fea-aa1e-4cc0-8af9-22de90b109c0 &amp#27;[39m&amp#27;[32m200&amp#27;[39m &amp#27;[90m14 ms - 1135&amp#27;[39m
&amp#27;[35m[HTTP]&amp#27;[39m &amp#27;[90m&amp#27;[39m
&amp#27;[35m[HTTP]&amp#27;[39m &amp#27;[37m-->&amp#27;[39m &amp#27;[37mGET&amp#27;[39m &amp#27;[37m/wd/hub/session/c8f67fea-aa1e-4cc0-8af9-22de90b109c0&amp#27;[39m
&amp#27;[35m[HTTP]&amp#27;[39m &amp#27;[90m{}&amp#27;[39m
[debug] &amp#27;[35m[W3C (c8f67fea)]&amp#27;[39m Calling AppiumDriver.getSession() with args: ["c8f67fea-aa1e-4cc0-8af9-22de90b109c0"]
[debug] &amp#27;[35m[UiAutomator2]&amp#27;[39m Getting session details from server to mix in
[debug] &amp#27;[35m[WD Proxy]&amp#27;[39m Matched '/' to command name 'getSession'
[debug] &amp#27;[35m[WD Proxy]&amp#27;[39m Proxying [GET /] to [GET http://127.0.0.1:8200/wd/hub/session/05558cfb-4cab-4ab5-9c88-c136f1430733] with no body
[debug] &amp#27;[35m[WD Proxy]&amp#27;[39m Got response with status 200: {"sessionId":"05558cfb-4cab-4ab5-9c88-c136f1430733","value":{"lastScrollData":{"toIndex":-1,"maxScrollY":2299,"maxScrollX":0,"scrollY":2299,"scrollX":0,"fromIndex":-1,"itemCount":-1}}}
[debug] &amp#27;[35m[W3C (c8f67fea)]&amp#27;[39m Responding to client with driver.getSession() result: {"platform":"LINUX","webStorageEnabled":false,"takesScreenshot":true,"javascriptEnabled":true,"databaseEnabled":false,"networkConnectionEnabled":true,"locationContextEnabled":false,"warnings":{},"desired":{"platformName":"android","skipDeviceInitialization":true,"skipServerInstallation":false,"app":"./Resources/in.workindia.apk","appActivity":".RegisterActivity","appPackage":"in.workindia.nileshdungarwal.workindiaandroid","platformVersion":"8.1"},"platformName":"android","skipDeviceInitialization":true,"skipServerInstallation":false,"app":"./Resources/in.workindia.apk","appActivity":".RegisterActivity","appPackage":"in.workindia.nileshdungarwal.workindiaandroid","platformVersion":"8.1.0","deviceName":"emulator-5554","deviceUDID":"emulator-5554","deviceApiLevel":27,"deviceScreenSize":"1080x2160","deviceScreenDensity":440,"deviceModel":"Android SDK built for x86","deviceManufacturer":"Google","pixelRatio":2.75,"statBarHeight":66,"viewportRect":{"left":0,"top":66,"width":1080,"height":1962},"lastScrollData":{...
&amp#27;[35m[HTTP]&amp#27;[39m &amp#27;[37m<-- GET /wd/hub/session/c8f67fea-aa1e-4cc0-8af9-22de90b109c0 &amp#27;[39m&amp#27;[32m200&amp#27;[39m &amp#27;[90m12 ms - 1135&amp#27;[39m
&amp#27;[35m[HTTP]&amp#27;[39m &amp#27;[90m&amp#27;[39m
&amp#27;[35m[HTTP]&amp#27;[39m &amp#27;[37m-->&amp#27;[39m &amp#27;[37mGET&amp#27;[39m &amp#27;[37m/wd/hub/session/c8f67fea-aa1e-4cc0-8af9-22de90b109c0&amp#27;[39m
&amp#27;[35m[HTTP]&amp#27;[39m &amp#27;[90m{}&amp#27;[39m
[debug] &amp#27;[35m[W3C (c8f67fea)]&amp#27;[39m Calling AppiumDriver.getSession() with args: ["c8f67fea-aa1e-4cc0-8af9-22de90b109c0"]
[debug] &amp#27;[35m[UiAutomator2]&amp#27;[39m Getting session details from server to mix in
[debug] &amp#27;[35m[WD Proxy]&amp#27;[39m Matched '/' to command name 'getSession'
[debug] &amp#27;[35m[WD Proxy]&amp#27;[39m Proxying [GET /] to [GET http://127.0.0.1:8200/wd/hub/session/05558cfb-4cab-4ab5-9c88-c136f1430733] with no body
[debug] &amp#27;[35m[WD Proxy]&amp#27;[39m Got response with status 200: {"sessionId":"05558cfb-4cab-4ab5-9c88-c136f1430733","value":{"lastScrollData":{"toIndex":-1,"maxScrollY":2299,"maxScrollX":0,"scrollY":2299,"scrollX":0,"fromIndex":-1,"itemCount":-1}}}
[debug] &amp#27;[35m[W3C (c8f67fea)]&amp#27;[39m Responding to client with driver.getSession() result: {"platform":"LINUX","webStorageEnabled":false,"takesScreenshot":true,"javascriptEnabled":true,"databaseEnabled":false,"networkConnectionEnabled":true,"locationContextEnabled":false,"warnings":{},"desired":{"platformName":"android","skipDeviceInitialization":true,"skipServerInstallation":false,"app":"./Resources/in.workindia.apk","appActivity":".RegisterActivity","appPackage":"in.workindia.nileshdungarwal.workindiaandroid","platformVersion":"8.1"},"platformName":"android","skipDeviceInitialization":true,"skipServerInstallation":false,"app":"./Resources/in.workindia.apk","appActivity":".RegisterActivity","appPackage":"in.workindia.nileshdungarwal.workindiaandroid","platformVersion":"8.1.0","deviceName":"emulator-5554","deviceUDID":"emulator-5554","deviceApiLevel":27,"deviceScreenSize":"1080x2160","deviceScreenDensity":440,"deviceModel":"Android SDK built for x86","deviceManufacturer":"Google","pixelRatio":2.75,"statBarHeight":66,"viewportRect":{"left":0,"top":66,"width":1080,"height":1962},"lastScrollData":{...
&amp#27;[35m[HTTP]&amp#27;[39m &amp#27;[37m<-- GET /wd/hub/session/c8f67fea-aa1e-4cc0-8af9-22de90b109c0 &amp#27;[39m&amp#27;[32m200&amp#27;[39m &amp#27;[90m13 ms - 1135&amp#27;[39m
&amp#27;[35m[HTTP]&amp#27;[39m &amp#27;[90m&amp#27;[39m
&amp#27;[35m[HTTP]&amp#27;[39m &amp#27;[37m-->&amp#27;[39m &amp#27;[37mPOST&amp#27;[39m &amp#27;[37m/wd/hub/session/c8f67fea-aa1e-4cc0-8af9-22de90b109c0/element&amp#27;[39m
&amp#27;[35m[HTTP]&amp#27;[39m &amp#27;[90m{"using":"id","value":"in.workindia.nileshdungarwal.workindiaandroid:id/btn_done"}&amp#27;[39m
[debug] &amp#27;[35m[W3C (c8f67fea)]&amp#27;[39m Calling AppiumDriver.findElement() with args: ["id","in.workindia.nileshdungarwal.workindiaandroid:id/btn_done","c8f67fea-aa1e-4cc0-8af9-22de90b109c0"]
[debug] &amp#27;[35m[BaseDriver]&amp#27;[39m Valid locator strategies for this request: xpath, id, class name, accessibility id, css selector, -android uiautomator
[debug] &amp#27;[35m[BaseDriver]&amp#27;[39m Waiting up to 50000 ms for condition
[debug] &amp#27;[35m[WD Proxy]&amp#27;[39m Matched '/element' to command name 'findElement'
[debug] &amp#27;[35m[WD Proxy]&amp#27;[39m Proxying [POST /element] to [POST http://127.0.0.1:8200/wd/hub/session/05558cfb-4cab-4ab5-9c88-c136f1430733/element] with body: {"strategy":"id","selector":"in.workindia.nileshdungarwal.workindiaandroid:id/btn_done","context":"","multiple":false}
[debug] &amp#27;[35m[WD Proxy]&amp#27;[39m Got response with status 200: {"sessionId":"05558cfb-4cab-4ab5-9c88-c136f1430733","value":{"ELEMENT":"d6bb2d09-f505-4e90-8940-22af5f39c7e8","element-6066-11e4-a52e-4f735466cecf":"d6bb2d09-f505-4e90-8940-22af5f39c7e8"}}
[debug] &amp#27;[35m[W3C (c8f67fea)]&amp#27;[39m Responding to client with driver.findElement() result: {"element-6066-11e4-a52e-4f735466cecf":"d6bb2d09-f505-4e90-8940-22af5f39c7e8","ELEMENT":"d6bb2d09-f505-4e90-8940-22af5f39c7e8"}
&amp#27;[35m[HTTP]&amp#27;[39m &amp#27;[37m<-- POST /wd/hub/session/c8f67fea-aa1e-4cc0-8af9-22de90b109c0/element &amp#27;[39m&amp#27;[32m200&amp#27;[39m &amp#27;[90m29 ms - 137&amp#27;[39m
&amp#27;[35m[HTTP]&amp#27;[39m &amp#27;[90m&amp#27;[39m
&amp#27;[35m[HTTP]&amp#27;[39m &amp#27;[37m-->&amp#27;[39m &amp#27;[37mPOST&amp#27;[39m &amp#27;[37m/wd/hub/session/c8f67fea-aa1e-4cc0-8af9-22de90b109c0/element/d6bb2d09-f505-4e90-8940-22af5f39c7e8/click&amp#27;[39m
&amp#27;[35m[HTTP]&amp#27;[39m &amp#27;[90m{"id":"d6bb2d09-f505-4e90-8940-22af5f39c7e8"}&amp#27;[39m
[debug] &amp#27;[35m[W3C (c8f67fea)]&amp#27;[39m Calling AppiumDriver.click() with args: ["d6bb2d09-f505-4e90-8940-22af5f39c7e8","c8f67fea-aa1e-4cc0-8af9-22de90b109c0"]
[debug] &amp#27;[35m[WD Proxy]&amp#27;[39m Matched '/element/d6bb2d09-f505-4e90-8940-22af5f39c7e8/click' to command name 'click'
[debug] &amp#27;[35m[WD Proxy]&amp#27;[39m Proxying [POST /element/d6bb2d09-f505-4e90-8940-22af5f39c7e8/click] to [POST http://127.0.0.1:8200/wd/hub/session/05558cfb-4cab-4ab5-9c88-c136f1430733/element/d6bb2d09-f505-4e90-8940-22af5f39c7e8/click] with body: {"element":"d6bb2d09-f505-4e90-8940-22af5f39c7e8"}
[debug] &amp#27;[35m[WD Proxy]&amp#27;[39m Got response with status 200: {"sessionId":"05558cfb-4cab-4ab5-9c88-c136f1430733","value":null}
[debug] &amp#27;[35m[W3C (c8f67fea)]&amp#27;[39m Responding to client with driver.click() result: null
&amp#27;[35m[HTTP]&amp#27;[39m &amp#27;[37m<-- POST /wd/hub/session/c8f67fea-aa1e-4cc0-8af9-22de90b109c0/element/d6bb2d09-f505-4e90-8940-22af5f39c7e8/click &amp#27;[39m&amp#27;[32m200&amp#27;[39m &amp#27;[90m21 ms - 14&amp#27;[39m
&amp#27;[35m[HTTP]&amp#27;[39m &amp#27;[90m&amp#27;[39m
&amp#27;[35m[HTTP]&amp#27;[39m &amp#27;[37m-->&amp#27;[39m &amp#27;[37mGET&amp#27;[39m &amp#27;[37m/wd/hub/session/c8f67fea-aa1e-4cc0-8af9-22de90b109c0&amp#27;[39m
&amp#27;[35m[HTTP]&amp#27;[39m &amp#27;[90m{}&amp#27;[39m
[debug] &amp#27;[35m[W3C (c8f67fea)]&amp#27;[39m Calling AppiumDriver.getSession() with args: ["c8f67fea-aa1e-4cc0-8af9-22de90b109c0"]
[debug] &amp#27;[35m[UiAutomator2]&amp#27;[39m Getting session details from server to mix in
[debug] &amp#27;[35m[WD Proxy]&amp#27;[39m Matched '/' to command name 'getSession'
[debug] &amp#27;[35m[WD Proxy]&amp#27;[39m Proxying [GET /] to [GET http://127.0.0.1:8200/wd/hub/session/05558cfb-4cab-4ab5-9c88-c136f1430733] with no body
[debug] &amp#27;[35m[WD Proxy]&amp#27;[39m Got response with status 200: {"sessionId":"05558cfb-4cab-4ab5-9c88-c136f1430733","value":{"lastScrollData":{"toIndex":-1,"maxScrollY":2299,"maxScrollX":0,"scrollY":2299,"scrollX":0,"fromIndex":-1,"itemCount":-1}}}
[debug] &amp#27;[35m[W3C (c8f67fea)]&amp#27;[39m Responding to client with driver.getSession() result: {"platform":"LINUX","webStorageEnabled":false,"takesScreenshot":true,"javascriptEnabled":true,"databaseEnabled":false,"networkConnectionEnabled":true,"locationContextEnabled":false,"warnings":{},"desired":{"platformName":"android","skipDeviceInitialization":true,"skipServerInstallation":false,"app":"./Resources/in.workindia.apk","appActivity":".RegisterActivity","appPackage":"in.workindia.nileshdungarwal.workindiaandroid","platformVersion":"8.1"},"platformName":"android","skipDeviceInitialization":true,"skipServerInstallation":false,"app":"./Resources/in.workindia.apk","appActivity":".RegisterActivity","appPackage":"in.workindia.nileshdungarwal.workindiaandroid","platformVersion":"8.1.0","deviceName":"emulator-5554","deviceUDID":"emulator-5554","deviceApiLevel":27,"deviceScreenSize":"1080x2160","deviceScreenDensity":440,"deviceModel":"Android SDK built for x86","deviceManufacturer":"Google","pixelRatio":2.75,"statBarHeight":66,"viewportRect":{"left":0,"top":66,"width":1080,"height":1962},"lastScrollData":{...
&amp#27;[35m[HTTP]&amp#27;[39m &amp#27;[37m<-- GET /wd/hub/session/c8f67fea-aa1e-4cc0-8af9-22de90b109c0 &amp#27;[39m&amp#27;[32m200&amp#27;[39m &amp#27;[90m12 ms - 1135&amp#27;[39m
&amp#27;[35m[HTTP]&amp#27;[39m &amp#27;[90m&amp#27;[39m
&amp#27;[35m[HTTP]&amp#27;[39m &amp#27;[37m-->&amp#27;[39m &amp#27;[37mGET&amp#27;[39m &amp#27;[37m/wd/hub/session/c8f67fea-aa1e-4cc0-8af9-22de90b109c0&amp#27;[39m
&amp#27;[35m[HTTP]&amp#27;[39m &amp#27;[90m{}&amp#27;[39m
[debug] &amp#27;[35m[W3C (c8f67fea)]&amp#27;[39m Calling AppiumDriver.getSession() with args: ["c8f67fea-aa1e-4cc0-8af9-22de90b109c0"]
[debug] &amp#27;[35m[UiAutomator2]&amp#27;[39m Getting session details from server to mix in
[debug] &amp#27;[35m[WD Proxy]&amp#27;[39m Matched '/' to command name 'getSession'
[debug] &amp#27;[35m[WD Proxy]&amp#27;[39m Proxying [GET /] to [GET http://127.0.0.1:8200/wd/hub/session/05558cfb-4cab-4ab5-9c88-c136f1430733] with no body
[debug] &amp#27;[35m[WD Proxy]&amp#27;[39m Got response with status 200: {"sessionId":"05558cfb-4cab-4ab5-9c88-c136f1430733","value":{"lastScrollData":{"toIndex":-1,"maxScrollY":2299,"maxScrollX":0,"scrollY":2299,"scrollX":0,"fromIndex":-1,"itemCount":-1}}}
[debug] &amp#27;[35m[W3C (c8f67fea)]&amp#27;[39m Responding to client with driver.getSession() result: {"platform":"LINUX","webStorageEnabled":false,"takesScreenshot":true,"javascriptEnabled":true,"databaseEnabled":false,"networkConnectionEnabled":true,"locationContextEnabled":false,"warnings":{},"desired":{"platformName":"android","skipDeviceInitialization":true,"skipServerInstallation":false,"app":"./Resources/in.workindia.apk","appActivity":".RegisterActivity","appPackage":"in.workindia.nileshdungarwal.workindiaandroid","platformVersion":"8.1"},"platformName":"android","skipDeviceInitialization":true,"skipServerInstallation":false,"app":"./Resources/in.workindia.apk","appActivity":".RegisterActivity","appPackage":"in.workindia.nileshdungarwal.workindiaandroid","platformVersion":"8.1.0","deviceName":"emulator-5554","deviceUDID":"emulator-5554","deviceApiLevel":27,"deviceScreenSize":"1080x2160","deviceScreenDensity":440,"deviceModel":"Android SDK built for x86","deviceManufacturer":"Google","pixelRatio":2.75,"statBarHeight":66,"viewportRect":{"left":0,"top":66,"width":1080,"height":1962},"lastScrollData":{...
&amp#27;[35m[HTTP]&amp#27;[39m &amp#27;[37m<-- GET /wd/hub/session/c8f67fea-aa1e-4cc0-8af9-22de90b109c0 &amp#27;[39m&amp#27;[32m200&amp#27;[39m &amp#27;[90m13 ms - 1135&amp#27;[39m
&amp#27;[35m[HTTP]&amp#27;[39m &amp#27;[90m&amp#27;[39m
&amp#27;[35m[HTTP]&amp#27;[39m &amp#27;[37m-->&amp#27;[39m &amp#27;[37mGET&amp#27;[39m &amp#27;[37m/wd/hub/session/c8f67fea-aa1e-4cc0-8af9-22de90b109c0&amp#27;[39m
&amp#27;[35m[HTTP]&amp#27;[39m &amp#27;[90m{}&amp#27;[39m
[debug] &amp#27;[35m[W3C (c8f67fea)]&amp#27;[39m Calling AppiumDriver.getSession() with args: ["c8f67fea-aa1e-4cc0-8af9-22de90b109c0"]
[debug] &amp#27;[35m[UiAutomator2]&amp#27;[39m Getting session details from server to mix in
[debug] &amp#27;[35m[WD Proxy]&amp#27;[39m Matched '/' to command name 'getSession'
[debug] &amp#27;[35m[WD Proxy]&amp#27;[39m Proxying [GET /] to [GET http://127.0.0.1:8200/wd/hub/session/05558cfb-4cab-4ab5-9c88-c136f1430733] with no body
[debug] &amp#27;[35m[WD Proxy]&amp#27;[39m Got response with status 200: {"sessionId":"05558cfb-4cab-4ab5-9c88-c136f1430733","value":{"lastScrollData":{"toIndex":-1,"maxScrollY":2299,"maxScrollX":0,"scrollY":2299,"scrollX":0,"fromIndex":-1,"itemCount":-1}}}
[debug] &amp#27;[35m[W3C (c8f67fea)]&amp#27;[39m Responding to client with driver.getSession() result: {"platform":"LINUX","webStorageEnabled":false,"takesScreenshot":true,"javascriptEnabled":true,"databaseEnabled":false,"networkConnectionEnabled":true,"locationContextEnabled":false,"warnings":{},"desired":{"platformName":"android","skipDeviceInitialization":true,"skipServerInstallation":false,"app":"./Resources/in.workindia.apk","appActivity":".RegisterActivity","appPackage":"in.workindia.nileshdungarwal.workindiaandroid","platformVersion":"8.1"},"platformName":"android","skipDeviceInitialization":true,"skipServerInstallation":false,"app":"./Resources/in.workindia.apk","appActivity":".RegisterActivity","appPackage":"in.workindia.nileshdungarwal.workindiaandroid","platformVersion":"8.1.0","deviceName":"emulator-5554","deviceUDID":"emulator-5554","deviceApiLevel":27,"deviceScreenSize":"1080x2160","deviceScreenDensity":440,"deviceModel":"Android SDK built for x86","deviceManufacturer":"Google","pixelRatio":2.75,"statBarHeight":66,"viewportRect":{"left":0,"top":66,"width":1080,"height":1962},"lastScrollData":{...
&amp#27;[35m[HTTP]&amp#27;[39m &amp#27;[37m<-- GET /wd/hub/session/c8f67fea-aa1e-4cc0-8af9-22de90b109c0 &amp#27;[39m&amp#27;[32m200&amp#27;[39m &amp#27;[90m11 ms - 1135&amp#27;[39m
&amp#27;[35m[HTTP]&amp#27;[39m &amp#27;[90m&amp#27;[39m
&amp#27;[35m[HTTP]&amp#27;[39m &amp#27;[37m-->&amp#27;[39m &amp#27;[37mPOST&amp#27;[39m &amp#27;[37m/wd/hub/session/c8f67fea-aa1e-4cc0-8af9-22de90b109c0/element&amp#27;[39m
&amp#27;[35m[HTTP]&amp#27;[39m &amp#27;[90m{"using":"id","value":"in.workindia.nileshdungarwal.workindiaandroid:id/btn_english"}&amp#27;[39m
[debug] &amp#27;[35m[W3C (c8f67fea)]&amp#27;[39m Calling AppiumDriver.findElement() with args: ["id","in.workindia.nileshdungarwal.workindiaandroid:id/btn_english","c8f67fea-aa1e-4cc0-8af9-22de90b109c0"]
[debug] &amp#27;[35m[BaseDriver]&amp#27;[39m Valid locator strategies for this request: xpath, id, class name, accessibility id, css selector, -android uiautomator
[debug] &amp#27;[35m[BaseDriver]&amp#27;[39m Waiting up to 50000 ms for condition
[debug] &amp#27;[35m[WD Proxy]&amp#27;[39m Matched '/element' to command name 'findElement'
[debug] &amp#27;[35m[WD Proxy]&amp#27;[39m Proxying [POST /element] to [POST http://127.0.0.1:8200/wd/hub/session/05558cfb-4cab-4ab5-9c88-c136f1430733/element] with body: {"strategy":"id","selector":"in.workindia.nileshdungarwal.workindiaandroid:id/btn_english","context":"","multiple":false}
&amp#27;[35m[WD Proxy]&amp#27;[39m Got response with status 404: {"sessionId":"05558cfb-4cab-4ab5-9c88-c136f1430733","value":{"error":"no such element","message":"An element could not be located on the page using the given search parameters","stacktrace":"io.appium.uiautomator2.common.exceptions.ElementNotFoundException: An element could not be located on the page using the given search parameters\n\tat io.appium.uiautomator2.handler.FindElement.safeHandle(FindElement.java:73)\n\tat io.appium.uiautomator2.handler.request.SafeRequestHandler.handle(SafeRequestHandler.java:41)\n\tat io.appium.uiautomator2.server.AppiumServlet.handleRequest(AppiumServlet.java:261)\n\tat io.appium.uiautomator2.server.AppiumServlet.handleHttpRequest(AppiumServlet.java:255)\n\tat io.appium.uiautomator2.http.ServerHandler.channelRead(ServerHandler.java:68)\n\tat io.netty.channel.AbstractChannelHandlerContext.invokeChannelRead(AbstractChannelHandlerContext.java:366)\n\tat io.netty.channel.AbstractChannelHandlerContext.invokeChannelRead(AbstractChannelHandlerContext.java:352)\n\tat io.netty.chann...
[debug] &amp#27;[35m[W3C]&amp#27;[39m Matched W3C error code 'no such element' to NoSuchElementError
[debug] &amp#27;[35m[BaseDriver]&amp#27;[39m Waited for 85 ms so far
[debug] &amp#27;[35m[WD Proxy]&amp#27;[39m Matched '/element' to command name 'findElement'
[debug] &amp#27;[35m[WD Proxy]&amp#27;[39m Proxying [POST /element] to [POST http://127.0.0.1:8200/wd/hub/session/05558cfb-4cab-4ab5-9c88-c136f1430733/element] with body: {"strategy":"id","selector":"in.workindia.nileshdungarwal.workindiaandroid:id/btn_english","context":"","multiple":false}
[debug] &amp#27;[35m[WD Proxy]&amp#27;[39m Got response with status 200: {"sessionId":"05558cfb-4cab-4ab5-9c88-c136f1430733","value":{"ELEMENT":"6e25cafd-b2e7-4da2-ade6-2cf01b73669d","element-6066-11e4-a52e-4f735466cecf":"6e25cafd-b2e7-4da2-ade6-2cf01b73669d"}}
[debug] &amp#27;[35m[W3C (c8f67fea)]&amp#27;[39m Responding to client with driver.findElement() result: {"element-6066-11e4-a52e-4f735466cecf":"6e25cafd-b2e7-4da2-ade6-2cf01b73669d","ELEMENT":"6e25cafd-b2e7-4da2-ade6-2cf01b73669d"}
&amp#27;[35m[HTTP]&amp#27;[39m &amp#27;[37m<-- POST /wd/hub/session/c8f67fea-aa1e-4cc0-8af9-22de90b109c0/element &amp#27;[39m&amp#27;[32m200&amp#27;[39m &amp#27;[90m1248 ms - 137&amp#27;[39m
&amp#27;[35m[HTTP]&amp#27;[39m &amp#27;[90m&amp#27;[39m
&amp#27;[35m[HTTP]&amp#27;[39m &amp#27;[37m-->&amp#27;[39m &amp#27;[37mPOST&amp#27;[39m &amp#27;[37m/wd/hub/session/c8f67fea-aa1e-4cc0-8af9-22de90b109c0/element/6e25cafd-b2e7-4da2-ade6-2cf01b73669d/click&amp#27;[39m
&amp#27;[35m[HTTP]&amp#27;[39m &amp#27;[90m{"id":"6e25cafd-b2e7-4da2-ade6-2cf01b73669d"}&amp#27;[39m
[debug] &amp#27;[35m[W3C (c8f67fea)]&amp#27;[39m Calling AppiumDriver.click() with args: ["6e25cafd-b2e7-4da2-ade6-2cf01b73669d","c8f67fea-aa1e-4cc0-8af9-22de90b109c0"]
[debug] &amp#27;[35m[WD Proxy]&amp#27;[39m Matched '/element/6e25cafd-b2e7-4da2-ade6-2cf01b73669d/click' to command name 'click'
[debug] &amp#27;[35m[WD Proxy]&amp#27;[39m Proxying [POST /element/6e25cafd-b2e7-4da2-ade6-2cf01b73669d/click] to [POST http://127.0.0.1:8200/wd/hub/session/05558cfb-4cab-4ab5-9c88-c136f1430733/element/6e25cafd-b2e7-4da2-ade6-2cf01b73669d/click] with body: {"element":"6e25cafd-b2e7-4da2-ade6-2cf01b73669d"}
[debug] &amp#27;[35m[WD Proxy]&amp#27;[39m Got response with status 200: {"sessionId":"05558cfb-4cab-4ab5-9c88-c136f1430733","value":null}
[debug] &amp#27;[35m[W3C (c8f67fea)]&amp#27;[39m Responding to client with driver.click() result: null
&amp#27;[35m[HTTP]&amp#27;[39m &amp#27;[37m<-- POST /wd/hub/session/c8f67fea-aa1e-4cc0-8af9-22de90b109c0/element/6e25cafd-b2e7-4da2-ade6-2cf01b73669d/click &amp#27;[39m&amp#27;[32m200&amp#27;[39m &amp#27;[90m490 ms - 14&amp#27;[39m
&amp#27;[35m[HTTP]&amp#27;[39m &amp#27;[90m&amp#27;[39m
&amp#27;[35m[HTTP]&amp#27;[39m &amp#27;[37m-->&amp#27;[39m &amp#27;[37mGET&amp#27;[39m &amp#27;[37m/wd/hub/session/c8f67fea-aa1e-4cc0-8af9-22de90b109c0&amp#27;[39m
&amp#27;[35m[HTTP]&amp#27;[39m &amp#27;[90m{}&amp#27;[39m
[debug] &amp#27;[35m[W3C (c8f67fea)]&amp#27;[39m Calling AppiumDriver.getSession() with args: ["c8f67fea-aa1e-4cc0-8af9-22de90b109c0"]
[debug] &amp#27;[35m[UiAutomator2]&amp#27;[39m Getting session details from server to mix in
[debug] &amp#27;[35m[WD Proxy]&amp#27;[39m Matched '/' to command name 'getSession'
[debug] &amp#27;[35m[WD Proxy]&amp#27;[39m Proxying [GET /] to [GET http://127.0.0.1:8200/wd/hub/session/05558cfb-4cab-4ab5-9c88-c136f1430733] with no body
[debug] &amp#27;[35m[WD Proxy]&amp#27;[39m Got response with status 200: {"sessionId":"05558cfb-4cab-4ab5-9c88-c136f1430733","value":{"lastScrollData":{"toIndex":-1,"maxScrollY":2299,"maxScrollX":0,"scrollY":2299,"scrollX":0,"fromIndex":-1,"itemCount":-1}}}
[debug] &amp#27;[35m[W3C (c8f67fea)]&amp#27;[39m Responding to client with driver.getSession() result: {"platform":"LINUX","webStorageEnabled":false,"takesScreenshot":true,"javascriptEnabled":true,"databaseEnabled":false,"networkConnectionEnabled":true,"locationContextEnabled":false,"warnings":{},"desired":{"platformName":"android","skipDeviceInitialization":true,"skipServerInstallation":false,"app":"./Resources/in.workindia.apk","appActivity":".RegisterActivity","appPackage":"in.workindia.nileshdungarwal.workindiaandroid","platformVersion":"8.1"},"platformName":"android","skipDeviceInitialization":true,"skipServerInstallation":false,"app":"./Resources/in.workindia.apk","appActivity":".RegisterActivity","appPackage":"in.workindia.nileshdungarwal.workindiaandroid","platformVersion":"8.1.0","deviceName":"emulator-5554","deviceUDID":"emulator-5554","deviceApiLevel":27,"deviceScreenSize":"1080x2160","deviceScreenDensity":440,"deviceModel":"Android SDK built for x86","deviceManufacturer":"Google","pixelRatio":2.75,"statBarHeight":66,"viewportRect":{"left":0,"top":66,"width":1080,"height":1962},"lastScrollData":{...
&amp#27;[35m[HTTP]&amp#27;[39m &amp#27;[37m<-- GET /wd/hub/session/c8f67fea-aa1e-4cc0-8af9-22de90b109c0 &amp#27;[39m&amp#27;[32m200&amp#27;[39m &amp#27;[90m9 ms - 1135&amp#27;[39m
&amp#27;[35m[HTTP]&amp#27;[39m &amp#27;[90m&amp#27;[39m
&amp#27;[35m[HTTP]&amp#27;[39m &amp#27;[37m-->&amp#27;[39m &amp#27;[37mGET&amp#27;[39m &amp#27;[37m/wd/hub/session/c8f67fea-aa1e-4cc0-8af9-22de90b109c0&amp#27;[39m
&amp#27;[35m[HTTP]&amp#27;[39m &amp#27;[90m{}&amp#27;[39m
[debug] &amp#27;[35m[W3C (c8f67fea)]&amp#27;[39m Calling AppiumDriver.getSession() with args: ["c8f67fea-aa1e-4cc0-8af9-22de90b109c0"]
[debug] &amp#27;[35m[UiAutomator2]&amp#27;[39m Getting session details from server to mix in
[debug] &amp#27;[35m[WD Proxy]&amp#27;[39m Matched '/' to command name 'getSession'
[debug] &amp#27;[35m[WD Proxy]&amp#27;[39m Proxying [GET /] to [GET http://127.0.0.1:8200/wd/hub/session/05558cfb-4cab-4ab5-9c88-c136f1430733] with no body
[debug] &amp#27;[35m[WD Proxy]&amp#27;[39m Got response with status 200: {"sessionId":"05558cfb-4cab-4ab5-9c88-c136f1430733","value":{"lastScrollData":{"toIndex":-1,"maxScrollY":2299,"maxScrollX":0,"scrollY":2299,"scrollX":0,"fromIndex":-1,"itemCount":-1}}}
[debug] &amp#27;[35m[W3C (c8f67fea)]&amp#27;[39m Responding to client with driver.getSession() result: {"platform":"LINUX","webStorageEnabled":false,"takesScreenshot":true,"javascriptEnabled":true,"databaseEnabled":false,"networkConnectionEnabled":true,"locationContextEnabled":false,"warnings":{},"desired":{"platformName":"android","skipDeviceInitialization":true,"skipServerInstallation":false,"app":"./Resources/in.workindia.apk","appActivity":".RegisterActivity","appPackage":"in.workindia.nileshdungarwal.workindiaandroid","platformVersion":"8.1"},"platformName":"android","skipDeviceInitialization":true,"skipServerInstallation":false,"app":"./Resources/in.workindia.apk","appActivity":".RegisterActivity","appPackage":"in.workindia.nileshdungarwal.workindiaandroid","platformVersion":"8.1.0","deviceName":"emulator-5554","deviceUDID":"emulator-5554","deviceApiLevel":27,"deviceScreenSize":"1080x2160","deviceScreenDensity":440,"deviceModel":"Android SDK built for x86","deviceManufacturer":"Google","pixelRatio":2.75,"statBarHeight":66,"viewportRect":{"left":0,"top":66,"width":1080,"height":1962},"lastScrollData":{...
&amp#27;[35m[HTTP]&amp#27;[39m &amp#27;[37m<-- GET /wd/hub/session/c8f67fea-aa1e-4cc0-8af9-22de90b109c0 &amp#27;[39m&amp#27;[32m200&amp#27;[39m &amp#27;[90m11 ms - 1135&amp#27;[39m
&amp#27;[35m[HTTP]&amp#27;[39m &amp#27;[90m&amp#27;[39m
&amp#27;[35m[HTTP]&amp#27;[39m &amp#27;[37m-->&amp#27;[39m &amp#27;[37mGET&amp#27;[39m &amp#27;[37m/wd/hub/session/c8f67fea-aa1e-4cc0-8af9-22de90b109c0&amp#27;[39m
&amp#27;[35m[HTTP]&amp#27;[39m &amp#27;[90m{}&amp#27;[39m
[debug] &amp#27;[35m[W3C (c8f67fea)]&amp#27;[39m Calling AppiumDriver.getSession() with args: ["c8f67fea-aa1e-4cc0-8af9-22de90b109c0"]
[debug] &amp#27;[35m[UiAutomator2]&amp#27;[39m Getting session details from server to mix in
[debug] &amp#27;[35m[WD Proxy]&amp#27;[39m Matched '/' to command name 'getSession'
[debug] &amp#27;[35m[WD Proxy]&amp#27;[39m Proxying [GET /] to [GET http://127.0.0.1:8200/wd/hub/session/05558cfb-4cab-4ab5-9c88-c136f1430733] with no body
[debug] &amp#27;[35m[WD Proxy]&amp#27;[39m Got response with status 200: {"sessionId":"05558cfb-4cab-4ab5-9c88-c136f1430733","value":{"lastScrollData":{"toIndex":-1,"maxScrollY":2299,"maxScrollX":0,"scrollY":2299,"scrollX":0,"fromIndex":-1,"itemCount":-1}}}
[debug] &amp#27;[35m[W3C (c8f67fea)]&amp#27;[39m Responding to client with driver.getSession() result: {"platform":"LINUX","webStorageEnabled":false,"takesScreenshot":true,"javascriptEnabled":true,"databaseEnabled":false,"networkConnectionEnabled":true,"locationContextEnabled":false,"warnings":{},"desired":{"platformName":"android","skipDeviceInitialization":true,"skipServerInstallation":false,"app":"./Resources/in.workindia.apk","appActivity":".RegisterActivity","appPackage":"in.workindia.nileshdungarwal.workindiaandroid","platformVersion":"8.1"},"platformName":"android","skipDeviceInitialization":true,"skipServerInstallation":false,"app":"./Resources/in.workindia.apk","appActivity":".RegisterActivity","appPackage":"in.workindia.nileshdungarwal.workindiaandroid","platformVersion":"8.1.0","deviceName":"emulator-5554","deviceUDID":"emulator-5554","deviceApiLevel":27,"deviceScreenSize":"1080x2160","deviceScreenDensity":440,"deviceModel":"Android SDK built for x86","deviceManufacturer":"Google","pixelRatio":2.75,"statBarHeight":66,"viewportRect":{"left":0,"top":66,"width":1080,"height":1962},"lastScrollData":{...
&amp#27;[35m[HTTP]&amp#27;[39m &amp#27;[37m<-- GET /wd/hub/session/c8f67fea-aa1e-4cc0-8af9-22de90b109c0 &amp#27;[39m&amp#27;[32m200&amp#27;[39m &amp#27;[90m12 ms - 1135&amp#27;[39m
&amp#27;[35m[HTTP]&amp#27;[39m &amp#27;[90m&amp#27;[39m
&amp#27;[35m[HTTP]&amp#27;[39m &amp#27;[37m-->&amp#27;[39m &amp#27;[37mPOST&amp#27;[39m &amp#27;[37m/wd/hub/session/c8f67fea-aa1e-4cc0-8af9-22de90b109c0/element&amp#27;[39m
&amp#27;[35m[HTTP]&amp#27;[39m &amp#27;[90m{"using":"id","value":"in.workindia.nileshdungarwal.workindiaandroid:id/navigation_ham_menu"}&amp#27;[39m
[debug] &amp#27;[35m[W3C (c8f67fea)]&amp#27;[39m Calling AppiumDriver.findElement() with args: ["id","in.workindia.nileshdungarwal.workindiaandroid:id/navigation_ham_menu","c8f67fea-aa1e-4cc0-8af9-22de90b109c0"]
[debug] &amp#27;[35m[BaseDriver]&amp#27;[39m Valid locator strategies for this request: xpath, id, class name, accessibility id, css selector, -android uiautomator
[debug] &amp#27;[35m[BaseDriver]&amp#27;[39m Waiting up to 50000 ms for condition
[debug] &amp#27;[35m[WD Proxy]&amp#27;[39m Matched '/element' to command name 'findElement'
[debug] &amp#27;[35m[WD Proxy]&amp#27;[39m Proxying [POST /element] to [POST http://127.0.0.1:8200/wd/hub/session/05558cfb-4cab-4ab5-9c88-c136f1430733/element] with body: {"strategy":"id","selector":"in.workindia.nileshdungarwal.workindiaandroid:id/navigation_ham_menu","context":"","multiple":false}
[debug] &amp#27;[35m[WD Proxy]&amp#27;[39m Got response with status 200: {"sessionId":"05558cfb-4cab-4ab5-9c88-c136f1430733","value":{"ELEMENT":"e4fdc2da-df43-4d41-91b1-9f2ac8d71292","element-6066-11e4-a52e-4f735466cecf":"e4fdc2da-df43-4d41-91b1-9f2ac8d71292"}}
[debug] &amp#27;[35m[W3C (c8f67fea)]&amp#27;[39m Responding to client with driver.findElement() result: {"element-6066-11e4-a52e-4f735466cecf":"e4fdc2da-df43-4d41-91b1-9f2ac8d71292","ELEMENT":"e4fdc2da-df43-4d41-91b1-9f2ac8d71292"}
&amp#27;[35m[HTTP]&amp#27;[39m &amp#27;[37m<-- POST /wd/hub/session/c8f67fea-aa1e-4cc0-8af9-22de90b109c0/element &amp#27;[39m&amp#27;[32m200&amp#27;[39m &amp#27;[90m628 ms - 137&amp#27;[39m
&amp#27;[35m[HTTP]&amp#27;[39m &amp#27;[90m&amp#27;[39m
&amp#27;[35m[HTTP]&amp#27;[39m &amp#27;[37m-->&amp#27;[39m &amp#27;[37mPOST&amp#27;[39m &amp#27;[37m/wd/hub/session/c8f67fea-aa1e-4cc0-8af9-22de90b109c0/element/e4fdc2da-df43-4d41-91b1-9f2ac8d71292/click&amp#27;[39m
&amp#27;[35m[HTTP]&amp#27;[39m &amp#27;[90m{"id":"e4fdc2da-df43-4d41-91b1-9f2ac8d71292"}&amp#27;[39m
[debug] &amp#27;[35m[W3C (c8f67fea)]&amp#27;[39m Calling AppiumDriver.click() with args: ["e4fdc2da-df43-4d41-91b1-9f2ac8d71292","c8f67fea-aa1e-4cc0-8af9-22de90b109c0"]
[debug] &amp#27;[35m[WD Proxy]&amp#27;[39m Matched '/element/e4fdc2da-df43-4d41-91b1-9f2ac8d71292/click' to command name 'click'
[debug] &amp#27;[35m[WD Proxy]&amp#27;[39m Proxying [POST /element/e4fdc2da-df43-4d41-91b1-9f2ac8d71292/click] to [POST http://127.0.0.1:8200/wd/hub/session/05558cfb-4cab-4ab5-9c88-c136f1430733/element/e4fdc2da-df43-4d41-91b1-9f2ac8d71292/click] with body: {"element":"e4fdc2da-df43-4d41-91b1-9f2ac8d71292"}
[debug] &amp#27;[35m[WD Proxy]&amp#27;[39m Got response with status 200: {"sessionId":"05558cfb-4cab-4ab5-9c88-c136f1430733","value":null}
[debug] &amp#27;[35m[W3C (c8f67fea)]&amp#27;[39m Responding to client with driver.click() result: null
&amp#27;[35m[HTTP]&amp#27;[39m &amp#27;[37m<-- POST /wd/hub/session/c8f67fea-aa1e-4cc0-8af9-22de90b109c0/element/e4fdc2da-df43-4d41-91b1-9f2ac8d71292/click &amp#27;[39m&amp#27;[32m200&amp#27;[39m &amp#27;[90m23 ms - 14&amp#27;[39m
&amp#27;[35m[HTTP]&amp#27;[39m &amp#27;[90m&amp#27;[39m
&amp#27;[35m[HTTP]&amp#27;[39m &amp#27;[37m-->&amp#27;[39m &amp#27;[37mPOST&amp#27;[39m &amp#27;[37m/wd/hub/session/c8f67fea-aa1e-4cc0-8af9-22de90b109c0/timeouts&amp#27;[39m
&amp#27;[35m[HTTP]&amp#27;[39m &amp#27;[90m{"implicit":50000}&amp#27;[39m
[debug] &amp#27;[35m[W3C (c8f67fea)]&amp#27;[39m Calling AppiumDriver.timeouts() with args: [null,null,null,null,50000,"c8f67fea-aa1e-4cc0-8af9-22de90b109c0"]
[debug] &amp#27;[35m[BaseDriver]&amp#27;[39m W3C timeout argument: {"implicit":50000}}
[debug] &amp#27;[35m[BaseDriver]&amp#27;[39m Set implicit wait to 50000ms
[debug] &amp#27;[35m[W3C (c8f67fea)]&amp#27;[39m Responding to client with driver.timeouts() result: null
&amp#27;[35m[HTTP]&amp#27;[39m &amp#27;[37m<-- POST /wd/hub/session/c8f67fea-aa1e-4cc0-8af9-22de90b109c0/timeouts &amp#27;[39m&amp#27;[32m200&amp#27;[39m &amp#27;[90m2 ms - 14&amp#27;[39m
&amp#27;[35m[HTTP]&amp#27;[39m &amp#27;[90m&amp#27;[39m
&amp#27;[35m[HTTP]&amp#27;[39m &amp#27;[37m-->&amp#27;[39m &amp#27;[37mGET&amp#27;[39m &amp#27;[37m/wd/hub/session/c8f67fea-aa1e-4cc0-8af9-22de90b109c0&amp#27;[39m
&amp#27;[35m[HTTP]&amp#27;[39m &amp#27;[90m{}&amp#27;[39m
[debug] &amp#27;[35m[W3C (c8f67fea)]&amp#27;[39m Calling AppiumDriver.getSession() with args: ["c8f67fea-aa1e-4cc0-8af9-22de90b109c0"]
[debug] &amp#27;[35m[UiAutomator2]&amp#27;[39m Getting session details from server to mix in
[debug] &amp#27;[35m[WD Proxy]&amp#27;[39m Matched '/' to command name 'getSession'
[debug] &amp#27;[35m[WD Proxy]&amp#27;[39m Proxying [GET /] to [GET http://127.0.0.1:8200/wd/hub/session/05558cfb-4cab-4ab5-9c88-c136f1430733] with no body
[debug] &amp#27;[35m[WD Proxy]&amp#27;[39m Got response with status 200: {"sessionId":"05558cfb-4cab-4ab5-9c88-c136f1430733","value":{"lastScrollData":{"toIndex":-1,"maxScrollY":2299,"maxScrollX":0,"scrollY":2299,"scrollX":0,"fromIndex":-1,"itemCount":-1}}}
[debug] &amp#27;[35m[W3C (c8f67fea)]&amp#27;[39m Responding to client with driver.getSession() result: {"platform":"LINUX","webStorageEnabled":false,"takesScreenshot":true,"javascriptEnabled":true,"databaseEnabled":false,"networkConnectionEnabled":true,"locationContextEnabled":false,"warnings":{},"desired":{"platformName":"android","skipDeviceInitialization":true,"skipServerInstallation":false,"app":"./Resources/in.workindia.apk","appActivity":".RegisterActivity","appPackage":"in.workindia.nileshdungarwal.workindiaandroid","platformVersion":"8.1"},"platformName":"android","skipDeviceInitialization":true,"skipServerInstallation":false,"app":"./Resources/in.workindia.apk","appActivity":".RegisterActivity","appPackage":"in.workindia.nileshdungarwal.workindiaandroid","platformVersion":"8.1.0","deviceName":"emulator-5554","deviceUDID":"emulator-5554","deviceApiLevel":27,"deviceScreenSize":"1080x2160","deviceScreenDensity":440,"deviceModel":"Android SDK built for x86","deviceManufacturer":"Google","pixelRatio":2.75,"statBarHeight":66,"viewportRect":{"left":0,"top":66,"width":1080,"height":1962},"lastScrollData":{...
&amp#27;[35m[HTTP]&amp#27;[39m &amp#27;[37m<-- GET /wd/hub/session/c8f67fea-aa1e-4cc0-8af9-22de90b109c0 &amp#27;[39m&amp#27;[32m200&amp#27;[39m &amp#27;[90m14 ms - 1135&amp#27;[39m
&amp#27;[35m[HTTP]&amp#27;[39m &amp#27;[90m&amp#27;[39m
&amp#27;[35m[HTTP]&amp#27;[39m &amp#27;[37m-->&amp#27;[39m &amp#27;[37mPOST&amp#27;[39m &amp#27;[37m/wd/hub/session/c8f67fea-aa1e-4cc0-8af9-22de90b109c0/element&amp#27;[39m
&amp#27;[35m[HTTP]&amp#27;[39m &amp#27;[90m{"using":"xpath","value":"//android.widget.LinearLayout[2]/android.widget.LinearLayout"}&amp#27;[39m
[debug] &amp#27;[35m[W3C (c8f67fea)]&amp#27;[39m Calling AppiumDriver.findElement() with args: ["xpath","//android.widget.LinearLayout[2]/android.widget.LinearLayout","c8f67fea-aa1e-4cc0-8af9-22de90b109c0"]
[debug] &amp#27;[35m[BaseDriver]&amp#27;[39m Valid locator strategies for this request: xpath, id, class name, accessibility id, css selector, -android uiautomator
[debug] &amp#27;[35m[BaseDriver]&amp#27;[39m Waiting up to 50000 ms for condition
[debug] &amp#27;[35m[WD Proxy]&amp#27;[39m Matched '/element' to command name 'findElement'
[debug] &amp#27;[35m[WD Proxy]&amp#27;[39m Proxying [POST /element] to [POST http://127.0.0.1:8200/wd/hub/session/05558cfb-4cab-4ab5-9c88-c136f1430733/element] with body: {"strategy":"xpath","selector":"//android.widget.LinearLayout[2]/android.widget.LinearLayout","context":"","multiple":false}
[debug] &amp#27;[35m[WD Proxy]&amp#27;[39m Got response with status 200: {"sessionId":"05558cfb-4cab-4ab5-9c88-c136f1430733","value":{"ELEMENT":"0f120f0f-8f32-4cd8-bb21-1bf33ac97d2c","element-6066-11e4-a52e-4f735466cecf":"0f120f0f-8f32-4cd8-bb21-1bf33ac97d2c"}}
[debug] &amp#27;[35m[W3C (c8f67fea)]&amp#27;[39m Responding to client with driver.findElement() result: {"element-6066-11e4-a52e-4f735466cecf":"0f120f0f-8f32-4cd8-bb21-1bf33ac97d2c","ELEMENT":"0f120f0f-8f32-4cd8-bb21-1bf33ac97d2c"}
&amp#27;[35m[HTTP]&amp#27;[39m &amp#27;[37m<-- POST /wd/hub/session/c8f67fea-aa1e-4cc0-8af9-22de90b109c0/element &amp#27;[39m&amp#27;[32m200&amp#27;[39m &amp#27;[90m321 ms - 137&amp#27;[39m
&amp#27;[35m[HTTP]&amp#27;[39m &amp#27;[90m&amp#27;[39m
&amp#27;[35m[HTTP]&amp#27;[39m &amp#27;[37m-->&amp#27;[39m &amp#27;[37mPOST&amp#27;[39m &amp#27;[37m/wd/hub/session/c8f67fea-aa1e-4cc0-8af9-22de90b109c0/element/0f120f0f-8f32-4cd8-bb21-1bf33ac97d2c/click&amp#27;[39m
&amp#27;[35m[HTTP]&amp#27;[39m &amp#27;[90m{"id":"0f120f0f-8f32-4cd8-bb21-1bf33ac97d2c"}&amp#27;[39m
[debug] &amp#27;[35m[W3C (c8f67fea)]&amp#27;[39m Calling AppiumDriver.click() with args: ["0f120f0f-8f32-4cd8-bb21-1bf33ac97d2c","c8f67fea-aa1e-4cc0-8af9-22de90b109c0"]
[debug] &amp#27;[35m[WD Proxy]&amp#27;[39m Matched '/element/0f120f0f-8f32-4cd8-bb21-1bf33ac97d2c/click' to command name 'click'
[debug] &amp#27;[35m[WD Proxy]&amp#27;[39m Proxying [POST /element/0f120f0f-8f32-4cd8-bb21-1bf33ac97d2c/click] to [POST http://127.0.0.1:8200/wd/hub/session/05558cfb-4cab-4ab5-9c88-c136f1430733/element/0f120f0f-8f32-4cd8-bb21-1bf33ac97d2c/click] with body: {"element":"0f120f0f-8f32-4cd8-bb21-1bf33ac97d2c"}
[debug] &amp#27;[35m[WD Proxy]&amp#27;[39m Got response with status 200: {"sessionId":"05558cfb-4cab-4ab5-9c88-c136f1430733","value":null}
[debug] &amp#27;[35m[W3C (c8f67fea)]&amp#27;[39m Responding to client with driver.click() result: null
&amp#27;[35m[HTTP]&amp#27;[39m &amp#27;[37m<-- POST /wd/hub/session/c8f67fea-aa1e-4cc0-8af9-22de90b109c0/element/0f120f0f-8f32-4cd8-bb21-1bf33ac97d2c/click &amp#27;[39m&amp#27;[32m200&amp#27;[39m &amp#27;[90m485 ms - 14&amp#27;[39m
&amp#27;[35m[HTTP]&amp#27;[39m &amp#27;[90m&amp#27;[39m
&amp#27;[35m[HTTP]&amp#27;[39m &amp#27;[37m-->&amp#27;[39m &amp#27;[37mPOST&amp#27;[39m &amp#27;[37m/wd/hub/session/c8f67fea-aa1e-4cc0-8af9-22de90b109c0/timeouts&amp#27;[39m
&amp#27;[35m[HTTP]&amp#27;[39m &amp#27;[90m{"implicit":50000}&amp#27;[39m
[debug] &amp#27;[35m[W3C (c8f67fea)]&amp#27;[39m Calling AppiumDriver.timeouts() with args: [null,null,null,null,50000,"c8f67fea-aa1e-4cc0-8af9-22de90b109c0"]
[debug] &amp#27;[35m[BaseDriver]&amp#27;[39m W3C timeout argument: {"implicit":50000}}
[debug] &amp#27;[35m[BaseDriver]&amp#27;[39m Set implicit wait to 50000ms
[debug] &amp#27;[35m[W3C (c8f67fea)]&amp#27;[39m Responding to client with driver.timeouts() result: null
&amp#27;[35m[HTTP]&amp#27;[39m &amp#27;[37m<-- POST /wd/hub/session/c8f67fea-aa1e-4cc0-8af9-22de90b109c0/timeouts &amp#27;[39m&amp#27;[32m200&amp#27;[39m &amp#27;[90m1 ms - 14&amp#27;[39m
&amp#27;[35m[HTTP]&amp#27;[39m &amp#27;[90m&amp#27;[39m
&amp#27;[35m[HTTP]&amp#27;[39m &amp#27;[37m-->&amp#27;[39m &amp#27;[37mGET&amp#27;[39m &amp#27;[37m/wd/hub/session/c8f67fea-aa1e-4cc0-8af9-22de90b109c0&amp#27;[39m
&amp#27;[35m[HTTP]&amp#27;[39m &amp#27;[90m{}&amp#27;[39m
[debug] &amp#27;[35m[W3C (c8f67fea)]&amp#27;[39m Calling AppiumDriver.getSession() with args: ["c8f67fea-aa1e-4cc0-8af9-22de90b109c0"]
[debug] &amp#27;[35m[UiAutomator2]&amp#27;[39m Getting session details from server to mix in
[debug] &amp#27;[35m[WD Proxy]&amp#27;[39m Matched '/' to command name 'getSession'
[debug] &amp#27;[35m[WD Proxy]&amp#27;[39m Proxying [GET /] to [GET http://127.0.0.1:8200/wd/hub/session/05558cfb-4cab-4ab5-9c88-c136f1430733] with no body
[debug] &amp#27;[35m[WD Proxy]&amp#27;[39m Got response with status 200: {"sessionId":"05558cfb-4cab-4ab5-9c88-c136f1430733","value":{"lastScrollData":{"toIndex":-1,"maxScrollY":2299,"maxScrollX":0,"scrollY":2299,"scrollX":0,"fromIndex":-1,"itemCount":-1}}}
[debug] &amp#27;[35m[W3C (c8f67fea)]&amp#27;[39m Responding to client with driver.getSession() result: {"platform":"LINUX","webStorageEnabled":false,"takesScreenshot":true,"javascriptEnabled":true,"databaseEnabled":false,"networkConnectionEnabled":true,"locationContextEnabled":false,"warnings":{},"desired":{"platformName":"android","skipDeviceInitialization":true,"skipServerInstallation":false,"app":"./Resources/in.workindia.apk","appActivity":".RegisterActivity","appPackage":"in.workindia.nileshdungarwal.workindiaandroid","platformVersion":"8.1"},"platformName":"android","skipDeviceInitialization":true,"skipServerInstallation":false,"app":"./Resources/in.workindia.apk","appActivity":".RegisterActivity","appPackage":"in.workindia.nileshdungarwal.workindiaandroid","platformVersion":"8.1.0","deviceName":"emulator-5554","deviceUDID":"emulator-5554","deviceApiLevel":27,"deviceScreenSize":"1080x2160","deviceScreenDensity":440,"deviceModel":"Android SDK built for x86","deviceManufacturer":"Google","pixelRatio":2.75,"statBarHeight":66,"viewportRect":{"left":0,"top":66,"width":1080,"height":1962},"lastScrollData":{...
&amp#27;[35m[HTTP]&amp#27;[39m &amp#27;[37m<-- GET /wd/hub/session/c8f67fea-aa1e-4cc0-8af9-22de90b109c0 &amp#27;[39m&amp#27;[32m200&amp#27;[39m &amp#27;[90m12 ms - 1135&amp#27;[39m
&amp#27;[35m[HTTP]&amp#27;[39m &amp#27;[90m&amp#27;[39m
&amp#27;[35m[HTTP]&amp#27;[39m &amp#27;[37m-->&amp#27;[39m &amp#27;[37mGET&amp#27;[39m &amp#27;[37m/wd/hub/session/c8f67fea-aa1e-4cc0-8af9-22de90b109c0&amp#27;[39m
&amp#27;[35m[HTTP]&amp#27;[39m &amp#27;[90m{}&amp#27;[39m
[debug] &amp#27;[35m[W3C (c8f67fea)]&amp#27;[39m Calling AppiumDriver.getSession() with args: ["c8f67fea-aa1e-4cc0-8af9-22de90b109c0"]
[debug] &amp#27;[35m[UiAutomator2]&amp#27;[39m Getting session details from server to mix in
[debug] &amp#27;[35m[WD Proxy]&amp#27;[39m Matched '/' to command name 'getSession'
[debug] &amp#27;[35m[WD Proxy]&amp#27;[39m Proxying [GET /] to [GET http://127.0.0.1:8200/wd/hub/session/05558cfb-4cab-4ab5-9c88-c136f1430733] with no body
[debug] &amp#27;[35m[WD Proxy]&amp#27;[39m Got response with status 200: {"sessionId":"05558cfb-4cab-4ab5-9c88-c136f1430733","value":{"lastScrollData":{"toIndex":-1,"maxScrollY":2299,"maxScrollX":0,"scrollY":2299,"scrollX":0,"fromIndex":-1,"itemCount":-1}}}
[debug] &amp#27;[35m[W3C (c8f67fea)]&amp#27;[39m Responding to client with driver.getSession() result: {"platform":"LINUX","webStorageEnabled":false,"takesScreenshot":true,"javascriptEnabled":true,"databaseEnabled":false,"networkConnectionEnabled":true,"locationContextEnabled":false,"warnings":{},"desired":{"platformName":"android","skipDeviceInitialization":true,"skipServerInstallation":false,"app":"./Resources/in.workindia.apk","appActivity":".RegisterActivity","appPackage":"in.workindia.nileshdungarwal.workindiaandroid","platformVersion":"8.1"},"platformName":"android","skipDeviceInitialization":true,"skipServerInstallation":false,"app":"./Resources/in.workindia.apk","appActivity":".RegisterActivity","appPackage":"in.workindia.nileshdungarwal.workindiaandroid","platformVersion":"8.1.0","deviceName":"emulator-5554","deviceUDID":"emulator-5554","deviceApiLevel":27,"deviceScreenSize":"1080x2160","deviceScreenDensity":440,"deviceModel":"Android SDK built for x86","deviceManufacturer":"Google","pixelRatio":2.75,"statBarHeight":66,"viewportRect":{"left":0,"top":66,"width":1080,"height":1962},"lastScrollData":{...
&amp#27;[35m[HTTP]&amp#27;[39m &amp#27;[37m<-- GET /wd/hub/session/c8f67fea-aa1e-4cc0-8af9-22de90b109c0 &amp#27;[39m&amp#27;[32m200&amp#27;[39m &amp#27;[90m19 ms - 1135&amp#27;[39m
&amp#27;[35m[HTTP]&amp#27;[39m &amp#27;[90m&amp#27;[39m
&amp#27;[35m[HTTP]&amp#27;[39m &amp#27;[37m-->&amp#27;[39m &amp#27;[37mPOST&amp#27;[39m &amp#27;[37m/wd/hub/session/c8f67fea-aa1e-4cc0-8af9-22de90b109c0/element&amp#27;[39m
&amp#27;[35m[HTTP]&amp#27;[39m &amp#27;[90m{"using":"xpath","value":"//*[@text='Upload Your Own Resume']"}&amp#27;[39m
[debug] &amp#27;[35m[W3C (c8f67fea)]&amp#27;[39m Calling AppiumDriver.findElement() with args: ["xpath","//*[@text='Upload Your Own Resume']","c8f67fea-aa1e-4cc0-8af9-22de90b109c0"]
[debug] &amp#27;[35m[BaseDriver]&amp#27;[39m Valid locator strategies for this request: xpath, id, class name, accessibility id, css selector, -android uiautomator
[debug] &amp#27;[35m[BaseDriver]&amp#27;[39m Waiting up to 50000 ms for condition
[debug] &amp#27;[35m[WD Proxy]&amp#27;[39m Matched '/element' to command name 'findElement'
[debug] &amp#27;[35m[WD Proxy]&amp#27;[39m Proxying [POST /element] to [POST http://127.0.0.1:8200/wd/hub/session/05558cfb-4cab-4ab5-9c88-c136f1430733/element] with body: {"strategy":"xpath","selector":"//*[@text='Upload Your Own Resume']","context":"","multiple":false}
[debug] &amp#27;[35m[WD Proxy]&amp#27;[39m Got response with status 200: {"sessionId":"05558cfb-4cab-4ab5-9c88-c136f1430733","value":{"ELEMENT":"56d75fb9-0a0b-4f0e-8f97-8b2ed67d7d55","element-6066-11e4-a52e-4f735466cecf":"56d75fb9-0a0b-4f0e-8f97-8b2ed67d7d55"}}
[debug] &amp#27;[35m[W3C (c8f67fea)]&amp#27;[39m Responding to client with driver.findElement() result: {"element-6066-11e4-a52e-4f735466cecf":"56d75fb9-0a0b-4f0e-8f97-8b2ed67d7d55","ELEMENT":"56d75fb9-0a0b-4f0e-8f97-8b2ed67d7d55"}
&amp#27;[35m[HTTP]&amp#27;[39m &amp#27;[37m<-- POST /wd/hub/session/c8f67fea-aa1e-4cc0-8af9-22de90b109c0/element &amp#27;[39m&amp#27;[32m200&amp#27;[39m &amp#27;[90m1488 ms - 137&amp#27;[39m
&amp#27;[35m[HTTP]&amp#27;[39m &amp#27;[90m&amp#27;[39m
&amp#27;[35m[HTTP]&amp#27;[39m &amp#27;[37m-->&amp#27;[39m &amp#27;[37mGET&amp#27;[39m &amp#27;[37m/wd/hub/session/c8f67fea-aa1e-4cc0-8af9-22de90b109c0/element/56d75fb9-0a0b-4f0e-8f97-8b2ed67d7d55/text&amp#27;[39m
&amp#27;[35m[HTTP]&amp#27;[39m &amp#27;[90m{}&amp#27;[39m
&amp#27;[35m[W3C (c8f67fea)]&amp#27;[39m Driver proxy active, passing request on via HTTP proxy
[debug] &amp#27;[35m[WD Proxy]&amp#27;[39m Matched '/wd/hub/session/c8f67fea-aa1e-4cc0-8af9-22de90b109c0/element/56d75fb9-0a0b-4f0e-8f97-8b2ed67d7d55/text' to command name 'getText'
[debug] &amp#27;[35m[WD Proxy]&amp#27;[39m Proxying [GET /wd/hub/session/c8f67fea-aa1e-4cc0-8af9-22de90b109c0/element/56d75fb9-0a0b-4f0e-8f97-8b2ed67d7d55/text] to [GET http://127.0.0.1:8200/wd/hub/session/05558cfb-4cab-4ab5-9c88-c136f1430733/element/56d75fb9-0a0b-4f0e-8f97-8b2ed67d7d55/text] with no body
[debug] &amp#27;[35m[WD Proxy]&amp#27;[39m Got response with status 200: {"sessionId":"05558cfb-4cab-4ab5-9c88-c136f1430733","value":"Upload Your Own Resume"}
&amp#27;[35m[WD Proxy]&amp#27;[39m Replacing sessionId 05558cfb-4cab-4ab5-9c88-c136f1430733 with c8f67fea-aa1e-4cc0-8af9-22de90b109c0
&amp#27;[35m[HTTP]&amp#27;[39m &amp#27;[37m<-- GET /wd/hub/session/c8f67fea-aa1e-4cc0-8af9-22de90b109c0/element/56d75fb9-0a0b-4f0e-8f97-8b2ed67d7d55/text &amp#27;[39m&amp#27;[32m200&amp#27;[39m &amp#27;[90m9 ms - 85&amp#27;[39m
&amp#27;[35m[HTTP]&amp#27;[39m &amp#27;[90m&amp#27;[39m
&amp#27;[35m[HTTP]&amp#27;[39m &amp#27;[37m-->&amp#27;[39m &amp#27;[37mGET&amp#27;[39m &amp#27;[37m/wd/hub/session/c8f67fea-aa1e-4cc0-8af9-22de90b109c0&amp#27;[39m
&amp#27;[35m[HTTP]&amp#27;[39m &amp#27;[90m{}&amp#27;[39m
[debug] &amp#27;[35m[W3C (c8f67fea)]&amp#27;[39m Calling AppiumDriver.getSession() with args: ["c8f67fea-aa1e-4cc0-8af9-22de90b109c0"]
[debug] &amp#27;[35m[UiAutomator2]&amp#27;[39m Getting session details from server to mix in
[debug] &amp#27;[35m[WD Proxy]&amp#27;[39m Matched '/' to command name 'getSession'
[debug] &amp#27;[35m[WD Proxy]&amp#27;[39m Proxying [GET /] to [GET http://127.0.0.1:8200/wd/hub/session/05558cfb-4cab-4ab5-9c88-c136f1430733] with no body
[debug] &amp#27;[35m[WD Proxy]&amp#27;[39m Got response with status 200: {"sessionId":"05558cfb-4cab-4ab5-9c88-c136f1430733","value":{"lastScrollData":{"toIndex":-1,"maxScrollY":2299,"maxScrollX":0,"scrollY":2299,"scrollX":0,"fromIndex":-1,"itemCount":-1}}}
[debug] &amp#27;[35m[W3C (c8f67fea)]&amp#27;[39m Responding to client with driver.getSession() result: {"platform":"LINUX","webStorageEnabled":false,"takesScreenshot":true,"javascriptEnabled":true,"databaseEnabled":false,"networkConnectionEnabled":true,"locationContextEnabled":false,"warnings":{},"desired":{"platformName":"android","skipDeviceInitialization":true,"skipServerInstallation":false,"app":"./Resources/in.workindia.apk","appActivity":".RegisterActivity","appPackage":"in.workindia.nileshdungarwal.workindiaandroid","platformVersion":"8.1"},"platformName":"android","skipDeviceInitialization":true,"skipServerInstallation":false,"app":"./Resources/in.workindia.apk","appActivity":".RegisterActivity","appPackage":"in.workindia.nileshdungarwal.workindiaandroid","platformVersion":"8.1.0","deviceName":"emulator-5554","deviceUDID":"emulator-5554","deviceApiLevel":27,"deviceScreenSize":"1080x2160","deviceScreenDensity":440,"deviceModel":"Android SDK built for x86","deviceManufacturer":"Google","pixelRatio":2.75,"statBarHeight":66,"viewportRect":{"left":0,"top":66,"width":1080,"height":1962},"lastScrollData":{...
&amp#27;[35m[HTTP]&amp#27;[39m &amp#27;[37m<-- GET /wd/hub/session/c8f67fea-aa1e-4cc0-8af9-22de90b109c0 &amp#27;[39m&amp#27;[32m200&amp#27;[39m &amp#27;[90m10 ms - 1135&amp#27;[39m
&amp#27;[35m[HTTP]&amp#27;[39m &amp#27;[90m&amp#27;[39m
&amp#27;[35m[HTTP]&amp#27;[39m &amp#27;[37m-->&amp#27;[39m &amp#27;[37mPOST&amp#27;[39m &amp#27;[37m/wd/hub/session/c8f67fea-aa1e-4cc0-8af9-22de90b109c0/element&amp#27;[39m
&amp#27;[35m[HTTP]&amp#27;[39m &amp#27;[90m{"using":"id","value":"in.workindia.nileshdungarwal.workindiaandroid:id/ll_qualification"}&amp#27;[39m
[debug] &amp#27;[35m[W3C (c8f67fea)]&amp#27;[39m Calling AppiumDriver.findElement() with args: ["id","in.workindia.nileshdungarwal.workindiaandroid:id/ll_qualification","c8f67fea-aa1e-4cc0-8af9-22de90b109c0"]
[debug] &amp#27;[35m[BaseDriver]&amp#27;[39m Valid locator strategies for this request: xpath, id, class name, accessibility id, css selector, -android uiautomator
[debug] &amp#27;[35m[BaseDriver]&amp#27;[39m Waiting up to 50000 ms for condition
[debug] &amp#27;[35m[WD Proxy]&amp#27;[39m Matched '/element' to command name 'findElement'
[debug] &amp#27;[35m[WD Proxy]&amp#27;[39m Proxying [POST /element] to [POST http://127.0.0.1:8200/wd/hub/session/05558cfb-4cab-4ab5-9c88-c136f1430733/element] with body: {"strategy":"id","selector":"in.workindia.nileshdungarwal.workindiaandroid:id/ll_qualification","context":"","multiple":false}
[debug] &amp#27;[35m[WD Proxy]&amp#27;[39m Got response with status 200: {"sessionId":"05558cfb-4cab-4ab5-9c88-c136f1430733","value":{"ELEMENT":"19818355-233e-408d-96dd-c937517f41d4","element-6066-11e4-a52e-4f735466cecf":"19818355-233e-408d-96dd-c937517f41d4"}}
[debug] &amp#27;[35m[W3C (c8f67fea)]&amp#27;[39m Responding to client with driver.findElement() result: {"element-6066-11e4-a52e-4f735466cecf":"19818355-233e-408d-96dd-c937517f41d4","ELEMENT":"19818355-233e-408d-96dd-c937517f41d4"}
&amp#27;[35m[HTTP]&amp#27;[39m &amp#27;[37m<-- POST /wd/hub/session/c8f67fea-aa1e-4cc0-8af9-22de90b109c0/element &amp#27;[39m&amp#27;[32m200&amp#27;[39m &amp#27;[90m31 ms - 137&amp#27;[39m
&amp#27;[35m[HTTP]&amp#27;[39m &amp#27;[90m&amp#27;[39m
&amp#27;[35m[HTTP]&amp#27;[39m &amp#27;[37m-->&amp#27;[39m &amp#27;[37mPOST&amp#27;[39m &amp#27;[37m/wd/hub/session/c8f67fea-aa1e-4cc0-8af9-22de90b109c0/element/19818355-233e-408d-96dd-c937517f41d4/click&amp#27;[39m
&amp#27;[35m[HTTP]&amp#27;[39m &amp#27;[90m{"id":"19818355-233e-408d-96dd-c937517f41d4"}&amp#27;[39m
[debug] &amp#27;[35m[W3C (c8f67fea)]&amp#27;[39m Calling AppiumDriver.click() with args: ["19818355-233e-408d-96dd-c937517f41d4","c8f67fea-aa1e-4cc0-8af9-22de90b109c0"]
[debug] &amp#27;[35m[WD Proxy]&amp#27;[39m Matched '/element/19818355-233e-408d-96dd-c937517f41d4/click' to command name 'click'
[debug] &amp#27;[35m[WD Proxy]&amp#27;[39m Proxying [POST /element/19818355-233e-408d-96dd-c937517f41d4/click] to [POST http://127.0.0.1:8200/wd/hub/session/05558cfb-4cab-4ab5-9c88-c136f1430733/element/19818355-233e-408d-96dd-c937517f41d4/click] with body: {"element":"19818355-233e-408d-96dd-c937517f41d4"}
[debug] &amp#27;[35m[WD Proxy]&amp#27;[39m Got response with status 200: {"sessionId":"05558cfb-4cab-4ab5-9c88-c136f1430733","value":null}
[debug] &amp#27;[35m[W3C (c8f67fea)]&amp#27;[39m Responding to client with driver.click() result: null
&amp#27;[35m[HTTP]&amp#27;[39m &amp#27;[37m<-- POST /wd/hub/session/c8f67fea-aa1e-4cc0-8af9-22de90b109c0/element/19818355-233e-408d-96dd-c937517f41d4/click &amp#27;[39m&amp#27;[32m200&amp#27;[39m &amp#27;[90m31 ms - 14&amp#27;[39m
&amp#27;[35m[HTTP]&amp#27;[39m &amp#27;[90m&amp#27;[39m
&amp#27;[35m[HTTP]&amp#27;[39m &amp#27;[37m-->&amp#27;[39m &amp#27;[37mPOST&amp#27;[39m &amp#27;[37m/wd/hub/session/c8f67fea-aa1e-4cc0-8af9-22de90b109c0/timeouts&amp#27;[39m
&amp#27;[35m[HTTP]&amp#27;[39m &amp#27;[90m{"implicit":50000}&amp#27;[39m
[debug] &amp#27;[35m[W3C (c8f67fea)]&amp#27;[39m Calling AppiumDriver.timeouts() with args: [null,null,null,null,50000,"c8f67fea-aa1e-4cc0-8af9-22de90b109c0"]
[debug] &amp#27;[35m[BaseDriver]&amp#27;[39m W3C timeout argument: {"implicit":50000}}
[debug] &amp#27;[35m[BaseDriver]&amp#27;[39m Set implicit wait to 50000ms
[debug] &amp#27;[35m[W3C (c8f67fea)]&amp#27;[39m Responding to client with driver.timeouts() result: null
&amp#27;[35m[HTTP]&amp#27;[39m &amp#27;[37m<-- POST /wd/hub/session/c8f67fea-aa1e-4cc0-8af9-22de90b109c0/timeouts &amp#27;[39m&amp#27;[32m200&amp#27;[39m &amp#27;[90m2 ms - 14&amp#27;[39m
&amp#27;[35m[HTTP]&amp#27;[39m &amp#27;[90m&amp#27;[39m
&amp#27;[35m[HTTP]&amp#27;[39m &amp#27;[37m-->&amp#27;[39m &amp#27;[37mGET&amp#27;[39m &amp#27;[37m/wd/hub/session/c8f67fea-aa1e-4cc0-8af9-22de90b109c0&amp#27;[39m
&amp#27;[35m[HTTP]&amp#27;[39m &amp#27;[90m{}&amp#27;[39m
[debug] &amp#27;[35m[W3C (c8f67fea)]&amp#27;[39m Calling AppiumDriver.getSession() with args: ["c8f67fea-aa1e-4cc0-8af9-22de90b109c0"]
[debug] &amp#27;[35m[UiAutomator2]&amp#27;[39m Getting session details from server to mix in
[debug] &amp#27;[35m[WD Proxy]&amp#27;[39m Matched '/' to command name 'getSession'
[debug] &amp#27;[35m[WD Proxy]&amp#27;[39m Proxying [GET /] to [GET http://127.0.0.1:8200/wd/hub/session/05558cfb-4cab-4ab5-9c88-c136f1430733] with no body
[debug] &amp#27;[35m[WD Proxy]&amp#27;[39m Got response with status 200: {"sessionId":"05558cfb-4cab-4ab5-9c88-c136f1430733","value":{"lastScrollData":{"toIndex":-1,"maxScrollY":2299,"maxScrollX":0,"scrollY":2299,"scrollX":0,"fromIndex":-1,"itemCount":-1}}}
[debug] &amp#27;[35m[W3C (c8f67fea)]&amp#27;[39m Responding to client with driver.getSession() result: {"platform":"LINUX","webStorageEnabled":false,"takesScreenshot":true,"javascriptEnabled":true,"databaseEnabled":false,"networkConnectionEnabled":true,"locationContextEnabled":false,"warnings":{},"desired":{"platformName":"android","skipDeviceInitialization":true,"skipServerInstallation":false,"app":"./Resources/in.workindia.apk","appActivity":".RegisterActivity","appPackage":"in.workindia.nileshdungarwal.workindiaandroid","platformVersion":"8.1"},"platformName":"android","skipDeviceInitialization":true,"skipServerInstallation":false,"app":"./Resources/in.workindia.apk","appActivity":".RegisterActivity","appPackage":"in.workindia.nileshdungarwal.workindiaandroid","platformVersion":"8.1.0","deviceName":"emulator-5554","deviceUDID":"emulator-5554","deviceApiLevel":27,"deviceScreenSize":"1080x2160","deviceScreenDensity":440,"deviceModel":"Android SDK built for x86","deviceManufacturer":"Google","pixelRatio":2.75,"statBarHeight":66,"viewportRect":{"left":0,"top":66,"width":1080,"height":1962},"lastScrollData":{...
&amp#27;[35m[HTTP]&amp#27;[39m &amp#27;[37m<-- GET /wd/hub/session/c8f67fea-aa1e-4cc0-8af9-22de90b109c0 &amp#27;[39m&amp#27;[32m200&amp#27;[39m &amp#27;[90m13 ms - 1135&amp#27;[39m
&amp#27;[35m[HTTP]&amp#27;[39m &amp#27;[90m&amp#27;[39m
&amp#27;[35m[HTTP]&amp#27;[39m &amp#27;[37m-->&amp#27;[39m &amp#27;[37mPOST&amp#27;[39m &amp#27;[37m/wd/hub/session/c8f67fea-aa1e-4cc0-8af9-22de90b109c0/element&amp#27;[39m
&amp#27;[35m[HTTP]&amp#27;[39m &amp#27;[90m{"using":"id","value":"in.workindia.nileshdungarwal.workindiaandroid:id/rb_hsc"}&amp#27;[39m
[debug] &amp#27;[35m[W3C (c8f67fea)]&amp#27;[39m Calling AppiumDriver.findElement() with args: ["id","in.workindia.nileshdungarwal.workindiaandroid:id/rb_hsc","c8f67fea-aa1e-4cc0-8af9-22de90b109c0"]
[debug] &amp#27;[35m[BaseDriver]&amp#27;[39m Valid locator strategies for this request: xpath, id, class name, accessibility id, css selector, -android uiautomator
[debug] &amp#27;[35m[BaseDriver]&amp#27;[39m Waiting up to 50000 ms for condition
[debug] &amp#27;[35m[WD Proxy]&amp#27;[39m Matched '/element' to command name 'findElement'
[debug] &amp#27;[35m[WD Proxy]&amp#27;[39m Proxying [POST /element] to [POST http://127.0.0.1:8200/wd/hub/session/05558cfb-4cab-4ab5-9c88-c136f1430733/element] with body: {"strategy":"id","selector":"in.workindia.nileshdungarwal.workindiaandroid:id/rb_hsc","context":"","multiple":false}
[debug] &amp#27;[35m[WD Proxy]&amp#27;[39m Got response with status 200: {"sessionId":"05558cfb-4cab-4ab5-9c88-c136f1430733","value":{"ELEMENT":"8e9d319b-e805-4a73-82f0-e70bf6f6fdbb","element-6066-11e4-a52e-4f735466cecf":"8e9d319b-e805-4a73-82f0-e70bf6f6fdbb"}}
[debug] &amp#27;[35m[W3C (c8f67fea)]&amp#27;[39m Responding to client with driver.findElement() result: {"element-6066-11e4-a52e-4f735466cecf":"8e9d319b-e805-4a73-82f0-e70bf6f6fdbb","ELEMENT":"8e9d319b-e805-4a73-82f0-e70bf6f6fdbb"}
&amp#27;[35m[HTTP]&amp#27;[39m &amp#27;[37m<-- POST /wd/hub/session/c8f67fea-aa1e-4cc0-8af9-22de90b109c0/element &amp#27;[39m&amp#27;[32m200&amp#27;[39m &amp#27;[90m617 ms - 137&amp#27;[39m
&amp#27;[35m[HTTP]&amp#27;[39m &amp#27;[90m&amp#27;[39m
&amp#27;[35m[HTTP]&amp#27;[39m &amp#27;[37m-->&amp#27;[39m &amp#27;[37mPOST&amp#27;[39m &amp#27;[37m/wd/hub/session/c8f67fea-aa1e-4cc0-8af9-22de90b109c0/element/8e9d319b-e805-4a73-82f0-e70bf6f6fdbb/click&amp#27;[39m
&amp#27;[35m[HTTP]&amp#27;[39m &amp#27;[90m{"id":"8e9d319b-e805-4a73-82f0-e70bf6f6fdbb"}&amp#27;[39m
[debug] &amp#27;[35m[W3C (c8f67fea)]&amp#27;[39m Calling AppiumDriver.click() with args: ["8e9d319b-e805-4a73-82f0-e70bf6f6fdbb","c8f67fea-aa1e-4cc0-8af9-22de90b109c0"]
[debug] &amp#27;[35m[WD Proxy]&amp#27;[39m Matched '/element/8e9d319b-e805-4a73-82f0-e70bf6f6fdbb/click' to command name 'click'
[debug] &amp#27;[35m[WD Proxy]&amp#27;[39m Proxying [POST /element/8e9d319b-e805-4a73-82f0-e70bf6f6fdbb/click] to [POST http://127.0.0.1:8200/wd/hub/session/05558cfb-4cab-4ab5-9c88-c136f1430733/element/8e9d319b-e805-4a73-82f0-e70bf6f6fdbb/click] with body: {"element":"8e9d319b-e805-4a73-82f0-e70bf6f6fdbb"}
[debug] &amp#27;[35m[WD Proxy]&amp#27;[39m Got response with status 200: {"sessionId":"05558cfb-4cab-4ab5-9c88-c136f1430733","value":null}
[debug] &amp#27;[35m[W3C (c8f67fea)]&amp#27;[39m Responding to client with driver.click() result: null
&amp#27;[35m[HTTP]&amp#27;[39m &amp#27;[37m<-- POST /wd/hub/session/c8f67fea-aa1e-4cc0-8af9-22de90b109c0/element/8e9d319b-e805-4a73-82f0-e70bf6f6fdbb/click &amp#27;[39m&amp#27;[32m200&amp#27;[39m &amp#27;[90m93 ms - 14&amp#27;[39m
&amp#27;[35m[HTTP]&amp#27;[39m &amp#27;[90m&amp#27;[39m
&amp#27;[35m[HTTP]&amp#27;[39m &amp#27;[37m-->&amp#27;[39m &amp#27;[37mPOST&amp#27;[39m &amp#27;[37m/wd/hub/session/c8f67fea-aa1e-4cc0-8af9-22de90b109c0/timeouts&amp#27;[39m
&amp#27;[35m[HTTP]&amp#27;[39m &amp#27;[90m{"implicit":50000}&amp#27;[39m
[debug] &amp#27;[35m[W3C (c8f67fea)]&amp#27;[39m Calling AppiumDriver.timeouts() with args: [null,null,null,null,50000,"c8f67fea-aa1e-4cc0-8af9-22de90b109c0"]
[debug] &amp#27;[35m[BaseDriver]&amp#27;[39m W3C timeout argument: {"implicit":50000}}
[debug] &amp#27;[35m[BaseDriver]&amp#27;[39m Set implicit wait to 50000ms
[debug] &amp#27;[35m[W3C (c8f67fea)]&amp#27;[39m Responding to client with driver.timeouts() result: null
&amp#27;[35m[HTTP]&amp#27;[39m &amp#27;[37m<-- POST /wd/hub/session/c8f67fea-aa1e-4cc0-8af9-22de90b109c0/timeouts &amp#27;[39m&amp#27;[32m200&amp#27;[39m &amp#27;[90m3 ms - 14&amp#27;[39m
&amp#27;[35m[HTTP]&amp#27;[39m &amp#27;[90m&amp#27;[39m
&amp#27;[35m[HTTP]&amp#27;[39m &amp#27;[37m-->&amp#27;[39m &amp#27;[37mGET&amp#27;[39m &amp#27;[37m/wd/hub/session/c8f67fea-aa1e-4cc0-8af9-22de90b109c0&amp#27;[39m
&amp#27;[35m[HTTP]&amp#27;[39m &amp#27;[90m{}&amp#27;[39m
[debug] &amp#27;[35m[W3C (c8f67fea)]&amp#27;[39m Calling AppiumDriver.getSession() with args: ["c8f67fea-aa1e-4cc0-8af9-22de90b109c0"]
[debug] &amp#27;[35m[UiAutomator2]&amp#27;[39m Getting session details from server to mix in
[debug] &amp#27;[35m[WD Proxy]&amp#27;[39m Matched '/' to command name 'getSession'
[debug] &amp#27;[35m[WD Proxy]&amp#27;[39m Proxying [GET /] to [GET http://127.0.0.1:8200/wd/hub/session/05558cfb-4cab-4ab5-9c88-c136f1430733] with no body
[debug] &amp#27;[35m[WD Proxy]&amp#27;[39m Got response with status 200: {"sessionId":"05558cfb-4cab-4ab5-9c88-c136f1430733","value":{"lastScrollData":{"toIndex":-1,"maxScrollY":2299,"maxScrollX":0,"scrollY":2299,"scrollX":0,"fromIndex":-1,"itemCount":-1}}}
[debug] &amp#27;[35m[W3C (c8f67fea)]&amp#27;[39m Responding to client with driver.getSession() result: {"platform":"LINUX","webStorageEnabled":false,"takesScreenshot":true,"javascriptEnabled":true,"databaseEnabled":false,"networkConnectionEnabled":true,"locationContextEnabled":false,"warnings":{},"desired":{"platformName":"android","skipDeviceInitialization":true,"skipServerInstallation":false,"app":"./Resources/in.workindia.apk","appActivity":".RegisterActivity","appPackage":"in.workindia.nileshdungarwal.workindiaandroid","platformVersion":"8.1"},"platformName":"android","skipDeviceInitialization":true,"skipServerInstallation":false,"app":"./Resources/in.workindia.apk","appActivity":".RegisterActivity","appPackage":"in.workindia.nileshdungarwal.workindiaandroid","platformVersion":"8.1.0","deviceName":"emulator-5554","deviceUDID":"emulator-5554","deviceApiLevel":27,"deviceScreenSize":"1080x2160","deviceScreenDensity":440,"deviceModel":"Android SDK built for x86","deviceManufacturer":"Google","pixelRatio":2.75,"statBarHeight":66,"viewportRect":{"left":0,"top":66,"width":1080,"height":1962},"lastScrollData":{...
&amp#27;[35m[HTTP]&amp#27;[39m &amp#27;[37m<-- GET /wd/hub/session/c8f67fea-aa1e-4cc0-8af9-22de90b109c0 &amp#27;[39m&amp#27;[32m200&amp#27;[39m &amp#27;[90m24 ms - 1135&amp#27;[39m
&amp#27;[35m[HTTP]&amp#27;[39m &amp#27;[90m&amp#27;[39m
&amp#27;[35m[HTTP]&amp#27;[39m &amp#27;[37m-->&amp#27;[39m &amp#27;[37mPOST&amp#27;[39m &amp#27;[37m/wd/hub/session/c8f67fea-aa1e-4cc0-8af9-22de90b109c0/element&amp#27;[39m
&amp#27;[35m[HTTP]&amp#27;[39m &amp#27;[90m{"using":"id","value":"android:id/button1"}&amp#27;[39m
[debug] &amp#27;[35m[W3C (c8f67fea)]&amp#27;[39m Calling AppiumDriver.findElement() with args: ["id","android:id/button1","c8f67fea-aa1e-4cc0-8af9-22de90b109c0"]
[debug] &amp#27;[35m[BaseDriver]&amp#27;[39m Valid locator strategies for this request: xpath, id, class name, accessibility id, css selector, -android uiautomator
[debug] &amp#27;[35m[BaseDriver]&amp#27;[39m Waiting up to 50000 ms for condition
[debug] &amp#27;[35m[WD Proxy]&amp#27;[39m Matched '/element' to command name 'findElement'
[debug] &amp#27;[35m[WD Proxy]&amp#27;[39m Proxying [POST /element] to [POST http://127.0.0.1:8200/wd/hub/session/05558cfb-4cab-4ab5-9c88-c136f1430733/element] with body: {"strategy":"id","selector":"android:id/button1","context":"","multiple":false}
[debug] &amp#27;[35m[WD Proxy]&amp#27;[39m Got response with status 200: {"sessionId":"05558cfb-4cab-4ab5-9c88-c136f1430733","value":{"ELEMENT":"71934000-6d37-4e4c-ad1d-5b019720623e","element-6066-11e4-a52e-4f735466cecf":"71934000-6d37-4e4c-ad1d-5b019720623e"}}
[debug] &amp#27;[35m[W3C (c8f67fea)]&amp#27;[39m Responding to client with driver.findElement() result: {"element-6066-11e4-a52e-4f735466cecf":"71934000-6d37-4e4c-ad1d-5b019720623e","ELEMENT":"71934000-6d37-4e4c-ad1d-5b019720623e"}
&amp#27;[35m[HTTP]&amp#27;[39m &amp#27;[37m<-- POST /wd/hub/session/c8f67fea-aa1e-4cc0-8af9-22de90b109c0/element &amp#27;[39m&amp#27;[32m200&amp#27;[39m &amp#27;[90m467 ms - 137&amp#27;[39m
&amp#27;[35m[HTTP]&amp#27;[39m &amp#27;[90m&amp#27;[39m
&amp#27;[35m[HTTP]&amp#27;[39m &amp#27;[37m-->&amp#27;[39m &amp#27;[37mPOST&amp#27;[39m &amp#27;[37m/wd/hub/session/c8f67fea-aa1e-4cc0-8af9-22de90b109c0/element/71934000-6d37-4e4c-ad1d-5b019720623e/click&amp#27;[39m
&amp#27;[35m[HTTP]&amp#27;[39m &amp#27;[90m{"id":"71934000-6d37-4e4c-ad1d-5b019720623e"}&amp#27;[39m
[debug] &amp#27;[35m[W3C (c8f67fea)]&amp#27;[39m Calling AppiumDriver.click() with args: ["71934000-6d37-4e4c-ad1d-5b019720623e","c8f67fea-aa1e-4cc0-8af9-22de90b109c0"]
[debug] &amp#27;[35m[WD Proxy]&amp#27;[39m Matched '/element/71934000-6d37-4e4c-ad1d-5b019720623e/click' to command name 'click'
[debug] &amp#27;[35m[WD Proxy]&amp#27;[39m Proxying [POST /element/71934000-6d37-4e4c-ad1d-5b019720623e/click] to [POST http://127.0.0.1:8200/wd/hub/session/05558cfb-4cab-4ab5-9c88-c136f1430733/element/71934000-6d37-4e4c-ad1d-5b019720623e/click] with body: {"element":"71934000-6d37-4e4c-ad1d-5b019720623e"}
[debug] &amp#27;[35m[WD Proxy]&amp#27;[39m Got response with status 200: {"sessionId":"05558cfb-4cab-4ab5-9c88-c136f1430733","value":null}
[debug] &amp#27;[35m[W3C (c8f67fea)]&amp#27;[39m Responding to client with driver.click() result: null
&amp#27;[35m[HTTP]&amp#27;[39m &amp#27;[37m<-- POST /wd/hub/session/c8f67fea-aa1e-4cc0-8af9-22de90b109c0/element/71934000-6d37-4e4c-ad1d-5b019720623e/click &amp#27;[39m&amp#27;[32m200&amp#27;[39m &amp#27;[90m33 ms - 14&amp#27;[39m
&amp#27;[35m[HTTP]&amp#27;[39m &amp#27;[90m&amp#27;[39m
&amp#27;[35m[HTTP]&amp#27;[39m &amp#27;[37m-->&amp#27;[39m &amp#27;[37mPOST&amp#27;[39m &amp#27;[37m/wd/hub/session/c8f67fea-aa1e-4cc0-8af9-22de90b109c0/timeouts&amp#27;[39m
&amp#27;[35m[HTTP]&amp#27;[39m &amp#27;[90m{"implicit":50000}&amp#27;[39m
[debug] &amp#27;[35m[W3C (c8f67fea)]&amp#27;[39m Calling AppiumDriver.timeouts() with args: [null,null,null,null,50000,"c8f67fea-aa1e-4cc0-8af9-22de90b109c0"]
[debug] &amp#27;[35m[BaseDriver]&amp#27;[39m W3C timeout argument: {"implicit":50000}}
[debug] &amp#27;[35m[BaseDriver]&amp#27;[39m Set implicit wait to 50000ms
[debug] &amp#27;[35m[W3C (c8f67fea)]&amp#27;[39m Responding to client with driver.timeouts() result: null
&amp#27;[35m[HTTP]&amp#27;[39m &amp#27;[37m<-- POST /wd/hub/session/c8f67fea-aa1e-4cc0-8af9-22de90b109c0/timeouts &amp#27;[39m&amp#27;[32m200&amp#27;[39m &amp#27;[90m3 ms - 14&amp#27;[39m
&amp#27;[35m[HTTP]&amp#27;[39m &amp#27;[90m&amp#27;[39m
&amp#27;[35m[HTTP]&amp#27;[39m &amp#27;[37m-->&amp#27;[39m &amp#27;[37mDELETE&amp#27;[39m &amp#27;[37m/wd/hub/session/c8f67fea-aa1e-4cc0-8af9-22de90b109c0&amp#27;[39m
&amp#27;[35m[HTTP]&amp#27;[39m &amp#27;[90m{}&amp#27;[39m
[debug] &amp#27;[35m[W3C (c8f67fea)]&amp#27;[39m Calling AppiumDriver.deleteSession() with args: ["c8f67fea-aa1e-4cc0-8af9-22de90b109c0"]
[debug] &amp#27;[35m[BaseDriver]&amp#27;[39m Event 'quitSessionRequested' logged at 1610628818008 (18:23:38 GMT+0530 (India Standard Time))
&amp#27;[35m[Appium]&amp#27;[39m Removing session c8f67fea-aa1e-4cc0-8af9-22de90b109c0 from our master session list
[debug] &amp#27;[35m[UiAutomator2]&amp#27;[39m Deleting UiAutomator2 session
[debug] &amp#27;[35m[UiAutomator2]&amp#27;[39m Deleting UiAutomator2 server session
[debug] &amp#27;[35m[WD Proxy]&amp#27;[39m Matched '/' to command name 'deleteSession'
[debug] &amp#27;[35m[WD Proxy]&amp#27;[39m Proxying [DELETE /] to [DELETE http://127.0.0.1:8200/wd/hub/session/05558cfb-4cab-4ab5-9c88-c136f1430733] with no body
[debug] &amp#27;[35m[WD Proxy]&amp#27;[39m Got response with status 200: {"sessionId":"05558cfb-4cab-4ab5-9c88-c136f1430733","value":null}
[debug] &amp#27;[35m[ADB]&amp#27;[39m Running 'C:\Users\saurabhsoni\AppData\Local\Android\Sdk\platform-tools\adb.exe -P 5037 -s emulator-5554 shell am force-stop in.workindia.nileshdungarwal.workindiaandroid'
[debug] &amp#27;[35m[Instrumentation]&amp#27;[39m .
[debug] &amp#27;[35m[Logcat]&amp#27;[39m Stopping logcat capture
[debug] &amp#27;[35m[ADB]&amp#27;[39m Removing forwarded port socket connection: 8200 
[debug] &amp#27;[35m[ADB]&amp#27;[39m Running 'C:\Users\saurabhsoni\AppData\Local\Android\Sdk\platform-tools\adb.exe -P 5037 -s emulator-5554 forward --remove tcp:8200'
[debug] &amp#27;[35m[BaseDriver]&amp#27;[39m Event 'quitSessionFinished' logged at 1610628818349 (18:23:38 GMT+0530 (India Standard Time))
[debug] &amp#27;[35m[W3C (c8f67fea)]&amp#27;[39m Received response: null
[debug] &amp#27;[35m[W3C (c8f67fea)]&amp#27;[39m But deleting session, so not returning
[debug] &amp#27;[35m[W3C (c8f67fea)]&amp#27;[39m Responding to client with driver.deleteSession() result: null
[debug] &amp#27;[35m[W3C (c8f67fea)]&amp#27;[39m Destroying socket connection

  @tag4
  Scenario Outline: input Intrest , Skills and Qualification Details of Registration # UpadteProfileInfo.feature:22
&amp#27;[35m[HTTP]&amp#27;[39m &amp#27;[37m<-- DEL    When User enter the "Sobhit" and "1234567890"                                    # RegistrationStepDef.user_enter_the_and(String,String)
ETE /wd/hub/session/c8f67fe    And User click on Submit button                                                  # RegistrationStepDef.user_click_on_Submit_button()
a-aa1e-4cc0-8af9-22de90b    When User select DELHI                                                           # RegistrationStepDef.user_select_DELHI()
109c0 &amp#27;[39m&amp#27;[32m200&amp#27;[39m &amp#27;[90m34    Then User enter Area "Karol Bagh"                                                # RegistrationStepDef.user_enter_Area(String)
4 ms - 14&amp#27;[39m
&amp#27;[35m[    Then User click on the Submit button                                             # RegistrationStepDef.user_click_on_the_Submit_button()
HTTP]&amp#27;[39m &amp#27;[90m&amp#27;[39m    Given User should be on Please fill more Details                                 # RegistrationStepDef.user_should_be_on_Please_fill_more_Details()

    When User Select Gender , Qualifications , school medium and Fluency in english  # RegistrationStepDef.user_Select_Gender_Qualifications_school_medium_and_Fluency_in_english()
    And About Experience , Age and Area of Interest                                  # RegistrationStepDef.about_Experience_Age_and_Area_of_Interest()
    And Click on Submit Button                                                       # RegistrationStepDef.click_on_Submit_Button()
    Then Choose your Area of Skills and Digree                                       # RegistrationStepDef.choose_your_Area_of_Skills_and_Digree()
    Then Click on Submit button                                                      # RegistrationStepDef.click_on_Submit_button()
    Then Choose Language                                                             # RegistrationStepDef.choose_Language()
    Then User will Click on Profile Icon, User Will Click On My Profile Icon         # UpdateProfileInfoStepDef.user_will_Click_on_Profile_Icon_User_Will_Click_On_My_Profile_Icon()
    Then User Will Select Qualification                                              # UpdateProfileInfoStepDef.user_Will_Select_Qualification()
]]></system-out>
    <system-err><![CDATA[Jan 14, 2021 6:22:56 PM io.appium.java_client.remote.AppiumCommandExecutor$1 lambda$0
INFO: Detected dialect: W3C
]]></system-err>
  </testcase>
</testsuite>